[2024-03-09T10:30:37.446+0000] {processor.py:161} INFO - Started process (PID=70) to work on /home/airflow/.local/lib/python3.8/site-packages/airflow/example_dags/example_task_group.py
[2024-03-09T10:30:37.447+0000] {processor.py:830} INFO - Processing file /home/airflow/.local/lib/python3.8/site-packages/airflow/example_dags/example_task_group.py for tasks to queue
[2024-03-09T10:30:37.450+0000] {logging_mixin.py:188} INFO - [2024-03-09T10:30:37.449+0000] {dagbag.py:540} INFO - Filling up the DagBag from /home/airflow/.local/lib/python3.8/site-packages/airflow/example_dags/example_task_group.py
[2024-03-09T10:30:37.463+0000] {processor.py:840} INFO - DAG(s) 'example_task_group' retrieved from /home/airflow/.local/lib/python3.8/site-packages/airflow/example_dags/example_task_group.py
[2024-03-09T10:30:37.636+0000] {logging_mixin.py:188} INFO - [2024-03-09T10:30:37.636+0000] {dag.py:3047} INFO - Sync 1 DAGs
[2024-03-09T10:30:37.673+0000] {logging_mixin.py:188} INFO - [2024-03-09T10:30:37.672+0000] {dag.py:3834} INFO - Setting next_dagrun for example_task_group to 2024-03-08 00:00:00+00:00, run_after=2024-03-09 00:00:00+00:00
[2024-03-09T10:30:37.706+0000] {processor.py:183} INFO - Processing /home/airflow/.local/lib/python3.8/site-packages/airflow/example_dags/example_task_group.py took 0.264 seconds
[2024-03-09T10:31:07.952+0000] {processor.py:161} INFO - Started process (PID=125) to work on /home/airflow/.local/lib/python3.8/site-packages/airflow/example_dags/example_task_group.py
[2024-03-09T10:31:07.953+0000] {processor.py:830} INFO - Processing file /home/airflow/.local/lib/python3.8/site-packages/airflow/example_dags/example_task_group.py for tasks to queue
[2024-03-09T10:31:07.956+0000] {logging_mixin.py:188} INFO - [2024-03-09T10:31:07.955+0000] {dagbag.py:540} INFO - Filling up the DagBag from /home/airflow/.local/lib/python3.8/site-packages/airflow/example_dags/example_task_group.py
[2024-03-09T10:31:07.966+0000] {processor.py:840} INFO - DAG(s) 'example_task_group' retrieved from /home/airflow/.local/lib/python3.8/site-packages/airflow/example_dags/example_task_group.py
[2024-03-09T10:31:07.995+0000] {logging_mixin.py:188} INFO - [2024-03-09T10:31:07.994+0000] {dag.py:3047} INFO - Sync 1 DAGs
[2024-03-09T10:31:08.029+0000] {logging_mixin.py:188} INFO - [2024-03-09T10:31:08.029+0000] {dag.py:3834} INFO - Setting next_dagrun for example_task_group to 2024-03-08 00:00:00+00:00, run_after=2024-03-09 00:00:00+00:00
[2024-03-09T10:31:08.056+0000] {processor.py:183} INFO - Processing /home/airflow/.local/lib/python3.8/site-packages/airflow/example_dags/example_task_group.py took 0.107 seconds
[2024-03-09T10:31:38.899+0000] {processor.py:161} INFO - Started process (PID=180) to work on /home/airflow/.local/lib/python3.8/site-packages/airflow/example_dags/example_task_group.py
[2024-03-09T10:31:38.903+0000] {processor.py:830} INFO - Processing file /home/airflow/.local/lib/python3.8/site-packages/airflow/example_dags/example_task_group.py for tasks to queue
[2024-03-09T10:31:38.907+0000] {logging_mixin.py:188} INFO - [2024-03-09T10:31:38.906+0000] {dagbag.py:540} INFO - Filling up the DagBag from /home/airflow/.local/lib/python3.8/site-packages/airflow/example_dags/example_task_group.py
[2024-03-09T10:31:38.923+0000] {processor.py:840} INFO - DAG(s) 'example_task_group' retrieved from /home/airflow/.local/lib/python3.8/site-packages/airflow/example_dags/example_task_group.py
[2024-03-09T10:31:38.962+0000] {logging_mixin.py:188} INFO - [2024-03-09T10:31:38.962+0000] {dag.py:3047} INFO - Sync 1 DAGs
[2024-03-09T10:31:39.001+0000] {logging_mixin.py:188} INFO - [2024-03-09T10:31:39.000+0000] {dag.py:3834} INFO - Setting next_dagrun for example_task_group to 2024-03-08 00:00:00+00:00, run_after=2024-03-09 00:00:00+00:00
[2024-03-09T10:31:39.045+0000] {processor.py:183} INFO - Processing /home/airflow/.local/lib/python3.8/site-packages/airflow/example_dags/example_task_group.py took 0.152 seconds
[2024-03-09T10:32:09.492+0000] {processor.py:161} INFO - Started process (PID=235) to work on /home/airflow/.local/lib/python3.8/site-packages/airflow/example_dags/example_task_group.py
[2024-03-09T10:32:09.493+0000] {processor.py:830} INFO - Processing file /home/airflow/.local/lib/python3.8/site-packages/airflow/example_dags/example_task_group.py for tasks to queue
[2024-03-09T10:32:09.495+0000] {logging_mixin.py:188} INFO - [2024-03-09T10:32:09.495+0000] {dagbag.py:540} INFO - Filling up the DagBag from /home/airflow/.local/lib/python3.8/site-packages/airflow/example_dags/example_task_group.py
[2024-03-09T10:32:09.504+0000] {processor.py:840} INFO - DAG(s) 'example_task_group' retrieved from /home/airflow/.local/lib/python3.8/site-packages/airflow/example_dags/example_task_group.py
[2024-03-09T10:32:09.530+0000] {logging_mixin.py:188} INFO - [2024-03-09T10:32:09.530+0000] {dag.py:3047} INFO - Sync 1 DAGs
[2024-03-09T10:32:09.555+0000] {logging_mixin.py:188} INFO - [2024-03-09T10:32:09.554+0000] {dag.py:3834} INFO - Setting next_dagrun for example_task_group to 2024-03-08 00:00:00+00:00, run_after=2024-03-09 00:00:00+00:00
[2024-03-09T10:32:09.581+0000] {processor.py:183} INFO - Processing /home/airflow/.local/lib/python3.8/site-packages/airflow/example_dags/example_task_group.py took 0.093 seconds
[2024-03-09T10:32:40.052+0000] {processor.py:161} INFO - Started process (PID=290) to work on /home/airflow/.local/lib/python3.8/site-packages/airflow/example_dags/example_task_group.py
[2024-03-09T10:32:40.053+0000] {processor.py:830} INFO - Processing file /home/airflow/.local/lib/python3.8/site-packages/airflow/example_dags/example_task_group.py for tasks to queue
[2024-03-09T10:32:40.055+0000] {logging_mixin.py:188} INFO - [2024-03-09T10:32:40.055+0000] {dagbag.py:540} INFO - Filling up the DagBag from /home/airflow/.local/lib/python3.8/site-packages/airflow/example_dags/example_task_group.py
[2024-03-09T10:32:40.063+0000] {processor.py:840} INFO - DAG(s) 'example_task_group' retrieved from /home/airflow/.local/lib/python3.8/site-packages/airflow/example_dags/example_task_group.py
[2024-03-09T10:32:40.088+0000] {logging_mixin.py:188} INFO - [2024-03-09T10:32:40.088+0000] {dag.py:3047} INFO - Sync 1 DAGs
[2024-03-09T10:32:40.114+0000] {logging_mixin.py:188} INFO - [2024-03-09T10:32:40.113+0000] {dag.py:3834} INFO - Setting next_dagrun for example_task_group to 2024-03-08 00:00:00+00:00, run_after=2024-03-09 00:00:00+00:00
[2024-03-09T10:32:40.142+0000] {processor.py:183} INFO - Processing /home/airflow/.local/lib/python3.8/site-packages/airflow/example_dags/example_task_group.py took 0.093 seconds
[2024-03-09T10:33:10.375+0000] {processor.py:161} INFO - Started process (PID=345) to work on /home/airflow/.local/lib/python3.8/site-packages/airflow/example_dags/example_task_group.py
[2024-03-09T10:33:10.377+0000] {processor.py:830} INFO - Processing file /home/airflow/.local/lib/python3.8/site-packages/airflow/example_dags/example_task_group.py for tasks to queue
[2024-03-09T10:33:10.379+0000] {logging_mixin.py:188} INFO - [2024-03-09T10:33:10.379+0000] {dagbag.py:540} INFO - Filling up the DagBag from /home/airflow/.local/lib/python3.8/site-packages/airflow/example_dags/example_task_group.py
[2024-03-09T10:33:10.387+0000] {processor.py:840} INFO - DAG(s) 'example_task_group' retrieved from /home/airflow/.local/lib/python3.8/site-packages/airflow/example_dags/example_task_group.py
[2024-03-09T10:33:10.413+0000] {logging_mixin.py:188} INFO - [2024-03-09T10:33:10.413+0000] {dag.py:3047} INFO - Sync 1 DAGs
[2024-03-09T10:33:10.440+0000] {logging_mixin.py:188} INFO - [2024-03-09T10:33:10.440+0000] {dag.py:3834} INFO - Setting next_dagrun for example_task_group to 2024-03-08 00:00:00+00:00, run_after=2024-03-09 00:00:00+00:00
[2024-03-09T10:33:10.470+0000] {processor.py:183} INFO - Processing /home/airflow/.local/lib/python3.8/site-packages/airflow/example_dags/example_task_group.py took 0.098 seconds
[2024-03-09T10:33:40.870+0000] {processor.py:161} INFO - Started process (PID=400) to work on /home/airflow/.local/lib/python3.8/site-packages/airflow/example_dags/example_task_group.py
[2024-03-09T10:33:40.871+0000] {processor.py:830} INFO - Processing file /home/airflow/.local/lib/python3.8/site-packages/airflow/example_dags/example_task_group.py for tasks to queue
[2024-03-09T10:33:40.874+0000] {logging_mixin.py:188} INFO - [2024-03-09T10:33:40.873+0000] {dagbag.py:540} INFO - Filling up the DagBag from /home/airflow/.local/lib/python3.8/site-packages/airflow/example_dags/example_task_group.py
[2024-03-09T10:33:40.882+0000] {processor.py:840} INFO - DAG(s) 'example_task_group' retrieved from /home/airflow/.local/lib/python3.8/site-packages/airflow/example_dags/example_task_group.py
[2024-03-09T10:33:40.908+0000] {logging_mixin.py:188} INFO - [2024-03-09T10:33:40.907+0000] {dag.py:3047} INFO - Sync 1 DAGs
[2024-03-09T10:33:40.935+0000] {logging_mixin.py:188} INFO - [2024-03-09T10:33:40.935+0000] {dag.py:3834} INFO - Setting next_dagrun for example_task_group to 2024-03-08 00:00:00+00:00, run_after=2024-03-09 00:00:00+00:00
[2024-03-09T10:33:40.966+0000] {processor.py:183} INFO - Processing /home/airflow/.local/lib/python3.8/site-packages/airflow/example_dags/example_task_group.py took 0.099 seconds
[2024-03-09T10:34:11.237+0000] {processor.py:161} INFO - Started process (PID=455) to work on /home/airflow/.local/lib/python3.8/site-packages/airflow/example_dags/example_task_group.py
[2024-03-09T10:34:11.239+0000] {processor.py:830} INFO - Processing file /home/airflow/.local/lib/python3.8/site-packages/airflow/example_dags/example_task_group.py for tasks to queue
[2024-03-09T10:34:11.241+0000] {logging_mixin.py:188} INFO - [2024-03-09T10:34:11.240+0000] {dagbag.py:540} INFO - Filling up the DagBag from /home/airflow/.local/lib/python3.8/site-packages/airflow/example_dags/example_task_group.py
[2024-03-09T10:34:11.249+0000] {processor.py:840} INFO - DAG(s) 'example_task_group' retrieved from /home/airflow/.local/lib/python3.8/site-packages/airflow/example_dags/example_task_group.py
[2024-03-09T10:34:11.277+0000] {logging_mixin.py:188} INFO - [2024-03-09T10:34:11.277+0000] {dag.py:3047} INFO - Sync 1 DAGs
[2024-03-09T10:34:11.305+0000] {logging_mixin.py:188} INFO - [2024-03-09T10:34:11.305+0000] {dag.py:3834} INFO - Setting next_dagrun for example_task_group to 2024-03-08 00:00:00+00:00, run_after=2024-03-09 00:00:00+00:00
[2024-03-09T10:34:11.340+0000] {processor.py:183} INFO - Processing /home/airflow/.local/lib/python3.8/site-packages/airflow/example_dags/example_task_group.py took 0.107 seconds
[2024-03-09T10:34:41.689+0000] {processor.py:161} INFO - Started process (PID=510) to work on /home/airflow/.local/lib/python3.8/site-packages/airflow/example_dags/example_task_group.py
[2024-03-09T10:34:41.690+0000] {processor.py:830} INFO - Processing file /home/airflow/.local/lib/python3.8/site-packages/airflow/example_dags/example_task_group.py for tasks to queue
[2024-03-09T10:34:41.692+0000] {logging_mixin.py:188} INFO - [2024-03-09T10:34:41.692+0000] {dagbag.py:540} INFO - Filling up the DagBag from /home/airflow/.local/lib/python3.8/site-packages/airflow/example_dags/example_task_group.py
[2024-03-09T10:34:41.700+0000] {processor.py:840} INFO - DAG(s) 'example_task_group' retrieved from /home/airflow/.local/lib/python3.8/site-packages/airflow/example_dags/example_task_group.py
[2024-03-09T10:34:41.726+0000] {logging_mixin.py:188} INFO - [2024-03-09T10:34:41.725+0000] {dag.py:3047} INFO - Sync 1 DAGs
[2024-03-09T10:34:41.750+0000] {logging_mixin.py:188} INFO - [2024-03-09T10:34:41.750+0000] {dag.py:3834} INFO - Setting next_dagrun for example_task_group to 2024-03-08 00:00:00+00:00, run_after=2024-03-09 00:00:00+00:00
[2024-03-09T10:34:41.780+0000] {processor.py:183} INFO - Processing /home/airflow/.local/lib/python3.8/site-packages/airflow/example_dags/example_task_group.py took 0.094 seconds
[2024-03-09T10:35:12.015+0000] {processor.py:161} INFO - Started process (PID=565) to work on /home/airflow/.local/lib/python3.8/site-packages/airflow/example_dags/example_task_group.py
[2024-03-09T10:35:12.016+0000] {processor.py:830} INFO - Processing file /home/airflow/.local/lib/python3.8/site-packages/airflow/example_dags/example_task_group.py for tasks to queue
[2024-03-09T10:35:12.018+0000] {logging_mixin.py:188} INFO - [2024-03-09T10:35:12.018+0000] {dagbag.py:540} INFO - Filling up the DagBag from /home/airflow/.local/lib/python3.8/site-packages/airflow/example_dags/example_task_group.py
[2024-03-09T10:35:12.026+0000] {processor.py:840} INFO - DAG(s) 'example_task_group' retrieved from /home/airflow/.local/lib/python3.8/site-packages/airflow/example_dags/example_task_group.py
[2024-03-09T10:35:12.049+0000] {logging_mixin.py:188} INFO - [2024-03-09T10:35:12.049+0000] {dag.py:3047} INFO - Sync 1 DAGs
[2024-03-09T10:35:12.077+0000] {logging_mixin.py:188} INFO - [2024-03-09T10:35:12.076+0000] {dag.py:3834} INFO - Setting next_dagrun for example_task_group to 2024-03-08 00:00:00+00:00, run_after=2024-03-09 00:00:00+00:00
[2024-03-09T10:35:12.107+0000] {processor.py:183} INFO - Processing /home/airflow/.local/lib/python3.8/site-packages/airflow/example_dags/example_task_group.py took 0.095 seconds
[2024-03-09T10:35:42.532+0000] {processor.py:161} INFO - Started process (PID=620) to work on /home/airflow/.local/lib/python3.8/site-packages/airflow/example_dags/example_task_group.py
[2024-03-09T10:35:42.533+0000] {processor.py:830} INFO - Processing file /home/airflow/.local/lib/python3.8/site-packages/airflow/example_dags/example_task_group.py for tasks to queue
[2024-03-09T10:35:42.536+0000] {logging_mixin.py:188} INFO - [2024-03-09T10:35:42.535+0000] {dagbag.py:540} INFO - Filling up the DagBag from /home/airflow/.local/lib/python3.8/site-packages/airflow/example_dags/example_task_group.py
[2024-03-09T10:35:42.546+0000] {processor.py:840} INFO - DAG(s) 'example_task_group' retrieved from /home/airflow/.local/lib/python3.8/site-packages/airflow/example_dags/example_task_group.py
[2024-03-09T10:35:42.571+0000] {logging_mixin.py:188} INFO - [2024-03-09T10:35:42.570+0000] {dag.py:3047} INFO - Sync 1 DAGs
[2024-03-09T10:35:42.593+0000] {logging_mixin.py:188} INFO - [2024-03-09T10:35:42.593+0000] {dag.py:3834} INFO - Setting next_dagrun for example_task_group to 2024-03-08 00:00:00+00:00, run_after=2024-03-09 00:00:00+00:00
[2024-03-09T10:35:42.617+0000] {processor.py:183} INFO - Processing /home/airflow/.local/lib/python3.8/site-packages/airflow/example_dags/example_task_group.py took 0.090 seconds
[2024-03-09T10:36:13.692+0000] {processor.py:161} INFO - Started process (PID=675) to work on /home/airflow/.local/lib/python3.8/site-packages/airflow/example_dags/example_task_group.py
[2024-03-09T10:36:13.693+0000] {processor.py:830} INFO - Processing file /home/airflow/.local/lib/python3.8/site-packages/airflow/example_dags/example_task_group.py for tasks to queue
[2024-03-09T10:36:13.695+0000] {logging_mixin.py:188} INFO - [2024-03-09T10:36:13.694+0000] {dagbag.py:540} INFO - Filling up the DagBag from /home/airflow/.local/lib/python3.8/site-packages/airflow/example_dags/example_task_group.py
[2024-03-09T10:36:13.702+0000] {processor.py:840} INFO - DAG(s) 'example_task_group' retrieved from /home/airflow/.local/lib/python3.8/site-packages/airflow/example_dags/example_task_group.py
[2024-03-09T10:36:13.725+0000] {logging_mixin.py:188} INFO - [2024-03-09T10:36:13.725+0000] {dag.py:3047} INFO - Sync 1 DAGs
[2024-03-09T10:36:13.751+0000] {logging_mixin.py:188} INFO - [2024-03-09T10:36:13.751+0000] {dag.py:3834} INFO - Setting next_dagrun for example_task_group to 2024-03-08 00:00:00+00:00, run_after=2024-03-09 00:00:00+00:00
[2024-03-09T10:36:13.780+0000] {processor.py:183} INFO - Processing /home/airflow/.local/lib/python3.8/site-packages/airflow/example_dags/example_task_group.py took 0.091 seconds
[2024-03-09T10:36:43.963+0000] {processor.py:161} INFO - Started process (PID=730) to work on /home/airflow/.local/lib/python3.8/site-packages/airflow/example_dags/example_task_group.py
[2024-03-09T10:36:43.965+0000] {processor.py:830} INFO - Processing file /home/airflow/.local/lib/python3.8/site-packages/airflow/example_dags/example_task_group.py for tasks to queue
[2024-03-09T10:36:43.967+0000] {logging_mixin.py:188} INFO - [2024-03-09T10:36:43.967+0000] {dagbag.py:540} INFO - Filling up the DagBag from /home/airflow/.local/lib/python3.8/site-packages/airflow/example_dags/example_task_group.py
[2024-03-09T10:36:43.976+0000] {processor.py:840} INFO - DAG(s) 'example_task_group' retrieved from /home/airflow/.local/lib/python3.8/site-packages/airflow/example_dags/example_task_group.py
[2024-03-09T10:36:44.001+0000] {logging_mixin.py:188} INFO - [2024-03-09T10:36:44.001+0000] {dag.py:3047} INFO - Sync 1 DAGs
[2024-03-09T10:36:44.028+0000] {logging_mixin.py:188} INFO - [2024-03-09T10:36:44.028+0000] {dag.py:3834} INFO - Setting next_dagrun for example_task_group to 2024-03-08 00:00:00+00:00, run_after=2024-03-09 00:00:00+00:00
[2024-03-09T10:36:44.058+0000] {processor.py:183} INFO - Processing /home/airflow/.local/lib/python3.8/site-packages/airflow/example_dags/example_task_group.py took 0.098 seconds
[2024-03-09T10:37:14.858+0000] {processor.py:161} INFO - Started process (PID=785) to work on /home/airflow/.local/lib/python3.8/site-packages/airflow/example_dags/example_task_group.py
[2024-03-09T10:37:14.859+0000] {processor.py:830} INFO - Processing file /home/airflow/.local/lib/python3.8/site-packages/airflow/example_dags/example_task_group.py for tasks to queue
[2024-03-09T10:37:14.864+0000] {logging_mixin.py:188} INFO - [2024-03-09T10:37:14.862+0000] {dagbag.py:540} INFO - Filling up the DagBag from /home/airflow/.local/lib/python3.8/site-packages/airflow/example_dags/example_task_group.py
[2024-03-09T10:37:14.872+0000] {processor.py:840} INFO - DAG(s) 'example_task_group' retrieved from /home/airflow/.local/lib/python3.8/site-packages/airflow/example_dags/example_task_group.py
[2024-03-09T10:37:14.901+0000] {logging_mixin.py:188} INFO - [2024-03-09T10:37:14.901+0000] {dag.py:3047} INFO - Sync 1 DAGs
[2024-03-09T10:37:14.929+0000] {logging_mixin.py:188} INFO - [2024-03-09T10:37:14.929+0000] {dag.py:3834} INFO - Setting next_dagrun for example_task_group to 2024-03-08 00:00:00+00:00, run_after=2024-03-09 00:00:00+00:00
[2024-03-09T10:37:14.958+0000] {processor.py:183} INFO - Processing /home/airflow/.local/lib/python3.8/site-packages/airflow/example_dags/example_task_group.py took 0.104 seconds
[2024-03-09T10:37:45.225+0000] {processor.py:161} INFO - Started process (PID=840) to work on /home/airflow/.local/lib/python3.8/site-packages/airflow/example_dags/example_task_group.py
[2024-03-09T10:37:45.227+0000] {processor.py:830} INFO - Processing file /home/airflow/.local/lib/python3.8/site-packages/airflow/example_dags/example_task_group.py for tasks to queue
[2024-03-09T10:37:45.229+0000] {logging_mixin.py:188} INFO - [2024-03-09T10:37:45.229+0000] {dagbag.py:540} INFO - Filling up the DagBag from /home/airflow/.local/lib/python3.8/site-packages/airflow/example_dags/example_task_group.py
[2024-03-09T10:37:45.237+0000] {processor.py:840} INFO - DAG(s) 'example_task_group' retrieved from /home/airflow/.local/lib/python3.8/site-packages/airflow/example_dags/example_task_group.py
[2024-03-09T10:37:45.263+0000] {logging_mixin.py:188} INFO - [2024-03-09T10:37:45.262+0000] {dag.py:3047} INFO - Sync 1 DAGs
[2024-03-09T10:37:45.287+0000] {logging_mixin.py:188} INFO - [2024-03-09T10:37:45.287+0000] {dag.py:3834} INFO - Setting next_dagrun for example_task_group to 2024-03-08 00:00:00+00:00, run_after=2024-03-09 00:00:00+00:00
[2024-03-09T10:37:45.316+0000] {processor.py:183} INFO - Processing /home/airflow/.local/lib/python3.8/site-packages/airflow/example_dags/example_task_group.py took 0.093 seconds
[2024-03-09T10:38:15.968+0000] {processor.py:161} INFO - Started process (PID=895) to work on /home/airflow/.local/lib/python3.8/site-packages/airflow/example_dags/example_task_group.py
[2024-03-09T10:38:15.969+0000] {processor.py:830} INFO - Processing file /home/airflow/.local/lib/python3.8/site-packages/airflow/example_dags/example_task_group.py for tasks to queue
[2024-03-09T10:38:15.971+0000] {logging_mixin.py:188} INFO - [2024-03-09T10:38:15.971+0000] {dagbag.py:540} INFO - Filling up the DagBag from /home/airflow/.local/lib/python3.8/site-packages/airflow/example_dags/example_task_group.py
[2024-03-09T10:38:15.978+0000] {processor.py:840} INFO - DAG(s) 'example_task_group' retrieved from /home/airflow/.local/lib/python3.8/site-packages/airflow/example_dags/example_task_group.py
[2024-03-09T10:38:16.005+0000] {logging_mixin.py:188} INFO - [2024-03-09T10:38:16.004+0000] {dag.py:3047} INFO - Sync 1 DAGs
[2024-03-09T10:38:16.030+0000] {logging_mixin.py:188} INFO - [2024-03-09T10:38:16.030+0000] {dag.py:3834} INFO - Setting next_dagrun for example_task_group to 2024-03-08 00:00:00+00:00, run_after=2024-03-09 00:00:00+00:00
[2024-03-09T10:38:16.052+0000] {processor.py:183} INFO - Processing /home/airflow/.local/lib/python3.8/site-packages/airflow/example_dags/example_task_group.py took 0.087 seconds
[2024-03-09T10:38:46.961+0000] {processor.py:161} INFO - Started process (PID=950) to work on /home/airflow/.local/lib/python3.8/site-packages/airflow/example_dags/example_task_group.py
[2024-03-09T10:38:46.962+0000] {processor.py:830} INFO - Processing file /home/airflow/.local/lib/python3.8/site-packages/airflow/example_dags/example_task_group.py for tasks to queue
[2024-03-09T10:38:46.966+0000] {logging_mixin.py:188} INFO - [2024-03-09T10:38:46.965+0000] {dagbag.py:540} INFO - Filling up the DagBag from /home/airflow/.local/lib/python3.8/site-packages/airflow/example_dags/example_task_group.py
[2024-03-09T10:38:46.979+0000] {processor.py:840} INFO - DAG(s) 'example_task_group' retrieved from /home/airflow/.local/lib/python3.8/site-packages/airflow/example_dags/example_task_group.py
[2024-03-09T10:38:47.010+0000] {logging_mixin.py:188} INFO - [2024-03-09T10:38:47.010+0000] {dag.py:3047} INFO - Sync 1 DAGs
[2024-03-09T10:38:47.041+0000] {logging_mixin.py:188} INFO - [2024-03-09T10:38:47.041+0000] {dag.py:3834} INFO - Setting next_dagrun for example_task_group to 2024-03-08 00:00:00+00:00, run_after=2024-03-09 00:00:00+00:00
[2024-03-09T10:38:47.106+0000] {processor.py:183} INFO - Processing /home/airflow/.local/lib/python3.8/site-packages/airflow/example_dags/example_task_group.py took 0.149 seconds
[2024-03-09T10:39:18.332+0000] {processor.py:161} INFO - Started process (PID=1005) to work on /home/airflow/.local/lib/python3.8/site-packages/airflow/example_dags/example_task_group.py
[2024-03-09T10:39:18.334+0000] {processor.py:830} INFO - Processing file /home/airflow/.local/lib/python3.8/site-packages/airflow/example_dags/example_task_group.py for tasks to queue
[2024-03-09T10:39:18.340+0000] {logging_mixin.py:188} INFO - [2024-03-09T10:39:18.340+0000] {dagbag.py:540} INFO - Filling up the DagBag from /home/airflow/.local/lib/python3.8/site-packages/airflow/example_dags/example_task_group.py
[2024-03-09T10:39:18.349+0000] {processor.py:840} INFO - DAG(s) 'example_task_group' retrieved from /home/airflow/.local/lib/python3.8/site-packages/airflow/example_dags/example_task_group.py
[2024-03-09T10:39:18.379+0000] {logging_mixin.py:188} INFO - [2024-03-09T10:39:18.379+0000] {dag.py:3047} INFO - Sync 1 DAGs
[2024-03-09T10:39:18.405+0000] {logging_mixin.py:188} INFO - [2024-03-09T10:39:18.404+0000] {dag.py:3834} INFO - Setting next_dagrun for example_task_group to 2024-03-08 00:00:00+00:00, run_after=2024-03-09 00:00:00+00:00
[2024-03-09T10:39:18.734+0000] {processor.py:183} INFO - Processing /home/airflow/.local/lib/python3.8/site-packages/airflow/example_dags/example_task_group.py took 0.405 seconds
[2024-03-09T10:39:48.971+0000] {processor.py:161} INFO - Started process (PID=1060) to work on /home/airflow/.local/lib/python3.8/site-packages/airflow/example_dags/example_task_group.py
[2024-03-09T10:39:48.973+0000] {processor.py:830} INFO - Processing file /home/airflow/.local/lib/python3.8/site-packages/airflow/example_dags/example_task_group.py for tasks to queue
[2024-03-09T10:39:48.975+0000] {logging_mixin.py:188} INFO - [2024-03-09T10:39:48.975+0000] {dagbag.py:540} INFO - Filling up the DagBag from /home/airflow/.local/lib/python3.8/site-packages/airflow/example_dags/example_task_group.py
[2024-03-09T10:39:48.996+0000] {processor.py:840} INFO - DAG(s) 'example_task_group' retrieved from /home/airflow/.local/lib/python3.8/site-packages/airflow/example_dags/example_task_group.py
[2024-03-09T10:39:49.031+0000] {logging_mixin.py:188} INFO - [2024-03-09T10:39:49.030+0000] {dag.py:3047} INFO - Sync 1 DAGs
[2024-03-09T10:39:49.078+0000] {logging_mixin.py:188} INFO - [2024-03-09T10:39:49.078+0000] {dag.py:3834} INFO - Setting next_dagrun for example_task_group to 2024-03-08 00:00:00+00:00, run_after=2024-03-09 00:00:00+00:00
[2024-03-09T10:39:49.117+0000] {processor.py:183} INFO - Processing /home/airflow/.local/lib/python3.8/site-packages/airflow/example_dags/example_task_group.py took 0.150 seconds
[2024-03-09T10:40:19.219+0000] {processor.py:161} INFO - Started process (PID=1115) to work on /home/airflow/.local/lib/python3.8/site-packages/airflow/example_dags/example_task_group.py
[2024-03-09T10:40:19.221+0000] {processor.py:830} INFO - Processing file /home/airflow/.local/lib/python3.8/site-packages/airflow/example_dags/example_task_group.py for tasks to queue
[2024-03-09T10:40:19.223+0000] {logging_mixin.py:188} INFO - [2024-03-09T10:40:19.223+0000] {dagbag.py:540} INFO - Filling up the DagBag from /home/airflow/.local/lib/python3.8/site-packages/airflow/example_dags/example_task_group.py
[2024-03-09T10:40:19.231+0000] {processor.py:840} INFO - DAG(s) 'example_task_group' retrieved from /home/airflow/.local/lib/python3.8/site-packages/airflow/example_dags/example_task_group.py
[2024-03-09T10:40:19.260+0000] {logging_mixin.py:188} INFO - [2024-03-09T10:40:19.259+0000] {dag.py:3047} INFO - Sync 1 DAGs
[2024-03-09T10:40:19.286+0000] {logging_mixin.py:188} INFO - [2024-03-09T10:40:19.286+0000] {dag.py:3834} INFO - Setting next_dagrun for example_task_group to 2024-03-08 00:00:00+00:00, run_after=2024-03-09 00:00:00+00:00
[2024-03-09T10:40:19.309+0000] {processor.py:183} INFO - Processing /home/airflow/.local/lib/python3.8/site-packages/airflow/example_dags/example_task_group.py took 0.097 seconds
[2024-03-09T10:40:49.946+0000] {processor.py:161} INFO - Started process (PID=1170) to work on /home/airflow/.local/lib/python3.8/site-packages/airflow/example_dags/example_task_group.py
[2024-03-09T10:40:49.947+0000] {processor.py:830} INFO - Processing file /home/airflow/.local/lib/python3.8/site-packages/airflow/example_dags/example_task_group.py for tasks to queue
[2024-03-09T10:40:49.949+0000] {logging_mixin.py:188} INFO - [2024-03-09T10:40:49.949+0000] {dagbag.py:540} INFO - Filling up the DagBag from /home/airflow/.local/lib/python3.8/site-packages/airflow/example_dags/example_task_group.py
[2024-03-09T10:40:49.956+0000] {processor.py:840} INFO - DAG(s) 'example_task_group' retrieved from /home/airflow/.local/lib/python3.8/site-packages/airflow/example_dags/example_task_group.py
[2024-03-09T10:40:49.981+0000] {logging_mixin.py:188} INFO - [2024-03-09T10:40:49.980+0000] {dag.py:3047} INFO - Sync 1 DAGs
[2024-03-09T10:40:50.009+0000] {logging_mixin.py:188} INFO - [2024-03-09T10:40:50.009+0000] {dag.py:3834} INFO - Setting next_dagrun for example_task_group to 2024-03-08 00:00:00+00:00, run_after=2024-03-09 00:00:00+00:00
[2024-03-09T10:40:50.037+0000] {processor.py:183} INFO - Processing /home/airflow/.local/lib/python3.8/site-packages/airflow/example_dags/example_task_group.py took 0.093 seconds
[2024-03-09T10:41:20.876+0000] {processor.py:161} INFO - Started process (PID=1225) to work on /home/airflow/.local/lib/python3.8/site-packages/airflow/example_dags/example_task_group.py
[2024-03-09T10:41:20.877+0000] {processor.py:830} INFO - Processing file /home/airflow/.local/lib/python3.8/site-packages/airflow/example_dags/example_task_group.py for tasks to queue
[2024-03-09T10:41:20.880+0000] {logging_mixin.py:188} INFO - [2024-03-09T10:41:20.879+0000] {dagbag.py:540} INFO - Filling up the DagBag from /home/airflow/.local/lib/python3.8/site-packages/airflow/example_dags/example_task_group.py
[2024-03-09T10:41:20.888+0000] {processor.py:840} INFO - DAG(s) 'example_task_group' retrieved from /home/airflow/.local/lib/python3.8/site-packages/airflow/example_dags/example_task_group.py
[2024-03-09T10:41:20.914+0000] {logging_mixin.py:188} INFO - [2024-03-09T10:41:20.914+0000] {dag.py:3047} INFO - Sync 1 DAGs
[2024-03-09T10:41:20.938+0000] {logging_mixin.py:188} INFO - [2024-03-09T10:41:20.938+0000] {dag.py:3834} INFO - Setting next_dagrun for example_task_group to 2024-03-08 00:00:00+00:00, run_after=2024-03-09 00:00:00+00:00
[2024-03-09T10:41:20.969+0000] {processor.py:183} INFO - Processing /home/airflow/.local/lib/python3.8/site-packages/airflow/example_dags/example_task_group.py took 0.097 seconds
[2024-03-09T10:41:51.119+0000] {processor.py:161} INFO - Started process (PID=1280) to work on /home/airflow/.local/lib/python3.8/site-packages/airflow/example_dags/example_task_group.py
[2024-03-09T10:41:51.120+0000] {processor.py:830} INFO - Processing file /home/airflow/.local/lib/python3.8/site-packages/airflow/example_dags/example_task_group.py for tasks to queue
[2024-03-09T10:41:51.122+0000] {logging_mixin.py:188} INFO - [2024-03-09T10:41:51.122+0000] {dagbag.py:540} INFO - Filling up the DagBag from /home/airflow/.local/lib/python3.8/site-packages/airflow/example_dags/example_task_group.py
[2024-03-09T10:41:51.129+0000] {processor.py:840} INFO - DAG(s) 'example_task_group' retrieved from /home/airflow/.local/lib/python3.8/site-packages/airflow/example_dags/example_task_group.py
[2024-03-09T10:41:51.159+0000] {logging_mixin.py:188} INFO - [2024-03-09T10:41:51.158+0000] {dag.py:3047} INFO - Sync 1 DAGs
[2024-03-09T10:41:51.189+0000] {logging_mixin.py:188} INFO - [2024-03-09T10:41:51.189+0000] {dag.py:3834} INFO - Setting next_dagrun for example_task_group to 2024-03-08 00:00:00+00:00, run_after=2024-03-09 00:00:00+00:00
[2024-03-09T10:41:51.215+0000] {processor.py:183} INFO - Processing /home/airflow/.local/lib/python3.8/site-packages/airflow/example_dags/example_task_group.py took 0.100 seconds
[2024-03-09T10:42:21.373+0000] {processor.py:161} INFO - Started process (PID=1335) to work on /home/airflow/.local/lib/python3.8/site-packages/airflow/example_dags/example_task_group.py
[2024-03-09T10:42:21.374+0000] {processor.py:830} INFO - Processing file /home/airflow/.local/lib/python3.8/site-packages/airflow/example_dags/example_task_group.py for tasks to queue
[2024-03-09T10:42:21.376+0000] {logging_mixin.py:188} INFO - [2024-03-09T10:42:21.376+0000] {dagbag.py:540} INFO - Filling up the DagBag from /home/airflow/.local/lib/python3.8/site-packages/airflow/example_dags/example_task_group.py
[2024-03-09T10:42:21.383+0000] {processor.py:840} INFO - DAG(s) 'example_task_group' retrieved from /home/airflow/.local/lib/python3.8/site-packages/airflow/example_dags/example_task_group.py
[2024-03-09T10:42:21.405+0000] {logging_mixin.py:188} INFO - [2024-03-09T10:42:21.405+0000] {dag.py:3047} INFO - Sync 1 DAGs
[2024-03-09T10:42:21.428+0000] {logging_mixin.py:188} INFO - [2024-03-09T10:42:21.427+0000] {dag.py:3834} INFO - Setting next_dagrun for example_task_group to 2024-03-08 00:00:00+00:00, run_after=2024-03-09 00:00:00+00:00
[2024-03-09T10:42:21.452+0000] {processor.py:183} INFO - Processing /home/airflow/.local/lib/python3.8/site-packages/airflow/example_dags/example_task_group.py took 0.082 seconds
[2024-03-09T10:42:51.615+0000] {processor.py:161} INFO - Started process (PID=1390) to work on /home/airflow/.local/lib/python3.8/site-packages/airflow/example_dags/example_task_group.py
[2024-03-09T10:42:51.617+0000] {processor.py:830} INFO - Processing file /home/airflow/.local/lib/python3.8/site-packages/airflow/example_dags/example_task_group.py for tasks to queue
[2024-03-09T10:42:51.619+0000] {logging_mixin.py:188} INFO - [2024-03-09T10:42:51.619+0000] {dagbag.py:540} INFO - Filling up the DagBag from /home/airflow/.local/lib/python3.8/site-packages/airflow/example_dags/example_task_group.py
[2024-03-09T10:42:51.627+0000] {processor.py:840} INFO - DAG(s) 'example_task_group' retrieved from /home/airflow/.local/lib/python3.8/site-packages/airflow/example_dags/example_task_group.py
[2024-03-09T10:42:51.650+0000] {logging_mixin.py:188} INFO - [2024-03-09T10:42:51.649+0000] {dag.py:3047} INFO - Sync 1 DAGs
[2024-03-09T10:42:51.677+0000] {logging_mixin.py:188} INFO - [2024-03-09T10:42:51.677+0000] {dag.py:3834} INFO - Setting next_dagrun for example_task_group to 2024-03-08 00:00:00+00:00, run_after=2024-03-09 00:00:00+00:00
[2024-03-09T10:42:51.705+0000] {processor.py:183} INFO - Processing /home/airflow/.local/lib/python3.8/site-packages/airflow/example_dags/example_task_group.py took 0.093 seconds
[2024-03-09T10:43:22.066+0000] {processor.py:161} INFO - Started process (PID=1451) to work on /home/airflow/.local/lib/python3.8/site-packages/airflow/example_dags/example_task_group.py
[2024-03-09T10:43:22.067+0000] {processor.py:830} INFO - Processing file /home/airflow/.local/lib/python3.8/site-packages/airflow/example_dags/example_task_group.py for tasks to queue
[2024-03-09T10:43:22.069+0000] {logging_mixin.py:188} INFO - [2024-03-09T10:43:22.069+0000] {dagbag.py:540} INFO - Filling up the DagBag from /home/airflow/.local/lib/python3.8/site-packages/airflow/example_dags/example_task_group.py
[2024-03-09T10:43:22.077+0000] {processor.py:840} INFO - DAG(s) 'example_task_group' retrieved from /home/airflow/.local/lib/python3.8/site-packages/airflow/example_dags/example_task_group.py
[2024-03-09T10:43:22.102+0000] {logging_mixin.py:188} INFO - [2024-03-09T10:43:22.102+0000] {dag.py:3047} INFO - Sync 1 DAGs
[2024-03-09T10:43:22.132+0000] {logging_mixin.py:188} INFO - [2024-03-09T10:43:22.131+0000] {dag.py:3834} INFO - Setting next_dagrun for example_task_group to 2024-03-08 00:00:00+00:00, run_after=2024-03-09 00:00:00+00:00
[2024-03-09T10:43:22.159+0000] {processor.py:183} INFO - Processing /home/airflow/.local/lib/python3.8/site-packages/airflow/example_dags/example_task_group.py took 0.096 seconds
[2024-03-09T10:43:52.327+0000] {processor.py:161} INFO - Started process (PID=1506) to work on /home/airflow/.local/lib/python3.8/site-packages/airflow/example_dags/example_task_group.py
[2024-03-09T10:43:52.328+0000] {processor.py:830} INFO - Processing file /home/airflow/.local/lib/python3.8/site-packages/airflow/example_dags/example_task_group.py for tasks to queue
[2024-03-09T10:43:52.331+0000] {logging_mixin.py:188} INFO - [2024-03-09T10:43:52.330+0000] {dagbag.py:540} INFO - Filling up the DagBag from /home/airflow/.local/lib/python3.8/site-packages/airflow/example_dags/example_task_group.py
[2024-03-09T10:43:52.338+0000] {processor.py:840} INFO - DAG(s) 'example_task_group' retrieved from /home/airflow/.local/lib/python3.8/site-packages/airflow/example_dags/example_task_group.py
[2024-03-09T10:43:52.360+0000] {logging_mixin.py:188} INFO - [2024-03-09T10:43:52.359+0000] {dag.py:3047} INFO - Sync 1 DAGs
[2024-03-09T10:43:52.386+0000] {logging_mixin.py:188} INFO - [2024-03-09T10:43:52.386+0000] {dag.py:3834} INFO - Setting next_dagrun for example_task_group to 2024-03-08 00:00:00+00:00, run_after=2024-03-09 00:00:00+00:00
[2024-03-09T10:43:52.413+0000] {processor.py:183} INFO - Processing /home/airflow/.local/lib/python3.8/site-packages/airflow/example_dags/example_task_group.py took 0.090 seconds
[2024-03-09T10:44:22.701+0000] {processor.py:161} INFO - Started process (PID=1561) to work on /home/airflow/.local/lib/python3.8/site-packages/airflow/example_dags/example_task_group.py
[2024-03-09T10:44:22.702+0000] {processor.py:830} INFO - Processing file /home/airflow/.local/lib/python3.8/site-packages/airflow/example_dags/example_task_group.py for tasks to queue
[2024-03-09T10:44:22.704+0000] {logging_mixin.py:188} INFO - [2024-03-09T10:44:22.703+0000] {dagbag.py:540} INFO - Filling up the DagBag from /home/airflow/.local/lib/python3.8/site-packages/airflow/example_dags/example_task_group.py
[2024-03-09T10:44:22.710+0000] {processor.py:840} INFO - DAG(s) 'example_task_group' retrieved from /home/airflow/.local/lib/python3.8/site-packages/airflow/example_dags/example_task_group.py
[2024-03-09T10:44:22.737+0000] {logging_mixin.py:188} INFO - [2024-03-09T10:44:22.737+0000] {dag.py:3047} INFO - Sync 1 DAGs
[2024-03-09T10:44:22.761+0000] {logging_mixin.py:188} INFO - [2024-03-09T10:44:22.761+0000] {dag.py:3834} INFO - Setting next_dagrun for example_task_group to 2024-03-08 00:00:00+00:00, run_after=2024-03-09 00:00:00+00:00
[2024-03-09T10:44:22.794+0000] {processor.py:183} INFO - Processing /home/airflow/.local/lib/python3.8/site-packages/airflow/example_dags/example_task_group.py took 0.097 seconds
[2024-03-09T10:44:52.960+0000] {processor.py:161} INFO - Started process (PID=1616) to work on /home/airflow/.local/lib/python3.8/site-packages/airflow/example_dags/example_task_group.py
[2024-03-09T10:44:52.961+0000] {processor.py:830} INFO - Processing file /home/airflow/.local/lib/python3.8/site-packages/airflow/example_dags/example_task_group.py for tasks to queue
[2024-03-09T10:44:52.963+0000] {logging_mixin.py:188} INFO - [2024-03-09T10:44:52.963+0000] {dagbag.py:540} INFO - Filling up the DagBag from /home/airflow/.local/lib/python3.8/site-packages/airflow/example_dags/example_task_group.py
[2024-03-09T10:44:52.970+0000] {processor.py:840} INFO - DAG(s) 'example_task_group' retrieved from /home/airflow/.local/lib/python3.8/site-packages/airflow/example_dags/example_task_group.py
[2024-03-09T10:44:52.995+0000] {logging_mixin.py:188} INFO - [2024-03-09T10:44:52.995+0000] {dag.py:3047} INFO - Sync 1 DAGs
[2024-03-09T10:44:53.021+0000] {logging_mixin.py:188} INFO - [2024-03-09T10:44:53.021+0000] {dag.py:3834} INFO - Setting next_dagrun for example_task_group to 2024-03-08 00:00:00+00:00, run_after=2024-03-09 00:00:00+00:00
[2024-03-09T10:44:53.046+0000] {processor.py:183} INFO - Processing /home/airflow/.local/lib/python3.8/site-packages/airflow/example_dags/example_task_group.py took 0.089 seconds
[2024-03-09T10:45:23.303+0000] {processor.py:161} INFO - Started process (PID=1671) to work on /home/airflow/.local/lib/python3.8/site-packages/airflow/example_dags/example_task_group.py
[2024-03-09T10:45:23.305+0000] {processor.py:830} INFO - Processing file /home/airflow/.local/lib/python3.8/site-packages/airflow/example_dags/example_task_group.py for tasks to queue
[2024-03-09T10:45:23.307+0000] {logging_mixin.py:188} INFO - [2024-03-09T10:45:23.307+0000] {dagbag.py:540} INFO - Filling up the DagBag from /home/airflow/.local/lib/python3.8/site-packages/airflow/example_dags/example_task_group.py
[2024-03-09T10:45:23.317+0000] {processor.py:840} INFO - DAG(s) 'example_task_group' retrieved from /home/airflow/.local/lib/python3.8/site-packages/airflow/example_dags/example_task_group.py
[2024-03-09T10:45:23.344+0000] {logging_mixin.py:188} INFO - [2024-03-09T10:45:23.344+0000] {dag.py:3047} INFO - Sync 1 DAGs
[2024-03-09T10:45:23.369+0000] {logging_mixin.py:188} INFO - [2024-03-09T10:45:23.369+0000] {dag.py:3834} INFO - Setting next_dagrun for example_task_group to 2024-03-08 00:00:00+00:00, run_after=2024-03-09 00:00:00+00:00
[2024-03-09T10:45:23.392+0000] {processor.py:183} INFO - Processing /home/airflow/.local/lib/python3.8/site-packages/airflow/example_dags/example_task_group.py took 0.093 seconds
[2024-03-09T10:45:53.762+0000] {processor.py:161} INFO - Started process (PID=1726) to work on /home/airflow/.local/lib/python3.8/site-packages/airflow/example_dags/example_task_group.py
[2024-03-09T10:45:53.763+0000] {processor.py:830} INFO - Processing file /home/airflow/.local/lib/python3.8/site-packages/airflow/example_dags/example_task_group.py for tasks to queue
[2024-03-09T10:45:53.767+0000] {logging_mixin.py:188} INFO - [2024-03-09T10:45:53.766+0000] {dagbag.py:540} INFO - Filling up the DagBag from /home/airflow/.local/lib/python3.8/site-packages/airflow/example_dags/example_task_group.py
[2024-03-09T10:45:53.777+0000] {processor.py:840} INFO - DAG(s) 'example_task_group' retrieved from /home/airflow/.local/lib/python3.8/site-packages/airflow/example_dags/example_task_group.py
[2024-03-09T10:45:53.804+0000] {logging_mixin.py:188} INFO - [2024-03-09T10:45:53.804+0000] {dag.py:3047} INFO - Sync 1 DAGs
[2024-03-09T10:45:53.835+0000] {logging_mixin.py:188} INFO - [2024-03-09T10:45:53.835+0000] {dag.py:3834} INFO - Setting next_dagrun for example_task_group to 2024-03-08 00:00:00+00:00, run_after=2024-03-09 00:00:00+00:00
[2024-03-09T10:45:53.871+0000] {processor.py:183} INFO - Processing /home/airflow/.local/lib/python3.8/site-packages/airflow/example_dags/example_task_group.py took 0.114 seconds
