[2024-03-09T10:30:37.333+0000] {processor.py:161} INFO - Started process (PID=69) to work on /home/airflow/.local/lib/python3.8/site-packages/airflow/example_dags/example_sla_dag.py
[2024-03-09T10:30:37.335+0000] {processor.py:830} INFO - Processing file /home/airflow/.local/lib/python3.8/site-packages/airflow/example_dags/example_sla_dag.py for tasks to queue
[2024-03-09T10:30:37.338+0000] {logging_mixin.py:188} INFO - [2024-03-09T10:30:37.337+0000] {dagbag.py:540} INFO - Filling up the DagBag from /home/airflow/.local/lib/python3.8/site-packages/airflow/example_dags/example_sla_dag.py
[2024-03-09T10:30:37.357+0000] {processor.py:840} INFO - DAG(s) 'example_sla_dag' retrieved from /home/airflow/.local/lib/python3.8/site-packages/airflow/example_dags/example_sla_dag.py
[2024-03-09T10:30:37.516+0000] {logging_mixin.py:188} INFO - [2024-03-09T10:30:37.515+0000] {dag.py:3047} INFO - Sync 1 DAGs
[2024-03-09T10:30:37.548+0000] {logging_mixin.py:188} INFO - [2024-03-09T10:30:37.548+0000] {dag.py:3834} INFO - Setting next_dagrun for example_sla_dag to 2024-03-09 10:28:00+00:00, run_after=2024-03-09 10:30:00+00:00
[2024-03-09T10:30:37.581+0000] {processor.py:183} INFO - Processing /home/airflow/.local/lib/python3.8/site-packages/airflow/example_dags/example_sla_dag.py took 0.252 seconds
[2024-03-09T10:31:07.890+0000] {processor.py:161} INFO - Started process (PID=124) to work on /home/airflow/.local/lib/python3.8/site-packages/airflow/example_dags/example_sla_dag.py
[2024-03-09T10:31:07.891+0000] {processor.py:830} INFO - Processing file /home/airflow/.local/lib/python3.8/site-packages/airflow/example_dags/example_sla_dag.py for tasks to queue
[2024-03-09T10:31:07.893+0000] {logging_mixin.py:188} INFO - [2024-03-09T10:31:07.893+0000] {dagbag.py:540} INFO - Filling up the DagBag from /home/airflow/.local/lib/python3.8/site-packages/airflow/example_dags/example_sla_dag.py
[2024-03-09T10:31:07.903+0000] {processor.py:840} INFO - DAG(s) 'example_sla_dag' retrieved from /home/airflow/.local/lib/python3.8/site-packages/airflow/example_dags/example_sla_dag.py
[2024-03-09T10:31:07.930+0000] {logging_mixin.py:188} INFO - [2024-03-09T10:31:07.930+0000] {dag.py:3047} INFO - Sync 1 DAGs
[2024-03-09T10:31:07.964+0000] {logging_mixin.py:188} INFO - [2024-03-09T10:31:07.964+0000] {dag.py:3834} INFO - Setting next_dagrun for example_sla_dag to 2024-03-09 10:28:00+00:00, run_after=2024-03-09 10:30:00+00:00
[2024-03-09T10:31:07.992+0000] {processor.py:183} INFO - Processing /home/airflow/.local/lib/python3.8/site-packages/airflow/example_dags/example_sla_dag.py took 0.105 seconds
[2024-03-09T10:31:38.824+0000] {processor.py:161} INFO - Started process (PID=179) to work on /home/airflow/.local/lib/python3.8/site-packages/airflow/example_dags/example_sla_dag.py
[2024-03-09T10:31:38.826+0000] {processor.py:830} INFO - Processing file /home/airflow/.local/lib/python3.8/site-packages/airflow/example_dags/example_sla_dag.py for tasks to queue
[2024-03-09T10:31:38.829+0000] {logging_mixin.py:188} INFO - [2024-03-09T10:31:38.828+0000] {dagbag.py:540} INFO - Filling up the DagBag from /home/airflow/.local/lib/python3.8/site-packages/airflow/example_dags/example_sla_dag.py
[2024-03-09T10:31:38.846+0000] {processor.py:840} INFO - DAG(s) 'example_sla_dag' retrieved from /home/airflow/.local/lib/python3.8/site-packages/airflow/example_dags/example_sla_dag.py
[2024-03-09T10:31:38.905+0000] {logging_mixin.py:188} INFO - [2024-03-09T10:31:38.904+0000] {dag.py:3047} INFO - Sync 1 DAGs
[2024-03-09T10:31:38.957+0000] {logging_mixin.py:188} INFO - [2024-03-09T10:31:38.956+0000] {dag.py:3834} INFO - Setting next_dagrun for example_sla_dag to 2024-03-09 10:28:00+00:00, run_after=2024-03-09 10:30:00+00:00
[2024-03-09T10:31:38.994+0000] {processor.py:183} INFO - Processing /home/airflow/.local/lib/python3.8/site-packages/airflow/example_dags/example_sla_dag.py took 0.178 seconds
[2024-03-09T10:32:09.462+0000] {processor.py:161} INFO - Started process (PID=234) to work on /home/airflow/.local/lib/python3.8/site-packages/airflow/example_dags/example_sla_dag.py
[2024-03-09T10:32:09.464+0000] {processor.py:830} INFO - Processing file /home/airflow/.local/lib/python3.8/site-packages/airflow/example_dags/example_sla_dag.py for tasks to queue
[2024-03-09T10:32:09.467+0000] {logging_mixin.py:188} INFO - [2024-03-09T10:32:09.466+0000] {dagbag.py:540} INFO - Filling up the DagBag from /home/airflow/.local/lib/python3.8/site-packages/airflow/example_dags/example_sla_dag.py
[2024-03-09T10:32:09.479+0000] {processor.py:840} INFO - DAG(s) 'example_sla_dag' retrieved from /home/airflow/.local/lib/python3.8/site-packages/airflow/example_dags/example_sla_dag.py
[2024-03-09T10:32:09.500+0000] {logging_mixin.py:188} INFO - [2024-03-09T10:32:09.500+0000] {dag.py:3047} INFO - Sync 1 DAGs
[2024-03-09T10:32:09.533+0000] {logging_mixin.py:188} INFO - [2024-03-09T10:32:09.533+0000] {dag.py:3834} INFO - Setting next_dagrun for example_sla_dag to 2024-03-09 10:30:00+00:00, run_after=2024-03-09 10:32:00+00:00
[2024-03-09T10:32:09.559+0000] {processor.py:183} INFO - Processing /home/airflow/.local/lib/python3.8/site-packages/airflow/example_dags/example_sla_dag.py took 0.100 seconds
[2024-03-09T10:32:40.023+0000] {processor.py:161} INFO - Started process (PID=289) to work on /home/airflow/.local/lib/python3.8/site-packages/airflow/example_dags/example_sla_dag.py
[2024-03-09T10:32:40.025+0000] {processor.py:830} INFO - Processing file /home/airflow/.local/lib/python3.8/site-packages/airflow/example_dags/example_sla_dag.py for tasks to queue
[2024-03-09T10:32:40.028+0000] {logging_mixin.py:188} INFO - [2024-03-09T10:32:40.027+0000] {dagbag.py:540} INFO - Filling up the DagBag from /home/airflow/.local/lib/python3.8/site-packages/airflow/example_dags/example_sla_dag.py
[2024-03-09T10:32:40.040+0000] {processor.py:840} INFO - DAG(s) 'example_sla_dag' retrieved from /home/airflow/.local/lib/python3.8/site-packages/airflow/example_dags/example_sla_dag.py
[2024-03-09T10:32:40.062+0000] {logging_mixin.py:188} INFO - [2024-03-09T10:32:40.062+0000] {dag.py:3047} INFO - Sync 1 DAGs
[2024-03-09T10:32:40.091+0000] {logging_mixin.py:188} INFO - [2024-03-09T10:32:40.091+0000] {dag.py:3834} INFO - Setting next_dagrun for example_sla_dag to 2024-03-09 10:30:00+00:00, run_after=2024-03-09 10:32:00+00:00
[2024-03-09T10:32:40.122+0000] {processor.py:183} INFO - Processing /home/airflow/.local/lib/python3.8/site-packages/airflow/example_dags/example_sla_dag.py took 0.102 seconds
[2024-03-09T10:33:10.349+0000] {processor.py:161} INFO - Started process (PID=344) to work on /home/airflow/.local/lib/python3.8/site-packages/airflow/example_dags/example_sla_dag.py
[2024-03-09T10:33:10.351+0000] {processor.py:830} INFO - Processing file /home/airflow/.local/lib/python3.8/site-packages/airflow/example_dags/example_sla_dag.py for tasks to queue
[2024-03-09T10:33:10.353+0000] {logging_mixin.py:188} INFO - [2024-03-09T10:33:10.353+0000] {dagbag.py:540} INFO - Filling up the DagBag from /home/airflow/.local/lib/python3.8/site-packages/airflow/example_dags/example_sla_dag.py
[2024-03-09T10:33:10.365+0000] {processor.py:840} INFO - DAG(s) 'example_sla_dag' retrieved from /home/airflow/.local/lib/python3.8/site-packages/airflow/example_dags/example_sla_dag.py
[2024-03-09T10:33:10.389+0000] {logging_mixin.py:188} INFO - [2024-03-09T10:33:10.389+0000] {dag.py:3047} INFO - Sync 1 DAGs
[2024-03-09T10:33:10.418+0000] {logging_mixin.py:188} INFO - [2024-03-09T10:33:10.418+0000] {dag.py:3834} INFO - Setting next_dagrun for example_sla_dag to 2024-03-09 10:30:00+00:00, run_after=2024-03-09 10:32:00+00:00
[2024-03-09T10:33:10.445+0000] {processor.py:183} INFO - Processing /home/airflow/.local/lib/python3.8/site-packages/airflow/example_dags/example_sla_dag.py took 0.101 seconds
[2024-03-09T10:33:40.854+0000] {processor.py:161} INFO - Started process (PID=399) to work on /home/airflow/.local/lib/python3.8/site-packages/airflow/example_dags/example_sla_dag.py
[2024-03-09T10:33:40.856+0000] {processor.py:830} INFO - Processing file /home/airflow/.local/lib/python3.8/site-packages/airflow/example_dags/example_sla_dag.py for tasks to queue
[2024-03-09T10:33:40.859+0000] {logging_mixin.py:188} INFO - [2024-03-09T10:33:40.858+0000] {dagbag.py:540} INFO - Filling up the DagBag from /home/airflow/.local/lib/python3.8/site-packages/airflow/example_dags/example_sla_dag.py
[2024-03-09T10:33:40.870+0000] {processor.py:840} INFO - DAG(s) 'example_sla_dag' retrieved from /home/airflow/.local/lib/python3.8/site-packages/airflow/example_dags/example_sla_dag.py
[2024-03-09T10:33:40.891+0000] {logging_mixin.py:188} INFO - [2024-03-09T10:33:40.891+0000] {dag.py:3047} INFO - Sync 1 DAGs
[2024-03-09T10:33:40.920+0000] {logging_mixin.py:188} INFO - [2024-03-09T10:33:40.919+0000] {dag.py:3834} INFO - Setting next_dagrun for example_sla_dag to 2024-03-09 10:30:00+00:00, run_after=2024-03-09 10:32:00+00:00
[2024-03-09T10:33:40.946+0000] {processor.py:183} INFO - Processing /home/airflow/.local/lib/python3.8/site-packages/airflow/example_dags/example_sla_dag.py took 0.095 seconds
[2024-03-09T10:34:11.205+0000] {processor.py:161} INFO - Started process (PID=454) to work on /home/airflow/.local/lib/python3.8/site-packages/airflow/example_dags/example_sla_dag.py
[2024-03-09T10:34:11.207+0000] {processor.py:830} INFO - Processing file /home/airflow/.local/lib/python3.8/site-packages/airflow/example_dags/example_sla_dag.py for tasks to queue
[2024-03-09T10:34:11.211+0000] {logging_mixin.py:188} INFO - [2024-03-09T10:34:11.211+0000] {dagbag.py:540} INFO - Filling up the DagBag from /home/airflow/.local/lib/python3.8/site-packages/airflow/example_dags/example_sla_dag.py
[2024-03-09T10:34:11.223+0000] {processor.py:840} INFO - DAG(s) 'example_sla_dag' retrieved from /home/airflow/.local/lib/python3.8/site-packages/airflow/example_dags/example_sla_dag.py
[2024-03-09T10:34:11.247+0000] {logging_mixin.py:188} INFO - [2024-03-09T10:34:11.247+0000] {dag.py:3047} INFO - Sync 1 DAGs
[2024-03-09T10:34:11.278+0000] {logging_mixin.py:188} INFO - [2024-03-09T10:34:11.278+0000] {dag.py:3834} INFO - Setting next_dagrun for example_sla_dag to 2024-03-09 10:32:00+00:00, run_after=2024-03-09 10:34:00+00:00
[2024-03-09T10:34:11.307+0000] {processor.py:183} INFO - Processing /home/airflow/.local/lib/python3.8/site-packages/airflow/example_dags/example_sla_dag.py took 0.107 seconds
[2024-03-09T10:34:41.667+0000] {processor.py:161} INFO - Started process (PID=509) to work on /home/airflow/.local/lib/python3.8/site-packages/airflow/example_dags/example_sla_dag.py
[2024-03-09T10:34:41.669+0000] {processor.py:830} INFO - Processing file /home/airflow/.local/lib/python3.8/site-packages/airflow/example_dags/example_sla_dag.py for tasks to queue
[2024-03-09T10:34:41.671+0000] {logging_mixin.py:188} INFO - [2024-03-09T10:34:41.671+0000] {dagbag.py:540} INFO - Filling up the DagBag from /home/airflow/.local/lib/python3.8/site-packages/airflow/example_dags/example_sla_dag.py
[2024-03-09T10:34:41.682+0000] {processor.py:840} INFO - DAG(s) 'example_sla_dag' retrieved from /home/airflow/.local/lib/python3.8/site-packages/airflow/example_dags/example_sla_dag.py
[2024-03-09T10:34:41.702+0000] {logging_mixin.py:188} INFO - [2024-03-09T10:34:41.702+0000] {dag.py:3047} INFO - Sync 1 DAGs
[2024-03-09T10:34:41.732+0000] {logging_mixin.py:188} INFO - [2024-03-09T10:34:41.731+0000] {dag.py:3834} INFO - Setting next_dagrun for example_sla_dag to 2024-03-09 10:32:00+00:00, run_after=2024-03-09 10:34:00+00:00
[2024-03-09T10:34:41.764+0000] {processor.py:183} INFO - Processing /home/airflow/.local/lib/python3.8/site-packages/airflow/example_dags/example_sla_dag.py took 0.100 seconds
[2024-03-09T10:35:11.992+0000] {processor.py:161} INFO - Started process (PID=564) to work on /home/airflow/.local/lib/python3.8/site-packages/airflow/example_dags/example_sla_dag.py
[2024-03-09T10:35:11.993+0000] {processor.py:830} INFO - Processing file /home/airflow/.local/lib/python3.8/site-packages/airflow/example_dags/example_sla_dag.py for tasks to queue
[2024-03-09T10:35:11.995+0000] {logging_mixin.py:188} INFO - [2024-03-09T10:35:11.995+0000] {dagbag.py:540} INFO - Filling up the DagBag from /home/airflow/.local/lib/python3.8/site-packages/airflow/example_dags/example_sla_dag.py
[2024-03-09T10:35:12.005+0000] {processor.py:840} INFO - DAG(s) 'example_sla_dag' retrieved from /home/airflow/.local/lib/python3.8/site-packages/airflow/example_dags/example_sla_dag.py
[2024-03-09T10:35:12.027+0000] {logging_mixin.py:188} INFO - [2024-03-09T10:35:12.026+0000] {dag.py:3047} INFO - Sync 1 DAGs
[2024-03-09T10:35:12.053+0000] {logging_mixin.py:188} INFO - [2024-03-09T10:35:12.053+0000] {dag.py:3834} INFO - Setting next_dagrun for example_sla_dag to 2024-03-09 10:32:00+00:00, run_after=2024-03-09 10:34:00+00:00
[2024-03-09T10:35:12.079+0000] {processor.py:183} INFO - Processing /home/airflow/.local/lib/python3.8/site-packages/airflow/example_dags/example_sla_dag.py took 0.091 seconds
[2024-03-09T10:35:42.509+0000] {processor.py:161} INFO - Started process (PID=619) to work on /home/airflow/.local/lib/python3.8/site-packages/airflow/example_dags/example_sla_dag.py
[2024-03-09T10:35:42.510+0000] {processor.py:830} INFO - Processing file /home/airflow/.local/lib/python3.8/site-packages/airflow/example_dags/example_sla_dag.py for tasks to queue
[2024-03-09T10:35:42.513+0000] {logging_mixin.py:188} INFO - [2024-03-09T10:35:42.512+0000] {dagbag.py:540} INFO - Filling up the DagBag from /home/airflow/.local/lib/python3.8/site-packages/airflow/example_dags/example_sla_dag.py
[2024-03-09T10:35:42.522+0000] {processor.py:840} INFO - DAG(s) 'example_sla_dag' retrieved from /home/airflow/.local/lib/python3.8/site-packages/airflow/example_dags/example_sla_dag.py
[2024-03-09T10:35:42.546+0000] {logging_mixin.py:188} INFO - [2024-03-09T10:35:42.546+0000] {dag.py:3047} INFO - Sync 1 DAGs
[2024-03-09T10:35:42.576+0000] {logging_mixin.py:188} INFO - [2024-03-09T10:35:42.576+0000] {dag.py:3834} INFO - Setting next_dagrun for example_sla_dag to 2024-03-09 10:32:00+00:00, run_after=2024-03-09 10:34:00+00:00
[2024-03-09T10:35:42.606+0000] {processor.py:183} INFO - Processing /home/airflow/.local/lib/python3.8/site-packages/airflow/example_dags/example_sla_dag.py took 0.101 seconds
[2024-03-09T10:36:13.562+0000] {processor.py:161} INFO - Started process (PID=674) to work on /home/airflow/.local/lib/python3.8/site-packages/airflow/example_dags/example_sla_dag.py
[2024-03-09T10:36:13.563+0000] {processor.py:830} INFO - Processing file /home/airflow/.local/lib/python3.8/site-packages/airflow/example_dags/example_sla_dag.py for tasks to queue
[2024-03-09T10:36:13.565+0000] {logging_mixin.py:188} INFO - [2024-03-09T10:36:13.565+0000] {dagbag.py:540} INFO - Filling up the DagBag from /home/airflow/.local/lib/python3.8/site-packages/airflow/example_dags/example_sla_dag.py
[2024-03-09T10:36:13.574+0000] {processor.py:840} INFO - DAG(s) 'example_sla_dag' retrieved from /home/airflow/.local/lib/python3.8/site-packages/airflow/example_dags/example_sla_dag.py
[2024-03-09T10:36:13.596+0000] {logging_mixin.py:188} INFO - [2024-03-09T10:36:13.596+0000] {dag.py:3047} INFO - Sync 1 DAGs
[2024-03-09T10:36:13.626+0000] {logging_mixin.py:188} INFO - [2024-03-09T10:36:13.626+0000] {dag.py:3834} INFO - Setting next_dagrun for example_sla_dag to 2024-03-09 10:34:00+00:00, run_after=2024-03-09 10:36:00+00:00
[2024-03-09T10:36:13.652+0000] {processor.py:183} INFO - Processing /home/airflow/.local/lib/python3.8/site-packages/airflow/example_dags/example_sla_dag.py took 0.093 seconds
[2024-03-09T10:36:43.930+0000] {processor.py:161} INFO - Started process (PID=729) to work on /home/airflow/.local/lib/python3.8/site-packages/airflow/example_dags/example_sla_dag.py
[2024-03-09T10:36:43.932+0000] {processor.py:830} INFO - Processing file /home/airflow/.local/lib/python3.8/site-packages/airflow/example_dags/example_sla_dag.py for tasks to queue
[2024-03-09T10:36:43.934+0000] {logging_mixin.py:188} INFO - [2024-03-09T10:36:43.934+0000] {dagbag.py:540} INFO - Filling up the DagBag from /home/airflow/.local/lib/python3.8/site-packages/airflow/example_dags/example_sla_dag.py
[2024-03-09T10:36:43.947+0000] {processor.py:840} INFO - DAG(s) 'example_sla_dag' retrieved from /home/airflow/.local/lib/python3.8/site-packages/airflow/example_dags/example_sla_dag.py
[2024-03-09T10:36:43.973+0000] {logging_mixin.py:188} INFO - [2024-03-09T10:36:43.972+0000] {dag.py:3047} INFO - Sync 1 DAGs
[2024-03-09T10:36:44.002+0000] {logging_mixin.py:188} INFO - [2024-03-09T10:36:44.002+0000] {dag.py:3834} INFO - Setting next_dagrun for example_sla_dag to 2024-03-09 10:34:00+00:00, run_after=2024-03-09 10:36:00+00:00
[2024-03-09T10:36:44.027+0000] {processor.py:183} INFO - Processing /home/airflow/.local/lib/python3.8/site-packages/airflow/example_dags/example_sla_dag.py took 0.100 seconds
[2024-03-09T10:37:14.829+0000] {processor.py:161} INFO - Started process (PID=784) to work on /home/airflow/.local/lib/python3.8/site-packages/airflow/example_dags/example_sla_dag.py
[2024-03-09T10:37:14.832+0000] {processor.py:830} INFO - Processing file /home/airflow/.local/lib/python3.8/site-packages/airflow/example_dags/example_sla_dag.py for tasks to queue
[2024-03-09T10:37:14.835+0000] {logging_mixin.py:188} INFO - [2024-03-09T10:37:14.834+0000] {dagbag.py:540} INFO - Filling up the DagBag from /home/airflow/.local/lib/python3.8/site-packages/airflow/example_dags/example_sla_dag.py
[2024-03-09T10:37:14.848+0000] {processor.py:840} INFO - DAG(s) 'example_sla_dag' retrieved from /home/airflow/.local/lib/python3.8/site-packages/airflow/example_dags/example_sla_dag.py
[2024-03-09T10:37:14.874+0000] {logging_mixin.py:188} INFO - [2024-03-09T10:37:14.873+0000] {dag.py:3047} INFO - Sync 1 DAGs
[2024-03-09T10:37:14.907+0000] {logging_mixin.py:188} INFO - [2024-03-09T10:37:14.907+0000] {dag.py:3834} INFO - Setting next_dagrun for example_sla_dag to 2024-03-09 10:34:00+00:00, run_after=2024-03-09 10:36:00+00:00
[2024-03-09T10:37:14.935+0000] {processor.py:183} INFO - Processing /home/airflow/.local/lib/python3.8/site-packages/airflow/example_dags/example_sla_dag.py took 0.112 seconds
[2024-03-09T10:37:45.191+0000] {processor.py:161} INFO - Started process (PID=839) to work on /home/airflow/.local/lib/python3.8/site-packages/airflow/example_dags/example_sla_dag.py
[2024-03-09T10:37:45.192+0000] {processor.py:830} INFO - Processing file /home/airflow/.local/lib/python3.8/site-packages/airflow/example_dags/example_sla_dag.py for tasks to queue
[2024-03-09T10:37:45.195+0000] {logging_mixin.py:188} INFO - [2024-03-09T10:37:45.194+0000] {dagbag.py:540} INFO - Filling up the DagBag from /home/airflow/.local/lib/python3.8/site-packages/airflow/example_dags/example_sla_dag.py
[2024-03-09T10:37:45.208+0000] {processor.py:840} INFO - DAG(s) 'example_sla_dag' retrieved from /home/airflow/.local/lib/python3.8/site-packages/airflow/example_dags/example_sla_dag.py
[2024-03-09T10:37:45.233+0000] {logging_mixin.py:188} INFO - [2024-03-09T10:37:45.232+0000] {dag.py:3047} INFO - Sync 1 DAGs
[2024-03-09T10:37:45.263+0000] {logging_mixin.py:188} INFO - [2024-03-09T10:37:45.262+0000] {dag.py:3834} INFO - Setting next_dagrun for example_sla_dag to 2024-03-09 10:34:00+00:00, run_after=2024-03-09 10:36:00+00:00
[2024-03-09T10:37:45.306+0000] {processor.py:183} INFO - Processing /home/airflow/.local/lib/python3.8/site-packages/airflow/example_dags/example_sla_dag.py took 0.117 seconds
[2024-03-09T10:38:15.838+0000] {processor.py:161} INFO - Started process (PID=894) to work on /home/airflow/.local/lib/python3.8/site-packages/airflow/example_dags/example_sla_dag.py
[2024-03-09T10:38:15.839+0000] {processor.py:830} INFO - Processing file /home/airflow/.local/lib/python3.8/site-packages/airflow/example_dags/example_sla_dag.py for tasks to queue
[2024-03-09T10:38:15.841+0000] {logging_mixin.py:188} INFO - [2024-03-09T10:38:15.841+0000] {dagbag.py:540} INFO - Filling up the DagBag from /home/airflow/.local/lib/python3.8/site-packages/airflow/example_dags/example_sla_dag.py
[2024-03-09T10:38:15.849+0000] {processor.py:840} INFO - DAG(s) 'example_sla_dag' retrieved from /home/airflow/.local/lib/python3.8/site-packages/airflow/example_dags/example_sla_dag.py
[2024-03-09T10:38:15.871+0000] {logging_mixin.py:188} INFO - [2024-03-09T10:38:15.871+0000] {dag.py:3047} INFO - Sync 1 DAGs
[2024-03-09T10:38:15.896+0000] {logging_mixin.py:188} INFO - [2024-03-09T10:38:15.896+0000] {dag.py:3834} INFO - Setting next_dagrun for example_sla_dag to 2024-03-09 10:36:00+00:00, run_after=2024-03-09 10:38:00+00:00
[2024-03-09T10:38:15.921+0000] {processor.py:183} INFO - Processing /home/airflow/.local/lib/python3.8/site-packages/airflow/example_dags/example_sla_dag.py took 0.086 seconds
[2024-03-09T10:38:46.736+0000] {processor.py:161} INFO - Started process (PID=949) to work on /home/airflow/.local/lib/python3.8/site-packages/airflow/example_dags/example_sla_dag.py
[2024-03-09T10:38:46.737+0000] {processor.py:830} INFO - Processing file /home/airflow/.local/lib/python3.8/site-packages/airflow/example_dags/example_sla_dag.py for tasks to queue
[2024-03-09T10:38:46.740+0000] {logging_mixin.py:188} INFO - [2024-03-09T10:38:46.739+0000] {dagbag.py:540} INFO - Filling up the DagBag from /home/airflow/.local/lib/python3.8/site-packages/airflow/example_dags/example_sla_dag.py
[2024-03-09T10:38:46.752+0000] {processor.py:840} INFO - DAG(s) 'example_sla_dag' retrieved from /home/airflow/.local/lib/python3.8/site-packages/airflow/example_dags/example_sla_dag.py
[2024-03-09T10:38:46.777+0000] {logging_mixin.py:188} INFO - [2024-03-09T10:38:46.777+0000] {dag.py:3047} INFO - Sync 1 DAGs
[2024-03-09T10:38:46.824+0000] {logging_mixin.py:188} INFO - [2024-03-09T10:38:46.824+0000] {dag.py:3834} INFO - Setting next_dagrun for example_sla_dag to 2024-03-09 10:36:00+00:00, run_after=2024-03-09 10:38:00+00:00
[2024-03-09T10:38:46.903+0000] {processor.py:183} INFO - Processing /home/airflow/.local/lib/python3.8/site-packages/airflow/example_dags/example_sla_dag.py took 0.172 seconds
[2024-03-09T10:39:17.744+0000] {processor.py:161} INFO - Started process (PID=1004) to work on /home/airflow/.local/lib/python3.8/site-packages/airflow/example_dags/example_sla_dag.py
[2024-03-09T10:39:17.745+0000] {processor.py:830} INFO - Processing file /home/airflow/.local/lib/python3.8/site-packages/airflow/example_dags/example_sla_dag.py for tasks to queue
[2024-03-09T10:39:17.750+0000] {logging_mixin.py:188} INFO - [2024-03-09T10:39:17.749+0000] {dagbag.py:540} INFO - Filling up the DagBag from /home/airflow/.local/lib/python3.8/site-packages/airflow/example_dags/example_sla_dag.py
[2024-03-09T10:39:17.762+0000] {processor.py:840} INFO - DAG(s) 'example_sla_dag' retrieved from /home/airflow/.local/lib/python3.8/site-packages/airflow/example_dags/example_sla_dag.py
[2024-03-09T10:39:17.805+0000] {logging_mixin.py:188} INFO - [2024-03-09T10:39:17.804+0000] {dag.py:3047} INFO - Sync 1 DAGs
[2024-03-09T10:39:17.864+0000] {logging_mixin.py:188} INFO - [2024-03-09T10:39:17.863+0000] {dag.py:3834} INFO - Setting next_dagrun for example_sla_dag to 2024-03-09 10:36:00+00:00, run_after=2024-03-09 10:38:00+00:00
[2024-03-09T10:39:18.287+0000] {processor.py:183} INFO - Processing /home/airflow/.local/lib/python3.8/site-packages/airflow/example_dags/example_sla_dag.py took 0.548 seconds
[2024-03-09T10:39:48.822+0000] {processor.py:161} INFO - Started process (PID=1059) to work on /home/airflow/.local/lib/python3.8/site-packages/airflow/example_dags/example_sla_dag.py
[2024-03-09T10:39:48.823+0000] {processor.py:830} INFO - Processing file /home/airflow/.local/lib/python3.8/site-packages/airflow/example_dags/example_sla_dag.py for tasks to queue
[2024-03-09T10:39:48.826+0000] {logging_mixin.py:188} INFO - [2024-03-09T10:39:48.825+0000] {dagbag.py:540} INFO - Filling up the DagBag from /home/airflow/.local/lib/python3.8/site-packages/airflow/example_dags/example_sla_dag.py
[2024-03-09T10:39:48.838+0000] {processor.py:840} INFO - DAG(s) 'example_sla_dag' retrieved from /home/airflow/.local/lib/python3.8/site-packages/airflow/example_dags/example_sla_dag.py
[2024-03-09T10:39:48.865+0000] {logging_mixin.py:188} INFO - [2024-03-09T10:39:48.865+0000] {dag.py:3047} INFO - Sync 1 DAGs
[2024-03-09T10:39:48.900+0000] {logging_mixin.py:188} INFO - [2024-03-09T10:39:48.900+0000] {dag.py:3834} INFO - Setting next_dagrun for example_sla_dag to 2024-03-09 10:36:00+00:00, run_after=2024-03-09 10:38:00+00:00
[2024-03-09T10:39:48.947+0000] {processor.py:183} INFO - Processing /home/airflow/.local/lib/python3.8/site-packages/airflow/example_dags/example_sla_dag.py took 0.129 seconds
[2024-03-09T10:40:19.080+0000] {processor.py:161} INFO - Started process (PID=1114) to work on /home/airflow/.local/lib/python3.8/site-packages/airflow/example_dags/example_sla_dag.py
[2024-03-09T10:40:19.081+0000] {processor.py:830} INFO - Processing file /home/airflow/.local/lib/python3.8/site-packages/airflow/example_dags/example_sla_dag.py for tasks to queue
[2024-03-09T10:40:19.083+0000] {logging_mixin.py:188} INFO - [2024-03-09T10:40:19.083+0000] {dagbag.py:540} INFO - Filling up the DagBag from /home/airflow/.local/lib/python3.8/site-packages/airflow/example_dags/example_sla_dag.py
[2024-03-09T10:40:19.092+0000] {processor.py:840} INFO - DAG(s) 'example_sla_dag' retrieved from /home/airflow/.local/lib/python3.8/site-packages/airflow/example_dags/example_sla_dag.py
[2024-03-09T10:40:19.113+0000] {logging_mixin.py:188} INFO - [2024-03-09T10:40:19.113+0000] {dag.py:3047} INFO - Sync 1 DAGs
[2024-03-09T10:40:19.140+0000] {logging_mixin.py:188} INFO - [2024-03-09T10:40:19.140+0000] {dag.py:3834} INFO - Setting next_dagrun for example_sla_dag to 2024-03-09 10:38:00+00:00, run_after=2024-03-09 10:40:00+00:00
[2024-03-09T10:40:19.167+0000] {processor.py:183} INFO - Processing /home/airflow/.local/lib/python3.8/site-packages/airflow/example_dags/example_sla_dag.py took 0.089 seconds
[2024-03-09T10:40:49.820+0000] {processor.py:161} INFO - Started process (PID=1169) to work on /home/airflow/.local/lib/python3.8/site-packages/airflow/example_dags/example_sla_dag.py
[2024-03-09T10:40:49.821+0000] {processor.py:830} INFO - Processing file /home/airflow/.local/lib/python3.8/site-packages/airflow/example_dags/example_sla_dag.py for tasks to queue
[2024-03-09T10:40:49.823+0000] {logging_mixin.py:188} INFO - [2024-03-09T10:40:49.823+0000] {dagbag.py:540} INFO - Filling up the DagBag from /home/airflow/.local/lib/python3.8/site-packages/airflow/example_dags/example_sla_dag.py
[2024-03-09T10:40:49.831+0000] {processor.py:840} INFO - DAG(s) 'example_sla_dag' retrieved from /home/airflow/.local/lib/python3.8/site-packages/airflow/example_dags/example_sla_dag.py
[2024-03-09T10:40:49.854+0000] {logging_mixin.py:188} INFO - [2024-03-09T10:40:49.854+0000] {dag.py:3047} INFO - Sync 1 DAGs
[2024-03-09T10:40:49.881+0000] {logging_mixin.py:188} INFO - [2024-03-09T10:40:49.881+0000] {dag.py:3834} INFO - Setting next_dagrun for example_sla_dag to 2024-03-09 10:38:00+00:00, run_after=2024-03-09 10:40:00+00:00
[2024-03-09T10:40:49.908+0000] {processor.py:183} INFO - Processing /home/airflow/.local/lib/python3.8/site-packages/airflow/example_dags/example_sla_dag.py took 0.091 seconds
[2024-03-09T10:41:20.744+0000] {processor.py:161} INFO - Started process (PID=1224) to work on /home/airflow/.local/lib/python3.8/site-packages/airflow/example_dags/example_sla_dag.py
[2024-03-09T10:41:20.746+0000] {processor.py:830} INFO - Processing file /home/airflow/.local/lib/python3.8/site-packages/airflow/example_dags/example_sla_dag.py for tasks to queue
[2024-03-09T10:41:20.747+0000] {logging_mixin.py:188} INFO - [2024-03-09T10:41:20.747+0000] {dagbag.py:540} INFO - Filling up the DagBag from /home/airflow/.local/lib/python3.8/site-packages/airflow/example_dags/example_sla_dag.py
[2024-03-09T10:41:20.756+0000] {processor.py:840} INFO - DAG(s) 'example_sla_dag' retrieved from /home/airflow/.local/lib/python3.8/site-packages/airflow/example_dags/example_sla_dag.py
[2024-03-09T10:41:20.780+0000] {logging_mixin.py:188} INFO - [2024-03-09T10:41:20.780+0000] {dag.py:3047} INFO - Sync 1 DAGs
[2024-03-09T10:41:20.807+0000] {logging_mixin.py:188} INFO - [2024-03-09T10:41:20.807+0000] {dag.py:3834} INFO - Setting next_dagrun for example_sla_dag to 2024-03-09 10:38:00+00:00, run_after=2024-03-09 10:40:00+00:00
[2024-03-09T10:41:20.835+0000] {processor.py:183} INFO - Processing /home/airflow/.local/lib/python3.8/site-packages/airflow/example_dags/example_sla_dag.py took 0.094 seconds
[2024-03-09T10:41:50.993+0000] {processor.py:161} INFO - Started process (PID=1279) to work on /home/airflow/.local/lib/python3.8/site-packages/airflow/example_dags/example_sla_dag.py
[2024-03-09T10:41:50.995+0000] {processor.py:830} INFO - Processing file /home/airflow/.local/lib/python3.8/site-packages/airflow/example_dags/example_sla_dag.py for tasks to queue
[2024-03-09T10:41:50.997+0000] {logging_mixin.py:188} INFO - [2024-03-09T10:41:50.997+0000] {dagbag.py:540} INFO - Filling up the DagBag from /home/airflow/.local/lib/python3.8/site-packages/airflow/example_dags/example_sla_dag.py
[2024-03-09T10:41:51.005+0000] {processor.py:840} INFO - DAG(s) 'example_sla_dag' retrieved from /home/airflow/.local/lib/python3.8/site-packages/airflow/example_dags/example_sla_dag.py
[2024-03-09T10:41:51.029+0000] {logging_mixin.py:188} INFO - [2024-03-09T10:41:51.029+0000] {dag.py:3047} INFO - Sync 1 DAGs
[2024-03-09T10:41:51.056+0000] {logging_mixin.py:188} INFO - [2024-03-09T10:41:51.056+0000] {dag.py:3834} INFO - Setting next_dagrun for example_sla_dag to 2024-03-09 10:38:00+00:00, run_after=2024-03-09 10:40:00+00:00
[2024-03-09T10:41:51.082+0000] {processor.py:183} INFO - Processing /home/airflow/.local/lib/python3.8/site-packages/airflow/example_dags/example_sla_dag.py took 0.092 seconds
[2024-03-09T10:42:21.239+0000] {processor.py:161} INFO - Started process (PID=1334) to work on /home/airflow/.local/lib/python3.8/site-packages/airflow/example_dags/example_sla_dag.py
[2024-03-09T10:42:21.241+0000] {processor.py:830} INFO - Processing file /home/airflow/.local/lib/python3.8/site-packages/airflow/example_dags/example_sla_dag.py for tasks to queue
[2024-03-09T10:42:21.243+0000] {logging_mixin.py:188} INFO - [2024-03-09T10:42:21.242+0000] {dagbag.py:540} INFO - Filling up the DagBag from /home/airflow/.local/lib/python3.8/site-packages/airflow/example_dags/example_sla_dag.py
[2024-03-09T10:42:21.254+0000] {processor.py:840} INFO - DAG(s) 'example_sla_dag' retrieved from /home/airflow/.local/lib/python3.8/site-packages/airflow/example_dags/example_sla_dag.py
[2024-03-09T10:42:21.277+0000] {logging_mixin.py:188} INFO - [2024-03-09T10:42:21.277+0000] {dag.py:3047} INFO - Sync 1 DAGs
[2024-03-09T10:42:21.304+0000] {logging_mixin.py:188} INFO - [2024-03-09T10:42:21.304+0000] {dag.py:3834} INFO - Setting next_dagrun for example_sla_dag to 2024-03-09 10:40:00+00:00, run_after=2024-03-09 10:42:00+00:00
[2024-03-09T10:42:21.335+0000] {processor.py:183} INFO - Processing /home/airflow/.local/lib/python3.8/site-packages/airflow/example_dags/example_sla_dag.py took 0.099 seconds
[2024-03-09T10:42:51.482+0000] {processor.py:161} INFO - Started process (PID=1389) to work on /home/airflow/.local/lib/python3.8/site-packages/airflow/example_dags/example_sla_dag.py
[2024-03-09T10:42:51.483+0000] {processor.py:830} INFO - Processing file /home/airflow/.local/lib/python3.8/site-packages/airflow/example_dags/example_sla_dag.py for tasks to queue
[2024-03-09T10:42:51.485+0000] {logging_mixin.py:188} INFO - [2024-03-09T10:42:51.485+0000] {dagbag.py:540} INFO - Filling up the DagBag from /home/airflow/.local/lib/python3.8/site-packages/airflow/example_dags/example_sla_dag.py
[2024-03-09T10:42:51.494+0000] {processor.py:840} INFO - DAG(s) 'example_sla_dag' retrieved from /home/airflow/.local/lib/python3.8/site-packages/airflow/example_dags/example_sla_dag.py
[2024-03-09T10:42:51.517+0000] {logging_mixin.py:188} INFO - [2024-03-09T10:42:51.517+0000] {dag.py:3047} INFO - Sync 1 DAGs
[2024-03-09T10:42:51.547+0000] {logging_mixin.py:188} INFO - [2024-03-09T10:42:51.546+0000] {dag.py:3834} INFO - Setting next_dagrun for example_sla_dag to 2024-03-09 10:40:00+00:00, run_after=2024-03-09 10:42:00+00:00
[2024-03-09T10:42:51.578+0000] {processor.py:183} INFO - Processing /home/airflow/.local/lib/python3.8/site-packages/airflow/example_dags/example_sla_dag.py took 0.099 seconds
[2024-03-09T10:43:21.905+0000] {processor.py:161} INFO - Started process (PID=1444) to work on /home/airflow/.local/lib/python3.8/site-packages/airflow/example_dags/example_sla_dag.py
[2024-03-09T10:43:21.907+0000] {processor.py:830} INFO - Processing file /home/airflow/.local/lib/python3.8/site-packages/airflow/example_dags/example_sla_dag.py for tasks to queue
[2024-03-09T10:43:21.911+0000] {logging_mixin.py:188} INFO - [2024-03-09T10:43:21.911+0000] {dagbag.py:540} INFO - Filling up the DagBag from /home/airflow/.local/lib/python3.8/site-packages/airflow/example_dags/example_sla_dag.py
[2024-03-09T10:43:21.919+0000] {processor.py:840} INFO - DAG(s) 'example_sla_dag' retrieved from /home/airflow/.local/lib/python3.8/site-packages/airflow/example_dags/example_sla_dag.py
[2024-03-09T10:43:21.948+0000] {logging_mixin.py:188} INFO - [2024-03-09T10:43:21.947+0000] {dag.py:3047} INFO - Sync 1 DAGs
[2024-03-09T10:43:21.995+0000] {logging_mixin.py:188} INFO - [2024-03-09T10:43:21.995+0000] {dag.py:3834} INFO - Setting next_dagrun for example_sla_dag to 2024-03-09 10:40:00+00:00, run_after=2024-03-09 10:42:00+00:00
[2024-03-09T10:43:22.032+0000] {processor.py:183} INFO - Processing /home/airflow/.local/lib/python3.8/site-packages/airflow/example_dags/example_sla_dag.py took 0.130 seconds
[2024-03-09T10:43:52.136+0000] {processor.py:161} INFO - Started process (PID=1505) to work on /home/airflow/.local/lib/python3.8/site-packages/airflow/example_dags/example_sla_dag.py
[2024-03-09T10:43:52.138+0000] {processor.py:830} INFO - Processing file /home/airflow/.local/lib/python3.8/site-packages/airflow/example_dags/example_sla_dag.py for tasks to queue
[2024-03-09T10:43:52.143+0000] {logging_mixin.py:188} INFO - [2024-03-09T10:43:52.142+0000] {dagbag.py:540} INFO - Filling up the DagBag from /home/airflow/.local/lib/python3.8/site-packages/airflow/example_dags/example_sla_dag.py
[2024-03-09T10:43:52.160+0000] {processor.py:840} INFO - DAG(s) 'example_sla_dag' retrieved from /home/airflow/.local/lib/python3.8/site-packages/airflow/example_dags/example_sla_dag.py
[2024-03-09T10:43:52.190+0000] {logging_mixin.py:188} INFO - [2024-03-09T10:43:52.189+0000] {dag.py:3047} INFO - Sync 1 DAGs
[2024-03-09T10:43:52.223+0000] {logging_mixin.py:188} INFO - [2024-03-09T10:43:52.222+0000] {dag.py:3834} INFO - Setting next_dagrun for example_sla_dag to 2024-03-09 10:40:00+00:00, run_after=2024-03-09 10:42:00+00:00
[2024-03-09T10:43:52.291+0000] {processor.py:183} INFO - Processing /home/airflow/.local/lib/python3.8/site-packages/airflow/example_dags/example_sla_dag.py took 0.159 seconds
[2024-03-09T10:44:22.571+0000] {processor.py:161} INFO - Started process (PID=1560) to work on /home/airflow/.local/lib/python3.8/site-packages/airflow/example_dags/example_sla_dag.py
[2024-03-09T10:44:22.572+0000] {processor.py:830} INFO - Processing file /home/airflow/.local/lib/python3.8/site-packages/airflow/example_dags/example_sla_dag.py for tasks to queue
[2024-03-09T10:44:22.574+0000] {logging_mixin.py:188} INFO - [2024-03-09T10:44:22.574+0000] {dagbag.py:540} INFO - Filling up the DagBag from /home/airflow/.local/lib/python3.8/site-packages/airflow/example_dags/example_sla_dag.py
[2024-03-09T10:44:22.582+0000] {processor.py:840} INFO - DAG(s) 'example_sla_dag' retrieved from /home/airflow/.local/lib/python3.8/site-packages/airflow/example_dags/example_sla_dag.py
[2024-03-09T10:44:22.605+0000] {logging_mixin.py:188} INFO - [2024-03-09T10:44:22.604+0000] {dag.py:3047} INFO - Sync 1 DAGs
[2024-03-09T10:44:22.635+0000] {logging_mixin.py:188} INFO - [2024-03-09T10:44:22.635+0000] {dag.py:3834} INFO - Setting next_dagrun for example_sla_dag to 2024-03-09 10:42:00+00:00, run_after=2024-03-09 10:44:00+00:00
[2024-03-09T10:44:22.667+0000] {processor.py:183} INFO - Processing /home/airflow/.local/lib/python3.8/site-packages/airflow/example_dags/example_sla_dag.py took 0.099 seconds
[2024-03-09T10:44:52.839+0000] {processor.py:161} INFO - Started process (PID=1615) to work on /home/airflow/.local/lib/python3.8/site-packages/airflow/example_dags/example_sla_dag.py
[2024-03-09T10:44:52.840+0000] {processor.py:830} INFO - Processing file /home/airflow/.local/lib/python3.8/site-packages/airflow/example_dags/example_sla_dag.py for tasks to queue
[2024-03-09T10:44:52.842+0000] {logging_mixin.py:188} INFO - [2024-03-09T10:44:52.842+0000] {dagbag.py:540} INFO - Filling up the DagBag from /home/airflow/.local/lib/python3.8/site-packages/airflow/example_dags/example_sla_dag.py
[2024-03-09T10:44:52.850+0000] {processor.py:840} INFO - DAG(s) 'example_sla_dag' retrieved from /home/airflow/.local/lib/python3.8/site-packages/airflow/example_dags/example_sla_dag.py
[2024-03-09T10:44:52.870+0000] {logging_mixin.py:188} INFO - [2024-03-09T10:44:52.870+0000] {dag.py:3047} INFO - Sync 1 DAGs
[2024-03-09T10:44:52.897+0000] {logging_mixin.py:188} INFO - [2024-03-09T10:44:52.897+0000] {dag.py:3834} INFO - Setting next_dagrun for example_sla_dag to 2024-03-09 10:42:00+00:00, run_after=2024-03-09 10:44:00+00:00
[2024-03-09T10:44:52.925+0000] {processor.py:183} INFO - Processing /home/airflow/.local/lib/python3.8/site-packages/airflow/example_dags/example_sla_dag.py took 0.088 seconds
[2024-03-09T10:45:23.161+0000] {processor.py:161} INFO - Started process (PID=1670) to work on /home/airflow/.local/lib/python3.8/site-packages/airflow/example_dags/example_sla_dag.py
[2024-03-09T10:45:23.162+0000] {processor.py:830} INFO - Processing file /home/airflow/.local/lib/python3.8/site-packages/airflow/example_dags/example_sla_dag.py for tasks to queue
[2024-03-09T10:45:23.164+0000] {logging_mixin.py:188} INFO - [2024-03-09T10:45:23.164+0000] {dagbag.py:540} INFO - Filling up the DagBag from /home/airflow/.local/lib/python3.8/site-packages/airflow/example_dags/example_sla_dag.py
[2024-03-09T10:45:23.175+0000] {processor.py:840} INFO - DAG(s) 'example_sla_dag' retrieved from /home/airflow/.local/lib/python3.8/site-packages/airflow/example_dags/example_sla_dag.py
[2024-03-09T10:45:23.201+0000] {logging_mixin.py:188} INFO - [2024-03-09T10:45:23.201+0000] {dag.py:3047} INFO - Sync 1 DAGs
[2024-03-09T10:45:23.232+0000] {logging_mixin.py:188} INFO - [2024-03-09T10:45:23.232+0000] {dag.py:3834} INFO - Setting next_dagrun for example_sla_dag to 2024-03-09 10:42:00+00:00, run_after=2024-03-09 10:44:00+00:00
[2024-03-09T10:45:23.264+0000] {processor.py:183} INFO - Processing /home/airflow/.local/lib/python3.8/site-packages/airflow/example_dags/example_sla_dag.py took 0.107 seconds
[2024-03-09T10:45:53.601+0000] {processor.py:161} INFO - Started process (PID=1725) to work on /home/airflow/.local/lib/python3.8/site-packages/airflow/example_dags/example_sla_dag.py
[2024-03-09T10:45:53.603+0000] {processor.py:830} INFO - Processing file /home/airflow/.local/lib/python3.8/site-packages/airflow/example_dags/example_sla_dag.py for tasks to queue
[2024-03-09T10:45:53.605+0000] {logging_mixin.py:188} INFO - [2024-03-09T10:45:53.605+0000] {dagbag.py:540} INFO - Filling up the DagBag from /home/airflow/.local/lib/python3.8/site-packages/airflow/example_dags/example_sla_dag.py
[2024-03-09T10:45:53.617+0000] {processor.py:840} INFO - DAG(s) 'example_sla_dag' retrieved from /home/airflow/.local/lib/python3.8/site-packages/airflow/example_dags/example_sla_dag.py
[2024-03-09T10:45:53.647+0000] {logging_mixin.py:188} INFO - [2024-03-09T10:45:53.646+0000] {dag.py:3047} INFO - Sync 1 DAGs
[2024-03-09T10:45:53.690+0000] {logging_mixin.py:188} INFO - [2024-03-09T10:45:53.690+0000] {dag.py:3834} INFO - Setting next_dagrun for example_sla_dag to 2024-03-09 10:42:00+00:00, run_after=2024-03-09 10:44:00+00:00
[2024-03-09T10:45:53.728+0000] {processor.py:183} INFO - Processing /home/airflow/.local/lib/python3.8/site-packages/airflow/example_dags/example_sla_dag.py took 0.129 seconds
