[2024-03-09T10:30:35.930+0000] {processor.py:161} INFO - Started process (PID=60) to work on /home/airflow/.local/lib/python3.8/site-packages/airflow/example_dags/example_branch_operator.py
[2024-03-09T10:30:35.931+0000] {processor.py:830} INFO - Processing file /home/airflow/.local/lib/python3.8/site-packages/airflow/example_dags/example_branch_operator.py for tasks to queue
[2024-03-09T10:30:35.934+0000] {logging_mixin.py:188} INFO - [2024-03-09T10:30:35.933+0000] {dagbag.py:540} INFO - Filling up the DagBag from /home/airflow/.local/lib/python3.8/site-packages/airflow/example_dags/example_branch_operator.py
[2024-03-09T10:30:35.972+0000] {processor.py:840} INFO - DAG(s) 'example_branch_operator' retrieved from /home/airflow/.local/lib/python3.8/site-packages/airflow/example_dags/example_branch_operator.py
[2024-03-09T10:30:36.141+0000] {logging_mixin.py:188} INFO - [2024-03-09T10:30:36.140+0000] {dag.py:3047} INFO - Sync 1 DAGs
[2024-03-09T10:30:36.174+0000] {logging_mixin.py:188} INFO - [2024-03-09T10:30:36.173+0000] {dag.py:3834} INFO - Setting next_dagrun for example_branch_operator to 2024-03-08 00:00:00+00:00, run_after=2024-03-09 00:00:00+00:00
[2024-03-09T10:30:36.206+0000] {processor.py:183} INFO - Processing /home/airflow/.local/lib/python3.8/site-packages/airflow/example_dags/example_branch_operator.py took 0.280 seconds
[2024-03-09T10:31:06.300+0000] {processor.py:161} INFO - Started process (PID=115) to work on /home/airflow/.local/lib/python3.8/site-packages/airflow/example_dags/example_branch_operator.py
[2024-03-09T10:31:06.301+0000] {processor.py:830} INFO - Processing file /home/airflow/.local/lib/python3.8/site-packages/airflow/example_dags/example_branch_operator.py for tasks to queue
[2024-03-09T10:31:06.303+0000] {logging_mixin.py:188} INFO - [2024-03-09T10:31:06.303+0000] {dagbag.py:540} INFO - Filling up the DagBag from /home/airflow/.local/lib/python3.8/site-packages/airflow/example_dags/example_branch_operator.py
[2024-03-09T10:31:06.323+0000] {processor.py:840} INFO - DAG(s) 'example_branch_operator' retrieved from /home/airflow/.local/lib/python3.8/site-packages/airflow/example_dags/example_branch_operator.py
[2024-03-09T10:31:06.353+0000] {logging_mixin.py:188} INFO - [2024-03-09T10:31:06.353+0000] {dag.py:3047} INFO - Sync 1 DAGs
[2024-03-09T10:31:06.379+0000] {logging_mixin.py:188} INFO - [2024-03-09T10:31:06.379+0000] {dag.py:3834} INFO - Setting next_dagrun for example_branch_operator to 2024-03-08 00:00:00+00:00, run_after=2024-03-09 00:00:00+00:00
[2024-03-09T10:31:06.402+0000] {processor.py:183} INFO - Processing /home/airflow/.local/lib/python3.8/site-packages/airflow/example_dags/example_branch_operator.py took 0.105 seconds
[2024-03-09T10:31:36.557+0000] {processor.py:161} INFO - Started process (PID=170) to work on /home/airflow/.local/lib/python3.8/site-packages/airflow/example_dags/example_branch_operator.py
[2024-03-09T10:31:36.558+0000] {processor.py:830} INFO - Processing file /home/airflow/.local/lib/python3.8/site-packages/airflow/example_dags/example_branch_operator.py for tasks to queue
[2024-03-09T10:31:36.561+0000] {logging_mixin.py:188} INFO - [2024-03-09T10:31:36.560+0000] {dagbag.py:540} INFO - Filling up the DagBag from /home/airflow/.local/lib/python3.8/site-packages/airflow/example_dags/example_branch_operator.py
[2024-03-09T10:31:36.581+0000] {processor.py:840} INFO - DAG(s) 'example_branch_operator' retrieved from /home/airflow/.local/lib/python3.8/site-packages/airflow/example_dags/example_branch_operator.py
[2024-03-09T10:31:36.624+0000] {logging_mixin.py:188} INFO - [2024-03-09T10:31:36.623+0000] {dag.py:3047} INFO - Sync 1 DAGs
[2024-03-09T10:31:36.656+0000] {logging_mixin.py:188} INFO - [2024-03-09T10:31:36.656+0000] {dag.py:3834} INFO - Setting next_dagrun for example_branch_operator to 2024-03-08 00:00:00+00:00, run_after=2024-03-09 00:00:00+00:00
[2024-03-09T10:31:36.691+0000] {processor.py:183} INFO - Processing /home/airflow/.local/lib/python3.8/site-packages/airflow/example_dags/example_branch_operator.py took 0.137 seconds
[2024-03-09T10:32:06.752+0000] {processor.py:161} INFO - Started process (PID=225) to work on /home/airflow/.local/lib/python3.8/site-packages/airflow/example_dags/example_branch_operator.py
[2024-03-09T10:32:06.754+0000] {processor.py:830} INFO - Processing file /home/airflow/.local/lib/python3.8/site-packages/airflow/example_dags/example_branch_operator.py for tasks to queue
[2024-03-09T10:32:06.756+0000] {logging_mixin.py:188} INFO - [2024-03-09T10:32:06.756+0000] {dagbag.py:540} INFO - Filling up the DagBag from /home/airflow/.local/lib/python3.8/site-packages/airflow/example_dags/example_branch_operator.py
[2024-03-09T10:32:06.774+0000] {processor.py:840} INFO - DAG(s) 'example_branch_operator' retrieved from /home/airflow/.local/lib/python3.8/site-packages/airflow/example_dags/example_branch_operator.py
[2024-03-09T10:32:06.810+0000] {logging_mixin.py:188} INFO - [2024-03-09T10:32:06.810+0000] {dag.py:3047} INFO - Sync 1 DAGs
[2024-03-09T10:32:06.837+0000] {logging_mixin.py:188} INFO - [2024-03-09T10:32:06.837+0000] {dag.py:3834} INFO - Setting next_dagrun for example_branch_operator to 2024-03-08 00:00:00+00:00, run_after=2024-03-09 00:00:00+00:00
[2024-03-09T10:32:06.863+0000] {processor.py:183} INFO - Processing /home/airflow/.local/lib/python3.8/site-packages/airflow/example_dags/example_branch_operator.py took 0.113 seconds
[2024-03-09T10:32:37.458+0000] {processor.py:161} INFO - Started process (PID=280) to work on /home/airflow/.local/lib/python3.8/site-packages/airflow/example_dags/example_branch_operator.py
[2024-03-09T10:32:37.460+0000] {processor.py:830} INFO - Processing file /home/airflow/.local/lib/python3.8/site-packages/airflow/example_dags/example_branch_operator.py for tasks to queue
[2024-03-09T10:32:37.463+0000] {logging_mixin.py:188} INFO - [2024-03-09T10:32:37.462+0000] {dagbag.py:540} INFO - Filling up the DagBag from /home/airflow/.local/lib/python3.8/site-packages/airflow/example_dags/example_branch_operator.py
[2024-03-09T10:32:37.484+0000] {processor.py:840} INFO - DAG(s) 'example_branch_operator' retrieved from /home/airflow/.local/lib/python3.8/site-packages/airflow/example_dags/example_branch_operator.py
[2024-03-09T10:32:37.518+0000] {logging_mixin.py:188} INFO - [2024-03-09T10:32:37.518+0000] {dag.py:3047} INFO - Sync 1 DAGs
[2024-03-09T10:32:37.544+0000] {logging_mixin.py:188} INFO - [2024-03-09T10:32:37.544+0000] {dag.py:3834} INFO - Setting next_dagrun for example_branch_operator to 2024-03-08 00:00:00+00:00, run_after=2024-03-09 00:00:00+00:00
[2024-03-09T10:32:37.572+0000] {processor.py:183} INFO - Processing /home/airflow/.local/lib/python3.8/site-packages/airflow/example_dags/example_branch_operator.py took 0.117 seconds
[2024-03-09T10:33:07.771+0000] {processor.py:161} INFO - Started process (PID=335) to work on /home/airflow/.local/lib/python3.8/site-packages/airflow/example_dags/example_branch_operator.py
[2024-03-09T10:33:07.772+0000] {processor.py:830} INFO - Processing file /home/airflow/.local/lib/python3.8/site-packages/airflow/example_dags/example_branch_operator.py for tasks to queue
[2024-03-09T10:33:07.775+0000] {logging_mixin.py:188} INFO - [2024-03-09T10:33:07.774+0000] {dagbag.py:540} INFO - Filling up the DagBag from /home/airflow/.local/lib/python3.8/site-packages/airflow/example_dags/example_branch_operator.py
[2024-03-09T10:33:07.796+0000] {processor.py:840} INFO - DAG(s) 'example_branch_operator' retrieved from /home/airflow/.local/lib/python3.8/site-packages/airflow/example_dags/example_branch_operator.py
[2024-03-09T10:33:07.832+0000] {logging_mixin.py:188} INFO - [2024-03-09T10:33:07.831+0000] {dag.py:3047} INFO - Sync 1 DAGs
[2024-03-09T10:33:07.860+0000] {logging_mixin.py:188} INFO - [2024-03-09T10:33:07.860+0000] {dag.py:3834} INFO - Setting next_dagrun for example_branch_operator to 2024-03-08 00:00:00+00:00, run_after=2024-03-09 00:00:00+00:00
[2024-03-09T10:33:07.892+0000] {processor.py:183} INFO - Processing /home/airflow/.local/lib/python3.8/site-packages/airflow/example_dags/example_branch_operator.py took 0.124 seconds
[2024-03-09T10:33:38.156+0000] {processor.py:161} INFO - Started process (PID=390) to work on /home/airflow/.local/lib/python3.8/site-packages/airflow/example_dags/example_branch_operator.py
[2024-03-09T10:33:38.157+0000] {processor.py:830} INFO - Processing file /home/airflow/.local/lib/python3.8/site-packages/airflow/example_dags/example_branch_operator.py for tasks to queue
[2024-03-09T10:33:38.159+0000] {logging_mixin.py:188} INFO - [2024-03-09T10:33:38.159+0000] {dagbag.py:540} INFO - Filling up the DagBag from /home/airflow/.local/lib/python3.8/site-packages/airflow/example_dags/example_branch_operator.py
[2024-03-09T10:33:38.177+0000] {processor.py:840} INFO - DAG(s) 'example_branch_operator' retrieved from /home/airflow/.local/lib/python3.8/site-packages/airflow/example_dags/example_branch_operator.py
[2024-03-09T10:33:38.207+0000] {logging_mixin.py:188} INFO - [2024-03-09T10:33:38.207+0000] {dag.py:3047} INFO - Sync 1 DAGs
[2024-03-09T10:33:38.233+0000] {logging_mixin.py:188} INFO - [2024-03-09T10:33:38.232+0000] {dag.py:3834} INFO - Setting next_dagrun for example_branch_operator to 2024-03-08 00:00:00+00:00, run_after=2024-03-09 00:00:00+00:00
[2024-03-09T10:33:38.260+0000] {processor.py:183} INFO - Processing /home/airflow/.local/lib/python3.8/site-packages/airflow/example_dags/example_branch_operator.py took 0.107 seconds
[2024-03-09T10:34:08.633+0000] {processor.py:161} INFO - Started process (PID=445) to work on /home/airflow/.local/lib/python3.8/site-packages/airflow/example_dags/example_branch_operator.py
[2024-03-09T10:34:08.635+0000] {processor.py:830} INFO - Processing file /home/airflow/.local/lib/python3.8/site-packages/airflow/example_dags/example_branch_operator.py for tasks to queue
[2024-03-09T10:34:08.638+0000] {logging_mixin.py:188} INFO - [2024-03-09T10:34:08.637+0000] {dagbag.py:540} INFO - Filling up the DagBag from /home/airflow/.local/lib/python3.8/site-packages/airflow/example_dags/example_branch_operator.py
[2024-03-09T10:34:08.659+0000] {processor.py:840} INFO - DAG(s) 'example_branch_operator' retrieved from /home/airflow/.local/lib/python3.8/site-packages/airflow/example_dags/example_branch_operator.py
[2024-03-09T10:34:08.688+0000] {logging_mixin.py:188} INFO - [2024-03-09T10:34:08.688+0000] {dag.py:3047} INFO - Sync 1 DAGs
[2024-03-09T10:34:08.712+0000] {logging_mixin.py:188} INFO - [2024-03-09T10:34:08.711+0000] {dag.py:3834} INFO - Setting next_dagrun for example_branch_operator to 2024-03-08 00:00:00+00:00, run_after=2024-03-09 00:00:00+00:00
[2024-03-09T10:34:08.732+0000] {processor.py:183} INFO - Processing /home/airflow/.local/lib/python3.8/site-packages/airflow/example_dags/example_branch_operator.py took 0.102 seconds
[2024-03-09T10:34:39.118+0000] {processor.py:161} INFO - Started process (PID=500) to work on /home/airflow/.local/lib/python3.8/site-packages/airflow/example_dags/example_branch_operator.py
[2024-03-09T10:34:39.119+0000] {processor.py:830} INFO - Processing file /home/airflow/.local/lib/python3.8/site-packages/airflow/example_dags/example_branch_operator.py for tasks to queue
[2024-03-09T10:34:39.121+0000] {logging_mixin.py:188} INFO - [2024-03-09T10:34:39.121+0000] {dagbag.py:540} INFO - Filling up the DagBag from /home/airflow/.local/lib/python3.8/site-packages/airflow/example_dags/example_branch_operator.py
[2024-03-09T10:34:39.137+0000] {processor.py:840} INFO - DAG(s) 'example_branch_operator' retrieved from /home/airflow/.local/lib/python3.8/site-packages/airflow/example_dags/example_branch_operator.py
[2024-03-09T10:34:39.168+0000] {logging_mixin.py:188} INFO - [2024-03-09T10:34:39.167+0000] {dag.py:3047} INFO - Sync 1 DAGs
[2024-03-09T10:34:39.193+0000] {logging_mixin.py:188} INFO - [2024-03-09T10:34:39.193+0000] {dag.py:3834} INFO - Setting next_dagrun for example_branch_operator to 2024-03-08 00:00:00+00:00, run_after=2024-03-09 00:00:00+00:00
[2024-03-09T10:34:39.223+0000] {processor.py:183} INFO - Processing /home/airflow/.local/lib/python3.8/site-packages/airflow/example_dags/example_branch_operator.py took 0.108 seconds
[2024-03-09T10:35:09.367+0000] {processor.py:161} INFO - Started process (PID=555) to work on /home/airflow/.local/lib/python3.8/site-packages/airflow/example_dags/example_branch_operator.py
[2024-03-09T10:35:09.369+0000] {processor.py:830} INFO - Processing file /home/airflow/.local/lib/python3.8/site-packages/airflow/example_dags/example_branch_operator.py for tasks to queue
[2024-03-09T10:35:09.371+0000] {logging_mixin.py:188} INFO - [2024-03-09T10:35:09.370+0000] {dagbag.py:540} INFO - Filling up the DagBag from /home/airflow/.local/lib/python3.8/site-packages/airflow/example_dags/example_branch_operator.py
[2024-03-09T10:35:09.389+0000] {processor.py:840} INFO - DAG(s) 'example_branch_operator' retrieved from /home/airflow/.local/lib/python3.8/site-packages/airflow/example_dags/example_branch_operator.py
[2024-03-09T10:35:09.421+0000] {logging_mixin.py:188} INFO - [2024-03-09T10:35:09.421+0000] {dag.py:3047} INFO - Sync 1 DAGs
[2024-03-09T10:35:09.450+0000] {logging_mixin.py:188} INFO - [2024-03-09T10:35:09.450+0000] {dag.py:3834} INFO - Setting next_dagrun for example_branch_operator to 2024-03-08 00:00:00+00:00, run_after=2024-03-09 00:00:00+00:00
[2024-03-09T10:35:09.480+0000] {processor.py:183} INFO - Processing /home/airflow/.local/lib/python3.8/site-packages/airflow/example_dags/example_branch_operator.py took 0.116 seconds
[2024-03-09T10:35:39.930+0000] {processor.py:161} INFO - Started process (PID=610) to work on /home/airflow/.local/lib/python3.8/site-packages/airflow/example_dags/example_branch_operator.py
[2024-03-09T10:35:39.932+0000] {processor.py:830} INFO - Processing file /home/airflow/.local/lib/python3.8/site-packages/airflow/example_dags/example_branch_operator.py for tasks to queue
[2024-03-09T10:35:39.934+0000] {logging_mixin.py:188} INFO - [2024-03-09T10:35:39.934+0000] {dagbag.py:540} INFO - Filling up the DagBag from /home/airflow/.local/lib/python3.8/site-packages/airflow/example_dags/example_branch_operator.py
[2024-03-09T10:35:39.955+0000] {processor.py:840} INFO - DAG(s) 'example_branch_operator' retrieved from /home/airflow/.local/lib/python3.8/site-packages/airflow/example_dags/example_branch_operator.py
[2024-03-09T10:35:39.991+0000] {logging_mixin.py:188} INFO - [2024-03-09T10:35:39.990+0000] {dag.py:3047} INFO - Sync 1 DAGs
[2024-03-09T10:35:40.022+0000] {logging_mixin.py:188} INFO - [2024-03-09T10:35:40.021+0000] {dag.py:3834} INFO - Setting next_dagrun for example_branch_operator to 2024-03-08 00:00:00+00:00, run_after=2024-03-09 00:00:00+00:00
[2024-03-09T10:35:40.055+0000] {processor.py:183} INFO - Processing /home/airflow/.local/lib/python3.8/site-packages/airflow/example_dags/example_branch_operator.py took 0.130 seconds
[2024-03-09T10:36:10.936+0000] {processor.py:161} INFO - Started process (PID=665) to work on /home/airflow/.local/lib/python3.8/site-packages/airflow/example_dags/example_branch_operator.py
[2024-03-09T10:36:10.937+0000] {processor.py:830} INFO - Processing file /home/airflow/.local/lib/python3.8/site-packages/airflow/example_dags/example_branch_operator.py for tasks to queue
[2024-03-09T10:36:10.940+0000] {logging_mixin.py:188} INFO - [2024-03-09T10:36:10.940+0000] {dagbag.py:540} INFO - Filling up the DagBag from /home/airflow/.local/lib/python3.8/site-packages/airflow/example_dags/example_branch_operator.py
[2024-03-09T10:36:10.958+0000] {processor.py:840} INFO - DAG(s) 'example_branch_operator' retrieved from /home/airflow/.local/lib/python3.8/site-packages/airflow/example_dags/example_branch_operator.py
[2024-03-09T10:36:10.993+0000] {logging_mixin.py:188} INFO - [2024-03-09T10:36:10.993+0000] {dag.py:3047} INFO - Sync 1 DAGs
[2024-03-09T10:36:11.028+0000] {logging_mixin.py:188} INFO - [2024-03-09T10:36:11.028+0000] {dag.py:3834} INFO - Setting next_dagrun for example_branch_operator to 2024-03-08 00:00:00+00:00, run_after=2024-03-09 00:00:00+00:00
[2024-03-09T10:36:11.055+0000] {processor.py:183} INFO - Processing /home/airflow/.local/lib/python3.8/site-packages/airflow/example_dags/example_branch_operator.py took 0.123 seconds
[2024-03-09T10:36:41.324+0000] {processor.py:161} INFO - Started process (PID=720) to work on /home/airflow/.local/lib/python3.8/site-packages/airflow/example_dags/example_branch_operator.py
[2024-03-09T10:36:41.325+0000] {processor.py:830} INFO - Processing file /home/airflow/.local/lib/python3.8/site-packages/airflow/example_dags/example_branch_operator.py for tasks to queue
[2024-03-09T10:36:41.327+0000] {logging_mixin.py:188} INFO - [2024-03-09T10:36:41.327+0000] {dagbag.py:540} INFO - Filling up the DagBag from /home/airflow/.local/lib/python3.8/site-packages/airflow/example_dags/example_branch_operator.py
[2024-03-09T10:36:41.344+0000] {processor.py:840} INFO - DAG(s) 'example_branch_operator' retrieved from /home/airflow/.local/lib/python3.8/site-packages/airflow/example_dags/example_branch_operator.py
[2024-03-09T10:36:41.382+0000] {logging_mixin.py:188} INFO - [2024-03-09T10:36:41.382+0000] {dag.py:3047} INFO - Sync 1 DAGs
[2024-03-09T10:36:41.413+0000] {logging_mixin.py:188} INFO - [2024-03-09T10:36:41.413+0000] {dag.py:3834} INFO - Setting next_dagrun for example_branch_operator to 2024-03-08 00:00:00+00:00, run_after=2024-03-09 00:00:00+00:00
[2024-03-09T10:36:41.441+0000] {processor.py:183} INFO - Processing /home/airflow/.local/lib/python3.8/site-packages/airflow/example_dags/example_branch_operator.py took 0.120 seconds
[2024-03-09T10:37:12.178+0000] {processor.py:161} INFO - Started process (PID=775) to work on /home/airflow/.local/lib/python3.8/site-packages/airflow/example_dags/example_branch_operator.py
[2024-03-09T10:37:12.180+0000] {processor.py:830} INFO - Processing file /home/airflow/.local/lib/python3.8/site-packages/airflow/example_dags/example_branch_operator.py for tasks to queue
[2024-03-09T10:37:12.182+0000] {logging_mixin.py:188} INFO - [2024-03-09T10:37:12.182+0000] {dagbag.py:540} INFO - Filling up the DagBag from /home/airflow/.local/lib/python3.8/site-packages/airflow/example_dags/example_branch_operator.py
[2024-03-09T10:37:12.202+0000] {processor.py:840} INFO - DAG(s) 'example_branch_operator' retrieved from /home/airflow/.local/lib/python3.8/site-packages/airflow/example_dags/example_branch_operator.py
[2024-03-09T10:37:12.244+0000] {logging_mixin.py:188} INFO - [2024-03-09T10:37:12.243+0000] {dag.py:3047} INFO - Sync 1 DAGs
[2024-03-09T10:37:12.283+0000] {logging_mixin.py:188} INFO - [2024-03-09T10:37:12.282+0000] {dag.py:3834} INFO - Setting next_dagrun for example_branch_operator to 2024-03-08 00:00:00+00:00, run_after=2024-03-09 00:00:00+00:00
[2024-03-09T10:37:12.328+0000] {processor.py:183} INFO - Processing /home/airflow/.local/lib/python3.8/site-packages/airflow/example_dags/example_branch_operator.py took 0.153 seconds
[2024-03-09T10:37:42.613+0000] {processor.py:161} INFO - Started process (PID=830) to work on /home/airflow/.local/lib/python3.8/site-packages/airflow/example_dags/example_branch_operator.py
[2024-03-09T10:37:42.614+0000] {processor.py:830} INFO - Processing file /home/airflow/.local/lib/python3.8/site-packages/airflow/example_dags/example_branch_operator.py for tasks to queue
[2024-03-09T10:37:42.616+0000] {logging_mixin.py:188} INFO - [2024-03-09T10:37:42.616+0000] {dagbag.py:540} INFO - Filling up the DagBag from /home/airflow/.local/lib/python3.8/site-packages/airflow/example_dags/example_branch_operator.py
[2024-03-09T10:37:42.634+0000] {processor.py:840} INFO - DAG(s) 'example_branch_operator' retrieved from /home/airflow/.local/lib/python3.8/site-packages/airflow/example_dags/example_branch_operator.py
[2024-03-09T10:37:42.670+0000] {logging_mixin.py:188} INFO - [2024-03-09T10:37:42.669+0000] {dag.py:3047} INFO - Sync 1 DAGs
[2024-03-09T10:37:42.696+0000] {logging_mixin.py:188} INFO - [2024-03-09T10:37:42.696+0000] {dag.py:3834} INFO - Setting next_dagrun for example_branch_operator to 2024-03-08 00:00:00+00:00, run_after=2024-03-09 00:00:00+00:00
[2024-03-09T10:37:42.723+0000] {processor.py:183} INFO - Processing /home/airflow/.local/lib/python3.8/site-packages/airflow/example_dags/example_branch_operator.py took 0.113 seconds
[2024-03-09T10:38:13.231+0000] {processor.py:161} INFO - Started process (PID=885) to work on /home/airflow/.local/lib/python3.8/site-packages/airflow/example_dags/example_branch_operator.py
[2024-03-09T10:38:13.233+0000] {processor.py:830} INFO - Processing file /home/airflow/.local/lib/python3.8/site-packages/airflow/example_dags/example_branch_operator.py for tasks to queue
[2024-03-09T10:38:13.235+0000] {logging_mixin.py:188} INFO - [2024-03-09T10:38:13.235+0000] {dagbag.py:540} INFO - Filling up the DagBag from /home/airflow/.local/lib/python3.8/site-packages/airflow/example_dags/example_branch_operator.py
[2024-03-09T10:38:13.254+0000] {processor.py:840} INFO - DAG(s) 'example_branch_operator' retrieved from /home/airflow/.local/lib/python3.8/site-packages/airflow/example_dags/example_branch_operator.py
[2024-03-09T10:38:13.289+0000] {logging_mixin.py:188} INFO - [2024-03-09T10:38:13.289+0000] {dag.py:3047} INFO - Sync 1 DAGs
[2024-03-09T10:38:13.316+0000] {logging_mixin.py:188} INFO - [2024-03-09T10:38:13.316+0000] {dag.py:3834} INFO - Setting next_dagrun for example_branch_operator to 2024-03-08 00:00:00+00:00, run_after=2024-03-09 00:00:00+00:00
[2024-03-09T10:38:13.341+0000] {processor.py:183} INFO - Processing /home/airflow/.local/lib/python3.8/site-packages/airflow/example_dags/example_branch_operator.py took 0.113 seconds
[2024-03-09T10:38:43.778+0000] {processor.py:161} INFO - Started process (PID=940) to work on /home/airflow/.local/lib/python3.8/site-packages/airflow/example_dags/example_branch_operator.py
[2024-03-09T10:38:43.780+0000] {processor.py:830} INFO - Processing file /home/airflow/.local/lib/python3.8/site-packages/airflow/example_dags/example_branch_operator.py for tasks to queue
[2024-03-09T10:38:43.782+0000] {logging_mixin.py:188} INFO - [2024-03-09T10:38:43.781+0000] {dagbag.py:540} INFO - Filling up the DagBag from /home/airflow/.local/lib/python3.8/site-packages/airflow/example_dags/example_branch_operator.py
[2024-03-09T10:38:43.808+0000] {processor.py:840} INFO - DAG(s) 'example_branch_operator' retrieved from /home/airflow/.local/lib/python3.8/site-packages/airflow/example_dags/example_branch_operator.py
[2024-03-09T10:38:43.846+0000] {logging_mixin.py:188} INFO - [2024-03-09T10:38:43.846+0000] {dag.py:3047} INFO - Sync 1 DAGs
[2024-03-09T10:38:43.879+0000] {logging_mixin.py:188} INFO - [2024-03-09T10:38:43.879+0000] {dag.py:3834} INFO - Setting next_dagrun for example_branch_operator to 2024-03-08 00:00:00+00:00, run_after=2024-03-09 00:00:00+00:00
[2024-03-09T10:38:43.909+0000] {processor.py:183} INFO - Processing /home/airflow/.local/lib/python3.8/site-packages/airflow/example_dags/example_branch_operator.py took 0.135 seconds
[2024-03-09T10:39:14.918+0000] {processor.py:161} INFO - Started process (PID=995) to work on /home/airflow/.local/lib/python3.8/site-packages/airflow/example_dags/example_branch_operator.py
[2024-03-09T10:39:14.920+0000] {processor.py:830} INFO - Processing file /home/airflow/.local/lib/python3.8/site-packages/airflow/example_dags/example_branch_operator.py for tasks to queue
[2024-03-09T10:39:14.923+0000] {logging_mixin.py:188} INFO - [2024-03-09T10:39:14.922+0000] {dagbag.py:540} INFO - Filling up the DagBag from /home/airflow/.local/lib/python3.8/site-packages/airflow/example_dags/example_branch_operator.py
[2024-03-09T10:39:14.954+0000] {processor.py:840} INFO - DAG(s) 'example_branch_operator' retrieved from /home/airflow/.local/lib/python3.8/site-packages/airflow/example_dags/example_branch_operator.py
[2024-03-09T10:39:15.008+0000] {logging_mixin.py:188} INFO - [2024-03-09T10:39:15.008+0000] {dag.py:3047} INFO - Sync 1 DAGs
[2024-03-09T10:39:15.050+0000] {logging_mixin.py:188} INFO - [2024-03-09T10:39:15.050+0000] {dag.py:3834} INFO - Setting next_dagrun for example_branch_operator to 2024-03-08 00:00:00+00:00, run_after=2024-03-09 00:00:00+00:00
[2024-03-09T10:39:15.086+0000] {processor.py:183} INFO - Processing /home/airflow/.local/lib/python3.8/site-packages/airflow/example_dags/example_branch_operator.py took 0.174 seconds
[2024-03-09T10:39:45.194+0000] {processor.py:161} INFO - Started process (PID=1050) to work on /home/airflow/.local/lib/python3.8/site-packages/airflow/example_dags/example_branch_operator.py
[2024-03-09T10:39:45.196+0000] {processor.py:830} INFO - Processing file /home/airflow/.local/lib/python3.8/site-packages/airflow/example_dags/example_branch_operator.py for tasks to queue
[2024-03-09T10:39:45.198+0000] {logging_mixin.py:188} INFO - [2024-03-09T10:39:45.198+0000] {dagbag.py:540} INFO - Filling up the DagBag from /home/airflow/.local/lib/python3.8/site-packages/airflow/example_dags/example_branch_operator.py
[2024-03-09T10:39:45.216+0000] {processor.py:840} INFO - DAG(s) 'example_branch_operator' retrieved from /home/airflow/.local/lib/python3.8/site-packages/airflow/example_dags/example_branch_operator.py
[2024-03-09T10:39:45.248+0000] {logging_mixin.py:188} INFO - [2024-03-09T10:39:45.248+0000] {dag.py:3047} INFO - Sync 1 DAGs
[2024-03-09T10:39:45.275+0000] {logging_mixin.py:188} INFO - [2024-03-09T10:39:45.275+0000] {dag.py:3834} INFO - Setting next_dagrun for example_branch_operator to 2024-03-08 00:00:00+00:00, run_after=2024-03-09 00:00:00+00:00
[2024-03-09T10:39:45.304+0000] {processor.py:183} INFO - Processing /home/airflow/.local/lib/python3.8/site-packages/airflow/example_dags/example_branch_operator.py took 0.113 seconds
[2024-03-09T10:40:15.422+0000] {processor.py:161} INFO - Started process (PID=1105) to work on /home/airflow/.local/lib/python3.8/site-packages/airflow/example_dags/example_branch_operator.py
[2024-03-09T10:40:15.423+0000] {processor.py:830} INFO - Processing file /home/airflow/.local/lib/python3.8/site-packages/airflow/example_dags/example_branch_operator.py for tasks to queue
[2024-03-09T10:40:15.425+0000] {logging_mixin.py:188} INFO - [2024-03-09T10:40:15.424+0000] {dagbag.py:540} INFO - Filling up the DagBag from /home/airflow/.local/lib/python3.8/site-packages/airflow/example_dags/example_branch_operator.py
[2024-03-09T10:40:15.443+0000] {processor.py:840} INFO - DAG(s) 'example_branch_operator' retrieved from /home/airflow/.local/lib/python3.8/site-packages/airflow/example_dags/example_branch_operator.py
[2024-03-09T10:40:15.477+0000] {logging_mixin.py:188} INFO - [2024-03-09T10:40:15.476+0000] {dag.py:3047} INFO - Sync 1 DAGs
[2024-03-09T10:40:15.506+0000] {logging_mixin.py:188} INFO - [2024-03-09T10:40:15.505+0000] {dag.py:3834} INFO - Setting next_dagrun for example_branch_operator to 2024-03-08 00:00:00+00:00, run_after=2024-03-09 00:00:00+00:00
[2024-03-09T10:40:15.536+0000] {processor.py:183} INFO - Processing /home/airflow/.local/lib/python3.8/site-packages/airflow/example_dags/example_branch_operator.py took 0.117 seconds
[2024-03-09T10:40:46.003+0000] {processor.py:161} INFO - Started process (PID=1159) to work on /home/airflow/.local/lib/python3.8/site-packages/airflow/example_dags/example_branch_operator.py
[2024-03-09T10:40:46.004+0000] {processor.py:830} INFO - Processing file /home/airflow/.local/lib/python3.8/site-packages/airflow/example_dags/example_branch_operator.py for tasks to queue
[2024-03-09T10:40:46.007+0000] {logging_mixin.py:188} INFO - [2024-03-09T10:40:46.006+0000] {dagbag.py:540} INFO - Filling up the DagBag from /home/airflow/.local/lib/python3.8/site-packages/airflow/example_dags/example_branch_operator.py
[2024-03-09T10:40:46.035+0000] {processor.py:840} INFO - DAG(s) 'example_branch_operator' retrieved from /home/airflow/.local/lib/python3.8/site-packages/airflow/example_dags/example_branch_operator.py
[2024-03-09T10:40:46.100+0000] {logging_mixin.py:188} INFO - [2024-03-09T10:40:46.099+0000] {dag.py:3047} INFO - Sync 1 DAGs
[2024-03-09T10:40:46.146+0000] {logging_mixin.py:188} INFO - [2024-03-09T10:40:46.145+0000] {dag.py:3834} INFO - Setting next_dagrun for example_branch_operator to 2024-03-08 00:00:00+00:00, run_after=2024-03-09 00:00:00+00:00
[2024-03-09T10:40:46.223+0000] {processor.py:183} INFO - Processing /home/airflow/.local/lib/python3.8/site-packages/airflow/example_dags/example_branch_operator.py took 0.225 seconds
[2024-03-09T10:41:17.054+0000] {processor.py:161} INFO - Started process (PID=1215) to work on /home/airflow/.local/lib/python3.8/site-packages/airflow/example_dags/example_branch_operator.py
[2024-03-09T10:41:17.055+0000] {processor.py:830} INFO - Processing file /home/airflow/.local/lib/python3.8/site-packages/airflow/example_dags/example_branch_operator.py for tasks to queue
[2024-03-09T10:41:17.058+0000] {logging_mixin.py:188} INFO - [2024-03-09T10:41:17.057+0000] {dagbag.py:540} INFO - Filling up the DagBag from /home/airflow/.local/lib/python3.8/site-packages/airflow/example_dags/example_branch_operator.py
[2024-03-09T10:41:17.081+0000] {processor.py:840} INFO - DAG(s) 'example_branch_operator' retrieved from /home/airflow/.local/lib/python3.8/site-packages/airflow/example_dags/example_branch_operator.py
[2024-03-09T10:41:17.118+0000] {logging_mixin.py:188} INFO - [2024-03-09T10:41:17.118+0000] {dag.py:3047} INFO - Sync 1 DAGs
[2024-03-09T10:41:17.152+0000] {logging_mixin.py:188} INFO - [2024-03-09T10:41:17.152+0000] {dag.py:3834} INFO - Setting next_dagrun for example_branch_operator to 2024-03-08 00:00:00+00:00, run_after=2024-03-09 00:00:00+00:00
[2024-03-09T10:41:17.177+0000] {processor.py:183} INFO - Processing /home/airflow/.local/lib/python3.8/site-packages/airflow/example_dags/example_branch_operator.py took 0.128 seconds
[2024-03-09T10:41:47.271+0000] {processor.py:161} INFO - Started process (PID=1269) to work on /home/airflow/.local/lib/python3.8/site-packages/airflow/example_dags/example_branch_operator.py
[2024-03-09T10:41:47.273+0000] {processor.py:830} INFO - Processing file /home/airflow/.local/lib/python3.8/site-packages/airflow/example_dags/example_branch_operator.py for tasks to queue
[2024-03-09T10:41:47.275+0000] {logging_mixin.py:188} INFO - [2024-03-09T10:41:47.275+0000] {dagbag.py:540} INFO - Filling up the DagBag from /home/airflow/.local/lib/python3.8/site-packages/airflow/example_dags/example_branch_operator.py
[2024-03-09T10:41:47.293+0000] {processor.py:840} INFO - DAG(s) 'example_branch_operator' retrieved from /home/airflow/.local/lib/python3.8/site-packages/airflow/example_dags/example_branch_operator.py
[2024-03-09T10:41:47.330+0000] {logging_mixin.py:188} INFO - [2024-03-09T10:41:47.330+0000] {dag.py:3047} INFO - Sync 1 DAGs
[2024-03-09T10:41:47.355+0000] {logging_mixin.py:188} INFO - [2024-03-09T10:41:47.355+0000] {dag.py:3834} INFO - Setting next_dagrun for example_branch_operator to 2024-03-08 00:00:00+00:00, run_after=2024-03-09 00:00:00+00:00
[2024-03-09T10:41:47.387+0000] {processor.py:183} INFO - Processing /home/airflow/.local/lib/python3.8/site-packages/airflow/example_dags/example_branch_operator.py took 0.118 seconds
[2024-03-09T10:42:17.457+0000] {processor.py:161} INFO - Started process (PID=1324) to work on /home/airflow/.local/lib/python3.8/site-packages/airflow/example_dags/example_branch_operator.py
[2024-03-09T10:42:17.458+0000] {processor.py:830} INFO - Processing file /home/airflow/.local/lib/python3.8/site-packages/airflow/example_dags/example_branch_operator.py for tasks to queue
[2024-03-09T10:42:17.460+0000] {logging_mixin.py:188} INFO - [2024-03-09T10:42:17.460+0000] {dagbag.py:540} INFO - Filling up the DagBag from /home/airflow/.local/lib/python3.8/site-packages/airflow/example_dags/example_branch_operator.py
[2024-03-09T10:42:17.477+0000] {processor.py:840} INFO - DAG(s) 'example_branch_operator' retrieved from /home/airflow/.local/lib/python3.8/site-packages/airflow/example_dags/example_branch_operator.py
[2024-03-09T10:42:17.512+0000] {logging_mixin.py:188} INFO - [2024-03-09T10:42:17.511+0000] {dag.py:3047} INFO - Sync 1 DAGs
[2024-03-09T10:42:17.537+0000] {logging_mixin.py:188} INFO - [2024-03-09T10:42:17.537+0000] {dag.py:3834} INFO - Setting next_dagrun for example_branch_operator to 2024-03-08 00:00:00+00:00, run_after=2024-03-09 00:00:00+00:00
[2024-03-09T10:42:17.572+0000] {processor.py:183} INFO - Processing /home/airflow/.local/lib/python3.8/site-packages/airflow/example_dags/example_branch_operator.py took 0.118 seconds
[2024-03-09T10:42:47.941+0000] {processor.py:161} INFO - Started process (PID=1379) to work on /home/airflow/.local/lib/python3.8/site-packages/airflow/example_dags/example_branch_operator.py
[2024-03-09T10:42:47.943+0000] {processor.py:830} INFO - Processing file /home/airflow/.local/lib/python3.8/site-packages/airflow/example_dags/example_branch_operator.py for tasks to queue
[2024-03-09T10:42:47.945+0000] {logging_mixin.py:188} INFO - [2024-03-09T10:42:47.944+0000] {dagbag.py:540} INFO - Filling up the DagBag from /home/airflow/.local/lib/python3.8/site-packages/airflow/example_dags/example_branch_operator.py
[2024-03-09T10:42:47.962+0000] {processor.py:840} INFO - DAG(s) 'example_branch_operator' retrieved from /home/airflow/.local/lib/python3.8/site-packages/airflow/example_dags/example_branch_operator.py
[2024-03-09T10:42:47.995+0000] {logging_mixin.py:188} INFO - [2024-03-09T10:42:47.995+0000] {dag.py:3047} INFO - Sync 1 DAGs
[2024-03-09T10:42:48.021+0000] {logging_mixin.py:188} INFO - [2024-03-09T10:42:48.020+0000] {dag.py:3834} INFO - Setting next_dagrun for example_branch_operator to 2024-03-08 00:00:00+00:00, run_after=2024-03-09 00:00:00+00:00
[2024-03-09T10:42:48.046+0000] {processor.py:183} INFO - Processing /home/airflow/.local/lib/python3.8/site-packages/airflow/example_dags/example_branch_operator.py took 0.108 seconds
[2024-03-09T10:43:18.295+0000] {processor.py:161} INFO - Started process (PID=1434) to work on /home/airflow/.local/lib/python3.8/site-packages/airflow/example_dags/example_branch_operator.py
[2024-03-09T10:43:18.296+0000] {processor.py:830} INFO - Processing file /home/airflow/.local/lib/python3.8/site-packages/airflow/example_dags/example_branch_operator.py for tasks to queue
[2024-03-09T10:43:18.299+0000] {logging_mixin.py:188} INFO - [2024-03-09T10:43:18.298+0000] {dagbag.py:540} INFO - Filling up the DagBag from /home/airflow/.local/lib/python3.8/site-packages/airflow/example_dags/example_branch_operator.py
[2024-03-09T10:43:18.319+0000] {processor.py:840} INFO - DAG(s) 'example_branch_operator' retrieved from /home/airflow/.local/lib/python3.8/site-packages/airflow/example_dags/example_branch_operator.py
[2024-03-09T10:43:18.353+0000] {logging_mixin.py:188} INFO - [2024-03-09T10:43:18.353+0000] {dag.py:3047} INFO - Sync 1 DAGs
[2024-03-09T10:43:18.380+0000] {logging_mixin.py:188} INFO - [2024-03-09T10:43:18.379+0000] {dag.py:3834} INFO - Setting next_dagrun for example_branch_operator to 2024-03-08 00:00:00+00:00, run_after=2024-03-09 00:00:00+00:00
[2024-03-09T10:43:18.427+0000] {processor.py:183} INFO - Processing /home/airflow/.local/lib/python3.8/site-packages/airflow/example_dags/example_branch_operator.py took 0.137 seconds
[2024-03-09T10:43:48.569+0000] {processor.py:161} INFO - Started process (PID=1489) to work on /home/airflow/.local/lib/python3.8/site-packages/airflow/example_dags/example_branch_operator.py
[2024-03-09T10:43:48.571+0000] {processor.py:830} INFO - Processing file /home/airflow/.local/lib/python3.8/site-packages/airflow/example_dags/example_branch_operator.py for tasks to queue
[2024-03-09T10:43:48.572+0000] {logging_mixin.py:188} INFO - [2024-03-09T10:43:48.572+0000] {dagbag.py:540} INFO - Filling up the DagBag from /home/airflow/.local/lib/python3.8/site-packages/airflow/example_dags/example_branch_operator.py
[2024-03-09T10:43:48.589+0000] {processor.py:840} INFO - DAG(s) 'example_branch_operator' retrieved from /home/airflow/.local/lib/python3.8/site-packages/airflow/example_dags/example_branch_operator.py
[2024-03-09T10:43:48.621+0000] {logging_mixin.py:188} INFO - [2024-03-09T10:43:48.620+0000] {dag.py:3047} INFO - Sync 1 DAGs
[2024-03-09T10:43:48.655+0000] {logging_mixin.py:188} INFO - [2024-03-09T10:43:48.654+0000] {dag.py:3834} INFO - Setting next_dagrun for example_branch_operator to 2024-03-08 00:00:00+00:00, run_after=2024-03-09 00:00:00+00:00
[2024-03-09T10:43:48.688+0000] {processor.py:183} INFO - Processing /home/airflow/.local/lib/python3.8/site-packages/airflow/example_dags/example_branch_operator.py took 0.122 seconds
[2024-03-09T10:44:19.024+0000] {processor.py:161} INFO - Started process (PID=1544) to work on /home/airflow/.local/lib/python3.8/site-packages/airflow/example_dags/example_branch_operator.py
[2024-03-09T10:44:19.025+0000] {processor.py:830} INFO - Processing file /home/airflow/.local/lib/python3.8/site-packages/airflow/example_dags/example_branch_operator.py for tasks to queue
[2024-03-09T10:44:19.028+0000] {logging_mixin.py:188} INFO - [2024-03-09T10:44:19.027+0000] {dagbag.py:540} INFO - Filling up the DagBag from /home/airflow/.local/lib/python3.8/site-packages/airflow/example_dags/example_branch_operator.py
[2024-03-09T10:44:19.045+0000] {processor.py:840} INFO - DAG(s) 'example_branch_operator' retrieved from /home/airflow/.local/lib/python3.8/site-packages/airflow/example_dags/example_branch_operator.py
[2024-03-09T10:44:19.077+0000] {logging_mixin.py:188} INFO - [2024-03-09T10:44:19.077+0000] {dag.py:3047} INFO - Sync 1 DAGs
[2024-03-09T10:44:19.102+0000] {logging_mixin.py:188} INFO - [2024-03-09T10:44:19.102+0000] {dag.py:3834} INFO - Setting next_dagrun for example_branch_operator to 2024-03-08 00:00:00+00:00, run_after=2024-03-09 00:00:00+00:00
[2024-03-09T10:44:19.133+0000] {processor.py:183} INFO - Processing /home/airflow/.local/lib/python3.8/site-packages/airflow/example_dags/example_branch_operator.py took 0.112 seconds
[2024-03-09T10:44:49.288+0000] {processor.py:161} INFO - Started process (PID=1599) to work on /home/airflow/.local/lib/python3.8/site-packages/airflow/example_dags/example_branch_operator.py
[2024-03-09T10:44:49.290+0000] {processor.py:830} INFO - Processing file /home/airflow/.local/lib/python3.8/site-packages/airflow/example_dags/example_branch_operator.py for tasks to queue
[2024-03-09T10:44:49.292+0000] {logging_mixin.py:188} INFO - [2024-03-09T10:44:49.292+0000] {dagbag.py:540} INFO - Filling up the DagBag from /home/airflow/.local/lib/python3.8/site-packages/airflow/example_dags/example_branch_operator.py
[2024-03-09T10:44:49.314+0000] {processor.py:840} INFO - DAG(s) 'example_branch_operator' retrieved from /home/airflow/.local/lib/python3.8/site-packages/airflow/example_dags/example_branch_operator.py
[2024-03-09T10:44:49.344+0000] {logging_mixin.py:188} INFO - [2024-03-09T10:44:49.343+0000] {dag.py:3047} INFO - Sync 1 DAGs
[2024-03-09T10:44:49.369+0000] {logging_mixin.py:188} INFO - [2024-03-09T10:44:49.369+0000] {dag.py:3834} INFO - Setting next_dagrun for example_branch_operator to 2024-03-08 00:00:00+00:00, run_after=2024-03-09 00:00:00+00:00
[2024-03-09T10:44:49.396+0000] {processor.py:183} INFO - Processing /home/airflow/.local/lib/python3.8/site-packages/airflow/example_dags/example_branch_operator.py took 0.112 seconds
[2024-03-09T10:45:19.573+0000] {processor.py:161} INFO - Started process (PID=1654) to work on /home/airflow/.local/lib/python3.8/site-packages/airflow/example_dags/example_branch_operator.py
[2024-03-09T10:45:19.575+0000] {processor.py:830} INFO - Processing file /home/airflow/.local/lib/python3.8/site-packages/airflow/example_dags/example_branch_operator.py for tasks to queue
[2024-03-09T10:45:19.577+0000] {logging_mixin.py:188} INFO - [2024-03-09T10:45:19.576+0000] {dagbag.py:540} INFO - Filling up the DagBag from /home/airflow/.local/lib/python3.8/site-packages/airflow/example_dags/example_branch_operator.py
[2024-03-09T10:45:19.596+0000] {processor.py:840} INFO - DAG(s) 'example_branch_operator' retrieved from /home/airflow/.local/lib/python3.8/site-packages/airflow/example_dags/example_branch_operator.py
[2024-03-09T10:45:19.629+0000] {logging_mixin.py:188} INFO - [2024-03-09T10:45:19.629+0000] {dag.py:3047} INFO - Sync 1 DAGs
[2024-03-09T10:45:19.664+0000] {logging_mixin.py:188} INFO - [2024-03-09T10:45:19.664+0000] {dag.py:3834} INFO - Setting next_dagrun for example_branch_operator to 2024-03-08 00:00:00+00:00, run_after=2024-03-09 00:00:00+00:00
[2024-03-09T10:45:19.699+0000] {processor.py:183} INFO - Processing /home/airflow/.local/lib/python3.8/site-packages/airflow/example_dags/example_branch_operator.py took 0.129 seconds
[2024-03-09T10:45:49.826+0000] {processor.py:161} INFO - Started process (PID=1710) to work on /home/airflow/.local/lib/python3.8/site-packages/airflow/example_dags/example_branch_operator.py
[2024-03-09T10:45:49.827+0000] {processor.py:830} INFO - Processing file /home/airflow/.local/lib/python3.8/site-packages/airflow/example_dags/example_branch_operator.py for tasks to queue
[2024-03-09T10:45:49.830+0000] {logging_mixin.py:188} INFO - [2024-03-09T10:45:49.829+0000] {dagbag.py:540} INFO - Filling up the DagBag from /home/airflow/.local/lib/python3.8/site-packages/airflow/example_dags/example_branch_operator.py
[2024-03-09T10:45:49.857+0000] {processor.py:840} INFO - DAG(s) 'example_branch_operator' retrieved from /home/airflow/.local/lib/python3.8/site-packages/airflow/example_dags/example_branch_operator.py
[2024-03-09T10:45:49.913+0000] {logging_mixin.py:188} INFO - [2024-03-09T10:45:49.912+0000] {dag.py:3047} INFO - Sync 1 DAGs
[2024-03-09T10:45:49.962+0000] {logging_mixin.py:188} INFO - [2024-03-09T10:45:49.962+0000] {dag.py:3834} INFO - Setting next_dagrun for example_branch_operator to 2024-03-08 00:00:00+00:00, run_after=2024-03-09 00:00:00+00:00
[2024-03-09T10:45:49.999+0000] {processor.py:183} INFO - Processing /home/airflow/.local/lib/python3.8/site-packages/airflow/example_dags/example_branch_operator.py took 0.177 seconds
