[2024-03-09T10:30:38.160+0000] {processor.py:161} INFO - Started process (PID=74) to work on /home/airflow/.local/lib/python3.8/site-packages/airflow/example_dags/example_subdag_operator.py
[2024-03-09T10:30:38.163+0000] {processor.py:830} INFO - Processing file /home/airflow/.local/lib/python3.8/site-packages/airflow/example_dags/example_subdag_operator.py for tasks to queue
[2024-03-09T10:30:38.166+0000] {logging_mixin.py:188} INFO - [2024-03-09T10:30:38.166+0000] {dagbag.py:540} INFO - Filling up the DagBag from /home/airflow/.local/lib/python3.8/site-packages/airflow/example_dags/example_subdag_operator.py
[2024-03-09T10:30:38.201+0000] {processor.py:840} INFO - DAG(s) 'example_subdag_operator.section-1', 'example_subdag_operator.section-2', 'example_subdag_operator' retrieved from /home/airflow/.local/lib/python3.8/site-packages/airflow/example_dags/example_subdag_operator.py
[2024-03-09T10:30:38.356+0000] {logging_mixin.py:188} INFO - [2024-03-09T10:30:38.356+0000] {dag.py:3047} INFO - Sync 3 DAGs
[2024-03-09T10:30:38.385+0000] {logging_mixin.py:188} INFO - [2024-03-09T10:30:38.385+0000] {dag.py:3834} INFO - Setting next_dagrun for example_subdag_operator to 2022-01-01 00:00:00+00:00, run_after=2022-01-01 00:00:00+00:00
[2024-03-09T10:30:38.389+0000] {logging_mixin.py:188} INFO - [2024-03-09T10:30:38.389+0000] {dag.py:3834} INFO - Setting next_dagrun for example_subdag_operator.section-1 to None, run_after=None
[2024-03-09T10:30:38.392+0000] {logging_mixin.py:188} INFO - [2024-03-09T10:30:38.391+0000] {dag.py:3834} INFO - Setting next_dagrun for example_subdag_operator.section-2 to None, run_after=None
[2024-03-09T10:30:38.405+0000] {logging_mixin.py:188} INFO - [2024-03-09T10:30:38.404+0000] {dag.py:3047} INFO - Sync 2 DAGs
[2024-03-09T10:30:38.413+0000] {logging_mixin.py:188} INFO - [2024-03-09T10:30:38.413+0000] {dag.py:3834} INFO - Setting next_dagrun for example_subdag_operator.section-1 to None, run_after=None
[2024-03-09T10:30:38.414+0000] {logging_mixin.py:188} INFO - [2024-03-09T10:30:38.414+0000] {dag.py:3834} INFO - Setting next_dagrun for example_subdag_operator.section-2 to None, run_after=None
[2024-03-09T10:30:38.432+0000] {processor.py:183} INFO - Processing /home/airflow/.local/lib/python3.8/site-packages/airflow/example_dags/example_subdag_operator.py took 0.276 seconds
[2024-03-09T10:31:09.274+0000] {processor.py:161} INFO - Started process (PID=129) to work on /home/airflow/.local/lib/python3.8/site-packages/airflow/example_dags/example_subdag_operator.py
[2024-03-09T10:31:09.275+0000] {processor.py:830} INFO - Processing file /home/airflow/.local/lib/python3.8/site-packages/airflow/example_dags/example_subdag_operator.py for tasks to queue
[2024-03-09T10:31:09.278+0000] {logging_mixin.py:188} INFO - [2024-03-09T10:31:09.278+0000] {dagbag.py:540} INFO - Filling up the DagBag from /home/airflow/.local/lib/python3.8/site-packages/airflow/example_dags/example_subdag_operator.py
[2024-03-09T10:31:09.313+0000] {processor.py:840} INFO - DAG(s) 'example_subdag_operator.section-1', 'example_subdag_operator.section-2', 'example_subdag_operator' retrieved from /home/airflow/.local/lib/python3.8/site-packages/airflow/example_dags/example_subdag_operator.py
[2024-03-09T10:31:09.338+0000] {logging_mixin.py:188} INFO - [2024-03-09T10:31:09.338+0000] {dag.py:3047} INFO - Sync 3 DAGs
[2024-03-09T10:31:09.368+0000] {logging_mixin.py:188} INFO - [2024-03-09T10:31:09.367+0000] {dag.py:3834} INFO - Setting next_dagrun for example_subdag_operator to 2022-01-01 00:00:00+00:00, run_after=2022-01-01 00:00:00+00:00
[2024-03-09T10:31:09.374+0000] {logging_mixin.py:188} INFO - [2024-03-09T10:31:09.373+0000] {dag.py:3834} INFO - Setting next_dagrun for example_subdag_operator.section-1 to None, run_after=None
[2024-03-09T10:31:09.376+0000] {logging_mixin.py:188} INFO - [2024-03-09T10:31:09.376+0000] {dag.py:3834} INFO - Setting next_dagrun for example_subdag_operator.section-2 to None, run_after=None
[2024-03-09T10:31:09.387+0000] {logging_mixin.py:188} INFO - [2024-03-09T10:31:09.387+0000] {dag.py:3047} INFO - Sync 2 DAGs
[2024-03-09T10:31:09.395+0000] {logging_mixin.py:188} INFO - [2024-03-09T10:31:09.395+0000] {dag.py:3834} INFO - Setting next_dagrun for example_subdag_operator.section-1 to None, run_after=None
[2024-03-09T10:31:09.396+0000] {logging_mixin.py:188} INFO - [2024-03-09T10:31:09.396+0000] {dag.py:3834} INFO - Setting next_dagrun for example_subdag_operator.section-2 to None, run_after=None
[2024-03-09T10:31:09.416+0000] {processor.py:183} INFO - Processing /home/airflow/.local/lib/python3.8/site-packages/airflow/example_dags/example_subdag_operator.py took 0.146 seconds
[2024-03-09T10:31:40.237+0000] {processor.py:161} INFO - Started process (PID=184) to work on /home/airflow/.local/lib/python3.8/site-packages/airflow/example_dags/example_subdag_operator.py
[2024-03-09T10:31:40.238+0000] {processor.py:830} INFO - Processing file /home/airflow/.local/lib/python3.8/site-packages/airflow/example_dags/example_subdag_operator.py for tasks to queue
[2024-03-09T10:31:40.240+0000] {logging_mixin.py:188} INFO - [2024-03-09T10:31:40.240+0000] {dagbag.py:540} INFO - Filling up the DagBag from /home/airflow/.local/lib/python3.8/site-packages/airflow/example_dags/example_subdag_operator.py
[2024-03-09T10:31:40.617+0000] {processor.py:840} INFO - DAG(s) 'example_subdag_operator.section-1', 'example_subdag_operator.section-2', 'example_subdag_operator' retrieved from /home/airflow/.local/lib/python3.8/site-packages/airflow/example_dags/example_subdag_operator.py
[2024-03-09T10:31:40.657+0000] {logging_mixin.py:188} INFO - [2024-03-09T10:31:40.656+0000] {dag.py:3047} INFO - Sync 3 DAGs
[2024-03-09T10:31:40.711+0000] {logging_mixin.py:188} INFO - [2024-03-09T10:31:40.710+0000] {dag.py:3834} INFO - Setting next_dagrun for example_subdag_operator to 2022-01-01 00:00:00+00:00, run_after=2022-01-01 00:00:00+00:00
[2024-03-09T10:31:40.719+0000] {logging_mixin.py:188} INFO - [2024-03-09T10:31:40.718+0000] {dag.py:3834} INFO - Setting next_dagrun for example_subdag_operator.section-1 to None, run_after=None
[2024-03-09T10:31:40.722+0000] {logging_mixin.py:188} INFO - [2024-03-09T10:31:40.722+0000] {dag.py:3834} INFO - Setting next_dagrun for example_subdag_operator.section-2 to None, run_after=None
[2024-03-09T10:31:40.734+0000] {logging_mixin.py:188} INFO - [2024-03-09T10:31:40.733+0000] {dag.py:3047} INFO - Sync 2 DAGs
[2024-03-09T10:31:40.743+0000] {logging_mixin.py:188} INFO - [2024-03-09T10:31:40.743+0000] {dag.py:3834} INFO - Setting next_dagrun for example_subdag_operator.section-1 to None, run_after=None
[2024-03-09T10:31:40.744+0000] {logging_mixin.py:188} INFO - [2024-03-09T10:31:40.744+0000] {dag.py:3834} INFO - Setting next_dagrun for example_subdag_operator.section-2 to None, run_after=None
[2024-03-09T10:31:40.773+0000] {processor.py:183} INFO - Processing /home/airflow/.local/lib/python3.8/site-packages/airflow/example_dags/example_subdag_operator.py took 0.539 seconds
[2024-03-09T10:32:10.814+0000] {processor.py:161} INFO - Started process (PID=239) to work on /home/airflow/.local/lib/python3.8/site-packages/airflow/example_dags/example_subdag_operator.py
[2024-03-09T10:32:10.816+0000] {processor.py:830} INFO - Processing file /home/airflow/.local/lib/python3.8/site-packages/airflow/example_dags/example_subdag_operator.py for tasks to queue
[2024-03-09T10:32:10.818+0000] {logging_mixin.py:188} INFO - [2024-03-09T10:32:10.818+0000] {dagbag.py:540} INFO - Filling up the DagBag from /home/airflow/.local/lib/python3.8/site-packages/airflow/example_dags/example_subdag_operator.py
[2024-03-09T10:32:10.848+0000] {processor.py:840} INFO - DAG(s) 'example_subdag_operator.section-1', 'example_subdag_operator.section-2', 'example_subdag_operator' retrieved from /home/airflow/.local/lib/python3.8/site-packages/airflow/example_dags/example_subdag_operator.py
[2024-03-09T10:32:10.876+0000] {logging_mixin.py:188} INFO - [2024-03-09T10:32:10.875+0000] {dag.py:3047} INFO - Sync 3 DAGs
[2024-03-09T10:32:10.909+0000] {logging_mixin.py:188} INFO - [2024-03-09T10:32:10.908+0000] {dag.py:3834} INFO - Setting next_dagrun for example_subdag_operator to 2022-01-01 00:00:00+00:00, run_after=2022-01-01 00:00:00+00:00
[2024-03-09T10:32:10.915+0000] {logging_mixin.py:188} INFO - [2024-03-09T10:32:10.914+0000] {dag.py:3834} INFO - Setting next_dagrun for example_subdag_operator.section-1 to None, run_after=None
[2024-03-09T10:32:10.917+0000] {logging_mixin.py:188} INFO - [2024-03-09T10:32:10.917+0000] {dag.py:3834} INFO - Setting next_dagrun for example_subdag_operator.section-2 to None, run_after=None
[2024-03-09T10:32:10.928+0000] {logging_mixin.py:188} INFO - [2024-03-09T10:32:10.927+0000] {dag.py:3047} INFO - Sync 2 DAGs
[2024-03-09T10:32:10.935+0000] {logging_mixin.py:188} INFO - [2024-03-09T10:32:10.935+0000] {dag.py:3834} INFO - Setting next_dagrun for example_subdag_operator.section-1 to None, run_after=None
[2024-03-09T10:32:10.936+0000] {logging_mixin.py:188} INFO - [2024-03-09T10:32:10.936+0000] {dag.py:3834} INFO - Setting next_dagrun for example_subdag_operator.section-2 to None, run_after=None
[2024-03-09T10:32:10.955+0000] {processor.py:183} INFO - Processing /home/airflow/.local/lib/python3.8/site-packages/airflow/example_dags/example_subdag_operator.py took 0.145 seconds
[2024-03-09T10:32:41.323+0000] {processor.py:161} INFO - Started process (PID=294) to work on /home/airflow/.local/lib/python3.8/site-packages/airflow/example_dags/example_subdag_operator.py
[2024-03-09T10:32:41.324+0000] {processor.py:830} INFO - Processing file /home/airflow/.local/lib/python3.8/site-packages/airflow/example_dags/example_subdag_operator.py for tasks to queue
[2024-03-09T10:32:41.327+0000] {logging_mixin.py:188} INFO - [2024-03-09T10:32:41.326+0000] {dagbag.py:540} INFO - Filling up the DagBag from /home/airflow/.local/lib/python3.8/site-packages/airflow/example_dags/example_subdag_operator.py
[2024-03-09T10:32:41.355+0000] {processor.py:840} INFO - DAG(s) 'example_subdag_operator.section-1', 'example_subdag_operator.section-2', 'example_subdag_operator' retrieved from /home/airflow/.local/lib/python3.8/site-packages/airflow/example_dags/example_subdag_operator.py
[2024-03-09T10:32:41.374+0000] {logging_mixin.py:188} INFO - [2024-03-09T10:32:41.374+0000] {dag.py:3047} INFO - Sync 3 DAGs
[2024-03-09T10:32:41.398+0000] {logging_mixin.py:188} INFO - [2024-03-09T10:32:41.398+0000] {dag.py:3834} INFO - Setting next_dagrun for example_subdag_operator to 2022-01-01 00:00:00+00:00, run_after=2022-01-01 00:00:00+00:00
[2024-03-09T10:32:41.403+0000] {logging_mixin.py:188} INFO - [2024-03-09T10:32:41.403+0000] {dag.py:3834} INFO - Setting next_dagrun for example_subdag_operator.section-1 to None, run_after=None
[2024-03-09T10:32:41.406+0000] {logging_mixin.py:188} INFO - [2024-03-09T10:32:41.405+0000] {dag.py:3834} INFO - Setting next_dagrun for example_subdag_operator.section-2 to None, run_after=None
[2024-03-09T10:32:41.414+0000] {logging_mixin.py:188} INFO - [2024-03-09T10:32:41.414+0000] {dag.py:3047} INFO - Sync 2 DAGs
[2024-03-09T10:32:41.421+0000] {logging_mixin.py:188} INFO - [2024-03-09T10:32:41.420+0000] {dag.py:3834} INFO - Setting next_dagrun for example_subdag_operator.section-1 to None, run_after=None
[2024-03-09T10:32:41.422+0000] {logging_mixin.py:188} INFO - [2024-03-09T10:32:41.422+0000] {dag.py:3834} INFO - Setting next_dagrun for example_subdag_operator.section-2 to None, run_after=None
[2024-03-09T10:32:41.439+0000] {processor.py:183} INFO - Processing /home/airflow/.local/lib/python3.8/site-packages/airflow/example_dags/example_subdag_operator.py took 0.119 seconds
[2024-03-09T10:33:11.644+0000] {processor.py:161} INFO - Started process (PID=349) to work on /home/airflow/.local/lib/python3.8/site-packages/airflow/example_dags/example_subdag_operator.py
[2024-03-09T10:33:11.646+0000] {processor.py:830} INFO - Processing file /home/airflow/.local/lib/python3.8/site-packages/airflow/example_dags/example_subdag_operator.py for tasks to queue
[2024-03-09T10:33:11.648+0000] {logging_mixin.py:188} INFO - [2024-03-09T10:33:11.648+0000] {dagbag.py:540} INFO - Filling up the DagBag from /home/airflow/.local/lib/python3.8/site-packages/airflow/example_dags/example_subdag_operator.py
[2024-03-09T10:33:11.679+0000] {processor.py:840} INFO - DAG(s) 'example_subdag_operator.section-1', 'example_subdag_operator.section-2', 'example_subdag_operator' retrieved from /home/airflow/.local/lib/python3.8/site-packages/airflow/example_dags/example_subdag_operator.py
[2024-03-09T10:33:11.700+0000] {logging_mixin.py:188} INFO - [2024-03-09T10:33:11.700+0000] {dag.py:3047} INFO - Sync 3 DAGs
[2024-03-09T10:33:11.729+0000] {logging_mixin.py:188} INFO - [2024-03-09T10:33:11.729+0000] {dag.py:3834} INFO - Setting next_dagrun for example_subdag_operator to 2022-01-01 00:00:00+00:00, run_after=2022-01-01 00:00:00+00:00
[2024-03-09T10:33:11.734+0000] {logging_mixin.py:188} INFO - [2024-03-09T10:33:11.734+0000] {dag.py:3834} INFO - Setting next_dagrun for example_subdag_operator.section-1 to None, run_after=None
[2024-03-09T10:33:11.737+0000] {logging_mixin.py:188} INFO - [2024-03-09T10:33:11.737+0000] {dag.py:3834} INFO - Setting next_dagrun for example_subdag_operator.section-2 to None, run_after=None
[2024-03-09T10:33:11.747+0000] {logging_mixin.py:188} INFO - [2024-03-09T10:33:11.747+0000] {dag.py:3047} INFO - Sync 2 DAGs
[2024-03-09T10:33:11.754+0000] {logging_mixin.py:188} INFO - [2024-03-09T10:33:11.754+0000] {dag.py:3834} INFO - Setting next_dagrun for example_subdag_operator.section-1 to None, run_after=None
[2024-03-09T10:33:11.755+0000] {logging_mixin.py:188} INFO - [2024-03-09T10:33:11.755+0000] {dag.py:3834} INFO - Setting next_dagrun for example_subdag_operator.section-2 to None, run_after=None
[2024-03-09T10:33:11.774+0000] {processor.py:183} INFO - Processing /home/airflow/.local/lib/python3.8/site-packages/airflow/example_dags/example_subdag_operator.py took 0.134 seconds
[2024-03-09T10:33:42.142+0000] {processor.py:161} INFO - Started process (PID=404) to work on /home/airflow/.local/lib/python3.8/site-packages/airflow/example_dags/example_subdag_operator.py
[2024-03-09T10:33:42.143+0000] {processor.py:830} INFO - Processing file /home/airflow/.local/lib/python3.8/site-packages/airflow/example_dags/example_subdag_operator.py for tasks to queue
[2024-03-09T10:33:42.144+0000] {logging_mixin.py:188} INFO - [2024-03-09T10:33:42.144+0000] {dagbag.py:540} INFO - Filling up the DagBag from /home/airflow/.local/lib/python3.8/site-packages/airflow/example_dags/example_subdag_operator.py
[2024-03-09T10:33:42.171+0000] {processor.py:840} INFO - DAG(s) 'example_subdag_operator.section-1', 'example_subdag_operator.section-2', 'example_subdag_operator' retrieved from /home/airflow/.local/lib/python3.8/site-packages/airflow/example_dags/example_subdag_operator.py
[2024-03-09T10:33:42.190+0000] {logging_mixin.py:188} INFO - [2024-03-09T10:33:42.190+0000] {dag.py:3047} INFO - Sync 3 DAGs
[2024-03-09T10:33:42.213+0000] {logging_mixin.py:188} INFO - [2024-03-09T10:33:42.213+0000] {dag.py:3834} INFO - Setting next_dagrun for example_subdag_operator to 2022-01-01 00:00:00+00:00, run_after=2022-01-01 00:00:00+00:00
[2024-03-09T10:33:42.218+0000] {logging_mixin.py:188} INFO - [2024-03-09T10:33:42.218+0000] {dag.py:3834} INFO - Setting next_dagrun for example_subdag_operator.section-1 to None, run_after=None
[2024-03-09T10:33:42.220+0000] {logging_mixin.py:188} INFO - [2024-03-09T10:33:42.220+0000] {dag.py:3834} INFO - Setting next_dagrun for example_subdag_operator.section-2 to None, run_after=None
[2024-03-09T10:33:42.229+0000] {logging_mixin.py:188} INFO - [2024-03-09T10:33:42.229+0000] {dag.py:3047} INFO - Sync 2 DAGs
[2024-03-09T10:33:42.236+0000] {logging_mixin.py:188} INFO - [2024-03-09T10:33:42.236+0000] {dag.py:3834} INFO - Setting next_dagrun for example_subdag_operator.section-1 to None, run_after=None
[2024-03-09T10:33:42.237+0000] {logging_mixin.py:188} INFO - [2024-03-09T10:33:42.237+0000] {dag.py:3834} INFO - Setting next_dagrun for example_subdag_operator.section-2 to None, run_after=None
[2024-03-09T10:33:42.257+0000] {processor.py:183} INFO - Processing /home/airflow/.local/lib/python3.8/site-packages/airflow/example_dags/example_subdag_operator.py took 0.118 seconds
[2024-03-09T10:34:12.530+0000] {processor.py:161} INFO - Started process (PID=459) to work on /home/airflow/.local/lib/python3.8/site-packages/airflow/example_dags/example_subdag_operator.py
[2024-03-09T10:34:12.531+0000] {processor.py:830} INFO - Processing file /home/airflow/.local/lib/python3.8/site-packages/airflow/example_dags/example_subdag_operator.py for tasks to queue
[2024-03-09T10:34:12.534+0000] {logging_mixin.py:188} INFO - [2024-03-09T10:34:12.534+0000] {dagbag.py:540} INFO - Filling up the DagBag from /home/airflow/.local/lib/python3.8/site-packages/airflow/example_dags/example_subdag_operator.py
[2024-03-09T10:34:12.568+0000] {processor.py:840} INFO - DAG(s) 'example_subdag_operator.section-1', 'example_subdag_operator.section-2', 'example_subdag_operator' retrieved from /home/airflow/.local/lib/python3.8/site-packages/airflow/example_dags/example_subdag_operator.py
[2024-03-09T10:34:12.595+0000] {logging_mixin.py:188} INFO - [2024-03-09T10:34:12.595+0000] {dag.py:3047} INFO - Sync 3 DAGs
[2024-03-09T10:34:12.626+0000] {logging_mixin.py:188} INFO - [2024-03-09T10:34:12.626+0000] {dag.py:3834} INFO - Setting next_dagrun for example_subdag_operator to 2022-01-01 00:00:00+00:00, run_after=2022-01-01 00:00:00+00:00
[2024-03-09T10:34:12.631+0000] {logging_mixin.py:188} INFO - [2024-03-09T10:34:12.631+0000] {dag.py:3834} INFO - Setting next_dagrun for example_subdag_operator.section-1 to None, run_after=None
[2024-03-09T10:34:12.633+0000] {logging_mixin.py:188} INFO - [2024-03-09T10:34:12.633+0000] {dag.py:3834} INFO - Setting next_dagrun for example_subdag_operator.section-2 to None, run_after=None
[2024-03-09T10:34:12.646+0000] {logging_mixin.py:188} INFO - [2024-03-09T10:34:12.646+0000] {dag.py:3047} INFO - Sync 2 DAGs
[2024-03-09T10:34:12.655+0000] {logging_mixin.py:188} INFO - [2024-03-09T10:34:12.654+0000] {dag.py:3834} INFO - Setting next_dagrun for example_subdag_operator.section-1 to None, run_after=None
[2024-03-09T10:34:12.656+0000] {logging_mixin.py:188} INFO - [2024-03-09T10:34:12.655+0000] {dag.py:3834} INFO - Setting next_dagrun for example_subdag_operator.section-2 to None, run_after=None
[2024-03-09T10:34:12.678+0000] {processor.py:183} INFO - Processing /home/airflow/.local/lib/python3.8/site-packages/airflow/example_dags/example_subdag_operator.py took 0.153 seconds
[2024-03-09T10:34:42.951+0000] {processor.py:161} INFO - Started process (PID=514) to work on /home/airflow/.local/lib/python3.8/site-packages/airflow/example_dags/example_subdag_operator.py
[2024-03-09T10:34:42.953+0000] {processor.py:830} INFO - Processing file /home/airflow/.local/lib/python3.8/site-packages/airflow/example_dags/example_subdag_operator.py for tasks to queue
[2024-03-09T10:34:42.955+0000] {logging_mixin.py:188} INFO - [2024-03-09T10:34:42.954+0000] {dagbag.py:540} INFO - Filling up the DagBag from /home/airflow/.local/lib/python3.8/site-packages/airflow/example_dags/example_subdag_operator.py
[2024-03-09T10:34:42.984+0000] {processor.py:840} INFO - DAG(s) 'example_subdag_operator.section-1', 'example_subdag_operator.section-2', 'example_subdag_operator' retrieved from /home/airflow/.local/lib/python3.8/site-packages/airflow/example_dags/example_subdag_operator.py
[2024-03-09T10:34:43.004+0000] {logging_mixin.py:188} INFO - [2024-03-09T10:34:43.003+0000] {dag.py:3047} INFO - Sync 3 DAGs
[2024-03-09T10:34:43.033+0000] {logging_mixin.py:188} INFO - [2024-03-09T10:34:43.033+0000] {dag.py:3834} INFO - Setting next_dagrun for example_subdag_operator to 2022-01-01 00:00:00+00:00, run_after=2022-01-01 00:00:00+00:00
[2024-03-09T10:34:43.038+0000] {logging_mixin.py:188} INFO - [2024-03-09T10:34:43.038+0000] {dag.py:3834} INFO - Setting next_dagrun for example_subdag_operator.section-1 to None, run_after=None
[2024-03-09T10:34:43.041+0000] {logging_mixin.py:188} INFO - [2024-03-09T10:34:43.041+0000] {dag.py:3834} INFO - Setting next_dagrun for example_subdag_operator.section-2 to None, run_after=None
[2024-03-09T10:34:43.052+0000] {logging_mixin.py:188} INFO - [2024-03-09T10:34:43.051+0000] {dag.py:3047} INFO - Sync 2 DAGs
[2024-03-09T10:34:43.058+0000] {logging_mixin.py:188} INFO - [2024-03-09T10:34:43.058+0000] {dag.py:3834} INFO - Setting next_dagrun for example_subdag_operator.section-1 to None, run_after=None
[2024-03-09T10:34:43.060+0000] {logging_mixin.py:188} INFO - [2024-03-09T10:34:43.060+0000] {dag.py:3834} INFO - Setting next_dagrun for example_subdag_operator.section-2 to None, run_after=None
[2024-03-09T10:34:43.081+0000] {processor.py:183} INFO - Processing /home/airflow/.local/lib/python3.8/site-packages/airflow/example_dags/example_subdag_operator.py took 0.133 seconds
[2024-03-09T10:35:13.282+0000] {processor.py:161} INFO - Started process (PID=569) to work on /home/airflow/.local/lib/python3.8/site-packages/airflow/example_dags/example_subdag_operator.py
[2024-03-09T10:35:13.283+0000] {processor.py:830} INFO - Processing file /home/airflow/.local/lib/python3.8/site-packages/airflow/example_dags/example_subdag_operator.py for tasks to queue
[2024-03-09T10:35:13.285+0000] {logging_mixin.py:188} INFO - [2024-03-09T10:35:13.285+0000] {dagbag.py:540} INFO - Filling up the DagBag from /home/airflow/.local/lib/python3.8/site-packages/airflow/example_dags/example_subdag_operator.py
[2024-03-09T10:35:13.311+0000] {processor.py:840} INFO - DAG(s) 'example_subdag_operator.section-1', 'example_subdag_operator.section-2', 'example_subdag_operator' retrieved from /home/airflow/.local/lib/python3.8/site-packages/airflow/example_dags/example_subdag_operator.py
[2024-03-09T10:35:13.331+0000] {logging_mixin.py:188} INFO - [2024-03-09T10:35:13.331+0000] {dag.py:3047} INFO - Sync 3 DAGs
[2024-03-09T10:35:13.356+0000] {logging_mixin.py:188} INFO - [2024-03-09T10:35:13.355+0000] {dag.py:3834} INFO - Setting next_dagrun for example_subdag_operator to 2022-01-01 00:00:00+00:00, run_after=2022-01-01 00:00:00+00:00
[2024-03-09T10:35:13.361+0000] {logging_mixin.py:188} INFO - [2024-03-09T10:35:13.360+0000] {dag.py:3834} INFO - Setting next_dagrun for example_subdag_operator.section-1 to None, run_after=None
[2024-03-09T10:35:13.363+0000] {logging_mixin.py:188} INFO - [2024-03-09T10:35:13.363+0000] {dag.py:3834} INFO - Setting next_dagrun for example_subdag_operator.section-2 to None, run_after=None
[2024-03-09T10:35:13.373+0000] {logging_mixin.py:188} INFO - [2024-03-09T10:35:13.372+0000] {dag.py:3047} INFO - Sync 2 DAGs
[2024-03-09T10:35:13.380+0000] {logging_mixin.py:188} INFO - [2024-03-09T10:35:13.380+0000] {dag.py:3834} INFO - Setting next_dagrun for example_subdag_operator.section-1 to None, run_after=None
[2024-03-09T10:35:13.381+0000] {logging_mixin.py:188} INFO - [2024-03-09T10:35:13.381+0000] {dag.py:3834} INFO - Setting next_dagrun for example_subdag_operator.section-2 to None, run_after=None
[2024-03-09T10:35:13.401+0000] {processor.py:183} INFO - Processing /home/airflow/.local/lib/python3.8/site-packages/airflow/example_dags/example_subdag_operator.py took 0.121 seconds
[2024-03-09T10:35:43.773+0000] {processor.py:161} INFO - Started process (PID=624) to work on /home/airflow/.local/lib/python3.8/site-packages/airflow/example_dags/example_subdag_operator.py
[2024-03-09T10:35:43.774+0000] {processor.py:830} INFO - Processing file /home/airflow/.local/lib/python3.8/site-packages/airflow/example_dags/example_subdag_operator.py for tasks to queue
[2024-03-09T10:35:43.775+0000] {logging_mixin.py:188} INFO - [2024-03-09T10:35:43.775+0000] {dagbag.py:540} INFO - Filling up the DagBag from /home/airflow/.local/lib/python3.8/site-packages/airflow/example_dags/example_subdag_operator.py
[2024-03-09T10:35:43.802+0000] {processor.py:840} INFO - DAG(s) 'example_subdag_operator.section-1', 'example_subdag_operator.section-2', 'example_subdag_operator' retrieved from /home/airflow/.local/lib/python3.8/site-packages/airflow/example_dags/example_subdag_operator.py
[2024-03-09T10:35:43.821+0000] {logging_mixin.py:188} INFO - [2024-03-09T10:35:43.821+0000] {dag.py:3047} INFO - Sync 3 DAGs
[2024-03-09T10:35:43.844+0000] {logging_mixin.py:188} INFO - [2024-03-09T10:35:43.844+0000] {dag.py:3834} INFO - Setting next_dagrun for example_subdag_operator to 2022-01-01 00:00:00+00:00, run_after=2022-01-01 00:00:00+00:00
[2024-03-09T10:35:43.849+0000] {logging_mixin.py:188} INFO - [2024-03-09T10:35:43.849+0000] {dag.py:3834} INFO - Setting next_dagrun for example_subdag_operator.section-1 to None, run_after=None
[2024-03-09T10:35:43.851+0000] {logging_mixin.py:188} INFO - [2024-03-09T10:35:43.851+0000] {dag.py:3834} INFO - Setting next_dagrun for example_subdag_operator.section-2 to None, run_after=None
[2024-03-09T10:35:43.860+0000] {logging_mixin.py:188} INFO - [2024-03-09T10:35:43.860+0000] {dag.py:3047} INFO - Sync 2 DAGs
[2024-03-09T10:35:43.867+0000] {logging_mixin.py:188} INFO - [2024-03-09T10:35:43.866+0000] {dag.py:3834} INFO - Setting next_dagrun for example_subdag_operator.section-1 to None, run_after=None
[2024-03-09T10:35:43.868+0000] {logging_mixin.py:188} INFO - [2024-03-09T10:35:43.868+0000] {dag.py:3834} INFO - Setting next_dagrun for example_subdag_operator.section-2 to None, run_after=None
[2024-03-09T10:35:43.889+0000] {processor.py:183} INFO - Processing /home/airflow/.local/lib/python3.8/site-packages/airflow/example_dags/example_subdag_operator.py took 0.120 seconds
[2024-03-09T10:36:14.039+0000] {processor.py:161} INFO - Started process (PID=679) to work on /home/airflow/.local/lib/python3.8/site-packages/airflow/example_dags/example_subdag_operator.py
[2024-03-09T10:36:14.040+0000] {processor.py:830} INFO - Processing file /home/airflow/.local/lib/python3.8/site-packages/airflow/example_dags/example_subdag_operator.py for tasks to queue
[2024-03-09T10:36:14.041+0000] {logging_mixin.py:188} INFO - [2024-03-09T10:36:14.041+0000] {dagbag.py:540} INFO - Filling up the DagBag from /home/airflow/.local/lib/python3.8/site-packages/airflow/example_dags/example_subdag_operator.py
[2024-03-09T10:36:14.069+0000] {processor.py:840} INFO - DAG(s) 'example_subdag_operator.section-1', 'example_subdag_operator.section-2', 'example_subdag_operator' retrieved from /home/airflow/.local/lib/python3.8/site-packages/airflow/example_dags/example_subdag_operator.py
[2024-03-09T10:36:14.088+0000] {logging_mixin.py:188} INFO - [2024-03-09T10:36:14.088+0000] {dag.py:3047} INFO - Sync 3 DAGs
[2024-03-09T10:36:14.112+0000] {logging_mixin.py:188} INFO - [2024-03-09T10:36:14.111+0000] {dag.py:3834} INFO - Setting next_dagrun for example_subdag_operator to 2022-01-01 00:00:00+00:00, run_after=2022-01-01 00:00:00+00:00
[2024-03-09T10:36:14.116+0000] {logging_mixin.py:188} INFO - [2024-03-09T10:36:14.116+0000] {dag.py:3834} INFO - Setting next_dagrun for example_subdag_operator.section-1 to None, run_after=None
[2024-03-09T10:36:14.119+0000] {logging_mixin.py:188} INFO - [2024-03-09T10:36:14.118+0000] {dag.py:3834} INFO - Setting next_dagrun for example_subdag_operator.section-2 to None, run_after=None
[2024-03-09T10:36:14.127+0000] {logging_mixin.py:188} INFO - [2024-03-09T10:36:14.127+0000] {dag.py:3047} INFO - Sync 2 DAGs
[2024-03-09T10:36:14.134+0000] {logging_mixin.py:188} INFO - [2024-03-09T10:36:14.134+0000] {dag.py:3834} INFO - Setting next_dagrun for example_subdag_operator.section-1 to None, run_after=None
[2024-03-09T10:36:14.135+0000] {logging_mixin.py:188} INFO - [2024-03-09T10:36:14.135+0000] {dag.py:3834} INFO - Setting next_dagrun for example_subdag_operator.section-2 to None, run_after=None
[2024-03-09T10:36:14.155+0000] {processor.py:183} INFO - Processing /home/airflow/.local/lib/python3.8/site-packages/airflow/example_dags/example_subdag_operator.py took 0.119 seconds
[2024-03-09T10:36:44.284+0000] {processor.py:161} INFO - Started process (PID=735) to work on /home/airflow/.local/lib/python3.8/site-packages/airflow/example_dags/example_subdag_operator.py
[2024-03-09T10:36:44.286+0000] {processor.py:830} INFO - Processing file /home/airflow/.local/lib/python3.8/site-packages/airflow/example_dags/example_subdag_operator.py for tasks to queue
[2024-03-09T10:36:44.288+0000] {logging_mixin.py:188} INFO - [2024-03-09T10:36:44.287+0000] {dagbag.py:540} INFO - Filling up the DagBag from /home/airflow/.local/lib/python3.8/site-packages/airflow/example_dags/example_subdag_operator.py
[2024-03-09T10:36:44.314+0000] {processor.py:840} INFO - DAG(s) 'example_subdag_operator.section-1', 'example_subdag_operator.section-2', 'example_subdag_operator' retrieved from /home/airflow/.local/lib/python3.8/site-packages/airflow/example_dags/example_subdag_operator.py
[2024-03-09T10:36:44.340+0000] {logging_mixin.py:188} INFO - [2024-03-09T10:36:44.340+0000] {dag.py:3047} INFO - Sync 3 DAGs
[2024-03-09T10:36:44.365+0000] {logging_mixin.py:188} INFO - [2024-03-09T10:36:44.364+0000] {dag.py:3834} INFO - Setting next_dagrun for example_subdag_operator to 2022-01-01 00:00:00+00:00, run_after=2022-01-01 00:00:00+00:00
[2024-03-09T10:36:44.370+0000] {logging_mixin.py:188} INFO - [2024-03-09T10:36:44.370+0000] {dag.py:3834} INFO - Setting next_dagrun for example_subdag_operator.section-1 to None, run_after=None
[2024-03-09T10:36:44.372+0000] {logging_mixin.py:188} INFO - [2024-03-09T10:36:44.372+0000] {dag.py:3834} INFO - Setting next_dagrun for example_subdag_operator.section-2 to None, run_after=None
[2024-03-09T10:36:44.381+0000] {logging_mixin.py:188} INFO - [2024-03-09T10:36:44.380+0000] {dag.py:3047} INFO - Sync 2 DAGs
[2024-03-09T10:36:44.386+0000] {logging_mixin.py:188} INFO - [2024-03-09T10:36:44.386+0000] {dag.py:3834} INFO - Setting next_dagrun for example_subdag_operator.section-1 to None, run_after=None
[2024-03-09T10:36:44.387+0000] {logging_mixin.py:188} INFO - [2024-03-09T10:36:44.387+0000] {dag.py:3834} INFO - Setting next_dagrun for example_subdag_operator.section-2 to None, run_after=None
[2024-03-09T10:36:44.404+0000] {processor.py:183} INFO - Processing /home/airflow/.local/lib/python3.8/site-packages/airflow/example_dags/example_subdag_operator.py took 0.122 seconds
[2024-03-09T10:37:15.216+0000] {processor.py:161} INFO - Started process (PID=790) to work on /home/airflow/.local/lib/python3.8/site-packages/airflow/example_dags/example_subdag_operator.py
[2024-03-09T10:37:15.218+0000] {processor.py:830} INFO - Processing file /home/airflow/.local/lib/python3.8/site-packages/airflow/example_dags/example_subdag_operator.py for tasks to queue
[2024-03-09T10:37:15.221+0000] {logging_mixin.py:188} INFO - [2024-03-09T10:37:15.220+0000] {dagbag.py:540} INFO - Filling up the DagBag from /home/airflow/.local/lib/python3.8/site-packages/airflow/example_dags/example_subdag_operator.py
[2024-03-09T10:37:15.251+0000] {processor.py:840} INFO - DAG(s) 'example_subdag_operator.section-1', 'example_subdag_operator.section-2', 'example_subdag_operator' retrieved from /home/airflow/.local/lib/python3.8/site-packages/airflow/example_dags/example_subdag_operator.py
[2024-03-09T10:37:15.279+0000] {logging_mixin.py:188} INFO - [2024-03-09T10:37:15.278+0000] {dag.py:3047} INFO - Sync 3 DAGs
[2024-03-09T10:37:15.304+0000] {logging_mixin.py:188} INFO - [2024-03-09T10:37:15.304+0000] {dag.py:3834} INFO - Setting next_dagrun for example_subdag_operator to 2022-01-01 00:00:00+00:00, run_after=2022-01-01 00:00:00+00:00
[2024-03-09T10:37:15.310+0000] {logging_mixin.py:188} INFO - [2024-03-09T10:37:15.310+0000] {dag.py:3834} INFO - Setting next_dagrun for example_subdag_operator.section-1 to None, run_after=None
[2024-03-09T10:37:15.313+0000] {logging_mixin.py:188} INFO - [2024-03-09T10:37:15.312+0000] {dag.py:3834} INFO - Setting next_dagrun for example_subdag_operator.section-2 to None, run_after=None
[2024-03-09T10:37:15.323+0000] {logging_mixin.py:188} INFO - [2024-03-09T10:37:15.322+0000] {dag.py:3047} INFO - Sync 2 DAGs
[2024-03-09T10:37:15.329+0000] {logging_mixin.py:188} INFO - [2024-03-09T10:37:15.329+0000] {dag.py:3834} INFO - Setting next_dagrun for example_subdag_operator.section-1 to None, run_after=None
[2024-03-09T10:37:15.330+0000] {logging_mixin.py:188} INFO - [2024-03-09T10:37:15.330+0000] {dag.py:3834} INFO - Setting next_dagrun for example_subdag_operator.section-2 to None, run_after=None
[2024-03-09T10:37:15.364+0000] {processor.py:183} INFO - Processing /home/airflow/.local/lib/python3.8/site-packages/airflow/example_dags/example_subdag_operator.py took 0.151 seconds
[2024-03-09T10:37:45.705+0000] {processor.py:161} INFO - Started process (PID=845) to work on /home/airflow/.local/lib/python3.8/site-packages/airflow/example_dags/example_subdag_operator.py
[2024-03-09T10:37:45.707+0000] {processor.py:830} INFO - Processing file /home/airflow/.local/lib/python3.8/site-packages/airflow/example_dags/example_subdag_operator.py for tasks to queue
[2024-03-09T10:37:45.709+0000] {logging_mixin.py:188} INFO - [2024-03-09T10:37:45.708+0000] {dagbag.py:540} INFO - Filling up the DagBag from /home/airflow/.local/lib/python3.8/site-packages/airflow/example_dags/example_subdag_operator.py
[2024-03-09T10:37:45.740+0000] {processor.py:840} INFO - DAG(s) 'example_subdag_operator.section-1', 'example_subdag_operator.section-2', 'example_subdag_operator' retrieved from /home/airflow/.local/lib/python3.8/site-packages/airflow/example_dags/example_subdag_operator.py
[2024-03-09T10:37:45.758+0000] {logging_mixin.py:188} INFO - [2024-03-09T10:37:45.757+0000] {dag.py:3047} INFO - Sync 3 DAGs
[2024-03-09T10:37:45.782+0000] {logging_mixin.py:188} INFO - [2024-03-09T10:37:45.782+0000] {dag.py:3834} INFO - Setting next_dagrun for example_subdag_operator to 2022-01-01 00:00:00+00:00, run_after=2022-01-01 00:00:00+00:00
[2024-03-09T10:37:45.787+0000] {logging_mixin.py:188} INFO - [2024-03-09T10:37:45.787+0000] {dag.py:3834} INFO - Setting next_dagrun for example_subdag_operator.section-1 to None, run_after=None
[2024-03-09T10:37:45.789+0000] {logging_mixin.py:188} INFO - [2024-03-09T10:37:45.789+0000] {dag.py:3834} INFO - Setting next_dagrun for example_subdag_operator.section-2 to None, run_after=None
[2024-03-09T10:37:45.798+0000] {logging_mixin.py:188} INFO - [2024-03-09T10:37:45.798+0000] {dag.py:3047} INFO - Sync 2 DAGs
[2024-03-09T10:37:45.805+0000] {logging_mixin.py:188} INFO - [2024-03-09T10:37:45.805+0000] {dag.py:3834} INFO - Setting next_dagrun for example_subdag_operator.section-1 to None, run_after=None
[2024-03-09T10:37:45.806+0000] {logging_mixin.py:188} INFO - [2024-03-09T10:37:45.806+0000] {dag.py:3834} INFO - Setting next_dagrun for example_subdag_operator.section-2 to None, run_after=None
[2024-03-09T10:37:45.826+0000] {processor.py:183} INFO - Processing /home/airflow/.local/lib/python3.8/site-packages/airflow/example_dags/example_subdag_operator.py took 0.123 seconds
[2024-03-09T10:38:16.205+0000] {processor.py:161} INFO - Started process (PID=899) to work on /home/airflow/.local/lib/python3.8/site-packages/airflow/example_dags/example_subdag_operator.py
[2024-03-09T10:38:16.206+0000] {processor.py:830} INFO - Processing file /home/airflow/.local/lib/python3.8/site-packages/airflow/example_dags/example_subdag_operator.py for tasks to queue
[2024-03-09T10:38:16.208+0000] {logging_mixin.py:188} INFO - [2024-03-09T10:38:16.207+0000] {dagbag.py:540} INFO - Filling up the DagBag from /home/airflow/.local/lib/python3.8/site-packages/airflow/example_dags/example_subdag_operator.py
[2024-03-09T10:38:16.234+0000] {processor.py:840} INFO - DAG(s) 'example_subdag_operator.section-1', 'example_subdag_operator.section-2', 'example_subdag_operator' retrieved from /home/airflow/.local/lib/python3.8/site-packages/airflow/example_dags/example_subdag_operator.py
[2024-03-09T10:38:16.252+0000] {logging_mixin.py:188} INFO - [2024-03-09T10:38:16.252+0000] {dag.py:3047} INFO - Sync 3 DAGs
[2024-03-09T10:38:16.278+0000] {logging_mixin.py:188} INFO - [2024-03-09T10:38:16.278+0000] {dag.py:3834} INFO - Setting next_dagrun for example_subdag_operator to 2022-01-01 00:00:00+00:00, run_after=2022-01-01 00:00:00+00:00
[2024-03-09T10:38:16.283+0000] {logging_mixin.py:188} INFO - [2024-03-09T10:38:16.283+0000] {dag.py:3834} INFO - Setting next_dagrun for example_subdag_operator.section-1 to None, run_after=None
[2024-03-09T10:38:16.286+0000] {logging_mixin.py:188} INFO - [2024-03-09T10:38:16.286+0000] {dag.py:3834} INFO - Setting next_dagrun for example_subdag_operator.section-2 to None, run_after=None
[2024-03-09T10:38:16.298+0000] {logging_mixin.py:188} INFO - [2024-03-09T10:38:16.297+0000] {dag.py:3047} INFO - Sync 2 DAGs
[2024-03-09T10:38:16.305+0000] {logging_mixin.py:188} INFO - [2024-03-09T10:38:16.304+0000] {dag.py:3834} INFO - Setting next_dagrun for example_subdag_operator.section-1 to None, run_after=None
[2024-03-09T10:38:16.305+0000] {logging_mixin.py:188} INFO - [2024-03-09T10:38:16.305+0000] {dag.py:3834} INFO - Setting next_dagrun for example_subdag_operator.section-2 to None, run_after=None
[2024-03-09T10:38:16.322+0000] {processor.py:183} INFO - Processing /home/airflow/.local/lib/python3.8/site-packages/airflow/example_dags/example_subdag_operator.py took 0.121 seconds
[2024-03-09T10:38:47.341+0000] {processor.py:161} INFO - Started process (PID=954) to work on /home/airflow/.local/lib/python3.8/site-packages/airflow/example_dags/example_subdag_operator.py
[2024-03-09T10:38:47.342+0000] {processor.py:830} INFO - Processing file /home/airflow/.local/lib/python3.8/site-packages/airflow/example_dags/example_subdag_operator.py for tasks to queue
[2024-03-09T10:38:47.344+0000] {logging_mixin.py:188} INFO - [2024-03-09T10:38:47.344+0000] {dagbag.py:540} INFO - Filling up the DagBag from /home/airflow/.local/lib/python3.8/site-packages/airflow/example_dags/example_subdag_operator.py
[2024-03-09T10:38:47.405+0000] {processor.py:840} INFO - DAG(s) 'example_subdag_operator.section-1', 'example_subdag_operator.section-2', 'example_subdag_operator' retrieved from /home/airflow/.local/lib/python3.8/site-packages/airflow/example_dags/example_subdag_operator.py
[2024-03-09T10:38:47.441+0000] {logging_mixin.py:188} INFO - [2024-03-09T10:38:47.441+0000] {dag.py:3047} INFO - Sync 3 DAGs
[2024-03-09T10:38:47.478+0000] {logging_mixin.py:188} INFO - [2024-03-09T10:38:47.478+0000] {dag.py:3834} INFO - Setting next_dagrun for example_subdag_operator to 2022-01-01 00:00:00+00:00, run_after=2022-01-01 00:00:00+00:00
[2024-03-09T10:38:47.485+0000] {logging_mixin.py:188} INFO - [2024-03-09T10:38:47.485+0000] {dag.py:3834} INFO - Setting next_dagrun for example_subdag_operator.section-1 to None, run_after=None
[2024-03-09T10:38:47.489+0000] {logging_mixin.py:188} INFO - [2024-03-09T10:38:47.488+0000] {dag.py:3834} INFO - Setting next_dagrun for example_subdag_operator.section-2 to None, run_after=None
[2024-03-09T10:38:47.499+0000] {logging_mixin.py:188} INFO - [2024-03-09T10:38:47.498+0000] {dag.py:3047} INFO - Sync 2 DAGs
[2024-03-09T10:38:47.505+0000] {logging_mixin.py:188} INFO - [2024-03-09T10:38:47.505+0000] {dag.py:3834} INFO - Setting next_dagrun for example_subdag_operator.section-1 to None, run_after=None
[2024-03-09T10:38:47.506+0000] {logging_mixin.py:188} INFO - [2024-03-09T10:38:47.506+0000] {dag.py:3834} INFO - Setting next_dagrun for example_subdag_operator.section-2 to None, run_after=None
[2024-03-09T10:38:47.554+0000] {processor.py:183} INFO - Processing /home/airflow/.local/lib/python3.8/site-packages/airflow/example_dags/example_subdag_operator.py took 0.218 seconds
[2024-03-09T10:39:18.982+0000] {processor.py:161} INFO - Started process (PID=1009) to work on /home/airflow/.local/lib/python3.8/site-packages/airflow/example_dags/example_subdag_operator.py
[2024-03-09T10:39:18.984+0000] {processor.py:830} INFO - Processing file /home/airflow/.local/lib/python3.8/site-packages/airflow/example_dags/example_subdag_operator.py for tasks to queue
[2024-03-09T10:39:18.989+0000] {logging_mixin.py:188} INFO - [2024-03-09T10:39:18.987+0000] {dagbag.py:540} INFO - Filling up the DagBag from /home/airflow/.local/lib/python3.8/site-packages/airflow/example_dags/example_subdag_operator.py
[2024-03-09T10:39:19.047+0000] {processor.py:840} INFO - DAG(s) 'example_subdag_operator.section-1', 'example_subdag_operator.section-2', 'example_subdag_operator' retrieved from /home/airflow/.local/lib/python3.8/site-packages/airflow/example_dags/example_subdag_operator.py
[2024-03-09T10:39:19.110+0000] {logging_mixin.py:188} INFO - [2024-03-09T10:39:19.108+0000] {dag.py:3047} INFO - Sync 3 DAGs
[2024-03-09T10:39:19.219+0000] {logging_mixin.py:188} INFO - [2024-03-09T10:39:19.217+0000] {dag.py:3834} INFO - Setting next_dagrun for example_subdag_operator to 2022-01-01 00:00:00+00:00, run_after=2022-01-01 00:00:00+00:00
[2024-03-09T10:39:19.232+0000] {logging_mixin.py:188} INFO - [2024-03-09T10:39:19.231+0000] {dag.py:3834} INFO - Setting next_dagrun for example_subdag_operator.section-1 to None, run_after=None
[2024-03-09T10:39:19.240+0000] {logging_mixin.py:188} INFO - [2024-03-09T10:39:19.240+0000] {dag.py:3834} INFO - Setting next_dagrun for example_subdag_operator.section-2 to None, run_after=None
[2024-03-09T10:39:19.294+0000] {logging_mixin.py:188} INFO - [2024-03-09T10:39:19.293+0000] {dag.py:3047} INFO - Sync 2 DAGs
[2024-03-09T10:39:19.314+0000] {logging_mixin.py:188} INFO - [2024-03-09T10:39:19.314+0000] {dag.py:3834} INFO - Setting next_dagrun for example_subdag_operator.section-1 to None, run_after=None
[2024-03-09T10:39:19.316+0000] {logging_mixin.py:188} INFO - [2024-03-09T10:39:19.316+0000] {dag.py:3834} INFO - Setting next_dagrun for example_subdag_operator.section-2 to None, run_after=None
[2024-03-09T10:39:19.357+0000] {processor.py:183} INFO - Processing /home/airflow/.local/lib/python3.8/site-packages/airflow/example_dags/example_subdag_operator.py took 0.381 seconds
[2024-03-09T10:39:49.425+0000] {processor.py:161} INFO - Started process (PID=1064) to work on /home/airflow/.local/lib/python3.8/site-packages/airflow/example_dags/example_subdag_operator.py
[2024-03-09T10:39:49.426+0000] {processor.py:830} INFO - Processing file /home/airflow/.local/lib/python3.8/site-packages/airflow/example_dags/example_subdag_operator.py for tasks to queue
[2024-03-09T10:39:49.428+0000] {logging_mixin.py:188} INFO - [2024-03-09T10:39:49.428+0000] {dagbag.py:540} INFO - Filling up the DagBag from /home/airflow/.local/lib/python3.8/site-packages/airflow/example_dags/example_subdag_operator.py
[2024-03-09T10:39:49.461+0000] {processor.py:840} INFO - DAG(s) 'example_subdag_operator.section-1', 'example_subdag_operator.section-2', 'example_subdag_operator' retrieved from /home/airflow/.local/lib/python3.8/site-packages/airflow/example_dags/example_subdag_operator.py
[2024-03-09T10:39:49.488+0000] {logging_mixin.py:188} INFO - [2024-03-09T10:39:49.488+0000] {dag.py:3047} INFO - Sync 3 DAGs
[2024-03-09T10:39:49.513+0000] {logging_mixin.py:188} INFO - [2024-03-09T10:39:49.513+0000] {dag.py:3834} INFO - Setting next_dagrun for example_subdag_operator to 2022-01-01 00:00:00+00:00, run_after=2022-01-01 00:00:00+00:00
[2024-03-09T10:39:49.518+0000] {logging_mixin.py:188} INFO - [2024-03-09T10:39:49.518+0000] {dag.py:3834} INFO - Setting next_dagrun for example_subdag_operator.section-1 to None, run_after=None
[2024-03-09T10:39:49.520+0000] {logging_mixin.py:188} INFO - [2024-03-09T10:39:49.520+0000] {dag.py:3834} INFO - Setting next_dagrun for example_subdag_operator.section-2 to None, run_after=None
[2024-03-09T10:39:49.530+0000] {logging_mixin.py:188} INFO - [2024-03-09T10:39:49.529+0000] {dag.py:3047} INFO - Sync 2 DAGs
[2024-03-09T10:39:49.537+0000] {logging_mixin.py:188} INFO - [2024-03-09T10:39:49.536+0000] {dag.py:3834} INFO - Setting next_dagrun for example_subdag_operator.section-1 to None, run_after=None
[2024-03-09T10:39:49.538+0000] {logging_mixin.py:188} INFO - [2024-03-09T10:39:49.537+0000] {dag.py:3834} INFO - Setting next_dagrun for example_subdag_operator.section-2 to None, run_after=None
[2024-03-09T10:39:49.550+0000] {processor.py:183} INFO - Processing /home/airflow/.local/lib/python3.8/site-packages/airflow/example_dags/example_subdag_operator.py took 0.130 seconds
[2024-03-09T10:40:19.593+0000] {processor.py:161} INFO - Started process (PID=1119) to work on /home/airflow/.local/lib/python3.8/site-packages/airflow/example_dags/example_subdag_operator.py
[2024-03-09T10:40:19.595+0000] {processor.py:830} INFO - Processing file /home/airflow/.local/lib/python3.8/site-packages/airflow/example_dags/example_subdag_operator.py for tasks to queue
[2024-03-09T10:40:19.598+0000] {logging_mixin.py:188} INFO - [2024-03-09T10:40:19.597+0000] {dagbag.py:540} INFO - Filling up the DagBag from /home/airflow/.local/lib/python3.8/site-packages/airflow/example_dags/example_subdag_operator.py
[2024-03-09T10:40:19.629+0000] {processor.py:840} INFO - DAG(s) 'example_subdag_operator.section-1', 'example_subdag_operator.section-2', 'example_subdag_operator' retrieved from /home/airflow/.local/lib/python3.8/site-packages/airflow/example_dags/example_subdag_operator.py
[2024-03-09T10:40:19.651+0000] {logging_mixin.py:188} INFO - [2024-03-09T10:40:19.651+0000] {dag.py:3047} INFO - Sync 3 DAGs
[2024-03-09T10:40:19.681+0000] {logging_mixin.py:188} INFO - [2024-03-09T10:40:19.681+0000] {dag.py:3834} INFO - Setting next_dagrun for example_subdag_operator to 2022-01-01 00:00:00+00:00, run_after=2022-01-01 00:00:00+00:00
[2024-03-09T10:40:19.687+0000] {logging_mixin.py:188} INFO - [2024-03-09T10:40:19.687+0000] {dag.py:3834} INFO - Setting next_dagrun for example_subdag_operator.section-1 to None, run_after=None
[2024-03-09T10:40:19.689+0000] {logging_mixin.py:188} INFO - [2024-03-09T10:40:19.689+0000] {dag.py:3834} INFO - Setting next_dagrun for example_subdag_operator.section-2 to None, run_after=None
[2024-03-09T10:40:19.697+0000] {logging_mixin.py:188} INFO - [2024-03-09T10:40:19.697+0000] {dag.py:3047} INFO - Sync 2 DAGs
[2024-03-09T10:40:19.704+0000] {logging_mixin.py:188} INFO - [2024-03-09T10:40:19.704+0000] {dag.py:3834} INFO - Setting next_dagrun for example_subdag_operator.section-1 to None, run_after=None
[2024-03-09T10:40:19.705+0000] {logging_mixin.py:188} INFO - [2024-03-09T10:40:19.705+0000] {dag.py:3834} INFO - Setting next_dagrun for example_subdag_operator.section-2 to None, run_after=None
[2024-03-09T10:40:19.722+0000] {processor.py:183} INFO - Processing /home/airflow/.local/lib/python3.8/site-packages/airflow/example_dags/example_subdag_operator.py took 0.133 seconds
[2024-03-09T10:40:50.202+0000] {processor.py:161} INFO - Started process (PID=1174) to work on /home/airflow/.local/lib/python3.8/site-packages/airflow/example_dags/example_subdag_operator.py
[2024-03-09T10:40:50.204+0000] {processor.py:830} INFO - Processing file /home/airflow/.local/lib/python3.8/site-packages/airflow/example_dags/example_subdag_operator.py for tasks to queue
[2024-03-09T10:40:50.206+0000] {logging_mixin.py:188} INFO - [2024-03-09T10:40:50.206+0000] {dagbag.py:540} INFO - Filling up the DagBag from /home/airflow/.local/lib/python3.8/site-packages/airflow/example_dags/example_subdag_operator.py
[2024-03-09T10:40:50.237+0000] {processor.py:840} INFO - DAG(s) 'example_subdag_operator.section-1', 'example_subdag_operator.section-2', 'example_subdag_operator' retrieved from /home/airflow/.local/lib/python3.8/site-packages/airflow/example_dags/example_subdag_operator.py
[2024-03-09T10:40:50.257+0000] {logging_mixin.py:188} INFO - [2024-03-09T10:40:50.257+0000] {dag.py:3047} INFO - Sync 3 DAGs
[2024-03-09T10:40:50.288+0000] {logging_mixin.py:188} INFO - [2024-03-09T10:40:50.287+0000] {dag.py:3834} INFO - Setting next_dagrun for example_subdag_operator to 2022-01-01 00:00:00+00:00, run_after=2022-01-01 00:00:00+00:00
[2024-03-09T10:40:50.293+0000] {logging_mixin.py:188} INFO - [2024-03-09T10:40:50.293+0000] {dag.py:3834} INFO - Setting next_dagrun for example_subdag_operator.section-1 to None, run_after=None
[2024-03-09T10:40:50.296+0000] {logging_mixin.py:188} INFO - [2024-03-09T10:40:50.296+0000] {dag.py:3834} INFO - Setting next_dagrun for example_subdag_operator.section-2 to None, run_after=None
[2024-03-09T10:40:50.310+0000] {logging_mixin.py:188} INFO - [2024-03-09T10:40:50.309+0000] {dag.py:3047} INFO - Sync 2 DAGs
[2024-03-09T10:40:50.319+0000] {logging_mixin.py:188} INFO - [2024-03-09T10:40:50.318+0000] {dag.py:3834} INFO - Setting next_dagrun for example_subdag_operator.section-1 to None, run_after=None
[2024-03-09T10:40:50.320+0000] {logging_mixin.py:188} INFO - [2024-03-09T10:40:50.320+0000] {dag.py:3834} INFO - Setting next_dagrun for example_subdag_operator.section-2 to None, run_after=None
[2024-03-09T10:40:50.344+0000] {processor.py:183} INFO - Processing /home/airflow/.local/lib/python3.8/site-packages/airflow/example_dags/example_subdag_operator.py took 0.146 seconds
[2024-03-09T10:41:21.125+0000] {processor.py:161} INFO - Started process (PID=1229) to work on /home/airflow/.local/lib/python3.8/site-packages/airflow/example_dags/example_subdag_operator.py
[2024-03-09T10:41:21.126+0000] {processor.py:830} INFO - Processing file /home/airflow/.local/lib/python3.8/site-packages/airflow/example_dags/example_subdag_operator.py for tasks to queue
[2024-03-09T10:41:21.128+0000] {logging_mixin.py:188} INFO - [2024-03-09T10:41:21.128+0000] {dagbag.py:540} INFO - Filling up the DagBag from /home/airflow/.local/lib/python3.8/site-packages/airflow/example_dags/example_subdag_operator.py
[2024-03-09T10:41:21.156+0000] {processor.py:840} INFO - DAG(s) 'example_subdag_operator.section-1', 'example_subdag_operator.section-2', 'example_subdag_operator' retrieved from /home/airflow/.local/lib/python3.8/site-packages/airflow/example_dags/example_subdag_operator.py
[2024-03-09T10:41:21.175+0000] {logging_mixin.py:188} INFO - [2024-03-09T10:41:21.175+0000] {dag.py:3047} INFO - Sync 3 DAGs
[2024-03-09T10:41:21.202+0000] {logging_mixin.py:188} INFO - [2024-03-09T10:41:21.202+0000] {dag.py:3834} INFO - Setting next_dagrun for example_subdag_operator to 2022-01-01 00:00:00+00:00, run_after=2022-01-01 00:00:00+00:00
[2024-03-09T10:41:21.207+0000] {logging_mixin.py:188} INFO - [2024-03-09T10:41:21.207+0000] {dag.py:3834} INFO - Setting next_dagrun for example_subdag_operator.section-1 to None, run_after=None
[2024-03-09T10:41:21.210+0000] {logging_mixin.py:188} INFO - [2024-03-09T10:41:21.209+0000] {dag.py:3834} INFO - Setting next_dagrun for example_subdag_operator.section-2 to None, run_after=None
[2024-03-09T10:41:21.221+0000] {logging_mixin.py:188} INFO - [2024-03-09T10:41:21.220+0000] {dag.py:3047} INFO - Sync 2 DAGs
[2024-03-09T10:41:21.227+0000] {logging_mixin.py:188} INFO - [2024-03-09T10:41:21.227+0000] {dag.py:3834} INFO - Setting next_dagrun for example_subdag_operator.section-1 to None, run_after=None
[2024-03-09T10:41:21.229+0000] {logging_mixin.py:188} INFO - [2024-03-09T10:41:21.228+0000] {dag.py:3834} INFO - Setting next_dagrun for example_subdag_operator.section-2 to None, run_after=None
[2024-03-09T10:41:21.246+0000] {processor.py:183} INFO - Processing /home/airflow/.local/lib/python3.8/site-packages/airflow/example_dags/example_subdag_operator.py took 0.125 seconds
[2024-03-09T10:41:51.372+0000] {processor.py:161} INFO - Started process (PID=1284) to work on /home/airflow/.local/lib/python3.8/site-packages/airflow/example_dags/example_subdag_operator.py
[2024-03-09T10:41:51.373+0000] {processor.py:830} INFO - Processing file /home/airflow/.local/lib/python3.8/site-packages/airflow/example_dags/example_subdag_operator.py for tasks to queue
[2024-03-09T10:41:51.375+0000] {logging_mixin.py:188} INFO - [2024-03-09T10:41:51.375+0000] {dagbag.py:540} INFO - Filling up the DagBag from /home/airflow/.local/lib/python3.8/site-packages/airflow/example_dags/example_subdag_operator.py
[2024-03-09T10:41:51.400+0000] {processor.py:840} INFO - DAG(s) 'example_subdag_operator.section-1', 'example_subdag_operator.section-2', 'example_subdag_operator' retrieved from /home/airflow/.local/lib/python3.8/site-packages/airflow/example_dags/example_subdag_operator.py
[2024-03-09T10:41:51.419+0000] {logging_mixin.py:188} INFO - [2024-03-09T10:41:51.418+0000] {dag.py:3047} INFO - Sync 3 DAGs
[2024-03-09T10:41:51.448+0000] {logging_mixin.py:188} INFO - [2024-03-09T10:41:51.448+0000] {dag.py:3834} INFO - Setting next_dagrun for example_subdag_operator to 2022-01-01 00:00:00+00:00, run_after=2022-01-01 00:00:00+00:00
[2024-03-09T10:41:51.454+0000] {logging_mixin.py:188} INFO - [2024-03-09T10:41:51.454+0000] {dag.py:3834} INFO - Setting next_dagrun for example_subdag_operator.section-1 to None, run_after=None
[2024-03-09T10:41:51.457+0000] {logging_mixin.py:188} INFO - [2024-03-09T10:41:51.457+0000] {dag.py:3834} INFO - Setting next_dagrun for example_subdag_operator.section-2 to None, run_after=None
[2024-03-09T10:41:51.466+0000] {logging_mixin.py:188} INFO - [2024-03-09T10:41:51.466+0000] {dag.py:3047} INFO - Sync 2 DAGs
[2024-03-09T10:41:51.473+0000] {logging_mixin.py:188} INFO - [2024-03-09T10:41:51.472+0000] {dag.py:3834} INFO - Setting next_dagrun for example_subdag_operator.section-1 to None, run_after=None
[2024-03-09T10:41:51.474+0000] {logging_mixin.py:188} INFO - [2024-03-09T10:41:51.474+0000] {dag.py:3834} INFO - Setting next_dagrun for example_subdag_operator.section-2 to None, run_after=None
[2024-03-09T10:41:51.495+0000] {processor.py:183} INFO - Processing /home/airflow/.local/lib/python3.8/site-packages/airflow/example_dags/example_subdag_operator.py took 0.126 seconds
[2024-03-09T10:42:21.615+0000] {processor.py:161} INFO - Started process (PID=1339) to work on /home/airflow/.local/lib/python3.8/site-packages/airflow/example_dags/example_subdag_operator.py
[2024-03-09T10:42:21.616+0000] {processor.py:830} INFO - Processing file /home/airflow/.local/lib/python3.8/site-packages/airflow/example_dags/example_subdag_operator.py for tasks to queue
[2024-03-09T10:42:21.618+0000] {logging_mixin.py:188} INFO - [2024-03-09T10:42:21.618+0000] {dagbag.py:540} INFO - Filling up the DagBag from /home/airflow/.local/lib/python3.8/site-packages/airflow/example_dags/example_subdag_operator.py
[2024-03-09T10:42:21.659+0000] {processor.py:840} INFO - DAG(s) 'example_subdag_operator.section-1', 'example_subdag_operator.section-2', 'example_subdag_operator' retrieved from /home/airflow/.local/lib/python3.8/site-packages/airflow/example_dags/example_subdag_operator.py
[2024-03-09T10:42:21.682+0000] {logging_mixin.py:188} INFO - [2024-03-09T10:42:21.682+0000] {dag.py:3047} INFO - Sync 3 DAGs
[2024-03-09T10:42:21.708+0000] {logging_mixin.py:188} INFO - [2024-03-09T10:42:21.708+0000] {dag.py:3834} INFO - Setting next_dagrun for example_subdag_operator to 2022-01-01 00:00:00+00:00, run_after=2022-01-01 00:00:00+00:00
[2024-03-09T10:42:21.713+0000] {logging_mixin.py:188} INFO - [2024-03-09T10:42:21.713+0000] {dag.py:3834} INFO - Setting next_dagrun for example_subdag_operator.section-1 to None, run_after=None
[2024-03-09T10:42:21.716+0000] {logging_mixin.py:188} INFO - [2024-03-09T10:42:21.715+0000] {dag.py:3834} INFO - Setting next_dagrun for example_subdag_operator.section-2 to None, run_after=None
[2024-03-09T10:42:21.724+0000] {logging_mixin.py:188} INFO - [2024-03-09T10:42:21.724+0000] {dag.py:3047} INFO - Sync 2 DAGs
[2024-03-09T10:42:21.732+0000] {logging_mixin.py:188} INFO - [2024-03-09T10:42:21.731+0000] {dag.py:3834} INFO - Setting next_dagrun for example_subdag_operator.section-1 to None, run_after=None
[2024-03-09T10:42:21.733+0000] {logging_mixin.py:188} INFO - [2024-03-09T10:42:21.732+0000] {dag.py:3834} INFO - Setting next_dagrun for example_subdag_operator.section-2 to None, run_after=None
[2024-03-09T10:42:21.750+0000] {processor.py:183} INFO - Processing /home/airflow/.local/lib/python3.8/site-packages/airflow/example_dags/example_subdag_operator.py took 0.138 seconds
[2024-03-09T10:42:52.011+0000] {processor.py:161} INFO - Started process (PID=1400) to work on /home/airflow/.local/lib/python3.8/site-packages/airflow/example_dags/example_subdag_operator.py
[2024-03-09T10:42:52.013+0000] {processor.py:830} INFO - Processing file /home/airflow/.local/lib/python3.8/site-packages/airflow/example_dags/example_subdag_operator.py for tasks to queue
[2024-03-09T10:42:52.015+0000] {logging_mixin.py:188} INFO - [2024-03-09T10:42:52.014+0000] {dagbag.py:540} INFO - Filling up the DagBag from /home/airflow/.local/lib/python3.8/site-packages/airflow/example_dags/example_subdag_operator.py
[2024-03-09T10:42:52.039+0000] {processor.py:840} INFO - DAG(s) 'example_subdag_operator.section-1', 'example_subdag_operator.section-2', 'example_subdag_operator' retrieved from /home/airflow/.local/lib/python3.8/site-packages/airflow/example_dags/example_subdag_operator.py
[2024-03-09T10:42:52.057+0000] {logging_mixin.py:188} INFO - [2024-03-09T10:42:52.057+0000] {dag.py:3047} INFO - Sync 3 DAGs
[2024-03-09T10:42:52.081+0000] {logging_mixin.py:188} INFO - [2024-03-09T10:42:52.080+0000] {dag.py:3834} INFO - Setting next_dagrun for example_subdag_operator to 2022-01-01 00:00:00+00:00, run_after=2022-01-01 00:00:00+00:00
[2024-03-09T10:42:52.086+0000] {logging_mixin.py:188} INFO - [2024-03-09T10:42:52.086+0000] {dag.py:3834} INFO - Setting next_dagrun for example_subdag_operator.section-1 to None, run_after=None
[2024-03-09T10:42:52.089+0000] {logging_mixin.py:188} INFO - [2024-03-09T10:42:52.089+0000] {dag.py:3834} INFO - Setting next_dagrun for example_subdag_operator.section-2 to None, run_after=None
[2024-03-09T10:42:52.098+0000] {logging_mixin.py:188} INFO - [2024-03-09T10:42:52.097+0000] {dag.py:3047} INFO - Sync 2 DAGs
[2024-03-09T10:42:52.105+0000] {logging_mixin.py:188} INFO - [2024-03-09T10:42:52.104+0000] {dag.py:3834} INFO - Setting next_dagrun for example_subdag_operator.section-1 to None, run_after=None
[2024-03-09T10:42:52.106+0000] {logging_mixin.py:188} INFO - [2024-03-09T10:42:52.106+0000] {dag.py:3834} INFO - Setting next_dagrun for example_subdag_operator.section-2 to None, run_after=None
[2024-03-09T10:42:52.124+0000] {processor.py:183} INFO - Processing /home/airflow/.local/lib/python3.8/site-packages/airflow/example_dags/example_subdag_operator.py took 0.116 seconds
[2024-03-09T10:43:22.494+0000] {processor.py:161} INFO - Started process (PID=1455) to work on /home/airflow/.local/lib/python3.8/site-packages/airflow/example_dags/example_subdag_operator.py
[2024-03-09T10:43:22.496+0000] {processor.py:830} INFO - Processing file /home/airflow/.local/lib/python3.8/site-packages/airflow/example_dags/example_subdag_operator.py for tasks to queue
[2024-03-09T10:43:22.498+0000] {logging_mixin.py:188} INFO - [2024-03-09T10:43:22.498+0000] {dagbag.py:540} INFO - Filling up the DagBag from /home/airflow/.local/lib/python3.8/site-packages/airflow/example_dags/example_subdag_operator.py
[2024-03-09T10:43:22.532+0000] {processor.py:840} INFO - DAG(s) 'example_subdag_operator.section-1', 'example_subdag_operator.section-2', 'example_subdag_operator' retrieved from /home/airflow/.local/lib/python3.8/site-packages/airflow/example_dags/example_subdag_operator.py
[2024-03-09T10:43:22.553+0000] {logging_mixin.py:188} INFO - [2024-03-09T10:43:22.552+0000] {dag.py:3047} INFO - Sync 3 DAGs
[2024-03-09T10:43:22.581+0000] {logging_mixin.py:188} INFO - [2024-03-09T10:43:22.581+0000] {dag.py:3834} INFO - Setting next_dagrun for example_subdag_operator to 2022-01-01 00:00:00+00:00, run_after=2022-01-01 00:00:00+00:00
[2024-03-09T10:43:22.586+0000] {logging_mixin.py:188} INFO - [2024-03-09T10:43:22.586+0000] {dag.py:3834} INFO - Setting next_dagrun for example_subdag_operator.section-1 to None, run_after=None
[2024-03-09T10:43:22.588+0000] {logging_mixin.py:188} INFO - [2024-03-09T10:43:22.588+0000] {dag.py:3834} INFO - Setting next_dagrun for example_subdag_operator.section-2 to None, run_after=None
[2024-03-09T10:43:22.601+0000] {logging_mixin.py:188} INFO - [2024-03-09T10:43:22.601+0000] {dag.py:3047} INFO - Sync 2 DAGs
[2024-03-09T10:43:22.611+0000] {logging_mixin.py:188} INFO - [2024-03-09T10:43:22.610+0000] {dag.py:3834} INFO - Setting next_dagrun for example_subdag_operator.section-1 to None, run_after=None
[2024-03-09T10:43:22.612+0000] {logging_mixin.py:188} INFO - [2024-03-09T10:43:22.612+0000] {dag.py:3834} INFO - Setting next_dagrun for example_subdag_operator.section-2 to None, run_after=None
[2024-03-09T10:43:22.629+0000] {processor.py:183} INFO - Processing /home/airflow/.local/lib/python3.8/site-packages/airflow/example_dags/example_subdag_operator.py took 0.142 seconds
[2024-03-09T10:43:52.785+0000] {processor.py:161} INFO - Started process (PID=1510) to work on /home/airflow/.local/lib/python3.8/site-packages/airflow/example_dags/example_subdag_operator.py
[2024-03-09T10:43:52.787+0000] {processor.py:830} INFO - Processing file /home/airflow/.local/lib/python3.8/site-packages/airflow/example_dags/example_subdag_operator.py for tasks to queue
[2024-03-09T10:43:52.789+0000] {logging_mixin.py:188} INFO - [2024-03-09T10:43:52.789+0000] {dagbag.py:540} INFO - Filling up the DagBag from /home/airflow/.local/lib/python3.8/site-packages/airflow/example_dags/example_subdag_operator.py
[2024-03-09T10:43:52.829+0000] {processor.py:840} INFO - DAG(s) 'example_subdag_operator.section-1', 'example_subdag_operator.section-2', 'example_subdag_operator' retrieved from /home/airflow/.local/lib/python3.8/site-packages/airflow/example_dags/example_subdag_operator.py
[2024-03-09T10:43:52.858+0000] {logging_mixin.py:188} INFO - [2024-03-09T10:43:52.858+0000] {dag.py:3047} INFO - Sync 3 DAGs
[2024-03-09T10:43:52.895+0000] {logging_mixin.py:188} INFO - [2024-03-09T10:43:52.895+0000] {dag.py:3834} INFO - Setting next_dagrun for example_subdag_operator to 2022-01-01 00:00:00+00:00, run_after=2022-01-01 00:00:00+00:00
[2024-03-09T10:43:52.899+0000] {logging_mixin.py:188} INFO - [2024-03-09T10:43:52.899+0000] {dag.py:3834} INFO - Setting next_dagrun for example_subdag_operator.section-1 to None, run_after=None
[2024-03-09T10:43:52.901+0000] {logging_mixin.py:188} INFO - [2024-03-09T10:43:52.901+0000] {dag.py:3834} INFO - Setting next_dagrun for example_subdag_operator.section-2 to None, run_after=None
[2024-03-09T10:43:52.909+0000] {logging_mixin.py:188} INFO - [2024-03-09T10:43:52.909+0000] {dag.py:3047} INFO - Sync 2 DAGs
[2024-03-09T10:43:52.918+0000] {logging_mixin.py:188} INFO - [2024-03-09T10:43:52.918+0000] {dag.py:3834} INFO - Setting next_dagrun for example_subdag_operator.section-1 to None, run_after=None
[2024-03-09T10:43:52.919+0000] {logging_mixin.py:188} INFO - [2024-03-09T10:43:52.919+0000] {dag.py:3834} INFO - Setting next_dagrun for example_subdag_operator.section-2 to None, run_after=None
[2024-03-09T10:43:52.939+0000] {processor.py:183} INFO - Processing /home/airflow/.local/lib/python3.8/site-packages/airflow/example_dags/example_subdag_operator.py took 0.160 seconds
[2024-03-09T10:44:23.049+0000] {processor.py:161} INFO - Started process (PID=1565) to work on /home/airflow/.local/lib/python3.8/site-packages/airflow/example_dags/example_subdag_operator.py
[2024-03-09T10:44:23.050+0000] {processor.py:830} INFO - Processing file /home/airflow/.local/lib/python3.8/site-packages/airflow/example_dags/example_subdag_operator.py for tasks to queue
[2024-03-09T10:44:23.052+0000] {logging_mixin.py:188} INFO - [2024-03-09T10:44:23.051+0000] {dagbag.py:540} INFO - Filling up the DagBag from /home/airflow/.local/lib/python3.8/site-packages/airflow/example_dags/example_subdag_operator.py
[2024-03-09T10:44:23.076+0000] {processor.py:840} INFO - DAG(s) 'example_subdag_operator.section-1', 'example_subdag_operator.section-2', 'example_subdag_operator' retrieved from /home/airflow/.local/lib/python3.8/site-packages/airflow/example_dags/example_subdag_operator.py
[2024-03-09T10:44:23.093+0000] {logging_mixin.py:188} INFO - [2024-03-09T10:44:23.093+0000] {dag.py:3047} INFO - Sync 3 DAGs
[2024-03-09T10:44:23.116+0000] {logging_mixin.py:188} INFO - [2024-03-09T10:44:23.116+0000] {dag.py:3834} INFO - Setting next_dagrun for example_subdag_operator to 2022-01-01 00:00:00+00:00, run_after=2022-01-01 00:00:00+00:00
[2024-03-09T10:44:23.120+0000] {logging_mixin.py:188} INFO - [2024-03-09T10:44:23.120+0000] {dag.py:3834} INFO - Setting next_dagrun for example_subdag_operator.section-1 to None, run_after=None
[2024-03-09T10:44:23.122+0000] {logging_mixin.py:188} INFO - [2024-03-09T10:44:23.122+0000] {dag.py:3834} INFO - Setting next_dagrun for example_subdag_operator.section-2 to None, run_after=None
[2024-03-09T10:44:23.129+0000] {logging_mixin.py:188} INFO - [2024-03-09T10:44:23.129+0000] {dag.py:3047} INFO - Sync 2 DAGs
[2024-03-09T10:44:23.135+0000] {logging_mixin.py:188} INFO - [2024-03-09T10:44:23.135+0000] {dag.py:3834} INFO - Setting next_dagrun for example_subdag_operator.section-1 to None, run_after=None
[2024-03-09T10:44:23.136+0000] {logging_mixin.py:188} INFO - [2024-03-09T10:44:23.136+0000] {dag.py:3834} INFO - Setting next_dagrun for example_subdag_operator.section-2 to None, run_after=None
[2024-03-09T10:44:23.153+0000] {processor.py:183} INFO - Processing /home/airflow/.local/lib/python3.8/site-packages/airflow/example_dags/example_subdag_operator.py took 0.107 seconds
[2024-03-09T10:44:53.328+0000] {processor.py:161} INFO - Started process (PID=1620) to work on /home/airflow/.local/lib/python3.8/site-packages/airflow/example_dags/example_subdag_operator.py
[2024-03-09T10:44:53.329+0000] {processor.py:830} INFO - Processing file /home/airflow/.local/lib/python3.8/site-packages/airflow/example_dags/example_subdag_operator.py for tasks to queue
[2024-03-09T10:44:53.331+0000] {logging_mixin.py:188} INFO - [2024-03-09T10:44:53.331+0000] {dagbag.py:540} INFO - Filling up the DagBag from /home/airflow/.local/lib/python3.8/site-packages/airflow/example_dags/example_subdag_operator.py
[2024-03-09T10:44:53.355+0000] {processor.py:840} INFO - DAG(s) 'example_subdag_operator.section-1', 'example_subdag_operator.section-2', 'example_subdag_operator' retrieved from /home/airflow/.local/lib/python3.8/site-packages/airflow/example_dags/example_subdag_operator.py
[2024-03-09T10:44:53.371+0000] {logging_mixin.py:188} INFO - [2024-03-09T10:44:53.371+0000] {dag.py:3047} INFO - Sync 3 DAGs
[2024-03-09T10:44:53.392+0000] {logging_mixin.py:188} INFO - [2024-03-09T10:44:53.392+0000] {dag.py:3834} INFO - Setting next_dagrun for example_subdag_operator to 2022-01-01 00:00:00+00:00, run_after=2022-01-01 00:00:00+00:00
[2024-03-09T10:44:53.396+0000] {logging_mixin.py:188} INFO - [2024-03-09T10:44:53.396+0000] {dag.py:3834} INFO - Setting next_dagrun for example_subdag_operator.section-1 to None, run_after=None
[2024-03-09T10:44:53.398+0000] {logging_mixin.py:188} INFO - [2024-03-09T10:44:53.398+0000] {dag.py:3834} INFO - Setting next_dagrun for example_subdag_operator.section-2 to None, run_after=None
[2024-03-09T10:44:53.405+0000] {logging_mixin.py:188} INFO - [2024-03-09T10:44:53.405+0000] {dag.py:3047} INFO - Sync 2 DAGs
[2024-03-09T10:44:53.411+0000] {logging_mixin.py:188} INFO - [2024-03-09T10:44:53.411+0000] {dag.py:3834} INFO - Setting next_dagrun for example_subdag_operator.section-1 to None, run_after=None
[2024-03-09T10:44:53.412+0000] {logging_mixin.py:188} INFO - [2024-03-09T10:44:53.412+0000] {dag.py:3834} INFO - Setting next_dagrun for example_subdag_operator.section-2 to None, run_after=None
[2024-03-09T10:44:53.439+0000] {processor.py:183} INFO - Processing /home/airflow/.local/lib/python3.8/site-packages/airflow/example_dags/example_subdag_operator.py took 0.114 seconds
[2024-03-09T10:45:23.862+0000] {processor.py:161} INFO - Started process (PID=1675) to work on /home/airflow/.local/lib/python3.8/site-packages/airflow/example_dags/example_subdag_operator.py
[2024-03-09T10:45:23.864+0000] {processor.py:830} INFO - Processing file /home/airflow/.local/lib/python3.8/site-packages/airflow/example_dags/example_subdag_operator.py for tasks to queue
[2024-03-09T10:45:23.869+0000] {logging_mixin.py:188} INFO - [2024-03-09T10:45:23.867+0000] {dagbag.py:540} INFO - Filling up the DagBag from /home/airflow/.local/lib/python3.8/site-packages/airflow/example_dags/example_subdag_operator.py
[2024-03-09T10:45:23.914+0000] {processor.py:840} INFO - DAG(s) 'example_subdag_operator.section-1', 'example_subdag_operator.section-2', 'example_subdag_operator' retrieved from /home/airflow/.local/lib/python3.8/site-packages/airflow/example_dags/example_subdag_operator.py
[2024-03-09T10:45:23.944+0000] {logging_mixin.py:188} INFO - [2024-03-09T10:45:23.943+0000] {dag.py:3047} INFO - Sync 3 DAGs
[2024-03-09T10:45:23.974+0000] {logging_mixin.py:188} INFO - [2024-03-09T10:45:23.973+0000] {dag.py:3834} INFO - Setting next_dagrun for example_subdag_operator to 2022-01-01 00:00:00+00:00, run_after=2022-01-01 00:00:00+00:00
[2024-03-09T10:45:23.978+0000] {logging_mixin.py:188} INFO - [2024-03-09T10:45:23.978+0000] {dag.py:3834} INFO - Setting next_dagrun for example_subdag_operator.section-1 to None, run_after=None
[2024-03-09T10:45:23.980+0000] {logging_mixin.py:188} INFO - [2024-03-09T10:45:23.980+0000] {dag.py:3834} INFO - Setting next_dagrun for example_subdag_operator.section-2 to None, run_after=None
[2024-03-09T10:45:23.994+0000] {logging_mixin.py:188} INFO - [2024-03-09T10:45:23.993+0000] {dag.py:3047} INFO - Sync 2 DAGs
[2024-03-09T10:45:24.004+0000] {logging_mixin.py:188} INFO - [2024-03-09T10:45:24.003+0000] {dag.py:3834} INFO - Setting next_dagrun for example_subdag_operator.section-1 to None, run_after=None
[2024-03-09T10:45:24.006+0000] {logging_mixin.py:188} INFO - [2024-03-09T10:45:24.006+0000] {dag.py:3834} INFO - Setting next_dagrun for example_subdag_operator.section-2 to None, run_after=None
[2024-03-09T10:45:24.047+0000] {processor.py:183} INFO - Processing /home/airflow/.local/lib/python3.8/site-packages/airflow/example_dags/example_subdag_operator.py took 0.189 seconds
[2024-03-09T10:45:54.116+0000] {processor.py:161} INFO - Started process (PID=1730) to work on /home/airflow/.local/lib/python3.8/site-packages/airflow/example_dags/example_subdag_operator.py
[2024-03-09T10:45:54.118+0000] {processor.py:830} INFO - Processing file /home/airflow/.local/lib/python3.8/site-packages/airflow/example_dags/example_subdag_operator.py for tasks to queue
[2024-03-09T10:45:54.121+0000] {logging_mixin.py:188} INFO - [2024-03-09T10:45:54.121+0000] {dagbag.py:540} INFO - Filling up the DagBag from /home/airflow/.local/lib/python3.8/site-packages/airflow/example_dags/example_subdag_operator.py
[2024-03-09T10:45:54.156+0000] {processor.py:840} INFO - DAG(s) 'example_subdag_operator.section-1', 'example_subdag_operator.section-2', 'example_subdag_operator' retrieved from /home/airflow/.local/lib/python3.8/site-packages/airflow/example_dags/example_subdag_operator.py
[2024-03-09T10:45:54.177+0000] {logging_mixin.py:188} INFO - [2024-03-09T10:45:54.177+0000] {dag.py:3047} INFO - Sync 3 DAGs
[2024-03-09T10:45:54.212+0000] {logging_mixin.py:188} INFO - [2024-03-09T10:45:54.211+0000] {dag.py:3834} INFO - Setting next_dagrun for example_subdag_operator to 2022-01-01 00:00:00+00:00, run_after=2022-01-01 00:00:00+00:00
[2024-03-09T10:45:54.216+0000] {logging_mixin.py:188} INFO - [2024-03-09T10:45:54.216+0000] {dag.py:3834} INFO - Setting next_dagrun for example_subdag_operator.section-1 to None, run_after=None
[2024-03-09T10:45:54.218+0000] {logging_mixin.py:188} INFO - [2024-03-09T10:45:54.218+0000] {dag.py:3834} INFO - Setting next_dagrun for example_subdag_operator.section-2 to None, run_after=None
[2024-03-09T10:45:54.229+0000] {logging_mixin.py:188} INFO - [2024-03-09T10:45:54.229+0000] {dag.py:3047} INFO - Sync 2 DAGs
[2024-03-09T10:45:54.237+0000] {logging_mixin.py:188} INFO - [2024-03-09T10:45:54.236+0000] {dag.py:3834} INFO - Setting next_dagrun for example_subdag_operator.section-1 to None, run_after=None
[2024-03-09T10:45:54.238+0000] {logging_mixin.py:188} INFO - [2024-03-09T10:45:54.238+0000] {dag.py:3834} INFO - Setting next_dagrun for example_subdag_operator.section-2 to None, run_after=None
[2024-03-09T10:45:54.272+0000] {processor.py:183} INFO - Processing /home/airflow/.local/lib/python3.8/site-packages/airflow/example_dags/example_subdag_operator.py took 0.163 seconds
