[2024-03-09T10:30:36.143+0000] {processor.py:161} INFO - Started process (PID=61) to work on /home/airflow/.local/lib/python3.8/site-packages/airflow/example_dags/example_xcomargs.py
[2024-03-09T10:30:36.145+0000] {processor.py:830} INFO - Processing file /home/airflow/.local/lib/python3.8/site-packages/airflow/example_dags/example_xcomargs.py for tasks to queue
[2024-03-09T10:30:36.148+0000] {logging_mixin.py:188} INFO - [2024-03-09T10:30:36.148+0000] {dagbag.py:540} INFO - Filling up the DagBag from /home/airflow/.local/lib/python3.8/site-packages/airflow/example_dags/example_xcomargs.py
[2024-03-09T10:30:36.163+0000] {processor.py:840} INFO - DAG(s) 'example_xcom_args_with_operators', 'example_xcom_args' retrieved from /home/airflow/.local/lib/python3.8/site-packages/airflow/example_dags/example_xcomargs.py
[2024-03-09T10:30:36.339+0000] {logging_mixin.py:188} INFO - [2024-03-09T10:30:36.338+0000] {dag.py:3047} INFO - Sync 2 DAGs
[2024-03-09T10:30:36.354+0000] {logging_mixin.py:188} INFO - [2024-03-09T10:30:36.354+0000] {dag.py:3834} INFO - Setting next_dagrun for example_xcom_args to None, run_after=None
[2024-03-09T10:30:36.359+0000] {logging_mixin.py:188} INFO - [2024-03-09T10:30:36.359+0000] {dag.py:3834} INFO - Setting next_dagrun for example_xcom_args_with_operators to None, run_after=None
[2024-03-09T10:30:36.389+0000] {processor.py:183} INFO - Processing /home/airflow/.local/lib/python3.8/site-packages/airflow/example_dags/example_xcomargs.py took 0.250 seconds
[2024-03-09T10:31:06.442+0000] {processor.py:161} INFO - Started process (PID=116) to work on /home/airflow/.local/lib/python3.8/site-packages/airflow/example_dags/example_xcomargs.py
[2024-03-09T10:31:06.444+0000] {processor.py:830} INFO - Processing file /home/airflow/.local/lib/python3.8/site-packages/airflow/example_dags/example_xcomargs.py for tasks to queue
[2024-03-09T10:31:06.445+0000] {logging_mixin.py:188} INFO - [2024-03-09T10:31:06.445+0000] {dagbag.py:540} INFO - Filling up the DagBag from /home/airflow/.local/lib/python3.8/site-packages/airflow/example_dags/example_xcomargs.py
[2024-03-09T10:31:06.454+0000] {processor.py:840} INFO - DAG(s) 'example_xcom_args_with_operators', 'example_xcom_args' retrieved from /home/airflow/.local/lib/python3.8/site-packages/airflow/example_dags/example_xcomargs.py
[2024-03-09T10:31:06.482+0000] {logging_mixin.py:188} INFO - [2024-03-09T10:31:06.482+0000] {dag.py:3047} INFO - Sync 2 DAGs
[2024-03-09T10:31:06.496+0000] {logging_mixin.py:188} INFO - [2024-03-09T10:31:06.495+0000] {dag.py:3834} INFO - Setting next_dagrun for example_xcom_args to None, run_after=None
[2024-03-09T10:31:06.501+0000] {logging_mixin.py:188} INFO - [2024-03-09T10:31:06.500+0000] {dag.py:3834} INFO - Setting next_dagrun for example_xcom_args_with_operators to None, run_after=None
[2024-03-09T10:31:06.522+0000] {processor.py:183} INFO - Processing /home/airflow/.local/lib/python3.8/site-packages/airflow/example_dags/example_xcomargs.py took 0.083 seconds
[2024-03-09T10:31:36.615+0000] {processor.py:161} INFO - Started process (PID=171) to work on /home/airflow/.local/lib/python3.8/site-packages/airflow/example_dags/example_xcomargs.py
[2024-03-09T10:31:36.616+0000] {processor.py:830} INFO - Processing file /home/airflow/.local/lib/python3.8/site-packages/airflow/example_dags/example_xcomargs.py for tasks to queue
[2024-03-09T10:31:36.620+0000] {logging_mixin.py:188} INFO - [2024-03-09T10:31:36.619+0000] {dagbag.py:540} INFO - Filling up the DagBag from /home/airflow/.local/lib/python3.8/site-packages/airflow/example_dags/example_xcomargs.py
[2024-03-09T10:31:36.631+0000] {processor.py:840} INFO - DAG(s) 'example_xcom_args_with_operators', 'example_xcom_args' retrieved from /home/airflow/.local/lib/python3.8/site-packages/airflow/example_dags/example_xcomargs.py
[2024-03-09T10:31:36.668+0000] {logging_mixin.py:188} INFO - [2024-03-09T10:31:36.668+0000] {dag.py:3047} INFO - Sync 2 DAGs
[2024-03-09T10:31:36.690+0000] {logging_mixin.py:188} INFO - [2024-03-09T10:31:36.690+0000] {dag.py:3834} INFO - Setting next_dagrun for example_xcom_args to None, run_after=None
[2024-03-09T10:31:36.697+0000] {logging_mixin.py:188} INFO - [2024-03-09T10:31:36.696+0000] {dag.py:3834} INFO - Setting next_dagrun for example_xcom_args_with_operators to None, run_after=None
[2024-03-09T10:31:36.745+0000] {processor.py:183} INFO - Processing /home/airflow/.local/lib/python3.8/site-packages/airflow/example_dags/example_xcomargs.py took 0.134 seconds
[2024-03-09T10:32:06.901+0000] {processor.py:161} INFO - Started process (PID=226) to work on /home/airflow/.local/lib/python3.8/site-packages/airflow/example_dags/example_xcomargs.py
[2024-03-09T10:32:06.902+0000] {processor.py:830} INFO - Processing file /home/airflow/.local/lib/python3.8/site-packages/airflow/example_dags/example_xcomargs.py for tasks to queue
[2024-03-09T10:32:06.904+0000] {logging_mixin.py:188} INFO - [2024-03-09T10:32:06.904+0000] {dagbag.py:540} INFO - Filling up the DagBag from /home/airflow/.local/lib/python3.8/site-packages/airflow/example_dags/example_xcomargs.py
[2024-03-09T10:32:06.916+0000] {processor.py:840} INFO - DAG(s) 'example_xcom_args_with_operators', 'example_xcom_args' retrieved from /home/airflow/.local/lib/python3.8/site-packages/airflow/example_dags/example_xcomargs.py
[2024-03-09T10:32:06.946+0000] {logging_mixin.py:188} INFO - [2024-03-09T10:32:06.945+0000] {dag.py:3047} INFO - Sync 2 DAGs
[2024-03-09T10:32:06.961+0000] {logging_mixin.py:188} INFO - [2024-03-09T10:32:06.960+0000] {dag.py:3834} INFO - Setting next_dagrun for example_xcom_args to None, run_after=None
[2024-03-09T10:32:06.967+0000] {logging_mixin.py:188} INFO - [2024-03-09T10:32:06.966+0000] {dag.py:3834} INFO - Setting next_dagrun for example_xcom_args_with_operators to None, run_after=None
[2024-03-09T10:32:06.992+0000] {processor.py:183} INFO - Processing /home/airflow/.local/lib/python3.8/site-packages/airflow/example_dags/example_xcomargs.py took 0.095 seconds
[2024-03-09T10:32:37.497+0000] {processor.py:161} INFO - Started process (PID=281) to work on /home/airflow/.local/lib/python3.8/site-packages/airflow/example_dags/example_xcomargs.py
[2024-03-09T10:32:37.498+0000] {processor.py:830} INFO - Processing file /home/airflow/.local/lib/python3.8/site-packages/airflow/example_dags/example_xcomargs.py for tasks to queue
[2024-03-09T10:32:37.501+0000] {logging_mixin.py:188} INFO - [2024-03-09T10:32:37.501+0000] {dagbag.py:540} INFO - Filling up the DagBag from /home/airflow/.local/lib/python3.8/site-packages/airflow/example_dags/example_xcomargs.py
[2024-03-09T10:32:37.509+0000] {processor.py:840} INFO - DAG(s) 'example_xcom_args_with_operators', 'example_xcom_args' retrieved from /home/airflow/.local/lib/python3.8/site-packages/airflow/example_dags/example_xcomargs.py
[2024-03-09T10:32:37.537+0000] {logging_mixin.py:188} INFO - [2024-03-09T10:32:37.537+0000] {dag.py:3047} INFO - Sync 2 DAGs
[2024-03-09T10:32:37.552+0000] {logging_mixin.py:188} INFO - [2024-03-09T10:32:37.551+0000] {dag.py:3834} INFO - Setting next_dagrun for example_xcom_args to None, run_after=None
[2024-03-09T10:32:37.556+0000] {logging_mixin.py:188} INFO - [2024-03-09T10:32:37.556+0000] {dag.py:3834} INFO - Setting next_dagrun for example_xcom_args_with_operators to None, run_after=None
[2024-03-09T10:32:37.585+0000] {processor.py:183} INFO - Processing /home/airflow/.local/lib/python3.8/site-packages/airflow/example_dags/example_xcomargs.py took 0.092 seconds
[2024-03-09T10:33:07.825+0000] {processor.py:161} INFO - Started process (PID=336) to work on /home/airflow/.local/lib/python3.8/site-packages/airflow/example_dags/example_xcomargs.py
[2024-03-09T10:33:07.826+0000] {processor.py:830} INFO - Processing file /home/airflow/.local/lib/python3.8/site-packages/airflow/example_dags/example_xcomargs.py for tasks to queue
[2024-03-09T10:33:07.828+0000] {logging_mixin.py:188} INFO - [2024-03-09T10:33:07.828+0000] {dagbag.py:540} INFO - Filling up the DagBag from /home/airflow/.local/lib/python3.8/site-packages/airflow/example_dags/example_xcomargs.py
[2024-03-09T10:33:07.836+0000] {processor.py:840} INFO - DAG(s) 'example_xcom_args_with_operators', 'example_xcom_args' retrieved from /home/airflow/.local/lib/python3.8/site-packages/airflow/example_dags/example_xcomargs.py
[2024-03-09T10:33:07.866+0000] {logging_mixin.py:188} INFO - [2024-03-09T10:33:07.866+0000] {dag.py:3047} INFO - Sync 2 DAGs
[2024-03-09T10:33:07.882+0000] {logging_mixin.py:188} INFO - [2024-03-09T10:33:07.882+0000] {dag.py:3834} INFO - Setting next_dagrun for example_xcom_args to None, run_after=None
[2024-03-09T10:33:07.888+0000] {logging_mixin.py:188} INFO - [2024-03-09T10:33:07.887+0000] {dag.py:3834} INFO - Setting next_dagrun for example_xcom_args_with_operators to None, run_after=None
[2024-03-09T10:33:07.913+0000] {processor.py:183} INFO - Processing /home/airflow/.local/lib/python3.8/site-packages/airflow/example_dags/example_xcomargs.py took 0.091 seconds
[2024-03-09T10:33:38.271+0000] {processor.py:161} INFO - Started process (PID=391) to work on /home/airflow/.local/lib/python3.8/site-packages/airflow/example_dags/example_xcomargs.py
[2024-03-09T10:33:38.272+0000] {processor.py:830} INFO - Processing file /home/airflow/.local/lib/python3.8/site-packages/airflow/example_dags/example_xcomargs.py for tasks to queue
[2024-03-09T10:33:38.274+0000] {logging_mixin.py:188} INFO - [2024-03-09T10:33:38.274+0000] {dagbag.py:540} INFO - Filling up the DagBag from /home/airflow/.local/lib/python3.8/site-packages/airflow/example_dags/example_xcomargs.py
[2024-03-09T10:33:38.283+0000] {processor.py:840} INFO - DAG(s) 'example_xcom_args_with_operators', 'example_xcom_args' retrieved from /home/airflow/.local/lib/python3.8/site-packages/airflow/example_dags/example_xcomargs.py
[2024-03-09T10:33:38.308+0000] {logging_mixin.py:188} INFO - [2024-03-09T10:33:38.307+0000] {dag.py:3047} INFO - Sync 2 DAGs
[2024-03-09T10:33:38.322+0000] {logging_mixin.py:188} INFO - [2024-03-09T10:33:38.321+0000] {dag.py:3834} INFO - Setting next_dagrun for example_xcom_args to None, run_after=None
[2024-03-09T10:33:38.328+0000] {logging_mixin.py:188} INFO - [2024-03-09T10:33:38.328+0000] {dag.py:3834} INFO - Setting next_dagrun for example_xcom_args_with_operators to None, run_after=None
[2024-03-09T10:33:38.353+0000] {processor.py:183} INFO - Processing /home/airflow/.local/lib/python3.8/site-packages/airflow/example_dags/example_xcomargs.py took 0.087 seconds
[2024-03-09T10:34:08.680+0000] {processor.py:161} INFO - Started process (PID=446) to work on /home/airflow/.local/lib/python3.8/site-packages/airflow/example_dags/example_xcomargs.py
[2024-03-09T10:34:08.681+0000] {processor.py:830} INFO - Processing file /home/airflow/.local/lib/python3.8/site-packages/airflow/example_dags/example_xcomargs.py for tasks to queue
[2024-03-09T10:34:08.683+0000] {logging_mixin.py:188} INFO - [2024-03-09T10:34:08.682+0000] {dagbag.py:540} INFO - Filling up the DagBag from /home/airflow/.local/lib/python3.8/site-packages/airflow/example_dags/example_xcomargs.py
[2024-03-09T10:34:08.691+0000] {processor.py:840} INFO - DAG(s) 'example_xcom_args_with_operators', 'example_xcom_args' retrieved from /home/airflow/.local/lib/python3.8/site-packages/airflow/example_dags/example_xcomargs.py
[2024-03-09T10:34:08.715+0000] {logging_mixin.py:188} INFO - [2024-03-09T10:34:08.714+0000] {dag.py:3047} INFO - Sync 2 DAGs
[2024-03-09T10:34:08.729+0000] {logging_mixin.py:188} INFO - [2024-03-09T10:34:08.728+0000] {dag.py:3834} INFO - Setting next_dagrun for example_xcom_args to None, run_after=None
[2024-03-09T10:34:08.733+0000] {logging_mixin.py:188} INFO - [2024-03-09T10:34:08.733+0000] {dag.py:3834} INFO - Setting next_dagrun for example_xcom_args_with_operators to None, run_after=None
[2024-03-09T10:34:08.758+0000] {processor.py:183} INFO - Processing /home/airflow/.local/lib/python3.8/site-packages/airflow/example_dags/example_xcomargs.py took 0.081 seconds
[2024-03-09T10:34:39.127+0000] {processor.py:161} INFO - Started process (PID=501) to work on /home/airflow/.local/lib/python3.8/site-packages/airflow/example_dags/example_xcomargs.py
[2024-03-09T10:34:39.128+0000] {processor.py:830} INFO - Processing file /home/airflow/.local/lib/python3.8/site-packages/airflow/example_dags/example_xcomargs.py for tasks to queue
[2024-03-09T10:34:39.130+0000] {logging_mixin.py:188} INFO - [2024-03-09T10:34:39.130+0000] {dagbag.py:540} INFO - Filling up the DagBag from /home/airflow/.local/lib/python3.8/site-packages/airflow/example_dags/example_xcomargs.py
[2024-03-09T10:34:39.139+0000] {processor.py:840} INFO - DAG(s) 'example_xcom_args', 'example_xcom_args_with_operators' retrieved from /home/airflow/.local/lib/python3.8/site-packages/airflow/example_dags/example_xcomargs.py
[2024-03-09T10:34:39.165+0000] {logging_mixin.py:188} INFO - [2024-03-09T10:34:39.165+0000] {dag.py:3047} INFO - Sync 2 DAGs
[2024-03-09T10:34:39.180+0000] {logging_mixin.py:188} INFO - [2024-03-09T10:34:39.179+0000] {dag.py:3834} INFO - Setting next_dagrun for example_xcom_args to None, run_after=None
[2024-03-09T10:34:39.184+0000] {logging_mixin.py:188} INFO - [2024-03-09T10:34:39.184+0000] {dag.py:3834} INFO - Setting next_dagrun for example_xcom_args_with_operators to None, run_after=None
[2024-03-09T10:34:39.209+0000] {processor.py:183} INFO - Processing /home/airflow/.local/lib/python3.8/site-packages/airflow/example_dags/example_xcomargs.py took 0.085 seconds
[2024-03-09T10:35:09.474+0000] {processor.py:161} INFO - Started process (PID=556) to work on /home/airflow/.local/lib/python3.8/site-packages/airflow/example_dags/example_xcomargs.py
[2024-03-09T10:35:09.476+0000] {processor.py:830} INFO - Processing file /home/airflow/.local/lib/python3.8/site-packages/airflow/example_dags/example_xcomargs.py for tasks to queue
[2024-03-09T10:35:09.478+0000] {logging_mixin.py:188} INFO - [2024-03-09T10:35:09.477+0000] {dagbag.py:540} INFO - Filling up the DagBag from /home/airflow/.local/lib/python3.8/site-packages/airflow/example_dags/example_xcomargs.py
[2024-03-09T10:35:09.487+0000] {processor.py:840} INFO - DAG(s) 'example_xcom_args', 'example_xcom_args_with_operators' retrieved from /home/airflow/.local/lib/python3.8/site-packages/airflow/example_dags/example_xcomargs.py
[2024-03-09T10:35:09.515+0000] {logging_mixin.py:188} INFO - [2024-03-09T10:35:09.515+0000] {dag.py:3047} INFO - Sync 2 DAGs
[2024-03-09T10:35:09.529+0000] {logging_mixin.py:188} INFO - [2024-03-09T10:35:09.529+0000] {dag.py:3834} INFO - Setting next_dagrun for example_xcom_args to None, run_after=None
[2024-03-09T10:35:09.534+0000] {logging_mixin.py:188} INFO - [2024-03-09T10:35:09.534+0000] {dag.py:3834} INFO - Setting next_dagrun for example_xcom_args_with_operators to None, run_after=None
[2024-03-09T10:35:09.557+0000] {processor.py:183} INFO - Processing /home/airflow/.local/lib/python3.8/site-packages/airflow/example_dags/example_xcomargs.py took 0.086 seconds
[2024-03-09T10:35:39.930+0000] {processor.py:161} INFO - Started process (PID=611) to work on /home/airflow/.local/lib/python3.8/site-packages/airflow/example_dags/example_xcomargs.py
[2024-03-09T10:35:39.932+0000] {processor.py:830} INFO - Processing file /home/airflow/.local/lib/python3.8/site-packages/airflow/example_dags/example_xcomargs.py for tasks to queue
[2024-03-09T10:35:39.934+0000] {logging_mixin.py:188} INFO - [2024-03-09T10:35:39.934+0000] {dagbag.py:540} INFO - Filling up the DagBag from /home/airflow/.local/lib/python3.8/site-packages/airflow/example_dags/example_xcomargs.py
[2024-03-09T10:35:39.943+0000] {processor.py:840} INFO - DAG(s) 'example_xcom_args', 'example_xcom_args_with_operators' retrieved from /home/airflow/.local/lib/python3.8/site-packages/airflow/example_dags/example_xcomargs.py
[2024-03-09T10:35:39.977+0000] {logging_mixin.py:188} INFO - [2024-03-09T10:35:39.976+0000] {dag.py:3047} INFO - Sync 2 DAGs
[2024-03-09T10:35:39.993+0000] {logging_mixin.py:188} INFO - [2024-03-09T10:35:39.992+0000] {dag.py:3834} INFO - Setting next_dagrun for example_xcom_args to None, run_after=None
[2024-03-09T10:35:39.999+0000] {logging_mixin.py:188} INFO - [2024-03-09T10:35:39.999+0000] {dag.py:3834} INFO - Setting next_dagrun for example_xcom_args_with_operators to None, run_after=None
[2024-03-09T10:35:40.025+0000] {processor.py:183} INFO - Processing /home/airflow/.local/lib/python3.8/site-packages/airflow/example_dags/example_xcomargs.py took 0.099 seconds
[2024-03-09T10:36:11.028+0000] {processor.py:161} INFO - Started process (PID=666) to work on /home/airflow/.local/lib/python3.8/site-packages/airflow/example_dags/example_xcomargs.py
[2024-03-09T10:36:11.029+0000] {processor.py:830} INFO - Processing file /home/airflow/.local/lib/python3.8/site-packages/airflow/example_dags/example_xcomargs.py for tasks to queue
[2024-03-09T10:36:11.032+0000] {logging_mixin.py:188} INFO - [2024-03-09T10:36:11.032+0000] {dagbag.py:540} INFO - Filling up the DagBag from /home/airflow/.local/lib/python3.8/site-packages/airflow/example_dags/example_xcomargs.py
[2024-03-09T10:36:11.042+0000] {processor.py:840} INFO - DAG(s) 'example_xcom_args', 'example_xcom_args_with_operators' retrieved from /home/airflow/.local/lib/python3.8/site-packages/airflow/example_dags/example_xcomargs.py
[2024-03-09T10:36:11.074+0000] {logging_mixin.py:188} INFO - [2024-03-09T10:36:11.074+0000] {dag.py:3047} INFO - Sync 2 DAGs
[2024-03-09T10:36:11.088+0000] {logging_mixin.py:188} INFO - [2024-03-09T10:36:11.088+0000] {dag.py:3834} INFO - Setting next_dagrun for example_xcom_args to None, run_after=None
[2024-03-09T10:36:11.093+0000] {logging_mixin.py:188} INFO - [2024-03-09T10:36:11.093+0000] {dag.py:3834} INFO - Setting next_dagrun for example_xcom_args_with_operators to None, run_after=None
[2024-03-09T10:36:11.115+0000] {processor.py:183} INFO - Processing /home/airflow/.local/lib/python3.8/site-packages/airflow/example_dags/example_xcomargs.py took 0.090 seconds
[2024-03-09T10:36:41.409+0000] {processor.py:161} INFO - Started process (PID=721) to work on /home/airflow/.local/lib/python3.8/site-packages/airflow/example_dags/example_xcomargs.py
[2024-03-09T10:36:41.411+0000] {processor.py:830} INFO - Processing file /home/airflow/.local/lib/python3.8/site-packages/airflow/example_dags/example_xcomargs.py for tasks to queue
[2024-03-09T10:36:41.413+0000] {logging_mixin.py:188} INFO - [2024-03-09T10:36:41.412+0000] {dagbag.py:540} INFO - Filling up the DagBag from /home/airflow/.local/lib/python3.8/site-packages/airflow/example_dags/example_xcomargs.py
[2024-03-09T10:36:41.421+0000] {processor.py:840} INFO - DAG(s) 'example_xcom_args', 'example_xcom_args_with_operators' retrieved from /home/airflow/.local/lib/python3.8/site-packages/airflow/example_dags/example_xcomargs.py
[2024-03-09T10:36:41.455+0000] {logging_mixin.py:188} INFO - [2024-03-09T10:36:41.454+0000] {dag.py:3047} INFO - Sync 2 DAGs
[2024-03-09T10:36:41.469+0000] {logging_mixin.py:188} INFO - [2024-03-09T10:36:41.469+0000] {dag.py:3834} INFO - Setting next_dagrun for example_xcom_args to None, run_after=None
[2024-03-09T10:36:41.474+0000] {logging_mixin.py:188} INFO - [2024-03-09T10:36:41.474+0000] {dag.py:3834} INFO - Setting next_dagrun for example_xcom_args_with_operators to None, run_after=None
[2024-03-09T10:36:41.497+0000] {processor.py:183} INFO - Processing /home/airflow/.local/lib/python3.8/site-packages/airflow/example_dags/example_xcomargs.py took 0.091 seconds
[2024-03-09T10:37:12.257+0000] {processor.py:161} INFO - Started process (PID=776) to work on /home/airflow/.local/lib/python3.8/site-packages/airflow/example_dags/example_xcomargs.py
[2024-03-09T10:37:12.258+0000] {processor.py:830} INFO - Processing file /home/airflow/.local/lib/python3.8/site-packages/airflow/example_dags/example_xcomargs.py for tasks to queue
[2024-03-09T10:37:12.261+0000] {logging_mixin.py:188} INFO - [2024-03-09T10:37:12.260+0000] {dagbag.py:540} INFO - Filling up the DagBag from /home/airflow/.local/lib/python3.8/site-packages/airflow/example_dags/example_xcomargs.py
[2024-03-09T10:37:12.274+0000] {processor.py:840} INFO - DAG(s) 'example_xcom_args', 'example_xcom_args_with_operators' retrieved from /home/airflow/.local/lib/python3.8/site-packages/airflow/example_dags/example_xcomargs.py
[2024-03-09T10:37:12.320+0000] {logging_mixin.py:188} INFO - [2024-03-09T10:37:12.320+0000] {dag.py:3047} INFO - Sync 2 DAGs
[2024-03-09T10:37:12.342+0000] {logging_mixin.py:188} INFO - [2024-03-09T10:37:12.342+0000] {dag.py:3834} INFO - Setting next_dagrun for example_xcom_args to None, run_after=None
[2024-03-09T10:37:12.349+0000] {logging_mixin.py:188} INFO - [2024-03-09T10:37:12.349+0000] {dag.py:3834} INFO - Setting next_dagrun for example_xcom_args_with_operators to None, run_after=None
[2024-03-09T10:37:12.381+0000] {processor.py:183} INFO - Processing /home/airflow/.local/lib/python3.8/site-packages/airflow/example_dags/example_xcomargs.py took 0.129 seconds
[2024-03-09T10:37:42.681+0000] {processor.py:161} INFO - Started process (PID=831) to work on /home/airflow/.local/lib/python3.8/site-packages/airflow/example_dags/example_xcomargs.py
[2024-03-09T10:37:42.682+0000] {processor.py:830} INFO - Processing file /home/airflow/.local/lib/python3.8/site-packages/airflow/example_dags/example_xcomargs.py for tasks to queue
[2024-03-09T10:37:42.684+0000] {logging_mixin.py:188} INFO - [2024-03-09T10:37:42.684+0000] {dagbag.py:540} INFO - Filling up the DagBag from /home/airflow/.local/lib/python3.8/site-packages/airflow/example_dags/example_xcomargs.py
[2024-03-09T10:37:42.693+0000] {processor.py:840} INFO - DAG(s) 'example_xcom_args', 'example_xcom_args_with_operators' retrieved from /home/airflow/.local/lib/python3.8/site-packages/airflow/example_dags/example_xcomargs.py
[2024-03-09T10:37:42.721+0000] {logging_mixin.py:188} INFO - [2024-03-09T10:37:42.721+0000] {dag.py:3047} INFO - Sync 2 DAGs
[2024-03-09T10:37:42.738+0000] {logging_mixin.py:188} INFO - [2024-03-09T10:37:42.737+0000] {dag.py:3834} INFO - Setting next_dagrun for example_xcom_args to None, run_after=None
[2024-03-09T10:37:42.742+0000] {logging_mixin.py:188} INFO - [2024-03-09T10:37:42.742+0000] {dag.py:3834} INFO - Setting next_dagrun for example_xcom_args_with_operators to None, run_after=None
[2024-03-09T10:37:42.763+0000] {processor.py:183} INFO - Processing /home/airflow/.local/lib/python3.8/site-packages/airflow/example_dags/example_xcomargs.py took 0.085 seconds
[2024-03-09T10:38:13.286+0000] {processor.py:161} INFO - Started process (PID=886) to work on /home/airflow/.local/lib/python3.8/site-packages/airflow/example_dags/example_xcomargs.py
[2024-03-09T10:38:13.287+0000] {processor.py:830} INFO - Processing file /home/airflow/.local/lib/python3.8/site-packages/airflow/example_dags/example_xcomargs.py for tasks to queue
[2024-03-09T10:38:13.290+0000] {logging_mixin.py:188} INFO - [2024-03-09T10:38:13.289+0000] {dagbag.py:540} INFO - Filling up the DagBag from /home/airflow/.local/lib/python3.8/site-packages/airflow/example_dags/example_xcomargs.py
[2024-03-09T10:38:13.298+0000] {processor.py:840} INFO - DAG(s) 'example_xcom_args', 'example_xcom_args_with_operators' retrieved from /home/airflow/.local/lib/python3.8/site-packages/airflow/example_dags/example_xcomargs.py
[2024-03-09T10:38:13.326+0000] {logging_mixin.py:188} INFO - [2024-03-09T10:38:13.326+0000] {dag.py:3047} INFO - Sync 2 DAGs
[2024-03-09T10:38:13.340+0000] {logging_mixin.py:188} INFO - [2024-03-09T10:38:13.339+0000] {dag.py:3834} INFO - Setting next_dagrun for example_xcom_args to None, run_after=None
[2024-03-09T10:38:13.345+0000] {logging_mixin.py:188} INFO - [2024-03-09T10:38:13.345+0000] {dag.py:3834} INFO - Setting next_dagrun for example_xcom_args_with_operators to None, run_after=None
[2024-03-09T10:38:13.377+0000] {processor.py:183} INFO - Processing /home/airflow/.local/lib/python3.8/site-packages/airflow/example_dags/example_xcomargs.py took 0.095 seconds
[2024-03-09T10:38:43.896+0000] {processor.py:161} INFO - Started process (PID=941) to work on /home/airflow/.local/lib/python3.8/site-packages/airflow/example_dags/example_xcomargs.py
[2024-03-09T10:38:43.898+0000] {processor.py:830} INFO - Processing file /home/airflow/.local/lib/python3.8/site-packages/airflow/example_dags/example_xcomargs.py for tasks to queue
[2024-03-09T10:38:43.901+0000] {logging_mixin.py:188} INFO - [2024-03-09T10:38:43.900+0000] {dagbag.py:540} INFO - Filling up the DagBag from /home/airflow/.local/lib/python3.8/site-packages/airflow/example_dags/example_xcomargs.py
[2024-03-09T10:38:43.912+0000] {processor.py:840} INFO - DAG(s) 'example_xcom_args_with_operators', 'example_xcom_args' retrieved from /home/airflow/.local/lib/python3.8/site-packages/airflow/example_dags/example_xcomargs.py
[2024-03-09T10:38:43.944+0000] {logging_mixin.py:188} INFO - [2024-03-09T10:38:43.943+0000] {dag.py:3047} INFO - Sync 2 DAGs
[2024-03-09T10:38:43.958+0000] {logging_mixin.py:188} INFO - [2024-03-09T10:38:43.958+0000] {dag.py:3834} INFO - Setting next_dagrun for example_xcom_args to None, run_after=None
[2024-03-09T10:38:43.962+0000] {logging_mixin.py:188} INFO - [2024-03-09T10:38:43.962+0000] {dag.py:3834} INFO - Setting next_dagrun for example_xcom_args_with_operators to None, run_after=None
[2024-03-09T10:38:43.981+0000] {processor.py:183} INFO - Processing /home/airflow/.local/lib/python3.8/site-packages/airflow/example_dags/example_xcomargs.py took 0.088 seconds
[2024-03-09T10:39:15.020+0000] {processor.py:161} INFO - Started process (PID=996) to work on /home/airflow/.local/lib/python3.8/site-packages/airflow/example_dags/example_xcomargs.py
[2024-03-09T10:39:15.023+0000] {processor.py:830} INFO - Processing file /home/airflow/.local/lib/python3.8/site-packages/airflow/example_dags/example_xcomargs.py for tasks to queue
[2024-03-09T10:39:15.026+0000] {logging_mixin.py:188} INFO - [2024-03-09T10:39:15.025+0000] {dagbag.py:540} INFO - Filling up the DagBag from /home/airflow/.local/lib/python3.8/site-packages/airflow/example_dags/example_xcomargs.py
[2024-03-09T10:39:15.037+0000] {processor.py:840} INFO - DAG(s) 'example_xcom_args', 'example_xcom_args_with_operators' retrieved from /home/airflow/.local/lib/python3.8/site-packages/airflow/example_dags/example_xcomargs.py
[2024-03-09T10:39:15.079+0000] {logging_mixin.py:188} INFO - [2024-03-09T10:39:15.078+0000] {dag.py:3047} INFO - Sync 2 DAGs
[2024-03-09T10:39:15.103+0000] {logging_mixin.py:188} INFO - [2024-03-09T10:39:15.102+0000] {dag.py:3834} INFO - Setting next_dagrun for example_xcom_args to None, run_after=None
[2024-03-09T10:39:15.110+0000] {logging_mixin.py:188} INFO - [2024-03-09T10:39:15.110+0000] {dag.py:3834} INFO - Setting next_dagrun for example_xcom_args_with_operators to None, run_after=None
[2024-03-09T10:39:15.138+0000] {processor.py:183} INFO - Processing /home/airflow/.local/lib/python3.8/site-packages/airflow/example_dags/example_xcomargs.py took 0.123 seconds
[2024-03-09T10:39:45.315+0000] {processor.py:161} INFO - Started process (PID=1051) to work on /home/airflow/.local/lib/python3.8/site-packages/airflow/example_dags/example_xcomargs.py
[2024-03-09T10:39:45.317+0000] {processor.py:830} INFO - Processing file /home/airflow/.local/lib/python3.8/site-packages/airflow/example_dags/example_xcomargs.py for tasks to queue
[2024-03-09T10:39:45.319+0000] {logging_mixin.py:188} INFO - [2024-03-09T10:39:45.319+0000] {dagbag.py:540} INFO - Filling up the DagBag from /home/airflow/.local/lib/python3.8/site-packages/airflow/example_dags/example_xcomargs.py
[2024-03-09T10:39:45.328+0000] {processor.py:840} INFO - DAG(s) 'example_xcom_args', 'example_xcom_args_with_operators' retrieved from /home/airflow/.local/lib/python3.8/site-packages/airflow/example_dags/example_xcomargs.py
[2024-03-09T10:39:45.355+0000] {logging_mixin.py:188} INFO - [2024-03-09T10:39:45.355+0000] {dag.py:3047} INFO - Sync 2 DAGs
[2024-03-09T10:39:45.369+0000] {logging_mixin.py:188} INFO - [2024-03-09T10:39:45.369+0000] {dag.py:3834} INFO - Setting next_dagrun for example_xcom_args to None, run_after=None
[2024-03-09T10:39:45.373+0000] {logging_mixin.py:188} INFO - [2024-03-09T10:39:45.373+0000] {dag.py:3834} INFO - Setting next_dagrun for example_xcom_args_with_operators to None, run_after=None
[2024-03-09T10:39:45.396+0000] {processor.py:183} INFO - Processing /home/airflow/.local/lib/python3.8/site-packages/airflow/example_dags/example_xcomargs.py took 0.086 seconds
[2024-03-09T10:40:15.575+0000] {processor.py:161} INFO - Started process (PID=1106) to work on /home/airflow/.local/lib/python3.8/site-packages/airflow/example_dags/example_xcomargs.py
[2024-03-09T10:40:15.576+0000] {processor.py:830} INFO - Processing file /home/airflow/.local/lib/python3.8/site-packages/airflow/example_dags/example_xcomargs.py for tasks to queue
[2024-03-09T10:40:15.579+0000] {logging_mixin.py:188} INFO - [2024-03-09T10:40:15.579+0000] {dagbag.py:540} INFO - Filling up the DagBag from /home/airflow/.local/lib/python3.8/site-packages/airflow/example_dags/example_xcomargs.py
[2024-03-09T10:40:15.588+0000] {processor.py:840} INFO - DAG(s) 'example_xcom_args_with_operators', 'example_xcom_args' retrieved from /home/airflow/.local/lib/python3.8/site-packages/airflow/example_dags/example_xcomargs.py
[2024-03-09T10:40:15.619+0000] {logging_mixin.py:188} INFO - [2024-03-09T10:40:15.619+0000] {dag.py:3047} INFO - Sync 2 DAGs
[2024-03-09T10:40:15.640+0000] {logging_mixin.py:188} INFO - [2024-03-09T10:40:15.640+0000] {dag.py:3834} INFO - Setting next_dagrun for example_xcom_args to None, run_after=None
[2024-03-09T10:40:15.645+0000] {logging_mixin.py:188} INFO - [2024-03-09T10:40:15.645+0000] {dag.py:3834} INFO - Setting next_dagrun for example_xcom_args_with_operators to None, run_after=None
[2024-03-09T10:40:15.668+0000] {processor.py:183} INFO - Processing /home/airflow/.local/lib/python3.8/site-packages/airflow/example_dags/example_xcomargs.py took 0.097 seconds
[2024-03-09T10:40:46.003+0000] {processor.py:161} INFO - Started process (PID=1160) to work on /home/airflow/.local/lib/python3.8/site-packages/airflow/example_dags/example_xcomargs.py
[2024-03-09T10:40:46.004+0000] {processor.py:830} INFO - Processing file /home/airflow/.local/lib/python3.8/site-packages/airflow/example_dags/example_xcomargs.py for tasks to queue
[2024-03-09T10:40:46.007+0000] {logging_mixin.py:188} INFO - [2024-03-09T10:40:46.006+0000] {dagbag.py:540} INFO - Filling up the DagBag from /home/airflow/.local/lib/python3.8/site-packages/airflow/example_dags/example_xcomargs.py
[2024-03-09T10:40:46.020+0000] {processor.py:840} INFO - DAG(s) 'example_xcom_args', 'example_xcom_args_with_operators' retrieved from /home/airflow/.local/lib/python3.8/site-packages/airflow/example_dags/example_xcomargs.py
[2024-03-09T10:40:46.081+0000] {logging_mixin.py:188} INFO - [2024-03-09T10:40:46.081+0000] {dag.py:3047} INFO - Sync 2 DAGs
[2024-03-09T10:40:46.108+0000] {logging_mixin.py:188} INFO - [2024-03-09T10:40:46.106+0000] {dag.py:3834} INFO - Setting next_dagrun for example_xcom_args to None, run_after=None
[2024-03-09T10:40:46.116+0000] {logging_mixin.py:188} INFO - [2024-03-09T10:40:46.115+0000] {dag.py:3834} INFO - Setting next_dagrun for example_xcom_args_with_operators to None, run_after=None
[2024-03-09T10:40:46.160+0000] {processor.py:183} INFO - Processing /home/airflow/.local/lib/python3.8/site-packages/airflow/example_dags/example_xcomargs.py took 0.161 seconds
[2024-03-09T10:41:17.207+0000] {processor.py:161} INFO - Started process (PID=1216) to work on /home/airflow/.local/lib/python3.8/site-packages/airflow/example_dags/example_xcomargs.py
[2024-03-09T10:41:17.208+0000] {processor.py:830} INFO - Processing file /home/airflow/.local/lib/python3.8/site-packages/airflow/example_dags/example_xcomargs.py for tasks to queue
[2024-03-09T10:41:17.210+0000] {logging_mixin.py:188} INFO - [2024-03-09T10:41:17.209+0000] {dagbag.py:540} INFO - Filling up the DagBag from /home/airflow/.local/lib/python3.8/site-packages/airflow/example_dags/example_xcomargs.py
[2024-03-09T10:41:17.219+0000] {processor.py:840} INFO - DAG(s) 'example_xcom_args', 'example_xcom_args_with_operators' retrieved from /home/airflow/.local/lib/python3.8/site-packages/airflow/example_dags/example_xcomargs.py
[2024-03-09T10:41:17.249+0000] {logging_mixin.py:188} INFO - [2024-03-09T10:41:17.249+0000] {dag.py:3047} INFO - Sync 2 DAGs
[2024-03-09T10:41:17.262+0000] {logging_mixin.py:188} INFO - [2024-03-09T10:41:17.262+0000] {dag.py:3834} INFO - Setting next_dagrun for example_xcom_args to None, run_after=None
[2024-03-09T10:41:17.267+0000] {logging_mixin.py:188} INFO - [2024-03-09T10:41:17.267+0000] {dag.py:3834} INFO - Setting next_dagrun for example_xcom_args_with_operators to None, run_after=None
[2024-03-09T10:41:17.293+0000] {processor.py:183} INFO - Processing /home/airflow/.local/lib/python3.8/site-packages/airflow/example_dags/example_xcomargs.py took 0.089 seconds
[2024-03-09T10:41:47.419+0000] {processor.py:161} INFO - Started process (PID=1271) to work on /home/airflow/.local/lib/python3.8/site-packages/airflow/example_dags/example_xcomargs.py
[2024-03-09T10:41:47.420+0000] {processor.py:830} INFO - Processing file /home/airflow/.local/lib/python3.8/site-packages/airflow/example_dags/example_xcomargs.py for tasks to queue
[2024-03-09T10:41:47.423+0000] {logging_mixin.py:188} INFO - [2024-03-09T10:41:47.422+0000] {dagbag.py:540} INFO - Filling up the DagBag from /home/airflow/.local/lib/python3.8/site-packages/airflow/example_dags/example_xcomargs.py
[2024-03-09T10:41:47.432+0000] {processor.py:840} INFO - DAG(s) 'example_xcom_args_with_operators', 'example_xcom_args' retrieved from /home/airflow/.local/lib/python3.8/site-packages/airflow/example_dags/example_xcomargs.py
[2024-03-09T10:41:47.461+0000] {logging_mixin.py:188} INFO - [2024-03-09T10:41:47.460+0000] {dag.py:3047} INFO - Sync 2 DAGs
[2024-03-09T10:41:47.478+0000] {logging_mixin.py:188} INFO - [2024-03-09T10:41:47.477+0000] {dag.py:3834} INFO - Setting next_dagrun for example_xcom_args to None, run_after=None
[2024-03-09T10:41:47.482+0000] {logging_mixin.py:188} INFO - [2024-03-09T10:41:47.482+0000] {dag.py:3834} INFO - Setting next_dagrun for example_xcom_args_with_operators to None, run_after=None
[2024-03-09T10:41:47.515+0000] {processor.py:183} INFO - Processing /home/airflow/.local/lib/python3.8/site-packages/airflow/example_dags/example_xcomargs.py took 0.099 seconds
[2024-03-09T10:42:17.582+0000] {processor.py:161} INFO - Started process (PID=1325) to work on /home/airflow/.local/lib/python3.8/site-packages/airflow/example_dags/example_xcomargs.py
[2024-03-09T10:42:17.584+0000] {processor.py:830} INFO - Processing file /home/airflow/.local/lib/python3.8/site-packages/airflow/example_dags/example_xcomargs.py for tasks to queue
[2024-03-09T10:42:17.586+0000] {logging_mixin.py:188} INFO - [2024-03-09T10:42:17.586+0000] {dagbag.py:540} INFO - Filling up the DagBag from /home/airflow/.local/lib/python3.8/site-packages/airflow/example_dags/example_xcomargs.py
[2024-03-09T10:42:17.598+0000] {processor.py:840} INFO - DAG(s) 'example_xcom_args', 'example_xcom_args_with_operators' retrieved from /home/airflow/.local/lib/python3.8/site-packages/airflow/example_dags/example_xcomargs.py
[2024-03-09T10:42:17.625+0000] {logging_mixin.py:188} INFO - [2024-03-09T10:42:17.625+0000] {dag.py:3047} INFO - Sync 2 DAGs
[2024-03-09T10:42:17.639+0000] {logging_mixin.py:188} INFO - [2024-03-09T10:42:17.638+0000] {dag.py:3834} INFO - Setting next_dagrun for example_xcom_args to None, run_after=None
[2024-03-09T10:42:17.643+0000] {logging_mixin.py:188} INFO - [2024-03-09T10:42:17.643+0000] {dag.py:3834} INFO - Setting next_dagrun for example_xcom_args_with_operators to None, run_after=None
[2024-03-09T10:42:17.665+0000] {processor.py:183} INFO - Processing /home/airflow/.local/lib/python3.8/site-packages/airflow/example_dags/example_xcomargs.py took 0.087 seconds
[2024-03-09T10:42:47.942+0000] {processor.py:161} INFO - Started process (PID=1380) to work on /home/airflow/.local/lib/python3.8/site-packages/airflow/example_dags/example_xcomargs.py
[2024-03-09T10:42:47.944+0000] {processor.py:830} INFO - Processing file /home/airflow/.local/lib/python3.8/site-packages/airflow/example_dags/example_xcomargs.py for tasks to queue
[2024-03-09T10:42:47.946+0000] {logging_mixin.py:188} INFO - [2024-03-09T10:42:47.946+0000] {dagbag.py:540} INFO - Filling up the DagBag from /home/airflow/.local/lib/python3.8/site-packages/airflow/example_dags/example_xcomargs.py
[2024-03-09T10:42:47.955+0000] {processor.py:840} INFO - DAG(s) 'example_xcom_args_with_operators', 'example_xcom_args' retrieved from /home/airflow/.local/lib/python3.8/site-packages/airflow/example_dags/example_xcomargs.py
[2024-03-09T10:42:47.985+0000] {logging_mixin.py:188} INFO - [2024-03-09T10:42:47.985+0000] {dag.py:3047} INFO - Sync 2 DAGs
[2024-03-09T10:42:47.998+0000] {logging_mixin.py:188} INFO - [2024-03-09T10:42:47.998+0000] {dag.py:3834} INFO - Setting next_dagrun for example_xcom_args to None, run_after=None
[2024-03-09T10:42:48.003+0000] {logging_mixin.py:188} INFO - [2024-03-09T10:42:48.002+0000] {dag.py:3834} INFO - Setting next_dagrun for example_xcom_args_with_operators to None, run_after=None
[2024-03-09T10:42:48.031+0000] {processor.py:183} INFO - Processing /home/airflow/.local/lib/python3.8/site-packages/airflow/example_dags/example_xcomargs.py took 0.093 seconds
[2024-03-09T10:43:18.294+0000] {processor.py:161} INFO - Started process (PID=1435) to work on /home/airflow/.local/lib/python3.8/site-packages/airflow/example_dags/example_xcomargs.py
[2024-03-09T10:43:18.296+0000] {processor.py:830} INFO - Processing file /home/airflow/.local/lib/python3.8/site-packages/airflow/example_dags/example_xcomargs.py for tasks to queue
[2024-03-09T10:43:18.299+0000] {logging_mixin.py:188} INFO - [2024-03-09T10:43:18.298+0000] {dagbag.py:540} INFO - Filling up the DagBag from /home/airflow/.local/lib/python3.8/site-packages/airflow/example_dags/example_xcomargs.py
[2024-03-09T10:43:18.308+0000] {processor.py:840} INFO - DAG(s) 'example_xcom_args_with_operators', 'example_xcom_args' retrieved from /home/airflow/.local/lib/python3.8/site-packages/airflow/example_dags/example_xcomargs.py
[2024-03-09T10:43:18.339+0000] {logging_mixin.py:188} INFO - [2024-03-09T10:43:18.339+0000] {dag.py:3047} INFO - Sync 2 DAGs
[2024-03-09T10:43:18.356+0000] {logging_mixin.py:188} INFO - [2024-03-09T10:43:18.355+0000] {dag.py:3834} INFO - Setting next_dagrun for example_xcom_args to None, run_after=None
[2024-03-09T10:43:18.362+0000] {logging_mixin.py:188} INFO - [2024-03-09T10:43:18.362+0000] {dag.py:3834} INFO - Setting next_dagrun for example_xcom_args_with_operators to None, run_after=None
[2024-03-09T10:43:18.421+0000] {processor.py:183} INFO - Processing /home/airflow/.local/lib/python3.8/site-packages/airflow/example_dags/example_xcomargs.py took 0.130 seconds
[2024-03-09T10:43:48.570+0000] {processor.py:161} INFO - Started process (PID=1490) to work on /home/airflow/.local/lib/python3.8/site-packages/airflow/example_dags/example_xcomargs.py
[2024-03-09T10:43:48.571+0000] {processor.py:830} INFO - Processing file /home/airflow/.local/lib/python3.8/site-packages/airflow/example_dags/example_xcomargs.py for tasks to queue
[2024-03-09T10:43:48.573+0000] {logging_mixin.py:188} INFO - [2024-03-09T10:43:48.573+0000] {dagbag.py:540} INFO - Filling up the DagBag from /home/airflow/.local/lib/python3.8/site-packages/airflow/example_dags/example_xcomargs.py
[2024-03-09T10:43:48.581+0000] {processor.py:840} INFO - DAG(s) 'example_xcom_args_with_operators', 'example_xcom_args' retrieved from /home/airflow/.local/lib/python3.8/site-packages/airflow/example_dags/example_xcomargs.py
[2024-03-09T10:43:48.609+0000] {logging_mixin.py:188} INFO - [2024-03-09T10:43:48.608+0000] {dag.py:3047} INFO - Sync 2 DAGs
[2024-03-09T10:43:48.622+0000] {logging_mixin.py:188} INFO - [2024-03-09T10:43:48.622+0000] {dag.py:3834} INFO - Setting next_dagrun for example_xcom_args to None, run_after=None
[2024-03-09T10:43:48.628+0000] {logging_mixin.py:188} INFO - [2024-03-09T10:43:48.627+0000] {dag.py:3834} INFO - Setting next_dagrun for example_xcom_args_with_operators to None, run_after=None
[2024-03-09T10:43:48.660+0000] {processor.py:183} INFO - Processing /home/airflow/.local/lib/python3.8/site-packages/airflow/example_dags/example_xcomargs.py took 0.094 seconds
[2024-03-09T10:44:19.024+0000] {processor.py:161} INFO - Started process (PID=1545) to work on /home/airflow/.local/lib/python3.8/site-packages/airflow/example_dags/example_xcomargs.py
[2024-03-09T10:44:19.025+0000] {processor.py:830} INFO - Processing file /home/airflow/.local/lib/python3.8/site-packages/airflow/example_dags/example_xcomargs.py for tasks to queue
[2024-03-09T10:44:19.028+0000] {logging_mixin.py:188} INFO - [2024-03-09T10:44:19.027+0000] {dagbag.py:540} INFO - Filling up the DagBag from /home/airflow/.local/lib/python3.8/site-packages/airflow/example_dags/example_xcomargs.py
[2024-03-09T10:44:19.036+0000] {processor.py:840} INFO - DAG(s) 'example_xcom_args', 'example_xcom_args_with_operators' retrieved from /home/airflow/.local/lib/python3.8/site-packages/airflow/example_dags/example_xcomargs.py
[2024-03-09T10:44:19.064+0000] {logging_mixin.py:188} INFO - [2024-03-09T10:44:19.063+0000] {dag.py:3047} INFO - Sync 2 DAGs
[2024-03-09T10:44:19.078+0000] {logging_mixin.py:188} INFO - [2024-03-09T10:44:19.078+0000] {dag.py:3834} INFO - Setting next_dagrun for example_xcom_args to None, run_after=None
[2024-03-09T10:44:19.083+0000] {logging_mixin.py:188} INFO - [2024-03-09T10:44:19.083+0000] {dag.py:3834} INFO - Setting next_dagrun for example_xcom_args_with_operators to None, run_after=None
[2024-03-09T10:44:19.105+0000] {processor.py:183} INFO - Processing /home/airflow/.local/lib/python3.8/site-packages/airflow/example_dags/example_xcomargs.py took 0.084 seconds
[2024-03-09T10:44:49.288+0000] {processor.py:161} INFO - Started process (PID=1600) to work on /home/airflow/.local/lib/python3.8/site-packages/airflow/example_dags/example_xcomargs.py
[2024-03-09T10:44:49.290+0000] {processor.py:830} INFO - Processing file /home/airflow/.local/lib/python3.8/site-packages/airflow/example_dags/example_xcomargs.py for tasks to queue
[2024-03-09T10:44:49.292+0000] {logging_mixin.py:188} INFO - [2024-03-09T10:44:49.292+0000] {dagbag.py:540} INFO - Filling up the DagBag from /home/airflow/.local/lib/python3.8/site-packages/airflow/example_dags/example_xcomargs.py
[2024-03-09T10:44:49.302+0000] {processor.py:840} INFO - DAG(s) 'example_xcom_args', 'example_xcom_args_with_operators' retrieved from /home/airflow/.local/lib/python3.8/site-packages/airflow/example_dags/example_xcomargs.py
[2024-03-09T10:44:49.330+0000] {logging_mixin.py:188} INFO - [2024-03-09T10:44:49.329+0000] {dag.py:3047} INFO - Sync 2 DAGs
[2024-03-09T10:44:49.343+0000] {logging_mixin.py:188} INFO - [2024-03-09T10:44:49.342+0000] {dag.py:3834} INFO - Setting next_dagrun for example_xcom_args to None, run_after=None
[2024-03-09T10:44:49.348+0000] {logging_mixin.py:188} INFO - [2024-03-09T10:44:49.348+0000] {dag.py:3834} INFO - Setting next_dagrun for example_xcom_args_with_operators to None, run_after=None
[2024-03-09T10:44:49.378+0000] {processor.py:183} INFO - Processing /home/airflow/.local/lib/python3.8/site-packages/airflow/example_dags/example_xcomargs.py took 0.095 seconds
[2024-03-09T10:45:19.574+0000] {processor.py:161} INFO - Started process (PID=1655) to work on /home/airflow/.local/lib/python3.8/site-packages/airflow/example_dags/example_xcomargs.py
[2024-03-09T10:45:19.575+0000] {processor.py:830} INFO - Processing file /home/airflow/.local/lib/python3.8/site-packages/airflow/example_dags/example_xcomargs.py for tasks to queue
[2024-03-09T10:45:19.577+0000] {logging_mixin.py:188} INFO - [2024-03-09T10:45:19.576+0000] {dagbag.py:540} INFO - Filling up the DagBag from /home/airflow/.local/lib/python3.8/site-packages/airflow/example_dags/example_xcomargs.py
[2024-03-09T10:45:19.585+0000] {processor.py:840} INFO - DAG(s) 'example_xcom_args_with_operators', 'example_xcom_args' retrieved from /home/airflow/.local/lib/python3.8/site-packages/airflow/example_dags/example_xcomargs.py
[2024-03-09T10:45:19.616+0000] {logging_mixin.py:188} INFO - [2024-03-09T10:45:19.616+0000] {dag.py:3047} INFO - Sync 2 DAGs
[2024-03-09T10:45:19.631+0000] {logging_mixin.py:188} INFO - [2024-03-09T10:45:19.631+0000] {dag.py:3834} INFO - Setting next_dagrun for example_xcom_args to None, run_after=None
[2024-03-09T10:45:19.637+0000] {logging_mixin.py:188} INFO - [2024-03-09T10:45:19.636+0000] {dag.py:3834} INFO - Setting next_dagrun for example_xcom_args_with_operators to None, run_after=None
[2024-03-09T10:45:19.673+0000] {processor.py:183} INFO - Processing /home/airflow/.local/lib/python3.8/site-packages/airflow/example_dags/example_xcomargs.py took 0.103 seconds
[2024-03-09T10:45:49.722+0000] {processor.py:161} INFO - Started process (PID=1709) to work on /home/airflow/.local/lib/python3.8/site-packages/airflow/example_dags/example_xcomargs.py
[2024-03-09T10:45:49.724+0000] {processor.py:830} INFO - Processing file /home/airflow/.local/lib/python3.8/site-packages/airflow/example_dags/example_xcomargs.py for tasks to queue
[2024-03-09T10:45:49.726+0000] {logging_mixin.py:188} INFO - [2024-03-09T10:45:49.726+0000] {dagbag.py:540} INFO - Filling up the DagBag from /home/airflow/.local/lib/python3.8/site-packages/airflow/example_dags/example_xcomargs.py
[2024-03-09T10:45:49.737+0000] {processor.py:840} INFO - DAG(s) 'example_xcom_args_with_operators', 'example_xcom_args' retrieved from /home/airflow/.local/lib/python3.8/site-packages/airflow/example_dags/example_xcomargs.py
[2024-03-09T10:45:49.787+0000] {logging_mixin.py:188} INFO - [2024-03-09T10:45:49.787+0000] {dag.py:3047} INFO - Sync 2 DAGs
[2024-03-09T10:45:49.805+0000] {logging_mixin.py:188} INFO - [2024-03-09T10:45:49.804+0000] {dag.py:3834} INFO - Setting next_dagrun for example_xcom_args to None, run_after=None
[2024-03-09T10:45:49.812+0000] {logging_mixin.py:188} INFO - [2024-03-09T10:45:49.812+0000] {dag.py:3834} INFO - Setting next_dagrun for example_xcom_args_with_operators to None, run_after=None
[2024-03-09T10:45:49.841+0000] {processor.py:183} INFO - Processing /home/airflow/.local/lib/python3.8/site-packages/airflow/example_dags/example_xcomargs.py took 0.123 seconds
