[2024-03-09T10:30:36.243+0000] {processor.py:161} INFO - Started process (PID=62) to work on /home/airflow/.local/lib/python3.8/site-packages/airflow/example_dags/example_params_trigger_ui.py
[2024-03-09T10:30:36.245+0000] {processor.py:830} INFO - Processing file /home/airflow/.local/lib/python3.8/site-packages/airflow/example_dags/example_params_trigger_ui.py for tasks to queue
[2024-03-09T10:30:36.247+0000] {logging_mixin.py:188} INFO - [2024-03-09T10:30:36.247+0000] {dagbag.py:540} INFO - Filling up the DagBag from /home/airflow/.local/lib/python3.8/site-packages/airflow/example_dags/example_params_trigger_ui.py
[2024-03-09T10:30:36.268+0000] {processor.py:840} INFO - DAG(s) 'example_params_trigger_ui' retrieved from /home/airflow/.local/lib/python3.8/site-packages/airflow/example_dags/example_params_trigger_ui.py
[2024-03-09T10:30:36.476+0000] {logging_mixin.py:188} INFO - [2024-03-09T10:30:36.475+0000] {dag.py:3047} INFO - Sync 1 DAGs
[2024-03-09T10:30:36.498+0000] {logging_mixin.py:188} INFO - [2024-03-09T10:30:36.497+0000] {dag.py:3834} INFO - Setting next_dagrun for example_params_trigger_ui to None, run_after=None
[2024-03-09T10:30:36.538+0000] {processor.py:183} INFO - Processing /home/airflow/.local/lib/python3.8/site-packages/airflow/example_dags/example_params_trigger_ui.py took 0.299 seconds
[2024-03-09T10:31:07.451+0000] {processor.py:161} INFO - Started process (PID=117) to work on /home/airflow/.local/lib/python3.8/site-packages/airflow/example_dags/example_params_trigger_ui.py
[2024-03-09T10:31:07.452+0000] {processor.py:830} INFO - Processing file /home/airflow/.local/lib/python3.8/site-packages/airflow/example_dags/example_params_trigger_ui.py for tasks to queue
[2024-03-09T10:31:07.455+0000] {logging_mixin.py:188} INFO - [2024-03-09T10:31:07.455+0000] {dagbag.py:540} INFO - Filling up the DagBag from /home/airflow/.local/lib/python3.8/site-packages/airflow/example_dags/example_params_trigger_ui.py
[2024-03-09T10:31:07.472+0000] {processor.py:840} INFO - DAG(s) 'example_params_trigger_ui' retrieved from /home/airflow/.local/lib/python3.8/site-packages/airflow/example_dags/example_params_trigger_ui.py
[2024-03-09T10:31:07.539+0000] {logging_mixin.py:188} INFO - [2024-03-09T10:31:07.539+0000] {dag.py:3047} INFO - Sync 1 DAGs
[2024-03-09T10:31:07.558+0000] {logging_mixin.py:188} INFO - [2024-03-09T10:31:07.557+0000] {dag.py:3834} INFO - Setting next_dagrun for example_params_trigger_ui to None, run_after=None
[2024-03-09T10:31:07.586+0000] {processor.py:183} INFO - Processing /home/airflow/.local/lib/python3.8/site-packages/airflow/example_dags/example_params_trigger_ui.py took 0.139 seconds
[2024-03-09T10:31:37.738+0000] {processor.py:161} INFO - Started process (PID=172) to work on /home/airflow/.local/lib/python3.8/site-packages/airflow/example_dags/example_params_trigger_ui.py
[2024-03-09T10:31:37.739+0000] {processor.py:830} INFO - Processing file /home/airflow/.local/lib/python3.8/site-packages/airflow/example_dags/example_params_trigger_ui.py for tasks to queue
[2024-03-09T10:31:37.743+0000] {logging_mixin.py:188} INFO - [2024-03-09T10:31:37.743+0000] {dagbag.py:540} INFO - Filling up the DagBag from /home/airflow/.local/lib/python3.8/site-packages/airflow/example_dags/example_params_trigger_ui.py
[2024-03-09T10:31:37.767+0000] {processor.py:840} INFO - DAG(s) 'example_params_trigger_ui' retrieved from /home/airflow/.local/lib/python3.8/site-packages/airflow/example_dags/example_params_trigger_ui.py
[2024-03-09T10:31:37.889+0000] {logging_mixin.py:188} INFO - [2024-03-09T10:31:37.888+0000] {dag.py:3047} INFO - Sync 1 DAGs
[2024-03-09T10:31:37.910+0000] {logging_mixin.py:188} INFO - [2024-03-09T10:31:37.910+0000] {dag.py:3834} INFO - Setting next_dagrun for example_params_trigger_ui to None, run_after=None
[2024-03-09T10:31:38.134+0000] {processor.py:183} INFO - Processing /home/airflow/.local/lib/python3.8/site-packages/airflow/example_dags/example_params_trigger_ui.py took 0.400 seconds
[2024-03-09T10:32:09.051+0000] {processor.py:161} INFO - Started process (PID=228) to work on /home/airflow/.local/lib/python3.8/site-packages/airflow/example_dags/example_params_trigger_ui.py
[2024-03-09T10:32:09.053+0000] {processor.py:830} INFO - Processing file /home/airflow/.local/lib/python3.8/site-packages/airflow/example_dags/example_params_trigger_ui.py for tasks to queue
[2024-03-09T10:32:09.056+0000] {logging_mixin.py:188} INFO - [2024-03-09T10:32:09.055+0000] {dagbag.py:540} INFO - Filling up the DagBag from /home/airflow/.local/lib/python3.8/site-packages/airflow/example_dags/example_params_trigger_ui.py
[2024-03-09T10:32:09.076+0000] {processor.py:840} INFO - DAG(s) 'example_params_trigger_ui' retrieved from /home/airflow/.local/lib/python3.8/site-packages/airflow/example_dags/example_params_trigger_ui.py
[2024-03-09T10:32:09.149+0000] {logging_mixin.py:188} INFO - [2024-03-09T10:32:09.149+0000] {dag.py:3047} INFO - Sync 1 DAGs
[2024-03-09T10:32:09.169+0000] {logging_mixin.py:188} INFO - [2024-03-09T10:32:09.169+0000] {dag.py:3834} INFO - Setting next_dagrun for example_params_trigger_ui to None, run_after=None
[2024-03-09T10:32:09.203+0000] {processor.py:183} INFO - Processing /home/airflow/.local/lib/python3.8/site-packages/airflow/example_dags/example_params_trigger_ui.py took 0.155 seconds
[2024-03-09T10:32:39.631+0000] {processor.py:161} INFO - Started process (PID=283) to work on /home/airflow/.local/lib/python3.8/site-packages/airflow/example_dags/example_params_trigger_ui.py
[2024-03-09T10:32:39.632+0000] {processor.py:830} INFO - Processing file /home/airflow/.local/lib/python3.8/site-packages/airflow/example_dags/example_params_trigger_ui.py for tasks to queue
[2024-03-09T10:32:39.634+0000] {logging_mixin.py:188} INFO - [2024-03-09T10:32:39.634+0000] {dagbag.py:540} INFO - Filling up the DagBag from /home/airflow/.local/lib/python3.8/site-packages/airflow/example_dags/example_params_trigger_ui.py
[2024-03-09T10:32:39.648+0000] {processor.py:840} INFO - DAG(s) 'example_params_trigger_ui' retrieved from /home/airflow/.local/lib/python3.8/site-packages/airflow/example_dags/example_params_trigger_ui.py
[2024-03-09T10:32:39.717+0000] {logging_mixin.py:188} INFO - [2024-03-09T10:32:39.717+0000] {dag.py:3047} INFO - Sync 1 DAGs
[2024-03-09T10:32:39.734+0000] {logging_mixin.py:188} INFO - [2024-03-09T10:32:39.734+0000] {dag.py:3834} INFO - Setting next_dagrun for example_params_trigger_ui to None, run_after=None
[2024-03-09T10:32:39.762+0000] {processor.py:183} INFO - Processing /home/airflow/.local/lib/python3.8/site-packages/airflow/example_dags/example_params_trigger_ui.py took 0.134 seconds
[2024-03-09T10:33:09.970+0000] {processor.py:161} INFO - Started process (PID=338) to work on /home/airflow/.local/lib/python3.8/site-packages/airflow/example_dags/example_params_trigger_ui.py
[2024-03-09T10:33:09.971+0000] {processor.py:830} INFO - Processing file /home/airflow/.local/lib/python3.8/site-packages/airflow/example_dags/example_params_trigger_ui.py for tasks to queue
[2024-03-09T10:33:09.973+0000] {logging_mixin.py:188} INFO - [2024-03-09T10:33:09.973+0000] {dagbag.py:540} INFO - Filling up the DagBag from /home/airflow/.local/lib/python3.8/site-packages/airflow/example_dags/example_params_trigger_ui.py
[2024-03-09T10:33:09.987+0000] {processor.py:840} INFO - DAG(s) 'example_params_trigger_ui' retrieved from /home/airflow/.local/lib/python3.8/site-packages/airflow/example_dags/example_params_trigger_ui.py
[2024-03-09T10:33:10.049+0000] {logging_mixin.py:188} INFO - [2024-03-09T10:33:10.049+0000] {dag.py:3047} INFO - Sync 1 DAGs
[2024-03-09T10:33:10.065+0000] {logging_mixin.py:188} INFO - [2024-03-09T10:33:10.064+0000] {dag.py:3834} INFO - Setting next_dagrun for example_params_trigger_ui to None, run_after=None
[2024-03-09T10:33:10.091+0000] {processor.py:183} INFO - Processing /home/airflow/.local/lib/python3.8/site-packages/airflow/example_dags/example_params_trigger_ui.py took 0.124 seconds
[2024-03-09T10:33:40.414+0000] {processor.py:161} INFO - Started process (PID=393) to work on /home/airflow/.local/lib/python3.8/site-packages/airflow/example_dags/example_params_trigger_ui.py
[2024-03-09T10:33:40.417+0000] {processor.py:830} INFO - Processing file /home/airflow/.local/lib/python3.8/site-packages/airflow/example_dags/example_params_trigger_ui.py for tasks to queue
[2024-03-09T10:33:40.421+0000] {logging_mixin.py:188} INFO - [2024-03-09T10:33:40.420+0000] {dagbag.py:540} INFO - Filling up the DagBag from /home/airflow/.local/lib/python3.8/site-packages/airflow/example_dags/example_params_trigger_ui.py
[2024-03-09T10:33:40.439+0000] {processor.py:840} INFO - DAG(s) 'example_params_trigger_ui' retrieved from /home/airflow/.local/lib/python3.8/site-packages/airflow/example_dags/example_params_trigger_ui.py
[2024-03-09T10:33:40.520+0000] {logging_mixin.py:188} INFO - [2024-03-09T10:33:40.519+0000] {dag.py:3047} INFO - Sync 1 DAGs
[2024-03-09T10:33:40.538+0000] {logging_mixin.py:188} INFO - [2024-03-09T10:33:40.538+0000] {dag.py:3834} INFO - Setting next_dagrun for example_params_trigger_ui to None, run_after=None
[2024-03-09T10:33:40.571+0000] {processor.py:183} INFO - Processing /home/airflow/.local/lib/python3.8/site-packages/airflow/example_dags/example_params_trigger_ui.py took 0.159 seconds
[2024-03-09T10:34:10.815+0000] {processor.py:161} INFO - Started process (PID=448) to work on /home/airflow/.local/lib/python3.8/site-packages/airflow/example_dags/example_params_trigger_ui.py
[2024-03-09T10:34:10.817+0000] {processor.py:830} INFO - Processing file /home/airflow/.local/lib/python3.8/site-packages/airflow/example_dags/example_params_trigger_ui.py for tasks to queue
[2024-03-09T10:34:10.819+0000] {logging_mixin.py:188} INFO - [2024-03-09T10:34:10.819+0000] {dagbag.py:540} INFO - Filling up the DagBag from /home/airflow/.local/lib/python3.8/site-packages/airflow/example_dags/example_params_trigger_ui.py
[2024-03-09T10:34:10.833+0000] {processor.py:840} INFO - DAG(s) 'example_params_trigger_ui' retrieved from /home/airflow/.local/lib/python3.8/site-packages/airflow/example_dags/example_params_trigger_ui.py
[2024-03-09T10:34:10.892+0000] {logging_mixin.py:188} INFO - [2024-03-09T10:34:10.892+0000] {dag.py:3047} INFO - Sync 1 DAGs
[2024-03-09T10:34:10.909+0000] {logging_mixin.py:188} INFO - [2024-03-09T10:34:10.909+0000] {dag.py:3834} INFO - Setting next_dagrun for example_params_trigger_ui to None, run_after=None
[2024-03-09T10:34:10.939+0000] {processor.py:183} INFO - Processing /home/airflow/.local/lib/python3.8/site-packages/airflow/example_dags/example_params_trigger_ui.py took 0.127 seconds
[2024-03-09T10:34:41.282+0000] {processor.py:161} INFO - Started process (PID=503) to work on /home/airflow/.local/lib/python3.8/site-packages/airflow/example_dags/example_params_trigger_ui.py
[2024-03-09T10:34:41.283+0000] {processor.py:830} INFO - Processing file /home/airflow/.local/lib/python3.8/site-packages/airflow/example_dags/example_params_trigger_ui.py for tasks to queue
[2024-03-09T10:34:41.285+0000] {logging_mixin.py:188} INFO - [2024-03-09T10:34:41.285+0000] {dagbag.py:540} INFO - Filling up the DagBag from /home/airflow/.local/lib/python3.8/site-packages/airflow/example_dags/example_params_trigger_ui.py
[2024-03-09T10:34:41.299+0000] {processor.py:840} INFO - DAG(s) 'example_params_trigger_ui' retrieved from /home/airflow/.local/lib/python3.8/site-packages/airflow/example_dags/example_params_trigger_ui.py
[2024-03-09T10:34:41.360+0000] {logging_mixin.py:188} INFO - [2024-03-09T10:34:41.360+0000] {dag.py:3047} INFO - Sync 1 DAGs
[2024-03-09T10:34:41.375+0000] {logging_mixin.py:188} INFO - [2024-03-09T10:34:41.375+0000] {dag.py:3834} INFO - Setting next_dagrun for example_params_trigger_ui to None, run_after=None
[2024-03-09T10:34:41.405+0000] {processor.py:183} INFO - Processing /home/airflow/.local/lib/python3.8/site-packages/airflow/example_dags/example_params_trigger_ui.py took 0.126 seconds
[2024-03-09T10:35:11.613+0000] {processor.py:161} INFO - Started process (PID=558) to work on /home/airflow/.local/lib/python3.8/site-packages/airflow/example_dags/example_params_trigger_ui.py
[2024-03-09T10:35:11.614+0000] {processor.py:830} INFO - Processing file /home/airflow/.local/lib/python3.8/site-packages/airflow/example_dags/example_params_trigger_ui.py for tasks to queue
[2024-03-09T10:35:11.616+0000] {logging_mixin.py:188} INFO - [2024-03-09T10:35:11.616+0000] {dagbag.py:540} INFO - Filling up the DagBag from /home/airflow/.local/lib/python3.8/site-packages/airflow/example_dags/example_params_trigger_ui.py
[2024-03-09T10:35:11.630+0000] {processor.py:840} INFO - DAG(s) 'example_params_trigger_ui' retrieved from /home/airflow/.local/lib/python3.8/site-packages/airflow/example_dags/example_params_trigger_ui.py
[2024-03-09T10:35:11.690+0000] {logging_mixin.py:188} INFO - [2024-03-09T10:35:11.689+0000] {dag.py:3047} INFO - Sync 1 DAGs
[2024-03-09T10:35:11.705+0000] {logging_mixin.py:188} INFO - [2024-03-09T10:35:11.705+0000] {dag.py:3834} INFO - Setting next_dagrun for example_params_trigger_ui to None, run_after=None
[2024-03-09T10:35:11.732+0000] {processor.py:183} INFO - Processing /home/airflow/.local/lib/python3.8/site-packages/airflow/example_dags/example_params_trigger_ui.py took 0.122 seconds
[2024-03-09T10:35:42.112+0000] {processor.py:161} INFO - Started process (PID=613) to work on /home/airflow/.local/lib/python3.8/site-packages/airflow/example_dags/example_params_trigger_ui.py
[2024-03-09T10:35:42.113+0000] {processor.py:830} INFO - Processing file /home/airflow/.local/lib/python3.8/site-packages/airflow/example_dags/example_params_trigger_ui.py for tasks to queue
[2024-03-09T10:35:42.115+0000] {logging_mixin.py:188} INFO - [2024-03-09T10:35:42.114+0000] {dagbag.py:540} INFO - Filling up the DagBag from /home/airflow/.local/lib/python3.8/site-packages/airflow/example_dags/example_params_trigger_ui.py
[2024-03-09T10:35:42.128+0000] {processor.py:840} INFO - DAG(s) 'example_params_trigger_ui' retrieved from /home/airflow/.local/lib/python3.8/site-packages/airflow/example_dags/example_params_trigger_ui.py
[2024-03-09T10:35:42.190+0000] {logging_mixin.py:188} INFO - [2024-03-09T10:35:42.189+0000] {dag.py:3047} INFO - Sync 1 DAGs
[2024-03-09T10:35:42.204+0000] {logging_mixin.py:188} INFO - [2024-03-09T10:35:42.204+0000] {dag.py:3834} INFO - Setting next_dagrun for example_params_trigger_ui to None, run_after=None
[2024-03-09T10:35:42.236+0000] {processor.py:183} INFO - Processing /home/airflow/.local/lib/python3.8/site-packages/airflow/example_dags/example_params_trigger_ui.py took 0.127 seconds
[2024-03-09T10:36:13.165+0000] {processor.py:161} INFO - Started process (PID=668) to work on /home/airflow/.local/lib/python3.8/site-packages/airflow/example_dags/example_params_trigger_ui.py
[2024-03-09T10:36:13.166+0000] {processor.py:830} INFO - Processing file /home/airflow/.local/lib/python3.8/site-packages/airflow/example_dags/example_params_trigger_ui.py for tasks to queue
[2024-03-09T10:36:13.168+0000] {logging_mixin.py:188} INFO - [2024-03-09T10:36:13.167+0000] {dagbag.py:540} INFO - Filling up the DagBag from /home/airflow/.local/lib/python3.8/site-packages/airflow/example_dags/example_params_trigger_ui.py
[2024-03-09T10:36:13.181+0000] {processor.py:840} INFO - DAG(s) 'example_params_trigger_ui' retrieved from /home/airflow/.local/lib/python3.8/site-packages/airflow/example_dags/example_params_trigger_ui.py
[2024-03-09T10:36:13.242+0000] {logging_mixin.py:188} INFO - [2024-03-09T10:36:13.242+0000] {dag.py:3047} INFO - Sync 1 DAGs
[2024-03-09T10:36:13.258+0000] {logging_mixin.py:188} INFO - [2024-03-09T10:36:13.257+0000] {dag.py:3834} INFO - Setting next_dagrun for example_params_trigger_ui to None, run_after=None
[2024-03-09T10:36:13.286+0000] {processor.py:183} INFO - Processing /home/airflow/.local/lib/python3.8/site-packages/airflow/example_dags/example_params_trigger_ui.py took 0.124 seconds
[2024-03-09T10:36:43.554+0000] {processor.py:161} INFO - Started process (PID=723) to work on /home/airflow/.local/lib/python3.8/site-packages/airflow/example_dags/example_params_trigger_ui.py
[2024-03-09T10:36:43.555+0000] {processor.py:830} INFO - Processing file /home/airflow/.local/lib/python3.8/site-packages/airflow/example_dags/example_params_trigger_ui.py for tasks to queue
[2024-03-09T10:36:43.557+0000] {logging_mixin.py:188} INFO - [2024-03-09T10:36:43.557+0000] {dagbag.py:540} INFO - Filling up the DagBag from /home/airflow/.local/lib/python3.8/site-packages/airflow/example_dags/example_params_trigger_ui.py
[2024-03-09T10:36:43.571+0000] {processor.py:840} INFO - DAG(s) 'example_params_trigger_ui' retrieved from /home/airflow/.local/lib/python3.8/site-packages/airflow/example_dags/example_params_trigger_ui.py
[2024-03-09T10:36:43.633+0000] {logging_mixin.py:188} INFO - [2024-03-09T10:36:43.633+0000] {dag.py:3047} INFO - Sync 1 DAGs
[2024-03-09T10:36:43.649+0000] {logging_mixin.py:188} INFO - [2024-03-09T10:36:43.648+0000] {dag.py:3834} INFO - Setting next_dagrun for example_params_trigger_ui to None, run_after=None
[2024-03-09T10:36:43.684+0000] {processor.py:183} INFO - Processing /home/airflow/.local/lib/python3.8/site-packages/airflow/example_dags/example_params_trigger_ui.py took 0.134 seconds
[2024-03-09T10:37:14.431+0000] {processor.py:161} INFO - Started process (PID=778) to work on /home/airflow/.local/lib/python3.8/site-packages/airflow/example_dags/example_params_trigger_ui.py
[2024-03-09T10:37:14.432+0000] {processor.py:830} INFO - Processing file /home/airflow/.local/lib/python3.8/site-packages/airflow/example_dags/example_params_trigger_ui.py for tasks to queue
[2024-03-09T10:37:14.435+0000] {logging_mixin.py:188} INFO - [2024-03-09T10:37:14.434+0000] {dagbag.py:540} INFO - Filling up the DagBag from /home/airflow/.local/lib/python3.8/site-packages/airflow/example_dags/example_params_trigger_ui.py
[2024-03-09T10:37:14.448+0000] {processor.py:840} INFO - DAG(s) 'example_params_trigger_ui' retrieved from /home/airflow/.local/lib/python3.8/site-packages/airflow/example_dags/example_params_trigger_ui.py
[2024-03-09T10:37:14.509+0000] {logging_mixin.py:188} INFO - [2024-03-09T10:37:14.509+0000] {dag.py:3047} INFO - Sync 1 DAGs
[2024-03-09T10:37:14.523+0000] {logging_mixin.py:188} INFO - [2024-03-09T10:37:14.523+0000] {dag.py:3834} INFO - Setting next_dagrun for example_params_trigger_ui to None, run_after=None
[2024-03-09T10:37:14.566+0000] {processor.py:183} INFO - Processing /home/airflow/.local/lib/python3.8/site-packages/airflow/example_dags/example_params_trigger_ui.py took 0.138 seconds
[2024-03-09T10:37:44.817+0000] {processor.py:161} INFO - Started process (PID=833) to work on /home/airflow/.local/lib/python3.8/site-packages/airflow/example_dags/example_params_trigger_ui.py
[2024-03-09T10:37:44.819+0000] {processor.py:830} INFO - Processing file /home/airflow/.local/lib/python3.8/site-packages/airflow/example_dags/example_params_trigger_ui.py for tasks to queue
[2024-03-09T10:37:44.821+0000] {logging_mixin.py:188} INFO - [2024-03-09T10:37:44.821+0000] {dagbag.py:540} INFO - Filling up the DagBag from /home/airflow/.local/lib/python3.8/site-packages/airflow/example_dags/example_params_trigger_ui.py
[2024-03-09T10:37:44.834+0000] {processor.py:840} INFO - DAG(s) 'example_params_trigger_ui' retrieved from /home/airflow/.local/lib/python3.8/site-packages/airflow/example_dags/example_params_trigger_ui.py
[2024-03-09T10:37:44.895+0000] {logging_mixin.py:188} INFO - [2024-03-09T10:37:44.894+0000] {dag.py:3047} INFO - Sync 1 DAGs
[2024-03-09T10:37:44.912+0000] {logging_mixin.py:188} INFO - [2024-03-09T10:37:44.912+0000] {dag.py:3834} INFO - Setting next_dagrun for example_params_trigger_ui to None, run_after=None
[2024-03-09T10:37:44.939+0000] {processor.py:183} INFO - Processing /home/airflow/.local/lib/python3.8/site-packages/airflow/example_dags/example_params_trigger_ui.py took 0.125 seconds
[2024-03-09T10:38:15.439+0000] {processor.py:161} INFO - Started process (PID=888) to work on /home/airflow/.local/lib/python3.8/site-packages/airflow/example_dags/example_params_trigger_ui.py
[2024-03-09T10:38:15.441+0000] {processor.py:830} INFO - Processing file /home/airflow/.local/lib/python3.8/site-packages/airflow/example_dags/example_params_trigger_ui.py for tasks to queue
[2024-03-09T10:38:15.443+0000] {logging_mixin.py:188} INFO - [2024-03-09T10:38:15.443+0000] {dagbag.py:540} INFO - Filling up the DagBag from /home/airflow/.local/lib/python3.8/site-packages/airflow/example_dags/example_params_trigger_ui.py
[2024-03-09T10:38:15.458+0000] {processor.py:840} INFO - DAG(s) 'example_params_trigger_ui' retrieved from /home/airflow/.local/lib/python3.8/site-packages/airflow/example_dags/example_params_trigger_ui.py
[2024-03-09T10:38:15.516+0000] {logging_mixin.py:188} INFO - [2024-03-09T10:38:15.516+0000] {dag.py:3047} INFO - Sync 1 DAGs
[2024-03-09T10:38:15.530+0000] {logging_mixin.py:188} INFO - [2024-03-09T10:38:15.530+0000] {dag.py:3834} INFO - Setting next_dagrun for example_params_trigger_ui to None, run_after=None
[2024-03-09T10:38:15.561+0000] {processor.py:183} INFO - Processing /home/airflow/.local/lib/python3.8/site-packages/airflow/example_dags/example_params_trigger_ui.py took 0.125 seconds
[2024-03-09T10:38:46.038+0000] {processor.py:161} INFO - Started process (PID=943) to work on /home/airflow/.local/lib/python3.8/site-packages/airflow/example_dags/example_params_trigger_ui.py
[2024-03-09T10:38:46.040+0000] {processor.py:830} INFO - Processing file /home/airflow/.local/lib/python3.8/site-packages/airflow/example_dags/example_params_trigger_ui.py for tasks to queue
[2024-03-09T10:38:46.042+0000] {logging_mixin.py:188} INFO - [2024-03-09T10:38:46.042+0000] {dagbag.py:540} INFO - Filling up the DagBag from /home/airflow/.local/lib/python3.8/site-packages/airflow/example_dags/example_params_trigger_ui.py
[2024-03-09T10:38:46.061+0000] {processor.py:840} INFO - DAG(s) 'example_params_trigger_ui' retrieved from /home/airflow/.local/lib/python3.8/site-packages/airflow/example_dags/example_params_trigger_ui.py
[2024-03-09T10:38:46.160+0000] {logging_mixin.py:188} INFO - [2024-03-09T10:38:46.159+0000] {dag.py:3047} INFO - Sync 1 DAGs
[2024-03-09T10:38:46.178+0000] {logging_mixin.py:188} INFO - [2024-03-09T10:38:46.177+0000] {dag.py:3834} INFO - Setting next_dagrun for example_params_trigger_ui to None, run_after=None
[2024-03-09T10:38:46.235+0000] {processor.py:183} INFO - Processing /home/airflow/.local/lib/python3.8/site-packages/airflow/example_dags/example_params_trigger_ui.py took 0.202 seconds
[2024-03-09T10:39:16.343+0000] {processor.py:161} INFO - Started process (PID=998) to work on /home/airflow/.local/lib/python3.8/site-packages/airflow/example_dags/example_params_trigger_ui.py
[2024-03-09T10:39:16.345+0000] {processor.py:830} INFO - Processing file /home/airflow/.local/lib/python3.8/site-packages/airflow/example_dags/example_params_trigger_ui.py for tasks to queue
[2024-03-09T10:39:16.348+0000] {logging_mixin.py:188} INFO - [2024-03-09T10:39:16.348+0000] {dagbag.py:540} INFO - Filling up the DagBag from /home/airflow/.local/lib/python3.8/site-packages/airflow/example_dags/example_params_trigger_ui.py
[2024-03-09T10:39:16.370+0000] {processor.py:840} INFO - DAG(s) 'example_params_trigger_ui' retrieved from /home/airflow/.local/lib/python3.8/site-packages/airflow/example_dags/example_params_trigger_ui.py
[2024-03-09T10:39:16.447+0000] {logging_mixin.py:188} INFO - [2024-03-09T10:39:16.446+0000] {dag.py:3047} INFO - Sync 1 DAGs
[2024-03-09T10:39:16.469+0000] {logging_mixin.py:188} INFO - [2024-03-09T10:39:16.468+0000] {dag.py:3834} INFO - Setting next_dagrun for example_params_trigger_ui to None, run_after=None
[2024-03-09T10:39:16.528+0000] {processor.py:183} INFO - Processing /home/airflow/.local/lib/python3.8/site-packages/airflow/example_dags/example_params_trigger_ui.py took 0.190 seconds
[2024-03-09T10:39:47.453+0000] {processor.py:161} INFO - Started process (PID=1053) to work on /home/airflow/.local/lib/python3.8/site-packages/airflow/example_dags/example_params_trigger_ui.py
[2024-03-09T10:39:47.455+0000] {processor.py:830} INFO - Processing file /home/airflow/.local/lib/python3.8/site-packages/airflow/example_dags/example_params_trigger_ui.py for tasks to queue
[2024-03-09T10:39:47.457+0000] {logging_mixin.py:188} INFO - [2024-03-09T10:39:47.457+0000] {dagbag.py:540} INFO - Filling up the DagBag from /home/airflow/.local/lib/python3.8/site-packages/airflow/example_dags/example_params_trigger_ui.py
[2024-03-09T10:39:47.484+0000] {processor.py:840} INFO - DAG(s) 'example_params_trigger_ui' retrieved from /home/airflow/.local/lib/python3.8/site-packages/airflow/example_dags/example_params_trigger_ui.py
[2024-03-09T10:39:47.574+0000] {logging_mixin.py:188} INFO - [2024-03-09T10:39:47.574+0000] {dag.py:3047} INFO - Sync 1 DAGs
[2024-03-09T10:39:47.591+0000] {logging_mixin.py:188} INFO - [2024-03-09T10:39:47.591+0000] {dag.py:3834} INFO - Setting next_dagrun for example_params_trigger_ui to None, run_after=None
[2024-03-09T10:39:47.633+0000] {processor.py:183} INFO - Processing /home/airflow/.local/lib/python3.8/site-packages/airflow/example_dags/example_params_trigger_ui.py took 0.188 seconds
[2024-03-09T10:40:17.794+0000] {processor.py:161} INFO - Started process (PID=1108) to work on /home/airflow/.local/lib/python3.8/site-packages/airflow/example_dags/example_params_trigger_ui.py
[2024-03-09T10:40:17.795+0000] {processor.py:830} INFO - Processing file /home/airflow/.local/lib/python3.8/site-packages/airflow/example_dags/example_params_trigger_ui.py for tasks to queue
[2024-03-09T10:40:17.798+0000] {logging_mixin.py:188} INFO - [2024-03-09T10:40:17.797+0000] {dagbag.py:540} INFO - Filling up the DagBag from /home/airflow/.local/lib/python3.8/site-packages/airflow/example_dags/example_params_trigger_ui.py
[2024-03-09T10:40:17.813+0000] {processor.py:840} INFO - DAG(s) 'example_params_trigger_ui' retrieved from /home/airflow/.local/lib/python3.8/site-packages/airflow/example_dags/example_params_trigger_ui.py
[2024-03-09T10:40:17.872+0000] {logging_mixin.py:188} INFO - [2024-03-09T10:40:17.872+0000] {dag.py:3047} INFO - Sync 1 DAGs
[2024-03-09T10:40:17.887+0000] {logging_mixin.py:188} INFO - [2024-03-09T10:40:17.886+0000] {dag.py:3834} INFO - Setting next_dagrun for example_params_trigger_ui to None, run_after=None
[2024-03-09T10:40:17.916+0000] {processor.py:183} INFO - Processing /home/airflow/.local/lib/python3.8/site-packages/airflow/example_dags/example_params_trigger_ui.py took 0.126 seconds
[2024-03-09T10:40:48.526+0000] {processor.py:161} INFO - Started process (PID=1163) to work on /home/airflow/.local/lib/python3.8/site-packages/airflow/example_dags/example_params_trigger_ui.py
[2024-03-09T10:40:48.528+0000] {processor.py:830} INFO - Processing file /home/airflow/.local/lib/python3.8/site-packages/airflow/example_dags/example_params_trigger_ui.py for tasks to queue
[2024-03-09T10:40:48.530+0000] {logging_mixin.py:188} INFO - [2024-03-09T10:40:48.529+0000] {dagbag.py:540} INFO - Filling up the DagBag from /home/airflow/.local/lib/python3.8/site-packages/airflow/example_dags/example_params_trigger_ui.py
[2024-03-09T10:40:48.543+0000] {processor.py:840} INFO - DAG(s) 'example_params_trigger_ui' retrieved from /home/airflow/.local/lib/python3.8/site-packages/airflow/example_dags/example_params_trigger_ui.py
[2024-03-09T10:40:48.606+0000] {logging_mixin.py:188} INFO - [2024-03-09T10:40:48.605+0000] {dag.py:3047} INFO - Sync 1 DAGs
[2024-03-09T10:40:48.621+0000] {logging_mixin.py:188} INFO - [2024-03-09T10:40:48.621+0000] {dag.py:3834} INFO - Setting next_dagrun for example_params_trigger_ui to None, run_after=None
[2024-03-09T10:40:48.652+0000] {processor.py:183} INFO - Processing /home/airflow/.local/lib/python3.8/site-packages/airflow/example_dags/example_params_trigger_ui.py took 0.129 seconds
[2024-03-09T10:41:19.412+0000] {processor.py:161} INFO - Started process (PID=1218) to work on /home/airflow/.local/lib/python3.8/site-packages/airflow/example_dags/example_params_trigger_ui.py
[2024-03-09T10:41:19.413+0000] {processor.py:830} INFO - Processing file /home/airflow/.local/lib/python3.8/site-packages/airflow/example_dags/example_params_trigger_ui.py for tasks to queue
[2024-03-09T10:41:19.415+0000] {logging_mixin.py:188} INFO - [2024-03-09T10:41:19.415+0000] {dagbag.py:540} INFO - Filling up the DagBag from /home/airflow/.local/lib/python3.8/site-packages/airflow/example_dags/example_params_trigger_ui.py
[2024-03-09T10:41:19.428+0000] {processor.py:840} INFO - DAG(s) 'example_params_trigger_ui' retrieved from /home/airflow/.local/lib/python3.8/site-packages/airflow/example_dags/example_params_trigger_ui.py
[2024-03-09T10:41:19.493+0000] {logging_mixin.py:188} INFO - [2024-03-09T10:41:19.492+0000] {dag.py:3047} INFO - Sync 1 DAGs
[2024-03-09T10:41:19.509+0000] {logging_mixin.py:188} INFO - [2024-03-09T10:41:19.508+0000] {dag.py:3834} INFO - Setting next_dagrun for example_params_trigger_ui to None, run_after=None
[2024-03-09T10:41:19.539+0000] {processor.py:183} INFO - Processing /home/airflow/.local/lib/python3.8/site-packages/airflow/example_dags/example_params_trigger_ui.py took 0.130 seconds
[2024-03-09T10:41:49.682+0000] {processor.py:161} INFO - Started process (PID=1273) to work on /home/airflow/.local/lib/python3.8/site-packages/airflow/example_dags/example_params_trigger_ui.py
[2024-03-09T10:41:49.683+0000] {processor.py:830} INFO - Processing file /home/airflow/.local/lib/python3.8/site-packages/airflow/example_dags/example_params_trigger_ui.py for tasks to queue
[2024-03-09T10:41:49.685+0000] {logging_mixin.py:188} INFO - [2024-03-09T10:41:49.685+0000] {dagbag.py:540} INFO - Filling up the DagBag from /home/airflow/.local/lib/python3.8/site-packages/airflow/example_dags/example_params_trigger_ui.py
[2024-03-09T10:41:49.702+0000] {processor.py:840} INFO - DAG(s) 'example_params_trigger_ui' retrieved from /home/airflow/.local/lib/python3.8/site-packages/airflow/example_dags/example_params_trigger_ui.py
[2024-03-09T10:41:49.790+0000] {logging_mixin.py:188} INFO - [2024-03-09T10:41:49.790+0000] {dag.py:3047} INFO - Sync 1 DAGs
[2024-03-09T10:41:49.807+0000] {logging_mixin.py:188} INFO - [2024-03-09T10:41:49.807+0000] {dag.py:3834} INFO - Setting next_dagrun for example_params_trigger_ui to None, run_after=None
[2024-03-09T10:41:49.839+0000] {processor.py:183} INFO - Processing /home/airflow/.local/lib/python3.8/site-packages/airflow/example_dags/example_params_trigger_ui.py took 0.160 seconds
[2024-03-09T10:42:19.976+0000] {processor.py:161} INFO - Started process (PID=1329) to work on /home/airflow/.local/lib/python3.8/site-packages/airflow/example_dags/example_params_trigger_ui.py
[2024-03-09T10:42:19.979+0000] {processor.py:830} INFO - Processing file /home/airflow/.local/lib/python3.8/site-packages/airflow/example_dags/example_params_trigger_ui.py for tasks to queue
[2024-03-09T10:42:19.983+0000] {logging_mixin.py:188} INFO - [2024-03-09T10:42:19.982+0000] {dagbag.py:540} INFO - Filling up the DagBag from /home/airflow/.local/lib/python3.8/site-packages/airflow/example_dags/example_params_trigger_ui.py
[2024-03-09T10:42:20.000+0000] {processor.py:840} INFO - DAG(s) 'example_params_trigger_ui' retrieved from /home/airflow/.local/lib/python3.8/site-packages/airflow/example_dags/example_params_trigger_ui.py
[2024-03-09T10:42:20.065+0000] {logging_mixin.py:188} INFO - [2024-03-09T10:42:20.064+0000] {dag.py:3047} INFO - Sync 1 DAGs
[2024-03-09T10:42:20.080+0000] {logging_mixin.py:188} INFO - [2024-03-09T10:42:20.080+0000] {dag.py:3834} INFO - Setting next_dagrun for example_params_trigger_ui to None, run_after=None
[2024-03-09T10:42:20.111+0000] {processor.py:183} INFO - Processing /home/airflow/.local/lib/python3.8/site-packages/airflow/example_dags/example_params_trigger_ui.py took 0.142 seconds
[2024-03-09T10:42:50.182+0000] {processor.py:161} INFO - Started process (PID=1383) to work on /home/airflow/.local/lib/python3.8/site-packages/airflow/example_dags/example_params_trigger_ui.py
[2024-03-09T10:42:50.183+0000] {processor.py:830} INFO - Processing file /home/airflow/.local/lib/python3.8/site-packages/airflow/example_dags/example_params_trigger_ui.py for tasks to queue
[2024-03-09T10:42:50.185+0000] {logging_mixin.py:188} INFO - [2024-03-09T10:42:50.185+0000] {dagbag.py:540} INFO - Filling up the DagBag from /home/airflow/.local/lib/python3.8/site-packages/airflow/example_dags/example_params_trigger_ui.py
[2024-03-09T10:42:50.199+0000] {processor.py:840} INFO - DAG(s) 'example_params_trigger_ui' retrieved from /home/airflow/.local/lib/python3.8/site-packages/airflow/example_dags/example_params_trigger_ui.py
[2024-03-09T10:42:50.268+0000] {logging_mixin.py:188} INFO - [2024-03-09T10:42:50.268+0000] {dag.py:3047} INFO - Sync 1 DAGs
[2024-03-09T10:42:50.284+0000] {logging_mixin.py:188} INFO - [2024-03-09T10:42:50.283+0000] {dag.py:3834} INFO - Setting next_dagrun for example_params_trigger_ui to None, run_after=None
[2024-03-09T10:42:50.311+0000] {processor.py:183} INFO - Processing /home/airflow/.local/lib/python3.8/site-packages/airflow/example_dags/example_params_trigger_ui.py took 0.133 seconds
[2024-03-09T10:43:20.612+0000] {processor.py:161} INFO - Started process (PID=1438) to work on /home/airflow/.local/lib/python3.8/site-packages/airflow/example_dags/example_params_trigger_ui.py
[2024-03-09T10:43:20.614+0000] {processor.py:830} INFO - Processing file /home/airflow/.local/lib/python3.8/site-packages/airflow/example_dags/example_params_trigger_ui.py for tasks to queue
[2024-03-09T10:43:20.616+0000] {logging_mixin.py:188} INFO - [2024-03-09T10:43:20.615+0000] {dagbag.py:540} INFO - Filling up the DagBag from /home/airflow/.local/lib/python3.8/site-packages/airflow/example_dags/example_params_trigger_ui.py
[2024-03-09T10:43:20.629+0000] {processor.py:840} INFO - DAG(s) 'example_params_trigger_ui' retrieved from /home/airflow/.local/lib/python3.8/site-packages/airflow/example_dags/example_params_trigger_ui.py
[2024-03-09T10:43:20.692+0000] {logging_mixin.py:188} INFO - [2024-03-09T10:43:20.691+0000] {dag.py:3047} INFO - Sync 1 DAGs
[2024-03-09T10:43:20.714+0000] {logging_mixin.py:188} INFO - [2024-03-09T10:43:20.713+0000] {dag.py:3834} INFO - Setting next_dagrun for example_params_trigger_ui to None, run_after=None
[2024-03-09T10:43:20.741+0000] {processor.py:183} INFO - Processing /home/airflow/.local/lib/python3.8/site-packages/airflow/example_dags/example_params_trigger_ui.py took 0.131 seconds
[2024-03-09T10:43:50.825+0000] {processor.py:161} INFO - Started process (PID=1493) to work on /home/airflow/.local/lib/python3.8/site-packages/airflow/example_dags/example_params_trigger_ui.py
[2024-03-09T10:43:50.827+0000] {processor.py:830} INFO - Processing file /home/airflow/.local/lib/python3.8/site-packages/airflow/example_dags/example_params_trigger_ui.py for tasks to queue
[2024-03-09T10:43:50.830+0000] {logging_mixin.py:188} INFO - [2024-03-09T10:43:50.829+0000] {dagbag.py:540} INFO - Filling up the DagBag from /home/airflow/.local/lib/python3.8/site-packages/airflow/example_dags/example_params_trigger_ui.py
[2024-03-09T10:43:50.850+0000] {processor.py:840} INFO - DAG(s) 'example_params_trigger_ui' retrieved from /home/airflow/.local/lib/python3.8/site-packages/airflow/example_dags/example_params_trigger_ui.py
[2024-03-09T10:43:50.921+0000] {logging_mixin.py:188} INFO - [2024-03-09T10:43:50.921+0000] {dag.py:3047} INFO - Sync 1 DAGs
[2024-03-09T10:43:50.940+0000] {logging_mixin.py:188} INFO - [2024-03-09T10:43:50.940+0000] {dag.py:3834} INFO - Setting next_dagrun for example_params_trigger_ui to None, run_after=None
[2024-03-09T10:43:50.969+0000] {processor.py:183} INFO - Processing /home/airflow/.local/lib/python3.8/site-packages/airflow/example_dags/example_params_trigger_ui.py took 0.148 seconds
[2024-03-09T10:44:21.274+0000] {processor.py:161} INFO - Started process (PID=1548) to work on /home/airflow/.local/lib/python3.8/site-packages/airflow/example_dags/example_params_trigger_ui.py
[2024-03-09T10:44:21.276+0000] {processor.py:830} INFO - Processing file /home/airflow/.local/lib/python3.8/site-packages/airflow/example_dags/example_params_trigger_ui.py for tasks to queue
[2024-03-09T10:44:21.277+0000] {logging_mixin.py:188} INFO - [2024-03-09T10:44:21.277+0000] {dagbag.py:540} INFO - Filling up the DagBag from /home/airflow/.local/lib/python3.8/site-packages/airflow/example_dags/example_params_trigger_ui.py
[2024-03-09T10:44:21.292+0000] {processor.py:840} INFO - DAG(s) 'example_params_trigger_ui' retrieved from /home/airflow/.local/lib/python3.8/site-packages/airflow/example_dags/example_params_trigger_ui.py
[2024-03-09T10:44:21.355+0000] {logging_mixin.py:188} INFO - [2024-03-09T10:44:21.355+0000] {dag.py:3047} INFO - Sync 1 DAGs
[2024-03-09T10:44:21.372+0000] {logging_mixin.py:188} INFO - [2024-03-09T10:44:21.371+0000] {dag.py:3834} INFO - Setting next_dagrun for example_params_trigger_ui to None, run_after=None
[2024-03-09T10:44:21.398+0000] {processor.py:183} INFO - Processing /home/airflow/.local/lib/python3.8/site-packages/airflow/example_dags/example_params_trigger_ui.py took 0.128 seconds
[2024-03-09T10:44:51.527+0000] {processor.py:161} INFO - Started process (PID=1603) to work on /home/airflow/.local/lib/python3.8/site-packages/airflow/example_dags/example_params_trigger_ui.py
[2024-03-09T10:44:51.528+0000] {processor.py:830} INFO - Processing file /home/airflow/.local/lib/python3.8/site-packages/airflow/example_dags/example_params_trigger_ui.py for tasks to queue
[2024-03-09T10:44:51.530+0000] {logging_mixin.py:188} INFO - [2024-03-09T10:44:51.530+0000] {dagbag.py:540} INFO - Filling up the DagBag from /home/airflow/.local/lib/python3.8/site-packages/airflow/example_dags/example_params_trigger_ui.py
[2024-03-09T10:44:51.544+0000] {processor.py:840} INFO - DAG(s) 'example_params_trigger_ui' retrieved from /home/airflow/.local/lib/python3.8/site-packages/airflow/example_dags/example_params_trigger_ui.py
[2024-03-09T10:44:51.608+0000] {logging_mixin.py:188} INFO - [2024-03-09T10:44:51.607+0000] {dag.py:3047} INFO - Sync 1 DAGs
[2024-03-09T10:44:51.624+0000] {logging_mixin.py:188} INFO - [2024-03-09T10:44:51.624+0000] {dag.py:3834} INFO - Setting next_dagrun for example_params_trigger_ui to None, run_after=None
[2024-03-09T10:44:51.657+0000] {processor.py:183} INFO - Processing /home/airflow/.local/lib/python3.8/site-packages/airflow/example_dags/example_params_trigger_ui.py took 0.133 seconds
[2024-03-09T10:45:21.841+0000] {processor.py:161} INFO - Started process (PID=1658) to work on /home/airflow/.local/lib/python3.8/site-packages/airflow/example_dags/example_params_trigger_ui.py
[2024-03-09T10:45:21.842+0000] {processor.py:830} INFO - Processing file /home/airflow/.local/lib/python3.8/site-packages/airflow/example_dags/example_params_trigger_ui.py for tasks to queue
[2024-03-09T10:45:21.844+0000] {logging_mixin.py:188} INFO - [2024-03-09T10:45:21.844+0000] {dagbag.py:540} INFO - Filling up the DagBag from /home/airflow/.local/lib/python3.8/site-packages/airflow/example_dags/example_params_trigger_ui.py
[2024-03-09T10:45:21.860+0000] {processor.py:840} INFO - DAG(s) 'example_params_trigger_ui' retrieved from /home/airflow/.local/lib/python3.8/site-packages/airflow/example_dags/example_params_trigger_ui.py
[2024-03-09T10:45:21.927+0000] {logging_mixin.py:188} INFO - [2024-03-09T10:45:21.927+0000] {dag.py:3047} INFO - Sync 1 DAGs
[2024-03-09T10:45:21.944+0000] {logging_mixin.py:188} INFO - [2024-03-09T10:45:21.944+0000] {dag.py:3834} INFO - Setting next_dagrun for example_params_trigger_ui to None, run_after=None
[2024-03-09T10:45:21.979+0000] {processor.py:183} INFO - Processing /home/airflow/.local/lib/python3.8/site-packages/airflow/example_dags/example_params_trigger_ui.py took 0.141 seconds
[2024-03-09T10:45:52.065+0000] {processor.py:161} INFO - Started process (PID=1713) to work on /home/airflow/.local/lib/python3.8/site-packages/airflow/example_dags/example_params_trigger_ui.py
[2024-03-09T10:45:52.067+0000] {processor.py:830} INFO - Processing file /home/airflow/.local/lib/python3.8/site-packages/airflow/example_dags/example_params_trigger_ui.py for tasks to queue
[2024-03-09T10:45:52.070+0000] {logging_mixin.py:188} INFO - [2024-03-09T10:45:52.069+0000] {dagbag.py:540} INFO - Filling up the DagBag from /home/airflow/.local/lib/python3.8/site-packages/airflow/example_dags/example_params_trigger_ui.py
[2024-03-09T10:45:52.090+0000] {processor.py:840} INFO - DAG(s) 'example_params_trigger_ui' retrieved from /home/airflow/.local/lib/python3.8/site-packages/airflow/example_dags/example_params_trigger_ui.py
[2024-03-09T10:45:52.180+0000] {logging_mixin.py:188} INFO - [2024-03-09T10:45:52.179+0000] {dag.py:3047} INFO - Sync 1 DAGs
[2024-03-09T10:45:52.215+0000] {logging_mixin.py:188} INFO - [2024-03-09T10:45:52.215+0000] {dag.py:3834} INFO - Setting next_dagrun for example_params_trigger_ui to None, run_after=None
[2024-03-09T10:45:52.268+0000] {processor.py:183} INFO - Processing /home/airflow/.local/lib/python3.8/site-packages/airflow/example_dags/example_params_trigger_ui.py took 0.210 seconds
