[2024-03-09T10:30:40.021+0000] {processor.py:161} INFO - Started process (PID=84) to work on /home/airflow/.local/lib/python3.8/site-packages/airflow/example_dags/example_skip_dag.py
[2024-03-09T10:30:40.023+0000] {processor.py:830} INFO - Processing file /home/airflow/.local/lib/python3.8/site-packages/airflow/example_dags/example_skip_dag.py for tasks to queue
[2024-03-09T10:30:40.025+0000] {logging_mixin.py:188} INFO - [2024-03-09T10:30:40.025+0000] {dagbag.py:540} INFO - Filling up the DagBag from /home/airflow/.local/lib/python3.8/site-packages/airflow/example_dags/example_skip_dag.py
[2024-03-09T10:30:40.034+0000] {processor.py:840} INFO - DAG(s) 'example_skip_dag' retrieved from /home/airflow/.local/lib/python3.8/site-packages/airflow/example_dags/example_skip_dag.py
[2024-03-09T10:30:40.212+0000] {logging_mixin.py:188} INFO - [2024-03-09T10:30:40.212+0000] {dag.py:3047} INFO - Sync 1 DAGs
[2024-03-09T10:30:40.246+0000] {logging_mixin.py:188} INFO - [2024-03-09T10:30:40.245+0000] {dag.py:3834} INFO - Setting next_dagrun for example_skip_dag to 2024-03-08 00:00:00+00:00, run_after=2024-03-09 00:00:00+00:00
[2024-03-09T10:30:40.291+0000] {processor.py:183} INFO - Processing /home/airflow/.local/lib/python3.8/site-packages/airflow/example_dags/example_skip_dag.py took 0.274 seconds
[2024-03-09T10:31:11.079+0000] {processor.py:161} INFO - Started process (PID=139) to work on /home/airflow/.local/lib/python3.8/site-packages/airflow/example_dags/example_skip_dag.py
[2024-03-09T10:31:11.080+0000] {processor.py:830} INFO - Processing file /home/airflow/.local/lib/python3.8/site-packages/airflow/example_dags/example_skip_dag.py for tasks to queue
[2024-03-09T10:31:11.082+0000] {logging_mixin.py:188} INFO - [2024-03-09T10:31:11.082+0000] {dagbag.py:540} INFO - Filling up the DagBag from /home/airflow/.local/lib/python3.8/site-packages/airflow/example_dags/example_skip_dag.py
[2024-03-09T10:31:11.089+0000] {processor.py:840} INFO - DAG(s) 'example_skip_dag' retrieved from /home/airflow/.local/lib/python3.8/site-packages/airflow/example_dags/example_skip_dag.py
[2024-03-09T10:31:11.113+0000] {logging_mixin.py:188} INFO - [2024-03-09T10:31:11.113+0000] {dag.py:3047} INFO - Sync 1 DAGs
[2024-03-09T10:31:11.138+0000] {logging_mixin.py:188} INFO - [2024-03-09T10:31:11.137+0000] {dag.py:3834} INFO - Setting next_dagrun for example_skip_dag to 2024-03-08 00:00:00+00:00, run_after=2024-03-09 00:00:00+00:00
[2024-03-09T10:31:11.166+0000] {processor.py:183} INFO - Processing /home/airflow/.local/lib/python3.8/site-packages/airflow/example_dags/example_skip_dag.py took 0.090 seconds
[2024-03-09T10:31:41.690+0000] {processor.py:161} INFO - Started process (PID=194) to work on /home/airflow/.local/lib/python3.8/site-packages/airflow/example_dags/example_skip_dag.py
[2024-03-09T10:31:41.691+0000] {processor.py:830} INFO - Processing file /home/airflow/.local/lib/python3.8/site-packages/airflow/example_dags/example_skip_dag.py for tasks to queue
[2024-03-09T10:31:41.693+0000] {logging_mixin.py:188} INFO - [2024-03-09T10:31:41.693+0000] {dagbag.py:540} INFO - Filling up the DagBag from /home/airflow/.local/lib/python3.8/site-packages/airflow/example_dags/example_skip_dag.py
[2024-03-09T10:31:41.703+0000] {processor.py:840} INFO - DAG(s) 'example_skip_dag' retrieved from /home/airflow/.local/lib/python3.8/site-packages/airflow/example_dags/example_skip_dag.py
[2024-03-09T10:31:41.732+0000] {logging_mixin.py:188} INFO - [2024-03-09T10:31:41.732+0000] {dag.py:3047} INFO - Sync 1 DAGs
[2024-03-09T10:31:41.776+0000] {logging_mixin.py:188} INFO - [2024-03-09T10:31:41.776+0000] {dag.py:3834} INFO - Setting next_dagrun for example_skip_dag to 2024-03-08 00:00:00+00:00, run_after=2024-03-09 00:00:00+00:00
[2024-03-09T10:31:41.825+0000] {processor.py:183} INFO - Processing /home/airflow/.local/lib/python3.8/site-packages/airflow/example_dags/example_skip_dag.py took 0.139 seconds
[2024-03-09T10:32:12.753+0000] {processor.py:161} INFO - Started process (PID=249) to work on /home/airflow/.local/lib/python3.8/site-packages/airflow/example_dags/example_skip_dag.py
[2024-03-09T10:32:12.756+0000] {processor.py:830} INFO - Processing file /home/airflow/.local/lib/python3.8/site-packages/airflow/example_dags/example_skip_dag.py for tasks to queue
[2024-03-09T10:32:12.758+0000] {logging_mixin.py:188} INFO - [2024-03-09T10:32:12.758+0000] {dagbag.py:540} INFO - Filling up the DagBag from /home/airflow/.local/lib/python3.8/site-packages/airflow/example_dags/example_skip_dag.py
[2024-03-09T10:32:12.766+0000] {processor.py:840} INFO - DAG(s) 'example_skip_dag' retrieved from /home/airflow/.local/lib/python3.8/site-packages/airflow/example_dags/example_skip_dag.py
[2024-03-09T10:32:12.789+0000] {logging_mixin.py:188} INFO - [2024-03-09T10:32:12.788+0000] {dag.py:3047} INFO - Sync 1 DAGs
[2024-03-09T10:32:12.814+0000] {logging_mixin.py:188} INFO - [2024-03-09T10:32:12.814+0000] {dag.py:3834} INFO - Setting next_dagrun for example_skip_dag to 2024-03-08 00:00:00+00:00, run_after=2024-03-09 00:00:00+00:00
[2024-03-09T10:32:12.844+0000] {processor.py:183} INFO - Processing /home/airflow/.local/lib/python3.8/site-packages/airflow/example_dags/example_skip_dag.py took 0.095 seconds
[2024-03-09T10:32:43.158+0000] {processor.py:161} INFO - Started process (PID=304) to work on /home/airflow/.local/lib/python3.8/site-packages/airflow/example_dags/example_skip_dag.py
[2024-03-09T10:32:43.160+0000] {processor.py:830} INFO - Processing file /home/airflow/.local/lib/python3.8/site-packages/airflow/example_dags/example_skip_dag.py for tasks to queue
[2024-03-09T10:32:43.163+0000] {logging_mixin.py:188} INFO - [2024-03-09T10:32:43.162+0000] {dagbag.py:540} INFO - Filling up the DagBag from /home/airflow/.local/lib/python3.8/site-packages/airflow/example_dags/example_skip_dag.py
[2024-03-09T10:32:43.174+0000] {processor.py:840} INFO - DAG(s) 'example_skip_dag' retrieved from /home/airflow/.local/lib/python3.8/site-packages/airflow/example_dags/example_skip_dag.py
[2024-03-09T10:32:43.208+0000] {logging_mixin.py:188} INFO - [2024-03-09T10:32:43.207+0000] {dag.py:3047} INFO - Sync 1 DAGs
[2024-03-09T10:32:43.249+0000] {logging_mixin.py:188} INFO - [2024-03-09T10:32:43.249+0000] {dag.py:3834} INFO - Setting next_dagrun for example_skip_dag to 2024-03-08 00:00:00+00:00, run_after=2024-03-09 00:00:00+00:00
[2024-03-09T10:32:43.282+0000] {processor.py:183} INFO - Processing /home/airflow/.local/lib/python3.8/site-packages/airflow/example_dags/example_skip_dag.py took 0.130 seconds
[2024-03-09T10:33:13.475+0000] {processor.py:161} INFO - Started process (PID=359) to work on /home/airflow/.local/lib/python3.8/site-packages/airflow/example_dags/example_skip_dag.py
[2024-03-09T10:33:13.478+0000] {processor.py:830} INFO - Processing file /home/airflow/.local/lib/python3.8/site-packages/airflow/example_dags/example_skip_dag.py for tasks to queue
[2024-03-09T10:33:13.480+0000] {logging_mixin.py:188} INFO - [2024-03-09T10:33:13.480+0000] {dagbag.py:540} INFO - Filling up the DagBag from /home/airflow/.local/lib/python3.8/site-packages/airflow/example_dags/example_skip_dag.py
[2024-03-09T10:33:13.490+0000] {processor.py:840} INFO - DAG(s) 'example_skip_dag' retrieved from /home/airflow/.local/lib/python3.8/site-packages/airflow/example_dags/example_skip_dag.py
[2024-03-09T10:33:13.520+0000] {logging_mixin.py:188} INFO - [2024-03-09T10:33:13.520+0000] {dag.py:3047} INFO - Sync 1 DAGs
[2024-03-09T10:33:13.561+0000] {logging_mixin.py:188} INFO - [2024-03-09T10:33:13.560+0000] {dag.py:3834} INFO - Setting next_dagrun for example_skip_dag to 2024-03-08 00:00:00+00:00, run_after=2024-03-09 00:00:00+00:00
[2024-03-09T10:33:13.598+0000] {processor.py:183} INFO - Processing /home/airflow/.local/lib/python3.8/site-packages/airflow/example_dags/example_skip_dag.py took 0.129 seconds
[2024-03-09T10:33:44.008+0000] {processor.py:161} INFO - Started process (PID=414) to work on /home/airflow/.local/lib/python3.8/site-packages/airflow/example_dags/example_skip_dag.py
[2024-03-09T10:33:44.010+0000] {processor.py:830} INFO - Processing file /home/airflow/.local/lib/python3.8/site-packages/airflow/example_dags/example_skip_dag.py for tasks to queue
[2024-03-09T10:33:44.013+0000] {logging_mixin.py:188} INFO - [2024-03-09T10:33:44.013+0000] {dagbag.py:540} INFO - Filling up the DagBag from /home/airflow/.local/lib/python3.8/site-packages/airflow/example_dags/example_skip_dag.py
[2024-03-09T10:33:44.022+0000] {processor.py:840} INFO - DAG(s) 'example_skip_dag' retrieved from /home/airflow/.local/lib/python3.8/site-packages/airflow/example_dags/example_skip_dag.py
[2024-03-09T10:33:44.052+0000] {logging_mixin.py:188} INFO - [2024-03-09T10:33:44.051+0000] {dag.py:3047} INFO - Sync 1 DAGs
[2024-03-09T10:33:44.089+0000] {logging_mixin.py:188} INFO - [2024-03-09T10:33:44.089+0000] {dag.py:3834} INFO - Setting next_dagrun for example_skip_dag to 2024-03-08 00:00:00+00:00, run_after=2024-03-09 00:00:00+00:00
[2024-03-09T10:33:44.115+0000] {processor.py:183} INFO - Processing /home/airflow/.local/lib/python3.8/site-packages/airflow/example_dags/example_skip_dag.py took 0.112 seconds
[2024-03-09T10:34:14.290+0000] {processor.py:161} INFO - Started process (PID=470) to work on /home/airflow/.local/lib/python3.8/site-packages/airflow/example_dags/example_skip_dag.py
[2024-03-09T10:34:14.291+0000] {processor.py:830} INFO - Processing file /home/airflow/.local/lib/python3.8/site-packages/airflow/example_dags/example_skip_dag.py for tasks to queue
[2024-03-09T10:34:14.293+0000] {logging_mixin.py:188} INFO - [2024-03-09T10:34:14.293+0000] {dagbag.py:540} INFO - Filling up the DagBag from /home/airflow/.local/lib/python3.8/site-packages/airflow/example_dags/example_skip_dag.py
[2024-03-09T10:34:14.300+0000] {processor.py:840} INFO - DAG(s) 'example_skip_dag' retrieved from /home/airflow/.local/lib/python3.8/site-packages/airflow/example_dags/example_skip_dag.py
[2024-03-09T10:34:14.335+0000] {logging_mixin.py:188} INFO - [2024-03-09T10:34:14.334+0000] {dag.py:3047} INFO - Sync 1 DAGs
[2024-03-09T10:34:14.362+0000] {logging_mixin.py:188} INFO - [2024-03-09T10:34:14.361+0000] {dag.py:3834} INFO - Setting next_dagrun for example_skip_dag to 2024-03-08 00:00:00+00:00, run_after=2024-03-09 00:00:00+00:00
[2024-03-09T10:34:14.392+0000] {processor.py:183} INFO - Processing /home/airflow/.local/lib/python3.8/site-packages/airflow/example_dags/example_skip_dag.py took 0.105 seconds
[2024-03-09T10:34:44.707+0000] {processor.py:161} INFO - Started process (PID=524) to work on /home/airflow/.local/lib/python3.8/site-packages/airflow/example_dags/example_skip_dag.py
[2024-03-09T10:34:44.710+0000] {processor.py:830} INFO - Processing file /home/airflow/.local/lib/python3.8/site-packages/airflow/example_dags/example_skip_dag.py for tasks to queue
[2024-03-09T10:34:44.712+0000] {logging_mixin.py:188} INFO - [2024-03-09T10:34:44.712+0000] {dagbag.py:540} INFO - Filling up the DagBag from /home/airflow/.local/lib/python3.8/site-packages/airflow/example_dags/example_skip_dag.py
[2024-03-09T10:34:44.720+0000] {processor.py:840} INFO - DAG(s) 'example_skip_dag' retrieved from /home/airflow/.local/lib/python3.8/site-packages/airflow/example_dags/example_skip_dag.py
[2024-03-09T10:34:44.745+0000] {logging_mixin.py:188} INFO - [2024-03-09T10:34:44.744+0000] {dag.py:3047} INFO - Sync 1 DAGs
[2024-03-09T10:34:44.772+0000] {logging_mixin.py:188} INFO - [2024-03-09T10:34:44.772+0000] {dag.py:3834} INFO - Setting next_dagrun for example_skip_dag to 2024-03-08 00:00:00+00:00, run_after=2024-03-09 00:00:00+00:00
[2024-03-09T10:34:44.803+0000] {processor.py:183} INFO - Processing /home/airflow/.local/lib/python3.8/site-packages/airflow/example_dags/example_skip_dag.py took 0.101 seconds
[2024-03-09T10:35:15.021+0000] {processor.py:161} INFO - Started process (PID=579) to work on /home/airflow/.local/lib/python3.8/site-packages/airflow/example_dags/example_skip_dag.py
[2024-03-09T10:35:15.022+0000] {processor.py:830} INFO - Processing file /home/airflow/.local/lib/python3.8/site-packages/airflow/example_dags/example_skip_dag.py for tasks to queue
[2024-03-09T10:35:15.024+0000] {logging_mixin.py:188} INFO - [2024-03-09T10:35:15.024+0000] {dagbag.py:540} INFO - Filling up the DagBag from /home/airflow/.local/lib/python3.8/site-packages/airflow/example_dags/example_skip_dag.py
[2024-03-09T10:35:15.035+0000] {processor.py:840} INFO - DAG(s) 'example_skip_dag' retrieved from /home/airflow/.local/lib/python3.8/site-packages/airflow/example_dags/example_skip_dag.py
[2024-03-09T10:35:15.057+0000] {logging_mixin.py:188} INFO - [2024-03-09T10:35:15.057+0000] {dag.py:3047} INFO - Sync 1 DAGs
[2024-03-09T10:35:15.087+0000] {logging_mixin.py:188} INFO - [2024-03-09T10:35:15.087+0000] {dag.py:3834} INFO - Setting next_dagrun for example_skip_dag to 2024-03-08 00:00:00+00:00, run_after=2024-03-09 00:00:00+00:00
[2024-03-09T10:35:15.113+0000] {processor.py:183} INFO - Processing /home/airflow/.local/lib/python3.8/site-packages/airflow/example_dags/example_skip_dag.py took 0.096 seconds
[2024-03-09T10:35:45.508+0000] {processor.py:161} INFO - Started process (PID=634) to work on /home/airflow/.local/lib/python3.8/site-packages/airflow/example_dags/example_skip_dag.py
[2024-03-09T10:35:45.510+0000] {processor.py:830} INFO - Processing file /home/airflow/.local/lib/python3.8/site-packages/airflow/example_dags/example_skip_dag.py for tasks to queue
[2024-03-09T10:35:45.513+0000] {logging_mixin.py:188} INFO - [2024-03-09T10:35:45.512+0000] {dagbag.py:540} INFO - Filling up the DagBag from /home/airflow/.local/lib/python3.8/site-packages/airflow/example_dags/example_skip_dag.py
[2024-03-09T10:35:45.521+0000] {processor.py:840} INFO - DAG(s) 'example_skip_dag' retrieved from /home/airflow/.local/lib/python3.8/site-packages/airflow/example_dags/example_skip_dag.py
[2024-03-09T10:35:45.543+0000] {logging_mixin.py:188} INFO - [2024-03-09T10:35:45.543+0000] {dag.py:3047} INFO - Sync 1 DAGs
[2024-03-09T10:35:45.572+0000] {logging_mixin.py:188} INFO - [2024-03-09T10:35:45.572+0000] {dag.py:3834} INFO - Setting next_dagrun for example_skip_dag to 2024-03-08 00:00:00+00:00, run_after=2024-03-09 00:00:00+00:00
[2024-03-09T10:35:45.609+0000] {processor.py:183} INFO - Processing /home/airflow/.local/lib/python3.8/site-packages/airflow/example_dags/example_skip_dag.py took 0.105 seconds
[2024-03-09T10:36:15.890+0000] {processor.py:161} INFO - Started process (PID=689) to work on /home/airflow/.local/lib/python3.8/site-packages/airflow/example_dags/example_skip_dag.py
[2024-03-09T10:36:15.891+0000] {processor.py:830} INFO - Processing file /home/airflow/.local/lib/python3.8/site-packages/airflow/example_dags/example_skip_dag.py for tasks to queue
[2024-03-09T10:36:15.893+0000] {logging_mixin.py:188} INFO - [2024-03-09T10:36:15.893+0000] {dagbag.py:540} INFO - Filling up the DagBag from /home/airflow/.local/lib/python3.8/site-packages/airflow/example_dags/example_skip_dag.py
[2024-03-09T10:36:15.900+0000] {processor.py:840} INFO - DAG(s) 'example_skip_dag' retrieved from /home/airflow/.local/lib/python3.8/site-packages/airflow/example_dags/example_skip_dag.py
[2024-03-09T10:36:15.927+0000] {logging_mixin.py:188} INFO - [2024-03-09T10:36:15.926+0000] {dag.py:3047} INFO - Sync 1 DAGs
[2024-03-09T10:36:15.956+0000] {logging_mixin.py:188} INFO - [2024-03-09T10:36:15.956+0000] {dag.py:3834} INFO - Setting next_dagrun for example_skip_dag to 2024-03-08 00:00:00+00:00, run_after=2024-03-09 00:00:00+00:00
[2024-03-09T10:36:15.983+0000] {processor.py:183} INFO - Processing /home/airflow/.local/lib/python3.8/site-packages/airflow/example_dags/example_skip_dag.py took 0.096 seconds
[2024-03-09T10:36:46.891+0000] {processor.py:161} INFO - Started process (PID=744) to work on /home/airflow/.local/lib/python3.8/site-packages/airflow/example_dags/example_skip_dag.py
[2024-03-09T10:36:46.892+0000] {processor.py:830} INFO - Processing file /home/airflow/.local/lib/python3.8/site-packages/airflow/example_dags/example_skip_dag.py for tasks to queue
[2024-03-09T10:36:46.895+0000] {logging_mixin.py:188} INFO - [2024-03-09T10:36:46.894+0000] {dagbag.py:540} INFO - Filling up the DagBag from /home/airflow/.local/lib/python3.8/site-packages/airflow/example_dags/example_skip_dag.py
[2024-03-09T10:36:46.904+0000] {processor.py:840} INFO - DAG(s) 'example_skip_dag' retrieved from /home/airflow/.local/lib/python3.8/site-packages/airflow/example_dags/example_skip_dag.py
[2024-03-09T10:36:46.929+0000] {logging_mixin.py:188} INFO - [2024-03-09T10:36:46.929+0000] {dag.py:3047} INFO - Sync 1 DAGs
[2024-03-09T10:36:46.961+0000] {logging_mixin.py:188} INFO - [2024-03-09T10:36:46.961+0000] {dag.py:3834} INFO - Setting next_dagrun for example_skip_dag to 2024-03-08 00:00:00+00:00, run_after=2024-03-09 00:00:00+00:00
[2024-03-09T10:36:46.994+0000] {processor.py:183} INFO - Processing /home/airflow/.local/lib/python3.8/site-packages/airflow/example_dags/example_skip_dag.py took 0.109 seconds
[2024-03-09T10:37:17.069+0000] {processor.py:161} INFO - Started process (PID=799) to work on /home/airflow/.local/lib/python3.8/site-packages/airflow/example_dags/example_skip_dag.py
[2024-03-09T10:37:17.071+0000] {processor.py:830} INFO - Processing file /home/airflow/.local/lib/python3.8/site-packages/airflow/example_dags/example_skip_dag.py for tasks to queue
[2024-03-09T10:37:17.073+0000] {logging_mixin.py:188} INFO - [2024-03-09T10:37:17.073+0000] {dagbag.py:540} INFO - Filling up the DagBag from /home/airflow/.local/lib/python3.8/site-packages/airflow/example_dags/example_skip_dag.py
[2024-03-09T10:37:17.080+0000] {processor.py:840} INFO - DAG(s) 'example_skip_dag' retrieved from /home/airflow/.local/lib/python3.8/site-packages/airflow/example_dags/example_skip_dag.py
[2024-03-09T10:37:17.101+0000] {logging_mixin.py:188} INFO - [2024-03-09T10:37:17.101+0000] {dag.py:3047} INFO - Sync 1 DAGs
[2024-03-09T10:37:17.131+0000] {logging_mixin.py:188} INFO - [2024-03-09T10:37:17.131+0000] {dag.py:3834} INFO - Setting next_dagrun for example_skip_dag to 2024-03-08 00:00:00+00:00, run_after=2024-03-09 00:00:00+00:00
[2024-03-09T10:37:17.161+0000] {processor.py:183} INFO - Processing /home/airflow/.local/lib/python3.8/site-packages/airflow/example_dags/example_skip_dag.py took 0.094 seconds
[2024-03-09T10:37:47.411+0000] {processor.py:161} INFO - Started process (PID=855) to work on /home/airflow/.local/lib/python3.8/site-packages/airflow/example_dags/example_skip_dag.py
[2024-03-09T10:37:47.412+0000] {processor.py:830} INFO - Processing file /home/airflow/.local/lib/python3.8/site-packages/airflow/example_dags/example_skip_dag.py for tasks to queue
[2024-03-09T10:37:47.415+0000] {logging_mixin.py:188} INFO - [2024-03-09T10:37:47.415+0000] {dagbag.py:540} INFO - Filling up the DagBag from /home/airflow/.local/lib/python3.8/site-packages/airflow/example_dags/example_skip_dag.py
[2024-03-09T10:37:47.427+0000] {processor.py:840} INFO - DAG(s) 'example_skip_dag' retrieved from /home/airflow/.local/lib/python3.8/site-packages/airflow/example_dags/example_skip_dag.py
[2024-03-09T10:37:47.455+0000] {logging_mixin.py:188} INFO - [2024-03-09T10:37:47.455+0000] {dag.py:3047} INFO - Sync 1 DAGs
[2024-03-09T10:37:47.491+0000] {logging_mixin.py:188} INFO - [2024-03-09T10:37:47.491+0000] {dag.py:3834} INFO - Setting next_dagrun for example_skip_dag to 2024-03-08 00:00:00+00:00, run_after=2024-03-09 00:00:00+00:00
[2024-03-09T10:37:47.527+0000] {processor.py:183} INFO - Processing /home/airflow/.local/lib/python3.8/site-packages/airflow/example_dags/example_skip_dag.py took 0.120 seconds
[2024-03-09T10:38:17.983+0000] {processor.py:161} INFO - Started process (PID=910) to work on /home/airflow/.local/lib/python3.8/site-packages/airflow/example_dags/example_skip_dag.py
[2024-03-09T10:38:17.985+0000] {processor.py:830} INFO - Processing file /home/airflow/.local/lib/python3.8/site-packages/airflow/example_dags/example_skip_dag.py for tasks to queue
[2024-03-09T10:38:17.989+0000] {logging_mixin.py:188} INFO - [2024-03-09T10:38:17.989+0000] {dagbag.py:540} INFO - Filling up the DagBag from /home/airflow/.local/lib/python3.8/site-packages/airflow/example_dags/example_skip_dag.py
[2024-03-09T10:38:17.998+0000] {processor.py:840} INFO - DAG(s) 'example_skip_dag' retrieved from /home/airflow/.local/lib/python3.8/site-packages/airflow/example_dags/example_skip_dag.py
[2024-03-09T10:38:18.020+0000] {logging_mixin.py:188} INFO - [2024-03-09T10:38:18.020+0000] {dag.py:3047} INFO - Sync 1 DAGs
[2024-03-09T10:38:18.047+0000] {logging_mixin.py:188} INFO - [2024-03-09T10:38:18.047+0000] {dag.py:3834} INFO - Setting next_dagrun for example_skip_dag to 2024-03-08 00:00:00+00:00, run_after=2024-03-09 00:00:00+00:00
[2024-03-09T10:38:18.070+0000] {processor.py:183} INFO - Processing /home/airflow/.local/lib/python3.8/site-packages/airflow/example_dags/example_skip_dag.py took 0.090 seconds
[2024-03-09T10:38:48.275+0000] {processor.py:161} INFO - Started process (PID=964) to work on /home/airflow/.local/lib/python3.8/site-packages/airflow/example_dags/example_skip_dag.py
[2024-03-09T10:38:48.276+0000] {processor.py:830} INFO - Processing file /home/airflow/.local/lib/python3.8/site-packages/airflow/example_dags/example_skip_dag.py for tasks to queue
[2024-03-09T10:38:48.279+0000] {logging_mixin.py:188} INFO - [2024-03-09T10:38:48.278+0000] {dagbag.py:540} INFO - Filling up the DagBag from /home/airflow/.local/lib/python3.8/site-packages/airflow/example_dags/example_skip_dag.py
[2024-03-09T10:38:48.286+0000] {processor.py:840} INFO - DAG(s) 'example_skip_dag' retrieved from /home/airflow/.local/lib/python3.8/site-packages/airflow/example_dags/example_skip_dag.py
[2024-03-09T10:38:48.322+0000] {logging_mixin.py:188} INFO - [2024-03-09T10:38:48.321+0000] {dag.py:3047} INFO - Sync 1 DAGs
[2024-03-09T10:38:48.365+0000] {logging_mixin.py:188} INFO - [2024-03-09T10:38:48.364+0000] {dag.py:3834} INFO - Setting next_dagrun for example_skip_dag to 2024-03-08 00:00:00+00:00, run_after=2024-03-09 00:00:00+00:00
[2024-03-09T10:38:48.406+0000] {processor.py:183} INFO - Processing /home/airflow/.local/lib/python3.8/site-packages/airflow/example_dags/example_skip_dag.py took 0.134 seconds
[2024-03-09T10:39:21.054+0000] {processor.py:161} INFO - Started process (PID=1019) to work on /home/airflow/.local/lib/python3.8/site-packages/airflow/example_dags/example_skip_dag.py
[2024-03-09T10:39:21.055+0000] {processor.py:830} INFO - Processing file /home/airflow/.local/lib/python3.8/site-packages/airflow/example_dags/example_skip_dag.py for tasks to queue
[2024-03-09T10:39:21.057+0000] {logging_mixin.py:188} INFO - [2024-03-09T10:39:21.057+0000] {dagbag.py:540} INFO - Filling up the DagBag from /home/airflow/.local/lib/python3.8/site-packages/airflow/example_dags/example_skip_dag.py
[2024-03-09T10:39:21.067+0000] {processor.py:840} INFO - DAG(s) 'example_skip_dag' retrieved from /home/airflow/.local/lib/python3.8/site-packages/airflow/example_dags/example_skip_dag.py
[2024-03-09T10:39:21.097+0000] {logging_mixin.py:188} INFO - [2024-03-09T10:39:21.097+0000] {dag.py:3047} INFO - Sync 1 DAGs
[2024-03-09T10:39:21.140+0000] {logging_mixin.py:188} INFO - [2024-03-09T10:39:21.139+0000] {dag.py:3834} INFO - Setting next_dagrun for example_skip_dag to 2024-03-08 00:00:00+00:00, run_after=2024-03-09 00:00:00+00:00
[2024-03-09T10:39:21.183+0000] {processor.py:183} INFO - Processing /home/airflow/.local/lib/python3.8/site-packages/airflow/example_dags/example_skip_dag.py took 0.133 seconds
[2024-03-09T10:39:51.777+0000] {processor.py:161} INFO - Started process (PID=1080) to work on /home/airflow/.local/lib/python3.8/site-packages/airflow/example_dags/example_skip_dag.py
[2024-03-09T10:39:51.779+0000] {processor.py:830} INFO - Processing file /home/airflow/.local/lib/python3.8/site-packages/airflow/example_dags/example_skip_dag.py for tasks to queue
[2024-03-09T10:39:51.782+0000] {logging_mixin.py:188} INFO - [2024-03-09T10:39:51.781+0000] {dagbag.py:540} INFO - Filling up the DagBag from /home/airflow/.local/lib/python3.8/site-packages/airflow/example_dags/example_skip_dag.py
[2024-03-09T10:39:51.791+0000] {processor.py:840} INFO - DAG(s) 'example_skip_dag' retrieved from /home/airflow/.local/lib/python3.8/site-packages/airflow/example_dags/example_skip_dag.py
[2024-03-09T10:39:51.819+0000] {logging_mixin.py:188} INFO - [2024-03-09T10:39:51.818+0000] {dag.py:3047} INFO - Sync 1 DAGs
[2024-03-09T10:39:51.853+0000] {logging_mixin.py:188} INFO - [2024-03-09T10:39:51.852+0000] {dag.py:3834} INFO - Setting next_dagrun for example_skip_dag to 2024-03-08 00:00:00+00:00, run_after=2024-03-09 00:00:00+00:00
[2024-03-09T10:39:51.881+0000] {processor.py:183} INFO - Processing /home/airflow/.local/lib/python3.8/site-packages/airflow/example_dags/example_skip_dag.py took 0.108 seconds
[2024-03-09T10:40:22.424+0000] {processor.py:161} INFO - Started process (PID=1135) to work on /home/airflow/.local/lib/python3.8/site-packages/airflow/example_dags/example_skip_dag.py
[2024-03-09T10:40:22.425+0000] {processor.py:830} INFO - Processing file /home/airflow/.local/lib/python3.8/site-packages/airflow/example_dags/example_skip_dag.py for tasks to queue
[2024-03-09T10:40:22.427+0000] {logging_mixin.py:188} INFO - [2024-03-09T10:40:22.427+0000] {dagbag.py:540} INFO - Filling up the DagBag from /home/airflow/.local/lib/python3.8/site-packages/airflow/example_dags/example_skip_dag.py
[2024-03-09T10:40:22.434+0000] {processor.py:840} INFO - DAG(s) 'example_skip_dag' retrieved from /home/airflow/.local/lib/python3.8/site-packages/airflow/example_dags/example_skip_dag.py
[2024-03-09T10:40:22.460+0000] {logging_mixin.py:188} INFO - [2024-03-09T10:40:22.460+0000] {dag.py:3047} INFO - Sync 1 DAGs
[2024-03-09T10:40:22.486+0000] {logging_mixin.py:188} INFO - [2024-03-09T10:40:22.486+0000] {dag.py:3834} INFO - Setting next_dagrun for example_skip_dag to 2024-03-08 00:00:00+00:00, run_after=2024-03-09 00:00:00+00:00
[2024-03-09T10:40:22.514+0000] {processor.py:183} INFO - Processing /home/airflow/.local/lib/python3.8/site-packages/airflow/example_dags/example_skip_dag.py took 0.093 seconds
[2024-03-09T10:40:53.094+0000] {processor.py:161} INFO - Started process (PID=1190) to work on /home/airflow/.local/lib/python3.8/site-packages/airflow/example_dags/example_skip_dag.py
[2024-03-09T10:40:53.095+0000] {processor.py:830} INFO - Processing file /home/airflow/.local/lib/python3.8/site-packages/airflow/example_dags/example_skip_dag.py for tasks to queue
[2024-03-09T10:40:53.097+0000] {logging_mixin.py:188} INFO - [2024-03-09T10:40:53.097+0000] {dagbag.py:540} INFO - Filling up the DagBag from /home/airflow/.local/lib/python3.8/site-packages/airflow/example_dags/example_skip_dag.py
[2024-03-09T10:40:53.107+0000] {processor.py:840} INFO - DAG(s) 'example_skip_dag' retrieved from /home/airflow/.local/lib/python3.8/site-packages/airflow/example_dags/example_skip_dag.py
[2024-03-09T10:40:53.138+0000] {logging_mixin.py:188} INFO - [2024-03-09T10:40:53.138+0000] {dag.py:3047} INFO - Sync 1 DAGs
[2024-03-09T10:40:53.167+0000] {logging_mixin.py:188} INFO - [2024-03-09T10:40:53.167+0000] {dag.py:3834} INFO - Setting next_dagrun for example_skip_dag to 2024-03-08 00:00:00+00:00, run_after=2024-03-09 00:00:00+00:00
[2024-03-09T10:40:53.196+0000] {processor.py:183} INFO - Processing /home/airflow/.local/lib/python3.8/site-packages/airflow/example_dags/example_skip_dag.py took 0.106 seconds
[2024-03-09T10:41:23.845+0000] {processor.py:161} INFO - Started process (PID=1245) to work on /home/airflow/.local/lib/python3.8/site-packages/airflow/example_dags/example_skip_dag.py
[2024-03-09T10:41:23.846+0000] {processor.py:830} INFO - Processing file /home/airflow/.local/lib/python3.8/site-packages/airflow/example_dags/example_skip_dag.py for tasks to queue
[2024-03-09T10:41:23.849+0000] {logging_mixin.py:188} INFO - [2024-03-09T10:41:23.848+0000] {dagbag.py:540} INFO - Filling up the DagBag from /home/airflow/.local/lib/python3.8/site-packages/airflow/example_dags/example_skip_dag.py
[2024-03-09T10:41:23.856+0000] {processor.py:840} INFO - DAG(s) 'example_skip_dag' retrieved from /home/airflow/.local/lib/python3.8/site-packages/airflow/example_dags/example_skip_dag.py
[2024-03-09T10:41:23.883+0000] {logging_mixin.py:188} INFO - [2024-03-09T10:41:23.883+0000] {dag.py:3047} INFO - Sync 1 DAGs
[2024-03-09T10:41:23.911+0000] {logging_mixin.py:188} INFO - [2024-03-09T10:41:23.911+0000] {dag.py:3834} INFO - Setting next_dagrun for example_skip_dag to 2024-03-08 00:00:00+00:00, run_after=2024-03-09 00:00:00+00:00
[2024-03-09T10:41:23.935+0000] {processor.py:183} INFO - Processing /home/airflow/.local/lib/python3.8/site-packages/airflow/example_dags/example_skip_dag.py took 0.094 seconds
[2024-03-09T10:41:54.092+0000] {processor.py:161} INFO - Started process (PID=1300) to work on /home/airflow/.local/lib/python3.8/site-packages/airflow/example_dags/example_skip_dag.py
[2024-03-09T10:41:54.093+0000] {processor.py:830} INFO - Processing file /home/airflow/.local/lib/python3.8/site-packages/airflow/example_dags/example_skip_dag.py for tasks to queue
[2024-03-09T10:41:54.096+0000] {logging_mixin.py:188} INFO - [2024-03-09T10:41:54.096+0000] {dagbag.py:540} INFO - Filling up the DagBag from /home/airflow/.local/lib/python3.8/site-packages/airflow/example_dags/example_skip_dag.py
[2024-03-09T10:41:54.103+0000] {processor.py:840} INFO - DAG(s) 'example_skip_dag' retrieved from /home/airflow/.local/lib/python3.8/site-packages/airflow/example_dags/example_skip_dag.py
[2024-03-09T10:41:54.131+0000] {logging_mixin.py:188} INFO - [2024-03-09T10:41:54.130+0000] {dag.py:3047} INFO - Sync 1 DAGs
[2024-03-09T10:41:54.161+0000] {logging_mixin.py:188} INFO - [2024-03-09T10:41:54.160+0000] {dag.py:3834} INFO - Setting next_dagrun for example_skip_dag to 2024-03-08 00:00:00+00:00, run_after=2024-03-09 00:00:00+00:00
[2024-03-09T10:41:54.185+0000] {processor.py:183} INFO - Processing /home/airflow/.local/lib/python3.8/site-packages/airflow/example_dags/example_skip_dag.py took 0.097 seconds
[2024-03-09T10:42:24.608+0000] {processor.py:161} INFO - Started process (PID=1355) to work on /home/airflow/.local/lib/python3.8/site-packages/airflow/example_dags/example_skip_dag.py
[2024-03-09T10:42:24.610+0000] {processor.py:830} INFO - Processing file /home/airflow/.local/lib/python3.8/site-packages/airflow/example_dags/example_skip_dag.py for tasks to queue
[2024-03-09T10:42:24.611+0000] {logging_mixin.py:188} INFO - [2024-03-09T10:42:24.611+0000] {dagbag.py:540} INFO - Filling up the DagBag from /home/airflow/.local/lib/python3.8/site-packages/airflow/example_dags/example_skip_dag.py
[2024-03-09T10:42:24.618+0000] {processor.py:840} INFO - DAG(s) 'example_skip_dag' retrieved from /home/airflow/.local/lib/python3.8/site-packages/airflow/example_dags/example_skip_dag.py
[2024-03-09T10:42:24.641+0000] {logging_mixin.py:188} INFO - [2024-03-09T10:42:24.640+0000] {dag.py:3047} INFO - Sync 1 DAGs
[2024-03-09T10:42:24.665+0000] {logging_mixin.py:188} INFO - [2024-03-09T10:42:24.665+0000] {dag.py:3834} INFO - Setting next_dagrun for example_skip_dag to 2024-03-08 00:00:00+00:00, run_after=2024-03-09 00:00:00+00:00
[2024-03-09T10:42:24.703+0000] {processor.py:183} INFO - Processing /home/airflow/.local/lib/python3.8/site-packages/airflow/example_dags/example_skip_dag.py took 0.098 seconds
[2024-03-09T10:42:54.793+0000] {processor.py:161} INFO - Started process (PID=1412) to work on /home/airflow/.local/lib/python3.8/site-packages/airflow/example_dags/example_skip_dag.py
[2024-03-09T10:42:54.794+0000] {processor.py:830} INFO - Processing file /home/airflow/.local/lib/python3.8/site-packages/airflow/example_dags/example_skip_dag.py for tasks to queue
[2024-03-09T10:42:54.796+0000] {logging_mixin.py:188} INFO - [2024-03-09T10:42:54.795+0000] {dagbag.py:540} INFO - Filling up the DagBag from /home/airflow/.local/lib/python3.8/site-packages/airflow/example_dags/example_skip_dag.py
[2024-03-09T10:42:54.802+0000] {processor.py:840} INFO - DAG(s) 'example_skip_dag' retrieved from /home/airflow/.local/lib/python3.8/site-packages/airflow/example_dags/example_skip_dag.py
[2024-03-09T10:42:54.831+0000] {logging_mixin.py:188} INFO - [2024-03-09T10:42:54.831+0000] {dag.py:3047} INFO - Sync 1 DAGs
[2024-03-09T10:42:54.855+0000] {logging_mixin.py:188} INFO - [2024-03-09T10:42:54.855+0000] {dag.py:3834} INFO - Setting next_dagrun for example_skip_dag to 2024-03-08 00:00:00+00:00, run_after=2024-03-09 00:00:00+00:00
[2024-03-09T10:42:54.880+0000] {processor.py:183} INFO - Processing /home/airflow/.local/lib/python3.8/site-packages/airflow/example_dags/example_skip_dag.py took 0.090 seconds
[2024-03-09T10:43:25.115+0000] {processor.py:161} INFO - Started process (PID=1465) to work on /home/airflow/.local/lib/python3.8/site-packages/airflow/example_dags/example_skip_dag.py
[2024-03-09T10:43:25.117+0000] {processor.py:830} INFO - Processing file /home/airflow/.local/lib/python3.8/site-packages/airflow/example_dags/example_skip_dag.py for tasks to queue
[2024-03-09T10:43:25.119+0000] {logging_mixin.py:188} INFO - [2024-03-09T10:43:25.119+0000] {dagbag.py:540} INFO - Filling up the DagBag from /home/airflow/.local/lib/python3.8/site-packages/airflow/example_dags/example_skip_dag.py
[2024-03-09T10:43:25.126+0000] {processor.py:840} INFO - DAG(s) 'example_skip_dag' retrieved from /home/airflow/.local/lib/python3.8/site-packages/airflow/example_dags/example_skip_dag.py
[2024-03-09T10:43:25.153+0000] {logging_mixin.py:188} INFO - [2024-03-09T10:43:25.152+0000] {dag.py:3047} INFO - Sync 1 DAGs
[2024-03-09T10:43:25.183+0000] {logging_mixin.py:188} INFO - [2024-03-09T10:43:25.183+0000] {dag.py:3834} INFO - Setting next_dagrun for example_skip_dag to 2024-03-08 00:00:00+00:00, run_after=2024-03-09 00:00:00+00:00
[2024-03-09T10:43:25.212+0000] {processor.py:183} INFO - Processing /home/airflow/.local/lib/python3.8/site-packages/airflow/example_dags/example_skip_dag.py took 0.101 seconds
[2024-03-09T10:43:55.528+0000] {processor.py:161} INFO - Started process (PID=1520) to work on /home/airflow/.local/lib/python3.8/site-packages/airflow/example_dags/example_skip_dag.py
[2024-03-09T10:43:55.530+0000] {processor.py:830} INFO - Processing file /home/airflow/.local/lib/python3.8/site-packages/airflow/example_dags/example_skip_dag.py for tasks to queue
[2024-03-09T10:43:55.531+0000] {logging_mixin.py:188} INFO - [2024-03-09T10:43:55.531+0000] {dagbag.py:540} INFO - Filling up the DagBag from /home/airflow/.local/lib/python3.8/site-packages/airflow/example_dags/example_skip_dag.py
[2024-03-09T10:43:55.538+0000] {processor.py:840} INFO - DAG(s) 'example_skip_dag' retrieved from /home/airflow/.local/lib/python3.8/site-packages/airflow/example_dags/example_skip_dag.py
[2024-03-09T10:43:55.562+0000] {logging_mixin.py:188} INFO - [2024-03-09T10:43:55.562+0000] {dag.py:3047} INFO - Sync 1 DAGs
[2024-03-09T10:43:55.586+0000] {logging_mixin.py:188} INFO - [2024-03-09T10:43:55.586+0000] {dag.py:3834} INFO - Setting next_dagrun for example_skip_dag to 2024-03-08 00:00:00+00:00, run_after=2024-03-09 00:00:00+00:00
[2024-03-09T10:43:55.618+0000] {processor.py:183} INFO - Processing /home/airflow/.local/lib/python3.8/site-packages/airflow/example_dags/example_skip_dag.py took 0.093 seconds
[2024-03-09T10:44:25.666+0000] {processor.py:161} INFO - Started process (PID=1575) to work on /home/airflow/.local/lib/python3.8/site-packages/airflow/example_dags/example_skip_dag.py
[2024-03-09T10:44:25.667+0000] {processor.py:830} INFO - Processing file /home/airflow/.local/lib/python3.8/site-packages/airflow/example_dags/example_skip_dag.py for tasks to queue
[2024-03-09T10:44:25.669+0000] {logging_mixin.py:188} INFO - [2024-03-09T10:44:25.669+0000] {dagbag.py:540} INFO - Filling up the DagBag from /home/airflow/.local/lib/python3.8/site-packages/airflow/example_dags/example_skip_dag.py
[2024-03-09T10:44:25.675+0000] {processor.py:840} INFO - DAG(s) 'example_skip_dag' retrieved from /home/airflow/.local/lib/python3.8/site-packages/airflow/example_dags/example_skip_dag.py
[2024-03-09T10:44:25.703+0000] {logging_mixin.py:188} INFO - [2024-03-09T10:44:25.702+0000] {dag.py:3047} INFO - Sync 1 DAGs
[2024-03-09T10:44:25.730+0000] {logging_mixin.py:188} INFO - [2024-03-09T10:44:25.730+0000] {dag.py:3834} INFO - Setting next_dagrun for example_skip_dag to 2024-03-08 00:00:00+00:00, run_after=2024-03-09 00:00:00+00:00
[2024-03-09T10:44:25.762+0000] {processor.py:183} INFO - Processing /home/airflow/.local/lib/python3.8/site-packages/airflow/example_dags/example_skip_dag.py took 0.099 seconds
[2024-03-09T10:44:55.883+0000] {processor.py:161} INFO - Started process (PID=1629) to work on /home/airflow/.local/lib/python3.8/site-packages/airflow/example_dags/example_skip_dag.py
[2024-03-09T10:44:55.884+0000] {processor.py:830} INFO - Processing file /home/airflow/.local/lib/python3.8/site-packages/airflow/example_dags/example_skip_dag.py for tasks to queue
[2024-03-09T10:44:55.887+0000] {logging_mixin.py:188} INFO - [2024-03-09T10:44:55.886+0000] {dagbag.py:540} INFO - Filling up the DagBag from /home/airflow/.local/lib/python3.8/site-packages/airflow/example_dags/example_skip_dag.py
[2024-03-09T10:44:55.895+0000] {processor.py:840} INFO - DAG(s) 'example_skip_dag' retrieved from /home/airflow/.local/lib/python3.8/site-packages/airflow/example_dags/example_skip_dag.py
[2024-03-09T10:44:55.924+0000] {logging_mixin.py:188} INFO - [2024-03-09T10:44:55.923+0000] {dag.py:3047} INFO - Sync 1 DAGs
[2024-03-09T10:44:55.955+0000] {logging_mixin.py:188} INFO - [2024-03-09T10:44:55.954+0000] {dag.py:3834} INFO - Setting next_dagrun for example_skip_dag to 2024-03-08 00:00:00+00:00, run_after=2024-03-09 00:00:00+00:00
[2024-03-09T10:44:55.982+0000] {processor.py:183} INFO - Processing /home/airflow/.local/lib/python3.8/site-packages/airflow/example_dags/example_skip_dag.py took 0.103 seconds
[2024-03-09T10:45:27.041+0000] {processor.py:161} INFO - Started process (PID=1685) to work on /home/airflow/.local/lib/python3.8/site-packages/airflow/example_dags/example_skip_dag.py
[2024-03-09T10:45:27.044+0000] {processor.py:830} INFO - Processing file /home/airflow/.local/lib/python3.8/site-packages/airflow/example_dags/example_skip_dag.py for tasks to queue
[2024-03-09T10:45:27.047+0000] {logging_mixin.py:188} INFO - [2024-03-09T10:45:27.046+0000] {dagbag.py:540} INFO - Filling up the DagBag from /home/airflow/.local/lib/python3.8/site-packages/airflow/example_dags/example_skip_dag.py
[2024-03-09T10:45:27.062+0000] {processor.py:840} INFO - DAG(s) 'example_skip_dag' retrieved from /home/airflow/.local/lib/python3.8/site-packages/airflow/example_dags/example_skip_dag.py
[2024-03-09T10:45:27.126+0000] {logging_mixin.py:188} INFO - [2024-03-09T10:45:27.126+0000] {dag.py:3047} INFO - Sync 1 DAGs
[2024-03-09T10:45:27.221+0000] {logging_mixin.py:188} INFO - [2024-03-09T10:45:27.220+0000] {dag.py:3834} INFO - Setting next_dagrun for example_skip_dag to 2024-03-08 00:00:00+00:00, run_after=2024-03-09 00:00:00+00:00
[2024-03-09T10:45:27.432+0000] {processor.py:183} INFO - Processing /home/airflow/.local/lib/python3.8/site-packages/airflow/example_dags/example_skip_dag.py took 0.397 seconds
[2024-03-09T10:45:57.503+0000] {processor.py:161} INFO - Started process (PID=1743) to work on /home/airflow/.local/lib/python3.8/site-packages/airflow/example_dags/example_skip_dag.py
[2024-03-09T10:45:57.506+0000] {processor.py:830} INFO - Processing file /home/airflow/.local/lib/python3.8/site-packages/airflow/example_dags/example_skip_dag.py for tasks to queue
[2024-03-09T10:45:57.509+0000] {logging_mixin.py:188} INFO - [2024-03-09T10:45:57.509+0000] {dagbag.py:540} INFO - Filling up the DagBag from /home/airflow/.local/lib/python3.8/site-packages/airflow/example_dags/example_skip_dag.py
[2024-03-09T10:45:57.517+0000] {processor.py:840} INFO - DAG(s) 'example_skip_dag' retrieved from /home/airflow/.local/lib/python3.8/site-packages/airflow/example_dags/example_skip_dag.py
[2024-03-09T10:45:57.543+0000] {logging_mixin.py:188} INFO - [2024-03-09T10:45:57.543+0000] {dag.py:3047} INFO - Sync 1 DAGs
[2024-03-09T10:45:57.571+0000] {logging_mixin.py:188} INFO - [2024-03-09T10:45:57.571+0000] {dag.py:3834} INFO - Setting next_dagrun for example_skip_dag to 2024-03-08 00:00:00+00:00, run_after=2024-03-09 00:00:00+00:00
[2024-03-09T10:45:57.614+0000] {processor.py:183} INFO - Processing /home/airflow/.local/lib/python3.8/site-packages/airflow/example_dags/example_skip_dag.py took 0.117 seconds
