[2024-03-09T10:30:39.890+0000] {processor.py:161} INFO - Started process (PID=83) to work on /home/airflow/.local/lib/python3.8/site-packages/airflow/example_dags/example_short_circuit_decorator.py
[2024-03-09T10:30:39.892+0000] {processor.py:830} INFO - Processing file /home/airflow/.local/lib/python3.8/site-packages/airflow/example_dags/example_short_circuit_decorator.py for tasks to queue
[2024-03-09T10:30:39.894+0000] {logging_mixin.py:188} INFO - [2024-03-09T10:30:39.894+0000] {dagbag.py:540} INFO - Filling up the DagBag from /home/airflow/.local/lib/python3.8/site-packages/airflow/example_dags/example_short_circuit_decorator.py
[2024-03-09T10:30:39.908+0000] {processor.py:840} INFO - DAG(s) 'example_short_circuit_decorator' retrieved from /home/airflow/.local/lib/python3.8/site-packages/airflow/example_dags/example_short_circuit_decorator.py
[2024-03-09T10:30:40.080+0000] {logging_mixin.py:188} INFO - [2024-03-09T10:30:40.079+0000] {dag.py:3047} INFO - Sync 1 DAGs
[2024-03-09T10:30:40.124+0000] {logging_mixin.py:188} INFO - [2024-03-09T10:30:40.123+0000] {dag.py:3834} INFO - Setting next_dagrun for example_short_circuit_decorator to 2024-03-08 00:00:00+00:00, run_after=2024-03-09 00:00:00+00:00
[2024-03-09T10:30:40.161+0000] {processor.py:183} INFO - Processing /home/airflow/.local/lib/python3.8/site-packages/airflow/example_dags/example_short_circuit_decorator.py took 0.276 seconds
[2024-03-09T10:31:11.079+0000] {processor.py:161} INFO - Started process (PID=138) to work on /home/airflow/.local/lib/python3.8/site-packages/airflow/example_dags/example_short_circuit_decorator.py
[2024-03-09T10:31:11.080+0000] {processor.py:830} INFO - Processing file /home/airflow/.local/lib/python3.8/site-packages/airflow/example_dags/example_short_circuit_decorator.py for tasks to queue
[2024-03-09T10:31:11.082+0000] {logging_mixin.py:188} INFO - [2024-03-09T10:31:11.081+0000] {dagbag.py:540} INFO - Filling up the DagBag from /home/airflow/.local/lib/python3.8/site-packages/airflow/example_dags/example_short_circuit_decorator.py
[2024-03-09T10:31:11.092+0000] {processor.py:840} INFO - DAG(s) 'example_short_circuit_decorator' retrieved from /home/airflow/.local/lib/python3.8/site-packages/airflow/example_dags/example_short_circuit_decorator.py
[2024-03-09T10:31:11.118+0000] {logging_mixin.py:188} INFO - [2024-03-09T10:31:11.117+0000] {dag.py:3047} INFO - Sync 1 DAGs
[2024-03-09T10:31:11.142+0000] {logging_mixin.py:188} INFO - [2024-03-09T10:31:11.142+0000] {dag.py:3834} INFO - Setting next_dagrun for example_short_circuit_decorator to 2024-03-08 00:00:00+00:00, run_after=2024-03-09 00:00:00+00:00
[2024-03-09T10:31:11.171+0000] {processor.py:183} INFO - Processing /home/airflow/.local/lib/python3.8/site-packages/airflow/example_dags/example_short_circuit_decorator.py took 0.095 seconds
[2024-03-09T10:31:41.688+0000] {processor.py:161} INFO - Started process (PID=193) to work on /home/airflow/.local/lib/python3.8/site-packages/airflow/example_dags/example_short_circuit_decorator.py
[2024-03-09T10:31:41.690+0000] {processor.py:830} INFO - Processing file /home/airflow/.local/lib/python3.8/site-packages/airflow/example_dags/example_short_circuit_decorator.py for tasks to queue
[2024-03-09T10:31:41.692+0000] {logging_mixin.py:188} INFO - [2024-03-09T10:31:41.691+0000] {dagbag.py:540} INFO - Filling up the DagBag from /home/airflow/.local/lib/python3.8/site-packages/airflow/example_dags/example_short_circuit_decorator.py
[2024-03-09T10:31:41.703+0000] {processor.py:840} INFO - DAG(s) 'example_short_circuit_decorator' retrieved from /home/airflow/.local/lib/python3.8/site-packages/airflow/example_dags/example_short_circuit_decorator.py
[2024-03-09T10:31:41.732+0000] {logging_mixin.py:188} INFO - [2024-03-09T10:31:41.732+0000] {dag.py:3047} INFO - Sync 1 DAGs
[2024-03-09T10:31:41.779+0000] {logging_mixin.py:188} INFO - [2024-03-09T10:31:41.779+0000] {dag.py:3834} INFO - Setting next_dagrun for example_short_circuit_decorator to 2024-03-08 00:00:00+00:00, run_after=2024-03-09 00:00:00+00:00
[2024-03-09T10:31:41.832+0000] {processor.py:183} INFO - Processing /home/airflow/.local/lib/python3.8/site-packages/airflow/example_dags/example_short_circuit_decorator.py took 0.148 seconds
[2024-03-09T10:32:12.631+0000] {processor.py:161} INFO - Started process (PID=248) to work on /home/airflow/.local/lib/python3.8/site-packages/airflow/example_dags/example_short_circuit_decorator.py
[2024-03-09T10:32:12.632+0000] {processor.py:830} INFO - Processing file /home/airflow/.local/lib/python3.8/site-packages/airflow/example_dags/example_short_circuit_decorator.py for tasks to queue
[2024-03-09T10:32:12.634+0000] {logging_mixin.py:188} INFO - [2024-03-09T10:32:12.634+0000] {dagbag.py:540} INFO - Filling up the DagBag from /home/airflow/.local/lib/python3.8/site-packages/airflow/example_dags/example_short_circuit_decorator.py
[2024-03-09T10:32:12.645+0000] {processor.py:840} INFO - DAG(s) 'example_short_circuit_decorator' retrieved from /home/airflow/.local/lib/python3.8/site-packages/airflow/example_dags/example_short_circuit_decorator.py
[2024-03-09T10:32:12.673+0000] {logging_mixin.py:188} INFO - [2024-03-09T10:32:12.673+0000] {dag.py:3047} INFO - Sync 1 DAGs
[2024-03-09T10:32:12.698+0000] {logging_mixin.py:188} INFO - [2024-03-09T10:32:12.698+0000] {dag.py:3834} INFO - Setting next_dagrun for example_short_circuit_decorator to 2024-03-08 00:00:00+00:00, run_after=2024-03-09 00:00:00+00:00
[2024-03-09T10:32:12.723+0000] {processor.py:183} INFO - Processing /home/airflow/.local/lib/python3.8/site-packages/airflow/example_dags/example_short_circuit_decorator.py took 0.095 seconds
[2024-03-09T10:32:42.944+0000] {processor.py:161} INFO - Started process (PID=303) to work on /home/airflow/.local/lib/python3.8/site-packages/airflow/example_dags/example_short_circuit_decorator.py
[2024-03-09T10:32:42.945+0000] {processor.py:830} INFO - Processing file /home/airflow/.local/lib/python3.8/site-packages/airflow/example_dags/example_short_circuit_decorator.py for tasks to queue
[2024-03-09T10:32:42.948+0000] {logging_mixin.py:188} INFO - [2024-03-09T10:32:42.947+0000] {dagbag.py:540} INFO - Filling up the DagBag from /home/airflow/.local/lib/python3.8/site-packages/airflow/example_dags/example_short_circuit_decorator.py
[2024-03-09T10:32:42.959+0000] {processor.py:840} INFO - DAG(s) 'example_short_circuit_decorator' retrieved from /home/airflow/.local/lib/python3.8/site-packages/airflow/example_dags/example_short_circuit_decorator.py
[2024-03-09T10:32:42.988+0000] {logging_mixin.py:188} INFO - [2024-03-09T10:32:42.988+0000] {dag.py:3047} INFO - Sync 1 DAGs
[2024-03-09T10:32:43.016+0000] {logging_mixin.py:188} INFO - [2024-03-09T10:32:43.016+0000] {dag.py:3834} INFO - Setting next_dagrun for example_short_circuit_decorator to 2024-03-08 00:00:00+00:00, run_after=2024-03-09 00:00:00+00:00
[2024-03-09T10:32:43.105+0000] {processor.py:183} INFO - Processing /home/airflow/.local/lib/python3.8/site-packages/airflow/example_dags/example_short_circuit_decorator.py took 0.166 seconds
[2024-03-09T10:33:13.295+0000] {processor.py:161} INFO - Started process (PID=358) to work on /home/airflow/.local/lib/python3.8/site-packages/airflow/example_dags/example_short_circuit_decorator.py
[2024-03-09T10:33:13.297+0000] {processor.py:830} INFO - Processing file /home/airflow/.local/lib/python3.8/site-packages/airflow/example_dags/example_short_circuit_decorator.py for tasks to queue
[2024-03-09T10:33:13.299+0000] {logging_mixin.py:188} INFO - [2024-03-09T10:33:13.298+0000] {dagbag.py:540} INFO - Filling up the DagBag from /home/airflow/.local/lib/python3.8/site-packages/airflow/example_dags/example_short_circuit_decorator.py
[2024-03-09T10:33:13.315+0000] {processor.py:840} INFO - DAG(s) 'example_short_circuit_decorator' retrieved from /home/airflow/.local/lib/python3.8/site-packages/airflow/example_dags/example_short_circuit_decorator.py
[2024-03-09T10:33:13.351+0000] {logging_mixin.py:188} INFO - [2024-03-09T10:33:13.350+0000] {dag.py:3047} INFO - Sync 1 DAGs
[2024-03-09T10:33:13.396+0000] {logging_mixin.py:188} INFO - [2024-03-09T10:33:13.396+0000] {dag.py:3834} INFO - Setting next_dagrun for example_short_circuit_decorator to 2024-03-08 00:00:00+00:00, run_after=2024-03-09 00:00:00+00:00
[2024-03-09T10:33:13.434+0000] {processor.py:183} INFO - Processing /home/airflow/.local/lib/python3.8/site-packages/airflow/example_dags/example_short_circuit_decorator.py took 0.145 seconds
[2024-03-09T10:33:43.870+0000] {processor.py:161} INFO - Started process (PID=413) to work on /home/airflow/.local/lib/python3.8/site-packages/airflow/example_dags/example_short_circuit_decorator.py
[2024-03-09T10:33:43.871+0000] {processor.py:830} INFO - Processing file /home/airflow/.local/lib/python3.8/site-packages/airflow/example_dags/example_short_circuit_decorator.py for tasks to queue
[2024-03-09T10:33:43.874+0000] {logging_mixin.py:188} INFO - [2024-03-09T10:33:43.873+0000] {dagbag.py:540} INFO - Filling up the DagBag from /home/airflow/.local/lib/python3.8/site-packages/airflow/example_dags/example_short_circuit_decorator.py
[2024-03-09T10:33:43.884+0000] {processor.py:840} INFO - DAG(s) 'example_short_circuit_decorator' retrieved from /home/airflow/.local/lib/python3.8/site-packages/airflow/example_dags/example_short_circuit_decorator.py
[2024-03-09T10:33:43.913+0000] {logging_mixin.py:188} INFO - [2024-03-09T10:33:43.912+0000] {dag.py:3047} INFO - Sync 1 DAGs
[2024-03-09T10:33:43.940+0000] {logging_mixin.py:188} INFO - [2024-03-09T10:33:43.940+0000] {dag.py:3834} INFO - Setting next_dagrun for example_short_circuit_decorator to 2024-03-08 00:00:00+00:00, run_after=2024-03-09 00:00:00+00:00
[2024-03-09T10:33:43.974+0000] {processor.py:183} INFO - Processing /home/airflow/.local/lib/python3.8/site-packages/airflow/example_dags/example_short_circuit_decorator.py took 0.107 seconds
[2024-03-09T10:34:14.152+0000] {processor.py:161} INFO - Started process (PID=468) to work on /home/airflow/.local/lib/python3.8/site-packages/airflow/example_dags/example_short_circuit_decorator.py
[2024-03-09T10:34:14.153+0000] {processor.py:830} INFO - Processing file /home/airflow/.local/lib/python3.8/site-packages/airflow/example_dags/example_short_circuit_decorator.py for tasks to queue
[2024-03-09T10:34:14.155+0000] {logging_mixin.py:188} INFO - [2024-03-09T10:34:14.155+0000] {dagbag.py:540} INFO - Filling up the DagBag from /home/airflow/.local/lib/python3.8/site-packages/airflow/example_dags/example_short_circuit_decorator.py
[2024-03-09T10:34:14.164+0000] {processor.py:840} INFO - DAG(s) 'example_short_circuit_decorator' retrieved from /home/airflow/.local/lib/python3.8/site-packages/airflow/example_dags/example_short_circuit_decorator.py
[2024-03-09T10:34:14.191+0000] {logging_mixin.py:188} INFO - [2024-03-09T10:34:14.191+0000] {dag.py:3047} INFO - Sync 1 DAGs
[2024-03-09T10:34:14.216+0000] {logging_mixin.py:188} INFO - [2024-03-09T10:34:14.215+0000] {dag.py:3834} INFO - Setting next_dagrun for example_short_circuit_decorator to 2024-03-08 00:00:00+00:00, run_after=2024-03-09 00:00:00+00:00
[2024-03-09T10:34:14.248+0000] {processor.py:183} INFO - Processing /home/airflow/.local/lib/python3.8/site-packages/airflow/example_dags/example_short_circuit_decorator.py took 0.098 seconds
[2024-03-09T10:34:44.570+0000] {processor.py:161} INFO - Started process (PID=523) to work on /home/airflow/.local/lib/python3.8/site-packages/airflow/example_dags/example_short_circuit_decorator.py
[2024-03-09T10:34:44.571+0000] {processor.py:830} INFO - Processing file /home/airflow/.local/lib/python3.8/site-packages/airflow/example_dags/example_short_circuit_decorator.py for tasks to queue
[2024-03-09T10:34:44.573+0000] {logging_mixin.py:188} INFO - [2024-03-09T10:34:44.573+0000] {dagbag.py:540} INFO - Filling up the DagBag from /home/airflow/.local/lib/python3.8/site-packages/airflow/example_dags/example_short_circuit_decorator.py
[2024-03-09T10:34:44.583+0000] {processor.py:840} INFO - DAG(s) 'example_short_circuit_decorator' retrieved from /home/airflow/.local/lib/python3.8/site-packages/airflow/example_dags/example_short_circuit_decorator.py
[2024-03-09T10:34:44.610+0000] {logging_mixin.py:188} INFO - [2024-03-09T10:34:44.610+0000] {dag.py:3047} INFO - Sync 1 DAGs
[2024-03-09T10:34:44.638+0000] {logging_mixin.py:188} INFO - [2024-03-09T10:34:44.637+0000] {dag.py:3834} INFO - Setting next_dagrun for example_short_circuit_decorator to 2024-03-08 00:00:00+00:00, run_after=2024-03-09 00:00:00+00:00
[2024-03-09T10:34:44.671+0000] {processor.py:183} INFO - Processing /home/airflow/.local/lib/python3.8/site-packages/airflow/example_dags/example_short_circuit_decorator.py took 0.104 seconds
[2024-03-09T10:35:14.885+0000] {processor.py:161} INFO - Started process (PID=578) to work on /home/airflow/.local/lib/python3.8/site-packages/airflow/example_dags/example_short_circuit_decorator.py
[2024-03-09T10:35:14.887+0000] {processor.py:830} INFO - Processing file /home/airflow/.local/lib/python3.8/site-packages/airflow/example_dags/example_short_circuit_decorator.py for tasks to queue
[2024-03-09T10:35:14.890+0000] {logging_mixin.py:188} INFO - [2024-03-09T10:35:14.890+0000] {dagbag.py:540} INFO - Filling up the DagBag from /home/airflow/.local/lib/python3.8/site-packages/airflow/example_dags/example_short_circuit_decorator.py
[2024-03-09T10:35:14.904+0000] {processor.py:840} INFO - DAG(s) 'example_short_circuit_decorator' retrieved from /home/airflow/.local/lib/python3.8/site-packages/airflow/example_dags/example_short_circuit_decorator.py
[2024-03-09T10:35:14.930+0000] {logging_mixin.py:188} INFO - [2024-03-09T10:35:14.930+0000] {dag.py:3047} INFO - Sync 1 DAGs
[2024-03-09T10:35:14.955+0000] {logging_mixin.py:188} INFO - [2024-03-09T10:35:14.955+0000] {dag.py:3834} INFO - Setting next_dagrun for example_short_circuit_decorator to 2024-03-08 00:00:00+00:00, run_after=2024-03-09 00:00:00+00:00
[2024-03-09T10:35:14.987+0000] {processor.py:183} INFO - Processing /home/airflow/.local/lib/python3.8/site-packages/airflow/example_dags/example_short_circuit_decorator.py took 0.107 seconds
[2024-03-09T10:35:45.380+0000] {processor.py:161} INFO - Started process (PID=633) to work on /home/airflow/.local/lib/python3.8/site-packages/airflow/example_dags/example_short_circuit_decorator.py
[2024-03-09T10:35:45.381+0000] {processor.py:830} INFO - Processing file /home/airflow/.local/lib/python3.8/site-packages/airflow/example_dags/example_short_circuit_decorator.py for tasks to queue
[2024-03-09T10:35:45.383+0000] {logging_mixin.py:188} INFO - [2024-03-09T10:35:45.383+0000] {dagbag.py:540} INFO - Filling up the DagBag from /home/airflow/.local/lib/python3.8/site-packages/airflow/example_dags/example_short_circuit_decorator.py
[2024-03-09T10:35:45.395+0000] {processor.py:840} INFO - DAG(s) 'example_short_circuit_decorator' retrieved from /home/airflow/.local/lib/python3.8/site-packages/airflow/example_dags/example_short_circuit_decorator.py
[2024-03-09T10:35:45.423+0000] {logging_mixin.py:188} INFO - [2024-03-09T10:35:45.422+0000] {dag.py:3047} INFO - Sync 1 DAGs
[2024-03-09T10:35:45.450+0000] {logging_mixin.py:188} INFO - [2024-03-09T10:35:45.450+0000] {dag.py:3834} INFO - Setting next_dagrun for example_short_circuit_decorator to 2024-03-08 00:00:00+00:00, run_after=2024-03-09 00:00:00+00:00
[2024-03-09T10:35:45.477+0000] {processor.py:183} INFO - Processing /home/airflow/.local/lib/python3.8/site-packages/airflow/example_dags/example_short_circuit_decorator.py took 0.100 seconds
[2024-03-09T10:36:15.754+0000] {processor.py:161} INFO - Started process (PID=688) to work on /home/airflow/.local/lib/python3.8/site-packages/airflow/example_dags/example_short_circuit_decorator.py
[2024-03-09T10:36:15.755+0000] {processor.py:830} INFO - Processing file /home/airflow/.local/lib/python3.8/site-packages/airflow/example_dags/example_short_circuit_decorator.py for tasks to queue
[2024-03-09T10:36:15.757+0000] {logging_mixin.py:188} INFO - [2024-03-09T10:36:15.757+0000] {dagbag.py:540} INFO - Filling up the DagBag from /home/airflow/.local/lib/python3.8/site-packages/airflow/example_dags/example_short_circuit_decorator.py
[2024-03-09T10:36:15.766+0000] {processor.py:840} INFO - DAG(s) 'example_short_circuit_decorator' retrieved from /home/airflow/.local/lib/python3.8/site-packages/airflow/example_dags/example_short_circuit_decorator.py
[2024-03-09T10:36:15.791+0000] {logging_mixin.py:188} INFO - [2024-03-09T10:36:15.791+0000] {dag.py:3047} INFO - Sync 1 DAGs
[2024-03-09T10:36:15.818+0000] {logging_mixin.py:188} INFO - [2024-03-09T10:36:15.818+0000] {dag.py:3834} INFO - Setting next_dagrun for example_short_circuit_decorator to 2024-03-08 00:00:00+00:00, run_after=2024-03-09 00:00:00+00:00
[2024-03-09T10:36:15.851+0000] {processor.py:183} INFO - Processing /home/airflow/.local/lib/python3.8/site-packages/airflow/example_dags/example_short_circuit_decorator.py took 0.099 seconds
[2024-03-09T10:36:46.768+0000] {processor.py:161} INFO - Started process (PID=743) to work on /home/airflow/.local/lib/python3.8/site-packages/airflow/example_dags/example_short_circuit_decorator.py
[2024-03-09T10:36:46.770+0000] {processor.py:830} INFO - Processing file /home/airflow/.local/lib/python3.8/site-packages/airflow/example_dags/example_short_circuit_decorator.py for tasks to queue
[2024-03-09T10:36:46.772+0000] {logging_mixin.py:188} INFO - [2024-03-09T10:36:46.771+0000] {dagbag.py:540} INFO - Filling up the DagBag from /home/airflow/.local/lib/python3.8/site-packages/airflow/example_dags/example_short_circuit_decorator.py
[2024-03-09T10:36:46.780+0000] {processor.py:840} INFO - DAG(s) 'example_short_circuit_decorator' retrieved from /home/airflow/.local/lib/python3.8/site-packages/airflow/example_dags/example_short_circuit_decorator.py
[2024-03-09T10:36:46.809+0000] {logging_mixin.py:188} INFO - [2024-03-09T10:36:46.808+0000] {dag.py:3047} INFO - Sync 1 DAGs
[2024-03-09T10:36:46.834+0000] {logging_mixin.py:188} INFO - [2024-03-09T10:36:46.833+0000] {dag.py:3834} INFO - Setting next_dagrun for example_short_circuit_decorator to 2024-03-08 00:00:00+00:00, run_after=2024-03-09 00:00:00+00:00
[2024-03-09T10:36:46.858+0000] {processor.py:183} INFO - Processing /home/airflow/.local/lib/python3.8/site-packages/airflow/example_dags/example_short_circuit_decorator.py took 0.093 seconds
[2024-03-09T10:37:16.944+0000] {processor.py:161} INFO - Started process (PID=798) to work on /home/airflow/.local/lib/python3.8/site-packages/airflow/example_dags/example_short_circuit_decorator.py
[2024-03-09T10:37:16.945+0000] {processor.py:830} INFO - Processing file /home/airflow/.local/lib/python3.8/site-packages/airflow/example_dags/example_short_circuit_decorator.py for tasks to queue
[2024-03-09T10:37:16.947+0000] {logging_mixin.py:188} INFO - [2024-03-09T10:37:16.947+0000] {dagbag.py:540} INFO - Filling up the DagBag from /home/airflow/.local/lib/python3.8/site-packages/airflow/example_dags/example_short_circuit_decorator.py
[2024-03-09T10:37:16.956+0000] {processor.py:840} INFO - DAG(s) 'example_short_circuit_decorator' retrieved from /home/airflow/.local/lib/python3.8/site-packages/airflow/example_dags/example_short_circuit_decorator.py
[2024-03-09T10:37:16.982+0000] {logging_mixin.py:188} INFO - [2024-03-09T10:37:16.982+0000] {dag.py:3047} INFO - Sync 1 DAGs
[2024-03-09T10:37:17.005+0000] {logging_mixin.py:188} INFO - [2024-03-09T10:37:17.005+0000] {dag.py:3834} INFO - Setting next_dagrun for example_short_circuit_decorator to 2024-03-08 00:00:00+00:00, run_after=2024-03-09 00:00:00+00:00
[2024-03-09T10:37:17.037+0000] {processor.py:183} INFO - Processing /home/airflow/.local/lib/python3.8/site-packages/airflow/example_dags/example_short_circuit_decorator.py took 0.096 seconds
[2024-03-09T10:37:47.304+0000] {processor.py:161} INFO - Started process (PID=853) to work on /home/airflow/.local/lib/python3.8/site-packages/airflow/example_dags/example_short_circuit_decorator.py
[2024-03-09T10:37:47.306+0000] {processor.py:830} INFO - Processing file /home/airflow/.local/lib/python3.8/site-packages/airflow/example_dags/example_short_circuit_decorator.py for tasks to queue
[2024-03-09T10:37:47.308+0000] {logging_mixin.py:188} INFO - [2024-03-09T10:37:47.307+0000] {dagbag.py:540} INFO - Filling up the DagBag from /home/airflow/.local/lib/python3.8/site-packages/airflow/example_dags/example_short_circuit_decorator.py
[2024-03-09T10:37:47.319+0000] {processor.py:840} INFO - DAG(s) 'example_short_circuit_decorator' retrieved from /home/airflow/.local/lib/python3.8/site-packages/airflow/example_dags/example_short_circuit_decorator.py
[2024-03-09T10:37:47.350+0000] {logging_mixin.py:188} INFO - [2024-03-09T10:37:47.349+0000] {dag.py:3047} INFO - Sync 1 DAGs
[2024-03-09T10:37:47.376+0000] {logging_mixin.py:188} INFO - [2024-03-09T10:37:47.376+0000] {dag.py:3834} INFO - Setting next_dagrun for example_short_circuit_decorator to 2024-03-08 00:00:00+00:00, run_after=2024-03-09 00:00:00+00:00
[2024-03-09T10:37:47.407+0000] {processor.py:183} INFO - Processing /home/airflow/.local/lib/python3.8/site-packages/airflow/example_dags/example_short_circuit_decorator.py took 0.106 seconds
[2024-03-09T10:38:17.873+0000] {processor.py:161} INFO - Started process (PID=908) to work on /home/airflow/.local/lib/python3.8/site-packages/airflow/example_dags/example_short_circuit_decorator.py
[2024-03-09T10:38:17.875+0000] {processor.py:830} INFO - Processing file /home/airflow/.local/lib/python3.8/site-packages/airflow/example_dags/example_short_circuit_decorator.py for tasks to queue
[2024-03-09T10:38:17.877+0000] {logging_mixin.py:188} INFO - [2024-03-09T10:38:17.877+0000] {dagbag.py:540} INFO - Filling up the DagBag from /home/airflow/.local/lib/python3.8/site-packages/airflow/example_dags/example_short_circuit_decorator.py
[2024-03-09T10:38:17.888+0000] {processor.py:840} INFO - DAG(s) 'example_short_circuit_decorator' retrieved from /home/airflow/.local/lib/python3.8/site-packages/airflow/example_dags/example_short_circuit_decorator.py
[2024-03-09T10:38:17.921+0000] {logging_mixin.py:188} INFO - [2024-03-09T10:38:17.921+0000] {dag.py:3047} INFO - Sync 1 DAGs
[2024-03-09T10:38:17.946+0000] {logging_mixin.py:188} INFO - [2024-03-09T10:38:17.946+0000] {dag.py:3834} INFO - Setting next_dagrun for example_short_circuit_decorator to 2024-03-08 00:00:00+00:00, run_after=2024-03-09 00:00:00+00:00
[2024-03-09T10:38:17.979+0000] {processor.py:183} INFO - Processing /home/airflow/.local/lib/python3.8/site-packages/airflow/example_dags/example_short_circuit_decorator.py took 0.109 seconds
[2024-03-09T10:38:48.217+0000] {processor.py:161} INFO - Started process (PID=963) to work on /home/airflow/.local/lib/python3.8/site-packages/airflow/example_dags/example_short_circuit_decorator.py
[2024-03-09T10:38:48.218+0000] {processor.py:830} INFO - Processing file /home/airflow/.local/lib/python3.8/site-packages/airflow/example_dags/example_short_circuit_decorator.py for tasks to queue
[2024-03-09T10:38:48.220+0000] {logging_mixin.py:188} INFO - [2024-03-09T10:38:48.220+0000] {dagbag.py:540} INFO - Filling up the DagBag from /home/airflow/.local/lib/python3.8/site-packages/airflow/example_dags/example_short_circuit_decorator.py
[2024-03-09T10:38:48.230+0000] {processor.py:840} INFO - DAG(s) 'example_short_circuit_decorator' retrieved from /home/airflow/.local/lib/python3.8/site-packages/airflow/example_dags/example_short_circuit_decorator.py
[2024-03-09T10:38:48.256+0000] {logging_mixin.py:188} INFO - [2024-03-09T10:38:48.256+0000] {dag.py:3047} INFO - Sync 1 DAGs
[2024-03-09T10:38:48.282+0000] {logging_mixin.py:188} INFO - [2024-03-09T10:38:48.282+0000] {dag.py:3834} INFO - Setting next_dagrun for example_short_circuit_decorator to 2024-03-08 00:00:00+00:00, run_after=2024-03-09 00:00:00+00:00
[2024-03-09T10:38:48.305+0000] {processor.py:183} INFO - Processing /home/airflow/.local/lib/python3.8/site-packages/airflow/example_dags/example_short_circuit_decorator.py took 0.092 seconds
[2024-03-09T10:39:20.694+0000] {processor.py:161} INFO - Started process (PID=1018) to work on /home/airflow/.local/lib/python3.8/site-packages/airflow/example_dags/example_short_circuit_decorator.py
[2024-03-09T10:39:20.697+0000] {processor.py:830} INFO - Processing file /home/airflow/.local/lib/python3.8/site-packages/airflow/example_dags/example_short_circuit_decorator.py for tasks to queue
[2024-03-09T10:39:20.704+0000] {logging_mixin.py:188} INFO - [2024-03-09T10:39:20.703+0000] {dagbag.py:540} INFO - Filling up the DagBag from /home/airflow/.local/lib/python3.8/site-packages/airflow/example_dags/example_short_circuit_decorator.py
[2024-03-09T10:39:20.723+0000] {processor.py:840} INFO - DAG(s) 'example_short_circuit_decorator' retrieved from /home/airflow/.local/lib/python3.8/site-packages/airflow/example_dags/example_short_circuit_decorator.py
[2024-03-09T10:39:20.772+0000] {logging_mixin.py:188} INFO - [2024-03-09T10:39:20.772+0000] {dag.py:3047} INFO - Sync 1 DAGs
[2024-03-09T10:39:20.810+0000] {logging_mixin.py:188} INFO - [2024-03-09T10:39:20.810+0000] {dag.py:3834} INFO - Setting next_dagrun for example_short_circuit_decorator to 2024-03-08 00:00:00+00:00, run_after=2024-03-09 00:00:00+00:00
[2024-03-09T10:39:21.001+0000] {processor.py:183} INFO - Processing /home/airflow/.local/lib/python3.8/site-packages/airflow/example_dags/example_short_circuit_decorator.py took 0.311 seconds
[2024-03-09T10:39:51.776+0000] {processor.py:161} INFO - Started process (PID=1079) to work on /home/airflow/.local/lib/python3.8/site-packages/airflow/example_dags/example_short_circuit_decorator.py
[2024-03-09T10:39:51.778+0000] {processor.py:830} INFO - Processing file /home/airflow/.local/lib/python3.8/site-packages/airflow/example_dags/example_short_circuit_decorator.py for tasks to queue
[2024-03-09T10:39:51.780+0000] {logging_mixin.py:188} INFO - [2024-03-09T10:39:51.780+0000] {dagbag.py:540} INFO - Filling up the DagBag from /home/airflow/.local/lib/python3.8/site-packages/airflow/example_dags/example_short_circuit_decorator.py
[2024-03-09T10:39:51.793+0000] {processor.py:840} INFO - DAG(s) 'example_short_circuit_decorator' retrieved from /home/airflow/.local/lib/python3.8/site-packages/airflow/example_dags/example_short_circuit_decorator.py
[2024-03-09T10:39:51.821+0000] {logging_mixin.py:188} INFO - [2024-03-09T10:39:51.820+0000] {dag.py:3047} INFO - Sync 1 DAGs
[2024-03-09T10:39:51.854+0000] {logging_mixin.py:188} INFO - [2024-03-09T10:39:51.853+0000] {dag.py:3834} INFO - Setting next_dagrun for example_short_circuit_decorator to 2024-03-08 00:00:00+00:00, run_after=2024-03-09 00:00:00+00:00
[2024-03-09T10:39:51.884+0000] {processor.py:183} INFO - Processing /home/airflow/.local/lib/python3.8/site-packages/airflow/example_dags/example_short_circuit_decorator.py took 0.112 seconds
[2024-03-09T10:40:22.424+0000] {processor.py:161} INFO - Started process (PID=1134) to work on /home/airflow/.local/lib/python3.8/site-packages/airflow/example_dags/example_short_circuit_decorator.py
[2024-03-09T10:40:22.426+0000] {processor.py:830} INFO - Processing file /home/airflow/.local/lib/python3.8/site-packages/airflow/example_dags/example_short_circuit_decorator.py for tasks to queue
[2024-03-09T10:40:22.427+0000] {logging_mixin.py:188} INFO - [2024-03-09T10:40:22.427+0000] {dagbag.py:540} INFO - Filling up the DagBag from /home/airflow/.local/lib/python3.8/site-packages/airflow/example_dags/example_short_circuit_decorator.py
[2024-03-09T10:40:22.437+0000] {processor.py:840} INFO - DAG(s) 'example_short_circuit_decorator' retrieved from /home/airflow/.local/lib/python3.8/site-packages/airflow/example_dags/example_short_circuit_decorator.py
[2024-03-09T10:40:22.465+0000] {logging_mixin.py:188} INFO - [2024-03-09T10:40:22.465+0000] {dag.py:3047} INFO - Sync 1 DAGs
[2024-03-09T10:40:22.490+0000] {logging_mixin.py:188} INFO - [2024-03-09T10:40:22.489+0000] {dag.py:3834} INFO - Setting next_dagrun for example_short_circuit_decorator to 2024-03-08 00:00:00+00:00, run_after=2024-03-09 00:00:00+00:00
[2024-03-09T10:40:22.519+0000] {processor.py:183} INFO - Processing /home/airflow/.local/lib/python3.8/site-packages/airflow/example_dags/example_short_circuit_decorator.py took 0.098 seconds
[2024-03-09T10:40:53.092+0000] {processor.py:161} INFO - Started process (PID=1189) to work on /home/airflow/.local/lib/python3.8/site-packages/airflow/example_dags/example_short_circuit_decorator.py
[2024-03-09T10:40:53.094+0000] {processor.py:830} INFO - Processing file /home/airflow/.local/lib/python3.8/site-packages/airflow/example_dags/example_short_circuit_decorator.py for tasks to queue
[2024-03-09T10:40:53.096+0000] {logging_mixin.py:188} INFO - [2024-03-09T10:40:53.096+0000] {dagbag.py:540} INFO - Filling up the DagBag from /home/airflow/.local/lib/python3.8/site-packages/airflow/example_dags/example_short_circuit_decorator.py
[2024-03-09T10:40:53.108+0000] {processor.py:840} INFO - DAG(s) 'example_short_circuit_decorator' retrieved from /home/airflow/.local/lib/python3.8/site-packages/airflow/example_dags/example_short_circuit_decorator.py
[2024-03-09T10:40:53.140+0000] {logging_mixin.py:188} INFO - [2024-03-09T10:40:53.140+0000] {dag.py:3047} INFO - Sync 1 DAGs
[2024-03-09T10:40:53.166+0000] {logging_mixin.py:188} INFO - [2024-03-09T10:40:53.166+0000] {dag.py:3834} INFO - Setting next_dagrun for example_short_circuit_decorator to 2024-03-08 00:00:00+00:00, run_after=2024-03-09 00:00:00+00:00
[2024-03-09T10:40:53.193+0000] {processor.py:183} INFO - Processing /home/airflow/.local/lib/python3.8/site-packages/airflow/example_dags/example_short_circuit_decorator.py took 0.104 seconds
[2024-03-09T10:41:23.795+0000] {processor.py:161} INFO - Started process (PID=1244) to work on /home/airflow/.local/lib/python3.8/site-packages/airflow/example_dags/example_short_circuit_decorator.py
[2024-03-09T10:41:23.797+0000] {processor.py:830} INFO - Processing file /home/airflow/.local/lib/python3.8/site-packages/airflow/example_dags/example_short_circuit_decorator.py for tasks to queue
[2024-03-09T10:41:23.799+0000] {logging_mixin.py:188} INFO - [2024-03-09T10:41:23.799+0000] {dagbag.py:540} INFO - Filling up the DagBag from /home/airflow/.local/lib/python3.8/site-packages/airflow/example_dags/example_short_circuit_decorator.py
[2024-03-09T10:41:23.809+0000] {processor.py:840} INFO - DAG(s) 'example_short_circuit_decorator' retrieved from /home/airflow/.local/lib/python3.8/site-packages/airflow/example_dags/example_short_circuit_decorator.py
[2024-03-09T10:41:23.840+0000] {logging_mixin.py:188} INFO - [2024-03-09T10:41:23.840+0000] {dag.py:3047} INFO - Sync 1 DAGs
[2024-03-09T10:41:23.868+0000] {logging_mixin.py:188} INFO - [2024-03-09T10:41:23.867+0000] {dag.py:3834} INFO - Setting next_dagrun for example_short_circuit_decorator to 2024-03-08 00:00:00+00:00, run_after=2024-03-09 00:00:00+00:00
[2024-03-09T10:41:23.894+0000] {processor.py:183} INFO - Processing /home/airflow/.local/lib/python3.8/site-packages/airflow/example_dags/example_short_circuit_decorator.py took 0.102 seconds
[2024-03-09T10:41:54.043+0000] {processor.py:161} INFO - Started process (PID=1299) to work on /home/airflow/.local/lib/python3.8/site-packages/airflow/example_dags/example_short_circuit_decorator.py
[2024-03-09T10:41:54.045+0000] {processor.py:830} INFO - Processing file /home/airflow/.local/lib/python3.8/site-packages/airflow/example_dags/example_short_circuit_decorator.py for tasks to queue
[2024-03-09T10:41:54.046+0000] {logging_mixin.py:188} INFO - [2024-03-09T10:41:54.046+0000] {dagbag.py:540} INFO - Filling up the DagBag from /home/airflow/.local/lib/python3.8/site-packages/airflow/example_dags/example_short_circuit_decorator.py
[2024-03-09T10:41:54.055+0000] {processor.py:840} INFO - DAG(s) 'example_short_circuit_decorator' retrieved from /home/airflow/.local/lib/python3.8/site-packages/airflow/example_dags/example_short_circuit_decorator.py
[2024-03-09T10:41:54.084+0000] {logging_mixin.py:188} INFO - [2024-03-09T10:41:54.083+0000] {dag.py:3047} INFO - Sync 1 DAGs
[2024-03-09T10:41:54.111+0000] {logging_mixin.py:188} INFO - [2024-03-09T10:41:54.110+0000] {dag.py:3834} INFO - Setting next_dagrun for example_short_circuit_decorator to 2024-03-08 00:00:00+00:00, run_after=2024-03-09 00:00:00+00:00
[2024-03-09T10:41:54.138+0000] {processor.py:183} INFO - Processing /home/airflow/.local/lib/python3.8/site-packages/airflow/example_dags/example_short_circuit_decorator.py took 0.097 seconds
[2024-03-09T10:42:24.470+0000] {processor.py:161} INFO - Started process (PID=1354) to work on /home/airflow/.local/lib/python3.8/site-packages/airflow/example_dags/example_short_circuit_decorator.py
[2024-03-09T10:42:24.471+0000] {processor.py:830} INFO - Processing file /home/airflow/.local/lib/python3.8/site-packages/airflow/example_dags/example_short_circuit_decorator.py for tasks to queue
[2024-03-09T10:42:24.473+0000] {logging_mixin.py:188} INFO - [2024-03-09T10:42:24.473+0000] {dagbag.py:540} INFO - Filling up the DagBag from /home/airflow/.local/lib/python3.8/site-packages/airflow/example_dags/example_short_circuit_decorator.py
[2024-03-09T10:42:24.482+0000] {processor.py:840} INFO - DAG(s) 'example_short_circuit_decorator' retrieved from /home/airflow/.local/lib/python3.8/site-packages/airflow/example_dags/example_short_circuit_decorator.py
[2024-03-09T10:42:24.518+0000] {logging_mixin.py:188} INFO - [2024-03-09T10:42:24.517+0000] {dag.py:3047} INFO - Sync 1 DAGs
[2024-03-09T10:42:24.547+0000] {logging_mixin.py:188} INFO - [2024-03-09T10:42:24.546+0000] {dag.py:3834} INFO - Setting next_dagrun for example_short_circuit_decorator to 2024-03-08 00:00:00+00:00, run_after=2024-03-09 00:00:00+00:00
[2024-03-09T10:42:24.572+0000] {processor.py:183} INFO - Processing /home/airflow/.local/lib/python3.8/site-packages/airflow/example_dags/example_short_circuit_decorator.py took 0.105 seconds
[2024-03-09T10:42:54.606+0000] {processor.py:161} INFO - Started process (PID=1409) to work on /home/airflow/.local/lib/python3.8/site-packages/airflow/example_dags/example_short_circuit_decorator.py
[2024-03-09T10:42:54.608+0000] {processor.py:830} INFO - Processing file /home/airflow/.local/lib/python3.8/site-packages/airflow/example_dags/example_short_circuit_decorator.py for tasks to queue
[2024-03-09T10:42:54.611+0000] {logging_mixin.py:188} INFO - [2024-03-09T10:42:54.610+0000] {dagbag.py:540} INFO - Filling up the DagBag from /home/airflow/.local/lib/python3.8/site-packages/airflow/example_dags/example_short_circuit_decorator.py
[2024-03-09T10:42:54.622+0000] {processor.py:840} INFO - DAG(s) 'example_short_circuit_decorator' retrieved from /home/airflow/.local/lib/python3.8/site-packages/airflow/example_dags/example_short_circuit_decorator.py
[2024-03-09T10:42:54.650+0000] {logging_mixin.py:188} INFO - [2024-03-09T10:42:54.650+0000] {dag.py:3047} INFO - Sync 1 DAGs
[2024-03-09T10:42:54.673+0000] {logging_mixin.py:188} INFO - [2024-03-09T10:42:54.673+0000] {dag.py:3834} INFO - Setting next_dagrun for example_short_circuit_decorator to 2024-03-08 00:00:00+00:00, run_after=2024-03-09 00:00:00+00:00
[2024-03-09T10:42:54.696+0000] {processor.py:183} INFO - Processing /home/airflow/.local/lib/python3.8/site-packages/airflow/example_dags/example_short_circuit_decorator.py took 0.094 seconds
[2024-03-09T10:43:25.055+0000] {processor.py:161} INFO - Started process (PID=1464) to work on /home/airflow/.local/lib/python3.8/site-packages/airflow/example_dags/example_short_circuit_decorator.py
[2024-03-09T10:43:25.057+0000] {processor.py:830} INFO - Processing file /home/airflow/.local/lib/python3.8/site-packages/airflow/example_dags/example_short_circuit_decorator.py for tasks to queue
[2024-03-09T10:43:25.059+0000] {logging_mixin.py:188} INFO - [2024-03-09T10:43:25.059+0000] {dagbag.py:540} INFO - Filling up the DagBag from /home/airflow/.local/lib/python3.8/site-packages/airflow/example_dags/example_short_circuit_decorator.py
[2024-03-09T10:43:25.071+0000] {processor.py:840} INFO - DAG(s) 'example_short_circuit_decorator' retrieved from /home/airflow/.local/lib/python3.8/site-packages/airflow/example_dags/example_short_circuit_decorator.py
[2024-03-09T10:43:25.100+0000] {logging_mixin.py:188} INFO - [2024-03-09T10:43:25.099+0000] {dag.py:3047} INFO - Sync 1 DAGs
[2024-03-09T10:43:25.129+0000] {logging_mixin.py:188} INFO - [2024-03-09T10:43:25.129+0000] {dag.py:3834} INFO - Setting next_dagrun for example_short_circuit_decorator to 2024-03-08 00:00:00+00:00, run_after=2024-03-09 00:00:00+00:00
[2024-03-09T10:43:25.155+0000] {processor.py:183} INFO - Processing /home/airflow/.local/lib/python3.8/site-packages/airflow/example_dags/example_short_circuit_decorator.py took 0.103 seconds
[2024-03-09T10:43:55.528+0000] {processor.py:161} INFO - Started process (PID=1519) to work on /home/airflow/.local/lib/python3.8/site-packages/airflow/example_dags/example_short_circuit_decorator.py
[2024-03-09T10:43:55.530+0000] {processor.py:830} INFO - Processing file /home/airflow/.local/lib/python3.8/site-packages/airflow/example_dags/example_short_circuit_decorator.py for tasks to queue
[2024-03-09T10:43:55.531+0000] {logging_mixin.py:188} INFO - [2024-03-09T10:43:55.531+0000] {dagbag.py:540} INFO - Filling up the DagBag from /home/airflow/.local/lib/python3.8/site-packages/airflow/example_dags/example_short_circuit_decorator.py
[2024-03-09T10:43:55.540+0000] {processor.py:840} INFO - DAG(s) 'example_short_circuit_decorator' retrieved from /home/airflow/.local/lib/python3.8/site-packages/airflow/example_dags/example_short_circuit_decorator.py
[2024-03-09T10:43:55.567+0000] {logging_mixin.py:188} INFO - [2024-03-09T10:43:55.567+0000] {dag.py:3047} INFO - Sync 1 DAGs
[2024-03-09T10:43:55.594+0000] {logging_mixin.py:188} INFO - [2024-03-09T10:43:55.594+0000] {dag.py:3834} INFO - Setting next_dagrun for example_short_circuit_decorator to 2024-03-08 00:00:00+00:00, run_after=2024-03-09 00:00:00+00:00
[2024-03-09T10:43:55.624+0000] {processor.py:183} INFO - Processing /home/airflow/.local/lib/python3.8/site-packages/airflow/example_dags/example_short_circuit_decorator.py took 0.099 seconds
[2024-03-09T10:44:25.666+0000] {processor.py:161} INFO - Started process (PID=1574) to work on /home/airflow/.local/lib/python3.8/site-packages/airflow/example_dags/example_short_circuit_decorator.py
[2024-03-09T10:44:25.667+0000] {processor.py:830} INFO - Processing file /home/airflow/.local/lib/python3.8/site-packages/airflow/example_dags/example_short_circuit_decorator.py for tasks to queue
[2024-03-09T10:44:25.669+0000] {logging_mixin.py:188} INFO - [2024-03-09T10:44:25.669+0000] {dagbag.py:540} INFO - Filling up the DagBag from /home/airflow/.local/lib/python3.8/site-packages/airflow/example_dags/example_short_circuit_decorator.py
[2024-03-09T10:44:25.678+0000] {processor.py:840} INFO - DAG(s) 'example_short_circuit_decorator' retrieved from /home/airflow/.local/lib/python3.8/site-packages/airflow/example_dags/example_short_circuit_decorator.py
[2024-03-09T10:44:25.706+0000] {logging_mixin.py:188} INFO - [2024-03-09T10:44:25.706+0000] {dag.py:3047} INFO - Sync 1 DAGs
[2024-03-09T10:44:25.732+0000] {logging_mixin.py:188} INFO - [2024-03-09T10:44:25.732+0000] {dag.py:3834} INFO - Setting next_dagrun for example_short_circuit_decorator to 2024-03-08 00:00:00+00:00, run_after=2024-03-09 00:00:00+00:00
[2024-03-09T10:44:25.778+0000] {processor.py:183} INFO - Processing /home/airflow/.local/lib/python3.8/site-packages/airflow/example_dags/example_short_circuit_decorator.py took 0.115 seconds
[2024-03-09T10:44:55.938+0000] {processor.py:161} INFO - Started process (PID=1630) to work on /home/airflow/.local/lib/python3.8/site-packages/airflow/example_dags/example_short_circuit_decorator.py
[2024-03-09T10:44:55.940+0000] {processor.py:830} INFO - Processing file /home/airflow/.local/lib/python3.8/site-packages/airflow/example_dags/example_short_circuit_decorator.py for tasks to queue
[2024-03-09T10:44:55.943+0000] {logging_mixin.py:188} INFO - [2024-03-09T10:44:55.942+0000] {dagbag.py:540} INFO - Filling up the DagBag from /home/airflow/.local/lib/python3.8/site-packages/airflow/example_dags/example_short_circuit_decorator.py
[2024-03-09T10:44:55.953+0000] {processor.py:840} INFO - DAG(s) 'example_short_circuit_decorator' retrieved from /home/airflow/.local/lib/python3.8/site-packages/airflow/example_dags/example_short_circuit_decorator.py
[2024-03-09T10:44:55.983+0000] {logging_mixin.py:188} INFO - [2024-03-09T10:44:55.982+0000] {dag.py:3047} INFO - Sync 1 DAGs
[2024-03-09T10:44:56.014+0000] {logging_mixin.py:188} INFO - [2024-03-09T10:44:56.014+0000] {dag.py:3834} INFO - Setting next_dagrun for example_short_circuit_decorator to 2024-03-08 00:00:00+00:00, run_after=2024-03-09 00:00:00+00:00
[2024-03-09T10:44:56.042+0000] {processor.py:183} INFO - Processing /home/airflow/.local/lib/python3.8/site-packages/airflow/example_dags/example_short_circuit_decorator.py took 0.107 seconds
[2024-03-09T10:45:26.935+0000] {processor.py:161} INFO - Started process (PID=1684) to work on /home/airflow/.local/lib/python3.8/site-packages/airflow/example_dags/example_short_circuit_decorator.py
[2024-03-09T10:45:26.937+0000] {processor.py:830} INFO - Processing file /home/airflow/.local/lib/python3.8/site-packages/airflow/example_dags/example_short_circuit_decorator.py for tasks to queue
[2024-03-09T10:45:26.940+0000] {logging_mixin.py:188} INFO - [2024-03-09T10:45:26.940+0000] {dagbag.py:540} INFO - Filling up the DagBag from /home/airflow/.local/lib/python3.8/site-packages/airflow/example_dags/example_short_circuit_decorator.py
[2024-03-09T10:45:26.956+0000] {processor.py:840} INFO - DAG(s) 'example_short_circuit_decorator' retrieved from /home/airflow/.local/lib/python3.8/site-packages/airflow/example_dags/example_short_circuit_decorator.py
[2024-03-09T10:45:26.991+0000] {logging_mixin.py:188} INFO - [2024-03-09T10:45:26.991+0000] {dag.py:3047} INFO - Sync 1 DAGs
[2024-03-09T10:45:27.039+0000] {logging_mixin.py:188} INFO - [2024-03-09T10:45:27.039+0000] {dag.py:3834} INFO - Setting next_dagrun for example_short_circuit_decorator to 2024-03-08 00:00:00+00:00, run_after=2024-03-09 00:00:00+00:00
[2024-03-09T10:45:27.095+0000] {processor.py:183} INFO - Processing /home/airflow/.local/lib/python3.8/site-packages/airflow/example_dags/example_short_circuit_decorator.py took 0.165 seconds
[2024-03-09T10:45:57.269+0000] {processor.py:161} INFO - Started process (PID=1739) to work on /home/airflow/.local/lib/python3.8/site-packages/airflow/example_dags/example_short_circuit_decorator.py
[2024-03-09T10:45:57.273+0000] {processor.py:830} INFO - Processing file /home/airflow/.local/lib/python3.8/site-packages/airflow/example_dags/example_short_circuit_decorator.py for tasks to queue
[2024-03-09T10:45:57.276+0000] {logging_mixin.py:188} INFO - [2024-03-09T10:45:57.275+0000] {dagbag.py:540} INFO - Filling up the DagBag from /home/airflow/.local/lib/python3.8/site-packages/airflow/example_dags/example_short_circuit_decorator.py
[2024-03-09T10:45:57.293+0000] {processor.py:840} INFO - DAG(s) 'example_short_circuit_decorator' retrieved from /home/airflow/.local/lib/python3.8/site-packages/airflow/example_dags/example_short_circuit_decorator.py
[2024-03-09T10:45:57.339+0000] {logging_mixin.py:188} INFO - [2024-03-09T10:45:57.338+0000] {dag.py:3047} INFO - Sync 1 DAGs
[2024-03-09T10:45:57.396+0000] {logging_mixin.py:188} INFO - [2024-03-09T10:45:57.396+0000] {dag.py:3834} INFO - Setting next_dagrun for example_short_circuit_decorator to 2024-03-08 00:00:00+00:00, run_after=2024-03-09 00:00:00+00:00
[2024-03-09T10:45:57.434+0000] {processor.py:183} INFO - Processing /home/airflow/.local/lib/python3.8/site-packages/airflow/example_dags/example_short_circuit_decorator.py took 0.171 seconds
