[2024-03-09T10:30:33.117+0000] {processor.py:161} INFO - Started process (PID=49) to work on /home/airflow/.local/lib/python3.8/site-packages/airflow/example_dags/example_bash_operator.py
[2024-03-09T10:30:33.119+0000] {processor.py:830} INFO - Processing file /home/airflow/.local/lib/python3.8/site-packages/airflow/example_dags/example_bash_operator.py for tasks to queue
[2024-03-09T10:30:33.122+0000] {logging_mixin.py:188} INFO - [2024-03-09T10:30:33.122+0000] {dagbag.py:540} INFO - Filling up the DagBag from /home/airflow/.local/lib/python3.8/site-packages/airflow/example_dags/example_bash_operator.py
[2024-03-09T10:30:33.141+0000] {processor.py:840} INFO - DAG(s) 'example_bash_operator' retrieved from /home/airflow/.local/lib/python3.8/site-packages/airflow/example_dags/example_bash_operator.py
[2024-03-09T10:30:33.397+0000] {logging_mixin.py:188} INFO - [2024-03-09T10:30:33.397+0000] {dag.py:3047} INFO - Sync 1 DAGs
[2024-03-09T10:30:33.447+0000] {logging_mixin.py:188} INFO - [2024-03-09T10:30:33.447+0000] {dag.py:3834} INFO - Setting next_dagrun for example_bash_operator to 2024-03-08 00:00:00+00:00, run_after=2024-03-09 00:00:00+00:00
[2024-03-09T10:30:33.490+0000] {processor.py:183} INFO - Processing /home/airflow/.local/lib/python3.8/site-packages/airflow/example_dags/example_bash_operator.py took 0.378 seconds
[2024-03-09T10:31:04.299+0000] {processor.py:161} INFO - Started process (PID=104) to work on /home/airflow/.local/lib/python3.8/site-packages/airflow/example_dags/example_bash_operator.py
[2024-03-09T10:31:04.301+0000] {processor.py:830} INFO - Processing file /home/airflow/.local/lib/python3.8/site-packages/airflow/example_dags/example_bash_operator.py for tasks to queue
[2024-03-09T10:31:04.304+0000] {logging_mixin.py:188} INFO - [2024-03-09T10:31:04.303+0000] {dagbag.py:540} INFO - Filling up the DagBag from /home/airflow/.local/lib/python3.8/site-packages/airflow/example_dags/example_bash_operator.py
[2024-03-09T10:31:04.322+0000] {processor.py:840} INFO - DAG(s) 'example_bash_operator' retrieved from /home/airflow/.local/lib/python3.8/site-packages/airflow/example_dags/example_bash_operator.py
[2024-03-09T10:31:04.375+0000] {logging_mixin.py:188} INFO - [2024-03-09T10:31:04.375+0000] {dag.py:3047} INFO - Sync 1 DAGs
[2024-03-09T10:31:04.412+0000] {logging_mixin.py:188} INFO - [2024-03-09T10:31:04.411+0000] {dag.py:3834} INFO - Setting next_dagrun for example_bash_operator to 2024-03-08 00:00:00+00:00, run_after=2024-03-09 00:00:00+00:00
[2024-03-09T10:31:04.445+0000] {processor.py:183} INFO - Processing /home/airflow/.local/lib/python3.8/site-packages/airflow/example_dags/example_bash_operator.py took 0.150 seconds
[2024-03-09T10:31:34.531+0000] {processor.py:161} INFO - Started process (PID=159) to work on /home/airflow/.local/lib/python3.8/site-packages/airflow/example_dags/example_bash_operator.py
[2024-03-09T10:31:34.532+0000] {processor.py:830} INFO - Processing file /home/airflow/.local/lib/python3.8/site-packages/airflow/example_dags/example_bash_operator.py for tasks to queue
[2024-03-09T10:31:34.534+0000] {logging_mixin.py:188} INFO - [2024-03-09T10:31:34.534+0000] {dagbag.py:540} INFO - Filling up the DagBag from /home/airflow/.local/lib/python3.8/site-packages/airflow/example_dags/example_bash_operator.py
[2024-03-09T10:31:34.549+0000] {processor.py:840} INFO - DAG(s) 'example_bash_operator' retrieved from /home/airflow/.local/lib/python3.8/site-packages/airflow/example_dags/example_bash_operator.py
[2024-03-09T10:31:34.587+0000] {logging_mixin.py:188} INFO - [2024-03-09T10:31:34.587+0000] {dag.py:3047} INFO - Sync 1 DAGs
[2024-03-09T10:31:34.624+0000] {logging_mixin.py:188} INFO - [2024-03-09T10:31:34.623+0000] {dag.py:3834} INFO - Setting next_dagrun for example_bash_operator to 2024-03-08 00:00:00+00:00, run_after=2024-03-09 00:00:00+00:00
[2024-03-09T10:31:34.659+0000] {processor.py:183} INFO - Processing /home/airflow/.local/lib/python3.8/site-packages/airflow/example_dags/example_bash_operator.py took 0.132 seconds
[2024-03-09T10:32:04.745+0000] {processor.py:161} INFO - Started process (PID=214) to work on /home/airflow/.local/lib/python3.8/site-packages/airflow/example_dags/example_bash_operator.py
[2024-03-09T10:32:04.746+0000] {processor.py:830} INFO - Processing file /home/airflow/.local/lib/python3.8/site-packages/airflow/example_dags/example_bash_operator.py for tasks to queue
[2024-03-09T10:32:04.748+0000] {logging_mixin.py:188} INFO - [2024-03-09T10:32:04.748+0000] {dagbag.py:540} INFO - Filling up the DagBag from /home/airflow/.local/lib/python3.8/site-packages/airflow/example_dags/example_bash_operator.py
[2024-03-09T10:32:04.764+0000] {processor.py:840} INFO - DAG(s) 'example_bash_operator' retrieved from /home/airflow/.local/lib/python3.8/site-packages/airflow/example_dags/example_bash_operator.py
[2024-03-09T10:32:04.806+0000] {logging_mixin.py:188} INFO - [2024-03-09T10:32:04.806+0000] {dag.py:3047} INFO - Sync 1 DAGs
[2024-03-09T10:32:04.835+0000] {logging_mixin.py:188} INFO - [2024-03-09T10:32:04.834+0000] {dag.py:3834} INFO - Setting next_dagrun for example_bash_operator to 2024-03-08 00:00:00+00:00, run_after=2024-03-09 00:00:00+00:00
[2024-03-09T10:32:04.866+0000] {processor.py:183} INFO - Processing /home/airflow/.local/lib/python3.8/site-packages/airflow/example_dags/example_bash_operator.py took 0.124 seconds
[2024-03-09T10:32:35.718+0000] {processor.py:161} INFO - Started process (PID=269) to work on /home/airflow/.local/lib/python3.8/site-packages/airflow/example_dags/example_bash_operator.py
[2024-03-09T10:32:35.720+0000] {processor.py:830} INFO - Processing file /home/airflow/.local/lib/python3.8/site-packages/airflow/example_dags/example_bash_operator.py for tasks to queue
[2024-03-09T10:32:35.724+0000] {logging_mixin.py:188} INFO - [2024-03-09T10:32:35.723+0000] {dagbag.py:540} INFO - Filling up the DagBag from /home/airflow/.local/lib/python3.8/site-packages/airflow/example_dags/example_bash_operator.py
[2024-03-09T10:32:35.738+0000] {processor.py:840} INFO - DAG(s) 'example_bash_operator' retrieved from /home/airflow/.local/lib/python3.8/site-packages/airflow/example_dags/example_bash_operator.py
[2024-03-09T10:32:35.775+0000] {logging_mixin.py:188} INFO - [2024-03-09T10:32:35.774+0000] {dag.py:3047} INFO - Sync 1 DAGs
[2024-03-09T10:32:35.801+0000] {logging_mixin.py:188} INFO - [2024-03-09T10:32:35.800+0000] {dag.py:3834} INFO - Setting next_dagrun for example_bash_operator to 2024-03-08 00:00:00+00:00, run_after=2024-03-09 00:00:00+00:00
[2024-03-09T10:32:35.825+0000] {processor.py:183} INFO - Processing /home/airflow/.local/lib/python3.8/site-packages/airflow/example_dags/example_bash_operator.py took 0.110 seconds
[2024-03-09T10:33:06.071+0000] {processor.py:161} INFO - Started process (PID=325) to work on /home/airflow/.local/lib/python3.8/site-packages/airflow/example_dags/example_bash_operator.py
[2024-03-09T10:33:06.073+0000] {processor.py:830} INFO - Processing file /home/airflow/.local/lib/python3.8/site-packages/airflow/example_dags/example_bash_operator.py for tasks to queue
[2024-03-09T10:33:06.074+0000] {logging_mixin.py:188} INFO - [2024-03-09T10:33:06.074+0000] {dagbag.py:540} INFO - Filling up the DagBag from /home/airflow/.local/lib/python3.8/site-packages/airflow/example_dags/example_bash_operator.py
[2024-03-09T10:33:06.086+0000] {processor.py:840} INFO - DAG(s) 'example_bash_operator' retrieved from /home/airflow/.local/lib/python3.8/site-packages/airflow/example_dags/example_bash_operator.py
[2024-03-09T10:33:06.117+0000] {logging_mixin.py:188} INFO - [2024-03-09T10:33:06.117+0000] {dag.py:3047} INFO - Sync 1 DAGs
[2024-03-09T10:33:06.144+0000] {logging_mixin.py:188} INFO - [2024-03-09T10:33:06.144+0000] {dag.py:3834} INFO - Setting next_dagrun for example_bash_operator to 2024-03-08 00:00:00+00:00, run_after=2024-03-09 00:00:00+00:00
[2024-03-09T10:33:06.176+0000] {processor.py:183} INFO - Processing /home/airflow/.local/lib/python3.8/site-packages/airflow/example_dags/example_bash_operator.py took 0.108 seconds
[2024-03-09T10:33:36.228+0000] {processor.py:161} INFO - Started process (PID=380) to work on /home/airflow/.local/lib/python3.8/site-packages/airflow/example_dags/example_bash_operator.py
[2024-03-09T10:33:36.229+0000] {processor.py:830} INFO - Processing file /home/airflow/.local/lib/python3.8/site-packages/airflow/example_dags/example_bash_operator.py for tasks to queue
[2024-03-09T10:33:36.231+0000] {logging_mixin.py:188} INFO - [2024-03-09T10:33:36.230+0000] {dagbag.py:540} INFO - Filling up the DagBag from /home/airflow/.local/lib/python3.8/site-packages/airflow/example_dags/example_bash_operator.py
[2024-03-09T10:33:36.243+0000] {processor.py:840} INFO - DAG(s) 'example_bash_operator' retrieved from /home/airflow/.local/lib/python3.8/site-packages/airflow/example_dags/example_bash_operator.py
[2024-03-09T10:33:36.279+0000] {logging_mixin.py:188} INFO - [2024-03-09T10:33:36.279+0000] {dag.py:3047} INFO - Sync 1 DAGs
[2024-03-09T10:33:36.308+0000] {logging_mixin.py:188} INFO - [2024-03-09T10:33:36.308+0000] {dag.py:3834} INFO - Setting next_dagrun for example_bash_operator to 2024-03-08 00:00:00+00:00, run_after=2024-03-09 00:00:00+00:00
[2024-03-09T10:33:36.340+0000] {processor.py:183} INFO - Processing /home/airflow/.local/lib/python3.8/site-packages/airflow/example_dags/example_bash_operator.py took 0.116 seconds
[2024-03-09T10:34:06.776+0000] {processor.py:161} INFO - Started process (PID=434) to work on /home/airflow/.local/lib/python3.8/site-packages/airflow/example_dags/example_bash_operator.py
[2024-03-09T10:34:06.777+0000] {processor.py:830} INFO - Processing file /home/airflow/.local/lib/python3.8/site-packages/airflow/example_dags/example_bash_operator.py for tasks to queue
[2024-03-09T10:34:06.779+0000] {logging_mixin.py:188} INFO - [2024-03-09T10:34:06.778+0000] {dagbag.py:540} INFO - Filling up the DagBag from /home/airflow/.local/lib/python3.8/site-packages/airflow/example_dags/example_bash_operator.py
[2024-03-09T10:34:06.790+0000] {processor.py:840} INFO - DAG(s) 'example_bash_operator' retrieved from /home/airflow/.local/lib/python3.8/site-packages/airflow/example_dags/example_bash_operator.py
[2024-03-09T10:34:06.823+0000] {logging_mixin.py:188} INFO - [2024-03-09T10:34:06.823+0000] {dag.py:3047} INFO - Sync 1 DAGs
[2024-03-09T10:34:06.858+0000] {logging_mixin.py:188} INFO - [2024-03-09T10:34:06.858+0000] {dag.py:3834} INFO - Setting next_dagrun for example_bash_operator to 2024-03-08 00:00:00+00:00, run_after=2024-03-09 00:00:00+00:00
[2024-03-09T10:34:06.888+0000] {processor.py:183} INFO - Processing /home/airflow/.local/lib/python3.8/site-packages/airflow/example_dags/example_bash_operator.py took 0.116 seconds
[2024-03-09T10:34:37.030+0000] {processor.py:161} INFO - Started process (PID=489) to work on /home/airflow/.local/lib/python3.8/site-packages/airflow/example_dags/example_bash_operator.py
[2024-03-09T10:34:37.032+0000] {processor.py:830} INFO - Processing file /home/airflow/.local/lib/python3.8/site-packages/airflow/example_dags/example_bash_operator.py for tasks to queue
[2024-03-09T10:34:37.037+0000] {logging_mixin.py:188} INFO - [2024-03-09T10:34:37.036+0000] {dagbag.py:540} INFO - Filling up the DagBag from /home/airflow/.local/lib/python3.8/site-packages/airflow/example_dags/example_bash_operator.py
[2024-03-09T10:34:37.050+0000] {processor.py:840} INFO - DAG(s) 'example_bash_operator' retrieved from /home/airflow/.local/lib/python3.8/site-packages/airflow/example_dags/example_bash_operator.py
[2024-03-09T10:34:37.089+0000] {logging_mixin.py:188} INFO - [2024-03-09T10:34:37.089+0000] {dag.py:3047} INFO - Sync 1 DAGs
[2024-03-09T10:34:37.114+0000] {logging_mixin.py:188} INFO - [2024-03-09T10:34:37.113+0000] {dag.py:3834} INFO - Setting next_dagrun for example_bash_operator to 2024-03-08 00:00:00+00:00, run_after=2024-03-09 00:00:00+00:00
[2024-03-09T10:34:37.139+0000] {processor.py:183} INFO - Processing /home/airflow/.local/lib/python3.8/site-packages/airflow/example_dags/example_bash_operator.py took 0.115 seconds
[2024-03-09T10:35:07.430+0000] {processor.py:161} INFO - Started process (PID=544) to work on /home/airflow/.local/lib/python3.8/site-packages/airflow/example_dags/example_bash_operator.py
[2024-03-09T10:35:07.431+0000] {processor.py:830} INFO - Processing file /home/airflow/.local/lib/python3.8/site-packages/airflow/example_dags/example_bash_operator.py for tasks to queue
[2024-03-09T10:35:07.434+0000] {logging_mixin.py:188} INFO - [2024-03-09T10:35:07.433+0000] {dagbag.py:540} INFO - Filling up the DagBag from /home/airflow/.local/lib/python3.8/site-packages/airflow/example_dags/example_bash_operator.py
[2024-03-09T10:35:07.444+0000] {processor.py:840} INFO - DAG(s) 'example_bash_operator' retrieved from /home/airflow/.local/lib/python3.8/site-packages/airflow/example_dags/example_bash_operator.py
[2024-03-09T10:35:07.475+0000] {logging_mixin.py:188} INFO - [2024-03-09T10:35:07.475+0000] {dag.py:3047} INFO - Sync 1 DAGs
[2024-03-09T10:35:07.501+0000] {logging_mixin.py:188} INFO - [2024-03-09T10:35:07.500+0000] {dag.py:3834} INFO - Setting next_dagrun for example_bash_operator to 2024-03-08 00:00:00+00:00, run_after=2024-03-09 00:00:00+00:00
[2024-03-09T10:35:07.525+0000] {processor.py:183} INFO - Processing /home/airflow/.local/lib/python3.8/site-packages/airflow/example_dags/example_bash_operator.py took 0.098 seconds
[2024-03-09T10:35:37.798+0000] {processor.py:161} INFO - Started process (PID=599) to work on /home/airflow/.local/lib/python3.8/site-packages/airflow/example_dags/example_bash_operator.py
[2024-03-09T10:35:37.799+0000] {processor.py:830} INFO - Processing file /home/airflow/.local/lib/python3.8/site-packages/airflow/example_dags/example_bash_operator.py for tasks to queue
[2024-03-09T10:35:37.800+0000] {logging_mixin.py:188} INFO - [2024-03-09T10:35:37.800+0000] {dagbag.py:540} INFO - Filling up the DagBag from /home/airflow/.local/lib/python3.8/site-packages/airflow/example_dags/example_bash_operator.py
[2024-03-09T10:35:37.813+0000] {processor.py:840} INFO - DAG(s) 'example_bash_operator' retrieved from /home/airflow/.local/lib/python3.8/site-packages/airflow/example_dags/example_bash_operator.py
[2024-03-09T10:35:37.844+0000] {logging_mixin.py:188} INFO - [2024-03-09T10:35:37.843+0000] {dag.py:3047} INFO - Sync 1 DAGs
[2024-03-09T10:35:37.873+0000] {logging_mixin.py:188} INFO - [2024-03-09T10:35:37.873+0000] {dag.py:3834} INFO - Setting next_dagrun for example_bash_operator to 2024-03-08 00:00:00+00:00, run_after=2024-03-09 00:00:00+00:00
[2024-03-09T10:35:37.909+0000] {processor.py:183} INFO - Processing /home/airflow/.local/lib/python3.8/site-packages/airflow/example_dags/example_bash_operator.py took 0.115 seconds
[2024-03-09T10:36:08.214+0000] {processor.py:161} INFO - Started process (PID=654) to work on /home/airflow/.local/lib/python3.8/site-packages/airflow/example_dags/example_bash_operator.py
[2024-03-09T10:36:08.215+0000] {processor.py:830} INFO - Processing file /home/airflow/.local/lib/python3.8/site-packages/airflow/example_dags/example_bash_operator.py for tasks to queue
[2024-03-09T10:36:08.218+0000] {logging_mixin.py:188} INFO - [2024-03-09T10:36:08.217+0000] {dagbag.py:540} INFO - Filling up the DagBag from /home/airflow/.local/lib/python3.8/site-packages/airflow/example_dags/example_bash_operator.py
[2024-03-09T10:36:08.234+0000] {processor.py:840} INFO - DAG(s) 'example_bash_operator' retrieved from /home/airflow/.local/lib/python3.8/site-packages/airflow/example_dags/example_bash_operator.py
[2024-03-09T10:36:08.267+0000] {logging_mixin.py:188} INFO - [2024-03-09T10:36:08.267+0000] {dag.py:3047} INFO - Sync 1 DAGs
[2024-03-09T10:36:08.295+0000] {logging_mixin.py:188} INFO - [2024-03-09T10:36:08.295+0000] {dag.py:3834} INFO - Setting next_dagrun for example_bash_operator to 2024-03-08 00:00:00+00:00, run_after=2024-03-09 00:00:00+00:00
[2024-03-09T10:36:08.321+0000] {processor.py:183} INFO - Processing /home/airflow/.local/lib/python3.8/site-packages/airflow/example_dags/example_bash_operator.py took 0.111 seconds
[2024-03-09T10:36:38.605+0000] {processor.py:161} INFO - Started process (PID=709) to work on /home/airflow/.local/lib/python3.8/site-packages/airflow/example_dags/example_bash_operator.py
[2024-03-09T10:36:38.607+0000] {processor.py:830} INFO - Processing file /home/airflow/.local/lib/python3.8/site-packages/airflow/example_dags/example_bash_operator.py for tasks to queue
[2024-03-09T10:36:38.609+0000] {logging_mixin.py:188} INFO - [2024-03-09T10:36:38.609+0000] {dagbag.py:540} INFO - Filling up the DagBag from /home/airflow/.local/lib/python3.8/site-packages/airflow/example_dags/example_bash_operator.py
[2024-03-09T10:36:38.621+0000] {processor.py:840} INFO - DAG(s) 'example_bash_operator' retrieved from /home/airflow/.local/lib/python3.8/site-packages/airflow/example_dags/example_bash_operator.py
[2024-03-09T10:36:38.654+0000] {logging_mixin.py:188} INFO - [2024-03-09T10:36:38.653+0000] {dag.py:3047} INFO - Sync 1 DAGs
[2024-03-09T10:36:38.681+0000] {logging_mixin.py:188} INFO - [2024-03-09T10:36:38.681+0000] {dag.py:3834} INFO - Setting next_dagrun for example_bash_operator to 2024-03-08 00:00:00+00:00, run_after=2024-03-09 00:00:00+00:00
[2024-03-09T10:36:38.711+0000] {processor.py:183} INFO - Processing /home/airflow/.local/lib/python3.8/site-packages/airflow/example_dags/example_bash_operator.py took 0.108 seconds
[2024-03-09T10:37:09.260+0000] {processor.py:161} INFO - Started process (PID=764) to work on /home/airflow/.local/lib/python3.8/site-packages/airflow/example_dags/example_bash_operator.py
[2024-03-09T10:37:09.261+0000] {processor.py:830} INFO - Processing file /home/airflow/.local/lib/python3.8/site-packages/airflow/example_dags/example_bash_operator.py for tasks to queue
[2024-03-09T10:37:09.262+0000] {logging_mixin.py:188} INFO - [2024-03-09T10:37:09.262+0000] {dagbag.py:540} INFO - Filling up the DagBag from /home/airflow/.local/lib/python3.8/site-packages/airflow/example_dags/example_bash_operator.py
[2024-03-09T10:37:09.273+0000] {processor.py:840} INFO - DAG(s) 'example_bash_operator' retrieved from /home/airflow/.local/lib/python3.8/site-packages/airflow/example_dags/example_bash_operator.py
[2024-03-09T10:37:09.308+0000] {logging_mixin.py:188} INFO - [2024-03-09T10:37:09.307+0000] {dag.py:3047} INFO - Sync 1 DAGs
[2024-03-09T10:37:09.332+0000] {logging_mixin.py:188} INFO - [2024-03-09T10:37:09.331+0000] {dag.py:3834} INFO - Setting next_dagrun for example_bash_operator to 2024-03-08 00:00:00+00:00, run_after=2024-03-09 00:00:00+00:00
[2024-03-09T10:37:09.361+0000] {processor.py:183} INFO - Processing /home/airflow/.local/lib/python3.8/site-packages/airflow/example_dags/example_bash_operator.py took 0.105 seconds
[2024-03-09T10:37:39.836+0000] {processor.py:161} INFO - Started process (PID=819) to work on /home/airflow/.local/lib/python3.8/site-packages/airflow/example_dags/example_bash_operator.py
[2024-03-09T10:37:39.837+0000] {processor.py:830} INFO - Processing file /home/airflow/.local/lib/python3.8/site-packages/airflow/example_dags/example_bash_operator.py for tasks to queue
[2024-03-09T10:37:39.839+0000] {logging_mixin.py:188} INFO - [2024-03-09T10:37:39.839+0000] {dagbag.py:540} INFO - Filling up the DagBag from /home/airflow/.local/lib/python3.8/site-packages/airflow/example_dags/example_bash_operator.py
[2024-03-09T10:37:39.850+0000] {processor.py:840} INFO - DAG(s) 'example_bash_operator' retrieved from /home/airflow/.local/lib/python3.8/site-packages/airflow/example_dags/example_bash_operator.py
[2024-03-09T10:37:39.890+0000] {logging_mixin.py:188} INFO - [2024-03-09T10:37:39.890+0000] {dag.py:3047} INFO - Sync 1 DAGs
[2024-03-09T10:37:39.922+0000] {logging_mixin.py:188} INFO - [2024-03-09T10:37:39.922+0000] {dag.py:3834} INFO - Setting next_dagrun for example_bash_operator to 2024-03-08 00:00:00+00:00, run_after=2024-03-09 00:00:00+00:00
[2024-03-09T10:37:39.954+0000] {processor.py:183} INFO - Processing /home/airflow/.local/lib/python3.8/site-packages/airflow/example_dags/example_bash_operator.py took 0.121 seconds
[2024-03-09T10:38:10.336+0000] {processor.py:161} INFO - Started process (PID=874) to work on /home/airflow/.local/lib/python3.8/site-packages/airflow/example_dags/example_bash_operator.py
[2024-03-09T10:38:10.337+0000] {processor.py:830} INFO - Processing file /home/airflow/.local/lib/python3.8/site-packages/airflow/example_dags/example_bash_operator.py for tasks to queue
[2024-03-09T10:38:10.339+0000] {logging_mixin.py:188} INFO - [2024-03-09T10:38:10.339+0000] {dagbag.py:540} INFO - Filling up the DagBag from /home/airflow/.local/lib/python3.8/site-packages/airflow/example_dags/example_bash_operator.py
[2024-03-09T10:38:10.353+0000] {processor.py:840} INFO - DAG(s) 'example_bash_operator' retrieved from /home/airflow/.local/lib/python3.8/site-packages/airflow/example_dags/example_bash_operator.py
[2024-03-09T10:38:10.390+0000] {logging_mixin.py:188} INFO - [2024-03-09T10:38:10.389+0000] {dag.py:3047} INFO - Sync 1 DAGs
[2024-03-09T10:38:10.418+0000] {logging_mixin.py:188} INFO - [2024-03-09T10:38:10.418+0000] {dag.py:3834} INFO - Setting next_dagrun for example_bash_operator to 2024-03-08 00:00:00+00:00, run_after=2024-03-09 00:00:00+00:00
[2024-03-09T10:38:10.445+0000] {processor.py:183} INFO - Processing /home/airflow/.local/lib/python3.8/site-packages/airflow/example_dags/example_bash_operator.py took 0.113 seconds
[2024-03-09T10:38:40.488+0000] {processor.py:161} INFO - Started process (PID=929) to work on /home/airflow/.local/lib/python3.8/site-packages/airflow/example_dags/example_bash_operator.py
[2024-03-09T10:38:40.489+0000] {processor.py:830} INFO - Processing file /home/airflow/.local/lib/python3.8/site-packages/airflow/example_dags/example_bash_operator.py for tasks to queue
[2024-03-09T10:38:40.490+0000] {logging_mixin.py:188} INFO - [2024-03-09T10:38:40.490+0000] {dagbag.py:540} INFO - Filling up the DagBag from /home/airflow/.local/lib/python3.8/site-packages/airflow/example_dags/example_bash_operator.py
[2024-03-09T10:38:40.501+0000] {processor.py:840} INFO - DAG(s) 'example_bash_operator' retrieved from /home/airflow/.local/lib/python3.8/site-packages/airflow/example_dags/example_bash_operator.py
[2024-03-09T10:38:40.541+0000] {logging_mixin.py:188} INFO - [2024-03-09T10:38:40.540+0000] {dag.py:3047} INFO - Sync 1 DAGs
[2024-03-09T10:38:40.570+0000] {logging_mixin.py:188} INFO - [2024-03-09T10:38:40.570+0000] {dag.py:3834} INFO - Setting next_dagrun for example_bash_operator to 2024-03-08 00:00:00+00:00, run_after=2024-03-09 00:00:00+00:00
[2024-03-09T10:38:40.616+0000] {processor.py:183} INFO - Processing /home/airflow/.local/lib/python3.8/site-packages/airflow/example_dags/example_bash_operator.py took 0.132 seconds
[2024-03-09T10:39:10.880+0000] {processor.py:161} INFO - Started process (PID=984) to work on /home/airflow/.local/lib/python3.8/site-packages/airflow/example_dags/example_bash_operator.py
[2024-03-09T10:39:10.882+0000] {processor.py:830} INFO - Processing file /home/airflow/.local/lib/python3.8/site-packages/airflow/example_dags/example_bash_operator.py for tasks to queue
[2024-03-09T10:39:10.883+0000] {logging_mixin.py:188} INFO - [2024-03-09T10:39:10.883+0000] {dagbag.py:540} INFO - Filling up the DagBag from /home/airflow/.local/lib/python3.8/site-packages/airflow/example_dags/example_bash_operator.py
[2024-03-09T10:39:10.896+0000] {processor.py:840} INFO - DAG(s) 'example_bash_operator' retrieved from /home/airflow/.local/lib/python3.8/site-packages/airflow/example_dags/example_bash_operator.py
[2024-03-09T10:39:10.929+0000] {logging_mixin.py:188} INFO - [2024-03-09T10:39:10.929+0000] {dag.py:3047} INFO - Sync 1 DAGs
[2024-03-09T10:39:10.954+0000] {logging_mixin.py:188} INFO - [2024-03-09T10:39:10.954+0000] {dag.py:3834} INFO - Setting next_dagrun for example_bash_operator to 2024-03-08 00:00:00+00:00, run_after=2024-03-09 00:00:00+00:00
[2024-03-09T10:39:10.993+0000] {processor.py:183} INFO - Processing /home/airflow/.local/lib/python3.8/site-packages/airflow/example_dags/example_bash_operator.py took 0.117 seconds
[2024-03-09T10:39:41.363+0000] {processor.py:161} INFO - Started process (PID=1039) to work on /home/airflow/.local/lib/python3.8/site-packages/airflow/example_dags/example_bash_operator.py
[2024-03-09T10:39:41.364+0000] {processor.py:830} INFO - Processing file /home/airflow/.local/lib/python3.8/site-packages/airflow/example_dags/example_bash_operator.py for tasks to queue
[2024-03-09T10:39:41.366+0000] {logging_mixin.py:188} INFO - [2024-03-09T10:39:41.366+0000] {dagbag.py:540} INFO - Filling up the DagBag from /home/airflow/.local/lib/python3.8/site-packages/airflow/example_dags/example_bash_operator.py
[2024-03-09T10:39:41.378+0000] {processor.py:840} INFO - DAG(s) 'example_bash_operator' retrieved from /home/airflow/.local/lib/python3.8/site-packages/airflow/example_dags/example_bash_operator.py
[2024-03-09T10:39:41.413+0000] {logging_mixin.py:188} INFO - [2024-03-09T10:39:41.413+0000] {dag.py:3047} INFO - Sync 1 DAGs
[2024-03-09T10:39:41.439+0000] {logging_mixin.py:188} INFO - [2024-03-09T10:39:41.439+0000] {dag.py:3834} INFO - Setting next_dagrun for example_bash_operator to 2024-03-08 00:00:00+00:00, run_after=2024-03-09 00:00:00+00:00
[2024-03-09T10:39:41.465+0000] {processor.py:183} INFO - Processing /home/airflow/.local/lib/python3.8/site-packages/airflow/example_dags/example_bash_operator.py took 0.105 seconds
[2024-03-09T10:40:11.659+0000] {processor.py:161} INFO - Started process (PID=1094) to work on /home/airflow/.local/lib/python3.8/site-packages/airflow/example_dags/example_bash_operator.py
[2024-03-09T10:40:11.660+0000] {processor.py:830} INFO - Processing file /home/airflow/.local/lib/python3.8/site-packages/airflow/example_dags/example_bash_operator.py for tasks to queue
[2024-03-09T10:40:11.662+0000] {logging_mixin.py:188} INFO - [2024-03-09T10:40:11.662+0000] {dagbag.py:540} INFO - Filling up the DagBag from /home/airflow/.local/lib/python3.8/site-packages/airflow/example_dags/example_bash_operator.py
[2024-03-09T10:40:11.673+0000] {processor.py:840} INFO - DAG(s) 'example_bash_operator' retrieved from /home/airflow/.local/lib/python3.8/site-packages/airflow/example_dags/example_bash_operator.py
[2024-03-09T10:40:11.705+0000] {logging_mixin.py:188} INFO - [2024-03-09T10:40:11.705+0000] {dag.py:3047} INFO - Sync 1 DAGs
[2024-03-09T10:40:11.727+0000] {logging_mixin.py:188} INFO - [2024-03-09T10:40:11.727+0000] {dag.py:3834} INFO - Setting next_dagrun for example_bash_operator to 2024-03-08 00:00:00+00:00, run_after=2024-03-09 00:00:00+00:00
[2024-03-09T10:40:11.749+0000] {processor.py:183} INFO - Processing /home/airflow/.local/lib/python3.8/site-packages/airflow/example_dags/example_bash_operator.py took 0.093 seconds
[2024-03-09T10:40:42.197+0000] {processor.py:161} INFO - Started process (PID=1149) to work on /home/airflow/.local/lib/python3.8/site-packages/airflow/example_dags/example_bash_operator.py
[2024-03-09T10:40:42.198+0000] {processor.py:830} INFO - Processing file /home/airflow/.local/lib/python3.8/site-packages/airflow/example_dags/example_bash_operator.py for tasks to queue
[2024-03-09T10:40:42.200+0000] {logging_mixin.py:188} INFO - [2024-03-09T10:40:42.199+0000] {dagbag.py:540} INFO - Filling up the DagBag from /home/airflow/.local/lib/python3.8/site-packages/airflow/example_dags/example_bash_operator.py
[2024-03-09T10:40:42.210+0000] {processor.py:840} INFO - DAG(s) 'example_bash_operator' retrieved from /home/airflow/.local/lib/python3.8/site-packages/airflow/example_dags/example_bash_operator.py
[2024-03-09T10:40:42.244+0000] {logging_mixin.py:188} INFO - [2024-03-09T10:40:42.244+0000] {dag.py:3047} INFO - Sync 1 DAGs
[2024-03-09T10:40:42.271+0000] {logging_mixin.py:188} INFO - [2024-03-09T10:40:42.271+0000] {dag.py:3834} INFO - Setting next_dagrun for example_bash_operator to 2024-03-08 00:00:00+00:00, run_after=2024-03-09 00:00:00+00:00
[2024-03-09T10:40:42.298+0000] {processor.py:183} INFO - Processing /home/airflow/.local/lib/python3.8/site-packages/airflow/example_dags/example_bash_operator.py took 0.104 seconds
[2024-03-09T10:41:12.367+0000] {processor.py:161} INFO - Started process (PID=1204) to work on /home/airflow/.local/lib/python3.8/site-packages/airflow/example_dags/example_bash_operator.py
[2024-03-09T10:41:12.368+0000] {processor.py:830} INFO - Processing file /home/airflow/.local/lib/python3.8/site-packages/airflow/example_dags/example_bash_operator.py for tasks to queue
[2024-03-09T10:41:12.369+0000] {logging_mixin.py:188} INFO - [2024-03-09T10:41:12.369+0000] {dagbag.py:540} INFO - Filling up the DagBag from /home/airflow/.local/lib/python3.8/site-packages/airflow/example_dags/example_bash_operator.py
[2024-03-09T10:41:12.380+0000] {processor.py:840} INFO - DAG(s) 'example_bash_operator' retrieved from /home/airflow/.local/lib/python3.8/site-packages/airflow/example_dags/example_bash_operator.py
[2024-03-09T10:41:12.415+0000] {logging_mixin.py:188} INFO - [2024-03-09T10:41:12.415+0000] {dag.py:3047} INFO - Sync 1 DAGs
[2024-03-09T10:41:12.442+0000] {logging_mixin.py:188} INFO - [2024-03-09T10:41:12.442+0000] {dag.py:3834} INFO - Setting next_dagrun for example_bash_operator to 2024-03-08 00:00:00+00:00, run_after=2024-03-09 00:00:00+00:00
[2024-03-09T10:41:12.467+0000] {processor.py:183} INFO - Processing /home/airflow/.local/lib/python3.8/site-packages/airflow/example_dags/example_bash_operator.py took 0.104 seconds
[2024-03-09T10:41:42.580+0000] {processor.py:161} INFO - Started process (PID=1259) to work on /home/airflow/.local/lib/python3.8/site-packages/airflow/example_dags/example_bash_operator.py
[2024-03-09T10:41:42.581+0000] {processor.py:830} INFO - Processing file /home/airflow/.local/lib/python3.8/site-packages/airflow/example_dags/example_bash_operator.py for tasks to queue
[2024-03-09T10:41:42.583+0000] {logging_mixin.py:188} INFO - [2024-03-09T10:41:42.583+0000] {dagbag.py:540} INFO - Filling up the DagBag from /home/airflow/.local/lib/python3.8/site-packages/airflow/example_dags/example_bash_operator.py
[2024-03-09T10:41:42.595+0000] {processor.py:840} INFO - DAG(s) 'example_bash_operator' retrieved from /home/airflow/.local/lib/python3.8/site-packages/airflow/example_dags/example_bash_operator.py
[2024-03-09T10:41:42.625+0000] {logging_mixin.py:188} INFO - [2024-03-09T10:41:42.624+0000] {dag.py:3047} INFO - Sync 1 DAGs
[2024-03-09T10:41:42.651+0000] {logging_mixin.py:188} INFO - [2024-03-09T10:41:42.651+0000] {dag.py:3834} INFO - Setting next_dagrun for example_bash_operator to 2024-03-08 00:00:00+00:00, run_after=2024-03-09 00:00:00+00:00
[2024-03-09T10:41:42.675+0000] {processor.py:183} INFO - Processing /home/airflow/.local/lib/python3.8/site-packages/airflow/example_dags/example_bash_operator.py took 0.098 seconds
[2024-03-09T10:42:12.793+0000] {processor.py:161} INFO - Started process (PID=1314) to work on /home/airflow/.local/lib/python3.8/site-packages/airflow/example_dags/example_bash_operator.py
[2024-03-09T10:42:12.794+0000] {processor.py:830} INFO - Processing file /home/airflow/.local/lib/python3.8/site-packages/airflow/example_dags/example_bash_operator.py for tasks to queue
[2024-03-09T10:42:12.796+0000] {logging_mixin.py:188} INFO - [2024-03-09T10:42:12.796+0000] {dagbag.py:540} INFO - Filling up the DagBag from /home/airflow/.local/lib/python3.8/site-packages/airflow/example_dags/example_bash_operator.py
[2024-03-09T10:42:12.807+0000] {processor.py:840} INFO - DAG(s) 'example_bash_operator' retrieved from /home/airflow/.local/lib/python3.8/site-packages/airflow/example_dags/example_bash_operator.py
[2024-03-09T10:42:12.840+0000] {logging_mixin.py:188} INFO - [2024-03-09T10:42:12.839+0000] {dag.py:3047} INFO - Sync 1 DAGs
[2024-03-09T10:42:12.865+0000] {logging_mixin.py:188} INFO - [2024-03-09T10:42:12.865+0000] {dag.py:3834} INFO - Setting next_dagrun for example_bash_operator to 2024-03-08 00:00:00+00:00, run_after=2024-03-09 00:00:00+00:00
[2024-03-09T10:42:12.890+0000] {processor.py:183} INFO - Processing /home/airflow/.local/lib/python3.8/site-packages/airflow/example_dags/example_bash_operator.py took 0.100 seconds
[2024-03-09T10:42:43.273+0000] {processor.py:161} INFO - Started process (PID=1369) to work on /home/airflow/.local/lib/python3.8/site-packages/airflow/example_dags/example_bash_operator.py
[2024-03-09T10:42:43.274+0000] {processor.py:830} INFO - Processing file /home/airflow/.local/lib/python3.8/site-packages/airflow/example_dags/example_bash_operator.py for tasks to queue
[2024-03-09T10:42:43.276+0000] {logging_mixin.py:188} INFO - [2024-03-09T10:42:43.276+0000] {dagbag.py:540} INFO - Filling up the DagBag from /home/airflow/.local/lib/python3.8/site-packages/airflow/example_dags/example_bash_operator.py
[2024-03-09T10:42:43.287+0000] {processor.py:840} INFO - DAG(s) 'example_bash_operator' retrieved from /home/airflow/.local/lib/python3.8/site-packages/airflow/example_dags/example_bash_operator.py
[2024-03-09T10:42:43.320+0000] {logging_mixin.py:188} INFO - [2024-03-09T10:42:43.320+0000] {dag.py:3047} INFO - Sync 1 DAGs
[2024-03-09T10:42:43.345+0000] {logging_mixin.py:188} INFO - [2024-03-09T10:42:43.344+0000] {dag.py:3834} INFO - Setting next_dagrun for example_bash_operator to 2024-03-08 00:00:00+00:00, run_after=2024-03-09 00:00:00+00:00
[2024-03-09T10:42:43.375+0000] {processor.py:183} INFO - Processing /home/airflow/.local/lib/python3.8/site-packages/airflow/example_dags/example_bash_operator.py took 0.105 seconds
[2024-03-09T10:43:13.472+0000] {processor.py:161} INFO - Started process (PID=1424) to work on /home/airflow/.local/lib/python3.8/site-packages/airflow/example_dags/example_bash_operator.py
[2024-03-09T10:43:13.473+0000] {processor.py:830} INFO - Processing file /home/airflow/.local/lib/python3.8/site-packages/airflow/example_dags/example_bash_operator.py for tasks to queue
[2024-03-09T10:43:13.475+0000] {logging_mixin.py:188} INFO - [2024-03-09T10:43:13.475+0000] {dagbag.py:540} INFO - Filling up the DagBag from /home/airflow/.local/lib/python3.8/site-packages/airflow/example_dags/example_bash_operator.py
[2024-03-09T10:43:13.486+0000] {processor.py:840} INFO - DAG(s) 'example_bash_operator' retrieved from /home/airflow/.local/lib/python3.8/site-packages/airflow/example_dags/example_bash_operator.py
[2024-03-09T10:43:13.516+0000] {logging_mixin.py:188} INFO - [2024-03-09T10:43:13.515+0000] {dag.py:3047} INFO - Sync 1 DAGs
[2024-03-09T10:43:13.540+0000] {logging_mixin.py:188} INFO - [2024-03-09T10:43:13.540+0000] {dag.py:3834} INFO - Setting next_dagrun for example_bash_operator to 2024-03-08 00:00:00+00:00, run_after=2024-03-09 00:00:00+00:00
[2024-03-09T10:43:13.565+0000] {processor.py:183} INFO - Processing /home/airflow/.local/lib/python3.8/site-packages/airflow/example_dags/example_bash_operator.py took 0.096 seconds
[2024-03-09T10:43:43.847+0000] {processor.py:161} INFO - Started process (PID=1479) to work on /home/airflow/.local/lib/python3.8/site-packages/airflow/example_dags/example_bash_operator.py
[2024-03-09T10:43:43.848+0000] {processor.py:830} INFO - Processing file /home/airflow/.local/lib/python3.8/site-packages/airflow/example_dags/example_bash_operator.py for tasks to queue
[2024-03-09T10:43:43.849+0000] {logging_mixin.py:188} INFO - [2024-03-09T10:43:43.849+0000] {dagbag.py:540} INFO - Filling up the DagBag from /home/airflow/.local/lib/python3.8/site-packages/airflow/example_dags/example_bash_operator.py
[2024-03-09T10:43:43.861+0000] {processor.py:840} INFO - DAG(s) 'example_bash_operator' retrieved from /home/airflow/.local/lib/python3.8/site-packages/airflow/example_dags/example_bash_operator.py
[2024-03-09T10:43:43.893+0000] {logging_mixin.py:188} INFO - [2024-03-09T10:43:43.893+0000] {dag.py:3047} INFO - Sync 1 DAGs
[2024-03-09T10:43:43.919+0000] {logging_mixin.py:188} INFO - [2024-03-09T10:43:43.919+0000] {dag.py:3834} INFO - Setting next_dagrun for example_bash_operator to 2024-03-08 00:00:00+00:00, run_after=2024-03-09 00:00:00+00:00
[2024-03-09T10:43:43.957+0000] {processor.py:183} INFO - Processing /home/airflow/.local/lib/python3.8/site-packages/airflow/example_dags/example_bash_operator.py took 0.114 seconds
[2024-03-09T10:44:14.309+0000] {processor.py:161} INFO - Started process (PID=1534) to work on /home/airflow/.local/lib/python3.8/site-packages/airflow/example_dags/example_bash_operator.py
[2024-03-09T10:44:14.310+0000] {processor.py:830} INFO - Processing file /home/airflow/.local/lib/python3.8/site-packages/airflow/example_dags/example_bash_operator.py for tasks to queue
[2024-03-09T10:44:14.312+0000] {logging_mixin.py:188} INFO - [2024-03-09T10:44:14.312+0000] {dagbag.py:540} INFO - Filling up the DagBag from /home/airflow/.local/lib/python3.8/site-packages/airflow/example_dags/example_bash_operator.py
[2024-03-09T10:44:14.323+0000] {processor.py:840} INFO - DAG(s) 'example_bash_operator' retrieved from /home/airflow/.local/lib/python3.8/site-packages/airflow/example_dags/example_bash_operator.py
[2024-03-09T10:44:14.357+0000] {logging_mixin.py:188} INFO - [2024-03-09T10:44:14.356+0000] {dag.py:3047} INFO - Sync 1 DAGs
[2024-03-09T10:44:14.379+0000] {logging_mixin.py:188} INFO - [2024-03-09T10:44:14.379+0000] {dag.py:3834} INFO - Setting next_dagrun for example_bash_operator to 2024-03-08 00:00:00+00:00, run_after=2024-03-09 00:00:00+00:00
[2024-03-09T10:44:14.406+0000] {processor.py:183} INFO - Processing /home/airflow/.local/lib/python3.8/site-packages/airflow/example_dags/example_bash_operator.py took 0.100 seconds
[2024-03-09T10:44:44.586+0000] {processor.py:161} INFO - Started process (PID=1589) to work on /home/airflow/.local/lib/python3.8/site-packages/airflow/example_dags/example_bash_operator.py
[2024-03-09T10:44:44.588+0000] {processor.py:830} INFO - Processing file /home/airflow/.local/lib/python3.8/site-packages/airflow/example_dags/example_bash_operator.py for tasks to queue
[2024-03-09T10:44:44.590+0000] {logging_mixin.py:188} INFO - [2024-03-09T10:44:44.590+0000] {dagbag.py:540} INFO - Filling up the DagBag from /home/airflow/.local/lib/python3.8/site-packages/airflow/example_dags/example_bash_operator.py
[2024-03-09T10:44:44.601+0000] {processor.py:840} INFO - DAG(s) 'example_bash_operator' retrieved from /home/airflow/.local/lib/python3.8/site-packages/airflow/example_dags/example_bash_operator.py
[2024-03-09T10:44:44.636+0000] {logging_mixin.py:188} INFO - [2024-03-09T10:44:44.635+0000] {dag.py:3047} INFO - Sync 1 DAGs
[2024-03-09T10:44:44.662+0000] {logging_mixin.py:188} INFO - [2024-03-09T10:44:44.661+0000] {dag.py:3834} INFO - Setting next_dagrun for example_bash_operator to 2024-03-08 00:00:00+00:00, run_after=2024-03-09 00:00:00+00:00
[2024-03-09T10:44:44.693+0000] {processor.py:183} INFO - Processing /home/airflow/.local/lib/python3.8/site-packages/airflow/example_dags/example_bash_operator.py took 0.110 seconds
[2024-03-09T10:45:14.800+0000] {processor.py:161} INFO - Started process (PID=1644) to work on /home/airflow/.local/lib/python3.8/site-packages/airflow/example_dags/example_bash_operator.py
[2024-03-09T10:45:14.802+0000] {processor.py:830} INFO - Processing file /home/airflow/.local/lib/python3.8/site-packages/airflow/example_dags/example_bash_operator.py for tasks to queue
[2024-03-09T10:45:14.805+0000] {logging_mixin.py:188} INFO - [2024-03-09T10:45:14.804+0000] {dagbag.py:540} INFO - Filling up the DagBag from /home/airflow/.local/lib/python3.8/site-packages/airflow/example_dags/example_bash_operator.py
[2024-03-09T10:45:14.824+0000] {processor.py:840} INFO - DAG(s) 'example_bash_operator' retrieved from /home/airflow/.local/lib/python3.8/site-packages/airflow/example_dags/example_bash_operator.py
[2024-03-09T10:45:14.870+0000] {logging_mixin.py:188} INFO - [2024-03-09T10:45:14.869+0000] {dag.py:3047} INFO - Sync 1 DAGs
[2024-03-09T10:45:14.902+0000] {logging_mixin.py:188} INFO - [2024-03-09T10:45:14.902+0000] {dag.py:3834} INFO - Setting next_dagrun for example_bash_operator to 2024-03-08 00:00:00+00:00, run_after=2024-03-09 00:00:00+00:00
[2024-03-09T10:45:14.930+0000] {processor.py:183} INFO - Processing /home/airflow/.local/lib/python3.8/site-packages/airflow/example_dags/example_bash_operator.py took 0.134 seconds
[2024-03-09T10:45:45.022+0000] {processor.py:161} INFO - Started process (PID=1699) to work on /home/airflow/.local/lib/python3.8/site-packages/airflow/example_dags/example_bash_operator.py
[2024-03-09T10:45:45.023+0000] {processor.py:830} INFO - Processing file /home/airflow/.local/lib/python3.8/site-packages/airflow/example_dags/example_bash_operator.py for tasks to queue
[2024-03-09T10:45:45.025+0000] {logging_mixin.py:188} INFO - [2024-03-09T10:45:45.024+0000] {dagbag.py:540} INFO - Filling up the DagBag from /home/airflow/.local/lib/python3.8/site-packages/airflow/example_dags/example_bash_operator.py
[2024-03-09T10:45:45.037+0000] {processor.py:840} INFO - DAG(s) 'example_bash_operator' retrieved from /home/airflow/.local/lib/python3.8/site-packages/airflow/example_dags/example_bash_operator.py
[2024-03-09T10:45:45.069+0000] {logging_mixin.py:188} INFO - [2024-03-09T10:45:45.069+0000] {dag.py:3047} INFO - Sync 1 DAGs
[2024-03-09T10:45:45.095+0000] {logging_mixin.py:188} INFO - [2024-03-09T10:45:45.094+0000] {dag.py:3834} INFO - Setting next_dagrun for example_bash_operator to 2024-03-08 00:00:00+00:00, run_after=2024-03-09 00:00:00+00:00
[2024-03-09T10:45:45.122+0000] {processor.py:183} INFO - Processing /home/airflow/.local/lib/python3.8/site-packages/airflow/example_dags/example_bash_operator.py took 0.103 seconds
