[2024-03-09T10:30:30.241+0000] {processor.py:161} INFO - Started process (PID=43) to work on /home/airflow/.local/lib/python3.8/site-packages/airflow/example_dags/example_nested_branch_dag.py
[2024-03-09T10:30:30.243+0000] {processor.py:830} INFO - Processing file /home/airflow/.local/lib/python3.8/site-packages/airflow/example_dags/example_nested_branch_dag.py for tasks to queue
[2024-03-09T10:30:30.250+0000] {logging_mixin.py:188} INFO - [2024-03-09T10:30:30.247+0000] {dagbag.py:540} INFO - Filling up the DagBag from /home/airflow/.local/lib/python3.8/site-packages/airflow/example_dags/example_nested_branch_dag.py
[2024-03-09T10:30:30.315+0000] {processor.py:840} INFO - DAG(s) 'example_nested_branch_dag' retrieved from /home/airflow/.local/lib/python3.8/site-packages/airflow/example_dags/example_nested_branch_dag.py
[2024-03-09T10:30:30.818+0000] {logging_mixin.py:188} INFO - [2024-03-09T10:30:30.818+0000] {dag.py:3047} INFO - Sync 1 DAGs
[2024-03-09T10:30:31.054+0000] {logging_mixin.py:188} INFO - [2024-03-09T10:30:31.053+0000] {dag.py:3834} INFO - Setting next_dagrun for example_nested_branch_dag to 2024-03-08 00:00:00+00:00, run_after=2024-03-09 00:00:00+00:00
[2024-03-09T10:30:31.120+0000] {processor.py:183} INFO - Processing /home/airflow/.local/lib/python3.8/site-packages/airflow/example_dags/example_nested_branch_dag.py took 0.886 seconds
[2024-03-09T10:31:01.840+0000] {processor.py:161} INFO - Started process (PID=98) to work on /home/airflow/.local/lib/python3.8/site-packages/airflow/example_dags/example_nested_branch_dag.py
[2024-03-09T10:31:01.842+0000] {processor.py:830} INFO - Processing file /home/airflow/.local/lib/python3.8/site-packages/airflow/example_dags/example_nested_branch_dag.py for tasks to queue
[2024-03-09T10:31:01.845+0000] {logging_mixin.py:188} INFO - [2024-03-09T10:31:01.845+0000] {dagbag.py:540} INFO - Filling up the DagBag from /home/airflow/.local/lib/python3.8/site-packages/airflow/example_dags/example_nested_branch_dag.py
[2024-03-09T10:31:01.975+0000] {processor.py:840} INFO - DAG(s) 'example_nested_branch_dag' retrieved from /home/airflow/.local/lib/python3.8/site-packages/airflow/example_dags/example_nested_branch_dag.py
[2024-03-09T10:31:02.020+0000] {logging_mixin.py:188} INFO - [2024-03-09T10:31:02.019+0000] {dag.py:3047} INFO - Sync 1 DAGs
[2024-03-09T10:31:02.084+0000] {logging_mixin.py:188} INFO - [2024-03-09T10:31:02.083+0000] {dag.py:3834} INFO - Setting next_dagrun for example_nested_branch_dag to 2024-03-08 00:00:00+00:00, run_after=2024-03-09 00:00:00+00:00
[2024-03-09T10:31:02.124+0000] {processor.py:183} INFO - Processing /home/airflow/.local/lib/python3.8/site-packages/airflow/example_dags/example_nested_branch_dag.py took 0.289 seconds
[2024-03-09T10:31:33.003+0000] {processor.py:161} INFO - Started process (PID=153) to work on /home/airflow/.local/lib/python3.8/site-packages/airflow/example_dags/example_nested_branch_dag.py
[2024-03-09T10:31:33.004+0000] {processor.py:830} INFO - Processing file /home/airflow/.local/lib/python3.8/site-packages/airflow/example_dags/example_nested_branch_dag.py for tasks to queue
[2024-03-09T10:31:33.007+0000] {logging_mixin.py:188} INFO - [2024-03-09T10:31:33.006+0000] {dagbag.py:540} INFO - Filling up the DagBag from /home/airflow/.local/lib/python3.8/site-packages/airflow/example_dags/example_nested_branch_dag.py
[2024-03-09T10:31:33.016+0000] {processor.py:840} INFO - DAG(s) 'example_nested_branch_dag' retrieved from /home/airflow/.local/lib/python3.8/site-packages/airflow/example_dags/example_nested_branch_dag.py
[2024-03-09T10:31:33.047+0000] {logging_mixin.py:188} INFO - [2024-03-09T10:31:33.047+0000] {dag.py:3047} INFO - Sync 1 DAGs
[2024-03-09T10:31:33.081+0000] {logging_mixin.py:188} INFO - [2024-03-09T10:31:33.080+0000] {dag.py:3834} INFO - Setting next_dagrun for example_nested_branch_dag to 2024-03-08 00:00:00+00:00, run_after=2024-03-09 00:00:00+00:00
[2024-03-09T10:31:33.111+0000] {processor.py:183} INFO - Processing /home/airflow/.local/lib/python3.8/site-packages/airflow/example_dags/example_nested_branch_dag.py took 0.111 seconds
[2024-03-09T10:32:03.224+0000] {processor.py:161} INFO - Started process (PID=208) to work on /home/airflow/.local/lib/python3.8/site-packages/airflow/example_dags/example_nested_branch_dag.py
[2024-03-09T10:32:03.226+0000] {processor.py:830} INFO - Processing file /home/airflow/.local/lib/python3.8/site-packages/airflow/example_dags/example_nested_branch_dag.py for tasks to queue
[2024-03-09T10:32:03.228+0000] {logging_mixin.py:188} INFO - [2024-03-09T10:32:03.228+0000] {dagbag.py:540} INFO - Filling up the DagBag from /home/airflow/.local/lib/python3.8/site-packages/airflow/example_dags/example_nested_branch_dag.py
[2024-03-09T10:32:03.243+0000] {processor.py:840} INFO - DAG(s) 'example_nested_branch_dag' retrieved from /home/airflow/.local/lib/python3.8/site-packages/airflow/example_dags/example_nested_branch_dag.py
[2024-03-09T10:32:03.267+0000] {logging_mixin.py:188} INFO - [2024-03-09T10:32:03.267+0000] {dag.py:3047} INFO - Sync 1 DAGs
[2024-03-09T10:32:03.297+0000] {logging_mixin.py:188} INFO - [2024-03-09T10:32:03.297+0000] {dag.py:3834} INFO - Setting next_dagrun for example_nested_branch_dag to 2024-03-08 00:00:00+00:00, run_after=2024-03-09 00:00:00+00:00
[2024-03-09T10:32:03.338+0000] {processor.py:183} INFO - Processing /home/airflow/.local/lib/python3.8/site-packages/airflow/example_dags/example_nested_branch_dag.py took 0.117 seconds
[2024-03-09T10:32:33.446+0000] {processor.py:161} INFO - Started process (PID=263) to work on /home/airflow/.local/lib/python3.8/site-packages/airflow/example_dags/example_nested_branch_dag.py
[2024-03-09T10:32:33.447+0000] {processor.py:830} INFO - Processing file /home/airflow/.local/lib/python3.8/site-packages/airflow/example_dags/example_nested_branch_dag.py for tasks to queue
[2024-03-09T10:32:33.449+0000] {logging_mixin.py:188} INFO - [2024-03-09T10:32:33.448+0000] {dagbag.py:540} INFO - Filling up the DagBag from /home/airflow/.local/lib/python3.8/site-packages/airflow/example_dags/example_nested_branch_dag.py
[2024-03-09T10:32:33.458+0000] {processor.py:840} INFO - DAG(s) 'example_nested_branch_dag' retrieved from /home/airflow/.local/lib/python3.8/site-packages/airflow/example_dags/example_nested_branch_dag.py
[2024-03-09T10:32:33.485+0000] {logging_mixin.py:188} INFO - [2024-03-09T10:32:33.485+0000] {dag.py:3047} INFO - Sync 1 DAGs
[2024-03-09T10:32:33.510+0000] {logging_mixin.py:188} INFO - [2024-03-09T10:32:33.510+0000] {dag.py:3834} INFO - Setting next_dagrun for example_nested_branch_dag to 2024-03-08 00:00:00+00:00, run_after=2024-03-09 00:00:00+00:00
[2024-03-09T10:32:33.540+0000] {processor.py:183} INFO - Processing /home/airflow/.local/lib/python3.8/site-packages/airflow/example_dags/example_nested_branch_dag.py took 0.097 seconds
[2024-03-09T10:33:03.601+0000] {processor.py:161} INFO - Started process (PID=318) to work on /home/airflow/.local/lib/python3.8/site-packages/airflow/example_dags/example_nested_branch_dag.py
[2024-03-09T10:33:03.602+0000] {processor.py:830} INFO - Processing file /home/airflow/.local/lib/python3.8/site-packages/airflow/example_dags/example_nested_branch_dag.py for tasks to queue
[2024-03-09T10:33:03.604+0000] {logging_mixin.py:188} INFO - [2024-03-09T10:33:03.604+0000] {dagbag.py:540} INFO - Filling up the DagBag from /home/airflow/.local/lib/python3.8/site-packages/airflow/example_dags/example_nested_branch_dag.py
[2024-03-09T10:33:03.614+0000] {processor.py:840} INFO - DAG(s) 'example_nested_branch_dag' retrieved from /home/airflow/.local/lib/python3.8/site-packages/airflow/example_dags/example_nested_branch_dag.py
[2024-03-09T10:33:03.640+0000] {logging_mixin.py:188} INFO - [2024-03-09T10:33:03.640+0000] {dag.py:3047} INFO - Sync 1 DAGs
[2024-03-09T10:33:03.668+0000] {logging_mixin.py:188} INFO - [2024-03-09T10:33:03.667+0000] {dag.py:3834} INFO - Setting next_dagrun for example_nested_branch_dag to 2024-03-08 00:00:00+00:00, run_after=2024-03-09 00:00:00+00:00
[2024-03-09T10:33:03.696+0000] {processor.py:183} INFO - Processing /home/airflow/.local/lib/python3.8/site-packages/airflow/example_dags/example_nested_branch_dag.py took 0.097 seconds
[2024-03-09T10:33:33.834+0000] {processor.py:161} INFO - Started process (PID=373) to work on /home/airflow/.local/lib/python3.8/site-packages/airflow/example_dags/example_nested_branch_dag.py
[2024-03-09T10:33:33.836+0000] {processor.py:830} INFO - Processing file /home/airflow/.local/lib/python3.8/site-packages/airflow/example_dags/example_nested_branch_dag.py for tasks to queue
[2024-03-09T10:33:33.839+0000] {logging_mixin.py:188} INFO - [2024-03-09T10:33:33.838+0000] {dagbag.py:540} INFO - Filling up the DagBag from /home/airflow/.local/lib/python3.8/site-packages/airflow/example_dags/example_nested_branch_dag.py
[2024-03-09T10:33:33.849+0000] {processor.py:840} INFO - DAG(s) 'example_nested_branch_dag' retrieved from /home/airflow/.local/lib/python3.8/site-packages/airflow/example_dags/example_nested_branch_dag.py
[2024-03-09T10:33:33.878+0000] {logging_mixin.py:188} INFO - [2024-03-09T10:33:33.878+0000] {dag.py:3047} INFO - Sync 1 DAGs
[2024-03-09T10:33:33.904+0000] {logging_mixin.py:188} INFO - [2024-03-09T10:33:33.903+0000] {dag.py:3834} INFO - Setting next_dagrun for example_nested_branch_dag to 2024-03-08 00:00:00+00:00, run_after=2024-03-09 00:00:00+00:00
[2024-03-09T10:33:33.935+0000] {processor.py:183} INFO - Processing /home/airflow/.local/lib/python3.8/site-packages/airflow/example_dags/example_nested_branch_dag.py took 0.104 seconds
[2024-03-09T10:34:04.371+0000] {processor.py:161} INFO - Started process (PID=428) to work on /home/airflow/.local/lib/python3.8/site-packages/airflow/example_dags/example_nested_branch_dag.py
[2024-03-09T10:34:04.372+0000] {processor.py:830} INFO - Processing file /home/airflow/.local/lib/python3.8/site-packages/airflow/example_dags/example_nested_branch_dag.py for tasks to queue
[2024-03-09T10:34:04.374+0000] {logging_mixin.py:188} INFO - [2024-03-09T10:34:04.374+0000] {dagbag.py:540} INFO - Filling up the DagBag from /home/airflow/.local/lib/python3.8/site-packages/airflow/example_dags/example_nested_branch_dag.py
[2024-03-09T10:34:04.384+0000] {processor.py:840} INFO - DAG(s) 'example_nested_branch_dag' retrieved from /home/airflow/.local/lib/python3.8/site-packages/airflow/example_dags/example_nested_branch_dag.py
[2024-03-09T10:34:04.410+0000] {logging_mixin.py:188} INFO - [2024-03-09T10:34:04.409+0000] {dag.py:3047} INFO - Sync 1 DAGs
[2024-03-09T10:34:04.434+0000] {logging_mixin.py:188} INFO - [2024-03-09T10:34:04.434+0000] {dag.py:3834} INFO - Setting next_dagrun for example_nested_branch_dag to 2024-03-08 00:00:00+00:00, run_after=2024-03-09 00:00:00+00:00
[2024-03-09T10:34:04.467+0000] {processor.py:183} INFO - Processing /home/airflow/.local/lib/python3.8/site-packages/airflow/example_dags/example_nested_branch_dag.py took 0.098 seconds
[2024-03-09T10:34:34.627+0000] {processor.py:161} INFO - Started process (PID=483) to work on /home/airflow/.local/lib/python3.8/site-packages/airflow/example_dags/example_nested_branch_dag.py
[2024-03-09T10:34:34.628+0000] {processor.py:830} INFO - Processing file /home/airflow/.local/lib/python3.8/site-packages/airflow/example_dags/example_nested_branch_dag.py for tasks to queue
[2024-03-09T10:34:34.630+0000] {logging_mixin.py:188} INFO - [2024-03-09T10:34:34.630+0000] {dagbag.py:540} INFO - Filling up the DagBag from /home/airflow/.local/lib/python3.8/site-packages/airflow/example_dags/example_nested_branch_dag.py
[2024-03-09T10:34:34.642+0000] {processor.py:840} INFO - DAG(s) 'example_nested_branch_dag' retrieved from /home/airflow/.local/lib/python3.8/site-packages/airflow/example_dags/example_nested_branch_dag.py
[2024-03-09T10:34:34.672+0000] {logging_mixin.py:188} INFO - [2024-03-09T10:34:34.671+0000] {dag.py:3047} INFO - Sync 1 DAGs
[2024-03-09T10:34:34.700+0000] {logging_mixin.py:188} INFO - [2024-03-09T10:34:34.700+0000] {dag.py:3834} INFO - Setting next_dagrun for example_nested_branch_dag to 2024-03-08 00:00:00+00:00, run_after=2024-03-09 00:00:00+00:00
[2024-03-09T10:34:34.732+0000] {processor.py:183} INFO - Processing /home/airflow/.local/lib/python3.8/site-packages/airflow/example_dags/example_nested_branch_dag.py took 0.108 seconds
[2024-03-09T10:35:05.112+0000] {processor.py:161} INFO - Started process (PID=538) to work on /home/airflow/.local/lib/python3.8/site-packages/airflow/example_dags/example_nested_branch_dag.py
[2024-03-09T10:35:05.113+0000] {processor.py:830} INFO - Processing file /home/airflow/.local/lib/python3.8/site-packages/airflow/example_dags/example_nested_branch_dag.py for tasks to queue
[2024-03-09T10:35:05.115+0000] {logging_mixin.py:188} INFO - [2024-03-09T10:35:05.115+0000] {dagbag.py:540} INFO - Filling up the DagBag from /home/airflow/.local/lib/python3.8/site-packages/airflow/example_dags/example_nested_branch_dag.py
[2024-03-09T10:35:05.125+0000] {processor.py:840} INFO - DAG(s) 'example_nested_branch_dag' retrieved from /home/airflow/.local/lib/python3.8/site-packages/airflow/example_dags/example_nested_branch_dag.py
[2024-03-09T10:35:05.150+0000] {logging_mixin.py:188} INFO - [2024-03-09T10:35:05.150+0000] {dag.py:3047} INFO - Sync 1 DAGs
[2024-03-09T10:35:05.174+0000] {logging_mixin.py:188} INFO - [2024-03-09T10:35:05.174+0000] {dag.py:3834} INFO - Setting next_dagrun for example_nested_branch_dag to 2024-03-08 00:00:00+00:00, run_after=2024-03-09 00:00:00+00:00
[2024-03-09T10:35:05.207+0000] {processor.py:183} INFO - Processing /home/airflow/.local/lib/python3.8/site-packages/airflow/example_dags/example_nested_branch_dag.py took 0.099 seconds
[2024-03-09T10:35:35.423+0000] {processor.py:161} INFO - Started process (PID=593) to work on /home/airflow/.local/lib/python3.8/site-packages/airflow/example_dags/example_nested_branch_dag.py
[2024-03-09T10:35:35.424+0000] {processor.py:830} INFO - Processing file /home/airflow/.local/lib/python3.8/site-packages/airflow/example_dags/example_nested_branch_dag.py for tasks to queue
[2024-03-09T10:35:35.427+0000] {logging_mixin.py:188} INFO - [2024-03-09T10:35:35.427+0000] {dagbag.py:540} INFO - Filling up the DagBag from /home/airflow/.local/lib/python3.8/site-packages/airflow/example_dags/example_nested_branch_dag.py
[2024-03-09T10:35:35.438+0000] {processor.py:840} INFO - DAG(s) 'example_nested_branch_dag' retrieved from /home/airflow/.local/lib/python3.8/site-packages/airflow/example_dags/example_nested_branch_dag.py
[2024-03-09T10:35:35.462+0000] {logging_mixin.py:188} INFO - [2024-03-09T10:35:35.462+0000] {dag.py:3047} INFO - Sync 1 DAGs
[2024-03-09T10:35:35.490+0000] {logging_mixin.py:188} INFO - [2024-03-09T10:35:35.490+0000] {dag.py:3834} INFO - Setting next_dagrun for example_nested_branch_dag to 2024-03-08 00:00:00+00:00, run_after=2024-03-09 00:00:00+00:00
[2024-03-09T10:35:35.522+0000] {processor.py:183} INFO - Processing /home/airflow/.local/lib/python3.8/site-packages/airflow/example_dags/example_nested_branch_dag.py took 0.102 seconds
[2024-03-09T10:36:05.844+0000] {processor.py:161} INFO - Started process (PID=648) to work on /home/airflow/.local/lib/python3.8/site-packages/airflow/example_dags/example_nested_branch_dag.py
[2024-03-09T10:36:05.845+0000] {processor.py:830} INFO - Processing file /home/airflow/.local/lib/python3.8/site-packages/airflow/example_dags/example_nested_branch_dag.py for tasks to queue
[2024-03-09T10:36:05.847+0000] {logging_mixin.py:188} INFO - [2024-03-09T10:36:05.847+0000] {dagbag.py:540} INFO - Filling up the DagBag from /home/airflow/.local/lib/python3.8/site-packages/airflow/example_dags/example_nested_branch_dag.py
[2024-03-09T10:36:05.857+0000] {processor.py:840} INFO - DAG(s) 'example_nested_branch_dag' retrieved from /home/airflow/.local/lib/python3.8/site-packages/airflow/example_dags/example_nested_branch_dag.py
[2024-03-09T10:36:05.882+0000] {logging_mixin.py:188} INFO - [2024-03-09T10:36:05.882+0000] {dag.py:3047} INFO - Sync 1 DAGs
[2024-03-09T10:36:05.909+0000] {logging_mixin.py:188} INFO - [2024-03-09T10:36:05.908+0000] {dag.py:3834} INFO - Setting next_dagrun for example_nested_branch_dag to 2024-03-08 00:00:00+00:00, run_after=2024-03-09 00:00:00+00:00
[2024-03-09T10:36:05.937+0000] {processor.py:183} INFO - Processing /home/airflow/.local/lib/python3.8/site-packages/airflow/example_dags/example_nested_branch_dag.py took 0.096 seconds
[2024-03-09T10:36:36.217+0000] {processor.py:161} INFO - Started process (PID=703) to work on /home/airflow/.local/lib/python3.8/site-packages/airflow/example_dags/example_nested_branch_dag.py
[2024-03-09T10:36:36.218+0000] {processor.py:830} INFO - Processing file /home/airflow/.local/lib/python3.8/site-packages/airflow/example_dags/example_nested_branch_dag.py for tasks to queue
[2024-03-09T10:36:36.220+0000] {logging_mixin.py:188} INFO - [2024-03-09T10:36:36.219+0000] {dagbag.py:540} INFO - Filling up the DagBag from /home/airflow/.local/lib/python3.8/site-packages/airflow/example_dags/example_nested_branch_dag.py
[2024-03-09T10:36:36.229+0000] {processor.py:840} INFO - DAG(s) 'example_nested_branch_dag' retrieved from /home/airflow/.local/lib/python3.8/site-packages/airflow/example_dags/example_nested_branch_dag.py
[2024-03-09T10:36:36.254+0000] {logging_mixin.py:188} INFO - [2024-03-09T10:36:36.254+0000] {dag.py:3047} INFO - Sync 1 DAGs
[2024-03-09T10:36:36.279+0000] {logging_mixin.py:188} INFO - [2024-03-09T10:36:36.279+0000] {dag.py:3834} INFO - Setting next_dagrun for example_nested_branch_dag to 2024-03-08 00:00:00+00:00, run_after=2024-03-09 00:00:00+00:00
[2024-03-09T10:36:36.313+0000] {processor.py:183} INFO - Processing /home/airflow/.local/lib/python3.8/site-packages/airflow/example_dags/example_nested_branch_dag.py took 0.100 seconds
[2024-03-09T10:37:06.897+0000] {processor.py:161} INFO - Started process (PID=758) to work on /home/airflow/.local/lib/python3.8/site-packages/airflow/example_dags/example_nested_branch_dag.py
[2024-03-09T10:37:06.898+0000] {processor.py:830} INFO - Processing file /home/airflow/.local/lib/python3.8/site-packages/airflow/example_dags/example_nested_branch_dag.py for tasks to queue
[2024-03-09T10:37:06.901+0000] {logging_mixin.py:188} INFO - [2024-03-09T10:37:06.900+0000] {dagbag.py:540} INFO - Filling up the DagBag from /home/airflow/.local/lib/python3.8/site-packages/airflow/example_dags/example_nested_branch_dag.py
[2024-03-09T10:37:06.919+0000] {processor.py:840} INFO - DAG(s) 'example_nested_branch_dag' retrieved from /home/airflow/.local/lib/python3.8/site-packages/airflow/example_dags/example_nested_branch_dag.py
[2024-03-09T10:37:06.946+0000] {logging_mixin.py:188} INFO - [2024-03-09T10:37:06.946+0000] {dag.py:3047} INFO - Sync 1 DAGs
[2024-03-09T10:37:06.972+0000] {logging_mixin.py:188} INFO - [2024-03-09T10:37:06.972+0000] {dag.py:3834} INFO - Setting next_dagrun for example_nested_branch_dag to 2024-03-08 00:00:00+00:00, run_after=2024-03-09 00:00:00+00:00
[2024-03-09T10:37:07.001+0000] {processor.py:183} INFO - Processing /home/airflow/.local/lib/python3.8/site-packages/airflow/example_dags/example_nested_branch_dag.py took 0.109 seconds
[2024-03-09T10:37:37.399+0000] {processor.py:161} INFO - Started process (PID=813) to work on /home/airflow/.local/lib/python3.8/site-packages/airflow/example_dags/example_nested_branch_dag.py
[2024-03-09T10:37:37.400+0000] {processor.py:830} INFO - Processing file /home/airflow/.local/lib/python3.8/site-packages/airflow/example_dags/example_nested_branch_dag.py for tasks to queue
[2024-03-09T10:37:37.403+0000] {logging_mixin.py:188} INFO - [2024-03-09T10:37:37.402+0000] {dagbag.py:540} INFO - Filling up the DagBag from /home/airflow/.local/lib/python3.8/site-packages/airflow/example_dags/example_nested_branch_dag.py
[2024-03-09T10:37:37.419+0000] {processor.py:840} INFO - DAG(s) 'example_nested_branch_dag' retrieved from /home/airflow/.local/lib/python3.8/site-packages/airflow/example_dags/example_nested_branch_dag.py
[2024-03-09T10:37:37.454+0000] {logging_mixin.py:188} INFO - [2024-03-09T10:37:37.454+0000] {dag.py:3047} INFO - Sync 1 DAGs
[2024-03-09T10:37:37.486+0000] {logging_mixin.py:188} INFO - [2024-03-09T10:37:37.485+0000] {dag.py:3834} INFO - Setting next_dagrun for example_nested_branch_dag to 2024-03-08 00:00:00+00:00, run_after=2024-03-09 00:00:00+00:00
[2024-03-09T10:37:37.547+0000] {processor.py:183} INFO - Processing /home/airflow/.local/lib/python3.8/site-packages/airflow/example_dags/example_nested_branch_dag.py took 0.154 seconds
[2024-03-09T10:38:07.706+0000] {processor.py:161} INFO - Started process (PID=868) to work on /home/airflow/.local/lib/python3.8/site-packages/airflow/example_dags/example_nested_branch_dag.py
[2024-03-09T10:38:07.707+0000] {processor.py:830} INFO - Processing file /home/airflow/.local/lib/python3.8/site-packages/airflow/example_dags/example_nested_branch_dag.py for tasks to queue
[2024-03-09T10:38:07.709+0000] {logging_mixin.py:188} INFO - [2024-03-09T10:38:07.709+0000] {dagbag.py:540} INFO - Filling up the DagBag from /home/airflow/.local/lib/python3.8/site-packages/airflow/example_dags/example_nested_branch_dag.py
[2024-03-09T10:38:07.722+0000] {processor.py:840} INFO - DAG(s) 'example_nested_branch_dag' retrieved from /home/airflow/.local/lib/python3.8/site-packages/airflow/example_dags/example_nested_branch_dag.py
[2024-03-09T10:38:07.764+0000] {logging_mixin.py:188} INFO - [2024-03-09T10:38:07.763+0000] {dag.py:3047} INFO - Sync 1 DAGs
[2024-03-09T10:38:07.803+0000] {logging_mixin.py:188} INFO - [2024-03-09T10:38:07.803+0000] {dag.py:3834} INFO - Setting next_dagrun for example_nested_branch_dag to 2024-03-08 00:00:00+00:00, run_after=2024-03-09 00:00:00+00:00
[2024-03-09T10:38:07.836+0000] {processor.py:183} INFO - Processing /home/airflow/.local/lib/python3.8/site-packages/airflow/example_dags/example_nested_branch_dag.py took 0.134 seconds
[2024-03-09T10:38:38.107+0000] {processor.py:161} INFO - Started process (PID=923) to work on /home/airflow/.local/lib/python3.8/site-packages/airflow/example_dags/example_nested_branch_dag.py
[2024-03-09T10:38:38.109+0000] {processor.py:830} INFO - Processing file /home/airflow/.local/lib/python3.8/site-packages/airflow/example_dags/example_nested_branch_dag.py for tasks to queue
[2024-03-09T10:38:38.110+0000] {logging_mixin.py:188} INFO - [2024-03-09T10:38:38.110+0000] {dagbag.py:540} INFO - Filling up the DagBag from /home/airflow/.local/lib/python3.8/site-packages/airflow/example_dags/example_nested_branch_dag.py
[2024-03-09T10:38:38.120+0000] {processor.py:840} INFO - DAG(s) 'example_nested_branch_dag' retrieved from /home/airflow/.local/lib/python3.8/site-packages/airflow/example_dags/example_nested_branch_dag.py
[2024-03-09T10:38:38.143+0000] {logging_mixin.py:188} INFO - [2024-03-09T10:38:38.143+0000] {dag.py:3047} INFO - Sync 1 DAGs
[2024-03-09T10:38:38.167+0000] {logging_mixin.py:188} INFO - [2024-03-09T10:38:38.166+0000] {dag.py:3834} INFO - Setting next_dagrun for example_nested_branch_dag to 2024-03-08 00:00:00+00:00, run_after=2024-03-09 00:00:00+00:00
[2024-03-09T10:38:38.195+0000] {processor.py:183} INFO - Processing /home/airflow/.local/lib/python3.8/site-packages/airflow/example_dags/example_nested_branch_dag.py took 0.091 seconds
[2024-03-09T10:39:08.487+0000] {processor.py:161} INFO - Started process (PID=978) to work on /home/airflow/.local/lib/python3.8/site-packages/airflow/example_dags/example_nested_branch_dag.py
[2024-03-09T10:39:08.488+0000] {processor.py:830} INFO - Processing file /home/airflow/.local/lib/python3.8/site-packages/airflow/example_dags/example_nested_branch_dag.py for tasks to queue
[2024-03-09T10:39:08.490+0000] {logging_mixin.py:188} INFO - [2024-03-09T10:39:08.490+0000] {dagbag.py:540} INFO - Filling up the DagBag from /home/airflow/.local/lib/python3.8/site-packages/airflow/example_dags/example_nested_branch_dag.py
[2024-03-09T10:39:08.506+0000] {processor.py:840} INFO - DAG(s) 'example_nested_branch_dag' retrieved from /home/airflow/.local/lib/python3.8/site-packages/airflow/example_dags/example_nested_branch_dag.py
[2024-03-09T10:39:08.539+0000] {logging_mixin.py:188} INFO - [2024-03-09T10:39:08.539+0000] {dag.py:3047} INFO - Sync 1 DAGs
[2024-03-09T10:39:08.571+0000] {logging_mixin.py:188} INFO - [2024-03-09T10:39:08.571+0000] {dag.py:3834} INFO - Setting next_dagrun for example_nested_branch_dag to 2024-03-08 00:00:00+00:00, run_after=2024-03-09 00:00:00+00:00
[2024-03-09T10:39:08.599+0000] {processor.py:183} INFO - Processing /home/airflow/.local/lib/python3.8/site-packages/airflow/example_dags/example_nested_branch_dag.py took 0.115 seconds
[2024-03-09T10:39:38.915+0000] {processor.py:161} INFO - Started process (PID=1033) to work on /home/airflow/.local/lib/python3.8/site-packages/airflow/example_dags/example_nested_branch_dag.py
[2024-03-09T10:39:38.916+0000] {processor.py:830} INFO - Processing file /home/airflow/.local/lib/python3.8/site-packages/airflow/example_dags/example_nested_branch_dag.py for tasks to queue
[2024-03-09T10:39:38.918+0000] {logging_mixin.py:188} INFO - [2024-03-09T10:39:38.917+0000] {dagbag.py:540} INFO - Filling up the DagBag from /home/airflow/.local/lib/python3.8/site-packages/airflow/example_dags/example_nested_branch_dag.py
[2024-03-09T10:39:38.940+0000] {processor.py:840} INFO - DAG(s) 'example_nested_branch_dag' retrieved from /home/airflow/.local/lib/python3.8/site-packages/airflow/example_dags/example_nested_branch_dag.py
[2024-03-09T10:39:38.967+0000] {logging_mixin.py:188} INFO - [2024-03-09T10:39:38.966+0000] {dag.py:3047} INFO - Sync 1 DAGs
[2024-03-09T10:39:38.999+0000] {logging_mixin.py:188} INFO - [2024-03-09T10:39:38.999+0000] {dag.py:3834} INFO - Setting next_dagrun for example_nested_branch_dag to 2024-03-08 00:00:00+00:00, run_after=2024-03-09 00:00:00+00:00
[2024-03-09T10:39:39.025+0000] {processor.py:183} INFO - Processing /home/airflow/.local/lib/python3.8/site-packages/airflow/example_dags/example_nested_branch_dag.py took 0.113 seconds
[2024-03-09T10:40:09.369+0000] {processor.py:161} INFO - Started process (PID=1088) to work on /home/airflow/.local/lib/python3.8/site-packages/airflow/example_dags/example_nested_branch_dag.py
[2024-03-09T10:40:09.370+0000] {processor.py:830} INFO - Processing file /home/airflow/.local/lib/python3.8/site-packages/airflow/example_dags/example_nested_branch_dag.py for tasks to queue
[2024-03-09T10:40:09.372+0000] {logging_mixin.py:188} INFO - [2024-03-09T10:40:09.372+0000] {dagbag.py:540} INFO - Filling up the DagBag from /home/airflow/.local/lib/python3.8/site-packages/airflow/example_dags/example_nested_branch_dag.py
[2024-03-09T10:40:09.381+0000] {processor.py:840} INFO - DAG(s) 'example_nested_branch_dag' retrieved from /home/airflow/.local/lib/python3.8/site-packages/airflow/example_dags/example_nested_branch_dag.py
[2024-03-09T10:40:09.406+0000] {logging_mixin.py:188} INFO - [2024-03-09T10:40:09.406+0000] {dag.py:3047} INFO - Sync 1 DAGs
[2024-03-09T10:40:09.430+0000] {logging_mixin.py:188} INFO - [2024-03-09T10:40:09.430+0000] {dag.py:3834} INFO - Setting next_dagrun for example_nested_branch_dag to 2024-03-08 00:00:00+00:00, run_after=2024-03-09 00:00:00+00:00
[2024-03-09T10:40:09.467+0000] {processor.py:183} INFO - Processing /home/airflow/.local/lib/python3.8/site-packages/airflow/example_dags/example_nested_branch_dag.py took 0.101 seconds
[2024-03-09T10:40:39.813+0000] {processor.py:161} INFO - Started process (PID=1143) to work on /home/airflow/.local/lib/python3.8/site-packages/airflow/example_dags/example_nested_branch_dag.py
[2024-03-09T10:40:39.814+0000] {processor.py:830} INFO - Processing file /home/airflow/.local/lib/python3.8/site-packages/airflow/example_dags/example_nested_branch_dag.py for tasks to queue
[2024-03-09T10:40:39.821+0000] {logging_mixin.py:188} INFO - [2024-03-09T10:40:39.820+0000] {dagbag.py:540} INFO - Filling up the DagBag from /home/airflow/.local/lib/python3.8/site-packages/airflow/example_dags/example_nested_branch_dag.py
[2024-03-09T10:40:39.833+0000] {processor.py:840} INFO - DAG(s) 'example_nested_branch_dag' retrieved from /home/airflow/.local/lib/python3.8/site-packages/airflow/example_dags/example_nested_branch_dag.py
[2024-03-09T10:40:39.871+0000] {logging_mixin.py:188} INFO - [2024-03-09T10:40:39.871+0000] {dag.py:3047} INFO - Sync 1 DAGs
[2024-03-09T10:40:39.912+0000] {logging_mixin.py:188} INFO - [2024-03-09T10:40:39.912+0000] {dag.py:3834} INFO - Setting next_dagrun for example_nested_branch_dag to 2024-03-08 00:00:00+00:00, run_after=2024-03-09 00:00:00+00:00
[2024-03-09T10:40:40.011+0000] {processor.py:183} INFO - Processing /home/airflow/.local/lib/python3.8/site-packages/airflow/example_dags/example_nested_branch_dag.py took 0.203 seconds
[2024-03-09T10:41:10.064+0000] {processor.py:161} INFO - Started process (PID=1198) to work on /home/airflow/.local/lib/python3.8/site-packages/airflow/example_dags/example_nested_branch_dag.py
[2024-03-09T10:41:10.067+0000] {processor.py:830} INFO - Processing file /home/airflow/.local/lib/python3.8/site-packages/airflow/example_dags/example_nested_branch_dag.py for tasks to queue
[2024-03-09T10:41:10.071+0000] {logging_mixin.py:188} INFO - [2024-03-09T10:41:10.070+0000] {dagbag.py:540} INFO - Filling up the DagBag from /home/airflow/.local/lib/python3.8/site-packages/airflow/example_dags/example_nested_branch_dag.py
[2024-03-09T10:41:10.088+0000] {processor.py:840} INFO - DAG(s) 'example_nested_branch_dag' retrieved from /home/airflow/.local/lib/python3.8/site-packages/airflow/example_dags/example_nested_branch_dag.py
[2024-03-09T10:41:10.115+0000] {logging_mixin.py:188} INFO - [2024-03-09T10:41:10.114+0000] {dag.py:3047} INFO - Sync 1 DAGs
[2024-03-09T10:41:10.143+0000] {logging_mixin.py:188} INFO - [2024-03-09T10:41:10.142+0000] {dag.py:3834} INFO - Setting next_dagrun for example_nested_branch_dag to 2024-03-08 00:00:00+00:00, run_after=2024-03-09 00:00:00+00:00
[2024-03-09T10:41:10.175+0000] {processor.py:183} INFO - Processing /home/airflow/.local/lib/python3.8/site-packages/airflow/example_dags/example_nested_branch_dag.py took 0.114 seconds
[2024-03-09T10:41:40.259+0000] {processor.py:161} INFO - Started process (PID=1253) to work on /home/airflow/.local/lib/python3.8/site-packages/airflow/example_dags/example_nested_branch_dag.py
[2024-03-09T10:41:40.260+0000] {processor.py:830} INFO - Processing file /home/airflow/.local/lib/python3.8/site-packages/airflow/example_dags/example_nested_branch_dag.py for tasks to queue
[2024-03-09T10:41:40.263+0000] {logging_mixin.py:188} INFO - [2024-03-09T10:41:40.263+0000] {dagbag.py:540} INFO - Filling up the DagBag from /home/airflow/.local/lib/python3.8/site-packages/airflow/example_dags/example_nested_branch_dag.py
[2024-03-09T10:41:40.274+0000] {processor.py:840} INFO - DAG(s) 'example_nested_branch_dag' retrieved from /home/airflow/.local/lib/python3.8/site-packages/airflow/example_dags/example_nested_branch_dag.py
[2024-03-09T10:41:40.304+0000] {logging_mixin.py:188} INFO - [2024-03-09T10:41:40.304+0000] {dag.py:3047} INFO - Sync 1 DAGs
[2024-03-09T10:41:40.336+0000] {logging_mixin.py:188} INFO - [2024-03-09T10:41:40.335+0000] {dag.py:3834} INFO - Setting next_dagrun for example_nested_branch_dag to 2024-03-08 00:00:00+00:00, run_after=2024-03-09 00:00:00+00:00
[2024-03-09T10:41:40.367+0000] {processor.py:183} INFO - Processing /home/airflow/.local/lib/python3.8/site-packages/airflow/example_dags/example_nested_branch_dag.py took 0.111 seconds
[2024-03-09T10:42:10.493+0000] {processor.py:161} INFO - Started process (PID=1308) to work on /home/airflow/.local/lib/python3.8/site-packages/airflow/example_dags/example_nested_branch_dag.py
[2024-03-09T10:42:10.494+0000] {processor.py:830} INFO - Processing file /home/airflow/.local/lib/python3.8/site-packages/airflow/example_dags/example_nested_branch_dag.py for tasks to queue
[2024-03-09T10:42:10.496+0000] {logging_mixin.py:188} INFO - [2024-03-09T10:42:10.496+0000] {dagbag.py:540} INFO - Filling up the DagBag from /home/airflow/.local/lib/python3.8/site-packages/airflow/example_dags/example_nested_branch_dag.py
[2024-03-09T10:42:10.507+0000] {processor.py:840} INFO - DAG(s) 'example_nested_branch_dag' retrieved from /home/airflow/.local/lib/python3.8/site-packages/airflow/example_dags/example_nested_branch_dag.py
[2024-03-09T10:42:10.534+0000] {logging_mixin.py:188} INFO - [2024-03-09T10:42:10.533+0000] {dag.py:3047} INFO - Sync 1 DAGs
[2024-03-09T10:42:10.560+0000] {logging_mixin.py:188} INFO - [2024-03-09T10:42:10.560+0000] {dag.py:3834} INFO - Setting next_dagrun for example_nested_branch_dag to 2024-03-08 00:00:00+00:00, run_after=2024-03-09 00:00:00+00:00
[2024-03-09T10:42:10.599+0000] {processor.py:183} INFO - Processing /home/airflow/.local/lib/python3.8/site-packages/airflow/example_dags/example_nested_branch_dag.py took 0.109 seconds
[2024-03-09T10:42:40.890+0000] {processor.py:161} INFO - Started process (PID=1363) to work on /home/airflow/.local/lib/python3.8/site-packages/airflow/example_dags/example_nested_branch_dag.py
[2024-03-09T10:42:40.891+0000] {processor.py:830} INFO - Processing file /home/airflow/.local/lib/python3.8/site-packages/airflow/example_dags/example_nested_branch_dag.py for tasks to queue
[2024-03-09T10:42:40.894+0000] {logging_mixin.py:188} INFO - [2024-03-09T10:42:40.893+0000] {dagbag.py:540} INFO - Filling up the DagBag from /home/airflow/.local/lib/python3.8/site-packages/airflow/example_dags/example_nested_branch_dag.py
[2024-03-09T10:42:40.903+0000] {processor.py:840} INFO - DAG(s) 'example_nested_branch_dag' retrieved from /home/airflow/.local/lib/python3.8/site-packages/airflow/example_dags/example_nested_branch_dag.py
[2024-03-09T10:42:40.931+0000] {logging_mixin.py:188} INFO - [2024-03-09T10:42:40.931+0000] {dag.py:3047} INFO - Sync 1 DAGs
[2024-03-09T10:42:40.959+0000] {logging_mixin.py:188} INFO - [2024-03-09T10:42:40.958+0000] {dag.py:3834} INFO - Setting next_dagrun for example_nested_branch_dag to 2024-03-08 00:00:00+00:00, run_after=2024-03-09 00:00:00+00:00
[2024-03-09T10:42:40.992+0000] {processor.py:183} INFO - Processing /home/airflow/.local/lib/python3.8/site-packages/airflow/example_dags/example_nested_branch_dag.py took 0.105 seconds
[2024-03-09T10:43:11.125+0000] {processor.py:161} INFO - Started process (PID=1418) to work on /home/airflow/.local/lib/python3.8/site-packages/airflow/example_dags/example_nested_branch_dag.py
[2024-03-09T10:43:11.127+0000] {processor.py:830} INFO - Processing file /home/airflow/.local/lib/python3.8/site-packages/airflow/example_dags/example_nested_branch_dag.py for tasks to queue
[2024-03-09T10:43:11.129+0000] {logging_mixin.py:188} INFO - [2024-03-09T10:43:11.128+0000] {dagbag.py:540} INFO - Filling up the DagBag from /home/airflow/.local/lib/python3.8/site-packages/airflow/example_dags/example_nested_branch_dag.py
[2024-03-09T10:43:11.139+0000] {processor.py:840} INFO - DAG(s) 'example_nested_branch_dag' retrieved from /home/airflow/.local/lib/python3.8/site-packages/airflow/example_dags/example_nested_branch_dag.py
[2024-03-09T10:43:11.167+0000] {logging_mixin.py:188} INFO - [2024-03-09T10:43:11.167+0000] {dag.py:3047} INFO - Sync 1 DAGs
[2024-03-09T10:43:11.194+0000] {logging_mixin.py:188} INFO - [2024-03-09T10:43:11.193+0000] {dag.py:3834} INFO - Setting next_dagrun for example_nested_branch_dag to 2024-03-08 00:00:00+00:00, run_after=2024-03-09 00:00:00+00:00
[2024-03-09T10:43:11.231+0000] {processor.py:183} INFO - Processing /home/airflow/.local/lib/python3.8/site-packages/airflow/example_dags/example_nested_branch_dag.py took 0.108 seconds
[2024-03-09T10:43:41.482+0000] {processor.py:161} INFO - Started process (PID=1473) to work on /home/airflow/.local/lib/python3.8/site-packages/airflow/example_dags/example_nested_branch_dag.py
[2024-03-09T10:43:41.483+0000] {processor.py:830} INFO - Processing file /home/airflow/.local/lib/python3.8/site-packages/airflow/example_dags/example_nested_branch_dag.py for tasks to queue
[2024-03-09T10:43:41.485+0000] {logging_mixin.py:188} INFO - [2024-03-09T10:43:41.485+0000] {dagbag.py:540} INFO - Filling up the DagBag from /home/airflow/.local/lib/python3.8/site-packages/airflow/example_dags/example_nested_branch_dag.py
[2024-03-09T10:43:41.499+0000] {processor.py:840} INFO - DAG(s) 'example_nested_branch_dag' retrieved from /home/airflow/.local/lib/python3.8/site-packages/airflow/example_dags/example_nested_branch_dag.py
[2024-03-09T10:43:41.532+0000] {logging_mixin.py:188} INFO - [2024-03-09T10:43:41.532+0000] {dag.py:3047} INFO - Sync 1 DAGs
[2024-03-09T10:43:41.564+0000] {logging_mixin.py:188} INFO - [2024-03-09T10:43:41.563+0000] {dag.py:3834} INFO - Setting next_dagrun for example_nested_branch_dag to 2024-03-08 00:00:00+00:00, run_after=2024-03-09 00:00:00+00:00
[2024-03-09T10:43:41.594+0000] {processor.py:183} INFO - Processing /home/airflow/.local/lib/python3.8/site-packages/airflow/example_dags/example_nested_branch_dag.py took 0.117 seconds
[2024-03-09T10:44:12.020+0000] {processor.py:161} INFO - Started process (PID=1528) to work on /home/airflow/.local/lib/python3.8/site-packages/airflow/example_dags/example_nested_branch_dag.py
[2024-03-09T10:44:12.022+0000] {processor.py:830} INFO - Processing file /home/airflow/.local/lib/python3.8/site-packages/airflow/example_dags/example_nested_branch_dag.py for tasks to queue
[2024-03-09T10:44:12.024+0000] {logging_mixin.py:188} INFO - [2024-03-09T10:44:12.023+0000] {dagbag.py:540} INFO - Filling up the DagBag from /home/airflow/.local/lib/python3.8/site-packages/airflow/example_dags/example_nested_branch_dag.py
[2024-03-09T10:44:12.034+0000] {processor.py:840} INFO - DAG(s) 'example_nested_branch_dag' retrieved from /home/airflow/.local/lib/python3.8/site-packages/airflow/example_dags/example_nested_branch_dag.py
[2024-03-09T10:44:12.058+0000] {logging_mixin.py:188} INFO - [2024-03-09T10:44:12.058+0000] {dag.py:3047} INFO - Sync 1 DAGs
[2024-03-09T10:44:12.081+0000] {logging_mixin.py:188} INFO - [2024-03-09T10:44:12.081+0000] {dag.py:3834} INFO - Setting next_dagrun for example_nested_branch_dag to 2024-03-08 00:00:00+00:00, run_after=2024-03-09 00:00:00+00:00
[2024-03-09T10:44:12.109+0000] {processor.py:183} INFO - Processing /home/airflow/.local/lib/python3.8/site-packages/airflow/example_dags/example_nested_branch_dag.py took 0.095 seconds
[2024-03-09T10:44:42.156+0000] {processor.py:161} INFO - Started process (PID=1583) to work on /home/airflow/.local/lib/python3.8/site-packages/airflow/example_dags/example_nested_branch_dag.py
[2024-03-09T10:44:42.157+0000] {processor.py:830} INFO - Processing file /home/airflow/.local/lib/python3.8/site-packages/airflow/example_dags/example_nested_branch_dag.py for tasks to queue
[2024-03-09T10:44:42.159+0000] {logging_mixin.py:188} INFO - [2024-03-09T10:44:42.159+0000] {dagbag.py:540} INFO - Filling up the DagBag from /home/airflow/.local/lib/python3.8/site-packages/airflow/example_dags/example_nested_branch_dag.py
[2024-03-09T10:44:42.174+0000] {processor.py:840} INFO - DAG(s) 'example_nested_branch_dag' retrieved from /home/airflow/.local/lib/python3.8/site-packages/airflow/example_dags/example_nested_branch_dag.py
[2024-03-09T10:44:42.206+0000] {logging_mixin.py:188} INFO - [2024-03-09T10:44:42.205+0000] {dag.py:3047} INFO - Sync 1 DAGs
[2024-03-09T10:44:42.237+0000] {logging_mixin.py:188} INFO - [2024-03-09T10:44:42.236+0000] {dag.py:3834} INFO - Setting next_dagrun for example_nested_branch_dag to 2024-03-08 00:00:00+00:00, run_after=2024-03-09 00:00:00+00:00
[2024-03-09T10:44:42.276+0000] {processor.py:183} INFO - Processing /home/airflow/.local/lib/python3.8/site-packages/airflow/example_dags/example_nested_branch_dag.py took 0.124 seconds
[2024-03-09T10:45:12.383+0000] {processor.py:161} INFO - Started process (PID=1638) to work on /home/airflow/.local/lib/python3.8/site-packages/airflow/example_dags/example_nested_branch_dag.py
[2024-03-09T10:45:12.385+0000] {processor.py:830} INFO - Processing file /home/airflow/.local/lib/python3.8/site-packages/airflow/example_dags/example_nested_branch_dag.py for tasks to queue
[2024-03-09T10:45:12.387+0000] {logging_mixin.py:188} INFO - [2024-03-09T10:45:12.386+0000] {dagbag.py:540} INFO - Filling up the DagBag from /home/airflow/.local/lib/python3.8/site-packages/airflow/example_dags/example_nested_branch_dag.py
[2024-03-09T10:45:12.399+0000] {processor.py:840} INFO - DAG(s) 'example_nested_branch_dag' retrieved from /home/airflow/.local/lib/python3.8/site-packages/airflow/example_dags/example_nested_branch_dag.py
[2024-03-09T10:45:12.426+0000] {logging_mixin.py:188} INFO - [2024-03-09T10:45:12.426+0000] {dag.py:3047} INFO - Sync 1 DAGs
[2024-03-09T10:45:12.453+0000] {logging_mixin.py:188} INFO - [2024-03-09T10:45:12.452+0000] {dag.py:3834} INFO - Setting next_dagrun for example_nested_branch_dag to 2024-03-08 00:00:00+00:00, run_after=2024-03-09 00:00:00+00:00
[2024-03-09T10:45:12.479+0000] {processor.py:183} INFO - Processing /home/airflow/.local/lib/python3.8/site-packages/airflow/example_dags/example_nested_branch_dag.py took 0.098 seconds
[2024-03-09T10:45:42.639+0000] {processor.py:161} INFO - Started process (PID=1693) to work on /home/airflow/.local/lib/python3.8/site-packages/airflow/example_dags/example_nested_branch_dag.py
[2024-03-09T10:45:42.641+0000] {processor.py:830} INFO - Processing file /home/airflow/.local/lib/python3.8/site-packages/airflow/example_dags/example_nested_branch_dag.py for tasks to queue
[2024-03-09T10:45:42.643+0000] {logging_mixin.py:188} INFO - [2024-03-09T10:45:42.643+0000] {dagbag.py:540} INFO - Filling up the DagBag from /home/airflow/.local/lib/python3.8/site-packages/airflow/example_dags/example_nested_branch_dag.py
[2024-03-09T10:45:42.653+0000] {processor.py:840} INFO - DAG(s) 'example_nested_branch_dag' retrieved from /home/airflow/.local/lib/python3.8/site-packages/airflow/example_dags/example_nested_branch_dag.py
[2024-03-09T10:45:42.678+0000] {logging_mixin.py:188} INFO - [2024-03-09T10:45:42.678+0000] {dag.py:3047} INFO - Sync 1 DAGs
[2024-03-09T10:45:42.706+0000] {logging_mixin.py:188} INFO - [2024-03-09T10:45:42.706+0000] {dag.py:3834} INFO - Setting next_dagrun for example_nested_branch_dag to 2024-03-08 00:00:00+00:00, run_after=2024-03-09 00:00:00+00:00
[2024-03-09T10:45:42.736+0000] {processor.py:183} INFO - Processing /home/airflow/.local/lib/python3.8/site-packages/airflow/example_dags/example_nested_branch_dag.py took 0.101 seconds
