[2024-03-09T10:30:36.583+0000] {processor.py:161} INFO - Started process (PID=64) to work on /home/airflow/.local/lib/python3.8/site-packages/airflow/example_dags/example_setup_teardown.py
[2024-03-09T10:30:36.585+0000] {processor.py:830} INFO - Processing file /home/airflow/.local/lib/python3.8/site-packages/airflow/example_dags/example_setup_teardown.py for tasks to queue
[2024-03-09T10:30:36.588+0000] {logging_mixin.py:188} INFO - [2024-03-09T10:30:36.587+0000] {dagbag.py:540} INFO - Filling up the DagBag from /home/airflow/.local/lib/python3.8/site-packages/airflow/example_dags/example_setup_teardown.py
[2024-03-09T10:30:36.604+0000] {processor.py:840} INFO - DAG(s) 'example_setup_teardown' retrieved from /home/airflow/.local/lib/python3.8/site-packages/airflow/example_dags/example_setup_teardown.py
[2024-03-09T10:30:36.780+0000] {logging_mixin.py:188} INFO - [2024-03-09T10:30:36.780+0000] {dag.py:3047} INFO - Sync 1 DAGs
[2024-03-09T10:30:36.812+0000] {logging_mixin.py:188} INFO - [2024-03-09T10:30:36.811+0000] {dag.py:3834} INFO - Setting next_dagrun for example_setup_teardown to 2024-03-08 00:00:00+00:00, run_after=2024-03-09 00:00:00+00:00
[2024-03-09T10:30:36.845+0000] {processor.py:183} INFO - Processing /home/airflow/.local/lib/python3.8/site-packages/airflow/example_dags/example_setup_teardown.py took 0.268 seconds
[2024-03-09T10:31:07.566+0000] {processor.py:161} INFO - Started process (PID=119) to work on /home/airflow/.local/lib/python3.8/site-packages/airflow/example_dags/example_setup_teardown.py
[2024-03-09T10:31:07.568+0000] {processor.py:830} INFO - Processing file /home/airflow/.local/lib/python3.8/site-packages/airflow/example_dags/example_setup_teardown.py for tasks to queue
[2024-03-09T10:31:07.570+0000] {logging_mixin.py:188} INFO - [2024-03-09T10:31:07.570+0000] {dagbag.py:540} INFO - Filling up the DagBag from /home/airflow/.local/lib/python3.8/site-packages/airflow/example_dags/example_setup_teardown.py
[2024-03-09T10:31:07.579+0000] {processor.py:840} INFO - DAG(s) 'example_setup_teardown' retrieved from /home/airflow/.local/lib/python3.8/site-packages/airflow/example_dags/example_setup_teardown.py
[2024-03-09T10:31:07.610+0000] {logging_mixin.py:188} INFO - [2024-03-09T10:31:07.609+0000] {dag.py:3047} INFO - Sync 1 DAGs
[2024-03-09T10:31:07.639+0000] {logging_mixin.py:188} INFO - [2024-03-09T10:31:07.638+0000] {dag.py:3834} INFO - Setting next_dagrun for example_setup_teardown to 2024-03-08 00:00:00+00:00, run_after=2024-03-09 00:00:00+00:00
[2024-03-09T10:31:07.666+0000] {processor.py:183} INFO - Processing /home/airflow/.local/lib/python3.8/site-packages/airflow/example_dags/example_setup_teardown.py took 0.103 seconds
[2024-03-09T10:31:37.980+0000] {processor.py:161} INFO - Started process (PID=174) to work on /home/airflow/.local/lib/python3.8/site-packages/airflow/example_dags/example_setup_teardown.py
[2024-03-09T10:31:37.981+0000] {processor.py:830} INFO - Processing file /home/airflow/.local/lib/python3.8/site-packages/airflow/example_dags/example_setup_teardown.py for tasks to queue
[2024-03-09T10:31:37.983+0000] {logging_mixin.py:188} INFO - [2024-03-09T10:31:37.983+0000] {dagbag.py:540} INFO - Filling up the DagBag from /home/airflow/.local/lib/python3.8/site-packages/airflow/example_dags/example_setup_teardown.py
[2024-03-09T10:31:37.991+0000] {processor.py:840} INFO - DAG(s) 'example_setup_teardown' retrieved from /home/airflow/.local/lib/python3.8/site-packages/airflow/example_dags/example_setup_teardown.py
[2024-03-09T10:31:38.031+0000] {logging_mixin.py:188} INFO - [2024-03-09T10:31:38.031+0000] {dag.py:3047} INFO - Sync 1 DAGs
[2024-03-09T10:31:38.058+0000] {logging_mixin.py:188} INFO - [2024-03-09T10:31:38.058+0000] {dag.py:3834} INFO - Setting next_dagrun for example_setup_teardown to 2024-03-08 00:00:00+00:00, run_after=2024-03-09 00:00:00+00:00
[2024-03-09T10:31:38.221+0000] {processor.py:183} INFO - Processing /home/airflow/.local/lib/python3.8/site-packages/airflow/example_dags/example_setup_teardown.py took 0.245 seconds
[2024-03-09T10:32:09.052+0000] {processor.py:161} INFO - Started process (PID=229) to work on /home/airflow/.local/lib/python3.8/site-packages/airflow/example_dags/example_setup_teardown.py
[2024-03-09T10:32:09.054+0000] {processor.py:830} INFO - Processing file /home/airflow/.local/lib/python3.8/site-packages/airflow/example_dags/example_setup_teardown.py for tasks to queue
[2024-03-09T10:32:09.057+0000] {logging_mixin.py:188} INFO - [2024-03-09T10:32:09.056+0000] {dagbag.py:540} INFO - Filling up the DagBag from /home/airflow/.local/lib/python3.8/site-packages/airflow/example_dags/example_setup_teardown.py
[2024-03-09T10:32:09.066+0000] {processor.py:840} INFO - DAG(s) 'example_setup_teardown' retrieved from /home/airflow/.local/lib/python3.8/site-packages/airflow/example_dags/example_setup_teardown.py
[2024-03-09T10:32:09.094+0000] {logging_mixin.py:188} INFO - [2024-03-09T10:32:09.094+0000] {dag.py:3047} INFO - Sync 1 DAGs
[2024-03-09T10:32:09.123+0000] {logging_mixin.py:188} INFO - [2024-03-09T10:32:09.123+0000] {dag.py:3834} INFO - Setting next_dagrun for example_setup_teardown to 2024-03-08 00:00:00+00:00, run_after=2024-03-09 00:00:00+00:00
[2024-03-09T10:32:09.154+0000] {processor.py:183} INFO - Processing /home/airflow/.local/lib/python3.8/site-packages/airflow/example_dags/example_setup_teardown.py took 0.105 seconds
[2024-03-09T10:32:39.631+0000] {processor.py:161} INFO - Started process (PID=284) to work on /home/airflow/.local/lib/python3.8/site-packages/airflow/example_dags/example_setup_teardown.py
[2024-03-09T10:32:39.632+0000] {processor.py:830} INFO - Processing file /home/airflow/.local/lib/python3.8/site-packages/airflow/example_dags/example_setup_teardown.py for tasks to queue
[2024-03-09T10:32:39.634+0000] {logging_mixin.py:188} INFO - [2024-03-09T10:32:39.634+0000] {dagbag.py:540} INFO - Filling up the DagBag from /home/airflow/.local/lib/python3.8/site-packages/airflow/example_dags/example_setup_teardown.py
[2024-03-09T10:32:39.640+0000] {processor.py:840} INFO - DAG(s) 'example_setup_teardown' retrieved from /home/airflow/.local/lib/python3.8/site-packages/airflow/example_dags/example_setup_teardown.py
[2024-03-09T10:32:39.666+0000] {logging_mixin.py:188} INFO - [2024-03-09T10:32:39.666+0000] {dag.py:3047} INFO - Sync 1 DAGs
[2024-03-09T10:32:39.695+0000] {logging_mixin.py:188} INFO - [2024-03-09T10:32:39.695+0000] {dag.py:3834} INFO - Setting next_dagrun for example_setup_teardown to 2024-03-08 00:00:00+00:00, run_after=2024-03-09 00:00:00+00:00
[2024-03-09T10:32:39.722+0000] {processor.py:183} INFO - Processing /home/airflow/.local/lib/python3.8/site-packages/airflow/example_dags/example_setup_teardown.py took 0.094 seconds
[2024-03-09T10:33:09.970+0000] {processor.py:161} INFO - Started process (PID=339) to work on /home/airflow/.local/lib/python3.8/site-packages/airflow/example_dags/example_setup_teardown.py
[2024-03-09T10:33:09.971+0000] {processor.py:830} INFO - Processing file /home/airflow/.local/lib/python3.8/site-packages/airflow/example_dags/example_setup_teardown.py for tasks to queue
[2024-03-09T10:33:09.973+0000] {logging_mixin.py:188} INFO - [2024-03-09T10:33:09.973+0000] {dagbag.py:540} INFO - Filling up the DagBag from /home/airflow/.local/lib/python3.8/site-packages/airflow/example_dags/example_setup_teardown.py
[2024-03-09T10:33:09.979+0000] {processor.py:840} INFO - DAG(s) 'example_setup_teardown' retrieved from /home/airflow/.local/lib/python3.8/site-packages/airflow/example_dags/example_setup_teardown.py
[2024-03-09T10:33:10.006+0000] {logging_mixin.py:188} INFO - [2024-03-09T10:33:10.005+0000] {dag.py:3047} INFO - Sync 1 DAGs
[2024-03-09T10:33:10.029+0000] {logging_mixin.py:188} INFO - [2024-03-09T10:33:10.029+0000] {dag.py:3834} INFO - Setting next_dagrun for example_setup_teardown to 2024-03-08 00:00:00+00:00, run_after=2024-03-09 00:00:00+00:00
[2024-03-09T10:33:10.055+0000] {processor.py:183} INFO - Processing /home/airflow/.local/lib/python3.8/site-packages/airflow/example_dags/example_setup_teardown.py took 0.088 seconds
[2024-03-09T10:33:40.413+0000] {processor.py:161} INFO - Started process (PID=394) to work on /home/airflow/.local/lib/python3.8/site-packages/airflow/example_dags/example_setup_teardown.py
[2024-03-09T10:33:40.416+0000] {processor.py:830} INFO - Processing file /home/airflow/.local/lib/python3.8/site-packages/airflow/example_dags/example_setup_teardown.py for tasks to queue
[2024-03-09T10:33:40.421+0000] {logging_mixin.py:188} INFO - [2024-03-09T10:33:40.420+0000] {dagbag.py:540} INFO - Filling up the DagBag from /home/airflow/.local/lib/python3.8/site-packages/airflow/example_dags/example_setup_teardown.py
[2024-03-09T10:33:40.427+0000] {processor.py:840} INFO - DAG(s) 'example_setup_teardown' retrieved from /home/airflow/.local/lib/python3.8/site-packages/airflow/example_dags/example_setup_teardown.py
[2024-03-09T10:33:40.461+0000] {logging_mixin.py:188} INFO - [2024-03-09T10:33:40.461+0000] {dag.py:3047} INFO - Sync 1 DAGs
[2024-03-09T10:33:40.496+0000] {logging_mixin.py:188} INFO - [2024-03-09T10:33:40.496+0000] {dag.py:3834} INFO - Setting next_dagrun for example_setup_teardown to 2024-03-08 00:00:00+00:00, run_after=2024-03-09 00:00:00+00:00
[2024-03-09T10:33:40.538+0000] {processor.py:183} INFO - Processing /home/airflow/.local/lib/python3.8/site-packages/airflow/example_dags/example_setup_teardown.py took 0.128 seconds
[2024-03-09T10:34:10.815+0000] {processor.py:161} INFO - Started process (PID=449) to work on /home/airflow/.local/lib/python3.8/site-packages/airflow/example_dags/example_setup_teardown.py
[2024-03-09T10:34:10.817+0000] {processor.py:830} INFO - Processing file /home/airflow/.local/lib/python3.8/site-packages/airflow/example_dags/example_setup_teardown.py for tasks to queue
[2024-03-09T10:34:10.819+0000] {logging_mixin.py:188} INFO - [2024-03-09T10:34:10.819+0000] {dagbag.py:540} INFO - Filling up the DagBag from /home/airflow/.local/lib/python3.8/site-packages/airflow/example_dags/example_setup_teardown.py
[2024-03-09T10:34:10.826+0000] {processor.py:840} INFO - DAG(s) 'example_setup_teardown' retrieved from /home/airflow/.local/lib/python3.8/site-packages/airflow/example_dags/example_setup_teardown.py
[2024-03-09T10:34:10.848+0000] {logging_mixin.py:188} INFO - [2024-03-09T10:34:10.848+0000] {dag.py:3047} INFO - Sync 1 DAGs
[2024-03-09T10:34:10.873+0000] {logging_mixin.py:188} INFO - [2024-03-09T10:34:10.872+0000] {dag.py:3834} INFO - Setting next_dagrun for example_setup_teardown to 2024-03-08 00:00:00+00:00, run_after=2024-03-09 00:00:00+00:00
[2024-03-09T10:34:10.900+0000] {processor.py:183} INFO - Processing /home/airflow/.local/lib/python3.8/site-packages/airflow/example_dags/example_setup_teardown.py took 0.087 seconds
[2024-03-09T10:34:41.282+0000] {processor.py:161} INFO - Started process (PID=504) to work on /home/airflow/.local/lib/python3.8/site-packages/airflow/example_dags/example_setup_teardown.py
[2024-03-09T10:34:41.283+0000] {processor.py:830} INFO - Processing file /home/airflow/.local/lib/python3.8/site-packages/airflow/example_dags/example_setup_teardown.py for tasks to queue
[2024-03-09T10:34:41.285+0000] {logging_mixin.py:188} INFO - [2024-03-09T10:34:41.285+0000] {dagbag.py:540} INFO - Filling up the DagBag from /home/airflow/.local/lib/python3.8/site-packages/airflow/example_dags/example_setup_teardown.py
[2024-03-09T10:34:41.291+0000] {processor.py:840} INFO - DAG(s) 'example_setup_teardown' retrieved from /home/airflow/.local/lib/python3.8/site-packages/airflow/example_dags/example_setup_teardown.py
[2024-03-09T10:34:41.317+0000] {logging_mixin.py:188} INFO - [2024-03-09T10:34:41.317+0000] {dag.py:3047} INFO - Sync 1 DAGs
[2024-03-09T10:34:41.340+0000] {logging_mixin.py:188} INFO - [2024-03-09T10:34:41.339+0000] {dag.py:3834} INFO - Setting next_dagrun for example_setup_teardown to 2024-03-08 00:00:00+00:00, run_after=2024-03-09 00:00:00+00:00
[2024-03-09T10:34:41.371+0000] {processor.py:183} INFO - Processing /home/airflow/.local/lib/python3.8/site-packages/airflow/example_dags/example_setup_teardown.py took 0.092 seconds
[2024-03-09T10:35:11.613+0000] {processor.py:161} INFO - Started process (PID=559) to work on /home/airflow/.local/lib/python3.8/site-packages/airflow/example_dags/example_setup_teardown.py
[2024-03-09T10:35:11.614+0000] {processor.py:830} INFO - Processing file /home/airflow/.local/lib/python3.8/site-packages/airflow/example_dags/example_setup_teardown.py for tasks to queue
[2024-03-09T10:35:11.616+0000] {logging_mixin.py:188} INFO - [2024-03-09T10:35:11.616+0000] {dagbag.py:540} INFO - Filling up the DagBag from /home/airflow/.local/lib/python3.8/site-packages/airflow/example_dags/example_setup_teardown.py
[2024-03-09T10:35:11.622+0000] {processor.py:840} INFO - DAG(s) 'example_setup_teardown' retrieved from /home/airflow/.local/lib/python3.8/site-packages/airflow/example_dags/example_setup_teardown.py
[2024-03-09T10:35:11.647+0000] {logging_mixin.py:188} INFO - [2024-03-09T10:35:11.647+0000] {dag.py:3047} INFO - Sync 1 DAGs
[2024-03-09T10:35:11.670+0000] {logging_mixin.py:188} INFO - [2024-03-09T10:35:11.670+0000] {dag.py:3834} INFO - Setting next_dagrun for example_setup_teardown to 2024-03-08 00:00:00+00:00, run_after=2024-03-09 00:00:00+00:00
[2024-03-09T10:35:11.702+0000] {processor.py:183} INFO - Processing /home/airflow/.local/lib/python3.8/site-packages/airflow/example_dags/example_setup_teardown.py took 0.092 seconds
[2024-03-09T10:35:42.112+0000] {processor.py:161} INFO - Started process (PID=614) to work on /home/airflow/.local/lib/python3.8/site-packages/airflow/example_dags/example_setup_teardown.py
[2024-03-09T10:35:42.113+0000] {processor.py:830} INFO - Processing file /home/airflow/.local/lib/python3.8/site-packages/airflow/example_dags/example_setup_teardown.py for tasks to queue
[2024-03-09T10:35:42.115+0000] {logging_mixin.py:188} INFO - [2024-03-09T10:35:42.115+0000] {dagbag.py:540} INFO - Filling up the DagBag from /home/airflow/.local/lib/python3.8/site-packages/airflow/example_dags/example_setup_teardown.py
[2024-03-09T10:35:42.121+0000] {processor.py:840} INFO - DAG(s) 'example_setup_teardown' retrieved from /home/airflow/.local/lib/python3.8/site-packages/airflow/example_dags/example_setup_teardown.py
[2024-03-09T10:35:42.147+0000] {logging_mixin.py:188} INFO - [2024-03-09T10:35:42.147+0000] {dag.py:3047} INFO - Sync 1 DAGs
[2024-03-09T10:35:42.170+0000] {logging_mixin.py:188} INFO - [2024-03-09T10:35:42.170+0000] {dag.py:3834} INFO - Setting next_dagrun for example_setup_teardown to 2024-03-08 00:00:00+00:00, run_after=2024-03-09 00:00:00+00:00
[2024-03-09T10:35:42.202+0000] {processor.py:183} INFO - Processing /home/airflow/.local/lib/python3.8/site-packages/airflow/example_dags/example_setup_teardown.py took 0.094 seconds
[2024-03-09T10:36:13.165+0000] {processor.py:161} INFO - Started process (PID=669) to work on /home/airflow/.local/lib/python3.8/site-packages/airflow/example_dags/example_setup_teardown.py
[2024-03-09T10:36:13.166+0000] {processor.py:830} INFO - Processing file /home/airflow/.local/lib/python3.8/site-packages/airflow/example_dags/example_setup_teardown.py for tasks to queue
[2024-03-09T10:36:13.168+0000] {logging_mixin.py:188} INFO - [2024-03-09T10:36:13.167+0000] {dagbag.py:540} INFO - Filling up the DagBag from /home/airflow/.local/lib/python3.8/site-packages/airflow/example_dags/example_setup_teardown.py
[2024-03-09T10:36:13.176+0000] {processor.py:840} INFO - DAG(s) 'example_setup_teardown' retrieved from /home/airflow/.local/lib/python3.8/site-packages/airflow/example_dags/example_setup_teardown.py
[2024-03-09T10:36:13.202+0000] {logging_mixin.py:188} INFO - [2024-03-09T10:36:13.202+0000] {dag.py:3047} INFO - Sync 1 DAGs
[2024-03-09T10:36:13.226+0000] {logging_mixin.py:188} INFO - [2024-03-09T10:36:13.226+0000] {dag.py:3834} INFO - Setting next_dagrun for example_setup_teardown to 2024-03-08 00:00:00+00:00, run_after=2024-03-09 00:00:00+00:00
[2024-03-09T10:36:13.257+0000] {processor.py:183} INFO - Processing /home/airflow/.local/lib/python3.8/site-packages/airflow/example_dags/example_setup_teardown.py took 0.095 seconds
[2024-03-09T10:36:43.554+0000] {processor.py:161} INFO - Started process (PID=724) to work on /home/airflow/.local/lib/python3.8/site-packages/airflow/example_dags/example_setup_teardown.py
[2024-03-09T10:36:43.555+0000] {processor.py:830} INFO - Processing file /home/airflow/.local/lib/python3.8/site-packages/airflow/example_dags/example_setup_teardown.py for tasks to queue
[2024-03-09T10:36:43.557+0000] {logging_mixin.py:188} INFO - [2024-03-09T10:36:43.557+0000] {dagbag.py:540} INFO - Filling up the DagBag from /home/airflow/.local/lib/python3.8/site-packages/airflow/example_dags/example_setup_teardown.py
[2024-03-09T10:36:43.563+0000] {processor.py:840} INFO - DAG(s) 'example_setup_teardown' retrieved from /home/airflow/.local/lib/python3.8/site-packages/airflow/example_dags/example_setup_teardown.py
[2024-03-09T10:36:43.589+0000] {logging_mixin.py:188} INFO - [2024-03-09T10:36:43.589+0000] {dag.py:3047} INFO - Sync 1 DAGs
[2024-03-09T10:36:43.612+0000] {logging_mixin.py:188} INFO - [2024-03-09T10:36:43.612+0000] {dag.py:3834} INFO - Setting next_dagrun for example_setup_teardown to 2024-03-08 00:00:00+00:00, run_after=2024-03-09 00:00:00+00:00
[2024-03-09T10:36:43.644+0000] {processor.py:183} INFO - Processing /home/airflow/.local/lib/python3.8/site-packages/airflow/example_dags/example_setup_teardown.py took 0.093 seconds
[2024-03-09T10:37:14.431+0000] {processor.py:161} INFO - Started process (PID=779) to work on /home/airflow/.local/lib/python3.8/site-packages/airflow/example_dags/example_setup_teardown.py
[2024-03-09T10:37:14.432+0000] {processor.py:830} INFO - Processing file /home/airflow/.local/lib/python3.8/site-packages/airflow/example_dags/example_setup_teardown.py for tasks to queue
[2024-03-09T10:37:14.435+0000] {logging_mixin.py:188} INFO - [2024-03-09T10:37:14.434+0000] {dagbag.py:540} INFO - Filling up the DagBag from /home/airflow/.local/lib/python3.8/site-packages/airflow/example_dags/example_setup_teardown.py
[2024-03-09T10:37:14.441+0000] {processor.py:840} INFO - DAG(s) 'example_setup_teardown' retrieved from /home/airflow/.local/lib/python3.8/site-packages/airflow/example_dags/example_setup_teardown.py
[2024-03-09T10:37:14.466+0000] {logging_mixin.py:188} INFO - [2024-03-09T10:37:14.465+0000] {dag.py:3047} INFO - Sync 1 DAGs
[2024-03-09T10:37:14.494+0000] {logging_mixin.py:188} INFO - [2024-03-09T10:37:14.493+0000] {dag.py:3834} INFO - Setting next_dagrun for example_setup_teardown to 2024-03-08 00:00:00+00:00, run_after=2024-03-09 00:00:00+00:00
[2024-03-09T10:37:14.519+0000] {processor.py:183} INFO - Processing /home/airflow/.local/lib/python3.8/site-packages/airflow/example_dags/example_setup_teardown.py took 0.091 seconds
[2024-03-09T10:37:44.817+0000] {processor.py:161} INFO - Started process (PID=834) to work on /home/airflow/.local/lib/python3.8/site-packages/airflow/example_dags/example_setup_teardown.py
[2024-03-09T10:37:44.819+0000] {processor.py:830} INFO - Processing file /home/airflow/.local/lib/python3.8/site-packages/airflow/example_dags/example_setup_teardown.py for tasks to queue
[2024-03-09T10:37:44.821+0000] {logging_mixin.py:188} INFO - [2024-03-09T10:37:44.821+0000] {dagbag.py:540} INFO - Filling up the DagBag from /home/airflow/.local/lib/python3.8/site-packages/airflow/example_dags/example_setup_teardown.py
[2024-03-09T10:37:44.827+0000] {processor.py:840} INFO - DAG(s) 'example_setup_teardown' retrieved from /home/airflow/.local/lib/python3.8/site-packages/airflow/example_dags/example_setup_teardown.py
[2024-03-09T10:37:44.850+0000] {logging_mixin.py:188} INFO - [2024-03-09T10:37:44.850+0000] {dag.py:3047} INFO - Sync 1 DAGs
[2024-03-09T10:37:44.874+0000] {logging_mixin.py:188} INFO - [2024-03-09T10:37:44.873+0000] {dag.py:3834} INFO - Setting next_dagrun for example_setup_teardown to 2024-03-08 00:00:00+00:00, run_after=2024-03-09 00:00:00+00:00
[2024-03-09T10:37:44.901+0000] {processor.py:183} INFO - Processing /home/airflow/.local/lib/python3.8/site-packages/airflow/example_dags/example_setup_teardown.py took 0.087 seconds
[2024-03-09T10:38:15.439+0000] {processor.py:161} INFO - Started process (PID=889) to work on /home/airflow/.local/lib/python3.8/site-packages/airflow/example_dags/example_setup_teardown.py
[2024-03-09T10:38:15.441+0000] {processor.py:830} INFO - Processing file /home/airflow/.local/lib/python3.8/site-packages/airflow/example_dags/example_setup_teardown.py for tasks to queue
[2024-03-09T10:38:15.443+0000] {logging_mixin.py:188} INFO - [2024-03-09T10:38:15.443+0000] {dagbag.py:540} INFO - Filling up the DagBag from /home/airflow/.local/lib/python3.8/site-packages/airflow/example_dags/example_setup_teardown.py
[2024-03-09T10:38:15.452+0000] {processor.py:840} INFO - DAG(s) 'example_setup_teardown' retrieved from /home/airflow/.local/lib/python3.8/site-packages/airflow/example_dags/example_setup_teardown.py
[2024-03-09T10:38:15.476+0000] {logging_mixin.py:188} INFO - [2024-03-09T10:38:15.476+0000] {dag.py:3047} INFO - Sync 1 DAGs
[2024-03-09T10:38:15.500+0000] {logging_mixin.py:188} INFO - [2024-03-09T10:38:15.499+0000] {dag.py:3834} INFO - Setting next_dagrun for example_setup_teardown to 2024-03-08 00:00:00+00:00, run_after=2024-03-09 00:00:00+00:00
[2024-03-09T10:38:15.532+0000] {processor.py:183} INFO - Processing /home/airflow/.local/lib/python3.8/site-packages/airflow/example_dags/example_setup_teardown.py took 0.096 seconds
[2024-03-09T10:38:46.038+0000] {processor.py:161} INFO - Started process (PID=944) to work on /home/airflow/.local/lib/python3.8/site-packages/airflow/example_dags/example_setup_teardown.py
[2024-03-09T10:38:46.040+0000] {processor.py:830} INFO - Processing file /home/airflow/.local/lib/python3.8/site-packages/airflow/example_dags/example_setup_teardown.py for tasks to queue
[2024-03-09T10:38:46.042+0000] {logging_mixin.py:188} INFO - [2024-03-09T10:38:46.042+0000] {dagbag.py:540} INFO - Filling up the DagBag from /home/airflow/.local/lib/python3.8/site-packages/airflow/example_dags/example_setup_teardown.py
[2024-03-09T10:38:46.051+0000] {processor.py:840} INFO - DAG(s) 'example_setup_teardown' retrieved from /home/airflow/.local/lib/python3.8/site-packages/airflow/example_dags/example_setup_teardown.py
[2024-03-09T10:38:46.087+0000] {logging_mixin.py:188} INFO - [2024-03-09T10:38:46.087+0000] {dag.py:3047} INFO - Sync 1 DAGs
[2024-03-09T10:38:46.116+0000] {logging_mixin.py:188} INFO - [2024-03-09T10:38:46.115+0000] {dag.py:3834} INFO - Setting next_dagrun for example_setup_teardown to 2024-03-08 00:00:00+00:00, run_after=2024-03-09 00:00:00+00:00
[2024-03-09T10:38:46.170+0000] {processor.py:183} INFO - Processing /home/airflow/.local/lib/python3.8/site-packages/airflow/example_dags/example_setup_teardown.py took 0.137 seconds
[2024-03-09T10:39:16.343+0000] {processor.py:161} INFO - Started process (PID=999) to work on /home/airflow/.local/lib/python3.8/site-packages/airflow/example_dags/example_setup_teardown.py
[2024-03-09T10:39:16.345+0000] {processor.py:830} INFO - Processing file /home/airflow/.local/lib/python3.8/site-packages/airflow/example_dags/example_setup_teardown.py for tasks to queue
[2024-03-09T10:39:16.348+0000] {logging_mixin.py:188} INFO - [2024-03-09T10:39:16.348+0000] {dagbag.py:540} INFO - Filling up the DagBag from /home/airflow/.local/lib/python3.8/site-packages/airflow/example_dags/example_setup_teardown.py
[2024-03-09T10:39:16.359+0000] {processor.py:840} INFO - DAG(s) 'example_setup_teardown' retrieved from /home/airflow/.local/lib/python3.8/site-packages/airflow/example_dags/example_setup_teardown.py
[2024-03-09T10:39:16.389+0000] {logging_mixin.py:188} INFO - [2024-03-09T10:39:16.388+0000] {dag.py:3047} INFO - Sync 1 DAGs
[2024-03-09T10:39:16.424+0000] {logging_mixin.py:188} INFO - [2024-03-09T10:39:16.424+0000] {dag.py:3834} INFO - Setting next_dagrun for example_setup_teardown to 2024-03-08 00:00:00+00:00, run_after=2024-03-09 00:00:00+00:00
[2024-03-09T10:39:16.470+0000] {processor.py:183} INFO - Processing /home/airflow/.local/lib/python3.8/site-packages/airflow/example_dags/example_setup_teardown.py took 0.131 seconds
[2024-03-09T10:39:47.453+0000] {processor.py:161} INFO - Started process (PID=1054) to work on /home/airflow/.local/lib/python3.8/site-packages/airflow/example_dags/example_setup_teardown.py
[2024-03-09T10:39:47.455+0000] {processor.py:830} INFO - Processing file /home/airflow/.local/lib/python3.8/site-packages/airflow/example_dags/example_setup_teardown.py for tasks to queue
[2024-03-09T10:39:47.457+0000] {logging_mixin.py:188} INFO - [2024-03-09T10:39:47.457+0000] {dagbag.py:540} INFO - Filling up the DagBag from /home/airflow/.local/lib/python3.8/site-packages/airflow/example_dags/example_setup_teardown.py
[2024-03-09T10:39:47.468+0000] {processor.py:840} INFO - DAG(s) 'example_setup_teardown' retrieved from /home/airflow/.local/lib/python3.8/site-packages/airflow/example_dags/example_setup_teardown.py
[2024-03-09T10:39:47.504+0000] {logging_mixin.py:188} INFO - [2024-03-09T10:39:47.504+0000] {dag.py:3047} INFO - Sync 1 DAGs
[2024-03-09T10:39:47.554+0000] {logging_mixin.py:188} INFO - [2024-03-09T10:39:47.554+0000] {dag.py:3834} INFO - Setting next_dagrun for example_setup_teardown to 2024-03-08 00:00:00+00:00, run_after=2024-03-09 00:00:00+00:00
[2024-03-09T10:39:47.583+0000] {processor.py:183} INFO - Processing /home/airflow/.local/lib/python3.8/site-packages/airflow/example_dags/example_setup_teardown.py took 0.137 seconds
[2024-03-09T10:40:17.793+0000] {processor.py:161} INFO - Started process (PID=1109) to work on /home/airflow/.local/lib/python3.8/site-packages/airflow/example_dags/example_setup_teardown.py
[2024-03-09T10:40:17.795+0000] {processor.py:830} INFO - Processing file /home/airflow/.local/lib/python3.8/site-packages/airflow/example_dags/example_setup_teardown.py for tasks to queue
[2024-03-09T10:40:17.797+0000] {logging_mixin.py:188} INFO - [2024-03-09T10:40:17.797+0000] {dagbag.py:540} INFO - Filling up the DagBag from /home/airflow/.local/lib/python3.8/site-packages/airflow/example_dags/example_setup_teardown.py
[2024-03-09T10:40:17.803+0000] {processor.py:840} INFO - DAG(s) 'example_setup_teardown' retrieved from /home/airflow/.local/lib/python3.8/site-packages/airflow/example_dags/example_setup_teardown.py
[2024-03-09T10:40:17.828+0000] {logging_mixin.py:188} INFO - [2024-03-09T10:40:17.828+0000] {dag.py:3047} INFO - Sync 1 DAGs
[2024-03-09T10:40:17.851+0000] {logging_mixin.py:188} INFO - [2024-03-09T10:40:17.851+0000] {dag.py:3834} INFO - Setting next_dagrun for example_setup_teardown to 2024-03-08 00:00:00+00:00, run_after=2024-03-09 00:00:00+00:00
[2024-03-09T10:40:17.882+0000] {processor.py:183} INFO - Processing /home/airflow/.local/lib/python3.8/site-packages/airflow/example_dags/example_setup_teardown.py took 0.091 seconds
[2024-03-09T10:40:48.526+0000] {processor.py:161} INFO - Started process (PID=1164) to work on /home/airflow/.local/lib/python3.8/site-packages/airflow/example_dags/example_setup_teardown.py
[2024-03-09T10:40:48.528+0000] {processor.py:830} INFO - Processing file /home/airflow/.local/lib/python3.8/site-packages/airflow/example_dags/example_setup_teardown.py for tasks to queue
[2024-03-09T10:40:48.530+0000] {logging_mixin.py:188} INFO - [2024-03-09T10:40:48.529+0000] {dagbag.py:540} INFO - Filling up the DagBag from /home/airflow/.local/lib/python3.8/site-packages/airflow/example_dags/example_setup_teardown.py
[2024-03-09T10:40:48.536+0000] {processor.py:840} INFO - DAG(s) 'example_setup_teardown' retrieved from /home/airflow/.local/lib/python3.8/site-packages/airflow/example_dags/example_setup_teardown.py
[2024-03-09T10:40:48.562+0000] {logging_mixin.py:188} INFO - [2024-03-09T10:40:48.562+0000] {dag.py:3047} INFO - Sync 1 DAGs
[2024-03-09T10:40:48.586+0000] {logging_mixin.py:188} INFO - [2024-03-09T10:40:48.585+0000] {dag.py:3834} INFO - Setting next_dagrun for example_setup_teardown to 2024-03-08 00:00:00+00:00, run_after=2024-03-09 00:00:00+00:00
[2024-03-09T10:40:48.615+0000] {processor.py:183} INFO - Processing /home/airflow/.local/lib/python3.8/site-packages/airflow/example_dags/example_setup_teardown.py took 0.091 seconds
[2024-03-09T10:41:19.412+0000] {processor.py:161} INFO - Started process (PID=1219) to work on /home/airflow/.local/lib/python3.8/site-packages/airflow/example_dags/example_setup_teardown.py
[2024-03-09T10:41:19.413+0000] {processor.py:830} INFO - Processing file /home/airflow/.local/lib/python3.8/site-packages/airflow/example_dags/example_setup_teardown.py for tasks to queue
[2024-03-09T10:41:19.415+0000] {logging_mixin.py:188} INFO - [2024-03-09T10:41:19.415+0000] {dagbag.py:540} INFO - Filling up the DagBag from /home/airflow/.local/lib/python3.8/site-packages/airflow/example_dags/example_setup_teardown.py
[2024-03-09T10:41:19.421+0000] {processor.py:840} INFO - DAG(s) 'example_setup_teardown' retrieved from /home/airflow/.local/lib/python3.8/site-packages/airflow/example_dags/example_setup_teardown.py
[2024-03-09T10:41:19.450+0000] {logging_mixin.py:188} INFO - [2024-03-09T10:41:19.450+0000] {dag.py:3047} INFO - Sync 1 DAGs
[2024-03-09T10:41:19.474+0000] {logging_mixin.py:188} INFO - [2024-03-09T10:41:19.474+0000] {dag.py:3834} INFO - Setting next_dagrun for example_setup_teardown to 2024-03-08 00:00:00+00:00, run_after=2024-03-09 00:00:00+00:00
[2024-03-09T10:41:19.501+0000] {processor.py:183} INFO - Processing /home/airflow/.local/lib/python3.8/site-packages/airflow/example_dags/example_setup_teardown.py took 0.091 seconds
[2024-03-09T10:41:49.682+0000] {processor.py:161} INFO - Started process (PID=1274) to work on /home/airflow/.local/lib/python3.8/site-packages/airflow/example_dags/example_setup_teardown.py
[2024-03-09T10:41:49.683+0000] {processor.py:830} INFO - Processing file /home/airflow/.local/lib/python3.8/site-packages/airflow/example_dags/example_setup_teardown.py for tasks to queue
[2024-03-09T10:41:49.685+0000] {logging_mixin.py:188} INFO - [2024-03-09T10:41:49.685+0000] {dagbag.py:540} INFO - Filling up the DagBag from /home/airflow/.local/lib/python3.8/site-packages/airflow/example_dags/example_setup_teardown.py
[2024-03-09T10:41:49.694+0000] {processor.py:840} INFO - DAG(s) 'example_setup_teardown' retrieved from /home/airflow/.local/lib/python3.8/site-packages/airflow/example_dags/example_setup_teardown.py
[2024-03-09T10:41:49.721+0000] {logging_mixin.py:188} INFO - [2024-03-09T10:41:49.721+0000] {dag.py:3047} INFO - Sync 1 DAGs
[2024-03-09T10:41:49.757+0000] {logging_mixin.py:188} INFO - [2024-03-09T10:41:49.757+0000] {dag.py:3834} INFO - Setting next_dagrun for example_setup_teardown to 2024-03-08 00:00:00+00:00, run_after=2024-03-09 00:00:00+00:00
[2024-03-09T10:41:49.795+0000] {processor.py:183} INFO - Processing /home/airflow/.local/lib/python3.8/site-packages/airflow/example_dags/example_setup_teardown.py took 0.116 seconds
[2024-03-09T10:42:19.837+0000] {processor.py:161} INFO - Started process (PID=1328) to work on /home/airflow/.local/lib/python3.8/site-packages/airflow/example_dags/example_setup_teardown.py
[2024-03-09T10:42:19.838+0000] {processor.py:830} INFO - Processing file /home/airflow/.local/lib/python3.8/site-packages/airflow/example_dags/example_setup_teardown.py for tasks to queue
[2024-03-09T10:42:19.840+0000] {logging_mixin.py:188} INFO - [2024-03-09T10:42:19.839+0000] {dagbag.py:540} INFO - Filling up the DagBag from /home/airflow/.local/lib/python3.8/site-packages/airflow/example_dags/example_setup_teardown.py
[2024-03-09T10:42:19.846+0000] {processor.py:840} INFO - DAG(s) 'example_setup_teardown' retrieved from /home/airflow/.local/lib/python3.8/site-packages/airflow/example_dags/example_setup_teardown.py
[2024-03-09T10:42:19.869+0000] {logging_mixin.py:188} INFO - [2024-03-09T10:42:19.869+0000] {dag.py:3047} INFO - Sync 1 DAGs
[2024-03-09T10:42:19.893+0000] {logging_mixin.py:188} INFO - [2024-03-09T10:42:19.893+0000] {dag.py:3834} INFO - Setting next_dagrun for example_setup_teardown to 2024-03-08 00:00:00+00:00, run_after=2024-03-09 00:00:00+00:00
[2024-03-09T10:42:19.926+0000] {processor.py:183} INFO - Processing /home/airflow/.local/lib/python3.8/site-packages/airflow/example_dags/example_setup_teardown.py took 0.092 seconds
[2024-03-09T10:42:50.182+0000] {processor.py:161} INFO - Started process (PID=1384) to work on /home/airflow/.local/lib/python3.8/site-packages/airflow/example_dags/example_setup_teardown.py
[2024-03-09T10:42:50.183+0000] {processor.py:830} INFO - Processing file /home/airflow/.local/lib/python3.8/site-packages/airflow/example_dags/example_setup_teardown.py for tasks to queue
[2024-03-09T10:42:50.185+0000] {logging_mixin.py:188} INFO - [2024-03-09T10:42:50.185+0000] {dagbag.py:540} INFO - Filling up the DagBag from /home/airflow/.local/lib/python3.8/site-packages/airflow/example_dags/example_setup_teardown.py
[2024-03-09T10:42:50.192+0000] {processor.py:840} INFO - DAG(s) 'example_setup_teardown' retrieved from /home/airflow/.local/lib/python3.8/site-packages/airflow/example_dags/example_setup_teardown.py
[2024-03-09T10:42:50.222+0000] {logging_mixin.py:188} INFO - [2024-03-09T10:42:50.222+0000] {dag.py:3047} INFO - Sync 1 DAGs
[2024-03-09T10:42:50.246+0000] {logging_mixin.py:188} INFO - [2024-03-09T10:42:50.245+0000] {dag.py:3834} INFO - Setting next_dagrun for example_setup_teardown to 2024-03-08 00:00:00+00:00, run_after=2024-03-09 00:00:00+00:00
[2024-03-09T10:42:50.272+0000] {processor.py:183} INFO - Processing /home/airflow/.local/lib/python3.8/site-packages/airflow/example_dags/example_setup_teardown.py took 0.093 seconds
[2024-03-09T10:43:20.612+0000] {processor.py:161} INFO - Started process (PID=1439) to work on /home/airflow/.local/lib/python3.8/site-packages/airflow/example_dags/example_setup_teardown.py
[2024-03-09T10:43:20.614+0000] {processor.py:830} INFO - Processing file /home/airflow/.local/lib/python3.8/site-packages/airflow/example_dags/example_setup_teardown.py for tasks to queue
[2024-03-09T10:43:20.615+0000] {logging_mixin.py:188} INFO - [2024-03-09T10:43:20.615+0000] {dagbag.py:540} INFO - Filling up the DagBag from /home/airflow/.local/lib/python3.8/site-packages/airflow/example_dags/example_setup_teardown.py
[2024-03-09T10:43:20.621+0000] {processor.py:840} INFO - DAG(s) 'example_setup_teardown' retrieved from /home/airflow/.local/lib/python3.8/site-packages/airflow/example_dags/example_setup_teardown.py
[2024-03-09T10:43:20.647+0000] {logging_mixin.py:188} INFO - [2024-03-09T10:43:20.647+0000] {dag.py:3047} INFO - Sync 1 DAGs
[2024-03-09T10:43:20.671+0000] {logging_mixin.py:188} INFO - [2024-03-09T10:43:20.670+0000] {dag.py:3834} INFO - Setting next_dagrun for example_setup_teardown to 2024-03-08 00:00:00+00:00, run_after=2024-03-09 00:00:00+00:00
[2024-03-09T10:43:20.699+0000] {processor.py:183} INFO - Processing /home/airflow/.local/lib/python3.8/site-packages/airflow/example_dags/example_setup_teardown.py took 0.090 seconds
[2024-03-09T10:43:50.825+0000] {processor.py:161} INFO - Started process (PID=1494) to work on /home/airflow/.local/lib/python3.8/site-packages/airflow/example_dags/example_setup_teardown.py
[2024-03-09T10:43:50.827+0000] {processor.py:830} INFO - Processing file /home/airflow/.local/lib/python3.8/site-packages/airflow/example_dags/example_setup_teardown.py for tasks to queue
[2024-03-09T10:43:50.830+0000] {logging_mixin.py:188} INFO - [2024-03-09T10:43:50.829+0000] {dagbag.py:540} INFO - Filling up the DagBag from /home/airflow/.local/lib/python3.8/site-packages/airflow/example_dags/example_setup_teardown.py
[2024-03-09T10:43:50.840+0000] {processor.py:840} INFO - DAG(s) 'example_setup_teardown' retrieved from /home/airflow/.local/lib/python3.8/site-packages/airflow/example_dags/example_setup_teardown.py
[2024-03-09T10:43:50.872+0000] {logging_mixin.py:188} INFO - [2024-03-09T10:43:50.872+0000] {dag.py:3047} INFO - Sync 1 DAGs
[2024-03-09T10:43:50.900+0000] {logging_mixin.py:188} INFO - [2024-03-09T10:43:50.900+0000] {dag.py:3834} INFO - Setting next_dagrun for example_setup_teardown to 2024-03-08 00:00:00+00:00, run_after=2024-03-09 00:00:00+00:00
[2024-03-09T10:43:50.928+0000] {processor.py:183} INFO - Processing /home/airflow/.local/lib/python3.8/site-packages/airflow/example_dags/example_setup_teardown.py took 0.106 seconds
[2024-03-09T10:44:21.274+0000] {processor.py:161} INFO - Started process (PID=1549) to work on /home/airflow/.local/lib/python3.8/site-packages/airflow/example_dags/example_setup_teardown.py
[2024-03-09T10:44:21.275+0000] {processor.py:830} INFO - Processing file /home/airflow/.local/lib/python3.8/site-packages/airflow/example_dags/example_setup_teardown.py for tasks to queue
[2024-03-09T10:44:21.277+0000] {logging_mixin.py:188} INFO - [2024-03-09T10:44:21.277+0000] {dagbag.py:540} INFO - Filling up the DagBag from /home/airflow/.local/lib/python3.8/site-packages/airflow/example_dags/example_setup_teardown.py
[2024-03-09T10:44:21.284+0000] {processor.py:840} INFO - DAG(s) 'example_setup_teardown' retrieved from /home/airflow/.local/lib/python3.8/site-packages/airflow/example_dags/example_setup_teardown.py
[2024-03-09T10:44:21.311+0000] {logging_mixin.py:188} INFO - [2024-03-09T10:44:21.311+0000] {dag.py:3047} INFO - Sync 1 DAGs
[2024-03-09T10:44:21.335+0000] {logging_mixin.py:188} INFO - [2024-03-09T10:44:21.335+0000] {dag.py:3834} INFO - Setting next_dagrun for example_setup_teardown to 2024-03-08 00:00:00+00:00, run_after=2024-03-09 00:00:00+00:00
[2024-03-09T10:44:21.361+0000] {processor.py:183} INFO - Processing /home/airflow/.local/lib/python3.8/site-packages/airflow/example_dags/example_setup_teardown.py took 0.091 seconds
[2024-03-09T10:44:51.527+0000] {processor.py:161} INFO - Started process (PID=1604) to work on /home/airflow/.local/lib/python3.8/site-packages/airflow/example_dags/example_setup_teardown.py
[2024-03-09T10:44:51.528+0000] {processor.py:830} INFO - Processing file /home/airflow/.local/lib/python3.8/site-packages/airflow/example_dags/example_setup_teardown.py for tasks to queue
[2024-03-09T10:44:51.531+0000] {logging_mixin.py:188} INFO - [2024-03-09T10:44:51.530+0000] {dagbag.py:540} INFO - Filling up the DagBag from /home/airflow/.local/lib/python3.8/site-packages/airflow/example_dags/example_setup_teardown.py
[2024-03-09T10:44:51.537+0000] {processor.py:840} INFO - DAG(s) 'example_setup_teardown' retrieved from /home/airflow/.local/lib/python3.8/site-packages/airflow/example_dags/example_setup_teardown.py
[2024-03-09T10:44:51.565+0000] {logging_mixin.py:188} INFO - [2024-03-09T10:44:51.564+0000] {dag.py:3047} INFO - Sync 1 DAGs
[2024-03-09T10:44:51.588+0000] {logging_mixin.py:188} INFO - [2024-03-09T10:44:51.588+0000] {dag.py:3834} INFO - Setting next_dagrun for example_setup_teardown to 2024-03-08 00:00:00+00:00, run_after=2024-03-09 00:00:00+00:00
[2024-03-09T10:44:51.623+0000] {processor.py:183} INFO - Processing /home/airflow/.local/lib/python3.8/site-packages/airflow/example_dags/example_setup_teardown.py took 0.100 seconds
[2024-03-09T10:45:21.841+0000] {processor.py:161} INFO - Started process (PID=1659) to work on /home/airflow/.local/lib/python3.8/site-packages/airflow/example_dags/example_setup_teardown.py
[2024-03-09T10:45:21.842+0000] {processor.py:830} INFO - Processing file /home/airflow/.local/lib/python3.8/site-packages/airflow/example_dags/example_setup_teardown.py for tasks to queue
[2024-03-09T10:45:21.844+0000] {logging_mixin.py:188} INFO - [2024-03-09T10:45:21.844+0000] {dagbag.py:540} INFO - Filling up the DagBag from /home/airflow/.local/lib/python3.8/site-packages/airflow/example_dags/example_setup_teardown.py
[2024-03-09T10:45:21.851+0000] {processor.py:840} INFO - DAG(s) 'example_setup_teardown' retrieved from /home/airflow/.local/lib/python3.8/site-packages/airflow/example_dags/example_setup_teardown.py
[2024-03-09T10:45:21.878+0000] {logging_mixin.py:188} INFO - [2024-03-09T10:45:21.877+0000] {dag.py:3047} INFO - Sync 1 DAGs
[2024-03-09T10:45:21.906+0000] {logging_mixin.py:188} INFO - [2024-03-09T10:45:21.905+0000] {dag.py:3834} INFO - Setting next_dagrun for example_setup_teardown to 2024-03-08 00:00:00+00:00, run_after=2024-03-09 00:00:00+00:00
[2024-03-09T10:45:21.941+0000] {processor.py:183} INFO - Processing /home/airflow/.local/lib/python3.8/site-packages/airflow/example_dags/example_setup_teardown.py took 0.103 seconds
[2024-03-09T10:45:52.312+0000] {processor.py:161} INFO - Started process (PID=1720) to work on /home/airflow/.local/lib/python3.8/site-packages/airflow/example_dags/example_setup_teardown.py
[2024-03-09T10:45:52.314+0000] {processor.py:830} INFO - Processing file /home/airflow/.local/lib/python3.8/site-packages/airflow/example_dags/example_setup_teardown.py for tasks to queue
[2024-03-09T10:45:52.317+0000] {logging_mixin.py:188} INFO - [2024-03-09T10:45:52.316+0000] {dagbag.py:540} INFO - Filling up the DagBag from /home/airflow/.local/lib/python3.8/site-packages/airflow/example_dags/example_setup_teardown.py
[2024-03-09T10:45:52.333+0000] {processor.py:840} INFO - DAG(s) 'example_setup_teardown' retrieved from /home/airflow/.local/lib/python3.8/site-packages/airflow/example_dags/example_setup_teardown.py
[2024-03-09T10:45:52.361+0000] {logging_mixin.py:188} INFO - [2024-03-09T10:45:52.360+0000] {dag.py:3047} INFO - Sync 1 DAGs
[2024-03-09T10:45:52.392+0000] {logging_mixin.py:188} INFO - [2024-03-09T10:45:52.392+0000] {dag.py:3834} INFO - Setting next_dagrun for example_setup_teardown to 2024-03-08 00:00:00+00:00, run_after=2024-03-09 00:00:00+00:00
[2024-03-09T10:45:52.419+0000] {processor.py:183} INFO - Processing /home/airflow/.local/lib/python3.8/site-packages/airflow/example_dags/example_setup_teardown.py took 0.115 seconds
