[2024-03-09T10:30:35.461+0000] {processor.py:161} INFO - Started process (PID=57) to work on /home/airflow/.local/lib/python3.8/site-packages/airflow/example_dags/example_short_circuit_operator.py
[2024-03-09T10:30:35.464+0000] {processor.py:830} INFO - Processing file /home/airflow/.local/lib/python3.8/site-packages/airflow/example_dags/example_short_circuit_operator.py for tasks to queue
[2024-03-09T10:30:35.469+0000] {logging_mixin.py:188} INFO - [2024-03-09T10:30:35.469+0000] {dagbag.py:540} INFO - Filling up the DagBag from /home/airflow/.local/lib/python3.8/site-packages/airflow/example_dags/example_short_circuit_operator.py
[2024-03-09T10:30:35.504+0000] {processor.py:840} INFO - DAG(s) 'example_short_circuit_operator' retrieved from /home/airflow/.local/lib/python3.8/site-packages/airflow/example_dags/example_short_circuit_operator.py
[2024-03-09T10:30:35.727+0000] {logging_mixin.py:188} INFO - [2024-03-09T10:30:35.726+0000] {dag.py:3047} INFO - Sync 1 DAGs
[2024-03-09T10:30:35.763+0000] {logging_mixin.py:188} INFO - [2024-03-09T10:30:35.762+0000] {dag.py:3834} INFO - Setting next_dagrun for example_short_circuit_operator to 2024-03-08 00:00:00+00:00, run_after=2024-03-09 00:00:00+00:00
[2024-03-09T10:30:35.804+0000] {processor.py:183} INFO - Processing /home/airflow/.local/lib/python3.8/site-packages/airflow/example_dags/example_short_circuit_operator.py took 0.355 seconds
[2024-03-09T10:31:05.973+0000] {processor.py:161} INFO - Started process (PID=112) to work on /home/airflow/.local/lib/python3.8/site-packages/airflow/example_dags/example_short_circuit_operator.py
[2024-03-09T10:31:05.974+0000] {processor.py:830} INFO - Processing file /home/airflow/.local/lib/python3.8/site-packages/airflow/example_dags/example_short_circuit_operator.py for tasks to queue
[2024-03-09T10:31:05.976+0000] {logging_mixin.py:188} INFO - [2024-03-09T10:31:05.976+0000] {dagbag.py:540} INFO - Filling up the DagBag from /home/airflow/.local/lib/python3.8/site-packages/airflow/example_dags/example_short_circuit_operator.py
[2024-03-09T10:31:05.985+0000] {processor.py:840} INFO - DAG(s) 'example_short_circuit_operator' retrieved from /home/airflow/.local/lib/python3.8/site-packages/airflow/example_dags/example_short_circuit_operator.py
[2024-03-09T10:31:06.014+0000] {logging_mixin.py:188} INFO - [2024-03-09T10:31:06.014+0000] {dag.py:3047} INFO - Sync 1 DAGs
[2024-03-09T10:31:06.042+0000] {logging_mixin.py:188} INFO - [2024-03-09T10:31:06.041+0000] {dag.py:3834} INFO - Setting next_dagrun for example_short_circuit_operator to 2024-03-08 00:00:00+00:00, run_after=2024-03-09 00:00:00+00:00
[2024-03-09T10:31:06.069+0000] {processor.py:183} INFO - Processing /home/airflow/.local/lib/python3.8/site-packages/airflow/example_dags/example_short_circuit_operator.py took 0.099 seconds
[2024-03-09T10:31:36.174+0000] {processor.py:161} INFO - Started process (PID=167) to work on /home/airflow/.local/lib/python3.8/site-packages/airflow/example_dags/example_short_circuit_operator.py
[2024-03-09T10:31:36.175+0000] {processor.py:830} INFO - Processing file /home/airflow/.local/lib/python3.8/site-packages/airflow/example_dags/example_short_circuit_operator.py for tasks to queue
[2024-03-09T10:31:36.177+0000] {logging_mixin.py:188} INFO - [2024-03-09T10:31:36.177+0000] {dagbag.py:540} INFO - Filling up the DagBag from /home/airflow/.local/lib/python3.8/site-packages/airflow/example_dags/example_short_circuit_operator.py
[2024-03-09T10:31:36.186+0000] {processor.py:840} INFO - DAG(s) 'example_short_circuit_operator' retrieved from /home/airflow/.local/lib/python3.8/site-packages/airflow/example_dags/example_short_circuit_operator.py
[2024-03-09T10:31:36.216+0000] {logging_mixin.py:188} INFO - [2024-03-09T10:31:36.216+0000] {dag.py:3047} INFO - Sync 1 DAGs
[2024-03-09T10:31:36.254+0000] {logging_mixin.py:188} INFO - [2024-03-09T10:31:36.254+0000] {dag.py:3834} INFO - Setting next_dagrun for example_short_circuit_operator to 2024-03-08 00:00:00+00:00, run_after=2024-03-09 00:00:00+00:00
[2024-03-09T10:31:36.289+0000] {processor.py:183} INFO - Processing /home/airflow/.local/lib/python3.8/site-packages/airflow/example_dags/example_short_circuit_operator.py took 0.120 seconds
[2024-03-09T10:32:06.371+0000] {processor.py:161} INFO - Started process (PID=221) to work on /home/airflow/.local/lib/python3.8/site-packages/airflow/example_dags/example_short_circuit_operator.py
[2024-03-09T10:32:06.372+0000] {processor.py:830} INFO - Processing file /home/airflow/.local/lib/python3.8/site-packages/airflow/example_dags/example_short_circuit_operator.py for tasks to queue
[2024-03-09T10:32:06.374+0000] {logging_mixin.py:188} INFO - [2024-03-09T10:32:06.374+0000] {dagbag.py:540} INFO - Filling up the DagBag from /home/airflow/.local/lib/python3.8/site-packages/airflow/example_dags/example_short_circuit_operator.py
[2024-03-09T10:32:06.381+0000] {processor.py:840} INFO - DAG(s) 'example_short_circuit_operator' retrieved from /home/airflow/.local/lib/python3.8/site-packages/airflow/example_dags/example_short_circuit_operator.py
[2024-03-09T10:32:06.406+0000] {logging_mixin.py:188} INFO - [2024-03-09T10:32:06.405+0000] {dag.py:3047} INFO - Sync 1 DAGs
[2024-03-09T10:32:06.431+0000] {logging_mixin.py:188} INFO - [2024-03-09T10:32:06.431+0000] {dag.py:3834} INFO - Setting next_dagrun for example_short_circuit_operator to 2024-03-08 00:00:00+00:00, run_after=2024-03-09 00:00:00+00:00
[2024-03-09T10:32:06.456+0000] {processor.py:183} INFO - Processing /home/airflow/.local/lib/python3.8/site-packages/airflow/example_dags/example_short_circuit_operator.py took 0.088 seconds
[2024-03-09T10:32:37.235+0000] {processor.py:161} INFO - Started process (PID=277) to work on /home/airflow/.local/lib/python3.8/site-packages/airflow/example_dags/example_short_circuit_operator.py
[2024-03-09T10:32:37.237+0000] {processor.py:830} INFO - Processing file /home/airflow/.local/lib/python3.8/site-packages/airflow/example_dags/example_short_circuit_operator.py for tasks to queue
[2024-03-09T10:32:37.240+0000] {logging_mixin.py:188} INFO - [2024-03-09T10:32:37.239+0000] {dagbag.py:540} INFO - Filling up the DagBag from /home/airflow/.local/lib/python3.8/site-packages/airflow/example_dags/example_short_circuit_operator.py
[2024-03-09T10:32:37.248+0000] {processor.py:840} INFO - DAG(s) 'example_short_circuit_operator' retrieved from /home/airflow/.local/lib/python3.8/site-packages/airflow/example_dags/example_short_circuit_operator.py
[2024-03-09T10:32:37.277+0000] {logging_mixin.py:188} INFO - [2024-03-09T10:32:37.277+0000] {dag.py:3047} INFO - Sync 1 DAGs
[2024-03-09T10:32:37.307+0000] {logging_mixin.py:188} INFO - [2024-03-09T10:32:37.306+0000] {dag.py:3834} INFO - Setting next_dagrun for example_short_circuit_operator to 2024-03-08 00:00:00+00:00, run_after=2024-03-09 00:00:00+00:00
[2024-03-09T10:32:37.336+0000] {processor.py:183} INFO - Processing /home/airflow/.local/lib/python3.8/site-packages/airflow/example_dags/example_short_circuit_operator.py took 0.104 seconds
[2024-03-09T10:33:07.557+0000] {processor.py:161} INFO - Started process (PID=332) to work on /home/airflow/.local/lib/python3.8/site-packages/airflow/example_dags/example_short_circuit_operator.py
[2024-03-09T10:33:07.558+0000] {processor.py:830} INFO - Processing file /home/airflow/.local/lib/python3.8/site-packages/airflow/example_dags/example_short_circuit_operator.py for tasks to queue
[2024-03-09T10:33:07.560+0000] {logging_mixin.py:188} INFO - [2024-03-09T10:33:07.560+0000] {dagbag.py:540} INFO - Filling up the DagBag from /home/airflow/.local/lib/python3.8/site-packages/airflow/example_dags/example_short_circuit_operator.py
[2024-03-09T10:33:07.570+0000] {processor.py:840} INFO - DAG(s) 'example_short_circuit_operator' retrieved from /home/airflow/.local/lib/python3.8/site-packages/airflow/example_dags/example_short_circuit_operator.py
[2024-03-09T10:33:07.600+0000] {logging_mixin.py:188} INFO - [2024-03-09T10:33:07.600+0000] {dag.py:3047} INFO - Sync 1 DAGs
[2024-03-09T10:33:07.633+0000] {logging_mixin.py:188} INFO - [2024-03-09T10:33:07.632+0000] {dag.py:3834} INFO - Setting next_dagrun for example_short_circuit_operator to 2024-03-08 00:00:00+00:00, run_after=2024-03-09 00:00:00+00:00
[2024-03-09T10:33:07.660+0000] {processor.py:183} INFO - Processing /home/airflow/.local/lib/python3.8/site-packages/airflow/example_dags/example_short_circuit_operator.py took 0.107 seconds
[2024-03-09T10:33:37.892+0000] {processor.py:161} INFO - Started process (PID=387) to work on /home/airflow/.local/lib/python3.8/site-packages/airflow/example_dags/example_short_circuit_operator.py
[2024-03-09T10:33:37.893+0000] {processor.py:830} INFO - Processing file /home/airflow/.local/lib/python3.8/site-packages/airflow/example_dags/example_short_circuit_operator.py for tasks to queue
[2024-03-09T10:33:37.896+0000] {logging_mixin.py:188} INFO - [2024-03-09T10:33:37.895+0000] {dagbag.py:540} INFO - Filling up the DagBag from /home/airflow/.local/lib/python3.8/site-packages/airflow/example_dags/example_short_circuit_operator.py
[2024-03-09T10:33:37.905+0000] {processor.py:840} INFO - DAG(s) 'example_short_circuit_operator' retrieved from /home/airflow/.local/lib/python3.8/site-packages/airflow/example_dags/example_short_circuit_operator.py
[2024-03-09T10:33:37.931+0000] {logging_mixin.py:188} INFO - [2024-03-09T10:33:37.930+0000] {dag.py:3047} INFO - Sync 1 DAGs
[2024-03-09T10:33:37.955+0000] {logging_mixin.py:188} INFO - [2024-03-09T10:33:37.955+0000] {dag.py:3834} INFO - Setting next_dagrun for example_short_circuit_operator to 2024-03-08 00:00:00+00:00, run_after=2024-03-09 00:00:00+00:00
[2024-03-09T10:33:37.980+0000] {processor.py:183} INFO - Processing /home/airflow/.local/lib/python3.8/site-packages/airflow/example_dags/example_short_circuit_operator.py took 0.093 seconds
[2024-03-09T10:34:08.413+0000] {processor.py:161} INFO - Started process (PID=442) to work on /home/airflow/.local/lib/python3.8/site-packages/airflow/example_dags/example_short_circuit_operator.py
[2024-03-09T10:34:08.415+0000] {processor.py:830} INFO - Processing file /home/airflow/.local/lib/python3.8/site-packages/airflow/example_dags/example_short_circuit_operator.py for tasks to queue
[2024-03-09T10:34:08.417+0000] {logging_mixin.py:188} INFO - [2024-03-09T10:34:08.417+0000] {dagbag.py:540} INFO - Filling up the DagBag from /home/airflow/.local/lib/python3.8/site-packages/airflow/example_dags/example_short_circuit_operator.py
[2024-03-09T10:34:08.426+0000] {processor.py:840} INFO - DAG(s) 'example_short_circuit_operator' retrieved from /home/airflow/.local/lib/python3.8/site-packages/airflow/example_dags/example_short_circuit_operator.py
[2024-03-09T10:34:08.456+0000] {logging_mixin.py:188} INFO - [2024-03-09T10:34:08.456+0000] {dag.py:3047} INFO - Sync 1 DAGs
[2024-03-09T10:34:08.485+0000] {logging_mixin.py:188} INFO - [2024-03-09T10:34:08.484+0000] {dag.py:3834} INFO - Setting next_dagrun for example_short_circuit_operator to 2024-03-08 00:00:00+00:00, run_after=2024-03-09 00:00:00+00:00
[2024-03-09T10:34:08.512+0000] {processor.py:183} INFO - Processing /home/airflow/.local/lib/python3.8/site-packages/airflow/example_dags/example_short_circuit_operator.py took 0.102 seconds
[2024-03-09T10:34:38.863+0000] {processor.py:161} INFO - Started process (PID=497) to work on /home/airflow/.local/lib/python3.8/site-packages/airflow/example_dags/example_short_circuit_operator.py
[2024-03-09T10:34:38.865+0000] {processor.py:830} INFO - Processing file /home/airflow/.local/lib/python3.8/site-packages/airflow/example_dags/example_short_circuit_operator.py for tasks to queue
[2024-03-09T10:34:38.866+0000] {logging_mixin.py:188} INFO - [2024-03-09T10:34:38.866+0000] {dagbag.py:540} INFO - Filling up the DagBag from /home/airflow/.local/lib/python3.8/site-packages/airflow/example_dags/example_short_circuit_operator.py
[2024-03-09T10:34:38.874+0000] {processor.py:840} INFO - DAG(s) 'example_short_circuit_operator' retrieved from /home/airflow/.local/lib/python3.8/site-packages/airflow/example_dags/example_short_circuit_operator.py
[2024-03-09T10:34:38.903+0000] {logging_mixin.py:188} INFO - [2024-03-09T10:34:38.903+0000] {dag.py:3047} INFO - Sync 1 DAGs
[2024-03-09T10:34:38.927+0000] {logging_mixin.py:188} INFO - [2024-03-09T10:34:38.927+0000] {dag.py:3834} INFO - Setting next_dagrun for example_short_circuit_operator to 2024-03-08 00:00:00+00:00, run_after=2024-03-09 00:00:00+00:00
[2024-03-09T10:34:38.951+0000] {processor.py:183} INFO - Processing /home/airflow/.local/lib/python3.8/site-packages/airflow/example_dags/example_short_circuit_operator.py took 0.091 seconds
[2024-03-09T10:35:09.219+0000] {processor.py:161} INFO - Started process (PID=552) to work on /home/airflow/.local/lib/python3.8/site-packages/airflow/example_dags/example_short_circuit_operator.py
[2024-03-09T10:35:09.220+0000] {processor.py:830} INFO - Processing file /home/airflow/.local/lib/python3.8/site-packages/airflow/example_dags/example_short_circuit_operator.py for tasks to queue
[2024-03-09T10:35:09.222+0000] {logging_mixin.py:188} INFO - [2024-03-09T10:35:09.222+0000] {dagbag.py:540} INFO - Filling up the DagBag from /home/airflow/.local/lib/python3.8/site-packages/airflow/example_dags/example_short_circuit_operator.py
[2024-03-09T10:35:09.231+0000] {processor.py:840} INFO - DAG(s) 'example_short_circuit_operator' retrieved from /home/airflow/.local/lib/python3.8/site-packages/airflow/example_dags/example_short_circuit_operator.py
[2024-03-09T10:35:09.259+0000] {logging_mixin.py:188} INFO - [2024-03-09T10:35:09.258+0000] {dag.py:3047} INFO - Sync 1 DAGs
[2024-03-09T10:35:09.285+0000] {logging_mixin.py:188} INFO - [2024-03-09T10:35:09.284+0000] {dag.py:3834} INFO - Setting next_dagrun for example_short_circuit_operator to 2024-03-08 00:00:00+00:00, run_after=2024-03-09 00:00:00+00:00
[2024-03-09T10:35:09.312+0000] {processor.py:183} INFO - Processing /home/airflow/.local/lib/python3.8/site-packages/airflow/example_dags/example_short_circuit_operator.py took 0.097 seconds
[2024-03-09T10:35:39.632+0000] {processor.py:161} INFO - Started process (PID=607) to work on /home/airflow/.local/lib/python3.8/site-packages/airflow/example_dags/example_short_circuit_operator.py
[2024-03-09T10:35:39.633+0000] {processor.py:830} INFO - Processing file /home/airflow/.local/lib/python3.8/site-packages/airflow/example_dags/example_short_circuit_operator.py for tasks to queue
[2024-03-09T10:35:39.635+0000] {logging_mixin.py:188} INFO - [2024-03-09T10:35:39.635+0000] {dagbag.py:540} INFO - Filling up the DagBag from /home/airflow/.local/lib/python3.8/site-packages/airflow/example_dags/example_short_circuit_operator.py
[2024-03-09T10:35:39.642+0000] {processor.py:840} INFO - DAG(s) 'example_short_circuit_operator' retrieved from /home/airflow/.local/lib/python3.8/site-packages/airflow/example_dags/example_short_circuit_operator.py
[2024-03-09T10:35:39.673+0000] {logging_mixin.py:188} INFO - [2024-03-09T10:35:39.672+0000] {dag.py:3047} INFO - Sync 1 DAGs
[2024-03-09T10:35:39.702+0000] {logging_mixin.py:188} INFO - [2024-03-09T10:35:39.702+0000] {dag.py:3834} INFO - Setting next_dagrun for example_short_circuit_operator to 2024-03-08 00:00:00+00:00, run_after=2024-03-09 00:00:00+00:00
[2024-03-09T10:35:39.735+0000] {processor.py:183} INFO - Processing /home/airflow/.local/lib/python3.8/site-packages/airflow/example_dags/example_short_circuit_operator.py took 0.107 seconds
[2024-03-09T10:36:10.618+0000] {processor.py:161} INFO - Started process (PID=662) to work on /home/airflow/.local/lib/python3.8/site-packages/airflow/example_dags/example_short_circuit_operator.py
[2024-03-09T10:36:10.619+0000] {processor.py:830} INFO - Processing file /home/airflow/.local/lib/python3.8/site-packages/airflow/example_dags/example_short_circuit_operator.py for tasks to queue
[2024-03-09T10:36:10.621+0000] {logging_mixin.py:188} INFO - [2024-03-09T10:36:10.621+0000] {dagbag.py:540} INFO - Filling up the DagBag from /home/airflow/.local/lib/python3.8/site-packages/airflow/example_dags/example_short_circuit_operator.py
[2024-03-09T10:36:10.629+0000] {processor.py:840} INFO - DAG(s) 'example_short_circuit_operator' retrieved from /home/airflow/.local/lib/python3.8/site-packages/airflow/example_dags/example_short_circuit_operator.py
[2024-03-09T10:36:10.657+0000] {logging_mixin.py:188} INFO - [2024-03-09T10:36:10.657+0000] {dag.py:3047} INFO - Sync 1 DAGs
[2024-03-09T10:36:10.684+0000] {logging_mixin.py:188} INFO - [2024-03-09T10:36:10.684+0000] {dag.py:3834} INFO - Setting next_dagrun for example_short_circuit_operator to 2024-03-08 00:00:00+00:00, run_after=2024-03-09 00:00:00+00:00
[2024-03-09T10:36:10.713+0000] {processor.py:183} INFO - Processing /home/airflow/.local/lib/python3.8/site-packages/airflow/example_dags/example_short_circuit_operator.py took 0.098 seconds
[2024-03-09T10:36:41.014+0000] {processor.py:161} INFO - Started process (PID=717) to work on /home/airflow/.local/lib/python3.8/site-packages/airflow/example_dags/example_short_circuit_operator.py
[2024-03-09T10:36:41.015+0000] {processor.py:830} INFO - Processing file /home/airflow/.local/lib/python3.8/site-packages/airflow/example_dags/example_short_circuit_operator.py for tasks to queue
[2024-03-09T10:36:41.017+0000] {logging_mixin.py:188} INFO - [2024-03-09T10:36:41.017+0000] {dagbag.py:540} INFO - Filling up the DagBag from /home/airflow/.local/lib/python3.8/site-packages/airflow/example_dags/example_short_circuit_operator.py
[2024-03-09T10:36:41.025+0000] {processor.py:840} INFO - DAG(s) 'example_short_circuit_operator' retrieved from /home/airflow/.local/lib/python3.8/site-packages/airflow/example_dags/example_short_circuit_operator.py
[2024-03-09T10:36:41.054+0000] {logging_mixin.py:188} INFO - [2024-03-09T10:36:41.054+0000] {dag.py:3047} INFO - Sync 1 DAGs
[2024-03-09T10:36:41.080+0000] {logging_mixin.py:188} INFO - [2024-03-09T10:36:41.080+0000] {dag.py:3834} INFO - Setting next_dagrun for example_short_circuit_operator to 2024-03-08 00:00:00+00:00, run_after=2024-03-09 00:00:00+00:00
[2024-03-09T10:36:41.114+0000] {processor.py:183} INFO - Processing /home/airflow/.local/lib/python3.8/site-packages/airflow/example_dags/example_short_circuit_operator.py took 0.103 seconds
[2024-03-09T10:37:11.830+0000] {processor.py:161} INFO - Started process (PID=772) to work on /home/airflow/.local/lib/python3.8/site-packages/airflow/example_dags/example_short_circuit_operator.py
[2024-03-09T10:37:11.834+0000] {processor.py:830} INFO - Processing file /home/airflow/.local/lib/python3.8/site-packages/airflow/example_dags/example_short_circuit_operator.py for tasks to queue
[2024-03-09T10:37:11.836+0000] {logging_mixin.py:188} INFO - [2024-03-09T10:37:11.836+0000] {dagbag.py:540} INFO - Filling up the DagBag from /home/airflow/.local/lib/python3.8/site-packages/airflow/example_dags/example_short_circuit_operator.py
[2024-03-09T10:37:11.845+0000] {processor.py:840} INFO - DAG(s) 'example_short_circuit_operator' retrieved from /home/airflow/.local/lib/python3.8/site-packages/airflow/example_dags/example_short_circuit_operator.py
[2024-03-09T10:37:11.877+0000] {logging_mixin.py:188} INFO - [2024-03-09T10:37:11.877+0000] {dag.py:3047} INFO - Sync 1 DAGs
[2024-03-09T10:37:11.908+0000] {logging_mixin.py:188} INFO - [2024-03-09T10:37:11.907+0000] {dag.py:3834} INFO - Setting next_dagrun for example_short_circuit_operator to 2024-03-08 00:00:00+00:00, run_after=2024-03-09 00:00:00+00:00
[2024-03-09T10:37:11.936+0000] {processor.py:183} INFO - Processing /home/airflow/.local/lib/python3.8/site-packages/airflow/example_dags/example_short_circuit_operator.py took 0.110 seconds
[2024-03-09T10:37:42.298+0000] {processor.py:161} INFO - Started process (PID=827) to work on /home/airflow/.local/lib/python3.8/site-packages/airflow/example_dags/example_short_circuit_operator.py
[2024-03-09T10:37:42.300+0000] {processor.py:830} INFO - Processing file /home/airflow/.local/lib/python3.8/site-packages/airflow/example_dags/example_short_circuit_operator.py for tasks to queue
[2024-03-09T10:37:42.301+0000] {logging_mixin.py:188} INFO - [2024-03-09T10:37:42.301+0000] {dagbag.py:540} INFO - Filling up the DagBag from /home/airflow/.local/lib/python3.8/site-packages/airflow/example_dags/example_short_circuit_operator.py
[2024-03-09T10:37:42.308+0000] {processor.py:840} INFO - DAG(s) 'example_short_circuit_operator' retrieved from /home/airflow/.local/lib/python3.8/site-packages/airflow/example_dags/example_short_circuit_operator.py
[2024-03-09T10:37:42.335+0000] {logging_mixin.py:188} INFO - [2024-03-09T10:37:42.334+0000] {dag.py:3047} INFO - Sync 1 DAGs
[2024-03-09T10:37:42.358+0000] {logging_mixin.py:188} INFO - [2024-03-09T10:37:42.358+0000] {dag.py:3834} INFO - Setting next_dagrun for example_short_circuit_operator to 2024-03-08 00:00:00+00:00, run_after=2024-03-09 00:00:00+00:00
[2024-03-09T10:37:42.390+0000] {processor.py:183} INFO - Processing /home/airflow/.local/lib/python3.8/site-packages/airflow/example_dags/example_short_circuit_operator.py took 0.094 seconds
[2024-03-09T10:38:12.854+0000] {processor.py:161} INFO - Started process (PID=882) to work on /home/airflow/.local/lib/python3.8/site-packages/airflow/example_dags/example_short_circuit_operator.py
[2024-03-09T10:38:12.855+0000] {processor.py:830} INFO - Processing file /home/airflow/.local/lib/python3.8/site-packages/airflow/example_dags/example_short_circuit_operator.py for tasks to queue
[2024-03-09T10:38:12.856+0000] {logging_mixin.py:188} INFO - [2024-03-09T10:38:12.856+0000] {dagbag.py:540} INFO - Filling up the DagBag from /home/airflow/.local/lib/python3.8/site-packages/airflow/example_dags/example_short_circuit_operator.py
[2024-03-09T10:38:12.869+0000] {processor.py:840} INFO - DAG(s) 'example_short_circuit_operator' retrieved from /home/airflow/.local/lib/python3.8/site-packages/airflow/example_dags/example_short_circuit_operator.py
[2024-03-09T10:38:12.905+0000] {logging_mixin.py:188} INFO - [2024-03-09T10:38:12.905+0000] {dag.py:3047} INFO - Sync 1 DAGs
[2024-03-09T10:38:12.942+0000] {logging_mixin.py:188} INFO - [2024-03-09T10:38:12.941+0000] {dag.py:3834} INFO - Setting next_dagrun for example_short_circuit_operator to 2024-03-08 00:00:00+00:00, run_after=2024-03-09 00:00:00+00:00
[2024-03-09T10:38:12.980+0000] {processor.py:183} INFO - Processing /home/airflow/.local/lib/python3.8/site-packages/airflow/example_dags/example_short_circuit_operator.py took 0.129 seconds
[2024-03-09T10:38:43.150+0000] {processor.py:161} INFO - Started process (PID=936) to work on /home/airflow/.local/lib/python3.8/site-packages/airflow/example_dags/example_short_circuit_operator.py
[2024-03-09T10:38:43.152+0000] {processor.py:830} INFO - Processing file /home/airflow/.local/lib/python3.8/site-packages/airflow/example_dags/example_short_circuit_operator.py for tasks to queue
[2024-03-09T10:38:43.155+0000] {logging_mixin.py:188} INFO - [2024-03-09T10:38:43.154+0000] {dagbag.py:540} INFO - Filling up the DagBag from /home/airflow/.local/lib/python3.8/site-packages/airflow/example_dags/example_short_circuit_operator.py
[2024-03-09T10:38:43.164+0000] {processor.py:840} INFO - DAG(s) 'example_short_circuit_operator' retrieved from /home/airflow/.local/lib/python3.8/site-packages/airflow/example_dags/example_short_circuit_operator.py
[2024-03-09T10:38:43.207+0000] {logging_mixin.py:188} INFO - [2024-03-09T10:38:43.207+0000] {dag.py:3047} INFO - Sync 1 DAGs
[2024-03-09T10:38:43.243+0000] {logging_mixin.py:188} INFO - [2024-03-09T10:38:43.243+0000] {dag.py:3834} INFO - Setting next_dagrun for example_short_circuit_operator to 2024-03-08 00:00:00+00:00, run_after=2024-03-09 00:00:00+00:00
[2024-03-09T10:38:43.367+0000] {processor.py:183} INFO - Processing /home/airflow/.local/lib/python3.8/site-packages/airflow/example_dags/example_short_circuit_operator.py took 0.220 seconds
[2024-03-09T10:39:14.430+0000] {processor.py:161} INFO - Started process (PID=992) to work on /home/airflow/.local/lib/python3.8/site-packages/airflow/example_dags/example_short_circuit_operator.py
[2024-03-09T10:39:14.431+0000] {processor.py:830} INFO - Processing file /home/airflow/.local/lib/python3.8/site-packages/airflow/example_dags/example_short_circuit_operator.py for tasks to queue
[2024-03-09T10:39:14.434+0000] {logging_mixin.py:188} INFO - [2024-03-09T10:39:14.433+0000] {dagbag.py:540} INFO - Filling up the DagBag from /home/airflow/.local/lib/python3.8/site-packages/airflow/example_dags/example_short_circuit_operator.py
[2024-03-09T10:39:14.443+0000] {processor.py:840} INFO - DAG(s) 'example_short_circuit_operator' retrieved from /home/airflow/.local/lib/python3.8/site-packages/airflow/example_dags/example_short_circuit_operator.py
[2024-03-09T10:39:14.475+0000] {logging_mixin.py:188} INFO - [2024-03-09T10:39:14.475+0000] {dag.py:3047} INFO - Sync 1 DAGs
[2024-03-09T10:39:14.509+0000] {logging_mixin.py:188} INFO - [2024-03-09T10:39:14.509+0000] {dag.py:3834} INFO - Setting next_dagrun for example_short_circuit_operator to 2024-03-08 00:00:00+00:00, run_after=2024-03-09 00:00:00+00:00
[2024-03-09T10:39:14.543+0000] {processor.py:183} INFO - Processing /home/airflow/.local/lib/python3.8/site-packages/airflow/example_dags/example_short_circuit_operator.py took 0.116 seconds
[2024-03-09T10:39:44.886+0000] {processor.py:161} INFO - Started process (PID=1046) to work on /home/airflow/.local/lib/python3.8/site-packages/airflow/example_dags/example_short_circuit_operator.py
[2024-03-09T10:39:44.887+0000] {processor.py:830} INFO - Processing file /home/airflow/.local/lib/python3.8/site-packages/airflow/example_dags/example_short_circuit_operator.py for tasks to queue
[2024-03-09T10:39:44.889+0000] {logging_mixin.py:188} INFO - [2024-03-09T10:39:44.888+0000] {dagbag.py:540} INFO - Filling up the DagBag from /home/airflow/.local/lib/python3.8/site-packages/airflow/example_dags/example_short_circuit_operator.py
[2024-03-09T10:39:44.896+0000] {processor.py:840} INFO - DAG(s) 'example_short_circuit_operator' retrieved from /home/airflow/.local/lib/python3.8/site-packages/airflow/example_dags/example_short_circuit_operator.py
[2024-03-09T10:39:44.923+0000] {logging_mixin.py:188} INFO - [2024-03-09T10:39:44.923+0000] {dag.py:3047} INFO - Sync 1 DAGs
[2024-03-09T10:39:44.947+0000] {logging_mixin.py:188} INFO - [2024-03-09T10:39:44.947+0000] {dag.py:3834} INFO - Setting next_dagrun for example_short_circuit_operator to 2024-03-08 00:00:00+00:00, run_after=2024-03-09 00:00:00+00:00
[2024-03-09T10:39:44.974+0000] {processor.py:183} INFO - Processing /home/airflow/.local/lib/python3.8/site-packages/airflow/example_dags/example_short_circuit_operator.py took 0.091 seconds
[2024-03-09T10:40:15.150+0000] {processor.py:161} INFO - Started process (PID=1101) to work on /home/airflow/.local/lib/python3.8/site-packages/airflow/example_dags/example_short_circuit_operator.py
[2024-03-09T10:40:15.151+0000] {processor.py:830} INFO - Processing file /home/airflow/.local/lib/python3.8/site-packages/airflow/example_dags/example_short_circuit_operator.py for tasks to queue
[2024-03-09T10:40:15.153+0000] {logging_mixin.py:188} INFO - [2024-03-09T10:40:15.152+0000] {dagbag.py:540} INFO - Filling up the DagBag from /home/airflow/.local/lib/python3.8/site-packages/airflow/example_dags/example_short_circuit_operator.py
[2024-03-09T10:40:15.160+0000] {processor.py:840} INFO - DAG(s) 'example_short_circuit_operator' retrieved from /home/airflow/.local/lib/python3.8/site-packages/airflow/example_dags/example_short_circuit_operator.py
[2024-03-09T10:40:15.190+0000] {logging_mixin.py:188} INFO - [2024-03-09T10:40:15.189+0000] {dag.py:3047} INFO - Sync 1 DAGs
[2024-03-09T10:40:15.215+0000] {logging_mixin.py:188} INFO - [2024-03-09T10:40:15.214+0000] {dag.py:3834} INFO - Setting next_dagrun for example_short_circuit_operator to 2024-03-08 00:00:00+00:00, run_after=2024-03-09 00:00:00+00:00
[2024-03-09T10:40:15.249+0000] {processor.py:183} INFO - Processing /home/airflow/.local/lib/python3.8/site-packages/airflow/example_dags/example_short_circuit_operator.py took 0.103 seconds
[2024-03-09T10:40:45.723+0000] {processor.py:161} INFO - Started process (PID=1156) to work on /home/airflow/.local/lib/python3.8/site-packages/airflow/example_dags/example_short_circuit_operator.py
[2024-03-09T10:40:45.724+0000] {processor.py:830} INFO - Processing file /home/airflow/.local/lib/python3.8/site-packages/airflow/example_dags/example_short_circuit_operator.py for tasks to queue
[2024-03-09T10:40:45.727+0000] {logging_mixin.py:188} INFO - [2024-03-09T10:40:45.726+0000] {dagbag.py:540} INFO - Filling up the DagBag from /home/airflow/.local/lib/python3.8/site-packages/airflow/example_dags/example_short_circuit_operator.py
[2024-03-09T10:40:45.735+0000] {processor.py:840} INFO - DAG(s) 'example_short_circuit_operator' retrieved from /home/airflow/.local/lib/python3.8/site-packages/airflow/example_dags/example_short_circuit_operator.py
[2024-03-09T10:40:45.769+0000] {logging_mixin.py:188} INFO - [2024-03-09T10:40:45.768+0000] {dag.py:3047} INFO - Sync 1 DAGs
[2024-03-09T10:40:45.799+0000] {logging_mixin.py:188} INFO - [2024-03-09T10:40:45.799+0000] {dag.py:3834} INFO - Setting next_dagrun for example_short_circuit_operator to 2024-03-08 00:00:00+00:00, run_after=2024-03-09 00:00:00+00:00
[2024-03-09T10:40:45.830+0000] {processor.py:183} INFO - Processing /home/airflow/.local/lib/python3.8/site-packages/airflow/example_dags/example_short_circuit_operator.py took 0.110 seconds
[2024-03-09T10:41:15.887+0000] {processor.py:161} INFO - Started process (PID=1211) to work on /home/airflow/.local/lib/python3.8/site-packages/airflow/example_dags/example_short_circuit_operator.py
[2024-03-09T10:41:15.888+0000] {processor.py:830} INFO - Processing file /home/airflow/.local/lib/python3.8/site-packages/airflow/example_dags/example_short_circuit_operator.py for tasks to queue
[2024-03-09T10:41:15.890+0000] {logging_mixin.py:188} INFO - [2024-03-09T10:41:15.890+0000] {dagbag.py:540} INFO - Filling up the DagBag from /home/airflow/.local/lib/python3.8/site-packages/airflow/example_dags/example_short_circuit_operator.py
[2024-03-09T10:41:15.897+0000] {processor.py:840} INFO - DAG(s) 'example_short_circuit_operator' retrieved from /home/airflow/.local/lib/python3.8/site-packages/airflow/example_dags/example_short_circuit_operator.py
[2024-03-09T10:41:15.929+0000] {logging_mixin.py:188} INFO - [2024-03-09T10:41:15.928+0000] {dag.py:3047} INFO - Sync 1 DAGs
[2024-03-09T10:41:15.956+0000] {logging_mixin.py:188} INFO - [2024-03-09T10:41:15.955+0000] {dag.py:3834} INFO - Setting next_dagrun for example_short_circuit_operator to 2024-03-08 00:00:00+00:00, run_after=2024-03-09 00:00:00+00:00
[2024-03-09T10:41:15.987+0000] {processor.py:183} INFO - Processing /home/airflow/.local/lib/python3.8/site-packages/airflow/example_dags/example_short_circuit_operator.py took 0.104 seconds
[2024-03-09T10:41:46.099+0000] {processor.py:161} INFO - Started process (PID=1266) to work on /home/airflow/.local/lib/python3.8/site-packages/airflow/example_dags/example_short_circuit_operator.py
[2024-03-09T10:41:46.100+0000] {processor.py:830} INFO - Processing file /home/airflow/.local/lib/python3.8/site-packages/airflow/example_dags/example_short_circuit_operator.py for tasks to queue
[2024-03-09T10:41:46.102+0000] {logging_mixin.py:188} INFO - [2024-03-09T10:41:46.102+0000] {dagbag.py:540} INFO - Filling up the DagBag from /home/airflow/.local/lib/python3.8/site-packages/airflow/example_dags/example_short_circuit_operator.py
[2024-03-09T10:41:46.110+0000] {processor.py:840} INFO - DAG(s) 'example_short_circuit_operator' retrieved from /home/airflow/.local/lib/python3.8/site-packages/airflow/example_dags/example_short_circuit_operator.py
[2024-03-09T10:41:46.140+0000] {logging_mixin.py:188} INFO - [2024-03-09T10:41:46.140+0000] {dag.py:3047} INFO - Sync 1 DAGs
[2024-03-09T10:41:46.166+0000] {logging_mixin.py:188} INFO - [2024-03-09T10:41:46.166+0000] {dag.py:3834} INFO - Setting next_dagrun for example_short_circuit_operator to 2024-03-08 00:00:00+00:00, run_after=2024-03-09 00:00:00+00:00
[2024-03-09T10:41:46.202+0000] {processor.py:183} INFO - Processing /home/airflow/.local/lib/python3.8/site-packages/airflow/example_dags/example_short_circuit_operator.py took 0.105 seconds
[2024-03-09T10:42:16.298+0000] {processor.py:161} INFO - Started process (PID=1321) to work on /home/airflow/.local/lib/python3.8/site-packages/airflow/example_dags/example_short_circuit_operator.py
[2024-03-09T10:42:16.299+0000] {processor.py:830} INFO - Processing file /home/airflow/.local/lib/python3.8/site-packages/airflow/example_dags/example_short_circuit_operator.py for tasks to queue
[2024-03-09T10:42:16.301+0000] {logging_mixin.py:188} INFO - [2024-03-09T10:42:16.301+0000] {dagbag.py:540} INFO - Filling up the DagBag from /home/airflow/.local/lib/python3.8/site-packages/airflow/example_dags/example_short_circuit_operator.py
[2024-03-09T10:42:16.311+0000] {processor.py:840} INFO - DAG(s) 'example_short_circuit_operator' retrieved from /home/airflow/.local/lib/python3.8/site-packages/airflow/example_dags/example_short_circuit_operator.py
[2024-03-09T10:42:16.338+0000] {logging_mixin.py:188} INFO - [2024-03-09T10:42:16.337+0000] {dag.py:3047} INFO - Sync 1 DAGs
[2024-03-09T10:42:16.365+0000] {logging_mixin.py:188} INFO - [2024-03-09T10:42:16.364+0000] {dag.py:3834} INFO - Setting next_dagrun for example_short_circuit_operator to 2024-03-08 00:00:00+00:00, run_after=2024-03-09 00:00:00+00:00
[2024-03-09T10:42:16.400+0000] {processor.py:183} INFO - Processing /home/airflow/.local/lib/python3.8/site-packages/airflow/example_dags/example_short_circuit_operator.py took 0.106 seconds
[2024-03-09T10:42:46.787+0000] {processor.py:161} INFO - Started process (PID=1376) to work on /home/airflow/.local/lib/python3.8/site-packages/airflow/example_dags/example_short_circuit_operator.py
[2024-03-09T10:42:46.788+0000] {processor.py:830} INFO - Processing file /home/airflow/.local/lib/python3.8/site-packages/airflow/example_dags/example_short_circuit_operator.py for tasks to queue
[2024-03-09T10:42:46.790+0000] {logging_mixin.py:188} INFO - [2024-03-09T10:42:46.790+0000] {dagbag.py:540} INFO - Filling up the DagBag from /home/airflow/.local/lib/python3.8/site-packages/airflow/example_dags/example_short_circuit_operator.py
[2024-03-09T10:42:46.797+0000] {processor.py:840} INFO - DAG(s) 'example_short_circuit_operator' retrieved from /home/airflow/.local/lib/python3.8/site-packages/airflow/example_dags/example_short_circuit_operator.py
[2024-03-09T10:42:46.828+0000] {logging_mixin.py:188} INFO - [2024-03-09T10:42:46.828+0000] {dag.py:3047} INFO - Sync 1 DAGs
[2024-03-09T10:42:46.853+0000] {logging_mixin.py:188} INFO - [2024-03-09T10:42:46.852+0000] {dag.py:3834} INFO - Setting next_dagrun for example_short_circuit_operator to 2024-03-08 00:00:00+00:00, run_after=2024-03-09 00:00:00+00:00
[2024-03-09T10:42:46.889+0000] {processor.py:183} INFO - Processing /home/airflow/.local/lib/python3.8/site-packages/airflow/example_dags/example_short_circuit_operator.py took 0.105 seconds
[2024-03-09T10:43:17.002+0000] {processor.py:161} INFO - Started process (PID=1431) to work on /home/airflow/.local/lib/python3.8/site-packages/airflow/example_dags/example_short_circuit_operator.py
[2024-03-09T10:43:17.004+0000] {processor.py:830} INFO - Processing file /home/airflow/.local/lib/python3.8/site-packages/airflow/example_dags/example_short_circuit_operator.py for tasks to queue
[2024-03-09T10:43:17.007+0000] {logging_mixin.py:188} INFO - [2024-03-09T10:43:17.006+0000] {dagbag.py:540} INFO - Filling up the DagBag from /home/airflow/.local/lib/python3.8/site-packages/airflow/example_dags/example_short_circuit_operator.py
[2024-03-09T10:43:17.026+0000] {processor.py:840} INFO - DAG(s) 'example_short_circuit_operator' retrieved from /home/airflow/.local/lib/python3.8/site-packages/airflow/example_dags/example_short_circuit_operator.py
[2024-03-09T10:43:17.086+0000] {logging_mixin.py:188} INFO - [2024-03-09T10:43:17.085+0000] {dag.py:3047} INFO - Sync 1 DAGs
[2024-03-09T10:43:17.135+0000] {logging_mixin.py:188} INFO - [2024-03-09T10:43:17.135+0000] {dag.py:3834} INFO - Setting next_dagrun for example_short_circuit_operator to 2024-03-08 00:00:00+00:00, run_after=2024-03-09 00:00:00+00:00
[2024-03-09T10:43:17.189+0000] {processor.py:183} INFO - Processing /home/airflow/.local/lib/python3.8/site-packages/airflow/example_dags/example_short_circuit_operator.py took 0.193 seconds
[2024-03-09T10:43:47.366+0000] {processor.py:161} INFO - Started process (PID=1486) to work on /home/airflow/.local/lib/python3.8/site-packages/airflow/example_dags/example_short_circuit_operator.py
[2024-03-09T10:43:47.368+0000] {processor.py:830} INFO - Processing file /home/airflow/.local/lib/python3.8/site-packages/airflow/example_dags/example_short_circuit_operator.py for tasks to queue
[2024-03-09T10:43:47.370+0000] {logging_mixin.py:188} INFO - [2024-03-09T10:43:47.370+0000] {dagbag.py:540} INFO - Filling up the DagBag from /home/airflow/.local/lib/python3.8/site-packages/airflow/example_dags/example_short_circuit_operator.py
[2024-03-09T10:43:47.377+0000] {processor.py:840} INFO - DAG(s) 'example_short_circuit_operator' retrieved from /home/airflow/.local/lib/python3.8/site-packages/airflow/example_dags/example_short_circuit_operator.py
[2024-03-09T10:43:47.403+0000] {logging_mixin.py:188} INFO - [2024-03-09T10:43:47.403+0000] {dag.py:3047} INFO - Sync 1 DAGs
[2024-03-09T10:43:47.429+0000] {logging_mixin.py:188} INFO - [2024-03-09T10:43:47.429+0000] {dag.py:3834} INFO - Setting next_dagrun for example_short_circuit_operator to 2024-03-08 00:00:00+00:00, run_after=2024-03-09 00:00:00+00:00
[2024-03-09T10:43:47.481+0000] {processor.py:183} INFO - Processing /home/airflow/.local/lib/python3.8/site-packages/airflow/example_dags/example_short_circuit_operator.py took 0.119 seconds
[2024-03-09T10:44:17.840+0000] {processor.py:161} INFO - Started process (PID=1541) to work on /home/airflow/.local/lib/python3.8/site-packages/airflow/example_dags/example_short_circuit_operator.py
[2024-03-09T10:44:17.841+0000] {processor.py:830} INFO - Processing file /home/airflow/.local/lib/python3.8/site-packages/airflow/example_dags/example_short_circuit_operator.py for tasks to queue
[2024-03-09T10:44:17.843+0000] {logging_mixin.py:188} INFO - [2024-03-09T10:44:17.842+0000] {dagbag.py:540} INFO - Filling up the DagBag from /home/airflow/.local/lib/python3.8/site-packages/airflow/example_dags/example_short_circuit_operator.py
[2024-03-09T10:44:17.850+0000] {processor.py:840} INFO - DAG(s) 'example_short_circuit_operator' retrieved from /home/airflow/.local/lib/python3.8/site-packages/airflow/example_dags/example_short_circuit_operator.py
[2024-03-09T10:44:17.880+0000] {logging_mixin.py:188} INFO - [2024-03-09T10:44:17.879+0000] {dag.py:3047} INFO - Sync 1 DAGs
[2024-03-09T10:44:17.905+0000] {logging_mixin.py:188} INFO - [2024-03-09T10:44:17.905+0000] {dag.py:3834} INFO - Setting next_dagrun for example_short_circuit_operator to 2024-03-08 00:00:00+00:00, run_after=2024-03-09 00:00:00+00:00
[2024-03-09T10:44:17.932+0000] {processor.py:183} INFO - Processing /home/airflow/.local/lib/python3.8/site-packages/airflow/example_dags/example_short_circuit_operator.py took 0.096 seconds
[2024-03-09T10:44:48.113+0000] {processor.py:161} INFO - Started process (PID=1596) to work on /home/airflow/.local/lib/python3.8/site-packages/airflow/example_dags/example_short_circuit_operator.py
[2024-03-09T10:44:48.114+0000] {processor.py:830} INFO - Processing file /home/airflow/.local/lib/python3.8/site-packages/airflow/example_dags/example_short_circuit_operator.py for tasks to queue
[2024-03-09T10:44:48.116+0000] {logging_mixin.py:188} INFO - [2024-03-09T10:44:48.116+0000] {dagbag.py:540} INFO - Filling up the DagBag from /home/airflow/.local/lib/python3.8/site-packages/airflow/example_dags/example_short_circuit_operator.py
[2024-03-09T10:44:48.123+0000] {processor.py:840} INFO - DAG(s) 'example_short_circuit_operator' retrieved from /home/airflow/.local/lib/python3.8/site-packages/airflow/example_dags/example_short_circuit_operator.py
[2024-03-09T10:44:48.151+0000] {logging_mixin.py:188} INFO - [2024-03-09T10:44:48.151+0000] {dag.py:3047} INFO - Sync 1 DAGs
[2024-03-09T10:44:48.180+0000] {logging_mixin.py:188} INFO - [2024-03-09T10:44:48.180+0000] {dag.py:3834} INFO - Setting next_dagrun for example_short_circuit_operator to 2024-03-08 00:00:00+00:00, run_after=2024-03-09 00:00:00+00:00
[2024-03-09T10:44:48.213+0000] {processor.py:183} INFO - Processing /home/airflow/.local/lib/python3.8/site-packages/airflow/example_dags/example_short_circuit_operator.py took 0.104 seconds
[2024-03-09T10:45:18.419+0000] {processor.py:161} INFO - Started process (PID=1651) to work on /home/airflow/.local/lib/python3.8/site-packages/airflow/example_dags/example_short_circuit_operator.py
[2024-03-09T10:45:18.421+0000] {processor.py:830} INFO - Processing file /home/airflow/.local/lib/python3.8/site-packages/airflow/example_dags/example_short_circuit_operator.py for tasks to queue
[2024-03-09T10:45:18.423+0000] {logging_mixin.py:188} INFO - [2024-03-09T10:45:18.423+0000] {dagbag.py:540} INFO - Filling up the DagBag from /home/airflow/.local/lib/python3.8/site-packages/airflow/example_dags/example_short_circuit_operator.py
[2024-03-09T10:45:18.430+0000] {processor.py:840} INFO - DAG(s) 'example_short_circuit_operator' retrieved from /home/airflow/.local/lib/python3.8/site-packages/airflow/example_dags/example_short_circuit_operator.py
[2024-03-09T10:45:18.461+0000] {logging_mixin.py:188} INFO - [2024-03-09T10:45:18.461+0000] {dag.py:3047} INFO - Sync 1 DAGs
[2024-03-09T10:45:18.485+0000] {logging_mixin.py:188} INFO - [2024-03-09T10:45:18.485+0000] {dag.py:3834} INFO - Setting next_dagrun for example_short_circuit_operator to 2024-03-08 00:00:00+00:00, run_after=2024-03-09 00:00:00+00:00
[2024-03-09T10:45:18.517+0000] {processor.py:183} INFO - Processing /home/airflow/.local/lib/python3.8/site-packages/airflow/example_dags/example_short_circuit_operator.py took 0.100 seconds
[2024-03-09T10:45:48.567+0000] {processor.py:161} INFO - Started process (PID=1706) to work on /home/airflow/.local/lib/python3.8/site-packages/airflow/example_dags/example_short_circuit_operator.py
[2024-03-09T10:45:48.568+0000] {processor.py:830} INFO - Processing file /home/airflow/.local/lib/python3.8/site-packages/airflow/example_dags/example_short_circuit_operator.py for tasks to queue
[2024-03-09T10:45:48.570+0000] {logging_mixin.py:188} INFO - [2024-03-09T10:45:48.570+0000] {dagbag.py:540} INFO - Filling up the DagBag from /home/airflow/.local/lib/python3.8/site-packages/airflow/example_dags/example_short_circuit_operator.py
[2024-03-09T10:45:48.577+0000] {processor.py:840} INFO - DAG(s) 'example_short_circuit_operator' retrieved from /home/airflow/.local/lib/python3.8/site-packages/airflow/example_dags/example_short_circuit_operator.py
[2024-03-09T10:45:48.604+0000] {logging_mixin.py:188} INFO - [2024-03-09T10:45:48.604+0000] {dag.py:3047} INFO - Sync 1 DAGs
[2024-03-09T10:45:48.629+0000] {logging_mixin.py:188} INFO - [2024-03-09T10:45:48.629+0000] {dag.py:3834} INFO - Setting next_dagrun for example_short_circuit_operator to 2024-03-08 00:00:00+00:00, run_after=2024-03-09 00:00:00+00:00
[2024-03-09T10:45:48.656+0000] {processor.py:183} INFO - Processing /home/airflow/.local/lib/python3.8/site-packages/airflow/example_dags/example_short_circuit_operator.py took 0.093 seconds
