[2024-03-09T10:30:36.885+0000] {processor.py:161} INFO - Started process (PID=66) to work on /home/airflow/.local/lib/python3.8/site-packages/airflow/example_dags/example_python_decorator.py
[2024-03-09T10:30:36.887+0000] {processor.py:830} INFO - Processing file /home/airflow/.local/lib/python3.8/site-packages/airflow/example_dags/example_python_decorator.py for tasks to queue
[2024-03-09T10:30:36.890+0000] {logging_mixin.py:188} INFO - [2024-03-09T10:30:36.890+0000] {dagbag.py:540} INFO - Filling up the DagBag from /home/airflow/.local/lib/python3.8/site-packages/airflow/example_dags/example_python_decorator.py
[2024-03-09T10:30:36.914+0000] {processor.py:840} INFO - DAG(s) 'example_python_decorator' retrieved from /home/airflow/.local/lib/python3.8/site-packages/airflow/example_dags/example_python_decorator.py
[2024-03-09T10:30:37.059+0000] {logging_mixin.py:188} INFO - [2024-03-09T10:30:37.058+0000] {dag.py:3047} INFO - Sync 1 DAGs
[2024-03-09T10:30:37.078+0000] {logging_mixin.py:188} INFO - [2024-03-09T10:30:37.077+0000] {dag.py:3834} INFO - Setting next_dagrun for example_python_decorator to None, run_after=None
[2024-03-09T10:30:37.109+0000] {processor.py:183} INFO - Processing /home/airflow/.local/lib/python3.8/site-packages/airflow/example_dags/example_python_decorator.py took 0.229 seconds
[2024-03-09T10:31:07.702+0000] {processor.py:161} INFO - Started process (PID=121) to work on /home/airflow/.local/lib/python3.8/site-packages/airflow/example_dags/example_python_decorator.py
[2024-03-09T10:31:07.703+0000] {processor.py:830} INFO - Processing file /home/airflow/.local/lib/python3.8/site-packages/airflow/example_dags/example_python_decorator.py for tasks to queue
[2024-03-09T10:31:07.706+0000] {logging_mixin.py:188} INFO - [2024-03-09T10:31:07.705+0000] {dagbag.py:540} INFO - Filling up the DagBag from /home/airflow/.local/lib/python3.8/site-packages/airflow/example_dags/example_python_decorator.py
[2024-03-09T10:31:07.722+0000] {processor.py:840} INFO - DAG(s) 'example_python_decorator' retrieved from /home/airflow/.local/lib/python3.8/site-packages/airflow/example_dags/example_python_decorator.py
[2024-03-09T10:31:07.753+0000] {logging_mixin.py:188} INFO - [2024-03-09T10:31:07.753+0000] {dag.py:3047} INFO - Sync 1 DAGs
[2024-03-09T10:31:07.768+0000] {logging_mixin.py:188} INFO - [2024-03-09T10:31:07.768+0000] {dag.py:3834} INFO - Setting next_dagrun for example_python_decorator to None, run_after=None
[2024-03-09T10:31:07.792+0000] {processor.py:183} INFO - Processing /home/airflow/.local/lib/python3.8/site-packages/airflow/example_dags/example_python_decorator.py took 0.095 seconds
[2024-03-09T10:31:38.383+0000] {processor.py:161} INFO - Started process (PID=176) to work on /home/airflow/.local/lib/python3.8/site-packages/airflow/example_dags/example_python_decorator.py
[2024-03-09T10:31:38.394+0000] {processor.py:830} INFO - Processing file /home/airflow/.local/lib/python3.8/site-packages/airflow/example_dags/example_python_decorator.py for tasks to queue
[2024-03-09T10:31:38.398+0000] {logging_mixin.py:188} INFO - [2024-03-09T10:31:38.398+0000] {dagbag.py:540} INFO - Filling up the DagBag from /home/airflow/.local/lib/python3.8/site-packages/airflow/example_dags/example_python_decorator.py
[2024-03-09T10:31:38.462+0000] {processor.py:840} INFO - DAG(s) 'example_python_decorator' retrieved from /home/airflow/.local/lib/python3.8/site-packages/airflow/example_dags/example_python_decorator.py
[2024-03-09T10:31:38.541+0000] {logging_mixin.py:188} INFO - [2024-03-09T10:31:38.540+0000] {dag.py:3047} INFO - Sync 1 DAGs
[2024-03-09T10:31:38.574+0000] {logging_mixin.py:188} INFO - [2024-03-09T10:31:38.573+0000] {dag.py:3834} INFO - Setting next_dagrun for example_python_decorator to None, run_after=None
[2024-03-09T10:31:38.620+0000] {processor.py:183} INFO - Processing /home/airflow/.local/lib/python3.8/site-packages/airflow/example_dags/example_python_decorator.py took 0.256 seconds
[2024-03-09T10:32:09.239+0000] {processor.py:161} INFO - Started process (PID=231) to work on /home/airflow/.local/lib/python3.8/site-packages/airflow/example_dags/example_python_decorator.py
[2024-03-09T10:32:09.241+0000] {processor.py:830} INFO - Processing file /home/airflow/.local/lib/python3.8/site-packages/airflow/example_dags/example_python_decorator.py for tasks to queue
[2024-03-09T10:32:09.244+0000] {logging_mixin.py:188} INFO - [2024-03-09T10:32:09.244+0000] {dagbag.py:540} INFO - Filling up the DagBag from /home/airflow/.local/lib/python3.8/site-packages/airflow/example_dags/example_python_decorator.py
[2024-03-09T10:32:09.262+0000] {processor.py:840} INFO - DAG(s) 'example_python_decorator' retrieved from /home/airflow/.local/lib/python3.8/site-packages/airflow/example_dags/example_python_decorator.py
[2024-03-09T10:32:09.290+0000] {logging_mixin.py:188} INFO - [2024-03-09T10:32:09.290+0000] {dag.py:3047} INFO - Sync 1 DAGs
[2024-03-09T10:32:09.310+0000] {logging_mixin.py:188} INFO - [2024-03-09T10:32:09.309+0000] {dag.py:3834} INFO - Setting next_dagrun for example_python_decorator to None, run_after=None
[2024-03-09T10:32:09.334+0000] {processor.py:183} INFO - Processing /home/airflow/.local/lib/python3.8/site-packages/airflow/example_dags/example_python_decorator.py took 0.098 seconds
[2024-03-09T10:32:39.796+0000] {processor.py:161} INFO - Started process (PID=286) to work on /home/airflow/.local/lib/python3.8/site-packages/airflow/example_dags/example_python_decorator.py
[2024-03-09T10:32:39.798+0000] {processor.py:830} INFO - Processing file /home/airflow/.local/lib/python3.8/site-packages/airflow/example_dags/example_python_decorator.py for tasks to queue
[2024-03-09T10:32:39.800+0000] {logging_mixin.py:188} INFO - [2024-03-09T10:32:39.800+0000] {dagbag.py:540} INFO - Filling up the DagBag from /home/airflow/.local/lib/python3.8/site-packages/airflow/example_dags/example_python_decorator.py
[2024-03-09T10:32:39.814+0000] {processor.py:840} INFO - DAG(s) 'example_python_decorator' retrieved from /home/airflow/.local/lib/python3.8/site-packages/airflow/example_dags/example_python_decorator.py
[2024-03-09T10:32:39.842+0000] {logging_mixin.py:188} INFO - [2024-03-09T10:32:39.842+0000] {dag.py:3047} INFO - Sync 1 DAGs
[2024-03-09T10:32:39.860+0000] {logging_mixin.py:188} INFO - [2024-03-09T10:32:39.859+0000] {dag.py:3834} INFO - Setting next_dagrun for example_python_decorator to None, run_after=None
[2024-03-09T10:32:39.891+0000] {processor.py:183} INFO - Processing /home/airflow/.local/lib/python3.8/site-packages/airflow/example_dags/example_python_decorator.py took 0.099 seconds
[2024-03-09T10:33:10.120+0000] {processor.py:161} INFO - Started process (PID=341) to work on /home/airflow/.local/lib/python3.8/site-packages/airflow/example_dags/example_python_decorator.py
[2024-03-09T10:33:10.121+0000] {processor.py:830} INFO - Processing file /home/airflow/.local/lib/python3.8/site-packages/airflow/example_dags/example_python_decorator.py for tasks to queue
[2024-03-09T10:33:10.123+0000] {logging_mixin.py:188} INFO - [2024-03-09T10:33:10.122+0000] {dagbag.py:540} INFO - Filling up the DagBag from /home/airflow/.local/lib/python3.8/site-packages/airflow/example_dags/example_python_decorator.py
[2024-03-09T10:33:10.135+0000] {processor.py:840} INFO - DAG(s) 'example_python_decorator' retrieved from /home/airflow/.local/lib/python3.8/site-packages/airflow/example_dags/example_python_decorator.py
[2024-03-09T10:33:10.163+0000] {logging_mixin.py:188} INFO - [2024-03-09T10:33:10.163+0000] {dag.py:3047} INFO - Sync 1 DAGs
[2024-03-09T10:33:10.179+0000] {logging_mixin.py:188} INFO - [2024-03-09T10:33:10.178+0000] {dag.py:3834} INFO - Setting next_dagrun for example_python_decorator to None, run_after=None
[2024-03-09T10:33:10.211+0000] {processor.py:183} INFO - Processing /home/airflow/.local/lib/python3.8/site-packages/airflow/example_dags/example_python_decorator.py took 0.095 seconds
[2024-03-09T10:33:40.609+0000] {processor.py:161} INFO - Started process (PID=396) to work on /home/airflow/.local/lib/python3.8/site-packages/airflow/example_dags/example_python_decorator.py
[2024-03-09T10:33:40.611+0000] {processor.py:830} INFO - Processing file /home/airflow/.local/lib/python3.8/site-packages/airflow/example_dags/example_python_decorator.py for tasks to queue
[2024-03-09T10:33:40.613+0000] {logging_mixin.py:188} INFO - [2024-03-09T10:33:40.613+0000] {dagbag.py:540} INFO - Filling up the DagBag from /home/airflow/.local/lib/python3.8/site-packages/airflow/example_dags/example_python_decorator.py
[2024-03-09T10:33:40.632+0000] {processor.py:840} INFO - DAG(s) 'example_python_decorator' retrieved from /home/airflow/.local/lib/python3.8/site-packages/airflow/example_dags/example_python_decorator.py
[2024-03-09T10:33:40.662+0000] {logging_mixin.py:188} INFO - [2024-03-09T10:33:40.662+0000] {dag.py:3047} INFO - Sync 1 DAGs
[2024-03-09T10:33:40.678+0000] {logging_mixin.py:188} INFO - [2024-03-09T10:33:40.677+0000] {dag.py:3834} INFO - Setting next_dagrun for example_python_decorator to None, run_after=None
[2024-03-09T10:33:40.711+0000] {processor.py:183} INFO - Processing /home/airflow/.local/lib/python3.8/site-packages/airflow/example_dags/example_python_decorator.py took 0.107 seconds
[2024-03-09T10:34:10.973+0000] {processor.py:161} INFO - Started process (PID=451) to work on /home/airflow/.local/lib/python3.8/site-packages/airflow/example_dags/example_python_decorator.py
[2024-03-09T10:34:10.974+0000] {processor.py:830} INFO - Processing file /home/airflow/.local/lib/python3.8/site-packages/airflow/example_dags/example_python_decorator.py for tasks to queue
[2024-03-09T10:34:10.976+0000] {logging_mixin.py:188} INFO - [2024-03-09T10:34:10.975+0000] {dagbag.py:540} INFO - Filling up the DagBag from /home/airflow/.local/lib/python3.8/site-packages/airflow/example_dags/example_python_decorator.py
[2024-03-09T10:34:10.989+0000] {processor.py:840} INFO - DAG(s) 'example_python_decorator' retrieved from /home/airflow/.local/lib/python3.8/site-packages/airflow/example_dags/example_python_decorator.py
[2024-03-09T10:34:11.017+0000] {logging_mixin.py:188} INFO - [2024-03-09T10:34:11.017+0000] {dag.py:3047} INFO - Sync 1 DAGs
[2024-03-09T10:34:11.034+0000] {logging_mixin.py:188} INFO - [2024-03-09T10:34:11.034+0000] {dag.py:3834} INFO - Setting next_dagrun for example_python_decorator to None, run_after=None
[2024-03-09T10:34:11.064+0000] {processor.py:183} INFO - Processing /home/airflow/.local/lib/python3.8/site-packages/airflow/example_dags/example_python_decorator.py took 0.095 seconds
[2024-03-09T10:34:41.440+0000] {processor.py:161} INFO - Started process (PID=506) to work on /home/airflow/.local/lib/python3.8/site-packages/airflow/example_dags/example_python_decorator.py
[2024-03-09T10:34:41.441+0000] {processor.py:830} INFO - Processing file /home/airflow/.local/lib/python3.8/site-packages/airflow/example_dags/example_python_decorator.py for tasks to queue
[2024-03-09T10:34:41.443+0000] {logging_mixin.py:188} INFO - [2024-03-09T10:34:41.442+0000] {dagbag.py:540} INFO - Filling up the DagBag from /home/airflow/.local/lib/python3.8/site-packages/airflow/example_dags/example_python_decorator.py
[2024-03-09T10:34:41.456+0000] {processor.py:840} INFO - DAG(s) 'example_python_decorator' retrieved from /home/airflow/.local/lib/python3.8/site-packages/airflow/example_dags/example_python_decorator.py
[2024-03-09T10:34:41.482+0000] {logging_mixin.py:188} INFO - [2024-03-09T10:34:41.482+0000] {dag.py:3047} INFO - Sync 1 DAGs
[2024-03-09T10:34:41.498+0000] {logging_mixin.py:188} INFO - [2024-03-09T10:34:41.497+0000] {dag.py:3834} INFO - Setting next_dagrun for example_python_decorator to None, run_after=None
[2024-03-09T10:34:41.532+0000] {processor.py:183} INFO - Processing /home/airflow/.local/lib/python3.8/site-packages/airflow/example_dags/example_python_decorator.py took 0.095 seconds
[2024-03-09T10:35:11.767+0000] {processor.py:161} INFO - Started process (PID=561) to work on /home/airflow/.local/lib/python3.8/site-packages/airflow/example_dags/example_python_decorator.py
[2024-03-09T10:35:11.768+0000] {processor.py:830} INFO - Processing file /home/airflow/.local/lib/python3.8/site-packages/airflow/example_dags/example_python_decorator.py for tasks to queue
[2024-03-09T10:35:11.770+0000] {logging_mixin.py:188} INFO - [2024-03-09T10:35:11.770+0000] {dagbag.py:540} INFO - Filling up the DagBag from /home/airflow/.local/lib/python3.8/site-packages/airflow/example_dags/example_python_decorator.py
[2024-03-09T10:35:11.784+0000] {processor.py:840} INFO - DAG(s) 'example_python_decorator' retrieved from /home/airflow/.local/lib/python3.8/site-packages/airflow/example_dags/example_python_decorator.py
[2024-03-09T10:35:11.812+0000] {logging_mixin.py:188} INFO - [2024-03-09T10:35:11.811+0000] {dag.py:3047} INFO - Sync 1 DAGs
[2024-03-09T10:35:11.829+0000] {logging_mixin.py:188} INFO - [2024-03-09T10:35:11.829+0000] {dag.py:3834} INFO - Setting next_dagrun for example_python_decorator to None, run_after=None
[2024-03-09T10:35:11.859+0000] {processor.py:183} INFO - Processing /home/airflow/.local/lib/python3.8/site-packages/airflow/example_dags/example_python_decorator.py took 0.096 seconds
[2024-03-09T10:35:42.272+0000] {processor.py:161} INFO - Started process (PID=616) to work on /home/airflow/.local/lib/python3.8/site-packages/airflow/example_dags/example_python_decorator.py
[2024-03-09T10:35:42.274+0000] {processor.py:830} INFO - Processing file /home/airflow/.local/lib/python3.8/site-packages/airflow/example_dags/example_python_decorator.py for tasks to queue
[2024-03-09T10:35:42.276+0000] {logging_mixin.py:188} INFO - [2024-03-09T10:35:42.276+0000] {dagbag.py:540} INFO - Filling up the DagBag from /home/airflow/.local/lib/python3.8/site-packages/airflow/example_dags/example_python_decorator.py
[2024-03-09T10:35:42.291+0000] {processor.py:840} INFO - DAG(s) 'example_python_decorator' retrieved from /home/airflow/.local/lib/python3.8/site-packages/airflow/example_dags/example_python_decorator.py
[2024-03-09T10:35:42.319+0000] {logging_mixin.py:188} INFO - [2024-03-09T10:35:42.318+0000] {dag.py:3047} INFO - Sync 1 DAGs
[2024-03-09T10:35:42.334+0000] {logging_mixin.py:188} INFO - [2024-03-09T10:35:42.333+0000] {dag.py:3834} INFO - Setting next_dagrun for example_python_decorator to None, run_after=None
[2024-03-09T10:35:42.362+0000] {processor.py:183} INFO - Processing /home/airflow/.local/lib/python3.8/site-packages/airflow/example_dags/example_python_decorator.py took 0.093 seconds
[2024-03-09T10:36:13.321+0000] {processor.py:161} INFO - Started process (PID=671) to work on /home/airflow/.local/lib/python3.8/site-packages/airflow/example_dags/example_python_decorator.py
[2024-03-09T10:36:13.322+0000] {processor.py:830} INFO - Processing file /home/airflow/.local/lib/python3.8/site-packages/airflow/example_dags/example_python_decorator.py for tasks to queue
[2024-03-09T10:36:13.325+0000] {logging_mixin.py:188} INFO - [2024-03-09T10:36:13.325+0000] {dagbag.py:540} INFO - Filling up the DagBag from /home/airflow/.local/lib/python3.8/site-packages/airflow/example_dags/example_python_decorator.py
[2024-03-09T10:36:13.339+0000] {processor.py:840} INFO - DAG(s) 'example_python_decorator' retrieved from /home/airflow/.local/lib/python3.8/site-packages/airflow/example_dags/example_python_decorator.py
[2024-03-09T10:36:13.366+0000] {logging_mixin.py:188} INFO - [2024-03-09T10:36:13.366+0000] {dag.py:3047} INFO - Sync 1 DAGs
[2024-03-09T10:36:13.382+0000] {logging_mixin.py:188} INFO - [2024-03-09T10:36:13.382+0000] {dag.py:3834} INFO - Setting next_dagrun for example_python_decorator to None, run_after=None
[2024-03-09T10:36:13.409+0000] {processor.py:183} INFO - Processing /home/airflow/.local/lib/python3.8/site-packages/airflow/example_dags/example_python_decorator.py took 0.091 seconds
[2024-03-09T10:36:43.717+0000] {processor.py:161} INFO - Started process (PID=726) to work on /home/airflow/.local/lib/python3.8/site-packages/airflow/example_dags/example_python_decorator.py
[2024-03-09T10:36:43.719+0000] {processor.py:830} INFO - Processing file /home/airflow/.local/lib/python3.8/site-packages/airflow/example_dags/example_python_decorator.py for tasks to queue
[2024-03-09T10:36:43.721+0000] {logging_mixin.py:188} INFO - [2024-03-09T10:36:43.721+0000] {dagbag.py:540} INFO - Filling up the DagBag from /home/airflow/.local/lib/python3.8/site-packages/airflow/example_dags/example_python_decorator.py
[2024-03-09T10:36:43.735+0000] {processor.py:840} INFO - DAG(s) 'example_python_decorator' retrieved from /home/airflow/.local/lib/python3.8/site-packages/airflow/example_dags/example_python_decorator.py
[2024-03-09T10:36:43.763+0000] {logging_mixin.py:188} INFO - [2024-03-09T10:36:43.762+0000] {dag.py:3047} INFO - Sync 1 DAGs
[2024-03-09T10:36:43.779+0000] {logging_mixin.py:188} INFO - [2024-03-09T10:36:43.778+0000] {dag.py:3834} INFO - Setting next_dagrun for example_python_decorator to None, run_after=None
[2024-03-09T10:36:43.806+0000] {processor.py:183} INFO - Processing /home/airflow/.local/lib/python3.8/site-packages/airflow/example_dags/example_python_decorator.py took 0.092 seconds
[2024-03-09T10:37:14.603+0000] {processor.py:161} INFO - Started process (PID=781) to work on /home/airflow/.local/lib/python3.8/site-packages/airflow/example_dags/example_python_decorator.py
[2024-03-09T10:37:14.605+0000] {processor.py:830} INFO - Processing file /home/airflow/.local/lib/python3.8/site-packages/airflow/example_dags/example_python_decorator.py for tasks to queue
[2024-03-09T10:37:14.607+0000] {logging_mixin.py:188} INFO - [2024-03-09T10:37:14.607+0000] {dagbag.py:540} INFO - Filling up the DagBag from /home/airflow/.local/lib/python3.8/site-packages/airflow/example_dags/example_python_decorator.py
[2024-03-09T10:37:14.624+0000] {processor.py:840} INFO - DAG(s) 'example_python_decorator' retrieved from /home/airflow/.local/lib/python3.8/site-packages/airflow/example_dags/example_python_decorator.py
[2024-03-09T10:37:14.650+0000] {logging_mixin.py:188} INFO - [2024-03-09T10:37:14.650+0000] {dag.py:3047} INFO - Sync 1 DAGs
[2024-03-09T10:37:14.666+0000] {logging_mixin.py:188} INFO - [2024-03-09T10:37:14.665+0000] {dag.py:3834} INFO - Setting next_dagrun for example_python_decorator to None, run_after=None
[2024-03-09T10:37:14.689+0000] {processor.py:183} INFO - Processing /home/airflow/.local/lib/python3.8/site-packages/airflow/example_dags/example_python_decorator.py took 0.089 seconds
[2024-03-09T10:37:44.973+0000] {processor.py:161} INFO - Started process (PID=836) to work on /home/airflow/.local/lib/python3.8/site-packages/airflow/example_dags/example_python_decorator.py
[2024-03-09T10:37:44.975+0000] {processor.py:830} INFO - Processing file /home/airflow/.local/lib/python3.8/site-packages/airflow/example_dags/example_python_decorator.py for tasks to queue
[2024-03-09T10:37:44.977+0000] {logging_mixin.py:188} INFO - [2024-03-09T10:37:44.977+0000] {dagbag.py:540} INFO - Filling up the DagBag from /home/airflow/.local/lib/python3.8/site-packages/airflow/example_dags/example_python_decorator.py
[2024-03-09T10:37:44.993+0000] {processor.py:840} INFO - DAG(s) 'example_python_decorator' retrieved from /home/airflow/.local/lib/python3.8/site-packages/airflow/example_dags/example_python_decorator.py
[2024-03-09T10:37:45.021+0000] {logging_mixin.py:188} INFO - [2024-03-09T10:37:45.021+0000] {dag.py:3047} INFO - Sync 1 DAGs
[2024-03-09T10:37:45.037+0000] {logging_mixin.py:188} INFO - [2024-03-09T10:37:45.037+0000] {dag.py:3834} INFO - Setting next_dagrun for example_python_decorator to None, run_after=None
[2024-03-09T10:37:45.068+0000] {processor.py:183} INFO - Processing /home/airflow/.local/lib/python3.8/site-packages/airflow/example_dags/example_python_decorator.py took 0.099 seconds
[2024-03-09T10:38:15.592+0000] {processor.py:161} INFO - Started process (PID=891) to work on /home/airflow/.local/lib/python3.8/site-packages/airflow/example_dags/example_python_decorator.py
[2024-03-09T10:38:15.593+0000] {processor.py:830} INFO - Processing file /home/airflow/.local/lib/python3.8/site-packages/airflow/example_dags/example_python_decorator.py for tasks to queue
[2024-03-09T10:38:15.595+0000] {logging_mixin.py:188} INFO - [2024-03-09T10:38:15.595+0000] {dagbag.py:540} INFO - Filling up the DagBag from /home/airflow/.local/lib/python3.8/site-packages/airflow/example_dags/example_python_decorator.py
[2024-03-09T10:38:15.608+0000] {processor.py:840} INFO - DAG(s) 'example_python_decorator' retrieved from /home/airflow/.local/lib/python3.8/site-packages/airflow/example_dags/example_python_decorator.py
[2024-03-09T10:38:15.635+0000] {logging_mixin.py:188} INFO - [2024-03-09T10:38:15.634+0000] {dag.py:3047} INFO - Sync 1 DAGs
[2024-03-09T10:38:15.649+0000] {logging_mixin.py:188} INFO - [2024-03-09T10:38:15.649+0000] {dag.py:3834} INFO - Setting next_dagrun for example_python_decorator to None, run_after=None
[2024-03-09T10:38:15.676+0000] {processor.py:183} INFO - Processing /home/airflow/.local/lib/python3.8/site-packages/airflow/example_dags/example_python_decorator.py took 0.088 seconds
[2024-03-09T10:38:46.269+0000] {processor.py:161} INFO - Started process (PID=946) to work on /home/airflow/.local/lib/python3.8/site-packages/airflow/example_dags/example_python_decorator.py
[2024-03-09T10:38:46.271+0000] {processor.py:830} INFO - Processing file /home/airflow/.local/lib/python3.8/site-packages/airflow/example_dags/example_python_decorator.py for tasks to queue
[2024-03-09T10:38:46.273+0000] {logging_mixin.py:188} INFO - [2024-03-09T10:38:46.273+0000] {dagbag.py:540} INFO - Filling up the DagBag from /home/airflow/.local/lib/python3.8/site-packages/airflow/example_dags/example_python_decorator.py
[2024-03-09T10:38:46.288+0000] {processor.py:840} INFO - DAG(s) 'example_python_decorator' retrieved from /home/airflow/.local/lib/python3.8/site-packages/airflow/example_dags/example_python_decorator.py
[2024-03-09T10:38:46.323+0000] {logging_mixin.py:188} INFO - [2024-03-09T10:38:46.322+0000] {dag.py:3047} INFO - Sync 1 DAGs
[2024-03-09T10:38:46.349+0000] {logging_mixin.py:188} INFO - [2024-03-09T10:38:46.349+0000] {dag.py:3834} INFO - Setting next_dagrun for example_python_decorator to None, run_after=None
[2024-03-09T10:38:46.387+0000] {processor.py:183} INFO - Processing /home/airflow/.local/lib/python3.8/site-packages/airflow/example_dags/example_python_decorator.py took 0.122 seconds
[2024-03-09T10:39:16.567+0000] {processor.py:161} INFO - Started process (PID=1001) to work on /home/airflow/.local/lib/python3.8/site-packages/airflow/example_dags/example_python_decorator.py
[2024-03-09T10:39:16.569+0000] {processor.py:830} INFO - Processing file /home/airflow/.local/lib/python3.8/site-packages/airflow/example_dags/example_python_decorator.py for tasks to queue
[2024-03-09T10:39:16.575+0000] {logging_mixin.py:188} INFO - [2024-03-09T10:39:16.574+0000] {dagbag.py:540} INFO - Filling up the DagBag from /home/airflow/.local/lib/python3.8/site-packages/airflow/example_dags/example_python_decorator.py
[2024-03-09T10:39:16.599+0000] {processor.py:840} INFO - DAG(s) 'example_python_decorator' retrieved from /home/airflow/.local/lib/python3.8/site-packages/airflow/example_dags/example_python_decorator.py
[2024-03-09T10:39:16.634+0000] {logging_mixin.py:188} INFO - [2024-03-09T10:39:16.633+0000] {dag.py:3047} INFO - Sync 1 DAGs
[2024-03-09T10:39:16.652+0000] {logging_mixin.py:188} INFO - [2024-03-09T10:39:16.652+0000] {dag.py:3834} INFO - Setting next_dagrun for example_python_decorator to None, run_after=None
[2024-03-09T10:39:16.686+0000] {processor.py:183} INFO - Processing /home/airflow/.local/lib/python3.8/site-packages/airflow/example_dags/example_python_decorator.py took 0.125 seconds
[2024-03-09T10:39:47.670+0000] {processor.py:161} INFO - Started process (PID=1056) to work on /home/airflow/.local/lib/python3.8/site-packages/airflow/example_dags/example_python_decorator.py
[2024-03-09T10:39:47.672+0000] {processor.py:830} INFO - Processing file /home/airflow/.local/lib/python3.8/site-packages/airflow/example_dags/example_python_decorator.py for tasks to queue
[2024-03-09T10:39:47.675+0000] {logging_mixin.py:188} INFO - [2024-03-09T10:39:47.674+0000] {dagbag.py:540} INFO - Filling up the DagBag from /home/airflow/.local/lib/python3.8/site-packages/airflow/example_dags/example_python_decorator.py
[2024-03-09T10:39:47.696+0000] {processor.py:840} INFO - DAG(s) 'example_python_decorator' retrieved from /home/airflow/.local/lib/python3.8/site-packages/airflow/example_dags/example_python_decorator.py
[2024-03-09T10:39:47.724+0000] {logging_mixin.py:188} INFO - [2024-03-09T10:39:47.723+0000] {dag.py:3047} INFO - Sync 1 DAGs
[2024-03-09T10:39:47.745+0000] {logging_mixin.py:188} INFO - [2024-03-09T10:39:47.745+0000] {dag.py:3834} INFO - Setting next_dagrun for example_python_decorator to None, run_after=None
[2024-03-09T10:39:47.776+0000] {processor.py:183} INFO - Processing /home/airflow/.local/lib/python3.8/site-packages/airflow/example_dags/example_python_decorator.py took 0.110 seconds
[2024-03-09T10:40:17.949+0000] {processor.py:161} INFO - Started process (PID=1111) to work on /home/airflow/.local/lib/python3.8/site-packages/airflow/example_dags/example_python_decorator.py
[2024-03-09T10:40:17.951+0000] {processor.py:830} INFO - Processing file /home/airflow/.local/lib/python3.8/site-packages/airflow/example_dags/example_python_decorator.py for tasks to queue
[2024-03-09T10:40:17.953+0000] {logging_mixin.py:188} INFO - [2024-03-09T10:40:17.953+0000] {dagbag.py:540} INFO - Filling up the DagBag from /home/airflow/.local/lib/python3.8/site-packages/airflow/example_dags/example_python_decorator.py
[2024-03-09T10:40:17.966+0000] {processor.py:840} INFO - DAG(s) 'example_python_decorator' retrieved from /home/airflow/.local/lib/python3.8/site-packages/airflow/example_dags/example_python_decorator.py
[2024-03-09T10:40:17.993+0000] {logging_mixin.py:188} INFO - [2024-03-09T10:40:17.992+0000] {dag.py:3047} INFO - Sync 1 DAGs
[2024-03-09T10:40:18.008+0000] {logging_mixin.py:188} INFO - [2024-03-09T10:40:18.008+0000] {dag.py:3834} INFO - Setting next_dagrun for example_python_decorator to None, run_after=None
[2024-03-09T10:40:18.040+0000] {processor.py:183} INFO - Processing /home/airflow/.local/lib/python3.8/site-packages/airflow/example_dags/example_python_decorator.py took 0.094 seconds
[2024-03-09T10:40:48.686+0000] {processor.py:161} INFO - Started process (PID=1166) to work on /home/airflow/.local/lib/python3.8/site-packages/airflow/example_dags/example_python_decorator.py
[2024-03-09T10:40:48.687+0000] {processor.py:830} INFO - Processing file /home/airflow/.local/lib/python3.8/site-packages/airflow/example_dags/example_python_decorator.py for tasks to queue
[2024-03-09T10:40:48.689+0000] {logging_mixin.py:188} INFO - [2024-03-09T10:40:48.688+0000] {dagbag.py:540} INFO - Filling up the DagBag from /home/airflow/.local/lib/python3.8/site-packages/airflow/example_dags/example_python_decorator.py
[2024-03-09T10:40:48.702+0000] {processor.py:840} INFO - DAG(s) 'example_python_decorator' retrieved from /home/airflow/.local/lib/python3.8/site-packages/airflow/example_dags/example_python_decorator.py
[2024-03-09T10:40:48.730+0000] {logging_mixin.py:188} INFO - [2024-03-09T10:40:48.730+0000] {dag.py:3047} INFO - Sync 1 DAGs
[2024-03-09T10:40:48.746+0000] {logging_mixin.py:188} INFO - [2024-03-09T10:40:48.746+0000] {dag.py:3834} INFO - Setting next_dagrun for example_python_decorator to None, run_after=None
[2024-03-09T10:40:48.778+0000] {processor.py:183} INFO - Processing /home/airflow/.local/lib/python3.8/site-packages/airflow/example_dags/example_python_decorator.py took 0.095 seconds
[2024-03-09T10:41:19.577+0000] {processor.py:161} INFO - Started process (PID=1221) to work on /home/airflow/.local/lib/python3.8/site-packages/airflow/example_dags/example_python_decorator.py
[2024-03-09T10:41:19.580+0000] {processor.py:830} INFO - Processing file /home/airflow/.local/lib/python3.8/site-packages/airflow/example_dags/example_python_decorator.py for tasks to queue
[2024-03-09T10:41:19.583+0000] {logging_mixin.py:188} INFO - [2024-03-09T10:41:19.583+0000] {dagbag.py:540} INFO - Filling up the DagBag from /home/airflow/.local/lib/python3.8/site-packages/airflow/example_dags/example_python_decorator.py
[2024-03-09T10:41:19.609+0000] {processor.py:840} INFO - DAG(s) 'example_python_decorator' retrieved from /home/airflow/.local/lib/python3.8/site-packages/airflow/example_dags/example_python_decorator.py
[2024-03-09T10:41:19.643+0000] {logging_mixin.py:188} INFO - [2024-03-09T10:41:19.642+0000] {dag.py:3047} INFO - Sync 1 DAGs
[2024-03-09T10:41:19.667+0000] {logging_mixin.py:188} INFO - [2024-03-09T10:41:19.667+0000] {dag.py:3834} INFO - Setting next_dagrun for example_python_decorator to None, run_after=None
[2024-03-09T10:41:19.696+0000] {processor.py:183} INFO - Processing /home/airflow/.local/lib/python3.8/site-packages/airflow/example_dags/example_python_decorator.py took 0.125 seconds
[2024-03-09T10:41:49.866+0000] {processor.py:161} INFO - Started process (PID=1276) to work on /home/airflow/.local/lib/python3.8/site-packages/airflow/example_dags/example_python_decorator.py
[2024-03-09T10:41:49.867+0000] {processor.py:830} INFO - Processing file /home/airflow/.local/lib/python3.8/site-packages/airflow/example_dags/example_python_decorator.py for tasks to queue
[2024-03-09T10:41:49.868+0000] {logging_mixin.py:188} INFO - [2024-03-09T10:41:49.868+0000] {dagbag.py:540} INFO - Filling up the DagBag from /home/airflow/.local/lib/python3.8/site-packages/airflow/example_dags/example_python_decorator.py
[2024-03-09T10:41:49.881+0000] {processor.py:840} INFO - DAG(s) 'example_python_decorator' retrieved from /home/airflow/.local/lib/python3.8/site-packages/airflow/example_dags/example_python_decorator.py
[2024-03-09T10:41:49.903+0000] {logging_mixin.py:188} INFO - [2024-03-09T10:41:49.903+0000] {dag.py:3047} INFO - Sync 1 DAGs
[2024-03-09T10:41:49.919+0000] {logging_mixin.py:188} INFO - [2024-03-09T10:41:49.918+0000] {dag.py:3834} INFO - Setting next_dagrun for example_python_decorator to None, run_after=None
[2024-03-09T10:41:49.941+0000] {processor.py:183} INFO - Processing /home/airflow/.local/lib/python3.8/site-packages/airflow/example_dags/example_python_decorator.py took 0.079 seconds
[2024-03-09T10:42:20.102+0000] {processor.py:161} INFO - Started process (PID=1331) to work on /home/airflow/.local/lib/python3.8/site-packages/airflow/example_dags/example_python_decorator.py
[2024-03-09T10:42:20.104+0000] {processor.py:830} INFO - Processing file /home/airflow/.local/lib/python3.8/site-packages/airflow/example_dags/example_python_decorator.py for tasks to queue
[2024-03-09T10:42:20.107+0000] {logging_mixin.py:188} INFO - [2024-03-09T10:42:20.107+0000] {dagbag.py:540} INFO - Filling up the DagBag from /home/airflow/.local/lib/python3.8/site-packages/airflow/example_dags/example_python_decorator.py
[2024-03-09T10:42:20.123+0000] {processor.py:840} INFO - DAG(s) 'example_python_decorator' retrieved from /home/airflow/.local/lib/python3.8/site-packages/airflow/example_dags/example_python_decorator.py
[2024-03-09T10:42:20.152+0000] {logging_mixin.py:188} INFO - [2024-03-09T10:42:20.152+0000] {dag.py:3047} INFO - Sync 1 DAGs
[2024-03-09T10:42:20.167+0000] {logging_mixin.py:188} INFO - [2024-03-09T10:42:20.166+0000] {dag.py:3834} INFO - Setting next_dagrun for example_python_decorator to None, run_after=None
[2024-03-09T10:42:20.193+0000] {processor.py:183} INFO - Processing /home/airflow/.local/lib/python3.8/site-packages/airflow/example_dags/example_python_decorator.py took 0.094 seconds
[2024-03-09T10:42:50.346+0000] {processor.py:161} INFO - Started process (PID=1386) to work on /home/airflow/.local/lib/python3.8/site-packages/airflow/example_dags/example_python_decorator.py
[2024-03-09T10:42:50.347+0000] {processor.py:830} INFO - Processing file /home/airflow/.local/lib/python3.8/site-packages/airflow/example_dags/example_python_decorator.py for tasks to queue
[2024-03-09T10:42:50.349+0000] {logging_mixin.py:188} INFO - [2024-03-09T10:42:50.349+0000] {dagbag.py:540} INFO - Filling up the DagBag from /home/airflow/.local/lib/python3.8/site-packages/airflow/example_dags/example_python_decorator.py
[2024-03-09T10:42:50.363+0000] {processor.py:840} INFO - DAG(s) 'example_python_decorator' retrieved from /home/airflow/.local/lib/python3.8/site-packages/airflow/example_dags/example_python_decorator.py
[2024-03-09T10:42:50.391+0000] {logging_mixin.py:188} INFO - [2024-03-09T10:42:50.390+0000] {dag.py:3047} INFO - Sync 1 DAGs
[2024-03-09T10:42:50.408+0000] {logging_mixin.py:188} INFO - [2024-03-09T10:42:50.407+0000] {dag.py:3834} INFO - Setting next_dagrun for example_python_decorator to None, run_after=None
[2024-03-09T10:42:50.434+0000] {processor.py:183} INFO - Processing /home/airflow/.local/lib/python3.8/site-packages/airflow/example_dags/example_python_decorator.py took 0.092 seconds
[2024-03-09T10:43:20.776+0000] {processor.py:161} INFO - Started process (PID=1441) to work on /home/airflow/.local/lib/python3.8/site-packages/airflow/example_dags/example_python_decorator.py
[2024-03-09T10:43:20.777+0000] {processor.py:830} INFO - Processing file /home/airflow/.local/lib/python3.8/site-packages/airflow/example_dags/example_python_decorator.py for tasks to queue
[2024-03-09T10:43:20.779+0000] {logging_mixin.py:188} INFO - [2024-03-09T10:43:20.779+0000] {dagbag.py:540} INFO - Filling up the DagBag from /home/airflow/.local/lib/python3.8/site-packages/airflow/example_dags/example_python_decorator.py
[2024-03-09T10:43:20.793+0000] {processor.py:840} INFO - DAG(s) 'example_python_decorator' retrieved from /home/airflow/.local/lib/python3.8/site-packages/airflow/example_dags/example_python_decorator.py
[2024-03-09T10:43:20.820+0000] {logging_mixin.py:188} INFO - [2024-03-09T10:43:20.820+0000] {dag.py:3047} INFO - Sync 1 DAGs
[2024-03-09T10:43:20.836+0000] {logging_mixin.py:188} INFO - [2024-03-09T10:43:20.836+0000] {dag.py:3834} INFO - Setting next_dagrun for example_python_decorator to None, run_after=None
[2024-03-09T10:43:20.866+0000] {processor.py:183} INFO - Processing /home/airflow/.local/lib/python3.8/site-packages/airflow/example_dags/example_python_decorator.py took 0.093 seconds
[2024-03-09T10:43:50.998+0000] {processor.py:161} INFO - Started process (PID=1496) to work on /home/airflow/.local/lib/python3.8/site-packages/airflow/example_dags/example_python_decorator.py
[2024-03-09T10:43:50.999+0000] {processor.py:830} INFO - Processing file /home/airflow/.local/lib/python3.8/site-packages/airflow/example_dags/example_python_decorator.py for tasks to queue
[2024-03-09T10:43:51.001+0000] {logging_mixin.py:188} INFO - [2024-03-09T10:43:51.001+0000] {dagbag.py:540} INFO - Filling up the DagBag from /home/airflow/.local/lib/python3.8/site-packages/airflow/example_dags/example_python_decorator.py
[2024-03-09T10:43:51.014+0000] {processor.py:840} INFO - DAG(s) 'example_python_decorator' retrieved from /home/airflow/.local/lib/python3.8/site-packages/airflow/example_dags/example_python_decorator.py
[2024-03-09T10:43:51.041+0000] {logging_mixin.py:188} INFO - [2024-03-09T10:43:51.040+0000] {dag.py:3047} INFO - Sync 1 DAGs
[2024-03-09T10:43:51.058+0000] {logging_mixin.py:188} INFO - [2024-03-09T10:43:51.058+0000] {dag.py:3834} INFO - Setting next_dagrun for example_python_decorator to None, run_after=None
[2024-03-09T10:43:51.088+0000] {processor.py:183} INFO - Processing /home/airflow/.local/lib/python3.8/site-packages/airflow/example_dags/example_python_decorator.py took 0.094 seconds
[2024-03-09T10:44:21.433+0000] {processor.py:161} INFO - Started process (PID=1551) to work on /home/airflow/.local/lib/python3.8/site-packages/airflow/example_dags/example_python_decorator.py
[2024-03-09T10:44:21.435+0000] {processor.py:830} INFO - Processing file /home/airflow/.local/lib/python3.8/site-packages/airflow/example_dags/example_python_decorator.py for tasks to queue
[2024-03-09T10:44:21.437+0000] {logging_mixin.py:188} INFO - [2024-03-09T10:44:21.436+0000] {dagbag.py:540} INFO - Filling up the DagBag from /home/airflow/.local/lib/python3.8/site-packages/airflow/example_dags/example_python_decorator.py
[2024-03-09T10:44:21.453+0000] {processor.py:840} INFO - DAG(s) 'example_python_decorator' retrieved from /home/airflow/.local/lib/python3.8/site-packages/airflow/example_dags/example_python_decorator.py
[2024-03-09T10:44:21.482+0000] {logging_mixin.py:188} INFO - [2024-03-09T10:44:21.482+0000] {dag.py:3047} INFO - Sync 1 DAGs
[2024-03-09T10:44:21.498+0000] {logging_mixin.py:188} INFO - [2024-03-09T10:44:21.498+0000] {dag.py:3834} INFO - Setting next_dagrun for example_python_decorator to None, run_after=None
[2024-03-09T10:44:21.528+0000] {processor.py:183} INFO - Processing /home/airflow/.local/lib/python3.8/site-packages/airflow/example_dags/example_python_decorator.py took 0.099 seconds
[2024-03-09T10:44:51.693+0000] {processor.py:161} INFO - Started process (PID=1606) to work on /home/airflow/.local/lib/python3.8/site-packages/airflow/example_dags/example_python_decorator.py
[2024-03-09T10:44:51.694+0000] {processor.py:830} INFO - Processing file /home/airflow/.local/lib/python3.8/site-packages/airflow/example_dags/example_python_decorator.py for tasks to queue
[2024-03-09T10:44:51.697+0000] {logging_mixin.py:188} INFO - [2024-03-09T10:44:51.697+0000] {dagbag.py:540} INFO - Filling up the DagBag from /home/airflow/.local/lib/python3.8/site-packages/airflow/example_dags/example_python_decorator.py
[2024-03-09T10:44:51.713+0000] {processor.py:840} INFO - DAG(s) 'example_python_decorator' retrieved from /home/airflow/.local/lib/python3.8/site-packages/airflow/example_dags/example_python_decorator.py
[2024-03-09T10:44:51.742+0000] {logging_mixin.py:188} INFO - [2024-03-09T10:44:51.742+0000] {dag.py:3047} INFO - Sync 1 DAGs
[2024-03-09T10:44:51.759+0000] {logging_mixin.py:188} INFO - [2024-03-09T10:44:51.758+0000] {dag.py:3834} INFO - Setting next_dagrun for example_python_decorator to None, run_after=None
[2024-03-09T10:44:51.789+0000] {processor.py:183} INFO - Processing /home/airflow/.local/lib/python3.8/site-packages/airflow/example_dags/example_python_decorator.py took 0.099 seconds
[2024-03-09T10:45:22.016+0000] {processor.py:161} INFO - Started process (PID=1661) to work on /home/airflow/.local/lib/python3.8/site-packages/airflow/example_dags/example_python_decorator.py
[2024-03-09T10:45:22.018+0000] {processor.py:830} INFO - Processing file /home/airflow/.local/lib/python3.8/site-packages/airflow/example_dags/example_python_decorator.py for tasks to queue
[2024-03-09T10:45:22.021+0000] {logging_mixin.py:188} INFO - [2024-03-09T10:45:22.021+0000] {dagbag.py:540} INFO - Filling up the DagBag from /home/airflow/.local/lib/python3.8/site-packages/airflow/example_dags/example_python_decorator.py
[2024-03-09T10:45:22.038+0000] {processor.py:840} INFO - DAG(s) 'example_python_decorator' retrieved from /home/airflow/.local/lib/python3.8/site-packages/airflow/example_dags/example_python_decorator.py
[2024-03-09T10:45:22.066+0000] {logging_mixin.py:188} INFO - [2024-03-09T10:45:22.066+0000] {dag.py:3047} INFO - Sync 1 DAGs
[2024-03-09T10:45:22.084+0000] {logging_mixin.py:188} INFO - [2024-03-09T10:45:22.083+0000] {dag.py:3834} INFO - Setting next_dagrun for example_python_decorator to None, run_after=None
[2024-03-09T10:45:22.117+0000] {processor.py:183} INFO - Processing /home/airflow/.local/lib/python3.8/site-packages/airflow/example_dags/example_python_decorator.py took 0.105 seconds
[2024-03-09T10:45:52.451+0000] {processor.py:161} INFO - Started process (PID=1722) to work on /home/airflow/.local/lib/python3.8/site-packages/airflow/example_dags/example_python_decorator.py
[2024-03-09T10:45:52.452+0000] {processor.py:830} INFO - Processing file /home/airflow/.local/lib/python3.8/site-packages/airflow/example_dags/example_python_decorator.py for tasks to queue
[2024-03-09T10:45:52.455+0000] {logging_mixin.py:188} INFO - [2024-03-09T10:45:52.454+0000] {dagbag.py:540} INFO - Filling up the DagBag from /home/airflow/.local/lib/python3.8/site-packages/airflow/example_dags/example_python_decorator.py
[2024-03-09T10:45:52.471+0000] {processor.py:840} INFO - DAG(s) 'example_python_decorator' retrieved from /home/airflow/.local/lib/python3.8/site-packages/airflow/example_dags/example_python_decorator.py
[2024-03-09T10:45:52.504+0000] {logging_mixin.py:188} INFO - [2024-03-09T10:45:52.503+0000] {dag.py:3047} INFO - Sync 1 DAGs
[2024-03-09T10:45:52.520+0000] {logging_mixin.py:188} INFO - [2024-03-09T10:45:52.519+0000] {dag.py:3834} INFO - Setting next_dagrun for example_python_decorator to None, run_after=None
[2024-03-09T10:45:52.547+0000] {processor.py:183} INFO - Processing /home/airflow/.local/lib/python3.8/site-packages/airflow/example_dags/example_python_decorator.py took 0.099 seconds
