[2024-03-09T10:30:38.781+0000] {processor.py:161} INFO - Started process (PID=78) to work on /home/airflow/.local/lib/python3.8/site-packages/airflow/example_dags/example_datasets.py
[2024-03-09T10:30:38.784+0000] {processor.py:830} INFO - Processing file /home/airflow/.local/lib/python3.8/site-packages/airflow/example_dags/example_datasets.py for tasks to queue
[2024-03-09T10:30:38.787+0000] {logging_mixin.py:188} INFO - [2024-03-09T10:30:38.786+0000] {dagbag.py:540} INFO - Filling up the DagBag from /home/airflow/.local/lib/python3.8/site-packages/airflow/example_dags/example_datasets.py
[2024-03-09T10:30:38.806+0000] {processor.py:840} INFO - DAG(s) 'dataset_produces_1', 'dataset_produces_2', 'dataset_consumes_1', 'dataset_consumes_1_never_scheduled', 'dataset_consumes_unknown_never_scheduled', 'dataset_consumes_1_and_2' retrieved from /home/airflow/.local/lib/python3.8/site-packages/airflow/example_dags/example_datasets.py
[2024-03-09T10:30:39.155+0000] {logging_mixin.py:188} INFO - [2024-03-09T10:30:39.155+0000] {dag.py:3047} INFO - Sync 6 DAGs
[2024-03-09T10:30:39.186+0000] {logging_mixin.py:188} INFO - [2024-03-09T10:30:39.186+0000] {dag.py:3834} INFO - Setting next_dagrun for dataset_consumes_1 to None, run_after=None
[2024-03-09T10:30:39.190+0000] {logging_mixin.py:188} INFO - [2024-03-09T10:30:39.190+0000] {dag.py:3834} INFO - Setting next_dagrun for dataset_consumes_1_and_2 to None, run_after=None
[2024-03-09T10:30:39.192+0000] {logging_mixin.py:188} INFO - [2024-03-09T10:30:39.192+0000] {dag.py:3834} INFO - Setting next_dagrun for dataset_consumes_1_never_scheduled to None, run_after=None
[2024-03-09T10:30:39.194+0000] {logging_mixin.py:188} INFO - [2024-03-09T10:30:39.194+0000] {dag.py:3834} INFO - Setting next_dagrun for dataset_consumes_unknown_never_scheduled to None, run_after=None
[2024-03-09T10:30:39.198+0000] {logging_mixin.py:188} INFO - [2024-03-09T10:30:39.198+0000] {dag.py:3834} INFO - Setting next_dagrun for dataset_produces_1 to 2024-03-08 00:00:00+00:00, run_after=2024-03-09 00:00:00+00:00
[2024-03-09T10:30:39.200+0000] {logging_mixin.py:188} INFO - [2024-03-09T10:30:39.200+0000] {dag.py:3834} INFO - Setting next_dagrun for dataset_produces_2 to None, run_after=None
[2024-03-09T10:30:39.320+0000] {processor.py:183} INFO - Processing /home/airflow/.local/lib/python3.8/site-packages/airflow/example_dags/example_datasets.py took 0.545 seconds
[2024-03-09T10:31:09.738+0000] {processor.py:161} INFO - Started process (PID=133) to work on /home/airflow/.local/lib/python3.8/site-packages/airflow/example_dags/example_datasets.py
[2024-03-09T10:31:09.739+0000] {processor.py:830} INFO - Processing file /home/airflow/.local/lib/python3.8/site-packages/airflow/example_dags/example_datasets.py for tasks to queue
[2024-03-09T10:31:09.741+0000] {logging_mixin.py:188} INFO - [2024-03-09T10:31:09.741+0000] {dagbag.py:540} INFO - Filling up the DagBag from /home/airflow/.local/lib/python3.8/site-packages/airflow/example_dags/example_datasets.py
[2024-03-09T10:31:09.751+0000] {processor.py:840} INFO - DAG(s) 'dataset_consumes_1_never_scheduled', 'dataset_consumes_unknown_never_scheduled', 'dataset_consumes_1', 'dataset_produces_1', 'dataset_produces_2', 'dataset_consumes_1_and_2' retrieved from /home/airflow/.local/lib/python3.8/site-packages/airflow/example_dags/example_datasets.py
[2024-03-09T10:31:09.793+0000] {logging_mixin.py:188} INFO - [2024-03-09T10:31:09.793+0000] {dag.py:3047} INFO - Sync 6 DAGs
[2024-03-09T10:31:09.819+0000] {logging_mixin.py:188} INFO - [2024-03-09T10:31:09.819+0000] {dag.py:3834} INFO - Setting next_dagrun for dataset_consumes_1 to None, run_after=None
[2024-03-09T10:31:09.825+0000] {logging_mixin.py:188} INFO - [2024-03-09T10:31:09.824+0000] {dag.py:3834} INFO - Setting next_dagrun for dataset_consumes_1_and_2 to None, run_after=None
[2024-03-09T10:31:09.828+0000] {logging_mixin.py:188} INFO - [2024-03-09T10:31:09.828+0000] {dag.py:3834} INFO - Setting next_dagrun for dataset_consumes_1_never_scheduled to None, run_after=None
[2024-03-09T10:31:09.832+0000] {logging_mixin.py:188} INFO - [2024-03-09T10:31:09.831+0000] {dag.py:3834} INFO - Setting next_dagrun for dataset_consumes_unknown_never_scheduled to None, run_after=None
[2024-03-09T10:31:09.838+0000] {logging_mixin.py:188} INFO - [2024-03-09T10:31:09.838+0000] {dag.py:3834} INFO - Setting next_dagrun for dataset_produces_1 to 2024-03-08 00:00:00+00:00, run_after=2024-03-09 00:00:00+00:00
[2024-03-09T10:31:09.841+0000] {logging_mixin.py:188} INFO - [2024-03-09T10:31:09.841+0000] {dag.py:3834} INFO - Setting next_dagrun for dataset_produces_2 to None, run_after=None
[2024-03-09T10:31:09.897+0000] {processor.py:183} INFO - Processing /home/airflow/.local/lib/python3.8/site-packages/airflow/example_dags/example_datasets.py took 0.162 seconds
[2024-03-09T10:31:40.995+0000] {processor.py:161} INFO - Started process (PID=188) to work on /home/airflow/.local/lib/python3.8/site-packages/airflow/example_dags/example_datasets.py
[2024-03-09T10:31:40.996+0000] {processor.py:830} INFO - Processing file /home/airflow/.local/lib/python3.8/site-packages/airflow/example_dags/example_datasets.py for tasks to queue
[2024-03-09T10:31:41.000+0000] {logging_mixin.py:188} INFO - [2024-03-09T10:31:41.000+0000] {dagbag.py:540} INFO - Filling up the DagBag from /home/airflow/.local/lib/python3.8/site-packages/airflow/example_dags/example_datasets.py
[2024-03-09T10:31:41.018+0000] {processor.py:840} INFO - DAG(s) 'dataset_produces_1', 'dataset_consumes_1_never_scheduled', 'dataset_consumes_1', 'dataset_consumes_unknown_never_scheduled', 'dataset_consumes_1_and_2', 'dataset_produces_2' retrieved from /home/airflow/.local/lib/python3.8/site-packages/airflow/example_dags/example_datasets.py
[2024-03-09T10:31:41.078+0000] {logging_mixin.py:188} INFO - [2024-03-09T10:31:41.078+0000] {dag.py:3047} INFO - Sync 6 DAGs
[2024-03-09T10:31:41.109+0000] {logging_mixin.py:188} INFO - [2024-03-09T10:31:41.109+0000] {dag.py:3834} INFO - Setting next_dagrun for dataset_consumes_1 to None, run_after=None
[2024-03-09T10:31:41.114+0000] {logging_mixin.py:188} INFO - [2024-03-09T10:31:41.114+0000] {dag.py:3834} INFO - Setting next_dagrun for dataset_consumes_1_and_2 to None, run_after=None
[2024-03-09T10:31:41.118+0000] {logging_mixin.py:188} INFO - [2024-03-09T10:31:41.117+0000] {dag.py:3834} INFO - Setting next_dagrun for dataset_consumes_1_never_scheduled to None, run_after=None
[2024-03-09T10:31:41.119+0000] {logging_mixin.py:188} INFO - [2024-03-09T10:31:41.119+0000] {dag.py:3834} INFO - Setting next_dagrun for dataset_consumes_unknown_never_scheduled to None, run_after=None
[2024-03-09T10:31:41.122+0000] {logging_mixin.py:188} INFO - [2024-03-09T10:31:41.122+0000] {dag.py:3834} INFO - Setting next_dagrun for dataset_produces_1 to 2024-03-08 00:00:00+00:00, run_after=2024-03-09 00:00:00+00:00
[2024-03-09T10:31:41.125+0000] {logging_mixin.py:188} INFO - [2024-03-09T10:31:41.124+0000] {dag.py:3834} INFO - Setting next_dagrun for dataset_produces_2 to None, run_after=None
[2024-03-09T10:31:41.185+0000] {processor.py:183} INFO - Processing /home/airflow/.local/lib/python3.8/site-packages/airflow/example_dags/example_datasets.py took 0.194 seconds
[2024-03-09T10:32:11.336+0000] {processor.py:161} INFO - Started process (PID=243) to work on /home/airflow/.local/lib/python3.8/site-packages/airflow/example_dags/example_datasets.py
[2024-03-09T10:32:11.338+0000] {processor.py:830} INFO - Processing file /home/airflow/.local/lib/python3.8/site-packages/airflow/example_dags/example_datasets.py for tasks to queue
[2024-03-09T10:32:11.340+0000] {logging_mixin.py:188} INFO - [2024-03-09T10:32:11.340+0000] {dagbag.py:540} INFO - Filling up the DagBag from /home/airflow/.local/lib/python3.8/site-packages/airflow/example_dags/example_datasets.py
[2024-03-09T10:32:11.352+0000] {processor.py:840} INFO - DAG(s) 'dataset_produces_2', 'dataset_consumes_1_and_2', 'dataset_consumes_unknown_never_scheduled', 'dataset_consumes_1', 'dataset_produces_1', 'dataset_consumes_1_never_scheduled' retrieved from /home/airflow/.local/lib/python3.8/site-packages/airflow/example_dags/example_datasets.py
[2024-03-09T10:32:11.401+0000] {logging_mixin.py:188} INFO - [2024-03-09T10:32:11.400+0000] {dag.py:3047} INFO - Sync 6 DAGs
[2024-03-09T10:32:11.455+0000] {logging_mixin.py:188} INFO - [2024-03-09T10:32:11.455+0000] {dag.py:3834} INFO - Setting next_dagrun for dataset_consumes_1 to None, run_after=None
[2024-03-09T10:32:11.460+0000] {logging_mixin.py:188} INFO - [2024-03-09T10:32:11.460+0000] {dag.py:3834} INFO - Setting next_dagrun for dataset_consumes_1_and_2 to None, run_after=None
[2024-03-09T10:32:11.463+0000] {logging_mixin.py:188} INFO - [2024-03-09T10:32:11.463+0000] {dag.py:3834} INFO - Setting next_dagrun for dataset_consumes_1_never_scheduled to None, run_after=None
[2024-03-09T10:32:11.466+0000] {logging_mixin.py:188} INFO - [2024-03-09T10:32:11.466+0000] {dag.py:3834} INFO - Setting next_dagrun for dataset_consumes_unknown_never_scheduled to None, run_after=None
[2024-03-09T10:32:11.470+0000] {logging_mixin.py:188} INFO - [2024-03-09T10:32:11.470+0000] {dag.py:3834} INFO - Setting next_dagrun for dataset_produces_1 to 2024-03-08 00:00:00+00:00, run_after=2024-03-09 00:00:00+00:00
[2024-03-09T10:32:11.473+0000] {logging_mixin.py:188} INFO - [2024-03-09T10:32:11.472+0000] {dag.py:3834} INFO - Setting next_dagrun for dataset_produces_2 to None, run_after=None
[2024-03-09T10:32:11.520+0000] {processor.py:183} INFO - Processing /home/airflow/.local/lib/python3.8/site-packages/airflow/example_dags/example_datasets.py took 0.188 seconds
[2024-03-09T10:32:41.607+0000] {processor.py:161} INFO - Started process (PID=298) to work on /home/airflow/.local/lib/python3.8/site-packages/airflow/example_dags/example_datasets.py
[2024-03-09T10:32:41.608+0000] {processor.py:830} INFO - Processing file /home/airflow/.local/lib/python3.8/site-packages/airflow/example_dags/example_datasets.py for tasks to queue
[2024-03-09T10:32:41.610+0000] {logging_mixin.py:188} INFO - [2024-03-09T10:32:41.610+0000] {dagbag.py:540} INFO - Filling up the DagBag from /home/airflow/.local/lib/python3.8/site-packages/airflow/example_dags/example_datasets.py
[2024-03-09T10:32:41.619+0000] {processor.py:840} INFO - DAG(s) 'dataset_produces_2', 'dataset_produces_1', 'dataset_consumes_1', 'dataset_consumes_unknown_never_scheduled', 'dataset_consumes_1_never_scheduled', 'dataset_consumes_1_and_2' retrieved from /home/airflow/.local/lib/python3.8/site-packages/airflow/example_dags/example_datasets.py
[2024-03-09T10:32:41.659+0000] {logging_mixin.py:188} INFO - [2024-03-09T10:32:41.659+0000] {dag.py:3047} INFO - Sync 6 DAGs
[2024-03-09T10:32:41.683+0000] {logging_mixin.py:188} INFO - [2024-03-09T10:32:41.683+0000] {dag.py:3834} INFO - Setting next_dagrun for dataset_consumes_1 to None, run_after=None
[2024-03-09T10:32:41.688+0000] {logging_mixin.py:188} INFO - [2024-03-09T10:32:41.688+0000] {dag.py:3834} INFO - Setting next_dagrun for dataset_consumes_1_and_2 to None, run_after=None
[2024-03-09T10:32:41.691+0000] {logging_mixin.py:188} INFO - [2024-03-09T10:32:41.691+0000] {dag.py:3834} INFO - Setting next_dagrun for dataset_consumes_1_never_scheduled to None, run_after=None
[2024-03-09T10:32:41.693+0000] {logging_mixin.py:188} INFO - [2024-03-09T10:32:41.693+0000] {dag.py:3834} INFO - Setting next_dagrun for dataset_consumes_unknown_never_scheduled to None, run_after=None
[2024-03-09T10:32:41.697+0000] {logging_mixin.py:188} INFO - [2024-03-09T10:32:41.697+0000] {dag.py:3834} INFO - Setting next_dagrun for dataset_produces_1 to 2024-03-08 00:00:00+00:00, run_after=2024-03-09 00:00:00+00:00
[2024-03-09T10:32:41.700+0000] {logging_mixin.py:188} INFO - [2024-03-09T10:32:41.699+0000] {dag.py:3834} INFO - Setting next_dagrun for dataset_produces_2 to None, run_after=None
[2024-03-09T10:32:41.748+0000] {processor.py:183} INFO - Processing /home/airflow/.local/lib/python3.8/site-packages/airflow/example_dags/example_datasets.py took 0.145 seconds
[2024-03-09T10:33:11.957+0000] {processor.py:161} INFO - Started process (PID=353) to work on /home/airflow/.local/lib/python3.8/site-packages/airflow/example_dags/example_datasets.py
[2024-03-09T10:33:11.958+0000] {processor.py:830} INFO - Processing file /home/airflow/.local/lib/python3.8/site-packages/airflow/example_dags/example_datasets.py for tasks to queue
[2024-03-09T10:33:11.960+0000] {logging_mixin.py:188} INFO - [2024-03-09T10:33:11.959+0000] {dagbag.py:540} INFO - Filling up the DagBag from /home/airflow/.local/lib/python3.8/site-packages/airflow/example_dags/example_datasets.py
[2024-03-09T10:33:11.969+0000] {processor.py:840} INFO - DAG(s) 'dataset_produces_2', 'dataset_consumes_1', 'dataset_consumes_unknown_never_scheduled', 'dataset_consumes_1_never_scheduled', 'dataset_produces_1', 'dataset_consumes_1_and_2' retrieved from /home/airflow/.local/lib/python3.8/site-packages/airflow/example_dags/example_datasets.py
[2024-03-09T10:33:12.021+0000] {logging_mixin.py:188} INFO - [2024-03-09T10:33:12.021+0000] {dag.py:3047} INFO - Sync 6 DAGs
[2024-03-09T10:33:12.049+0000] {logging_mixin.py:188} INFO - [2024-03-09T10:33:12.048+0000] {dag.py:3834} INFO - Setting next_dagrun for dataset_consumes_1 to None, run_after=None
[2024-03-09T10:33:12.053+0000] {logging_mixin.py:188} INFO - [2024-03-09T10:33:12.053+0000] {dag.py:3834} INFO - Setting next_dagrun for dataset_consumes_1_and_2 to None, run_after=None
[2024-03-09T10:33:12.056+0000] {logging_mixin.py:188} INFO - [2024-03-09T10:33:12.056+0000] {dag.py:3834} INFO - Setting next_dagrun for dataset_consumes_1_never_scheduled to None, run_after=None
[2024-03-09T10:33:12.059+0000] {logging_mixin.py:188} INFO - [2024-03-09T10:33:12.059+0000] {dag.py:3834} INFO - Setting next_dagrun for dataset_consumes_unknown_never_scheduled to None, run_after=None
[2024-03-09T10:33:12.063+0000] {logging_mixin.py:188} INFO - [2024-03-09T10:33:12.063+0000] {dag.py:3834} INFO - Setting next_dagrun for dataset_produces_1 to 2024-03-08 00:00:00+00:00, run_after=2024-03-09 00:00:00+00:00
[2024-03-09T10:33:12.066+0000] {logging_mixin.py:188} INFO - [2024-03-09T10:33:12.066+0000] {dag.py:3834} INFO - Setting next_dagrun for dataset_produces_2 to None, run_after=None
[2024-03-09T10:33:12.117+0000] {processor.py:183} INFO - Processing /home/airflow/.local/lib/python3.8/site-packages/airflow/example_dags/example_datasets.py took 0.164 seconds
[2024-03-09T10:33:42.592+0000] {processor.py:161} INFO - Started process (PID=408) to work on /home/airflow/.local/lib/python3.8/site-packages/airflow/example_dags/example_datasets.py
[2024-03-09T10:33:42.593+0000] {processor.py:830} INFO - Processing file /home/airflow/.local/lib/python3.8/site-packages/airflow/example_dags/example_datasets.py for tasks to queue
[2024-03-09T10:33:42.595+0000] {logging_mixin.py:188} INFO - [2024-03-09T10:33:42.595+0000] {dagbag.py:540} INFO - Filling up the DagBag from /home/airflow/.local/lib/python3.8/site-packages/airflow/example_dags/example_datasets.py
[2024-03-09T10:33:42.605+0000] {processor.py:840} INFO - DAG(s) 'dataset_produces_1', 'dataset_produces_2', 'dataset_consumes_unknown_never_scheduled', 'dataset_consumes_1', 'dataset_consumes_1_and_2', 'dataset_consumes_1_never_scheduled' retrieved from /home/airflow/.local/lib/python3.8/site-packages/airflow/example_dags/example_datasets.py
[2024-03-09T10:33:42.655+0000] {logging_mixin.py:188} INFO - [2024-03-09T10:33:42.654+0000] {dag.py:3047} INFO - Sync 6 DAGs
[2024-03-09T10:33:42.682+0000] {logging_mixin.py:188} INFO - [2024-03-09T10:33:42.682+0000] {dag.py:3834} INFO - Setting next_dagrun for dataset_consumes_1 to None, run_after=None
[2024-03-09T10:33:42.688+0000] {logging_mixin.py:188} INFO - [2024-03-09T10:33:42.687+0000] {dag.py:3834} INFO - Setting next_dagrun for dataset_consumes_1_and_2 to None, run_after=None
[2024-03-09T10:33:42.691+0000] {logging_mixin.py:188} INFO - [2024-03-09T10:33:42.691+0000] {dag.py:3834} INFO - Setting next_dagrun for dataset_consumes_1_never_scheduled to None, run_after=None
[2024-03-09T10:33:42.694+0000] {logging_mixin.py:188} INFO - [2024-03-09T10:33:42.693+0000] {dag.py:3834} INFO - Setting next_dagrun for dataset_consumes_unknown_never_scheduled to None, run_after=None
[2024-03-09T10:33:42.698+0000] {logging_mixin.py:188} INFO - [2024-03-09T10:33:42.698+0000] {dag.py:3834} INFO - Setting next_dagrun for dataset_produces_1 to 2024-03-08 00:00:00+00:00, run_after=2024-03-09 00:00:00+00:00
[2024-03-09T10:33:42.702+0000] {logging_mixin.py:188} INFO - [2024-03-09T10:33:42.701+0000] {dag.py:3834} INFO - Setting next_dagrun for dataset_produces_2 to None, run_after=None
[2024-03-09T10:33:42.756+0000] {processor.py:183} INFO - Processing /home/airflow/.local/lib/python3.8/site-packages/airflow/example_dags/example_datasets.py took 0.167 seconds
[2024-03-09T10:34:12.838+0000] {processor.py:161} INFO - Started process (PID=463) to work on /home/airflow/.local/lib/python3.8/site-packages/airflow/example_dags/example_datasets.py
[2024-03-09T10:34:12.839+0000] {processor.py:830} INFO - Processing file /home/airflow/.local/lib/python3.8/site-packages/airflow/example_dags/example_datasets.py for tasks to queue
[2024-03-09T10:34:12.841+0000] {logging_mixin.py:188} INFO - [2024-03-09T10:34:12.841+0000] {dagbag.py:540} INFO - Filling up the DagBag from /home/airflow/.local/lib/python3.8/site-packages/airflow/example_dags/example_datasets.py
[2024-03-09T10:34:12.851+0000] {processor.py:840} INFO - DAG(s) 'dataset_consumes_1', 'dataset_consumes_1_never_scheduled', 'dataset_consumes_unknown_never_scheduled', 'dataset_consumes_1_and_2', 'dataset_produces_2', 'dataset_produces_1' retrieved from /home/airflow/.local/lib/python3.8/site-packages/airflow/example_dags/example_datasets.py
[2024-03-09T10:34:12.896+0000] {logging_mixin.py:188} INFO - [2024-03-09T10:34:12.896+0000] {dag.py:3047} INFO - Sync 6 DAGs
[2024-03-09T10:34:12.921+0000] {logging_mixin.py:188} INFO - [2024-03-09T10:34:12.921+0000] {dag.py:3834} INFO - Setting next_dagrun for dataset_consumes_1 to None, run_after=None
[2024-03-09T10:34:12.925+0000] {logging_mixin.py:188} INFO - [2024-03-09T10:34:12.925+0000] {dag.py:3834} INFO - Setting next_dagrun for dataset_consumes_1_and_2 to None, run_after=None
[2024-03-09T10:34:12.928+0000] {logging_mixin.py:188} INFO - [2024-03-09T10:34:12.927+0000] {dag.py:3834} INFO - Setting next_dagrun for dataset_consumes_1_never_scheduled to None, run_after=None
[2024-03-09T10:34:12.929+0000] {logging_mixin.py:188} INFO - [2024-03-09T10:34:12.929+0000] {dag.py:3834} INFO - Setting next_dagrun for dataset_consumes_unknown_never_scheduled to None, run_after=None
[2024-03-09T10:34:12.933+0000] {logging_mixin.py:188} INFO - [2024-03-09T10:34:12.933+0000] {dag.py:3834} INFO - Setting next_dagrun for dataset_produces_1 to 2024-03-08 00:00:00+00:00, run_after=2024-03-09 00:00:00+00:00
[2024-03-09T10:34:12.935+0000] {logging_mixin.py:188} INFO - [2024-03-09T10:34:12.935+0000] {dag.py:3834} INFO - Setting next_dagrun for dataset_produces_2 to None, run_after=None
[2024-03-09T10:34:12.980+0000] {processor.py:183} INFO - Processing /home/airflow/.local/lib/python3.8/site-packages/airflow/example_dags/example_datasets.py took 0.145 seconds
[2024-03-09T10:34:43.254+0000] {processor.py:161} INFO - Started process (PID=518) to work on /home/airflow/.local/lib/python3.8/site-packages/airflow/example_dags/example_datasets.py
[2024-03-09T10:34:43.256+0000] {processor.py:830} INFO - Processing file /home/airflow/.local/lib/python3.8/site-packages/airflow/example_dags/example_datasets.py for tasks to queue
[2024-03-09T10:34:43.258+0000] {logging_mixin.py:188} INFO - [2024-03-09T10:34:43.257+0000] {dagbag.py:540} INFO - Filling up the DagBag from /home/airflow/.local/lib/python3.8/site-packages/airflow/example_dags/example_datasets.py
[2024-03-09T10:34:43.267+0000] {processor.py:840} INFO - DAG(s) 'dataset_produces_1', 'dataset_consumes_1_never_scheduled', 'dataset_consumes_unknown_never_scheduled', 'dataset_consumes_1_and_2', 'dataset_produces_2', 'dataset_consumes_1' retrieved from /home/airflow/.local/lib/python3.8/site-packages/airflow/example_dags/example_datasets.py
[2024-03-09T10:34:43.308+0000] {logging_mixin.py:188} INFO - [2024-03-09T10:34:43.307+0000] {dag.py:3047} INFO - Sync 6 DAGs
[2024-03-09T10:34:43.334+0000] {logging_mixin.py:188} INFO - [2024-03-09T10:34:43.332+0000] {dag.py:3834} INFO - Setting next_dagrun for dataset_consumes_1 to None, run_after=None
[2024-03-09T10:34:43.339+0000] {logging_mixin.py:188} INFO - [2024-03-09T10:34:43.339+0000] {dag.py:3834} INFO - Setting next_dagrun for dataset_consumes_1_and_2 to None, run_after=None
[2024-03-09T10:34:43.343+0000] {logging_mixin.py:188} INFO - [2024-03-09T10:34:43.342+0000] {dag.py:3834} INFO - Setting next_dagrun for dataset_consumes_1_never_scheduled to None, run_after=None
[2024-03-09T10:34:43.345+0000] {logging_mixin.py:188} INFO - [2024-03-09T10:34:43.345+0000] {dag.py:3834} INFO - Setting next_dagrun for dataset_consumes_unknown_never_scheduled to None, run_after=None
[2024-03-09T10:34:43.349+0000] {logging_mixin.py:188} INFO - [2024-03-09T10:34:43.348+0000] {dag.py:3834} INFO - Setting next_dagrun for dataset_produces_1 to 2024-03-08 00:00:00+00:00, run_after=2024-03-09 00:00:00+00:00
[2024-03-09T10:34:43.351+0000] {logging_mixin.py:188} INFO - [2024-03-09T10:34:43.351+0000] {dag.py:3834} INFO - Setting next_dagrun for dataset_produces_2 to None, run_after=None
[2024-03-09T10:34:43.398+0000] {processor.py:183} INFO - Processing /home/airflow/.local/lib/python3.8/site-packages/airflow/example_dags/example_datasets.py took 0.146 seconds
[2024-03-09T10:35:13.570+0000] {processor.py:161} INFO - Started process (PID=573) to work on /home/airflow/.local/lib/python3.8/site-packages/airflow/example_dags/example_datasets.py
[2024-03-09T10:35:13.571+0000] {processor.py:830} INFO - Processing file /home/airflow/.local/lib/python3.8/site-packages/airflow/example_dags/example_datasets.py for tasks to queue
[2024-03-09T10:35:13.573+0000] {logging_mixin.py:188} INFO - [2024-03-09T10:35:13.572+0000] {dagbag.py:540} INFO - Filling up the DagBag from /home/airflow/.local/lib/python3.8/site-packages/airflow/example_dags/example_datasets.py
[2024-03-09T10:35:13.582+0000] {processor.py:840} INFO - DAG(s) 'dataset_consumes_1_and_2', 'dataset_produces_1', 'dataset_consumes_1_never_scheduled', 'dataset_consumes_unknown_never_scheduled', 'dataset_produces_2', 'dataset_consumes_1' retrieved from /home/airflow/.local/lib/python3.8/site-packages/airflow/example_dags/example_datasets.py
[2024-03-09T10:35:13.623+0000] {logging_mixin.py:188} INFO - [2024-03-09T10:35:13.623+0000] {dag.py:3047} INFO - Sync 6 DAGs
[2024-03-09T10:35:13.647+0000] {logging_mixin.py:188} INFO - [2024-03-09T10:35:13.647+0000] {dag.py:3834} INFO - Setting next_dagrun for dataset_consumes_1 to None, run_after=None
[2024-03-09T10:35:13.652+0000] {logging_mixin.py:188} INFO - [2024-03-09T10:35:13.652+0000] {dag.py:3834} INFO - Setting next_dagrun for dataset_consumes_1_and_2 to None, run_after=None
[2024-03-09T10:35:13.655+0000] {logging_mixin.py:188} INFO - [2024-03-09T10:35:13.655+0000] {dag.py:3834} INFO - Setting next_dagrun for dataset_consumes_1_never_scheduled to None, run_after=None
[2024-03-09T10:35:13.657+0000] {logging_mixin.py:188} INFO - [2024-03-09T10:35:13.657+0000] {dag.py:3834} INFO - Setting next_dagrun for dataset_consumes_unknown_never_scheduled to None, run_after=None
[2024-03-09T10:35:13.663+0000] {logging_mixin.py:188} INFO - [2024-03-09T10:35:13.662+0000] {dag.py:3834} INFO - Setting next_dagrun for dataset_produces_1 to 2024-03-08 00:00:00+00:00, run_after=2024-03-09 00:00:00+00:00
[2024-03-09T10:35:13.665+0000] {logging_mixin.py:188} INFO - [2024-03-09T10:35:13.665+0000] {dag.py:3834} INFO - Setting next_dagrun for dataset_produces_2 to None, run_after=None
[2024-03-09T10:35:13.712+0000] {processor.py:183} INFO - Processing /home/airflow/.local/lib/python3.8/site-packages/airflow/example_dags/example_datasets.py took 0.145 seconds
[2024-03-09T10:35:44.058+0000] {processor.py:161} INFO - Started process (PID=628) to work on /home/airflow/.local/lib/python3.8/site-packages/airflow/example_dags/example_datasets.py
[2024-03-09T10:35:44.060+0000] {processor.py:830} INFO - Processing file /home/airflow/.local/lib/python3.8/site-packages/airflow/example_dags/example_datasets.py for tasks to queue
[2024-03-09T10:35:44.062+0000] {logging_mixin.py:188} INFO - [2024-03-09T10:35:44.062+0000] {dagbag.py:540} INFO - Filling up the DagBag from /home/airflow/.local/lib/python3.8/site-packages/airflow/example_dags/example_datasets.py
[2024-03-09T10:35:44.072+0000] {processor.py:840} INFO - DAG(s) 'dataset_produces_1', 'dataset_consumes_unknown_never_scheduled', 'dataset_consumes_1_never_scheduled', 'dataset_consumes_1', 'dataset_consumes_1_and_2', 'dataset_produces_2' retrieved from /home/airflow/.local/lib/python3.8/site-packages/airflow/example_dags/example_datasets.py
[2024-03-09T10:35:44.114+0000] {logging_mixin.py:188} INFO - [2024-03-09T10:35:44.114+0000] {dag.py:3047} INFO - Sync 6 DAGs
[2024-03-09T10:35:44.140+0000] {logging_mixin.py:188} INFO - [2024-03-09T10:35:44.139+0000] {dag.py:3834} INFO - Setting next_dagrun for dataset_consumes_1 to None, run_after=None
[2024-03-09T10:35:44.144+0000] {logging_mixin.py:188} INFO - [2024-03-09T10:35:44.144+0000] {dag.py:3834} INFO - Setting next_dagrun for dataset_consumes_1_and_2 to None, run_after=None
[2024-03-09T10:35:44.146+0000] {logging_mixin.py:188} INFO - [2024-03-09T10:35:44.146+0000] {dag.py:3834} INFO - Setting next_dagrun for dataset_consumes_1_never_scheduled to None, run_after=None
[2024-03-09T10:35:44.148+0000] {logging_mixin.py:188} INFO - [2024-03-09T10:35:44.148+0000] {dag.py:3834} INFO - Setting next_dagrun for dataset_consumes_unknown_never_scheduled to None, run_after=None
[2024-03-09T10:35:44.152+0000] {logging_mixin.py:188} INFO - [2024-03-09T10:35:44.152+0000] {dag.py:3834} INFO - Setting next_dagrun for dataset_produces_1 to 2024-03-08 00:00:00+00:00, run_after=2024-03-09 00:00:00+00:00
[2024-03-09T10:35:44.154+0000] {logging_mixin.py:188} INFO - [2024-03-09T10:35:44.154+0000] {dag.py:3834} INFO - Setting next_dagrun for dataset_produces_2 to None, run_after=None
[2024-03-09T10:35:44.199+0000] {processor.py:183} INFO - Processing /home/airflow/.local/lib/python3.8/site-packages/airflow/example_dags/example_datasets.py took 0.144 seconds
[2024-03-09T10:36:14.322+0000] {processor.py:161} INFO - Started process (PID=683) to work on /home/airflow/.local/lib/python3.8/site-packages/airflow/example_dags/example_datasets.py
[2024-03-09T10:36:14.323+0000] {processor.py:830} INFO - Processing file /home/airflow/.local/lib/python3.8/site-packages/airflow/example_dags/example_datasets.py for tasks to queue
[2024-03-09T10:36:14.325+0000] {logging_mixin.py:188} INFO - [2024-03-09T10:36:14.325+0000] {dagbag.py:540} INFO - Filling up the DagBag from /home/airflow/.local/lib/python3.8/site-packages/airflow/example_dags/example_datasets.py
[2024-03-09T10:36:14.334+0000] {processor.py:840} INFO - DAG(s) 'dataset_produces_2', 'dataset_consumes_1_never_scheduled', 'dataset_consumes_unknown_never_scheduled', 'dataset_consumes_1_and_2', 'dataset_consumes_1', 'dataset_produces_1' retrieved from /home/airflow/.local/lib/python3.8/site-packages/airflow/example_dags/example_datasets.py
[2024-03-09T10:36:14.380+0000] {logging_mixin.py:188} INFO - [2024-03-09T10:36:14.379+0000] {dag.py:3047} INFO - Sync 6 DAGs
[2024-03-09T10:36:14.405+0000] {logging_mixin.py:188} INFO - [2024-03-09T10:36:14.405+0000] {dag.py:3834} INFO - Setting next_dagrun for dataset_consumes_1 to None, run_after=None
[2024-03-09T10:36:14.410+0000] {logging_mixin.py:188} INFO - [2024-03-09T10:36:14.409+0000] {dag.py:3834} INFO - Setting next_dagrun for dataset_consumes_1_and_2 to None, run_after=None
[2024-03-09T10:36:14.412+0000] {logging_mixin.py:188} INFO - [2024-03-09T10:36:14.412+0000] {dag.py:3834} INFO - Setting next_dagrun for dataset_consumes_1_never_scheduled to None, run_after=None
[2024-03-09T10:36:14.415+0000] {logging_mixin.py:188} INFO - [2024-03-09T10:36:14.414+0000] {dag.py:3834} INFO - Setting next_dagrun for dataset_consumes_unknown_never_scheduled to None, run_after=None
[2024-03-09T10:36:14.419+0000] {logging_mixin.py:188} INFO - [2024-03-09T10:36:14.418+0000] {dag.py:3834} INFO - Setting next_dagrun for dataset_produces_1 to 2024-03-08 00:00:00+00:00, run_after=2024-03-09 00:00:00+00:00
[2024-03-09T10:36:14.421+0000] {logging_mixin.py:188} INFO - [2024-03-09T10:36:14.421+0000] {dag.py:3834} INFO - Setting next_dagrun for dataset_produces_2 to None, run_after=None
[2024-03-09T10:36:14.472+0000] {processor.py:183} INFO - Processing /home/airflow/.local/lib/python3.8/site-packages/airflow/example_dags/example_datasets.py took 0.153 seconds
[2024-03-09T10:36:45.455+0000] {processor.py:161} INFO - Started process (PID=738) to work on /home/airflow/.local/lib/python3.8/site-packages/airflow/example_dags/example_datasets.py
[2024-03-09T10:36:45.457+0000] {processor.py:830} INFO - Processing file /home/airflow/.local/lib/python3.8/site-packages/airflow/example_dags/example_datasets.py for tasks to queue
[2024-03-09T10:36:45.459+0000] {logging_mixin.py:188} INFO - [2024-03-09T10:36:45.459+0000] {dagbag.py:540} INFO - Filling up the DagBag from /home/airflow/.local/lib/python3.8/site-packages/airflow/example_dags/example_datasets.py
[2024-03-09T10:36:45.468+0000] {processor.py:840} INFO - DAG(s) 'dataset_produces_1', 'dataset_produces_2', 'dataset_consumes_1_never_scheduled', 'dataset_consumes_1', 'dataset_consumes_unknown_never_scheduled', 'dataset_consumes_1_and_2' retrieved from /home/airflow/.local/lib/python3.8/site-packages/airflow/example_dags/example_datasets.py
[2024-03-09T10:36:45.510+0000] {logging_mixin.py:188} INFO - [2024-03-09T10:36:45.510+0000] {dag.py:3047} INFO - Sync 6 DAGs
[2024-03-09T10:36:45.534+0000] {logging_mixin.py:188} INFO - [2024-03-09T10:36:45.533+0000] {dag.py:3834} INFO - Setting next_dagrun for dataset_consumes_1 to None, run_after=None
[2024-03-09T10:36:45.538+0000] {logging_mixin.py:188} INFO - [2024-03-09T10:36:45.538+0000] {dag.py:3834} INFO - Setting next_dagrun for dataset_consumes_1_and_2 to None, run_after=None
[2024-03-09T10:36:45.540+0000] {logging_mixin.py:188} INFO - [2024-03-09T10:36:45.540+0000] {dag.py:3834} INFO - Setting next_dagrun for dataset_consumes_1_never_scheduled to None, run_after=None
[2024-03-09T10:36:45.542+0000] {logging_mixin.py:188} INFO - [2024-03-09T10:36:45.542+0000] {dag.py:3834} INFO - Setting next_dagrun for dataset_consumes_unknown_never_scheduled to None, run_after=None
[2024-03-09T10:36:45.546+0000] {logging_mixin.py:188} INFO - [2024-03-09T10:36:45.546+0000] {dag.py:3834} INFO - Setting next_dagrun for dataset_produces_1 to 2024-03-08 00:00:00+00:00, run_after=2024-03-09 00:00:00+00:00
[2024-03-09T10:36:45.548+0000] {logging_mixin.py:188} INFO - [2024-03-09T10:36:45.548+0000] {dag.py:3834} INFO - Setting next_dagrun for dataset_produces_2 to None, run_after=None
[2024-03-09T10:36:45.591+0000] {processor.py:183} INFO - Processing /home/airflow/.local/lib/python3.8/site-packages/airflow/example_dags/example_datasets.py took 0.139 seconds
[2024-03-09T10:37:16.406+0000] {processor.py:161} INFO - Started process (PID=793) to work on /home/airflow/.local/lib/python3.8/site-packages/airflow/example_dags/example_datasets.py
[2024-03-09T10:37:16.408+0000] {processor.py:830} INFO - Processing file /home/airflow/.local/lib/python3.8/site-packages/airflow/example_dags/example_datasets.py for tasks to queue
[2024-03-09T10:37:16.410+0000] {logging_mixin.py:188} INFO - [2024-03-09T10:37:16.410+0000] {dagbag.py:540} INFO - Filling up the DagBag from /home/airflow/.local/lib/python3.8/site-packages/airflow/example_dags/example_datasets.py
[2024-03-09T10:37:16.420+0000] {processor.py:840} INFO - DAG(s) 'dataset_consumes_1_never_scheduled', 'dataset_produces_2', 'dataset_consumes_1', 'dataset_consumes_unknown_never_scheduled', 'dataset_consumes_1_and_2', 'dataset_produces_1' retrieved from /home/airflow/.local/lib/python3.8/site-packages/airflow/example_dags/example_datasets.py
[2024-03-09T10:37:16.461+0000] {logging_mixin.py:188} INFO - [2024-03-09T10:37:16.461+0000] {dag.py:3047} INFO - Sync 6 DAGs
[2024-03-09T10:37:16.486+0000] {logging_mixin.py:188} INFO - [2024-03-09T10:37:16.485+0000] {dag.py:3834} INFO - Setting next_dagrun for dataset_consumes_1 to None, run_after=None
[2024-03-09T10:37:16.491+0000] {logging_mixin.py:188} INFO - [2024-03-09T10:37:16.490+0000] {dag.py:3834} INFO - Setting next_dagrun for dataset_consumes_1_and_2 to None, run_after=None
[2024-03-09T10:37:16.493+0000] {logging_mixin.py:188} INFO - [2024-03-09T10:37:16.492+0000] {dag.py:3834} INFO - Setting next_dagrun for dataset_consumes_1_never_scheduled to None, run_after=None
[2024-03-09T10:37:16.495+0000] {logging_mixin.py:188} INFO - [2024-03-09T10:37:16.495+0000] {dag.py:3834} INFO - Setting next_dagrun for dataset_consumes_unknown_never_scheduled to None, run_after=None
[2024-03-09T10:37:16.498+0000] {logging_mixin.py:188} INFO - [2024-03-09T10:37:16.498+0000] {dag.py:3834} INFO - Setting next_dagrun for dataset_produces_1 to 2024-03-08 00:00:00+00:00, run_after=2024-03-09 00:00:00+00:00
[2024-03-09T10:37:16.501+0000] {logging_mixin.py:188} INFO - [2024-03-09T10:37:16.500+0000] {dag.py:3834} INFO - Setting next_dagrun for dataset_produces_2 to None, run_after=None
[2024-03-09T10:37:16.545+0000] {processor.py:183} INFO - Processing /home/airflow/.local/lib/python3.8/site-packages/airflow/example_dags/example_datasets.py took 0.141 seconds
[2024-03-09T10:37:46.866+0000] {processor.py:161} INFO - Started process (PID=848) to work on /home/airflow/.local/lib/python3.8/site-packages/airflow/example_dags/example_datasets.py
[2024-03-09T10:37:46.868+0000] {processor.py:830} INFO - Processing file /home/airflow/.local/lib/python3.8/site-packages/airflow/example_dags/example_datasets.py for tasks to queue
[2024-03-09T10:37:46.870+0000] {logging_mixin.py:188} INFO - [2024-03-09T10:37:46.870+0000] {dagbag.py:540} INFO - Filling up the DagBag from /home/airflow/.local/lib/python3.8/site-packages/airflow/example_dags/example_datasets.py
[2024-03-09T10:37:46.882+0000] {processor.py:840} INFO - DAG(s) 'dataset_produces_2', 'dataset_consumes_1', 'dataset_consumes_unknown_never_scheduled', 'dataset_produces_1', 'dataset_consumes_1_and_2', 'dataset_consumes_1_never_scheduled' retrieved from /home/airflow/.local/lib/python3.8/site-packages/airflow/example_dags/example_datasets.py
[2024-03-09T10:37:46.948+0000] {logging_mixin.py:188} INFO - [2024-03-09T10:37:46.947+0000] {dag.py:3047} INFO - Sync 6 DAGs
[2024-03-09T10:37:46.986+0000] {logging_mixin.py:188} INFO - [2024-03-09T10:37:46.986+0000] {dag.py:3834} INFO - Setting next_dagrun for dataset_consumes_1 to None, run_after=None
[2024-03-09T10:37:46.993+0000] {logging_mixin.py:188} INFO - [2024-03-09T10:37:46.993+0000] {dag.py:3834} INFO - Setting next_dagrun for dataset_consumes_1_and_2 to None, run_after=None
[2024-03-09T10:37:46.995+0000] {logging_mixin.py:188} INFO - [2024-03-09T10:37:46.995+0000] {dag.py:3834} INFO - Setting next_dagrun for dataset_consumes_1_never_scheduled to None, run_after=None
[2024-03-09T10:37:46.998+0000] {logging_mixin.py:188} INFO - [2024-03-09T10:37:46.998+0000] {dag.py:3834} INFO - Setting next_dagrun for dataset_consumes_unknown_never_scheduled to None, run_after=None
[2024-03-09T10:37:47.002+0000] {logging_mixin.py:188} INFO - [2024-03-09T10:37:47.002+0000] {dag.py:3834} INFO - Setting next_dagrun for dataset_produces_1 to 2024-03-08 00:00:00+00:00, run_after=2024-03-09 00:00:00+00:00
[2024-03-09T10:37:47.004+0000] {logging_mixin.py:188} INFO - [2024-03-09T10:37:47.004+0000] {dag.py:3834} INFO - Setting next_dagrun for dataset_produces_2 to None, run_after=None
[2024-03-09T10:37:47.055+0000] {processor.py:183} INFO - Processing /home/airflow/.local/lib/python3.8/site-packages/airflow/example_dags/example_datasets.py took 0.193 seconds
[2024-03-09T10:38:17.457+0000] {processor.py:161} INFO - Started process (PID=903) to work on /home/airflow/.local/lib/python3.8/site-packages/airflow/example_dags/example_datasets.py
[2024-03-09T10:38:17.458+0000] {processor.py:830} INFO - Processing file /home/airflow/.local/lib/python3.8/site-packages/airflow/example_dags/example_datasets.py for tasks to queue
[2024-03-09T10:38:17.460+0000] {logging_mixin.py:188} INFO - [2024-03-09T10:38:17.460+0000] {dagbag.py:540} INFO - Filling up the DagBag from /home/airflow/.local/lib/python3.8/site-packages/airflow/example_dags/example_datasets.py
[2024-03-09T10:38:17.469+0000] {processor.py:840} INFO - DAG(s) 'dataset_produces_1', 'dataset_consumes_unknown_never_scheduled', 'dataset_consumes_1', 'dataset_consumes_1_and_2', 'dataset_produces_2', 'dataset_consumes_1_never_scheduled' retrieved from /home/airflow/.local/lib/python3.8/site-packages/airflow/example_dags/example_datasets.py
[2024-03-09T10:38:17.517+0000] {logging_mixin.py:188} INFO - [2024-03-09T10:38:17.516+0000] {dag.py:3047} INFO - Sync 6 DAGs
[2024-03-09T10:38:17.547+0000] {logging_mixin.py:188} INFO - [2024-03-09T10:38:17.546+0000] {dag.py:3834} INFO - Setting next_dagrun for dataset_consumes_1 to None, run_after=None
[2024-03-09T10:38:17.552+0000] {logging_mixin.py:188} INFO - [2024-03-09T10:38:17.551+0000] {dag.py:3834} INFO - Setting next_dagrun for dataset_consumes_1_and_2 to None, run_after=None
[2024-03-09T10:38:17.554+0000] {logging_mixin.py:188} INFO - [2024-03-09T10:38:17.554+0000] {dag.py:3834} INFO - Setting next_dagrun for dataset_consumes_1_never_scheduled to None, run_after=None
[2024-03-09T10:38:17.557+0000] {logging_mixin.py:188} INFO - [2024-03-09T10:38:17.557+0000] {dag.py:3834} INFO - Setting next_dagrun for dataset_consumes_unknown_never_scheduled to None, run_after=None
[2024-03-09T10:38:17.562+0000] {logging_mixin.py:188} INFO - [2024-03-09T10:38:17.562+0000] {dag.py:3834} INFO - Setting next_dagrun for dataset_produces_1 to 2024-03-08 00:00:00+00:00, run_after=2024-03-09 00:00:00+00:00
[2024-03-09T10:38:17.565+0000] {logging_mixin.py:188} INFO - [2024-03-09T10:38:17.564+0000] {dag.py:3834} INFO - Setting next_dagrun for dataset_produces_2 to None, run_after=None
[2024-03-09T10:38:17.619+0000] {processor.py:183} INFO - Processing /home/airflow/.local/lib/python3.8/site-packages/airflow/example_dags/example_datasets.py took 0.165 seconds
[2024-03-09T10:38:47.770+0000] {processor.py:161} INFO - Started process (PID=958) to work on /home/airflow/.local/lib/python3.8/site-packages/airflow/example_dags/example_datasets.py
[2024-03-09T10:38:47.772+0000] {processor.py:830} INFO - Processing file /home/airflow/.local/lib/python3.8/site-packages/airflow/example_dags/example_datasets.py for tasks to queue
[2024-03-09T10:38:47.774+0000] {logging_mixin.py:188} INFO - [2024-03-09T10:38:47.774+0000] {dagbag.py:540} INFO - Filling up the DagBag from /home/airflow/.local/lib/python3.8/site-packages/airflow/example_dags/example_datasets.py
[2024-03-09T10:38:47.795+0000] {processor.py:840} INFO - DAG(s) 'dataset_consumes_unknown_never_scheduled', 'dataset_produces_2', 'dataset_consumes_1_and_2', 'dataset_consumes_1_never_scheduled', 'dataset_produces_1', 'dataset_consumes_1' retrieved from /home/airflow/.local/lib/python3.8/site-packages/airflow/example_dags/example_datasets.py
[2024-03-09T10:38:47.847+0000] {logging_mixin.py:188} INFO - [2024-03-09T10:38:47.847+0000] {dag.py:3047} INFO - Sync 6 DAGs
[2024-03-09T10:38:47.877+0000] {logging_mixin.py:188} INFO - [2024-03-09T10:38:47.877+0000] {dag.py:3834} INFO - Setting next_dagrun for dataset_consumes_1 to None, run_after=None
[2024-03-09T10:38:47.882+0000] {logging_mixin.py:188} INFO - [2024-03-09T10:38:47.882+0000] {dag.py:3834} INFO - Setting next_dagrun for dataset_consumes_1_and_2 to None, run_after=None
[2024-03-09T10:38:47.885+0000] {logging_mixin.py:188} INFO - [2024-03-09T10:38:47.884+0000] {dag.py:3834} INFO - Setting next_dagrun for dataset_consumes_1_never_scheduled to None, run_after=None
[2024-03-09T10:38:47.887+0000] {logging_mixin.py:188} INFO - [2024-03-09T10:38:47.887+0000] {dag.py:3834} INFO - Setting next_dagrun for dataset_consumes_unknown_never_scheduled to None, run_after=None
[2024-03-09T10:38:47.890+0000] {logging_mixin.py:188} INFO - [2024-03-09T10:38:47.890+0000] {dag.py:3834} INFO - Setting next_dagrun for dataset_produces_1 to 2024-03-08 00:00:00+00:00, run_after=2024-03-09 00:00:00+00:00
[2024-03-09T10:38:47.892+0000] {logging_mixin.py:188} INFO - [2024-03-09T10:38:47.892+0000] {dag.py:3834} INFO - Setting next_dagrun for dataset_produces_2 to None, run_after=None
[2024-03-09T10:38:47.940+0000] {processor.py:183} INFO - Processing /home/airflow/.local/lib/python3.8/site-packages/airflow/example_dags/example_datasets.py took 0.173 seconds
[2024-03-09T10:39:20.200+0000] {processor.py:161} INFO - Started process (PID=1013) to work on /home/airflow/.local/lib/python3.8/site-packages/airflow/example_dags/example_datasets.py
[2024-03-09T10:39:20.205+0000] {processor.py:830} INFO - Processing file /home/airflow/.local/lib/python3.8/site-packages/airflow/example_dags/example_datasets.py for tasks to queue
[2024-03-09T10:39:20.209+0000] {logging_mixin.py:188} INFO - [2024-03-09T10:39:20.208+0000] {dagbag.py:540} INFO - Filling up the DagBag from /home/airflow/.local/lib/python3.8/site-packages/airflow/example_dags/example_datasets.py
[2024-03-09T10:39:20.230+0000] {processor.py:840} INFO - DAG(s) 'dataset_consumes_unknown_never_scheduled', 'dataset_produces_2', 'dataset_consumes_1', 'dataset_consumes_1_never_scheduled', 'dataset_consumes_1_and_2', 'dataset_produces_1' retrieved from /home/airflow/.local/lib/python3.8/site-packages/airflow/example_dags/example_datasets.py
[2024-03-09T10:39:20.313+0000] {logging_mixin.py:188} INFO - [2024-03-09T10:39:20.312+0000] {dag.py:3047} INFO - Sync 6 DAGs
[2024-03-09T10:39:20.348+0000] {logging_mixin.py:188} INFO - [2024-03-09T10:39:20.348+0000] {dag.py:3834} INFO - Setting next_dagrun for dataset_consumes_1 to None, run_after=None
[2024-03-09T10:39:20.355+0000] {logging_mixin.py:188} INFO - [2024-03-09T10:39:20.355+0000] {dag.py:3834} INFO - Setting next_dagrun for dataset_consumes_1_and_2 to None, run_after=None
[2024-03-09T10:39:20.358+0000] {logging_mixin.py:188} INFO - [2024-03-09T10:39:20.358+0000] {dag.py:3834} INFO - Setting next_dagrun for dataset_consumes_1_never_scheduled to None, run_after=None
[2024-03-09T10:39:20.361+0000] {logging_mixin.py:188} INFO - [2024-03-09T10:39:20.360+0000] {dag.py:3834} INFO - Setting next_dagrun for dataset_consumes_unknown_never_scheduled to None, run_after=None
[2024-03-09T10:39:20.366+0000] {logging_mixin.py:188} INFO - [2024-03-09T10:39:20.366+0000] {dag.py:3834} INFO - Setting next_dagrun for dataset_produces_1 to 2024-03-08 00:00:00+00:00, run_after=2024-03-09 00:00:00+00:00
[2024-03-09T10:39:20.370+0000] {logging_mixin.py:188} INFO - [2024-03-09T10:39:20.370+0000] {dag.py:3834} INFO - Setting next_dagrun for dataset_produces_2 to None, run_after=None
[2024-03-09T10:39:20.455+0000] {processor.py:183} INFO - Processing /home/airflow/.local/lib/python3.8/site-packages/airflow/example_dags/example_datasets.py took 0.261 seconds
[2024-03-09T10:39:51.254+0000] {processor.py:161} INFO - Started process (PID=1069) to work on /home/airflow/.local/lib/python3.8/site-packages/airflow/example_dags/example_datasets.py
[2024-03-09T10:39:51.256+0000] {processor.py:830} INFO - Processing file /home/airflow/.local/lib/python3.8/site-packages/airflow/example_dags/example_datasets.py for tasks to queue
[2024-03-09T10:39:51.259+0000] {logging_mixin.py:188} INFO - [2024-03-09T10:39:51.259+0000] {dagbag.py:540} INFO - Filling up the DagBag from /home/airflow/.local/lib/python3.8/site-packages/airflow/example_dags/example_datasets.py
[2024-03-09T10:39:51.274+0000] {processor.py:840} INFO - DAG(s) 'dataset_produces_1', 'dataset_consumes_1', 'dataset_consumes_1_and_2', 'dataset_consumes_1_never_scheduled', 'dataset_consumes_unknown_never_scheduled', 'dataset_produces_2' retrieved from /home/airflow/.local/lib/python3.8/site-packages/airflow/example_dags/example_datasets.py
[2024-03-09T10:39:51.322+0000] {logging_mixin.py:188} INFO - [2024-03-09T10:39:51.322+0000] {dag.py:3047} INFO - Sync 6 DAGs
[2024-03-09T10:39:51.354+0000] {logging_mixin.py:188} INFO - [2024-03-09T10:39:51.353+0000] {dag.py:3834} INFO - Setting next_dagrun for dataset_consumes_1 to None, run_after=None
[2024-03-09T10:39:51.362+0000] {logging_mixin.py:188} INFO - [2024-03-09T10:39:51.361+0000] {dag.py:3834} INFO - Setting next_dagrun for dataset_consumes_1_and_2 to None, run_after=None
[2024-03-09T10:39:51.365+0000] {logging_mixin.py:188} INFO - [2024-03-09T10:39:51.365+0000] {dag.py:3834} INFO - Setting next_dagrun for dataset_consumes_1_never_scheduled to None, run_after=None
[2024-03-09T10:39:51.367+0000] {logging_mixin.py:188} INFO - [2024-03-09T10:39:51.367+0000] {dag.py:3834} INFO - Setting next_dagrun for dataset_consumes_unknown_never_scheduled to None, run_after=None
[2024-03-09T10:39:51.371+0000] {logging_mixin.py:188} INFO - [2024-03-09T10:39:51.370+0000] {dag.py:3834} INFO - Setting next_dagrun for dataset_produces_1 to 2024-03-08 00:00:00+00:00, run_after=2024-03-09 00:00:00+00:00
[2024-03-09T10:39:51.373+0000] {logging_mixin.py:188} INFO - [2024-03-09T10:39:51.373+0000] {dag.py:3834} INFO - Setting next_dagrun for dataset_produces_2 to None, run_after=None
[2024-03-09T10:39:51.409+0000] {processor.py:183} INFO - Processing /home/airflow/.local/lib/python3.8/site-packages/airflow/example_dags/example_datasets.py took 0.160 seconds
[2024-03-09T10:40:21.778+0000] {processor.py:161} INFO - Started process (PID=1129) to work on /home/airflow/.local/lib/python3.8/site-packages/airflow/example_dags/example_datasets.py
[2024-03-09T10:40:21.781+0000] {processor.py:830} INFO - Processing file /home/airflow/.local/lib/python3.8/site-packages/airflow/example_dags/example_datasets.py for tasks to queue
[2024-03-09T10:40:21.783+0000] {logging_mixin.py:188} INFO - [2024-03-09T10:40:21.783+0000] {dagbag.py:540} INFO - Filling up the DagBag from /home/airflow/.local/lib/python3.8/site-packages/airflow/example_dags/example_datasets.py
[2024-03-09T10:40:21.793+0000] {processor.py:840} INFO - DAG(s) 'dataset_produces_1', 'dataset_produces_2', 'dataset_consumes_unknown_never_scheduled', 'dataset_consumes_1_and_2', 'dataset_consumes_1_never_scheduled', 'dataset_consumes_1' retrieved from /home/airflow/.local/lib/python3.8/site-packages/airflow/example_dags/example_datasets.py
[2024-03-09T10:40:21.851+0000] {logging_mixin.py:188} INFO - [2024-03-09T10:40:21.851+0000] {dag.py:3047} INFO - Sync 6 DAGs
[2024-03-09T10:40:21.890+0000] {logging_mixin.py:188} INFO - [2024-03-09T10:40:21.889+0000] {dag.py:3834} INFO - Setting next_dagrun for dataset_consumes_1 to None, run_after=None
[2024-03-09T10:40:21.895+0000] {logging_mixin.py:188} INFO - [2024-03-09T10:40:21.894+0000] {dag.py:3834} INFO - Setting next_dagrun for dataset_consumes_1_and_2 to None, run_after=None
[2024-03-09T10:40:21.898+0000] {logging_mixin.py:188} INFO - [2024-03-09T10:40:21.898+0000] {dag.py:3834} INFO - Setting next_dagrun for dataset_consumes_1_never_scheduled to None, run_after=None
[2024-03-09T10:40:21.901+0000] {logging_mixin.py:188} INFO - [2024-03-09T10:40:21.901+0000] {dag.py:3834} INFO - Setting next_dagrun for dataset_consumes_unknown_never_scheduled to None, run_after=None
[2024-03-09T10:40:21.906+0000] {logging_mixin.py:188} INFO - [2024-03-09T10:40:21.905+0000] {dag.py:3834} INFO - Setting next_dagrun for dataset_produces_1 to 2024-03-08 00:00:00+00:00, run_after=2024-03-09 00:00:00+00:00
[2024-03-09T10:40:21.908+0000] {logging_mixin.py:188} INFO - [2024-03-09T10:40:21.908+0000] {dag.py:3834} INFO - Setting next_dagrun for dataset_produces_2 to None, run_after=None
[2024-03-09T10:40:21.968+0000] {processor.py:183} INFO - Processing /home/airflow/.local/lib/python3.8/site-packages/airflow/example_dags/example_datasets.py took 0.195 seconds
[2024-03-09T10:40:52.480+0000] {processor.py:161} INFO - Started process (PID=1184) to work on /home/airflow/.local/lib/python3.8/site-packages/airflow/example_dags/example_datasets.py
[2024-03-09T10:40:52.482+0000] {processor.py:830} INFO - Processing file /home/airflow/.local/lib/python3.8/site-packages/airflow/example_dags/example_datasets.py for tasks to queue
[2024-03-09T10:40:52.484+0000] {logging_mixin.py:188} INFO - [2024-03-09T10:40:52.484+0000] {dagbag.py:540} INFO - Filling up the DagBag from /home/airflow/.local/lib/python3.8/site-packages/airflow/example_dags/example_datasets.py
[2024-03-09T10:40:52.494+0000] {processor.py:840} INFO - DAG(s) 'dataset_consumes_1_never_scheduled', 'dataset_produces_1', 'dataset_consumes_1_and_2', 'dataset_consumes_unknown_never_scheduled', 'dataset_consumes_1', 'dataset_produces_2' retrieved from /home/airflow/.local/lib/python3.8/site-packages/airflow/example_dags/example_datasets.py
[2024-03-09T10:40:52.540+0000] {logging_mixin.py:188} INFO - [2024-03-09T10:40:52.540+0000] {dag.py:3047} INFO - Sync 6 DAGs
[2024-03-09T10:40:52.574+0000] {logging_mixin.py:188} INFO - [2024-03-09T10:40:52.574+0000] {dag.py:3834} INFO - Setting next_dagrun for dataset_consumes_1 to None, run_after=None
[2024-03-09T10:40:52.578+0000] {logging_mixin.py:188} INFO - [2024-03-09T10:40:52.578+0000] {dag.py:3834} INFO - Setting next_dagrun for dataset_consumes_1_and_2 to None, run_after=None
[2024-03-09T10:40:52.581+0000] {logging_mixin.py:188} INFO - [2024-03-09T10:40:52.581+0000] {dag.py:3834} INFO - Setting next_dagrun for dataset_consumes_1_never_scheduled to None, run_after=None
[2024-03-09T10:40:52.584+0000] {logging_mixin.py:188} INFO - [2024-03-09T10:40:52.583+0000] {dag.py:3834} INFO - Setting next_dagrun for dataset_consumes_unknown_never_scheduled to None, run_after=None
[2024-03-09T10:40:52.589+0000] {logging_mixin.py:188} INFO - [2024-03-09T10:40:52.589+0000] {dag.py:3834} INFO - Setting next_dagrun for dataset_produces_1 to 2024-03-08 00:00:00+00:00, run_after=2024-03-09 00:00:00+00:00
[2024-03-09T10:40:52.593+0000] {logging_mixin.py:188} INFO - [2024-03-09T10:40:52.593+0000] {dag.py:3834} INFO - Setting next_dagrun for dataset_produces_2 to None, run_after=None
[2024-03-09T10:40:52.649+0000] {processor.py:183} INFO - Processing /home/airflow/.local/lib/python3.8/site-packages/airflow/example_dags/example_datasets.py took 0.172 seconds
[2024-03-09T10:41:23.380+0000] {processor.py:161} INFO - Started process (PID=1239) to work on /home/airflow/.local/lib/python3.8/site-packages/airflow/example_dags/example_datasets.py
[2024-03-09T10:41:23.381+0000] {processor.py:830} INFO - Processing file /home/airflow/.local/lib/python3.8/site-packages/airflow/example_dags/example_datasets.py for tasks to queue
[2024-03-09T10:41:23.383+0000] {logging_mixin.py:188} INFO - [2024-03-09T10:41:23.383+0000] {dagbag.py:540} INFO - Filling up the DagBag from /home/airflow/.local/lib/python3.8/site-packages/airflow/example_dags/example_datasets.py
[2024-03-09T10:41:23.392+0000] {processor.py:840} INFO - DAG(s) 'dataset_produces_1', 'dataset_consumes_1_never_scheduled', 'dataset_consumes_unknown_never_scheduled', 'dataset_consumes_1_and_2', 'dataset_consumes_1', 'dataset_produces_2' retrieved from /home/airflow/.local/lib/python3.8/site-packages/airflow/example_dags/example_datasets.py
[2024-03-09T10:41:23.440+0000] {logging_mixin.py:188} INFO - [2024-03-09T10:41:23.439+0000] {dag.py:3047} INFO - Sync 6 DAGs
[2024-03-09T10:41:23.467+0000] {logging_mixin.py:188} INFO - [2024-03-09T10:41:23.467+0000] {dag.py:3834} INFO - Setting next_dagrun for dataset_consumes_1 to None, run_after=None
[2024-03-09T10:41:23.472+0000] {logging_mixin.py:188} INFO - [2024-03-09T10:41:23.472+0000] {dag.py:3834} INFO - Setting next_dagrun for dataset_consumes_1_and_2 to None, run_after=None
[2024-03-09T10:41:23.476+0000] {logging_mixin.py:188} INFO - [2024-03-09T10:41:23.475+0000] {dag.py:3834} INFO - Setting next_dagrun for dataset_consumes_1_never_scheduled to None, run_after=None
[2024-03-09T10:41:23.479+0000] {logging_mixin.py:188} INFO - [2024-03-09T10:41:23.479+0000] {dag.py:3834} INFO - Setting next_dagrun for dataset_consumes_unknown_never_scheduled to None, run_after=None
[2024-03-09T10:41:23.484+0000] {logging_mixin.py:188} INFO - [2024-03-09T10:41:23.483+0000] {dag.py:3834} INFO - Setting next_dagrun for dataset_produces_1 to 2024-03-08 00:00:00+00:00, run_after=2024-03-09 00:00:00+00:00
[2024-03-09T10:41:23.487+0000] {logging_mixin.py:188} INFO - [2024-03-09T10:41:23.487+0000] {dag.py:3834} INFO - Setting next_dagrun for dataset_produces_2 to None, run_after=None
[2024-03-09T10:41:23.538+0000] {processor.py:183} INFO - Processing /home/airflow/.local/lib/python3.8/site-packages/airflow/example_dags/example_datasets.py took 0.161 seconds
[2024-03-09T10:41:53.634+0000] {processor.py:161} INFO - Started process (PID=1294) to work on /home/airflow/.local/lib/python3.8/site-packages/airflow/example_dags/example_datasets.py
[2024-03-09T10:41:53.636+0000] {processor.py:830} INFO - Processing file /home/airflow/.local/lib/python3.8/site-packages/airflow/example_dags/example_datasets.py for tasks to queue
[2024-03-09T10:41:53.638+0000] {logging_mixin.py:188} INFO - [2024-03-09T10:41:53.637+0000] {dagbag.py:540} INFO - Filling up the DagBag from /home/airflow/.local/lib/python3.8/site-packages/airflow/example_dags/example_datasets.py
[2024-03-09T10:41:53.647+0000] {processor.py:840} INFO - DAG(s) 'dataset_consumes_unknown_never_scheduled', 'dataset_produces_1', 'dataset_consumes_1_and_2', 'dataset_consumes_1_never_scheduled', 'dataset_produces_2', 'dataset_consumes_1' retrieved from /home/airflow/.local/lib/python3.8/site-packages/airflow/example_dags/example_datasets.py
[2024-03-09T10:41:53.690+0000] {logging_mixin.py:188} INFO - [2024-03-09T10:41:53.690+0000] {dag.py:3047} INFO - Sync 6 DAGs
[2024-03-09T10:41:53.715+0000] {logging_mixin.py:188} INFO - [2024-03-09T10:41:53.715+0000] {dag.py:3834} INFO - Setting next_dagrun for dataset_consumes_1 to None, run_after=None
[2024-03-09T10:41:53.720+0000] {logging_mixin.py:188} INFO - [2024-03-09T10:41:53.720+0000] {dag.py:3834} INFO - Setting next_dagrun for dataset_consumes_1_and_2 to None, run_after=None
[2024-03-09T10:41:53.723+0000] {logging_mixin.py:188} INFO - [2024-03-09T10:41:53.723+0000] {dag.py:3834} INFO - Setting next_dagrun for dataset_consumes_1_never_scheduled to None, run_after=None
[2024-03-09T10:41:53.725+0000] {logging_mixin.py:188} INFO - [2024-03-09T10:41:53.725+0000] {dag.py:3834} INFO - Setting next_dagrun for dataset_consumes_unknown_never_scheduled to None, run_after=None
[2024-03-09T10:41:53.729+0000] {logging_mixin.py:188} INFO - [2024-03-09T10:41:53.729+0000] {dag.py:3834} INFO - Setting next_dagrun for dataset_produces_1 to 2024-03-08 00:00:00+00:00, run_after=2024-03-09 00:00:00+00:00
[2024-03-09T10:41:53.732+0000] {logging_mixin.py:188} INFO - [2024-03-09T10:41:53.732+0000] {dag.py:3834} INFO - Setting next_dagrun for dataset_produces_2 to None, run_after=None
[2024-03-09T10:41:53.782+0000] {processor.py:183} INFO - Processing /home/airflow/.local/lib/python3.8/site-packages/airflow/example_dags/example_datasets.py took 0.151 seconds
[2024-03-09T10:42:23.903+0000] {processor.py:161} INFO - Started process (PID=1349) to work on /home/airflow/.local/lib/python3.8/site-packages/airflow/example_dags/example_datasets.py
[2024-03-09T10:42:23.904+0000] {processor.py:830} INFO - Processing file /home/airflow/.local/lib/python3.8/site-packages/airflow/example_dags/example_datasets.py for tasks to queue
[2024-03-09T10:42:23.906+0000] {logging_mixin.py:188} INFO - [2024-03-09T10:42:23.906+0000] {dagbag.py:540} INFO - Filling up the DagBag from /home/airflow/.local/lib/python3.8/site-packages/airflow/example_dags/example_datasets.py
[2024-03-09T10:42:23.915+0000] {processor.py:840} INFO - DAG(s) 'dataset_consumes_unknown_never_scheduled', 'dataset_consumes_1', 'dataset_consumes_1_and_2', 'dataset_produces_2', 'dataset_produces_1', 'dataset_consumes_1_never_scheduled' retrieved from /home/airflow/.local/lib/python3.8/site-packages/airflow/example_dags/example_datasets.py
[2024-03-09T10:42:23.958+0000] {logging_mixin.py:188} INFO - [2024-03-09T10:42:23.958+0000] {dag.py:3047} INFO - Sync 6 DAGs
[2024-03-09T10:42:23.982+0000] {logging_mixin.py:188} INFO - [2024-03-09T10:42:23.982+0000] {dag.py:3834} INFO - Setting next_dagrun for dataset_consumes_1 to None, run_after=None
[2024-03-09T10:42:23.987+0000] {logging_mixin.py:188} INFO - [2024-03-09T10:42:23.987+0000] {dag.py:3834} INFO - Setting next_dagrun for dataset_consumes_1_and_2 to None, run_after=None
[2024-03-09T10:42:23.990+0000] {logging_mixin.py:188} INFO - [2024-03-09T10:42:23.989+0000] {dag.py:3834} INFO - Setting next_dagrun for dataset_consumes_1_never_scheduled to None, run_after=None
[2024-03-09T10:42:23.992+0000] {logging_mixin.py:188} INFO - [2024-03-09T10:42:23.992+0000] {dag.py:3834} INFO - Setting next_dagrun for dataset_consumes_unknown_never_scheduled to None, run_after=None
[2024-03-09T10:42:23.996+0000] {logging_mixin.py:188} INFO - [2024-03-09T10:42:23.996+0000] {dag.py:3834} INFO - Setting next_dagrun for dataset_produces_1 to 2024-03-08 00:00:00+00:00, run_after=2024-03-09 00:00:00+00:00
[2024-03-09T10:42:23.999+0000] {logging_mixin.py:188} INFO - [2024-03-09T10:42:23.999+0000] {dag.py:3834} INFO - Setting next_dagrun for dataset_produces_2 to None, run_after=None
[2024-03-09T10:42:24.040+0000] {processor.py:183} INFO - Processing /home/airflow/.local/lib/python3.8/site-packages/airflow/example_dags/example_datasets.py took 0.141 seconds
[2024-03-09T10:42:54.186+0000] {processor.py:161} INFO - Started process (PID=1404) to work on /home/airflow/.local/lib/python3.8/site-packages/airflow/example_dags/example_datasets.py
[2024-03-09T10:42:54.187+0000] {processor.py:830} INFO - Processing file /home/airflow/.local/lib/python3.8/site-packages/airflow/example_dags/example_datasets.py for tasks to queue
[2024-03-09T10:42:54.189+0000] {logging_mixin.py:188} INFO - [2024-03-09T10:42:54.189+0000] {dagbag.py:540} INFO - Filling up the DagBag from /home/airflow/.local/lib/python3.8/site-packages/airflow/example_dags/example_datasets.py
[2024-03-09T10:42:54.199+0000] {processor.py:840} INFO - DAG(s) 'dataset_produces_2', 'dataset_produces_1', 'dataset_consumes_1_never_scheduled', 'dataset_consumes_1_and_2', 'dataset_consumes_1', 'dataset_consumes_unknown_never_scheduled' retrieved from /home/airflow/.local/lib/python3.8/site-packages/airflow/example_dags/example_datasets.py
[2024-03-09T10:42:54.241+0000] {logging_mixin.py:188} INFO - [2024-03-09T10:42:54.241+0000] {dag.py:3047} INFO - Sync 6 DAGs
[2024-03-09T10:42:54.267+0000] {logging_mixin.py:188} INFO - [2024-03-09T10:42:54.267+0000] {dag.py:3834} INFO - Setting next_dagrun for dataset_consumes_1 to None, run_after=None
[2024-03-09T10:42:54.273+0000] {logging_mixin.py:188} INFO - [2024-03-09T10:42:54.272+0000] {dag.py:3834} INFO - Setting next_dagrun for dataset_consumes_1_and_2 to None, run_after=None
[2024-03-09T10:42:54.275+0000] {logging_mixin.py:188} INFO - [2024-03-09T10:42:54.275+0000] {dag.py:3834} INFO - Setting next_dagrun for dataset_consumes_1_never_scheduled to None, run_after=None
[2024-03-09T10:42:54.277+0000] {logging_mixin.py:188} INFO - [2024-03-09T10:42:54.277+0000] {dag.py:3834} INFO - Setting next_dagrun for dataset_consumes_unknown_never_scheduled to None, run_after=None
[2024-03-09T10:42:54.282+0000] {logging_mixin.py:188} INFO - [2024-03-09T10:42:54.281+0000] {dag.py:3834} INFO - Setting next_dagrun for dataset_produces_1 to 2024-03-08 00:00:00+00:00, run_after=2024-03-09 00:00:00+00:00
[2024-03-09T10:42:54.284+0000] {logging_mixin.py:188} INFO - [2024-03-09T10:42:54.284+0000] {dag.py:3834} INFO - Setting next_dagrun for dataset_produces_2 to None, run_after=None
[2024-03-09T10:42:54.331+0000] {processor.py:183} INFO - Processing /home/airflow/.local/lib/python3.8/site-packages/airflow/example_dags/example_datasets.py took 0.148 seconds
[2024-03-09T10:43:24.651+0000] {processor.py:161} INFO - Started process (PID=1459) to work on /home/airflow/.local/lib/python3.8/site-packages/airflow/example_dags/example_datasets.py
[2024-03-09T10:43:24.653+0000] {processor.py:830} INFO - Processing file /home/airflow/.local/lib/python3.8/site-packages/airflow/example_dags/example_datasets.py for tasks to queue
[2024-03-09T10:43:24.658+0000] {logging_mixin.py:188} INFO - [2024-03-09T10:43:24.657+0000] {dagbag.py:540} INFO - Filling up the DagBag from /home/airflow/.local/lib/python3.8/site-packages/airflow/example_dags/example_datasets.py
[2024-03-09T10:43:24.669+0000] {processor.py:840} INFO - DAG(s) 'dataset_consumes_1', 'dataset_consumes_1_and_2', 'dataset_produces_2', 'dataset_produces_1', 'dataset_consumes_1_never_scheduled', 'dataset_consumes_unknown_never_scheduled' retrieved from /home/airflow/.local/lib/python3.8/site-packages/airflow/example_dags/example_datasets.py
[2024-03-09T10:43:24.723+0000] {logging_mixin.py:188} INFO - [2024-03-09T10:43:24.723+0000] {dag.py:3047} INFO - Sync 6 DAGs
[2024-03-09T10:43:24.751+0000] {logging_mixin.py:188} INFO - [2024-03-09T10:43:24.751+0000] {dag.py:3834} INFO - Setting next_dagrun for dataset_consumes_1 to None, run_after=None
[2024-03-09T10:43:24.756+0000] {logging_mixin.py:188} INFO - [2024-03-09T10:43:24.755+0000] {dag.py:3834} INFO - Setting next_dagrun for dataset_consumes_1_and_2 to None, run_after=None
[2024-03-09T10:43:24.758+0000] {logging_mixin.py:188} INFO - [2024-03-09T10:43:24.758+0000] {dag.py:3834} INFO - Setting next_dagrun for dataset_consumes_1_never_scheduled to None, run_after=None
[2024-03-09T10:43:24.760+0000] {logging_mixin.py:188} INFO - [2024-03-09T10:43:24.760+0000] {dag.py:3834} INFO - Setting next_dagrun for dataset_consumes_unknown_never_scheduled to None, run_after=None
[2024-03-09T10:43:24.763+0000] {logging_mixin.py:188} INFO - [2024-03-09T10:43:24.763+0000] {dag.py:3834} INFO - Setting next_dagrun for dataset_produces_1 to 2024-03-08 00:00:00+00:00, run_after=2024-03-09 00:00:00+00:00
[2024-03-09T10:43:24.766+0000] {logging_mixin.py:188} INFO - [2024-03-09T10:43:24.765+0000] {dag.py:3834} INFO - Setting next_dagrun for dataset_produces_2 to None, run_after=None
[2024-03-09T10:43:24.807+0000] {processor.py:183} INFO - Processing /home/airflow/.local/lib/python3.8/site-packages/airflow/example_dags/example_datasets.py took 0.161 seconds
[2024-03-09T10:43:54.941+0000] {processor.py:161} INFO - Started process (PID=1514) to work on /home/airflow/.local/lib/python3.8/site-packages/airflow/example_dags/example_datasets.py
[2024-03-09T10:43:54.942+0000] {processor.py:830} INFO - Processing file /home/airflow/.local/lib/python3.8/site-packages/airflow/example_dags/example_datasets.py for tasks to queue
[2024-03-09T10:43:54.946+0000] {logging_mixin.py:188} INFO - [2024-03-09T10:43:54.945+0000] {dagbag.py:540} INFO - Filling up the DagBag from /home/airflow/.local/lib/python3.8/site-packages/airflow/example_dags/example_datasets.py
[2024-03-09T10:43:54.959+0000] {processor.py:840} INFO - DAG(s) 'dataset_produces_2', 'dataset_consumes_unknown_never_scheduled', 'dataset_consumes_1_never_scheduled', 'dataset_consumes_1', 'dataset_produces_1', 'dataset_consumes_1_and_2' retrieved from /home/airflow/.local/lib/python3.8/site-packages/airflow/example_dags/example_datasets.py
[2024-03-09T10:43:55.014+0000] {logging_mixin.py:188} INFO - [2024-03-09T10:43:55.014+0000] {dag.py:3047} INFO - Sync 6 DAGs
[2024-03-09T10:43:55.042+0000] {logging_mixin.py:188} INFO - [2024-03-09T10:43:55.042+0000] {dag.py:3834} INFO - Setting next_dagrun for dataset_consumes_1 to None, run_after=None
[2024-03-09T10:43:55.047+0000] {logging_mixin.py:188} INFO - [2024-03-09T10:43:55.046+0000] {dag.py:3834} INFO - Setting next_dagrun for dataset_consumes_1_and_2 to None, run_after=None
[2024-03-09T10:43:55.049+0000] {logging_mixin.py:188} INFO - [2024-03-09T10:43:55.049+0000] {dag.py:3834} INFO - Setting next_dagrun for dataset_consumes_1_never_scheduled to None, run_after=None
[2024-03-09T10:43:55.051+0000] {logging_mixin.py:188} INFO - [2024-03-09T10:43:55.050+0000] {dag.py:3834} INFO - Setting next_dagrun for dataset_consumes_unknown_never_scheduled to None, run_after=None
[2024-03-09T10:43:55.054+0000] {logging_mixin.py:188} INFO - [2024-03-09T10:43:55.054+0000] {dag.py:3834} INFO - Setting next_dagrun for dataset_produces_1 to 2024-03-08 00:00:00+00:00, run_after=2024-03-09 00:00:00+00:00
[2024-03-09T10:43:55.056+0000] {logging_mixin.py:188} INFO - [2024-03-09T10:43:55.056+0000] {dag.py:3834} INFO - Setting next_dagrun for dataset_produces_2 to None, run_after=None
[2024-03-09T10:43:55.102+0000] {processor.py:183} INFO - Processing /home/airflow/.local/lib/python3.8/site-packages/airflow/example_dags/example_datasets.py took 0.164 seconds
[2024-03-09T10:44:25.209+0000] {processor.py:161} INFO - Started process (PID=1569) to work on /home/airflow/.local/lib/python3.8/site-packages/airflow/example_dags/example_datasets.py
[2024-03-09T10:44:25.210+0000] {processor.py:830} INFO - Processing file /home/airflow/.local/lib/python3.8/site-packages/airflow/example_dags/example_datasets.py for tasks to queue
[2024-03-09T10:44:25.212+0000] {logging_mixin.py:188} INFO - [2024-03-09T10:44:25.212+0000] {dagbag.py:540} INFO - Filling up the DagBag from /home/airflow/.local/lib/python3.8/site-packages/airflow/example_dags/example_datasets.py
[2024-03-09T10:44:25.221+0000] {processor.py:840} INFO - DAG(s) 'dataset_consumes_1_and_2', 'dataset_consumes_1', 'dataset_consumes_1_never_scheduled', 'dataset_produces_2', 'dataset_produces_1', 'dataset_consumes_unknown_never_scheduled' retrieved from /home/airflow/.local/lib/python3.8/site-packages/airflow/example_dags/example_datasets.py
[2024-03-09T10:44:25.268+0000] {logging_mixin.py:188} INFO - [2024-03-09T10:44:25.267+0000] {dag.py:3047} INFO - Sync 6 DAGs
[2024-03-09T10:44:25.293+0000] {logging_mixin.py:188} INFO - [2024-03-09T10:44:25.292+0000] {dag.py:3834} INFO - Setting next_dagrun for dataset_consumes_1 to None, run_after=None
[2024-03-09T10:44:25.298+0000] {logging_mixin.py:188} INFO - [2024-03-09T10:44:25.297+0000] {dag.py:3834} INFO - Setting next_dagrun for dataset_consumes_1_and_2 to None, run_after=None
[2024-03-09T10:44:25.300+0000] {logging_mixin.py:188} INFO - [2024-03-09T10:44:25.300+0000] {dag.py:3834} INFO - Setting next_dagrun for dataset_consumes_1_never_scheduled to None, run_after=None
[2024-03-09T10:44:25.303+0000] {logging_mixin.py:188} INFO - [2024-03-09T10:44:25.302+0000] {dag.py:3834} INFO - Setting next_dagrun for dataset_consumes_unknown_never_scheduled to None, run_after=None
[2024-03-09T10:44:25.307+0000] {logging_mixin.py:188} INFO - [2024-03-09T10:44:25.307+0000] {dag.py:3834} INFO - Setting next_dagrun for dataset_produces_1 to 2024-03-08 00:00:00+00:00, run_after=2024-03-09 00:00:00+00:00
[2024-03-09T10:44:25.309+0000] {logging_mixin.py:188} INFO - [2024-03-09T10:44:25.309+0000] {dag.py:3834} INFO - Setting next_dagrun for dataset_produces_2 to None, run_after=None
[2024-03-09T10:44:25.358+0000] {processor.py:183} INFO - Processing /home/airflow/.local/lib/python3.8/site-packages/airflow/example_dags/example_datasets.py took 0.152 seconds
[2024-03-09T10:44:55.480+0000] {processor.py:161} INFO - Started process (PID=1624) to work on /home/airflow/.local/lib/python3.8/site-packages/airflow/example_dags/example_datasets.py
[2024-03-09T10:44:55.481+0000] {processor.py:830} INFO - Processing file /home/airflow/.local/lib/python3.8/site-packages/airflow/example_dags/example_datasets.py for tasks to queue
[2024-03-09T10:44:55.483+0000] {logging_mixin.py:188} INFO - [2024-03-09T10:44:55.483+0000] {dagbag.py:540} INFO - Filling up the DagBag from /home/airflow/.local/lib/python3.8/site-packages/airflow/example_dags/example_datasets.py
[2024-03-09T10:44:55.493+0000] {processor.py:840} INFO - DAG(s) 'dataset_consumes_1_never_scheduled', 'dataset_consumes_1', 'dataset_produces_2', 'dataset_consumes_1_and_2', 'dataset_consumes_unknown_never_scheduled', 'dataset_produces_1' retrieved from /home/airflow/.local/lib/python3.8/site-packages/airflow/example_dags/example_datasets.py
[2024-03-09T10:44:55.543+0000] {logging_mixin.py:188} INFO - [2024-03-09T10:44:55.542+0000] {dag.py:3047} INFO - Sync 6 DAGs
[2024-03-09T10:44:55.569+0000] {logging_mixin.py:188} INFO - [2024-03-09T10:44:55.569+0000] {dag.py:3834} INFO - Setting next_dagrun for dataset_consumes_1 to None, run_after=None
[2024-03-09T10:44:55.574+0000] {logging_mixin.py:188} INFO - [2024-03-09T10:44:55.574+0000] {dag.py:3834} INFO - Setting next_dagrun for dataset_consumes_1_and_2 to None, run_after=None
[2024-03-09T10:44:55.578+0000] {logging_mixin.py:188} INFO - [2024-03-09T10:44:55.577+0000] {dag.py:3834} INFO - Setting next_dagrun for dataset_consumes_1_never_scheduled to None, run_after=None
[2024-03-09T10:44:55.580+0000] {logging_mixin.py:188} INFO - [2024-03-09T10:44:55.580+0000] {dag.py:3834} INFO - Setting next_dagrun for dataset_consumes_unknown_never_scheduled to None, run_after=None
[2024-03-09T10:44:55.584+0000] {logging_mixin.py:188} INFO - [2024-03-09T10:44:55.583+0000] {dag.py:3834} INFO - Setting next_dagrun for dataset_produces_1 to 2024-03-08 00:00:00+00:00, run_after=2024-03-09 00:00:00+00:00
[2024-03-09T10:44:55.587+0000] {logging_mixin.py:188} INFO - [2024-03-09T10:44:55.586+0000] {dag.py:3834} INFO - Setting next_dagrun for dataset_produces_2 to None, run_after=None
[2024-03-09T10:44:55.634+0000] {processor.py:183} INFO - Processing /home/airflow/.local/lib/python3.8/site-packages/airflow/example_dags/example_datasets.py took 0.157 seconds
[2024-03-09T10:45:26.055+0000] {processor.py:161} INFO - Started process (PID=1679) to work on /home/airflow/.local/lib/python3.8/site-packages/airflow/example_dags/example_datasets.py
[2024-03-09T10:45:26.057+0000] {processor.py:830} INFO - Processing file /home/airflow/.local/lib/python3.8/site-packages/airflow/example_dags/example_datasets.py for tasks to queue
[2024-03-09T10:45:26.060+0000] {logging_mixin.py:188} INFO - [2024-03-09T10:45:26.059+0000] {dagbag.py:540} INFO - Filling up the DagBag from /home/airflow/.local/lib/python3.8/site-packages/airflow/example_dags/example_datasets.py
[2024-03-09T10:45:26.090+0000] {processor.py:840} INFO - DAG(s) 'dataset_consumes_1_and_2', 'dataset_consumes_1_never_scheduled', 'dataset_consumes_unknown_never_scheduled', 'dataset_produces_2', 'dataset_consumes_1', 'dataset_produces_1' retrieved from /home/airflow/.local/lib/python3.8/site-packages/airflow/example_dags/example_datasets.py
[2024-03-09T10:45:26.208+0000] {logging_mixin.py:188} INFO - [2024-03-09T10:45:26.208+0000] {dag.py:3047} INFO - Sync 6 DAGs
[2024-03-09T10:45:26.276+0000] {logging_mixin.py:188} INFO - [2024-03-09T10:45:26.275+0000] {dag.py:3834} INFO - Setting next_dagrun for dataset_consumes_1 to None, run_after=None
[2024-03-09T10:45:26.286+0000] {logging_mixin.py:188} INFO - [2024-03-09T10:45:26.285+0000] {dag.py:3834} INFO - Setting next_dagrun for dataset_consumes_1_and_2 to None, run_after=None
[2024-03-09T10:45:26.292+0000] {logging_mixin.py:188} INFO - [2024-03-09T10:45:26.291+0000] {dag.py:3834} INFO - Setting next_dagrun for dataset_consumes_1_never_scheduled to None, run_after=None
[2024-03-09T10:45:26.295+0000] {logging_mixin.py:188} INFO - [2024-03-09T10:45:26.295+0000] {dag.py:3834} INFO - Setting next_dagrun for dataset_consumes_unknown_never_scheduled to None, run_after=None
[2024-03-09T10:45:26.305+0000] {logging_mixin.py:188} INFO - [2024-03-09T10:45:26.305+0000] {dag.py:3834} INFO - Setting next_dagrun for dataset_produces_1 to 2024-03-08 00:00:00+00:00, run_after=2024-03-09 00:00:00+00:00
[2024-03-09T10:45:26.309+0000] {logging_mixin.py:188} INFO - [2024-03-09T10:45:26.308+0000] {dag.py:3834} INFO - Setting next_dagrun for dataset_produces_2 to None, run_after=None
[2024-03-09T10:45:26.405+0000] {processor.py:183} INFO - Processing /home/airflow/.local/lib/python3.8/site-packages/airflow/example_dags/example_datasets.py took 0.359 seconds
[2024-03-09T10:45:56.562+0000] {processor.py:161} INFO - Started process (PID=1734) to work on /home/airflow/.local/lib/python3.8/site-packages/airflow/example_dags/example_datasets.py
[2024-03-09T10:45:56.564+0000] {processor.py:830} INFO - Processing file /home/airflow/.local/lib/python3.8/site-packages/airflow/example_dags/example_datasets.py for tasks to queue
[2024-03-09T10:45:56.566+0000] {logging_mixin.py:188} INFO - [2024-03-09T10:45:56.565+0000] {dagbag.py:540} INFO - Filling up the DagBag from /home/airflow/.local/lib/python3.8/site-packages/airflow/example_dags/example_datasets.py
[2024-03-09T10:45:56.577+0000] {processor.py:840} INFO - DAG(s) 'dataset_consumes_1_and_2', 'dataset_consumes_1_never_scheduled', 'dataset_consumes_unknown_never_scheduled', 'dataset_produces_1', 'dataset_produces_2', 'dataset_consumes_1' retrieved from /home/airflow/.local/lib/python3.8/site-packages/airflow/example_dags/example_datasets.py
[2024-03-09T10:45:56.629+0000] {logging_mixin.py:188} INFO - [2024-03-09T10:45:56.628+0000] {dag.py:3047} INFO - Sync 6 DAGs
[2024-03-09T10:45:56.657+0000] {logging_mixin.py:188} INFO - [2024-03-09T10:45:56.656+0000] {dag.py:3834} INFO - Setting next_dagrun for dataset_consumes_1 to None, run_after=None
[2024-03-09T10:45:56.662+0000] {logging_mixin.py:188} INFO - [2024-03-09T10:45:56.662+0000] {dag.py:3834} INFO - Setting next_dagrun for dataset_consumes_1_and_2 to None, run_after=None
[2024-03-09T10:45:56.665+0000] {logging_mixin.py:188} INFO - [2024-03-09T10:45:56.664+0000] {dag.py:3834} INFO - Setting next_dagrun for dataset_consumes_1_never_scheduled to None, run_after=None
[2024-03-09T10:45:56.667+0000] {logging_mixin.py:188} INFO - [2024-03-09T10:45:56.666+0000] {dag.py:3834} INFO - Setting next_dagrun for dataset_consumes_unknown_never_scheduled to None, run_after=None
[2024-03-09T10:45:56.671+0000] {logging_mixin.py:188} INFO - [2024-03-09T10:45:56.671+0000] {dag.py:3834} INFO - Setting next_dagrun for dataset_produces_1 to 2024-03-08 00:00:00+00:00, run_after=2024-03-09 00:00:00+00:00
[2024-03-09T10:45:56.675+0000] {logging_mixin.py:188} INFO - [2024-03-09T10:45:56.674+0000] {dag.py:3834} INFO - Setting next_dagrun for dataset_produces_2 to None, run_after=None
[2024-03-09T10:45:56.735+0000] {processor.py:183} INFO - Processing /home/airflow/.local/lib/python3.8/site-packages/airflow/example_dags/example_datasets.py took 0.177 seconds
