[2024-03-09T10:30:33.873+0000] {processor.py:161} INFO - Started process (PID=52) to work on /home/airflow/.local/lib/python3.8/site-packages/airflow/example_dags/example_python_operator.py
[2024-03-09T10:30:33.876+0000] {processor.py:830} INFO - Processing file /home/airflow/.local/lib/python3.8/site-packages/airflow/example_dags/example_python_operator.py for tasks to queue
[2024-03-09T10:30:33.887+0000] {logging_mixin.py:188} INFO - [2024-03-09T10:30:33.886+0000] {dagbag.py:540} INFO - Filling up the DagBag from /home/airflow/.local/lib/python3.8/site-packages/airflow/example_dags/example_python_operator.py
[2024-03-09T10:30:33.916+0000] {processor.py:840} INFO - DAG(s) 'example_python_operator' retrieved from /home/airflow/.local/lib/python3.8/site-packages/airflow/example_dags/example_python_operator.py
[2024-03-09T10:30:34.181+0000] {logging_mixin.py:188} INFO - [2024-03-09T10:30:34.180+0000] {dag.py:3047} INFO - Sync 1 DAGs
[2024-03-09T10:30:34.211+0000] {logging_mixin.py:188} INFO - [2024-03-09T10:30:34.210+0000] {dag.py:3834} INFO - Setting next_dagrun for example_python_operator to None, run_after=None
[2024-03-09T10:30:34.271+0000] {processor.py:183} INFO - Processing /home/airflow/.local/lib/python3.8/site-packages/airflow/example_dags/example_python_operator.py took 0.406 seconds
[2024-03-09T10:31:04.572+0000] {processor.py:161} INFO - Started process (PID=107) to work on /home/airflow/.local/lib/python3.8/site-packages/airflow/example_dags/example_python_operator.py
[2024-03-09T10:31:04.574+0000] {processor.py:830} INFO - Processing file /home/airflow/.local/lib/python3.8/site-packages/airflow/example_dags/example_python_operator.py for tasks to queue
[2024-03-09T10:31:04.576+0000] {logging_mixin.py:188} INFO - [2024-03-09T10:31:04.576+0000] {dagbag.py:540} INFO - Filling up the DagBag from /home/airflow/.local/lib/python3.8/site-packages/airflow/example_dags/example_python_operator.py
[2024-03-09T10:31:04.594+0000] {processor.py:840} INFO - DAG(s) 'example_python_operator' retrieved from /home/airflow/.local/lib/python3.8/site-packages/airflow/example_dags/example_python_operator.py
[2024-03-09T10:31:04.625+0000] {logging_mixin.py:188} INFO - [2024-03-09T10:31:04.624+0000] {dag.py:3047} INFO - Sync 1 DAGs
[2024-03-09T10:31:04.646+0000] {logging_mixin.py:188} INFO - [2024-03-09T10:31:04.646+0000] {dag.py:3834} INFO - Setting next_dagrun for example_python_operator to None, run_after=None
[2024-03-09T10:31:04.675+0000] {processor.py:183} INFO - Processing /home/airflow/.local/lib/python3.8/site-packages/airflow/example_dags/example_python_operator.py took 0.107 seconds
[2024-03-09T10:31:34.781+0000] {processor.py:161} INFO - Started process (PID=162) to work on /home/airflow/.local/lib/python3.8/site-packages/airflow/example_dags/example_python_operator.py
[2024-03-09T10:31:34.783+0000] {processor.py:830} INFO - Processing file /home/airflow/.local/lib/python3.8/site-packages/airflow/example_dags/example_python_operator.py for tasks to queue
[2024-03-09T10:31:34.785+0000] {logging_mixin.py:188} INFO - [2024-03-09T10:31:34.784+0000] {dagbag.py:540} INFO - Filling up the DagBag from /home/airflow/.local/lib/python3.8/site-packages/airflow/example_dags/example_python_operator.py
[2024-03-09T10:31:34.798+0000] {processor.py:840} INFO - DAG(s) 'example_python_operator' retrieved from /home/airflow/.local/lib/python3.8/site-packages/airflow/example_dags/example_python_operator.py
[2024-03-09T10:31:34.824+0000] {logging_mixin.py:188} INFO - [2024-03-09T10:31:34.823+0000] {dag.py:3047} INFO - Sync 1 DAGs
[2024-03-09T10:31:34.839+0000] {logging_mixin.py:188} INFO - [2024-03-09T10:31:34.839+0000] {dag.py:3834} INFO - Setting next_dagrun for example_python_operator to None, run_after=None
[2024-03-09T10:31:34.869+0000] {processor.py:183} INFO - Processing /home/airflow/.local/lib/python3.8/site-packages/airflow/example_dags/example_python_operator.py took 0.093 seconds
[2024-03-09T10:32:05.014+0000] {processor.py:161} INFO - Started process (PID=217) to work on /home/airflow/.local/lib/python3.8/site-packages/airflow/example_dags/example_python_operator.py
[2024-03-09T10:32:05.016+0000] {processor.py:830} INFO - Processing file /home/airflow/.local/lib/python3.8/site-packages/airflow/example_dags/example_python_operator.py for tasks to queue
[2024-03-09T10:32:05.018+0000] {logging_mixin.py:188} INFO - [2024-03-09T10:32:05.017+0000] {dagbag.py:540} INFO - Filling up the DagBag from /home/airflow/.local/lib/python3.8/site-packages/airflow/example_dags/example_python_operator.py
[2024-03-09T10:32:05.028+0000] {processor.py:840} INFO - DAG(s) 'example_python_operator' retrieved from /home/airflow/.local/lib/python3.8/site-packages/airflow/example_dags/example_python_operator.py
[2024-03-09T10:32:05.051+0000] {logging_mixin.py:188} INFO - [2024-03-09T10:32:05.051+0000] {dag.py:3047} INFO - Sync 1 DAGs
[2024-03-09T10:32:05.065+0000] {logging_mixin.py:188} INFO - [2024-03-09T10:32:05.064+0000] {dag.py:3834} INFO - Setting next_dagrun for example_python_operator to None, run_after=None
[2024-03-09T10:32:05.092+0000] {processor.py:183} INFO - Processing /home/airflow/.local/lib/python3.8/site-packages/airflow/example_dags/example_python_operator.py took 0.081 seconds
[2024-03-09T10:32:35.856+0000] {processor.py:161} INFO - Started process (PID=272) to work on /home/airflow/.local/lib/python3.8/site-packages/airflow/example_dags/example_python_operator.py
[2024-03-09T10:32:35.857+0000] {processor.py:830} INFO - Processing file /home/airflow/.local/lib/python3.8/site-packages/airflow/example_dags/example_python_operator.py for tasks to queue
[2024-03-09T10:32:35.859+0000] {logging_mixin.py:188} INFO - [2024-03-09T10:32:35.859+0000] {dagbag.py:540} INFO - Filling up the DagBag from /home/airflow/.local/lib/python3.8/site-packages/airflow/example_dags/example_python_operator.py
[2024-03-09T10:32:35.875+0000] {processor.py:840} INFO - DAG(s) 'example_python_operator' retrieved from /home/airflow/.local/lib/python3.8/site-packages/airflow/example_dags/example_python_operator.py
[2024-03-09T10:32:35.905+0000] {logging_mixin.py:188} INFO - [2024-03-09T10:32:35.905+0000] {dag.py:3047} INFO - Sync 1 DAGs
[2024-03-09T10:32:35.921+0000] {logging_mixin.py:188} INFO - [2024-03-09T10:32:35.920+0000] {dag.py:3834} INFO - Setting next_dagrun for example_python_operator to None, run_after=None
[2024-03-09T10:32:35.950+0000] {processor.py:183} INFO - Processing /home/airflow/.local/lib/python3.8/site-packages/airflow/example_dags/example_python_operator.py took 0.098 seconds
[2024-03-09T10:33:06.179+0000] {processor.py:161} INFO - Started process (PID=327) to work on /home/airflow/.local/lib/python3.8/site-packages/airflow/example_dags/example_python_operator.py
[2024-03-09T10:33:06.180+0000] {processor.py:830} INFO - Processing file /home/airflow/.local/lib/python3.8/site-packages/airflow/example_dags/example_python_operator.py for tasks to queue
[2024-03-09T10:33:06.183+0000] {logging_mixin.py:188} INFO - [2024-03-09T10:33:06.182+0000] {dagbag.py:540} INFO - Filling up the DagBag from /home/airflow/.local/lib/python3.8/site-packages/airflow/example_dags/example_python_operator.py
[2024-03-09T10:33:06.195+0000] {processor.py:840} INFO - DAG(s) 'example_python_operator' retrieved from /home/airflow/.local/lib/python3.8/site-packages/airflow/example_dags/example_python_operator.py
[2024-03-09T10:33:06.226+0000] {logging_mixin.py:188} INFO - [2024-03-09T10:33:06.226+0000] {dag.py:3047} INFO - Sync 1 DAGs
[2024-03-09T10:33:06.242+0000] {logging_mixin.py:188} INFO - [2024-03-09T10:33:06.242+0000] {dag.py:3834} INFO - Setting next_dagrun for example_python_operator to None, run_after=None
[2024-03-09T10:33:06.269+0000] {processor.py:183} INFO - Processing /home/airflow/.local/lib/python3.8/site-packages/airflow/example_dags/example_python_operator.py took 0.093 seconds
[2024-03-09T10:33:36.341+0000] {processor.py:161} INFO - Started process (PID=382) to work on /home/airflow/.local/lib/python3.8/site-packages/airflow/example_dags/example_python_operator.py
[2024-03-09T10:33:36.342+0000] {processor.py:830} INFO - Processing file /home/airflow/.local/lib/python3.8/site-packages/airflow/example_dags/example_python_operator.py for tasks to queue
[2024-03-09T10:33:36.345+0000] {logging_mixin.py:188} INFO - [2024-03-09T10:33:36.345+0000] {dagbag.py:540} INFO - Filling up the DagBag from /home/airflow/.local/lib/python3.8/site-packages/airflow/example_dags/example_python_operator.py
[2024-03-09T10:33:36.360+0000] {processor.py:840} INFO - DAG(s) 'example_python_operator' retrieved from /home/airflow/.local/lib/python3.8/site-packages/airflow/example_dags/example_python_operator.py
[2024-03-09T10:33:36.388+0000] {logging_mixin.py:188} INFO - [2024-03-09T10:33:36.387+0000] {dag.py:3047} INFO - Sync 1 DAGs
[2024-03-09T10:33:36.405+0000] {logging_mixin.py:188} INFO - [2024-03-09T10:33:36.405+0000] {dag.py:3834} INFO - Setting next_dagrun for example_python_operator to None, run_after=None
[2024-03-09T10:33:36.432+0000] {processor.py:183} INFO - Processing /home/airflow/.local/lib/python3.8/site-packages/airflow/example_dags/example_python_operator.py took 0.094 seconds
[2024-03-09T10:34:07.039+0000] {processor.py:161} INFO - Started process (PID=437) to work on /home/airflow/.local/lib/python3.8/site-packages/airflow/example_dags/example_python_operator.py
[2024-03-09T10:34:07.040+0000] {processor.py:830} INFO - Processing file /home/airflow/.local/lib/python3.8/site-packages/airflow/example_dags/example_python_operator.py for tasks to queue
[2024-03-09T10:34:07.042+0000] {logging_mixin.py:188} INFO - [2024-03-09T10:34:07.041+0000] {dagbag.py:540} INFO - Filling up the DagBag from /home/airflow/.local/lib/python3.8/site-packages/airflow/example_dags/example_python_operator.py
[2024-03-09T10:34:07.052+0000] {processor.py:840} INFO - DAG(s) 'example_python_operator' retrieved from /home/airflow/.local/lib/python3.8/site-packages/airflow/example_dags/example_python_operator.py
[2024-03-09T10:34:07.075+0000] {logging_mixin.py:188} INFO - [2024-03-09T10:34:07.075+0000] {dag.py:3047} INFO - Sync 1 DAGs
[2024-03-09T10:34:07.093+0000] {logging_mixin.py:188} INFO - [2024-03-09T10:34:07.092+0000] {dag.py:3834} INFO - Setting next_dagrun for example_python_operator to None, run_after=None
[2024-03-09T10:34:07.120+0000] {processor.py:183} INFO - Processing /home/airflow/.local/lib/python3.8/site-packages/airflow/example_dags/example_python_operator.py took 0.084 seconds
[2024-03-09T10:34:37.296+0000] {processor.py:161} INFO - Started process (PID=492) to work on /home/airflow/.local/lib/python3.8/site-packages/airflow/example_dags/example_python_operator.py
[2024-03-09T10:34:37.298+0000] {processor.py:830} INFO - Processing file /home/airflow/.local/lib/python3.8/site-packages/airflow/example_dags/example_python_operator.py for tasks to queue
[2024-03-09T10:34:37.299+0000] {logging_mixin.py:188} INFO - [2024-03-09T10:34:37.299+0000] {dagbag.py:540} INFO - Filling up the DagBag from /home/airflow/.local/lib/python3.8/site-packages/airflow/example_dags/example_python_operator.py
[2024-03-09T10:34:37.309+0000] {processor.py:840} INFO - DAG(s) 'example_python_operator' retrieved from /home/airflow/.local/lib/python3.8/site-packages/airflow/example_dags/example_python_operator.py
[2024-03-09T10:34:37.334+0000] {logging_mixin.py:188} INFO - [2024-03-09T10:34:37.334+0000] {dag.py:3047} INFO - Sync 1 DAGs
[2024-03-09T10:34:37.346+0000] {logging_mixin.py:188} INFO - [2024-03-09T10:34:37.346+0000] {dag.py:3834} INFO - Setting next_dagrun for example_python_operator to None, run_after=None
[2024-03-09T10:34:37.370+0000] {processor.py:183} INFO - Processing /home/airflow/.local/lib/python3.8/site-packages/airflow/example_dags/example_python_operator.py took 0.076 seconds
[2024-03-09T10:35:07.684+0000] {processor.py:161} INFO - Started process (PID=547) to work on /home/airflow/.local/lib/python3.8/site-packages/airflow/example_dags/example_python_operator.py
[2024-03-09T10:35:07.685+0000] {processor.py:830} INFO - Processing file /home/airflow/.local/lib/python3.8/site-packages/airflow/example_dags/example_python_operator.py for tasks to queue
[2024-03-09T10:35:07.687+0000] {logging_mixin.py:188} INFO - [2024-03-09T10:35:07.687+0000] {dagbag.py:540} INFO - Filling up the DagBag from /home/airflow/.local/lib/python3.8/site-packages/airflow/example_dags/example_python_operator.py
[2024-03-09T10:35:07.697+0000] {processor.py:840} INFO - DAG(s) 'example_python_operator' retrieved from /home/airflow/.local/lib/python3.8/site-packages/airflow/example_dags/example_python_operator.py
[2024-03-09T10:35:07.721+0000] {logging_mixin.py:188} INFO - [2024-03-09T10:35:07.721+0000] {dag.py:3047} INFO - Sync 1 DAGs
[2024-03-09T10:35:07.734+0000] {logging_mixin.py:188} INFO - [2024-03-09T10:35:07.734+0000] {dag.py:3834} INFO - Setting next_dagrun for example_python_operator to None, run_after=None
[2024-03-09T10:35:07.765+0000] {processor.py:183} INFO - Processing /home/airflow/.local/lib/python3.8/site-packages/airflow/example_dags/example_python_operator.py took 0.084 seconds
[2024-03-09T10:35:38.063+0000] {processor.py:161} INFO - Started process (PID=602) to work on /home/airflow/.local/lib/python3.8/site-packages/airflow/example_dags/example_python_operator.py
[2024-03-09T10:35:38.064+0000] {processor.py:830} INFO - Processing file /home/airflow/.local/lib/python3.8/site-packages/airflow/example_dags/example_python_operator.py for tasks to queue
[2024-03-09T10:35:38.065+0000] {logging_mixin.py:188} INFO - [2024-03-09T10:35:38.065+0000] {dagbag.py:540} INFO - Filling up the DagBag from /home/airflow/.local/lib/python3.8/site-packages/airflow/example_dags/example_python_operator.py
[2024-03-09T10:35:38.075+0000] {processor.py:840} INFO - DAG(s) 'example_python_operator' retrieved from /home/airflow/.local/lib/python3.8/site-packages/airflow/example_dags/example_python_operator.py
[2024-03-09T10:35:38.101+0000] {logging_mixin.py:188} INFO - [2024-03-09T10:35:38.100+0000] {dag.py:3047} INFO - Sync 1 DAGs
[2024-03-09T10:35:38.118+0000] {logging_mixin.py:188} INFO - [2024-03-09T10:35:38.118+0000] {dag.py:3834} INFO - Setting next_dagrun for example_python_operator to None, run_after=None
[2024-03-09T10:35:38.146+0000] {processor.py:183} INFO - Processing /home/airflow/.local/lib/python3.8/site-packages/airflow/example_dags/example_python_operator.py took 0.087 seconds
[2024-03-09T10:36:08.463+0000] {processor.py:161} INFO - Started process (PID=657) to work on /home/airflow/.local/lib/python3.8/site-packages/airflow/example_dags/example_python_operator.py
[2024-03-09T10:36:08.464+0000] {processor.py:830} INFO - Processing file /home/airflow/.local/lib/python3.8/site-packages/airflow/example_dags/example_python_operator.py for tasks to queue
[2024-03-09T10:36:08.466+0000] {logging_mixin.py:188} INFO - [2024-03-09T10:36:08.465+0000] {dagbag.py:540} INFO - Filling up the DagBag from /home/airflow/.local/lib/python3.8/site-packages/airflow/example_dags/example_python_operator.py
[2024-03-09T10:36:08.476+0000] {processor.py:840} INFO - DAG(s) 'example_python_operator' retrieved from /home/airflow/.local/lib/python3.8/site-packages/airflow/example_dags/example_python_operator.py
[2024-03-09T10:36:08.506+0000] {logging_mixin.py:188} INFO - [2024-03-09T10:36:08.506+0000] {dag.py:3047} INFO - Sync 1 DAGs
[2024-03-09T10:36:08.523+0000] {logging_mixin.py:188} INFO - [2024-03-09T10:36:08.523+0000] {dag.py:3834} INFO - Setting next_dagrun for example_python_operator to None, run_after=None
[2024-03-09T10:36:08.555+0000] {processor.py:183} INFO - Processing /home/airflow/.local/lib/python3.8/site-packages/airflow/example_dags/example_python_operator.py took 0.096 seconds
[2024-03-09T10:36:38.745+0000] {processor.py:161} INFO - Started process (PID=712) to work on /home/airflow/.local/lib/python3.8/site-packages/airflow/example_dags/example_python_operator.py
[2024-03-09T10:36:38.746+0000] {processor.py:830} INFO - Processing file /home/airflow/.local/lib/python3.8/site-packages/airflow/example_dags/example_python_operator.py for tasks to queue
[2024-03-09T10:36:38.749+0000] {logging_mixin.py:188} INFO - [2024-03-09T10:36:38.748+0000] {dagbag.py:540} INFO - Filling up the DagBag from /home/airflow/.local/lib/python3.8/site-packages/airflow/example_dags/example_python_operator.py
[2024-03-09T10:36:38.764+0000] {processor.py:840} INFO - DAG(s) 'example_python_operator' retrieved from /home/airflow/.local/lib/python3.8/site-packages/airflow/example_dags/example_python_operator.py
[2024-03-09T10:36:38.791+0000] {logging_mixin.py:188} INFO - [2024-03-09T10:36:38.791+0000] {dag.py:3047} INFO - Sync 1 DAGs
[2024-03-09T10:36:38.810+0000] {logging_mixin.py:188} INFO - [2024-03-09T10:36:38.809+0000] {dag.py:3834} INFO - Setting next_dagrun for example_python_operator to None, run_after=None
[2024-03-09T10:36:38.842+0000] {processor.py:183} INFO - Processing /home/airflow/.local/lib/python3.8/site-packages/airflow/example_dags/example_python_operator.py took 0.100 seconds
[2024-03-09T10:37:09.513+0000] {processor.py:161} INFO - Started process (PID=767) to work on /home/airflow/.local/lib/python3.8/site-packages/airflow/example_dags/example_python_operator.py
[2024-03-09T10:37:09.515+0000] {processor.py:830} INFO - Processing file /home/airflow/.local/lib/python3.8/site-packages/airflow/example_dags/example_python_operator.py for tasks to queue
[2024-03-09T10:37:09.516+0000] {logging_mixin.py:188} INFO - [2024-03-09T10:37:09.516+0000] {dagbag.py:540} INFO - Filling up the DagBag from /home/airflow/.local/lib/python3.8/site-packages/airflow/example_dags/example_python_operator.py
[2024-03-09T10:37:09.526+0000] {processor.py:840} INFO - DAG(s) 'example_python_operator' retrieved from /home/airflow/.local/lib/python3.8/site-packages/airflow/example_dags/example_python_operator.py
[2024-03-09T10:37:09.552+0000] {logging_mixin.py:188} INFO - [2024-03-09T10:37:09.552+0000] {dag.py:3047} INFO - Sync 1 DAGs
[2024-03-09T10:37:09.565+0000] {logging_mixin.py:188} INFO - [2024-03-09T10:37:09.565+0000] {dag.py:3834} INFO - Setting next_dagrun for example_python_operator to None, run_after=None
[2024-03-09T10:37:09.589+0000] {processor.py:183} INFO - Processing /home/airflow/.local/lib/python3.8/site-packages/airflow/example_dags/example_python_operator.py took 0.078 seconds
[2024-03-09T10:37:40.118+0000] {processor.py:161} INFO - Started process (PID=822) to work on /home/airflow/.local/lib/python3.8/site-packages/airflow/example_dags/example_python_operator.py
[2024-03-09T10:37:40.119+0000] {processor.py:830} INFO - Processing file /home/airflow/.local/lib/python3.8/site-packages/airflow/example_dags/example_python_operator.py for tasks to queue
[2024-03-09T10:37:40.124+0000] {logging_mixin.py:188} INFO - [2024-03-09T10:37:40.122+0000] {dagbag.py:540} INFO - Filling up the DagBag from /home/airflow/.local/lib/python3.8/site-packages/airflow/example_dags/example_python_operator.py
[2024-03-09T10:37:40.148+0000] {processor.py:840} INFO - DAG(s) 'example_python_operator' retrieved from /home/airflow/.local/lib/python3.8/site-packages/airflow/example_dags/example_python_operator.py
[2024-03-09T10:37:40.181+0000] {logging_mixin.py:188} INFO - [2024-03-09T10:37:40.180+0000] {dag.py:3047} INFO - Sync 1 DAGs
[2024-03-09T10:37:40.200+0000] {logging_mixin.py:188} INFO - [2024-03-09T10:37:40.199+0000] {dag.py:3834} INFO - Setting next_dagrun for example_python_operator to None, run_after=None
[2024-03-09T10:37:40.226+0000] {processor.py:183} INFO - Processing /home/airflow/.local/lib/python3.8/site-packages/airflow/example_dags/example_python_operator.py took 0.114 seconds
[2024-03-09T10:38:10.654+0000] {processor.py:161} INFO - Started process (PID=877) to work on /home/airflow/.local/lib/python3.8/site-packages/airflow/example_dags/example_python_operator.py
[2024-03-09T10:38:10.656+0000] {processor.py:830} INFO - Processing file /home/airflow/.local/lib/python3.8/site-packages/airflow/example_dags/example_python_operator.py for tasks to queue
[2024-03-09T10:38:10.660+0000] {logging_mixin.py:188} INFO - [2024-03-09T10:38:10.659+0000] {dagbag.py:540} INFO - Filling up the DagBag from /home/airflow/.local/lib/python3.8/site-packages/airflow/example_dags/example_python_operator.py
[2024-03-09T10:38:10.677+0000] {processor.py:840} INFO - DAG(s) 'example_python_operator' retrieved from /home/airflow/.local/lib/python3.8/site-packages/airflow/example_dags/example_python_operator.py
[2024-03-09T10:38:10.720+0000] {logging_mixin.py:188} INFO - [2024-03-09T10:38:10.719+0000] {dag.py:3047} INFO - Sync 1 DAGs
[2024-03-09T10:38:10.737+0000] {logging_mixin.py:188} INFO - [2024-03-09T10:38:10.737+0000] {dag.py:3834} INFO - Setting next_dagrun for example_python_operator to None, run_after=None
[2024-03-09T10:38:10.773+0000] {processor.py:183} INFO - Processing /home/airflow/.local/lib/python3.8/site-packages/airflow/example_dags/example_python_operator.py took 0.132 seconds
[2024-03-09T10:38:40.874+0000] {processor.py:161} INFO - Started process (PID=932) to work on /home/airflow/.local/lib/python3.8/site-packages/airflow/example_dags/example_python_operator.py
[2024-03-09T10:38:40.876+0000] {processor.py:830} INFO - Processing file /home/airflow/.local/lib/python3.8/site-packages/airflow/example_dags/example_python_operator.py for tasks to queue
[2024-03-09T10:38:40.879+0000] {logging_mixin.py:188} INFO - [2024-03-09T10:38:40.879+0000] {dagbag.py:540} INFO - Filling up the DagBag from /home/airflow/.local/lib/python3.8/site-packages/airflow/example_dags/example_python_operator.py
[2024-03-09T10:38:40.897+0000] {processor.py:840} INFO - DAG(s) 'example_python_operator' retrieved from /home/airflow/.local/lib/python3.8/site-packages/airflow/example_dags/example_python_operator.py
[2024-03-09T10:38:40.927+0000] {logging_mixin.py:188} INFO - [2024-03-09T10:38:40.926+0000] {dag.py:3047} INFO - Sync 1 DAGs
[2024-03-09T10:38:40.943+0000] {logging_mixin.py:188} INFO - [2024-03-09T10:38:40.943+0000] {dag.py:3834} INFO - Setting next_dagrun for example_python_operator to None, run_after=None
[2024-03-09T10:38:40.971+0000] {processor.py:183} INFO - Processing /home/airflow/.local/lib/python3.8/site-packages/airflow/example_dags/example_python_operator.py took 0.101 seconds
[2024-03-09T10:39:11.149+0000] {processor.py:161} INFO - Started process (PID=987) to work on /home/airflow/.local/lib/python3.8/site-packages/airflow/example_dags/example_python_operator.py
[2024-03-09T10:39:11.151+0000] {processor.py:830} INFO - Processing file /home/airflow/.local/lib/python3.8/site-packages/airflow/example_dags/example_python_operator.py for tasks to queue
[2024-03-09T10:39:11.153+0000] {logging_mixin.py:188} INFO - [2024-03-09T10:39:11.153+0000] {dagbag.py:540} INFO - Filling up the DagBag from /home/airflow/.local/lib/python3.8/site-packages/airflow/example_dags/example_python_operator.py
[2024-03-09T10:39:11.164+0000] {processor.py:840} INFO - DAG(s) 'example_python_operator' retrieved from /home/airflow/.local/lib/python3.8/site-packages/airflow/example_dags/example_python_operator.py
[2024-03-09T10:39:11.192+0000] {logging_mixin.py:188} INFO - [2024-03-09T10:39:11.192+0000] {dag.py:3047} INFO - Sync 1 DAGs
[2024-03-09T10:39:11.207+0000] {logging_mixin.py:188} INFO - [2024-03-09T10:39:11.206+0000] {dag.py:3834} INFO - Setting next_dagrun for example_python_operator to None, run_after=None
[2024-03-09T10:39:11.236+0000] {processor.py:183} INFO - Processing /home/airflow/.local/lib/python3.8/site-packages/airflow/example_dags/example_python_operator.py took 0.090 seconds
[2024-03-09T10:39:41.632+0000] {processor.py:161} INFO - Started process (PID=1042) to work on /home/airflow/.local/lib/python3.8/site-packages/airflow/example_dags/example_python_operator.py
[2024-03-09T10:39:41.633+0000] {processor.py:830} INFO - Processing file /home/airflow/.local/lib/python3.8/site-packages/airflow/example_dags/example_python_operator.py for tasks to queue
[2024-03-09T10:39:41.635+0000] {logging_mixin.py:188} INFO - [2024-03-09T10:39:41.635+0000] {dagbag.py:540} INFO - Filling up the DagBag from /home/airflow/.local/lib/python3.8/site-packages/airflow/example_dags/example_python_operator.py
[2024-03-09T10:39:41.644+0000] {processor.py:840} INFO - DAG(s) 'example_python_operator' retrieved from /home/airflow/.local/lib/python3.8/site-packages/airflow/example_dags/example_python_operator.py
[2024-03-09T10:39:41.669+0000] {logging_mixin.py:188} INFO - [2024-03-09T10:39:41.669+0000] {dag.py:3047} INFO - Sync 1 DAGs
[2024-03-09T10:39:41.683+0000] {logging_mixin.py:188} INFO - [2024-03-09T10:39:41.683+0000] {dag.py:3834} INFO - Setting next_dagrun for example_python_operator to None, run_after=None
[2024-03-09T10:39:41.706+0000] {processor.py:183} INFO - Processing /home/airflow/.local/lib/python3.8/site-packages/airflow/example_dags/example_python_operator.py took 0.077 seconds
[2024-03-09T10:40:11.893+0000] {processor.py:161} INFO - Started process (PID=1097) to work on /home/airflow/.local/lib/python3.8/site-packages/airflow/example_dags/example_python_operator.py
[2024-03-09T10:40:11.894+0000] {processor.py:830} INFO - Processing file /home/airflow/.local/lib/python3.8/site-packages/airflow/example_dags/example_python_operator.py for tasks to queue
[2024-03-09T10:40:11.896+0000] {logging_mixin.py:188} INFO - [2024-03-09T10:40:11.895+0000] {dagbag.py:540} INFO - Filling up the DagBag from /home/airflow/.local/lib/python3.8/site-packages/airflow/example_dags/example_python_operator.py
[2024-03-09T10:40:11.905+0000] {processor.py:840} INFO - DAG(s) 'example_python_operator' retrieved from /home/airflow/.local/lib/python3.8/site-packages/airflow/example_dags/example_python_operator.py
[2024-03-09T10:40:11.930+0000] {logging_mixin.py:188} INFO - [2024-03-09T10:40:11.930+0000] {dag.py:3047} INFO - Sync 1 DAGs
[2024-03-09T10:40:11.943+0000] {logging_mixin.py:188} INFO - [2024-03-09T10:40:11.943+0000] {dag.py:3834} INFO - Setting next_dagrun for example_python_operator to None, run_after=None
[2024-03-09T10:40:11.977+0000] {processor.py:183} INFO - Processing /home/airflow/.local/lib/python3.8/site-packages/airflow/example_dags/example_python_operator.py took 0.088 seconds
[2024-03-09T10:40:42.459+0000] {processor.py:161} INFO - Started process (PID=1152) to work on /home/airflow/.local/lib/python3.8/site-packages/airflow/example_dags/example_python_operator.py
[2024-03-09T10:40:42.460+0000] {processor.py:830} INFO - Processing file /home/airflow/.local/lib/python3.8/site-packages/airflow/example_dags/example_python_operator.py for tasks to queue
[2024-03-09T10:40:42.462+0000] {logging_mixin.py:188} INFO - [2024-03-09T10:40:42.462+0000] {dagbag.py:540} INFO - Filling up the DagBag from /home/airflow/.local/lib/python3.8/site-packages/airflow/example_dags/example_python_operator.py
[2024-03-09T10:40:42.472+0000] {processor.py:840} INFO - DAG(s) 'example_python_operator' retrieved from /home/airflow/.local/lib/python3.8/site-packages/airflow/example_dags/example_python_operator.py
[2024-03-09T10:40:42.497+0000] {logging_mixin.py:188} INFO - [2024-03-09T10:40:42.496+0000] {dag.py:3047} INFO - Sync 1 DAGs
[2024-03-09T10:40:42.511+0000] {logging_mixin.py:188} INFO - [2024-03-09T10:40:42.511+0000] {dag.py:3834} INFO - Setting next_dagrun for example_python_operator to None, run_after=None
[2024-03-09T10:40:42.537+0000] {processor.py:183} INFO - Processing /home/airflow/.local/lib/python3.8/site-packages/airflow/example_dags/example_python_operator.py took 0.081 seconds
[2024-03-09T10:41:12.624+0000] {processor.py:161} INFO - Started process (PID=1207) to work on /home/airflow/.local/lib/python3.8/site-packages/airflow/example_dags/example_python_operator.py
[2024-03-09T10:41:12.625+0000] {processor.py:830} INFO - Processing file /home/airflow/.local/lib/python3.8/site-packages/airflow/example_dags/example_python_operator.py for tasks to queue
[2024-03-09T10:41:12.627+0000] {logging_mixin.py:188} INFO - [2024-03-09T10:41:12.627+0000] {dagbag.py:540} INFO - Filling up the DagBag from /home/airflow/.local/lib/python3.8/site-packages/airflow/example_dags/example_python_operator.py
[2024-03-09T10:41:12.637+0000] {processor.py:840} INFO - DAG(s) 'example_python_operator' retrieved from /home/airflow/.local/lib/python3.8/site-packages/airflow/example_dags/example_python_operator.py
[2024-03-09T10:41:12.661+0000] {logging_mixin.py:188} INFO - [2024-03-09T10:41:12.661+0000] {dag.py:3047} INFO - Sync 1 DAGs
[2024-03-09T10:41:12.675+0000] {logging_mixin.py:188} INFO - [2024-03-09T10:41:12.675+0000] {dag.py:3834} INFO - Setting next_dagrun for example_python_operator to None, run_after=None
[2024-03-09T10:41:12.699+0000] {processor.py:183} INFO - Processing /home/airflow/.local/lib/python3.8/site-packages/airflow/example_dags/example_python_operator.py took 0.078 seconds
[2024-03-09T10:41:42.837+0000] {processor.py:161} INFO - Started process (PID=1262) to work on /home/airflow/.local/lib/python3.8/site-packages/airflow/example_dags/example_python_operator.py
[2024-03-09T10:41:42.838+0000] {processor.py:830} INFO - Processing file /home/airflow/.local/lib/python3.8/site-packages/airflow/example_dags/example_python_operator.py for tasks to queue
[2024-03-09T10:41:42.840+0000] {logging_mixin.py:188} INFO - [2024-03-09T10:41:42.840+0000] {dagbag.py:540} INFO - Filling up the DagBag from /home/airflow/.local/lib/python3.8/site-packages/airflow/example_dags/example_python_operator.py
[2024-03-09T10:41:42.850+0000] {processor.py:840} INFO - DAG(s) 'example_python_operator' retrieved from /home/airflow/.local/lib/python3.8/site-packages/airflow/example_dags/example_python_operator.py
[2024-03-09T10:41:42.875+0000] {logging_mixin.py:188} INFO - [2024-03-09T10:41:42.875+0000] {dag.py:3047} INFO - Sync 1 DAGs
[2024-03-09T10:41:42.890+0000] {logging_mixin.py:188} INFO - [2024-03-09T10:41:42.890+0000] {dag.py:3834} INFO - Setting next_dagrun for example_python_operator to None, run_after=None
[2024-03-09T10:41:42.916+0000] {processor.py:183} INFO - Processing /home/airflow/.local/lib/python3.8/site-packages/airflow/example_dags/example_python_operator.py took 0.082 seconds
[2024-03-09T10:42:13.050+0000] {processor.py:161} INFO - Started process (PID=1317) to work on /home/airflow/.local/lib/python3.8/site-packages/airflow/example_dags/example_python_operator.py
[2024-03-09T10:42:13.051+0000] {processor.py:830} INFO - Processing file /home/airflow/.local/lib/python3.8/site-packages/airflow/example_dags/example_python_operator.py for tasks to queue
[2024-03-09T10:42:13.053+0000] {logging_mixin.py:188} INFO - [2024-03-09T10:42:13.053+0000] {dagbag.py:540} INFO - Filling up the DagBag from /home/airflow/.local/lib/python3.8/site-packages/airflow/example_dags/example_python_operator.py
[2024-03-09T10:42:13.063+0000] {processor.py:840} INFO - DAG(s) 'example_python_operator' retrieved from /home/airflow/.local/lib/python3.8/site-packages/airflow/example_dags/example_python_operator.py
[2024-03-09T10:42:13.088+0000] {logging_mixin.py:188} INFO - [2024-03-09T10:42:13.088+0000] {dag.py:3047} INFO - Sync 1 DAGs
[2024-03-09T10:42:13.102+0000] {logging_mixin.py:188} INFO - [2024-03-09T10:42:13.102+0000] {dag.py:3834} INFO - Setting next_dagrun for example_python_operator to None, run_after=None
[2024-03-09T10:42:13.125+0000] {processor.py:183} INFO - Processing /home/airflow/.local/lib/python3.8/site-packages/airflow/example_dags/example_python_operator.py took 0.077 seconds
[2024-03-09T10:42:43.537+0000] {processor.py:161} INFO - Started process (PID=1372) to work on /home/airflow/.local/lib/python3.8/site-packages/airflow/example_dags/example_python_operator.py
[2024-03-09T10:42:43.538+0000] {processor.py:830} INFO - Processing file /home/airflow/.local/lib/python3.8/site-packages/airflow/example_dags/example_python_operator.py for tasks to queue
[2024-03-09T10:42:43.539+0000] {logging_mixin.py:188} INFO - [2024-03-09T10:42:43.539+0000] {dagbag.py:540} INFO - Filling up the DagBag from /home/airflow/.local/lib/python3.8/site-packages/airflow/example_dags/example_python_operator.py
[2024-03-09T10:42:43.550+0000] {processor.py:840} INFO - DAG(s) 'example_python_operator' retrieved from /home/airflow/.local/lib/python3.8/site-packages/airflow/example_dags/example_python_operator.py
[2024-03-09T10:42:43.577+0000] {logging_mixin.py:188} INFO - [2024-03-09T10:42:43.577+0000] {dag.py:3047} INFO - Sync 1 DAGs
[2024-03-09T10:42:43.592+0000] {logging_mixin.py:188} INFO - [2024-03-09T10:42:43.591+0000] {dag.py:3834} INFO - Setting next_dagrun for example_python_operator to None, run_after=None
[2024-03-09T10:42:43.617+0000] {processor.py:183} INFO - Processing /home/airflow/.local/lib/python3.8/site-packages/airflow/example_dags/example_python_operator.py took 0.083 seconds
[2024-03-09T10:43:13.727+0000] {processor.py:161} INFO - Started process (PID=1427) to work on /home/airflow/.local/lib/python3.8/site-packages/airflow/example_dags/example_python_operator.py
[2024-03-09T10:43:13.728+0000] {processor.py:830} INFO - Processing file /home/airflow/.local/lib/python3.8/site-packages/airflow/example_dags/example_python_operator.py for tasks to queue
[2024-03-09T10:43:13.730+0000] {logging_mixin.py:188} INFO - [2024-03-09T10:43:13.730+0000] {dagbag.py:540} INFO - Filling up the DagBag from /home/airflow/.local/lib/python3.8/site-packages/airflow/example_dags/example_python_operator.py
[2024-03-09T10:43:13.745+0000] {processor.py:840} INFO - DAG(s) 'example_python_operator' retrieved from /home/airflow/.local/lib/python3.8/site-packages/airflow/example_dags/example_python_operator.py
[2024-03-09T10:43:13.769+0000] {logging_mixin.py:188} INFO - [2024-03-09T10:43:13.769+0000] {dag.py:3047} INFO - Sync 1 DAGs
[2024-03-09T10:43:13.784+0000] {logging_mixin.py:188} INFO - [2024-03-09T10:43:13.783+0000] {dag.py:3834} INFO - Setting next_dagrun for example_python_operator to None, run_after=None
[2024-03-09T10:43:13.813+0000] {processor.py:183} INFO - Processing /home/airflow/.local/lib/python3.8/site-packages/airflow/example_dags/example_python_operator.py took 0.090 seconds
[2024-03-09T10:43:44.109+0000] {processor.py:161} INFO - Started process (PID=1482) to work on /home/airflow/.local/lib/python3.8/site-packages/airflow/example_dags/example_python_operator.py
[2024-03-09T10:43:44.111+0000] {processor.py:830} INFO - Processing file /home/airflow/.local/lib/python3.8/site-packages/airflow/example_dags/example_python_operator.py for tasks to queue
[2024-03-09T10:43:44.113+0000] {logging_mixin.py:188} INFO - [2024-03-09T10:43:44.112+0000] {dagbag.py:540} INFO - Filling up the DagBag from /home/airflow/.local/lib/python3.8/site-packages/airflow/example_dags/example_python_operator.py
[2024-03-09T10:43:44.122+0000] {processor.py:840} INFO - DAG(s) 'example_python_operator' retrieved from /home/airflow/.local/lib/python3.8/site-packages/airflow/example_dags/example_python_operator.py
[2024-03-09T10:43:44.149+0000] {logging_mixin.py:188} INFO - [2024-03-09T10:43:44.148+0000] {dag.py:3047} INFO - Sync 1 DAGs
[2024-03-09T10:43:44.162+0000] {logging_mixin.py:188} INFO - [2024-03-09T10:43:44.162+0000] {dag.py:3834} INFO - Setting next_dagrun for example_python_operator to None, run_after=None
[2024-03-09T10:43:44.194+0000] {processor.py:183} INFO - Processing /home/airflow/.local/lib/python3.8/site-packages/airflow/example_dags/example_python_operator.py took 0.088 seconds
[2024-03-09T10:44:14.557+0000] {processor.py:161} INFO - Started process (PID=1537) to work on /home/airflow/.local/lib/python3.8/site-packages/airflow/example_dags/example_python_operator.py
[2024-03-09T10:44:14.559+0000] {processor.py:830} INFO - Processing file /home/airflow/.local/lib/python3.8/site-packages/airflow/example_dags/example_python_operator.py for tasks to queue
[2024-03-09T10:44:14.561+0000] {logging_mixin.py:188} INFO - [2024-03-09T10:44:14.560+0000] {dagbag.py:540} INFO - Filling up the DagBag from /home/airflow/.local/lib/python3.8/site-packages/airflow/example_dags/example_python_operator.py
[2024-03-09T10:44:14.570+0000] {processor.py:840} INFO - DAG(s) 'example_python_operator' retrieved from /home/airflow/.local/lib/python3.8/site-packages/airflow/example_dags/example_python_operator.py
[2024-03-09T10:44:14.594+0000] {logging_mixin.py:188} INFO - [2024-03-09T10:44:14.593+0000] {dag.py:3047} INFO - Sync 1 DAGs
[2024-03-09T10:44:14.612+0000] {logging_mixin.py:188} INFO - [2024-03-09T10:44:14.612+0000] {dag.py:3834} INFO - Setting next_dagrun for example_python_operator to None, run_after=None
[2024-03-09T10:44:14.633+0000] {processor.py:183} INFO - Processing /home/airflow/.local/lib/python3.8/site-packages/airflow/example_dags/example_python_operator.py took 0.078 seconds
[2024-03-09T10:44:44.846+0000] {processor.py:161} INFO - Started process (PID=1592) to work on /home/airflow/.local/lib/python3.8/site-packages/airflow/example_dags/example_python_operator.py
[2024-03-09T10:44:44.847+0000] {processor.py:830} INFO - Processing file /home/airflow/.local/lib/python3.8/site-packages/airflow/example_dags/example_python_operator.py for tasks to queue
[2024-03-09T10:44:44.849+0000] {logging_mixin.py:188} INFO - [2024-03-09T10:44:44.848+0000] {dagbag.py:540} INFO - Filling up the DagBag from /home/airflow/.local/lib/python3.8/site-packages/airflow/example_dags/example_python_operator.py
[2024-03-09T10:44:44.860+0000] {processor.py:840} INFO - DAG(s) 'example_python_operator' retrieved from /home/airflow/.local/lib/python3.8/site-packages/airflow/example_dags/example_python_operator.py
[2024-03-09T10:44:44.889+0000] {logging_mixin.py:188} INFO - [2024-03-09T10:44:44.888+0000] {dag.py:3047} INFO - Sync 1 DAGs
[2024-03-09T10:44:44.903+0000] {logging_mixin.py:188} INFO - [2024-03-09T10:44:44.903+0000] {dag.py:3834} INFO - Setting next_dagrun for example_python_operator to None, run_after=None
[2024-03-09T10:44:44.927+0000] {processor.py:183} INFO - Processing /home/airflow/.local/lib/python3.8/site-packages/airflow/example_dags/example_python_operator.py took 0.084 seconds
[2024-03-09T10:45:15.078+0000] {processor.py:161} INFO - Started process (PID=1647) to work on /home/airflow/.local/lib/python3.8/site-packages/airflow/example_dags/example_python_operator.py
[2024-03-09T10:45:15.080+0000] {processor.py:830} INFO - Processing file /home/airflow/.local/lib/python3.8/site-packages/airflow/example_dags/example_python_operator.py for tasks to queue
[2024-03-09T10:45:15.082+0000] {logging_mixin.py:188} INFO - [2024-03-09T10:45:15.081+0000] {dagbag.py:540} INFO - Filling up the DagBag from /home/airflow/.local/lib/python3.8/site-packages/airflow/example_dags/example_python_operator.py
[2024-03-09T10:45:15.092+0000] {processor.py:840} INFO - DAG(s) 'example_python_operator' retrieved from /home/airflow/.local/lib/python3.8/site-packages/airflow/example_dags/example_python_operator.py
[2024-03-09T10:45:15.120+0000] {logging_mixin.py:188} INFO - [2024-03-09T10:45:15.120+0000] {dag.py:3047} INFO - Sync 1 DAGs
[2024-03-09T10:45:15.135+0000] {logging_mixin.py:188} INFO - [2024-03-09T10:45:15.134+0000] {dag.py:3834} INFO - Setting next_dagrun for example_python_operator to None, run_after=None
[2024-03-09T10:45:15.168+0000] {processor.py:183} INFO - Processing /home/airflow/.local/lib/python3.8/site-packages/airflow/example_dags/example_python_operator.py took 0.093 seconds
[2024-03-09T10:45:45.288+0000] {processor.py:161} INFO - Started process (PID=1702) to work on /home/airflow/.local/lib/python3.8/site-packages/airflow/example_dags/example_python_operator.py
[2024-03-09T10:45:45.290+0000] {processor.py:830} INFO - Processing file /home/airflow/.local/lib/python3.8/site-packages/airflow/example_dags/example_python_operator.py for tasks to queue
[2024-03-09T10:45:45.293+0000] {logging_mixin.py:188} INFO - [2024-03-09T10:45:45.292+0000] {dagbag.py:540} INFO - Filling up the DagBag from /home/airflow/.local/lib/python3.8/site-packages/airflow/example_dags/example_python_operator.py
[2024-03-09T10:45:45.306+0000] {processor.py:840} INFO - DAG(s) 'example_python_operator' retrieved from /home/airflow/.local/lib/python3.8/site-packages/airflow/example_dags/example_python_operator.py
[2024-03-09T10:45:45.331+0000] {logging_mixin.py:188} INFO - [2024-03-09T10:45:45.330+0000] {dag.py:3047} INFO - Sync 1 DAGs
[2024-03-09T10:45:45.345+0000] {logging_mixin.py:188} INFO - [2024-03-09T10:45:45.345+0000] {dag.py:3834} INFO - Setting next_dagrun for example_python_operator to None, run_after=None
[2024-03-09T10:45:45.377+0000] {processor.py:183} INFO - Processing /home/airflow/.local/lib/python3.8/site-packages/airflow/example_dags/example_python_operator.py took 0.092 seconds
