[2024-03-09T10:30:34.420+0000] {processor.py:161} INFO - Started process (PID=55) to work on /home/airflow/.local/lib/python3.8/site-packages/airflow/example_dags/example_dag_decorator.py
[2024-03-09T10:30:34.421+0000] {processor.py:830} INFO - Processing file /home/airflow/.local/lib/python3.8/site-packages/airflow/example_dags/example_dag_decorator.py for tasks to queue
[2024-03-09T10:30:34.426+0000] {logging_mixin.py:188} INFO - [2024-03-09T10:30:34.425+0000] {dagbag.py:540} INFO - Filling up the DagBag from /home/airflow/.local/lib/python3.8/site-packages/airflow/example_dags/example_dag_decorator.py
[2024-03-09T10:30:35.028+0000] {processor.py:840} INFO - DAG(s) 'example_dag_decorator' retrieved from /home/airflow/.local/lib/python3.8/site-packages/airflow/example_dags/example_dag_decorator.py
[2024-03-09T10:30:35.373+0000] {logging_mixin.py:188} INFO - [2024-03-09T10:30:35.373+0000] {dag.py:3047} INFO - Sync 1 DAGs
[2024-03-09T10:30:35.404+0000] {logging_mixin.py:188} INFO - [2024-03-09T10:30:35.403+0000] {dag.py:3834} INFO - Setting next_dagrun for example_dag_decorator to None, run_after=None
[2024-03-09T10:30:35.478+0000] {processor.py:183} INFO - Processing /home/airflow/.local/lib/python3.8/site-packages/airflow/example_dags/example_dag_decorator.py took 1.065 seconds
[2024-03-09T10:31:05.722+0000] {processor.py:161} INFO - Started process (PID=110) to work on /home/airflow/.local/lib/python3.8/site-packages/airflow/example_dags/example_dag_decorator.py
[2024-03-09T10:31:05.723+0000] {processor.py:830} INFO - Processing file /home/airflow/.local/lib/python3.8/site-packages/airflow/example_dags/example_dag_decorator.py for tasks to queue
[2024-03-09T10:31:05.725+0000] {logging_mixin.py:188} INFO - [2024-03-09T10:31:05.725+0000] {dagbag.py:540} INFO - Filling up the DagBag from /home/airflow/.local/lib/python3.8/site-packages/airflow/example_dags/example_dag_decorator.py
[2024-03-09T10:31:05.893+0000] {processor.py:840} INFO - DAG(s) 'example_dag_decorator' retrieved from /home/airflow/.local/lib/python3.8/site-packages/airflow/example_dags/example_dag_decorator.py
[2024-03-09T10:31:06.088+0000] {logging_mixin.py:188} INFO - [2024-03-09T10:31:06.088+0000] {dag.py:3047} INFO - Sync 1 DAGs
[2024-03-09T10:31:06.102+0000] {logging_mixin.py:188} INFO - [2024-03-09T10:31:06.102+0000] {dag.py:3834} INFO - Setting next_dagrun for example_dag_decorator to None, run_after=None
[2024-03-09T10:31:06.129+0000] {processor.py:183} INFO - Processing /home/airflow/.local/lib/python3.8/site-packages/airflow/example_dags/example_dag_decorator.py took 0.411 seconds
[2024-03-09T10:31:36.172+0000] {processor.py:161} INFO - Started process (PID=166) to work on /home/airflow/.local/lib/python3.8/site-packages/airflow/example_dags/example_dag_decorator.py
[2024-03-09T10:31:36.174+0000] {processor.py:830} INFO - Processing file /home/airflow/.local/lib/python3.8/site-packages/airflow/example_dags/example_dag_decorator.py for tasks to queue
[2024-03-09T10:31:36.176+0000] {logging_mixin.py:188} INFO - [2024-03-09T10:31:36.175+0000] {dagbag.py:540} INFO - Filling up the DagBag from /home/airflow/.local/lib/python3.8/site-packages/airflow/example_dags/example_dag_decorator.py
[2024-03-09T10:31:36.325+0000] {processor.py:840} INFO - DAG(s) 'example_dag_decorator' retrieved from /home/airflow/.local/lib/python3.8/site-packages/airflow/example_dags/example_dag_decorator.py
[2024-03-09T10:31:36.482+0000] {logging_mixin.py:188} INFO - [2024-03-09T10:31:36.481+0000] {dag.py:3047} INFO - Sync 1 DAGs
[2024-03-09T10:31:36.494+0000] {logging_mixin.py:188} INFO - [2024-03-09T10:31:36.494+0000] {dag.py:3834} INFO - Setting next_dagrun for example_dag_decorator to None, run_after=None
[2024-03-09T10:31:36.527+0000] {processor.py:183} INFO - Processing /home/airflow/.local/lib/python3.8/site-packages/airflow/example_dags/example_dag_decorator.py took 0.358 seconds
[2024-03-09T10:32:06.632+0000] {processor.py:161} INFO - Started process (PID=223) to work on /home/airflow/.local/lib/python3.8/site-packages/airflow/example_dags/example_dag_decorator.py
[2024-03-09T10:32:06.633+0000] {processor.py:830} INFO - Processing file /home/airflow/.local/lib/python3.8/site-packages/airflow/example_dags/example_dag_decorator.py for tasks to queue
[2024-03-09T10:32:06.635+0000] {logging_mixin.py:188} INFO - [2024-03-09T10:32:06.634+0000] {dagbag.py:540} INFO - Filling up the DagBag from /home/airflow/.local/lib/python3.8/site-packages/airflow/example_dags/example_dag_decorator.py
[2024-03-09T10:32:06.741+0000] {processor.py:840} INFO - DAG(s) 'example_dag_decorator' retrieved from /home/airflow/.local/lib/python3.8/site-packages/airflow/example_dags/example_dag_decorator.py
[2024-03-09T10:32:06.863+0000] {logging_mixin.py:188} INFO - [2024-03-09T10:32:06.863+0000] {dag.py:3047} INFO - Sync 1 DAGs
[2024-03-09T10:32:06.880+0000] {logging_mixin.py:188} INFO - [2024-03-09T10:32:06.880+0000] {dag.py:3834} INFO - Setting next_dagrun for example_dag_decorator to None, run_after=None
[2024-03-09T10:32:06.911+0000] {processor.py:183} INFO - Processing /home/airflow/.local/lib/python3.8/site-packages/airflow/example_dags/example_dag_decorator.py took 0.283 seconds
[2024-03-09T10:32:37.005+0000] {processor.py:161} INFO - Started process (PID=275) to work on /home/airflow/.local/lib/python3.8/site-packages/airflow/example_dags/example_dag_decorator.py
[2024-03-09T10:32:37.007+0000] {processor.py:830} INFO - Processing file /home/airflow/.local/lib/python3.8/site-packages/airflow/example_dags/example_dag_decorator.py for tasks to queue
[2024-03-09T10:32:37.009+0000] {logging_mixin.py:188} INFO - [2024-03-09T10:32:37.008+0000] {dagbag.py:540} INFO - Filling up the DagBag from /home/airflow/.local/lib/python3.8/site-packages/airflow/example_dags/example_dag_decorator.py
[2024-03-09T10:32:37.119+0000] {processor.py:840} INFO - DAG(s) 'example_dag_decorator' retrieved from /home/airflow/.local/lib/python3.8/site-packages/airflow/example_dags/example_dag_decorator.py
[2024-03-09T10:32:37.235+0000] {logging_mixin.py:188} INFO - [2024-03-09T10:32:37.235+0000] {dag.py:3047} INFO - Sync 1 DAGs
[2024-03-09T10:32:37.248+0000] {logging_mixin.py:188} INFO - [2024-03-09T10:32:37.248+0000] {dag.py:3834} INFO - Setting next_dagrun for example_dag_decorator to None, run_after=None
[2024-03-09T10:32:37.277+0000] {processor.py:183} INFO - Processing /home/airflow/.local/lib/python3.8/site-packages/airflow/example_dags/example_dag_decorator.py took 0.275 seconds
[2024-03-09T10:33:07.318+0000] {processor.py:161} INFO - Started process (PID=330) to work on /home/airflow/.local/lib/python3.8/site-packages/airflow/example_dags/example_dag_decorator.py
[2024-03-09T10:33:07.319+0000] {processor.py:830} INFO - Processing file /home/airflow/.local/lib/python3.8/site-packages/airflow/example_dags/example_dag_decorator.py for tasks to queue
[2024-03-09T10:33:07.321+0000] {logging_mixin.py:188} INFO - [2024-03-09T10:33:07.320+0000] {dagbag.py:540} INFO - Filling up the DagBag from /home/airflow/.local/lib/python3.8/site-packages/airflow/example_dags/example_dag_decorator.py
[2024-03-09T10:33:07.424+0000] {processor.py:840} INFO - DAG(s) 'example_dag_decorator' retrieved from /home/airflow/.local/lib/python3.8/site-packages/airflow/example_dags/example_dag_decorator.py
[2024-03-09T10:33:07.539+0000] {logging_mixin.py:188} INFO - [2024-03-09T10:33:07.538+0000] {dag.py:3047} INFO - Sync 1 DAGs
[2024-03-09T10:33:07.552+0000] {logging_mixin.py:188} INFO - [2024-03-09T10:33:07.552+0000] {dag.py:3834} INFO - Setting next_dagrun for example_dag_decorator to None, run_after=None
[2024-03-09T10:33:07.578+0000] {processor.py:183} INFO - Processing /home/airflow/.local/lib/python3.8/site-packages/airflow/example_dags/example_dag_decorator.py took 0.264 seconds
[2024-03-09T10:33:37.701+0000] {processor.py:161} INFO - Started process (PID=385) to work on /home/airflow/.local/lib/python3.8/site-packages/airflow/example_dags/example_dag_decorator.py
[2024-03-09T10:33:37.703+0000] {processor.py:830} INFO - Processing file /home/airflow/.local/lib/python3.8/site-packages/airflow/example_dags/example_dag_decorator.py for tasks to queue
[2024-03-09T10:33:37.705+0000] {logging_mixin.py:188} INFO - [2024-03-09T10:33:37.705+0000] {dagbag.py:540} INFO - Filling up the DagBag from /home/airflow/.local/lib/python3.8/site-packages/airflow/example_dags/example_dag_decorator.py
[2024-03-09T10:33:37.813+0000] {processor.py:840} INFO - DAG(s) 'example_dag_decorator' retrieved from /home/airflow/.local/lib/python3.8/site-packages/airflow/example_dags/example_dag_decorator.py
[2024-03-09T10:33:37.939+0000] {logging_mixin.py:188} INFO - [2024-03-09T10:33:37.938+0000] {dag.py:3047} INFO - Sync 1 DAGs
[2024-03-09T10:33:37.951+0000] {logging_mixin.py:188} INFO - [2024-03-09T10:33:37.950+0000] {dag.py:3834} INFO - Setting next_dagrun for example_dag_decorator to None, run_after=None
[2024-03-09T10:33:37.975+0000] {processor.py:183} INFO - Processing /home/airflow/.local/lib/python3.8/site-packages/airflow/example_dags/example_dag_decorator.py took 0.277 seconds
[2024-03-09T10:34:08.174+0000] {processor.py:161} INFO - Started process (PID=440) to work on /home/airflow/.local/lib/python3.8/site-packages/airflow/example_dags/example_dag_decorator.py
[2024-03-09T10:34:08.175+0000] {processor.py:830} INFO - Processing file /home/airflow/.local/lib/python3.8/site-packages/airflow/example_dags/example_dag_decorator.py for tasks to queue
[2024-03-09T10:34:08.177+0000] {logging_mixin.py:188} INFO - [2024-03-09T10:34:08.176+0000] {dagbag.py:540} INFO - Filling up the DagBag from /home/airflow/.local/lib/python3.8/site-packages/airflow/example_dags/example_dag_decorator.py
[2024-03-09T10:34:08.289+0000] {processor.py:840} INFO - DAG(s) 'example_dag_decorator' retrieved from /home/airflow/.local/lib/python3.8/site-packages/airflow/example_dags/example_dag_decorator.py
[2024-03-09T10:34:08.406+0000] {logging_mixin.py:188} INFO - [2024-03-09T10:34:08.405+0000] {dag.py:3047} INFO - Sync 1 DAGs
[2024-03-09T10:34:08.417+0000] {logging_mixin.py:188} INFO - [2024-03-09T10:34:08.417+0000] {dag.py:3834} INFO - Setting next_dagrun for example_dag_decorator to None, run_after=None
[2024-03-09T10:34:08.445+0000] {processor.py:183} INFO - Processing /home/airflow/.local/lib/python3.8/site-packages/airflow/example_dags/example_dag_decorator.py took 0.274 seconds
[2024-03-09T10:34:38.555+0000] {processor.py:161} INFO - Started process (PID=496) to work on /home/airflow/.local/lib/python3.8/site-packages/airflow/example_dags/example_dag_decorator.py
[2024-03-09T10:34:38.556+0000] {processor.py:830} INFO - Processing file /home/airflow/.local/lib/python3.8/site-packages/airflow/example_dags/example_dag_decorator.py for tasks to queue
[2024-03-09T10:34:38.558+0000] {logging_mixin.py:188} INFO - [2024-03-09T10:34:38.558+0000] {dagbag.py:540} INFO - Filling up the DagBag from /home/airflow/.local/lib/python3.8/site-packages/airflow/example_dags/example_dag_decorator.py
[2024-03-09T10:34:38.661+0000] {processor.py:840} INFO - DAG(s) 'example_dag_decorator' retrieved from /home/airflow/.local/lib/python3.8/site-packages/airflow/example_dags/example_dag_decorator.py
[2024-03-09T10:34:38.782+0000] {logging_mixin.py:188} INFO - [2024-03-09T10:34:38.782+0000] {dag.py:3047} INFO - Sync 1 DAGs
[2024-03-09T10:34:38.794+0000] {logging_mixin.py:188} INFO - [2024-03-09T10:34:38.794+0000] {dag.py:3834} INFO - Setting next_dagrun for example_dag_decorator to None, run_after=None
[2024-03-09T10:34:38.820+0000] {processor.py:183} INFO - Processing /home/airflow/.local/lib/python3.8/site-packages/airflow/example_dags/example_dag_decorator.py took 0.268 seconds
[2024-03-09T10:35:08.929+0000] {processor.py:161} INFO - Started process (PID=551) to work on /home/airflow/.local/lib/python3.8/site-packages/airflow/example_dags/example_dag_decorator.py
[2024-03-09T10:35:08.930+0000] {processor.py:830} INFO - Processing file /home/airflow/.local/lib/python3.8/site-packages/airflow/example_dags/example_dag_decorator.py for tasks to queue
[2024-03-09T10:35:08.932+0000] {logging_mixin.py:188} INFO - [2024-03-09T10:35:08.932+0000] {dagbag.py:540} INFO - Filling up the DagBag from /home/airflow/.local/lib/python3.8/site-packages/airflow/example_dags/example_dag_decorator.py
[2024-03-09T10:35:09.034+0000] {processor.py:840} INFO - DAG(s) 'example_dag_decorator' retrieved from /home/airflow/.local/lib/python3.8/site-packages/airflow/example_dags/example_dag_decorator.py
[2024-03-09T10:35:09.142+0000] {logging_mixin.py:188} INFO - [2024-03-09T10:35:09.142+0000] {dag.py:3047} INFO - Sync 1 DAGs
[2024-03-09T10:35:09.152+0000] {logging_mixin.py:188} INFO - [2024-03-09T10:35:09.152+0000] {dag.py:3834} INFO - Setting next_dagrun for example_dag_decorator to None, run_after=None
[2024-03-09T10:35:09.183+0000] {processor.py:183} INFO - Processing /home/airflow/.local/lib/python3.8/site-packages/airflow/example_dags/example_dag_decorator.py took 0.257 seconds
[2024-03-09T10:35:39.353+0000] {processor.py:161} INFO - Started process (PID=606) to work on /home/airflow/.local/lib/python3.8/site-packages/airflow/example_dags/example_dag_decorator.py
[2024-03-09T10:35:39.354+0000] {processor.py:830} INFO - Processing file /home/airflow/.local/lib/python3.8/site-packages/airflow/example_dags/example_dag_decorator.py for tasks to queue
[2024-03-09T10:35:39.356+0000] {logging_mixin.py:188} INFO - [2024-03-09T10:35:39.355+0000] {dagbag.py:540} INFO - Filling up the DagBag from /home/airflow/.local/lib/python3.8/site-packages/airflow/example_dags/example_dag_decorator.py
[2024-03-09T10:35:39.454+0000] {processor.py:840} INFO - DAG(s) 'example_dag_decorator' retrieved from /home/airflow/.local/lib/python3.8/site-packages/airflow/example_dags/example_dag_decorator.py
[2024-03-09T10:35:39.558+0000] {logging_mixin.py:188} INFO - [2024-03-09T10:35:39.558+0000] {dag.py:3047} INFO - Sync 1 DAGs
[2024-03-09T10:35:39.570+0000] {logging_mixin.py:188} INFO - [2024-03-09T10:35:39.570+0000] {dag.py:3834} INFO - Setting next_dagrun for example_dag_decorator to None, run_after=None
[2024-03-09T10:35:39.593+0000] {processor.py:183} INFO - Processing /home/airflow/.local/lib/python3.8/site-packages/airflow/example_dags/example_dag_decorator.py took 0.243 seconds
[2024-03-09T10:36:10.618+0000] {processor.py:161} INFO - Started process (PID=661) to work on /home/airflow/.local/lib/python3.8/site-packages/airflow/example_dags/example_dag_decorator.py
[2024-03-09T10:36:10.619+0000] {processor.py:830} INFO - Processing file /home/airflow/.local/lib/python3.8/site-packages/airflow/example_dags/example_dag_decorator.py for tasks to queue
[2024-03-09T10:36:10.621+0000] {logging_mixin.py:188} INFO - [2024-03-09T10:36:10.621+0000] {dagbag.py:540} INFO - Filling up the DagBag from /home/airflow/.local/lib/python3.8/site-packages/airflow/example_dags/example_dag_decorator.py
[2024-03-09T10:36:10.733+0000] {processor.py:840} INFO - DAG(s) 'example_dag_decorator' retrieved from /home/airflow/.local/lib/python3.8/site-packages/airflow/example_dags/example_dag_decorator.py
[2024-03-09T10:36:10.849+0000] {logging_mixin.py:188} INFO - [2024-03-09T10:36:10.849+0000] {dag.py:3047} INFO - Sync 1 DAGs
[2024-03-09T10:36:10.865+0000] {logging_mixin.py:188} INFO - [2024-03-09T10:36:10.864+0000] {dag.py:3834} INFO - Setting next_dagrun for example_dag_decorator to None, run_after=None
[2024-03-09T10:36:10.898+0000] {processor.py:183} INFO - Processing /home/airflow/.local/lib/python3.8/site-packages/airflow/example_dags/example_dag_decorator.py took 0.283 seconds
[2024-03-09T10:36:41.013+0000] {processor.py:161} INFO - Started process (PID=716) to work on /home/airflow/.local/lib/python3.8/site-packages/airflow/example_dags/example_dag_decorator.py
[2024-03-09T10:36:41.015+0000] {processor.py:830} INFO - Processing file /home/airflow/.local/lib/python3.8/site-packages/airflow/example_dags/example_dag_decorator.py for tasks to queue
[2024-03-09T10:36:41.017+0000] {logging_mixin.py:188} INFO - [2024-03-09T10:36:41.017+0000] {dagbag.py:540} INFO - Filling up the DagBag from /home/airflow/.local/lib/python3.8/site-packages/airflow/example_dags/example_dag_decorator.py
[2024-03-09T10:36:41.131+0000] {processor.py:840} INFO - DAG(s) 'example_dag_decorator' retrieved from /home/airflow/.local/lib/python3.8/site-packages/airflow/example_dags/example_dag_decorator.py
[2024-03-09T10:36:41.244+0000] {logging_mixin.py:188} INFO - [2024-03-09T10:36:41.244+0000] {dag.py:3047} INFO - Sync 1 DAGs
[2024-03-09T10:36:41.258+0000] {logging_mixin.py:188} INFO - [2024-03-09T10:36:41.257+0000] {dag.py:3834} INFO - Setting next_dagrun for example_dag_decorator to None, run_after=None
[2024-03-09T10:36:41.290+0000] {processor.py:183} INFO - Processing /home/airflow/.local/lib/python3.8/site-packages/airflow/example_dags/example_dag_decorator.py took 0.280 seconds
[2024-03-09T10:37:11.830+0000] {processor.py:161} INFO - Started process (PID=771) to work on /home/airflow/.local/lib/python3.8/site-packages/airflow/example_dags/example_dag_decorator.py
[2024-03-09T10:37:11.834+0000] {processor.py:830} INFO - Processing file /home/airflow/.local/lib/python3.8/site-packages/airflow/example_dags/example_dag_decorator.py for tasks to queue
[2024-03-09T10:37:11.836+0000] {logging_mixin.py:188} INFO - [2024-03-09T10:37:11.835+0000] {dagbag.py:540} INFO - Filling up the DagBag from /home/airflow/.local/lib/python3.8/site-packages/airflow/example_dags/example_dag_decorator.py
[2024-03-09T10:37:11.967+0000] {processor.py:840} INFO - DAG(s) 'example_dag_decorator' retrieved from /home/airflow/.local/lib/python3.8/site-packages/airflow/example_dags/example_dag_decorator.py
[2024-03-09T10:37:12.100+0000] {logging_mixin.py:188} INFO - [2024-03-09T10:37:12.100+0000] {dag.py:3047} INFO - Sync 1 DAGs
[2024-03-09T10:37:12.112+0000] {logging_mixin.py:188} INFO - [2024-03-09T10:37:12.112+0000] {dag.py:3834} INFO - Setting next_dagrun for example_dag_decorator to None, run_after=None
[2024-03-09T10:37:12.141+0000] {processor.py:183} INFO - Processing /home/airflow/.local/lib/python3.8/site-packages/airflow/example_dags/example_dag_decorator.py took 0.314 seconds
[2024-03-09T10:37:42.298+0000] {processor.py:161} INFO - Started process (PID=826) to work on /home/airflow/.local/lib/python3.8/site-packages/airflow/example_dags/example_dag_decorator.py
[2024-03-09T10:37:42.300+0000] {processor.py:830} INFO - Processing file /home/airflow/.local/lib/python3.8/site-packages/airflow/example_dags/example_dag_decorator.py for tasks to queue
[2024-03-09T10:37:42.301+0000] {logging_mixin.py:188} INFO - [2024-03-09T10:37:42.301+0000] {dagbag.py:540} INFO - Filling up the DagBag from /home/airflow/.local/lib/python3.8/site-packages/airflow/example_dags/example_dag_decorator.py
[2024-03-09T10:37:42.417+0000] {processor.py:840} INFO - DAG(s) 'example_dag_decorator' retrieved from /home/airflow/.local/lib/python3.8/site-packages/airflow/example_dags/example_dag_decorator.py
[2024-03-09T10:37:42.539+0000] {logging_mixin.py:188} INFO - [2024-03-09T10:37:42.539+0000] {dag.py:3047} INFO - Sync 1 DAGs
[2024-03-09T10:37:42.554+0000] {logging_mixin.py:188} INFO - [2024-03-09T10:37:42.554+0000] {dag.py:3834} INFO - Setting next_dagrun for example_dag_decorator to None, run_after=None
[2024-03-09T10:37:42.577+0000] {processor.py:183} INFO - Processing /home/airflow/.local/lib/python3.8/site-packages/airflow/example_dags/example_dag_decorator.py took 0.282 seconds
[2024-03-09T10:38:12.854+0000] {processor.py:161} INFO - Started process (PID=881) to work on /home/airflow/.local/lib/python3.8/site-packages/airflow/example_dags/example_dag_decorator.py
[2024-03-09T10:38:12.855+0000] {processor.py:830} INFO - Processing file /home/airflow/.local/lib/python3.8/site-packages/airflow/example_dags/example_dag_decorator.py for tasks to queue
[2024-03-09T10:38:12.856+0000] {logging_mixin.py:188} INFO - [2024-03-09T10:38:12.856+0000] {dagbag.py:540} INFO - Filling up the DagBag from /home/airflow/.local/lib/python3.8/site-packages/airflow/example_dags/example_dag_decorator.py
[2024-03-09T10:38:13.035+0000] {processor.py:840} INFO - DAG(s) 'example_dag_decorator' retrieved from /home/airflow/.local/lib/python3.8/site-packages/airflow/example_dags/example_dag_decorator.py
[2024-03-09T10:38:13.157+0000] {logging_mixin.py:188} INFO - [2024-03-09T10:38:13.157+0000] {dag.py:3047} INFO - Sync 1 DAGs
[2024-03-09T10:38:13.170+0000] {logging_mixin.py:188} INFO - [2024-03-09T10:38:13.169+0000] {dag.py:3834} INFO - Setting next_dagrun for example_dag_decorator to None, run_after=None
[2024-03-09T10:38:13.196+0000] {processor.py:183} INFO - Processing /home/airflow/.local/lib/python3.8/site-packages/airflow/example_dags/example_dag_decorator.py took 0.345 seconds
[2024-03-09T10:38:43.493+0000] {processor.py:161} INFO - Started process (PID=938) to work on /home/airflow/.local/lib/python3.8/site-packages/airflow/example_dags/example_dag_decorator.py
[2024-03-09T10:38:43.494+0000] {processor.py:830} INFO - Processing file /home/airflow/.local/lib/python3.8/site-packages/airflow/example_dags/example_dag_decorator.py for tasks to queue
[2024-03-09T10:38:43.497+0000] {logging_mixin.py:188} INFO - [2024-03-09T10:38:43.497+0000] {dagbag.py:540} INFO - Filling up the DagBag from /home/airflow/.local/lib/python3.8/site-packages/airflow/example_dags/example_dag_decorator.py
[2024-03-09T10:38:43.642+0000] {processor.py:840} INFO - DAG(s) 'example_dag_decorator' retrieved from /home/airflow/.local/lib/python3.8/site-packages/airflow/example_dags/example_dag_decorator.py
[2024-03-09T10:38:43.812+0000] {logging_mixin.py:188} INFO - [2024-03-09T10:38:43.811+0000] {dag.py:3047} INFO - Sync 1 DAGs
[2024-03-09T10:38:43.828+0000] {logging_mixin.py:188} INFO - [2024-03-09T10:38:43.828+0000] {dag.py:3834} INFO - Setting next_dagrun for example_dag_decorator to None, run_after=None
[2024-03-09T10:38:43.862+0000] {processor.py:183} INFO - Processing /home/airflow/.local/lib/python3.8/site-packages/airflow/example_dags/example_dag_decorator.py took 0.372 seconds
[2024-03-09T10:39:14.429+0000] {processor.py:161} INFO - Started process (PID=991) to work on /home/airflow/.local/lib/python3.8/site-packages/airflow/example_dags/example_dag_decorator.py
[2024-03-09T10:39:14.430+0000] {processor.py:830} INFO - Processing file /home/airflow/.local/lib/python3.8/site-packages/airflow/example_dags/example_dag_decorator.py for tasks to queue
[2024-03-09T10:39:14.432+0000] {logging_mixin.py:188} INFO - [2024-03-09T10:39:14.432+0000] {dagbag.py:540} INFO - Filling up the DagBag from /home/airflow/.local/lib/python3.8/site-packages/airflow/example_dags/example_dag_decorator.py
[2024-03-09T10:39:14.566+0000] {processor.py:840} INFO - DAG(s) 'example_dag_decorator' retrieved from /home/airflow/.local/lib/python3.8/site-packages/airflow/example_dags/example_dag_decorator.py
[2024-03-09T10:39:14.773+0000] {logging_mixin.py:188} INFO - [2024-03-09T10:39:14.772+0000] {dag.py:3047} INFO - Sync 1 DAGs
[2024-03-09T10:39:14.797+0000] {logging_mixin.py:188} INFO - [2024-03-09T10:39:14.797+0000] {dag.py:3834} INFO - Setting next_dagrun for example_dag_decorator to None, run_after=None
[2024-03-09T10:39:14.864+0000] {processor.py:183} INFO - Processing /home/airflow/.local/lib/python3.8/site-packages/airflow/example_dags/example_dag_decorator.py took 0.438 seconds
[2024-03-09T10:39:45.008+0000] {processor.py:161} INFO - Started process (PID=1048) to work on /home/airflow/.local/lib/python3.8/site-packages/airflow/example_dags/example_dag_decorator.py
[2024-03-09T10:39:45.009+0000] {processor.py:830} INFO - Processing file /home/airflow/.local/lib/python3.8/site-packages/airflow/example_dags/example_dag_decorator.py for tasks to queue
[2024-03-09T10:39:45.011+0000] {logging_mixin.py:188} INFO - [2024-03-09T10:39:45.011+0000] {dagbag.py:540} INFO - Filling up the DagBag from /home/airflow/.local/lib/python3.8/site-packages/airflow/example_dags/example_dag_decorator.py
[2024-03-09T10:39:45.115+0000] {processor.py:840} INFO - DAG(s) 'example_dag_decorator' retrieved from /home/airflow/.local/lib/python3.8/site-packages/airflow/example_dags/example_dag_decorator.py
[2024-03-09T10:39:45.236+0000] {logging_mixin.py:188} INFO - [2024-03-09T10:39:45.236+0000] {dag.py:3047} INFO - Sync 1 DAGs
[2024-03-09T10:39:45.247+0000] {logging_mixin.py:188} INFO - [2024-03-09T10:39:45.246+0000] {dag.py:3834} INFO - Setting next_dagrun for example_dag_decorator to None, run_after=None
[2024-03-09T10:39:45.277+0000] {processor.py:183} INFO - Processing /home/airflow/.local/lib/python3.8/site-packages/airflow/example_dags/example_dag_decorator.py took 0.273 seconds
[2024-03-09T10:40:15.422+0000] {processor.py:161} INFO - Started process (PID=1104) to work on /home/airflow/.local/lib/python3.8/site-packages/airflow/example_dags/example_dag_decorator.py
[2024-03-09T10:40:15.423+0000] {processor.py:830} INFO - Processing file /home/airflow/.local/lib/python3.8/site-packages/airflow/example_dags/example_dag_decorator.py for tasks to queue
[2024-03-09T10:40:15.425+0000] {logging_mixin.py:188} INFO - [2024-03-09T10:40:15.424+0000] {dagbag.py:540} INFO - Filling up the DagBag from /home/airflow/.local/lib/python3.8/site-packages/airflow/example_dags/example_dag_decorator.py
[2024-03-09T10:40:15.541+0000] {processor.py:840} INFO - DAG(s) 'example_dag_decorator' retrieved from /home/airflow/.local/lib/python3.8/site-packages/airflow/example_dags/example_dag_decorator.py
[2024-03-09T10:40:15.678+0000] {logging_mixin.py:188} INFO - [2024-03-09T10:40:15.677+0000] {dag.py:3047} INFO - Sync 1 DAGs
[2024-03-09T10:40:15.693+0000] {logging_mixin.py:188} INFO - [2024-03-09T10:40:15.693+0000] {dag.py:3834} INFO - Setting next_dagrun for example_dag_decorator to None, run_after=None
[2024-03-09T10:40:15.725+0000] {processor.py:183} INFO - Processing /home/airflow/.local/lib/python3.8/site-packages/airflow/example_dags/example_dag_decorator.py took 0.307 seconds
[2024-03-09T10:40:46.245+0000] {processor.py:161} INFO - Started process (PID=1161) to work on /home/airflow/.local/lib/python3.8/site-packages/airflow/example_dags/example_dag_decorator.py
[2024-03-09T10:40:46.248+0000] {processor.py:830} INFO - Processing file /home/airflow/.local/lib/python3.8/site-packages/airflow/example_dags/example_dag_decorator.py for tasks to queue
[2024-03-09T10:40:46.258+0000] {logging_mixin.py:188} INFO - [2024-03-09T10:40:46.256+0000] {dagbag.py:540} INFO - Filling up the DagBag from /home/airflow/.local/lib/python3.8/site-packages/airflow/example_dags/example_dag_decorator.py
[2024-03-09T10:40:46.462+0000] {processor.py:840} INFO - DAG(s) 'example_dag_decorator' retrieved from /home/airflow/.local/lib/python3.8/site-packages/airflow/example_dags/example_dag_decorator.py
[2024-03-09T10:40:46.578+0000] {logging_mixin.py:188} INFO - [2024-03-09T10:40:46.578+0000] {dag.py:3047} INFO - Sync 1 DAGs
[2024-03-09T10:40:46.594+0000] {logging_mixin.py:188} INFO - [2024-03-09T10:40:46.593+0000] {dag.py:3834} INFO - Setting next_dagrun for example_dag_decorator to None, run_after=None
[2024-03-09T10:40:46.620+0000] {processor.py:183} INFO - Processing /home/airflow/.local/lib/python3.8/site-packages/airflow/example_dags/example_dag_decorator.py took 0.382 seconds
[2024-03-09T10:41:17.052+0000] {processor.py:161} INFO - Started process (PID=1214) to work on /home/airflow/.local/lib/python3.8/site-packages/airflow/example_dags/example_dag_decorator.py
[2024-03-09T10:41:17.054+0000] {processor.py:830} INFO - Processing file /home/airflow/.local/lib/python3.8/site-packages/airflow/example_dags/example_dag_decorator.py for tasks to queue
[2024-03-09T10:41:17.056+0000] {logging_mixin.py:188} INFO - [2024-03-09T10:41:17.056+0000] {dagbag.py:540} INFO - Filling up the DagBag from /home/airflow/.local/lib/python3.8/site-packages/airflow/example_dags/example_dag_decorator.py
[2024-03-09T10:41:17.185+0000] {processor.py:840} INFO - DAG(s) 'example_dag_decorator' retrieved from /home/airflow/.local/lib/python3.8/site-packages/airflow/example_dags/example_dag_decorator.py
[2024-03-09T10:41:17.307+0000] {logging_mixin.py:188} INFO - [2024-03-09T10:41:17.307+0000] {dag.py:3047} INFO - Sync 1 DAGs
[2024-03-09T10:41:17.321+0000] {logging_mixin.py:188} INFO - [2024-03-09T10:41:17.321+0000] {dag.py:3834} INFO - Setting next_dagrun for example_dag_decorator to None, run_after=None
[2024-03-09T10:41:17.350+0000] {processor.py:183} INFO - Processing /home/airflow/.local/lib/python3.8/site-packages/airflow/example_dags/example_dag_decorator.py took 0.303 seconds
[2024-03-09T10:41:47.384+0000] {processor.py:161} INFO - Started process (PID=1270) to work on /home/airflow/.local/lib/python3.8/site-packages/airflow/example_dags/example_dag_decorator.py
[2024-03-09T10:41:47.386+0000] {processor.py:830} INFO - Processing file /home/airflow/.local/lib/python3.8/site-packages/airflow/example_dags/example_dag_decorator.py for tasks to queue
[2024-03-09T10:41:47.389+0000] {logging_mixin.py:188} INFO - [2024-03-09T10:41:47.389+0000] {dagbag.py:540} INFO - Filling up the DagBag from /home/airflow/.local/lib/python3.8/site-packages/airflow/example_dags/example_dag_decorator.py
[2024-03-09T10:41:47.496+0000] {processor.py:840} INFO - DAG(s) 'example_dag_decorator' retrieved from /home/airflow/.local/lib/python3.8/site-packages/airflow/example_dags/example_dag_decorator.py
[2024-03-09T10:41:47.627+0000] {logging_mixin.py:188} INFO - [2024-03-09T10:41:47.626+0000] {dag.py:3047} INFO - Sync 1 DAGs
[2024-03-09T10:41:47.641+0000] {logging_mixin.py:188} INFO - [2024-03-09T10:41:47.641+0000] {dag.py:3834} INFO - Setting next_dagrun for example_dag_decorator to None, run_after=None
[2024-03-09T10:41:47.669+0000] {processor.py:183} INFO - Processing /home/airflow/.local/lib/python3.8/site-packages/airflow/example_dags/example_dag_decorator.py took 0.287 seconds
[2024-03-09T10:42:17.707+0000] {processor.py:161} INFO - Started process (PID=1326) to work on /home/airflow/.local/lib/python3.8/site-packages/airflow/example_dags/example_dag_decorator.py
[2024-03-09T10:42:17.708+0000] {processor.py:830} INFO - Processing file /home/airflow/.local/lib/python3.8/site-packages/airflow/example_dags/example_dag_decorator.py for tasks to queue
[2024-03-09T10:42:17.711+0000] {logging_mixin.py:188} INFO - [2024-03-09T10:42:17.710+0000] {dagbag.py:540} INFO - Filling up the DagBag from /home/airflow/.local/lib/python3.8/site-packages/airflow/example_dags/example_dag_decorator.py
[2024-03-09T10:42:17.816+0000] {processor.py:840} INFO - DAG(s) 'example_dag_decorator' retrieved from /home/airflow/.local/lib/python3.8/site-packages/airflow/example_dags/example_dag_decorator.py
[2024-03-09T10:42:17.922+0000] {logging_mixin.py:188} INFO - [2024-03-09T10:42:17.922+0000] {dag.py:3047} INFO - Sync 1 DAGs
[2024-03-09T10:42:17.937+0000] {logging_mixin.py:188} INFO - [2024-03-09T10:42:17.937+0000] {dag.py:3834} INFO - Setting next_dagrun for example_dag_decorator to None, run_after=None
[2024-03-09T10:42:17.960+0000] {processor.py:183} INFO - Processing /home/airflow/.local/lib/python3.8/site-packages/airflow/example_dags/example_dag_decorator.py took 0.258 seconds
[2024-03-09T10:42:48.080+0000] {processor.py:161} INFO - Started process (PID=1382) to work on /home/airflow/.local/lib/python3.8/site-packages/airflow/example_dags/example_dag_decorator.py
[2024-03-09T10:42:48.081+0000] {processor.py:830} INFO - Processing file /home/airflow/.local/lib/python3.8/site-packages/airflow/example_dags/example_dag_decorator.py for tasks to queue
[2024-03-09T10:42:48.083+0000] {logging_mixin.py:188} INFO - [2024-03-09T10:42:48.083+0000] {dagbag.py:540} INFO - Filling up the DagBag from /home/airflow/.local/lib/python3.8/site-packages/airflow/example_dags/example_dag_decorator.py
[2024-03-09T10:42:48.191+0000] {processor.py:840} INFO - DAG(s) 'example_dag_decorator' retrieved from /home/airflow/.local/lib/python3.8/site-packages/airflow/example_dags/example_dag_decorator.py
[2024-03-09T10:42:48.298+0000] {logging_mixin.py:188} INFO - [2024-03-09T10:42:48.297+0000] {dag.py:3047} INFO - Sync 1 DAGs
[2024-03-09T10:42:48.310+0000] {logging_mixin.py:188} INFO - [2024-03-09T10:42:48.309+0000] {dag.py:3834} INFO - Setting next_dagrun for example_dag_decorator to None, run_after=None
[2024-03-09T10:42:48.340+0000] {processor.py:183} INFO - Processing /home/airflow/.local/lib/python3.8/site-packages/airflow/example_dags/example_dag_decorator.py took 0.264 seconds
[2024-03-09T10:43:18.591+0000] {processor.py:161} INFO - Started process (PID=1437) to work on /home/airflow/.local/lib/python3.8/site-packages/airflow/example_dags/example_dag_decorator.py
[2024-03-09T10:43:18.593+0000] {processor.py:830} INFO - Processing file /home/airflow/.local/lib/python3.8/site-packages/airflow/example_dags/example_dag_decorator.py for tasks to queue
[2024-03-09T10:43:18.595+0000] {logging_mixin.py:188} INFO - [2024-03-09T10:43:18.594+0000] {dagbag.py:540} INFO - Filling up the DagBag from /home/airflow/.local/lib/python3.8/site-packages/airflow/example_dags/example_dag_decorator.py
[2024-03-09T10:43:18.686+0000] {processor.py:840} INFO - DAG(s) 'example_dag_decorator' retrieved from /home/airflow/.local/lib/python3.8/site-packages/airflow/example_dags/example_dag_decorator.py
[2024-03-09T10:43:18.814+0000] {logging_mixin.py:188} INFO - [2024-03-09T10:43:18.814+0000] {dag.py:3047} INFO - Sync 1 DAGs
[2024-03-09T10:43:18.831+0000] {logging_mixin.py:188} INFO - [2024-03-09T10:43:18.831+0000] {dag.py:3834} INFO - Setting next_dagrun for example_dag_decorator to None, run_after=None
[2024-03-09T10:43:18.871+0000] {processor.py:183} INFO - Processing /home/airflow/.local/lib/python3.8/site-packages/airflow/example_dags/example_dag_decorator.py took 0.283 seconds
[2024-03-09T10:43:49.734+0000] {processor.py:161} INFO - Started process (PID=1492) to work on /home/airflow/.local/lib/python3.8/site-packages/airflow/example_dags/example_dag_decorator.py
[2024-03-09T10:43:49.735+0000] {processor.py:830} INFO - Processing file /home/airflow/.local/lib/python3.8/site-packages/airflow/example_dags/example_dag_decorator.py for tasks to queue
[2024-03-09T10:43:49.737+0000] {logging_mixin.py:188} INFO - [2024-03-09T10:43:49.737+0000] {dagbag.py:540} INFO - Filling up the DagBag from /home/airflow/.local/lib/python3.8/site-packages/airflow/example_dags/example_dag_decorator.py
[2024-03-09T10:43:49.847+0000] {processor.py:840} INFO - DAG(s) 'example_dag_decorator' retrieved from /home/airflow/.local/lib/python3.8/site-packages/airflow/example_dags/example_dag_decorator.py
[2024-03-09T10:43:49.971+0000] {logging_mixin.py:188} INFO - [2024-03-09T10:43:49.971+0000] {dag.py:3047} INFO - Sync 1 DAGs
[2024-03-09T10:43:49.984+0000] {logging_mixin.py:188} INFO - [2024-03-09T10:43:49.983+0000] {dag.py:3834} INFO - Setting next_dagrun for example_dag_decorator to None, run_after=None
[2024-03-09T10:43:50.009+0000] {processor.py:183} INFO - Processing /home/airflow/.local/lib/python3.8/site-packages/airflow/example_dags/example_dag_decorator.py took 0.278 seconds
[2024-03-09T10:44:20.174+0000] {processor.py:161} INFO - Started process (PID=1547) to work on /home/airflow/.local/lib/python3.8/site-packages/airflow/example_dags/example_dag_decorator.py
[2024-03-09T10:44:20.176+0000] {processor.py:830} INFO - Processing file /home/airflow/.local/lib/python3.8/site-packages/airflow/example_dags/example_dag_decorator.py for tasks to queue
[2024-03-09T10:44:20.178+0000] {logging_mixin.py:188} INFO - [2024-03-09T10:44:20.178+0000] {dagbag.py:540} INFO - Filling up the DagBag from /home/airflow/.local/lib/python3.8/site-packages/airflow/example_dags/example_dag_decorator.py
[2024-03-09T10:44:20.325+0000] {processor.py:840} INFO - DAG(s) 'example_dag_decorator' retrieved from /home/airflow/.local/lib/python3.8/site-packages/airflow/example_dags/example_dag_decorator.py
[2024-03-09T10:44:20.352+0000] {logging_mixin.py:188} INFO - [2024-03-09T10:44:20.352+0000] {dag.py:3047} INFO - Sync 1 DAGs
[2024-03-09T10:44:20.365+0000] {logging_mixin.py:188} INFO - [2024-03-09T10:44:20.365+0000] {dag.py:3834} INFO - Setting next_dagrun for example_dag_decorator to None, run_after=None
[2024-03-09T10:44:20.392+0000] {processor.py:183} INFO - Processing /home/airflow/.local/lib/python3.8/site-packages/airflow/example_dags/example_dag_decorator.py took 0.222 seconds
[2024-03-09T10:44:50.451+0000] {processor.py:161} INFO - Started process (PID=1602) to work on /home/airflow/.local/lib/python3.8/site-packages/airflow/example_dags/example_dag_decorator.py
[2024-03-09T10:44:50.452+0000] {processor.py:830} INFO - Processing file /home/airflow/.local/lib/python3.8/site-packages/airflow/example_dags/example_dag_decorator.py for tasks to queue
[2024-03-09T10:44:50.454+0000] {logging_mixin.py:188} INFO - [2024-03-09T10:44:50.454+0000] {dagbag.py:540} INFO - Filling up the DagBag from /home/airflow/.local/lib/python3.8/site-packages/airflow/example_dags/example_dag_decorator.py
[2024-03-09T10:44:50.551+0000] {processor.py:840} INFO - DAG(s) 'example_dag_decorator' retrieved from /home/airflow/.local/lib/python3.8/site-packages/airflow/example_dags/example_dag_decorator.py
[2024-03-09T10:44:50.662+0000] {logging_mixin.py:188} INFO - [2024-03-09T10:44:50.661+0000] {dag.py:3047} INFO - Sync 1 DAGs
[2024-03-09T10:44:50.677+0000] {logging_mixin.py:188} INFO - [2024-03-09T10:44:50.677+0000] {dag.py:3834} INFO - Setting next_dagrun for example_dag_decorator to None, run_after=None
[2024-03-09T10:44:50.716+0000] {processor.py:183} INFO - Processing /home/airflow/.local/lib/python3.8/site-packages/airflow/example_dags/example_dag_decorator.py took 0.269 seconds
[2024-03-09T10:45:20.827+0000] {processor.py:161} INFO - Started process (PID=1657) to work on /home/airflow/.local/lib/python3.8/site-packages/airflow/example_dags/example_dag_decorator.py
[2024-03-09T10:45:20.828+0000] {processor.py:830} INFO - Processing file /home/airflow/.local/lib/python3.8/site-packages/airflow/example_dags/example_dag_decorator.py for tasks to queue
[2024-03-09T10:45:20.830+0000] {logging_mixin.py:188} INFO - [2024-03-09T10:45:20.830+0000] {dagbag.py:540} INFO - Filling up the DagBag from /home/airflow/.local/lib/python3.8/site-packages/airflow/example_dags/example_dag_decorator.py
[2024-03-09T10:45:20.939+0000] {processor.py:840} INFO - DAG(s) 'example_dag_decorator' retrieved from /home/airflow/.local/lib/python3.8/site-packages/airflow/example_dags/example_dag_decorator.py
[2024-03-09T10:45:21.109+0000] {logging_mixin.py:188} INFO - [2024-03-09T10:45:21.109+0000] {dag.py:3047} INFO - Sync 1 DAGs
[2024-03-09T10:45:21.144+0000] {logging_mixin.py:188} INFO - [2024-03-09T10:45:21.143+0000] {dag.py:3834} INFO - Setting next_dagrun for example_dag_decorator to None, run_after=None
[2024-03-09T10:45:21.180+0000] {processor.py:183} INFO - Processing /home/airflow/.local/lib/python3.8/site-packages/airflow/example_dags/example_dag_decorator.py took 0.357 seconds
[2024-03-09T10:45:51.911+0000] {processor.py:161} INFO - Started process (PID=1712) to work on /home/airflow/.local/lib/python3.8/site-packages/airflow/example_dags/example_dag_decorator.py
[2024-03-09T10:45:51.912+0000] {processor.py:830} INFO - Processing file /home/airflow/.local/lib/python3.8/site-packages/airflow/example_dags/example_dag_decorator.py for tasks to queue
[2024-03-09T10:45:51.914+0000] {logging_mixin.py:188} INFO - [2024-03-09T10:45:51.914+0000] {dagbag.py:540} INFO - Filling up the DagBag from /home/airflow/.local/lib/python3.8/site-packages/airflow/example_dags/example_dag_decorator.py
[2024-03-09T10:45:52.072+0000] {processor.py:840} INFO - DAG(s) 'example_dag_decorator' retrieved from /home/airflow/.local/lib/python3.8/site-packages/airflow/example_dags/example_dag_decorator.py
[2024-03-09T10:45:52.282+0000] {logging_mixin.py:188} INFO - [2024-03-09T10:45:52.281+0000] {dag.py:3047} INFO - Sync 1 DAGs
[2024-03-09T10:45:52.310+0000] {logging_mixin.py:188} INFO - [2024-03-09T10:45:52.309+0000] {dag.py:3834} INFO - Setting next_dagrun for example_dag_decorator to None, run_after=None
[2024-03-09T10:45:52.349+0000] {processor.py:183} INFO - Processing /home/airflow/.local/lib/python3.8/site-packages/airflow/example_dags/example_dag_decorator.py took 0.442 seconds
