[2024-03-09T10:30:35.857+0000] {processor.py:161} INFO - Started process (PID=59) to work on /home/airflow/.local/lib/python3.8/site-packages/airflow/example_dags/example_branch_labels.py
[2024-03-09T10:30:35.859+0000] {processor.py:830} INFO - Processing file /home/airflow/.local/lib/python3.8/site-packages/airflow/example_dags/example_branch_labels.py for tasks to queue
[2024-03-09T10:30:35.861+0000] {logging_mixin.py:188} INFO - [2024-03-09T10:30:35.861+0000] {dagbag.py:540} INFO - Filling up the DagBag from /home/airflow/.local/lib/python3.8/site-packages/airflow/example_dags/example_branch_labels.py
[2024-03-09T10:30:35.876+0000] {processor.py:840} INFO - DAG(s) 'example_branch_labels' retrieved from /home/airflow/.local/lib/python3.8/site-packages/airflow/example_dags/example_branch_labels.py
[2024-03-09T10:30:36.043+0000] {logging_mixin.py:188} INFO - [2024-03-09T10:30:36.042+0000] {dag.py:3047} INFO - Sync 1 DAGs
[2024-03-09T10:30:36.075+0000] {logging_mixin.py:188} INFO - [2024-03-09T10:30:36.074+0000] {dag.py:3834} INFO - Setting next_dagrun for example_branch_labels to 2024-03-08 00:00:00+00:00, run_after=2024-03-09 00:00:00+00:00
[2024-03-09T10:30:36.107+0000] {processor.py:183} INFO - Processing /home/airflow/.local/lib/python3.8/site-packages/airflow/example_dags/example_branch_labels.py took 0.255 seconds
[2024-03-09T10:31:06.166+0000] {processor.py:161} INFO - Started process (PID=114) to work on /home/airflow/.local/lib/python3.8/site-packages/airflow/example_dags/example_branch_labels.py
[2024-03-09T10:31:06.168+0000] {processor.py:830} INFO - Processing file /home/airflow/.local/lib/python3.8/site-packages/airflow/example_dags/example_branch_labels.py for tasks to queue
[2024-03-09T10:31:06.170+0000] {logging_mixin.py:188} INFO - [2024-03-09T10:31:06.169+0000] {dagbag.py:540} INFO - Filling up the DagBag from /home/airflow/.local/lib/python3.8/site-packages/airflow/example_dags/example_branch_labels.py
[2024-03-09T10:31:06.179+0000] {processor.py:840} INFO - DAG(s) 'example_branch_labels' retrieved from /home/airflow/.local/lib/python3.8/site-packages/airflow/example_dags/example_branch_labels.py
[2024-03-09T10:31:06.207+0000] {logging_mixin.py:188} INFO - [2024-03-09T10:31:06.207+0000] {dag.py:3047} INFO - Sync 1 DAGs
[2024-03-09T10:31:06.235+0000] {logging_mixin.py:188} INFO - [2024-03-09T10:31:06.234+0000] {dag.py:3834} INFO - Setting next_dagrun for example_branch_labels to 2024-03-08 00:00:00+00:00, run_after=2024-03-09 00:00:00+00:00
[2024-03-09T10:31:06.262+0000] {processor.py:183} INFO - Processing /home/airflow/.local/lib/python3.8/site-packages/airflow/example_dags/example_branch_labels.py took 0.099 seconds
[2024-03-09T10:31:36.477+0000] {processor.py:161} INFO - Started process (PID=169) to work on /home/airflow/.local/lib/python3.8/site-packages/airflow/example_dags/example_branch_labels.py
[2024-03-09T10:31:36.479+0000] {processor.py:830} INFO - Processing file /home/airflow/.local/lib/python3.8/site-packages/airflow/example_dags/example_branch_labels.py for tasks to queue
[2024-03-09T10:31:36.481+0000] {logging_mixin.py:188} INFO - [2024-03-09T10:31:36.481+0000] {dagbag.py:540} INFO - Filling up the DagBag from /home/airflow/.local/lib/python3.8/site-packages/airflow/example_dags/example_branch_labels.py
[2024-03-09T10:31:36.490+0000] {processor.py:840} INFO - DAG(s) 'example_branch_labels' retrieved from /home/airflow/.local/lib/python3.8/site-packages/airflow/example_dags/example_branch_labels.py
[2024-03-09T10:31:36.517+0000] {logging_mixin.py:188} INFO - [2024-03-09T10:31:36.517+0000] {dag.py:3047} INFO - Sync 1 DAGs
[2024-03-09T10:31:36.553+0000] {logging_mixin.py:188} INFO - [2024-03-09T10:31:36.552+0000] {dag.py:3834} INFO - Setting next_dagrun for example_branch_labels to 2024-03-08 00:00:00+00:00, run_after=2024-03-09 00:00:00+00:00
[2024-03-09T10:31:36.578+0000] {processor.py:183} INFO - Processing /home/airflow/.local/lib/python3.8/site-packages/airflow/example_dags/example_branch_labels.py took 0.105 seconds
[2024-03-09T10:32:06.632+0000] {processor.py:161} INFO - Started process (PID=224) to work on /home/airflow/.local/lib/python3.8/site-packages/airflow/example_dags/example_branch_labels.py
[2024-03-09T10:32:06.633+0000] {processor.py:830} INFO - Processing file /home/airflow/.local/lib/python3.8/site-packages/airflow/example_dags/example_branch_labels.py for tasks to queue
[2024-03-09T10:32:06.635+0000] {logging_mixin.py:188} INFO - [2024-03-09T10:32:06.634+0000] {dagbag.py:540} INFO - Filling up the DagBag from /home/airflow/.local/lib/python3.8/site-packages/airflow/example_dags/example_branch_labels.py
[2024-03-09T10:32:06.642+0000] {processor.py:840} INFO - DAG(s) 'example_branch_labels' retrieved from /home/airflow/.local/lib/python3.8/site-packages/airflow/example_dags/example_branch_labels.py
[2024-03-09T10:32:06.666+0000] {logging_mixin.py:188} INFO - [2024-03-09T10:32:06.665+0000] {dag.py:3047} INFO - Sync 1 DAGs
[2024-03-09T10:32:06.691+0000] {logging_mixin.py:188} INFO - [2024-03-09T10:32:06.690+0000] {dag.py:3834} INFO - Setting next_dagrun for example_branch_labels to 2024-03-08 00:00:00+00:00, run_after=2024-03-09 00:00:00+00:00
[2024-03-09T10:32:06.719+0000] {processor.py:183} INFO - Processing /home/airflow/.local/lib/python3.8/site-packages/airflow/example_dags/example_branch_labels.py took 0.090 seconds
[2024-03-09T10:32:37.367+0000] {processor.py:161} INFO - Started process (PID=279) to work on /home/airflow/.local/lib/python3.8/site-packages/airflow/example_dags/example_branch_labels.py
[2024-03-09T10:32:37.369+0000] {processor.py:830} INFO - Processing file /home/airflow/.local/lib/python3.8/site-packages/airflow/example_dags/example_branch_labels.py for tasks to queue
[2024-03-09T10:32:37.371+0000] {logging_mixin.py:188} INFO - [2024-03-09T10:32:37.371+0000] {dagbag.py:540} INFO - Filling up the DagBag from /home/airflow/.local/lib/python3.8/site-packages/airflow/example_dags/example_branch_labels.py
[2024-03-09T10:32:37.380+0000] {processor.py:840} INFO - DAG(s) 'example_branch_labels' retrieved from /home/airflow/.local/lib/python3.8/site-packages/airflow/example_dags/example_branch_labels.py
[2024-03-09T10:32:37.405+0000] {logging_mixin.py:188} INFO - [2024-03-09T10:32:37.404+0000] {dag.py:3047} INFO - Sync 1 DAGs
[2024-03-09T10:32:37.433+0000] {logging_mixin.py:188} INFO - [2024-03-09T10:32:37.433+0000] {dag.py:3834} INFO - Setting next_dagrun for example_branch_labels to 2024-03-08 00:00:00+00:00, run_after=2024-03-09 00:00:00+00:00
[2024-03-09T10:32:37.462+0000] {processor.py:183} INFO - Processing /home/airflow/.local/lib/python3.8/site-packages/airflow/example_dags/example_branch_labels.py took 0.098 seconds
[2024-03-09T10:33:07.693+0000] {processor.py:161} INFO - Started process (PID=334) to work on /home/airflow/.local/lib/python3.8/site-packages/airflow/example_dags/example_branch_labels.py
[2024-03-09T10:33:07.694+0000] {processor.py:830} INFO - Processing file /home/airflow/.local/lib/python3.8/site-packages/airflow/example_dags/example_branch_labels.py for tasks to queue
[2024-03-09T10:33:07.697+0000] {logging_mixin.py:188} INFO - [2024-03-09T10:33:07.697+0000] {dagbag.py:540} INFO - Filling up the DagBag from /home/airflow/.local/lib/python3.8/site-packages/airflow/example_dags/example_branch_labels.py
[2024-03-09T10:33:07.705+0000] {processor.py:840} INFO - DAG(s) 'example_branch_labels' retrieved from /home/airflow/.local/lib/python3.8/site-packages/airflow/example_dags/example_branch_labels.py
[2024-03-09T10:33:07.732+0000] {logging_mixin.py:188} INFO - [2024-03-09T10:33:07.732+0000] {dag.py:3047} INFO - Sync 1 DAGs
[2024-03-09T10:33:07.765+0000] {logging_mixin.py:188} INFO - [2024-03-09T10:33:07.765+0000] {dag.py:3834} INFO - Setting next_dagrun for example_branch_labels to 2024-03-08 00:00:00+00:00, run_after=2024-03-09 00:00:00+00:00
[2024-03-09T10:33:07.790+0000] {processor.py:183} INFO - Processing /home/airflow/.local/lib/python3.8/site-packages/airflow/example_dags/example_branch_labels.py took 0.100 seconds
[2024-03-09T10:33:38.155+0000] {processor.py:161} INFO - Started process (PID=389) to work on /home/airflow/.local/lib/python3.8/site-packages/airflow/example_dags/example_branch_labels.py
[2024-03-09T10:33:38.157+0000] {processor.py:830} INFO - Processing file /home/airflow/.local/lib/python3.8/site-packages/airflow/example_dags/example_branch_labels.py for tasks to queue
[2024-03-09T10:33:38.159+0000] {logging_mixin.py:188} INFO - [2024-03-09T10:33:38.159+0000] {dagbag.py:540} INFO - Filling up the DagBag from /home/airflow/.local/lib/python3.8/site-packages/airflow/example_dags/example_branch_labels.py
[2024-03-09T10:33:38.168+0000] {processor.py:840} INFO - DAG(s) 'example_branch_labels' retrieved from /home/airflow/.local/lib/python3.8/site-packages/airflow/example_dags/example_branch_labels.py
[2024-03-09T10:33:38.190+0000] {logging_mixin.py:188} INFO - [2024-03-09T10:33:38.190+0000] {dag.py:3047} INFO - Sync 1 DAGs
[2024-03-09T10:33:38.216+0000] {logging_mixin.py:188} INFO - [2024-03-09T10:33:38.216+0000] {dag.py:3834} INFO - Setting next_dagrun for example_branch_labels to 2024-03-08 00:00:00+00:00, run_after=2024-03-09 00:00:00+00:00
[2024-03-09T10:33:38.240+0000] {processor.py:183} INFO - Processing /home/airflow/.local/lib/python3.8/site-packages/airflow/example_dags/example_branch_labels.py took 0.088 seconds
[2024-03-09T10:34:08.546+0000] {processor.py:161} INFO - Started process (PID=444) to work on /home/airflow/.local/lib/python3.8/site-packages/airflow/example_dags/example_branch_labels.py
[2024-03-09T10:34:08.548+0000] {processor.py:830} INFO - Processing file /home/airflow/.local/lib/python3.8/site-packages/airflow/example_dags/example_branch_labels.py for tasks to queue
[2024-03-09T10:34:08.551+0000] {logging_mixin.py:188} INFO - [2024-03-09T10:34:08.550+0000] {dagbag.py:540} INFO - Filling up the DagBag from /home/airflow/.local/lib/python3.8/site-packages/airflow/example_dags/example_branch_labels.py
[2024-03-09T10:34:08.562+0000] {processor.py:840} INFO - DAG(s) 'example_branch_labels' retrieved from /home/airflow/.local/lib/python3.8/site-packages/airflow/example_dags/example_branch_labels.py
[2024-03-09T10:34:08.592+0000] {logging_mixin.py:188} INFO - [2024-03-09T10:34:08.591+0000] {dag.py:3047} INFO - Sync 1 DAGs
[2024-03-09T10:34:08.622+0000] {logging_mixin.py:188} INFO - [2024-03-09T10:34:08.622+0000] {dag.py:3834} INFO - Setting next_dagrun for example_branch_labels to 2024-03-08 00:00:00+00:00, run_after=2024-03-09 00:00:00+00:00
[2024-03-09T10:34:08.651+0000] {processor.py:183} INFO - Processing /home/airflow/.local/lib/python3.8/site-packages/airflow/example_dags/example_branch_labels.py took 0.109 seconds
[2024-03-09T10:34:38.990+0000] {processor.py:161} INFO - Started process (PID=499) to work on /home/airflow/.local/lib/python3.8/site-packages/airflow/example_dags/example_branch_labels.py
[2024-03-09T10:34:38.991+0000] {processor.py:830} INFO - Processing file /home/airflow/.local/lib/python3.8/site-packages/airflow/example_dags/example_branch_labels.py for tasks to queue
[2024-03-09T10:34:38.993+0000] {logging_mixin.py:188} INFO - [2024-03-09T10:34:38.993+0000] {dagbag.py:540} INFO - Filling up the DagBag from /home/airflow/.local/lib/python3.8/site-packages/airflow/example_dags/example_branch_labels.py
[2024-03-09T10:34:39.000+0000] {processor.py:840} INFO - DAG(s) 'example_branch_labels' retrieved from /home/airflow/.local/lib/python3.8/site-packages/airflow/example_dags/example_branch_labels.py
[2024-03-09T10:34:39.027+0000] {logging_mixin.py:188} INFO - [2024-03-09T10:34:39.027+0000] {dag.py:3047} INFO - Sync 1 DAGs
[2024-03-09T10:34:39.053+0000] {logging_mixin.py:188} INFO - [2024-03-09T10:34:39.052+0000] {dag.py:3834} INFO - Setting next_dagrun for example_branch_labels to 2024-03-08 00:00:00+00:00, run_after=2024-03-09 00:00:00+00:00
[2024-03-09T10:34:39.083+0000] {processor.py:183} INFO - Processing /home/airflow/.local/lib/python3.8/site-packages/airflow/example_dags/example_branch_labels.py took 0.096 seconds
[2024-03-09T10:35:09.347+0000] {processor.py:161} INFO - Started process (PID=554) to work on /home/airflow/.local/lib/python3.8/site-packages/airflow/example_dags/example_branch_labels.py
[2024-03-09T10:35:09.348+0000] {processor.py:830} INFO - Processing file /home/airflow/.local/lib/python3.8/site-packages/airflow/example_dags/example_branch_labels.py for tasks to queue
[2024-03-09T10:35:09.351+0000] {logging_mixin.py:188} INFO - [2024-03-09T10:35:09.350+0000] {dagbag.py:540} INFO - Filling up the DagBag from /home/airflow/.local/lib/python3.8/site-packages/airflow/example_dags/example_branch_labels.py
[2024-03-09T10:35:09.364+0000] {processor.py:840} INFO - DAG(s) 'example_branch_labels' retrieved from /home/airflow/.local/lib/python3.8/site-packages/airflow/example_dags/example_branch_labels.py
[2024-03-09T10:35:09.387+0000] {logging_mixin.py:188} INFO - [2024-03-09T10:35:09.386+0000] {dag.py:3047} INFO - Sync 1 DAGs
[2024-03-09T10:35:09.413+0000] {logging_mixin.py:188} INFO - [2024-03-09T10:35:09.413+0000] {dag.py:3834} INFO - Setting next_dagrun for example_branch_labels to 2024-03-08 00:00:00+00:00, run_after=2024-03-09 00:00:00+00:00
[2024-03-09T10:35:09.440+0000] {processor.py:183} INFO - Processing /home/airflow/.local/lib/python3.8/site-packages/airflow/example_dags/example_branch_labels.py took 0.096 seconds
[2024-03-09T10:35:39.778+0000] {processor.py:161} INFO - Started process (PID=609) to work on /home/airflow/.local/lib/python3.8/site-packages/airflow/example_dags/example_branch_labels.py
[2024-03-09T10:35:39.779+0000] {processor.py:830} INFO - Processing file /home/airflow/.local/lib/python3.8/site-packages/airflow/example_dags/example_branch_labels.py for tasks to queue
[2024-03-09T10:35:39.781+0000] {logging_mixin.py:188} INFO - [2024-03-09T10:35:39.781+0000] {dagbag.py:540} INFO - Filling up the DagBag from /home/airflow/.local/lib/python3.8/site-packages/airflow/example_dags/example_branch_labels.py
[2024-03-09T10:35:39.789+0000] {processor.py:840} INFO - DAG(s) 'example_branch_labels' retrieved from /home/airflow/.local/lib/python3.8/site-packages/airflow/example_dags/example_branch_labels.py
[2024-03-09T10:35:39.819+0000] {logging_mixin.py:188} INFO - [2024-03-09T10:35:39.819+0000] {dag.py:3047} INFO - Sync 1 DAGs
[2024-03-09T10:35:39.854+0000] {logging_mixin.py:188} INFO - [2024-03-09T10:35:39.854+0000] {dag.py:3834} INFO - Setting next_dagrun for example_branch_labels to 2024-03-08 00:00:00+00:00, run_after=2024-03-09 00:00:00+00:00
[2024-03-09T10:35:39.889+0000] {processor.py:183} INFO - Processing /home/airflow/.local/lib/python3.8/site-packages/airflow/example_dags/example_branch_labels.py took 0.114 seconds
[2024-03-09T10:36:10.893+0000] {processor.py:161} INFO - Started process (PID=664) to work on /home/airflow/.local/lib/python3.8/site-packages/airflow/example_dags/example_branch_labels.py
[2024-03-09T10:36:10.895+0000] {processor.py:830} INFO - Processing file /home/airflow/.local/lib/python3.8/site-packages/airflow/example_dags/example_branch_labels.py for tasks to queue
[2024-03-09T10:36:10.897+0000] {logging_mixin.py:188} INFO - [2024-03-09T10:36:10.897+0000] {dagbag.py:540} INFO - Filling up the DagBag from /home/airflow/.local/lib/python3.8/site-packages/airflow/example_dags/example_branch_labels.py
[2024-03-09T10:36:10.909+0000] {processor.py:840} INFO - DAG(s) 'example_branch_labels' retrieved from /home/airflow/.local/lib/python3.8/site-packages/airflow/example_dags/example_branch_labels.py
[2024-03-09T10:36:10.937+0000] {logging_mixin.py:188} INFO - [2024-03-09T10:36:10.937+0000] {dag.py:3047} INFO - Sync 1 DAGs
[2024-03-09T10:36:10.964+0000] {logging_mixin.py:188} INFO - [2024-03-09T10:36:10.964+0000] {dag.py:3834} INFO - Setting next_dagrun for example_branch_labels to 2024-03-08 00:00:00+00:00, run_after=2024-03-09 00:00:00+00:00
[2024-03-09T10:36:10.991+0000] {processor.py:183} INFO - Processing /home/airflow/.local/lib/python3.8/site-packages/airflow/example_dags/example_branch_labels.py took 0.102 seconds
[2024-03-09T10:36:41.278+0000] {processor.py:161} INFO - Started process (PID=719) to work on /home/airflow/.local/lib/python3.8/site-packages/airflow/example_dags/example_branch_labels.py
[2024-03-09T10:36:41.279+0000] {processor.py:830} INFO - Processing file /home/airflow/.local/lib/python3.8/site-packages/airflow/example_dags/example_branch_labels.py for tasks to queue
[2024-03-09T10:36:41.282+0000] {logging_mixin.py:188} INFO - [2024-03-09T10:36:41.281+0000] {dagbag.py:540} INFO - Filling up the DagBag from /home/airflow/.local/lib/python3.8/site-packages/airflow/example_dags/example_branch_labels.py
[2024-03-09T10:36:41.292+0000] {processor.py:840} INFO - DAG(s) 'example_branch_labels' retrieved from /home/airflow/.local/lib/python3.8/site-packages/airflow/example_dags/example_branch_labels.py
[2024-03-09T10:36:41.321+0000] {logging_mixin.py:188} INFO - [2024-03-09T10:36:41.321+0000] {dag.py:3047} INFO - Sync 1 DAGs
[2024-03-09T10:36:41.346+0000] {logging_mixin.py:188} INFO - [2024-03-09T10:36:41.346+0000] {dag.py:3834} INFO - Setting next_dagrun for example_branch_labels to 2024-03-08 00:00:00+00:00, run_after=2024-03-09 00:00:00+00:00
[2024-03-09T10:36:41.373+0000] {processor.py:183} INFO - Processing /home/airflow/.local/lib/python3.8/site-packages/airflow/example_dags/example_branch_labels.py took 0.099 seconds
[2024-03-09T10:37:12.122+0000] {processor.py:161} INFO - Started process (PID=774) to work on /home/airflow/.local/lib/python3.8/site-packages/airflow/example_dags/example_branch_labels.py
[2024-03-09T10:37:12.123+0000] {processor.py:830} INFO - Processing file /home/airflow/.local/lib/python3.8/site-packages/airflow/example_dags/example_branch_labels.py for tasks to queue
[2024-03-09T10:37:12.125+0000] {logging_mixin.py:188} INFO - [2024-03-09T10:37:12.125+0000] {dagbag.py:540} INFO - Filling up the DagBag from /home/airflow/.local/lib/python3.8/site-packages/airflow/example_dags/example_branch_labels.py
[2024-03-09T10:37:12.134+0000] {processor.py:840} INFO - DAG(s) 'example_branch_labels' retrieved from /home/airflow/.local/lib/python3.8/site-packages/airflow/example_dags/example_branch_labels.py
[2024-03-09T10:37:12.161+0000] {logging_mixin.py:188} INFO - [2024-03-09T10:37:12.161+0000] {dag.py:3047} INFO - Sync 1 DAGs
[2024-03-09T10:37:12.193+0000] {logging_mixin.py:188} INFO - [2024-03-09T10:37:12.192+0000] {dag.py:3834} INFO - Setting next_dagrun for example_branch_labels to 2024-03-08 00:00:00+00:00, run_after=2024-03-09 00:00:00+00:00
[2024-03-09T10:37:12.220+0000] {processor.py:183} INFO - Processing /home/airflow/.local/lib/python3.8/site-packages/airflow/example_dags/example_branch_labels.py took 0.101 seconds
[2024-03-09T10:37:42.559+0000] {processor.py:161} INFO - Started process (PID=829) to work on /home/airflow/.local/lib/python3.8/site-packages/airflow/example_dags/example_branch_labels.py
[2024-03-09T10:37:42.560+0000] {processor.py:830} INFO - Processing file /home/airflow/.local/lib/python3.8/site-packages/airflow/example_dags/example_branch_labels.py for tasks to queue
[2024-03-09T10:37:42.562+0000] {logging_mixin.py:188} INFO - [2024-03-09T10:37:42.562+0000] {dagbag.py:540} INFO - Filling up the DagBag from /home/airflow/.local/lib/python3.8/site-packages/airflow/example_dags/example_branch_labels.py
[2024-03-09T10:37:42.571+0000] {processor.py:840} INFO - DAG(s) 'example_branch_labels' retrieved from /home/airflow/.local/lib/python3.8/site-packages/airflow/example_dags/example_branch_labels.py
[2024-03-09T10:37:42.596+0000] {logging_mixin.py:188} INFO - [2024-03-09T10:37:42.595+0000] {dag.py:3047} INFO - Sync 1 DAGs
[2024-03-09T10:37:42.626+0000] {logging_mixin.py:188} INFO - [2024-03-09T10:37:42.625+0000] {dag.py:3834} INFO - Setting next_dagrun for example_branch_labels to 2024-03-08 00:00:00+00:00, run_after=2024-03-09 00:00:00+00:00
[2024-03-09T10:37:42.650+0000] {processor.py:183} INFO - Processing /home/airflow/.local/lib/python3.8/site-packages/airflow/example_dags/example_branch_labels.py took 0.094 seconds
[2024-03-09T10:38:13.160+0000] {processor.py:161} INFO - Started process (PID=884) to work on /home/airflow/.local/lib/python3.8/site-packages/airflow/example_dags/example_branch_labels.py
[2024-03-09T10:38:13.162+0000] {processor.py:830} INFO - Processing file /home/airflow/.local/lib/python3.8/site-packages/airflow/example_dags/example_branch_labels.py for tasks to queue
[2024-03-09T10:38:13.164+0000] {logging_mixin.py:188} INFO - [2024-03-09T10:38:13.164+0000] {dagbag.py:540} INFO - Filling up the DagBag from /home/airflow/.local/lib/python3.8/site-packages/airflow/example_dags/example_branch_labels.py
[2024-03-09T10:38:13.172+0000] {processor.py:840} INFO - DAG(s) 'example_branch_labels' retrieved from /home/airflow/.local/lib/python3.8/site-packages/airflow/example_dags/example_branch_labels.py
[2024-03-09T10:38:13.198+0000] {logging_mixin.py:188} INFO - [2024-03-09T10:38:13.198+0000] {dag.py:3047} INFO - Sync 1 DAGs
[2024-03-09T10:38:13.230+0000] {logging_mixin.py:188} INFO - [2024-03-09T10:38:13.230+0000] {dag.py:3834} INFO - Setting next_dagrun for example_branch_labels to 2024-03-08 00:00:00+00:00, run_after=2024-03-09 00:00:00+00:00
[2024-03-09T10:38:13.254+0000] {processor.py:183} INFO - Processing /home/airflow/.local/lib/python3.8/site-packages/airflow/example_dags/example_branch_labels.py took 0.097 seconds
[2024-03-09T10:38:43.626+0000] {processor.py:161} INFO - Started process (PID=939) to work on /home/airflow/.local/lib/python3.8/site-packages/airflow/example_dags/example_branch_labels.py
[2024-03-09T10:38:43.627+0000] {processor.py:830} INFO - Processing file /home/airflow/.local/lib/python3.8/site-packages/airflow/example_dags/example_branch_labels.py for tasks to queue
[2024-03-09T10:38:43.629+0000] {logging_mixin.py:188} INFO - [2024-03-09T10:38:43.629+0000] {dagbag.py:540} INFO - Filling up the DagBag from /home/airflow/.local/lib/python3.8/site-packages/airflow/example_dags/example_branch_labels.py
[2024-03-09T10:38:43.638+0000] {processor.py:840} INFO - DAG(s) 'example_branch_labels' retrieved from /home/airflow/.local/lib/python3.8/site-packages/airflow/example_dags/example_branch_labels.py
[2024-03-09T10:38:43.673+0000] {logging_mixin.py:188} INFO - [2024-03-09T10:38:43.672+0000] {dag.py:3047} INFO - Sync 1 DAGs
[2024-03-09T10:38:43.708+0000] {logging_mixin.py:188} INFO - [2024-03-09T10:38:43.707+0000] {dag.py:3834} INFO - Setting next_dagrun for example_branch_labels to 2024-03-08 00:00:00+00:00, run_after=2024-03-09 00:00:00+00:00
[2024-03-09T10:38:43.740+0000] {processor.py:183} INFO - Processing /home/airflow/.local/lib/python3.8/site-packages/airflow/example_dags/example_branch_labels.py took 0.117 seconds
[2024-03-09T10:39:14.804+0000] {processor.py:161} INFO - Started process (PID=994) to work on /home/airflow/.local/lib/python3.8/site-packages/airflow/example_dags/example_branch_labels.py
[2024-03-09T10:39:14.807+0000] {processor.py:830} INFO - Processing file /home/airflow/.local/lib/python3.8/site-packages/airflow/example_dags/example_branch_labels.py for tasks to queue
[2024-03-09T10:39:14.812+0000] {logging_mixin.py:188} INFO - [2024-03-09T10:39:14.811+0000] {dagbag.py:540} INFO - Filling up the DagBag from /home/airflow/.local/lib/python3.8/site-packages/airflow/example_dags/example_branch_labels.py
[2024-03-09T10:39:14.844+0000] {processor.py:840} INFO - DAG(s) 'example_branch_labels' retrieved from /home/airflow/.local/lib/python3.8/site-packages/airflow/example_dags/example_branch_labels.py
[2024-03-09T10:39:14.896+0000] {logging_mixin.py:188} INFO - [2024-03-09T10:39:14.895+0000] {dag.py:3047} INFO - Sync 1 DAGs
[2024-03-09T10:39:14.944+0000] {logging_mixin.py:188} INFO - [2024-03-09T10:39:14.944+0000] {dag.py:3834} INFO - Setting next_dagrun for example_branch_labels to 2024-03-08 00:00:00+00:00, run_after=2024-03-09 00:00:00+00:00
[2024-03-09T10:39:14.979+0000] {processor.py:183} INFO - Processing /home/airflow/.local/lib/python3.8/site-packages/airflow/example_dags/example_branch_labels.py took 0.178 seconds
[2024-03-09T10:39:45.026+0000] {processor.py:161} INFO - Started process (PID=1049) to work on /home/airflow/.local/lib/python3.8/site-packages/airflow/example_dags/example_branch_labels.py
[2024-03-09T10:39:45.027+0000] {processor.py:830} INFO - Processing file /home/airflow/.local/lib/python3.8/site-packages/airflow/example_dags/example_branch_labels.py for tasks to queue
[2024-03-09T10:39:45.029+0000] {logging_mixin.py:188} INFO - [2024-03-09T10:39:45.028+0000] {dagbag.py:540} INFO - Filling up the DagBag from /home/airflow/.local/lib/python3.8/site-packages/airflow/example_dags/example_branch_labels.py
[2024-03-09T10:39:45.037+0000] {processor.py:840} INFO - DAG(s) 'example_branch_labels' retrieved from /home/airflow/.local/lib/python3.8/site-packages/airflow/example_dags/example_branch_labels.py
[2024-03-09T10:39:45.060+0000] {logging_mixin.py:188} INFO - [2024-03-09T10:39:45.060+0000] {dag.py:3047} INFO - Sync 1 DAGs
[2024-03-09T10:39:45.084+0000] {logging_mixin.py:188} INFO - [2024-03-09T10:39:45.083+0000] {dag.py:3834} INFO - Setting next_dagrun for example_branch_labels to 2024-03-08 00:00:00+00:00, run_after=2024-03-09 00:00:00+00:00
[2024-03-09T10:39:45.163+0000] {processor.py:183} INFO - Processing /home/airflow/.local/lib/python3.8/site-packages/airflow/example_dags/example_branch_labels.py took 0.141 seconds
[2024-03-09T10:40:15.296+0000] {processor.py:161} INFO - Started process (PID=1103) to work on /home/airflow/.local/lib/python3.8/site-packages/airflow/example_dags/example_branch_labels.py
[2024-03-09T10:40:15.297+0000] {processor.py:830} INFO - Processing file /home/airflow/.local/lib/python3.8/site-packages/airflow/example_dags/example_branch_labels.py for tasks to queue
[2024-03-09T10:40:15.299+0000] {logging_mixin.py:188} INFO - [2024-03-09T10:40:15.298+0000] {dagbag.py:540} INFO - Filling up the DagBag from /home/airflow/.local/lib/python3.8/site-packages/airflow/example_dags/example_branch_labels.py
[2024-03-09T10:40:15.306+0000] {processor.py:840} INFO - DAG(s) 'example_branch_labels' retrieved from /home/airflow/.local/lib/python3.8/site-packages/airflow/example_dags/example_branch_labels.py
[2024-03-09T10:40:15.328+0000] {logging_mixin.py:188} INFO - [2024-03-09T10:40:15.327+0000] {dag.py:3047} INFO - Sync 1 DAGs
[2024-03-09T10:40:15.352+0000] {logging_mixin.py:188} INFO - [2024-03-09T10:40:15.352+0000] {dag.py:3834} INFO - Setting next_dagrun for example_branch_labels to 2024-03-08 00:00:00+00:00, run_after=2024-03-09 00:00:00+00:00
[2024-03-09T10:40:15.381+0000] {processor.py:183} INFO - Processing /home/airflow/.local/lib/python3.8/site-packages/airflow/example_dags/example_branch_labels.py took 0.088 seconds
[2024-03-09T10:40:45.873+0000] {processor.py:161} INFO - Started process (PID=1158) to work on /home/airflow/.local/lib/python3.8/site-packages/airflow/example_dags/example_branch_labels.py
[2024-03-09T10:40:45.874+0000] {processor.py:830} INFO - Processing file /home/airflow/.local/lib/python3.8/site-packages/airflow/example_dags/example_branch_labels.py for tasks to queue
[2024-03-09T10:40:45.876+0000] {logging_mixin.py:188} INFO - [2024-03-09T10:40:45.875+0000] {dagbag.py:540} INFO - Filling up the DagBag from /home/airflow/.local/lib/python3.8/site-packages/airflow/example_dags/example_branch_labels.py
[2024-03-09T10:40:45.884+0000] {processor.py:840} INFO - DAG(s) 'example_branch_labels' retrieved from /home/airflow/.local/lib/python3.8/site-packages/airflow/example_dags/example_branch_labels.py
[2024-03-09T10:40:45.907+0000] {logging_mixin.py:188} INFO - [2024-03-09T10:40:45.907+0000] {dag.py:3047} INFO - Sync 1 DAGs
[2024-03-09T10:40:45.935+0000] {logging_mixin.py:188} INFO - [2024-03-09T10:40:45.935+0000] {dag.py:3834} INFO - Setting next_dagrun for example_branch_labels to 2024-03-08 00:00:00+00:00, run_after=2024-03-09 00:00:00+00:00
[2024-03-09T10:40:45.961+0000] {processor.py:183} INFO - Processing /home/airflow/.local/lib/python3.8/site-packages/airflow/example_dags/example_branch_labels.py took 0.091 seconds
[2024-03-09T10:41:16.022+0000] {processor.py:161} INFO - Started process (PID=1213) to work on /home/airflow/.local/lib/python3.8/site-packages/airflow/example_dags/example_branch_labels.py
[2024-03-09T10:41:16.023+0000] {processor.py:830} INFO - Processing file /home/airflow/.local/lib/python3.8/site-packages/airflow/example_dags/example_branch_labels.py for tasks to queue
[2024-03-09T10:41:16.025+0000] {logging_mixin.py:188} INFO - [2024-03-09T10:41:16.025+0000] {dagbag.py:540} INFO - Filling up the DagBag from /home/airflow/.local/lib/python3.8/site-packages/airflow/example_dags/example_branch_labels.py
[2024-03-09T10:41:16.033+0000] {processor.py:840} INFO - DAG(s) 'example_branch_labels' retrieved from /home/airflow/.local/lib/python3.8/site-packages/airflow/example_dags/example_branch_labels.py
[2024-03-09T10:41:16.054+0000] {logging_mixin.py:188} INFO - [2024-03-09T10:41:16.054+0000] {dag.py:3047} INFO - Sync 1 DAGs
[2024-03-09T10:41:16.078+0000] {logging_mixin.py:188} INFO - [2024-03-09T10:41:16.078+0000] {dag.py:3834} INFO - Setting next_dagrun for example_branch_labels to 2024-03-08 00:00:00+00:00, run_after=2024-03-09 00:00:00+00:00
[2024-03-09T10:41:16.112+0000] {processor.py:183} INFO - Processing /home/airflow/.local/lib/python3.8/site-packages/airflow/example_dags/example_branch_labels.py took 0.093 seconds
[2024-03-09T10:41:46.248+0000] {processor.py:161} INFO - Started process (PID=1268) to work on /home/airflow/.local/lib/python3.8/site-packages/airflow/example_dags/example_branch_labels.py
[2024-03-09T10:41:46.249+0000] {processor.py:830} INFO - Processing file /home/airflow/.local/lib/python3.8/site-packages/airflow/example_dags/example_branch_labels.py for tasks to queue
[2024-03-09T10:41:46.251+0000] {logging_mixin.py:188} INFO - [2024-03-09T10:41:46.251+0000] {dagbag.py:540} INFO - Filling up the DagBag from /home/airflow/.local/lib/python3.8/site-packages/airflow/example_dags/example_branch_labels.py
[2024-03-09T10:41:46.261+0000] {processor.py:840} INFO - DAG(s) 'example_branch_labels' retrieved from /home/airflow/.local/lib/python3.8/site-packages/airflow/example_dags/example_branch_labels.py
[2024-03-09T10:41:46.286+0000] {logging_mixin.py:188} INFO - [2024-03-09T10:41:46.286+0000] {dag.py:3047} INFO - Sync 1 DAGs
[2024-03-09T10:41:46.316+0000] {logging_mixin.py:188} INFO - [2024-03-09T10:41:46.316+0000] {dag.py:3834} INFO - Setting next_dagrun for example_branch_labels to 2024-03-08 00:00:00+00:00, run_after=2024-03-09 00:00:00+00:00
[2024-03-09T10:41:46.342+0000] {processor.py:183} INFO - Processing /home/airflow/.local/lib/python3.8/site-packages/airflow/example_dags/example_branch_labels.py took 0.097 seconds
[2024-03-09T10:42:16.449+0000] {processor.py:161} INFO - Started process (PID=1323) to work on /home/airflow/.local/lib/python3.8/site-packages/airflow/example_dags/example_branch_labels.py
[2024-03-09T10:42:16.451+0000] {processor.py:830} INFO - Processing file /home/airflow/.local/lib/python3.8/site-packages/airflow/example_dags/example_branch_labels.py for tasks to queue
[2024-03-09T10:42:16.453+0000] {logging_mixin.py:188} INFO - [2024-03-09T10:42:16.453+0000] {dagbag.py:540} INFO - Filling up the DagBag from /home/airflow/.local/lib/python3.8/site-packages/airflow/example_dags/example_branch_labels.py
[2024-03-09T10:42:16.460+0000] {processor.py:840} INFO - DAG(s) 'example_branch_labels' retrieved from /home/airflow/.local/lib/python3.8/site-packages/airflow/example_dags/example_branch_labels.py
[2024-03-09T10:42:16.485+0000] {logging_mixin.py:188} INFO - [2024-03-09T10:42:16.484+0000] {dag.py:3047} INFO - Sync 1 DAGs
[2024-03-09T10:42:16.511+0000] {logging_mixin.py:188} INFO - [2024-03-09T10:42:16.511+0000] {dag.py:3834} INFO - Setting next_dagrun for example_branch_labels to 2024-03-08 00:00:00+00:00, run_after=2024-03-09 00:00:00+00:00
[2024-03-09T10:42:16.539+0000] {processor.py:183} INFO - Processing /home/airflow/.local/lib/python3.8/site-packages/airflow/example_dags/example_branch_labels.py took 0.094 seconds
[2024-03-09T10:42:46.932+0000] {processor.py:161} INFO - Started process (PID=1378) to work on /home/airflow/.local/lib/python3.8/site-packages/airflow/example_dags/example_branch_labels.py
[2024-03-09T10:42:46.933+0000] {processor.py:830} INFO - Processing file /home/airflow/.local/lib/python3.8/site-packages/airflow/example_dags/example_branch_labels.py for tasks to queue
[2024-03-09T10:42:46.935+0000] {logging_mixin.py:188} INFO - [2024-03-09T10:42:46.935+0000] {dagbag.py:540} INFO - Filling up the DagBag from /home/airflow/.local/lib/python3.8/site-packages/airflow/example_dags/example_branch_labels.py
[2024-03-09T10:42:46.943+0000] {processor.py:840} INFO - DAG(s) 'example_branch_labels' retrieved from /home/airflow/.local/lib/python3.8/site-packages/airflow/example_dags/example_branch_labels.py
[2024-03-09T10:42:46.969+0000] {logging_mixin.py:188} INFO - [2024-03-09T10:42:46.969+0000] {dag.py:3047} INFO - Sync 1 DAGs
[2024-03-09T10:42:47.007+0000] {logging_mixin.py:188} INFO - [2024-03-09T10:42:47.007+0000] {dag.py:3834} INFO - Setting next_dagrun for example_branch_labels to 2024-03-08 00:00:00+00:00, run_after=2024-03-09 00:00:00+00:00
[2024-03-09T10:42:47.042+0000] {processor.py:183} INFO - Processing /home/airflow/.local/lib/python3.8/site-packages/airflow/example_dags/example_branch_labels.py took 0.113 seconds
[2024-03-09T10:43:17.253+0000] {processor.py:161} INFO - Started process (PID=1433) to work on /home/airflow/.local/lib/python3.8/site-packages/airflow/example_dags/example_branch_labels.py
[2024-03-09T10:43:17.256+0000] {processor.py:830} INFO - Processing file /home/airflow/.local/lib/python3.8/site-packages/airflow/example_dags/example_branch_labels.py for tasks to queue
[2024-03-09T10:43:17.259+0000] {logging_mixin.py:188} INFO - [2024-03-09T10:43:17.259+0000] {dagbag.py:540} INFO - Filling up the DagBag from /home/airflow/.local/lib/python3.8/site-packages/airflow/example_dags/example_branch_labels.py
[2024-03-09T10:43:17.281+0000] {processor.py:840} INFO - DAG(s) 'example_branch_labels' retrieved from /home/airflow/.local/lib/python3.8/site-packages/airflow/example_dags/example_branch_labels.py
[2024-03-09T10:43:17.314+0000] {logging_mixin.py:188} INFO - [2024-03-09T10:43:17.314+0000] {dag.py:3047} INFO - Sync 1 DAGs
[2024-03-09T10:43:17.342+0000] {logging_mixin.py:188} INFO - [2024-03-09T10:43:17.342+0000] {dag.py:3834} INFO - Setting next_dagrun for example_branch_labels to 2024-03-08 00:00:00+00:00, run_after=2024-03-09 00:00:00+00:00
[2024-03-09T10:43:17.369+0000] {processor.py:183} INFO - Processing /home/airflow/.local/lib/python3.8/site-packages/airflow/example_dags/example_branch_labels.py took 0.126 seconds
[2024-03-09T10:43:47.518+0000] {processor.py:161} INFO - Started process (PID=1488) to work on /home/airflow/.local/lib/python3.8/site-packages/airflow/example_dags/example_branch_labels.py
[2024-03-09T10:43:47.520+0000] {processor.py:830} INFO - Processing file /home/airflow/.local/lib/python3.8/site-packages/airflow/example_dags/example_branch_labels.py for tasks to queue
[2024-03-09T10:43:47.524+0000] {logging_mixin.py:188} INFO - [2024-03-09T10:43:47.523+0000] {dagbag.py:540} INFO - Filling up the DagBag from /home/airflow/.local/lib/python3.8/site-packages/airflow/example_dags/example_branch_labels.py
[2024-03-09T10:43:47.535+0000] {processor.py:840} INFO - DAG(s) 'example_branch_labels' retrieved from /home/airflow/.local/lib/python3.8/site-packages/airflow/example_dags/example_branch_labels.py
[2024-03-09T10:43:47.562+0000] {logging_mixin.py:188} INFO - [2024-03-09T10:43:47.562+0000] {dag.py:3047} INFO - Sync 1 DAGs
[2024-03-09T10:43:47.595+0000] {logging_mixin.py:188} INFO - [2024-03-09T10:43:47.595+0000] {dag.py:3834} INFO - Setting next_dagrun for example_branch_labels to 2024-03-08 00:00:00+00:00, run_after=2024-03-09 00:00:00+00:00
[2024-03-09T10:43:47.682+0000] {processor.py:183} INFO - Processing /home/airflow/.local/lib/python3.8/site-packages/airflow/example_dags/example_branch_labels.py took 0.168 seconds
[2024-03-09T10:44:18.020+0000] {processor.py:161} INFO - Started process (PID=1543) to work on /home/airflow/.local/lib/python3.8/site-packages/airflow/example_dags/example_branch_labels.py
[2024-03-09T10:44:18.021+0000] {processor.py:830} INFO - Processing file /home/airflow/.local/lib/python3.8/site-packages/airflow/example_dags/example_branch_labels.py for tasks to queue
[2024-03-09T10:44:18.023+0000] {logging_mixin.py:188} INFO - [2024-03-09T10:44:18.023+0000] {dagbag.py:540} INFO - Filling up the DagBag from /home/airflow/.local/lib/python3.8/site-packages/airflow/example_dags/example_branch_labels.py
[2024-03-09T10:44:18.031+0000] {processor.py:840} INFO - DAG(s) 'example_branch_labels' retrieved from /home/airflow/.local/lib/python3.8/site-packages/airflow/example_dags/example_branch_labels.py
[2024-03-09T10:44:18.055+0000] {logging_mixin.py:188} INFO - [2024-03-09T10:44:18.054+0000] {dag.py:3047} INFO - Sync 1 DAGs
[2024-03-09T10:44:18.079+0000] {logging_mixin.py:188} INFO - [2024-03-09T10:44:18.078+0000] {dag.py:3834} INFO - Setting next_dagrun for example_branch_labels to 2024-03-08 00:00:00+00:00, run_after=2024-03-09 00:00:00+00:00
[2024-03-09T10:44:18.109+0000] {processor.py:183} INFO - Processing /home/airflow/.local/lib/python3.8/site-packages/airflow/example_dags/example_branch_labels.py took 0.091 seconds
[2024-03-09T10:44:48.247+0000] {processor.py:161} INFO - Started process (PID=1598) to work on /home/airflow/.local/lib/python3.8/site-packages/airflow/example_dags/example_branch_labels.py
[2024-03-09T10:44:48.248+0000] {processor.py:830} INFO - Processing file /home/airflow/.local/lib/python3.8/site-packages/airflow/example_dags/example_branch_labels.py for tasks to queue
[2024-03-09T10:44:48.251+0000] {logging_mixin.py:188} INFO - [2024-03-09T10:44:48.250+0000] {dagbag.py:540} INFO - Filling up the DagBag from /home/airflow/.local/lib/python3.8/site-packages/airflow/example_dags/example_branch_labels.py
[2024-03-09T10:44:48.271+0000] {processor.py:840} INFO - DAG(s) 'example_branch_labels' retrieved from /home/airflow/.local/lib/python3.8/site-packages/airflow/example_dags/example_branch_labels.py
[2024-03-09T10:44:48.295+0000] {logging_mixin.py:188} INFO - [2024-03-09T10:44:48.295+0000] {dag.py:3047} INFO - Sync 1 DAGs
[2024-03-09T10:44:48.325+0000] {logging_mixin.py:188} INFO - [2024-03-09T10:44:48.325+0000] {dag.py:3834} INFO - Setting next_dagrun for example_branch_labels to 2024-03-08 00:00:00+00:00, run_after=2024-03-09 00:00:00+00:00
[2024-03-09T10:44:48.358+0000] {processor.py:183} INFO - Processing /home/airflow/.local/lib/python3.8/site-packages/airflow/example_dags/example_branch_labels.py took 0.115 seconds
[2024-03-09T10:45:18.555+0000] {processor.py:161} INFO - Started process (PID=1653) to work on /home/airflow/.local/lib/python3.8/site-packages/airflow/example_dags/example_branch_labels.py
[2024-03-09T10:45:18.556+0000] {processor.py:830} INFO - Processing file /home/airflow/.local/lib/python3.8/site-packages/airflow/example_dags/example_branch_labels.py for tasks to queue
[2024-03-09T10:45:18.558+0000] {logging_mixin.py:188} INFO - [2024-03-09T10:45:18.558+0000] {dagbag.py:540} INFO - Filling up the DagBag from /home/airflow/.local/lib/python3.8/site-packages/airflow/example_dags/example_branch_labels.py
[2024-03-09T10:45:18.565+0000] {processor.py:840} INFO - DAG(s) 'example_branch_labels' retrieved from /home/airflow/.local/lib/python3.8/site-packages/airflow/example_dags/example_branch_labels.py
[2024-03-09T10:45:18.585+0000] {logging_mixin.py:188} INFO - [2024-03-09T10:45:18.585+0000] {dag.py:3047} INFO - Sync 1 DAGs
[2024-03-09T10:45:18.611+0000] {logging_mixin.py:188} INFO - [2024-03-09T10:45:18.610+0000] {dag.py:3834} INFO - Setting next_dagrun for example_branch_labels to 2024-03-08 00:00:00+00:00, run_after=2024-03-09 00:00:00+00:00
[2024-03-09T10:45:18.643+0000] {processor.py:183} INFO - Processing /home/airflow/.local/lib/python3.8/site-packages/airflow/example_dags/example_branch_labels.py took 0.091 seconds
[2024-03-09T10:45:48.687+0000] {processor.py:161} INFO - Started process (PID=1708) to work on /home/airflow/.local/lib/python3.8/site-packages/airflow/example_dags/example_branch_labels.py
[2024-03-09T10:45:48.688+0000] {processor.py:830} INFO - Processing file /home/airflow/.local/lib/python3.8/site-packages/airflow/example_dags/example_branch_labels.py for tasks to queue
[2024-03-09T10:45:48.691+0000] {logging_mixin.py:188} INFO - [2024-03-09T10:45:48.690+0000] {dagbag.py:540} INFO - Filling up the DagBag from /home/airflow/.local/lib/python3.8/site-packages/airflow/example_dags/example_branch_labels.py
[2024-03-09T10:45:48.699+0000] {processor.py:840} INFO - DAG(s) 'example_branch_labels' retrieved from /home/airflow/.local/lib/python3.8/site-packages/airflow/example_dags/example_branch_labels.py
[2024-03-09T10:45:48.723+0000] {logging_mixin.py:188} INFO - [2024-03-09T10:45:48.723+0000] {dag.py:3047} INFO - Sync 1 DAGs
[2024-03-09T10:45:48.751+0000] {logging_mixin.py:188} INFO - [2024-03-09T10:45:48.751+0000] {dag.py:3834} INFO - Setting next_dagrun for example_branch_labels to 2024-03-08 00:00:00+00:00, run_after=2024-03-09 00:00:00+00:00
[2024-03-09T10:45:48.788+0000] {processor.py:183} INFO - Processing /home/airflow/.local/lib/python3.8/site-packages/airflow/example_dags/example_branch_labels.py took 0.104 seconds
