[2024-03-09T10:30:31.431+0000] {processor.py:161} INFO - Started process (PID=45) to work on /home/airflow/.local/lib/python3.8/site-packages/airflow/example_dags/example_task_group_decorator.py
[2024-03-09T10:30:31.453+0000] {processor.py:830} INFO - Processing file /home/airflow/.local/lib/python3.8/site-packages/airflow/example_dags/example_task_group_decorator.py for tasks to queue
[2024-03-09T10:30:31.456+0000] {logging_mixin.py:188} INFO - [2024-03-09T10:30:31.455+0000] {dagbag.py:540} INFO - Filling up the DagBag from /home/airflow/.local/lib/python3.8/site-packages/airflow/example_dags/example_task_group_decorator.py
[2024-03-09T10:30:31.642+0000] {processor.py:840} INFO - DAG(s) 'example_task_group_decorator' retrieved from /home/airflow/.local/lib/python3.8/site-packages/airflow/example_dags/example_task_group_decorator.py
[2024-03-09T10:30:32.072+0000] {logging_mixin.py:188} INFO - [2024-03-09T10:30:32.071+0000] {dag.py:3047} INFO - Sync 1 DAGs
[2024-03-09T10:30:32.372+0000] {logging_mixin.py:188} INFO - [2024-03-09T10:30:32.371+0000] {dag.py:3834} INFO - Setting next_dagrun for example_task_group_decorator to 2024-03-08 00:00:00+00:00, run_after=2024-03-09 00:00:00+00:00
[2024-03-09T10:30:32.607+0000] {processor.py:183} INFO - Processing /home/airflow/.local/lib/python3.8/site-packages/airflow/example_dags/example_task_group_decorator.py took 1.185 seconds
[2024-03-09T10:31:02.872+0000] {processor.py:161} INFO - Started process (PID=100) to work on /home/airflow/.local/lib/python3.8/site-packages/airflow/example_dags/example_task_group_decorator.py
[2024-03-09T10:31:02.874+0000] {processor.py:830} INFO - Processing file /home/airflow/.local/lib/python3.8/site-packages/airflow/example_dags/example_task_group_decorator.py for tasks to queue
[2024-03-09T10:31:02.877+0000] {logging_mixin.py:188} INFO - [2024-03-09T10:31:02.876+0000] {dagbag.py:540} INFO - Filling up the DagBag from /home/airflow/.local/lib/python3.8/site-packages/airflow/example_dags/example_task_group_decorator.py
[2024-03-09T10:31:02.905+0000] {processor.py:840} INFO - DAG(s) 'example_task_group_decorator' retrieved from /home/airflow/.local/lib/python3.8/site-packages/airflow/example_dags/example_task_group_decorator.py
[2024-03-09T10:31:02.939+0000] {logging_mixin.py:188} INFO - [2024-03-09T10:31:02.939+0000] {dag.py:3047} INFO - Sync 1 DAGs
[2024-03-09T10:31:02.973+0000] {logging_mixin.py:188} INFO - [2024-03-09T10:31:02.973+0000] {dag.py:3834} INFO - Setting next_dagrun for example_task_group_decorator to 2024-03-08 00:00:00+00:00, run_after=2024-03-09 00:00:00+00:00
[2024-03-09T10:31:03.008+0000] {processor.py:183} INFO - Processing /home/airflow/.local/lib/python3.8/site-packages/airflow/example_dags/example_task_group_decorator.py took 0.141 seconds
[2024-03-09T10:31:33.147+0000] {processor.py:161} INFO - Started process (PID=155) to work on /home/airflow/.local/lib/python3.8/site-packages/airflow/example_dags/example_task_group_decorator.py
[2024-03-09T10:31:33.148+0000] {processor.py:830} INFO - Processing file /home/airflow/.local/lib/python3.8/site-packages/airflow/example_dags/example_task_group_decorator.py for tasks to queue
[2024-03-09T10:31:33.150+0000] {logging_mixin.py:188} INFO - [2024-03-09T10:31:33.150+0000] {dagbag.py:540} INFO - Filling up the DagBag from /home/airflow/.local/lib/python3.8/site-packages/airflow/example_dags/example_task_group_decorator.py
[2024-03-09T10:31:33.166+0000] {processor.py:840} INFO - DAG(s) 'example_task_group_decorator' retrieved from /home/airflow/.local/lib/python3.8/site-packages/airflow/example_dags/example_task_group_decorator.py
[2024-03-09T10:31:33.195+0000] {logging_mixin.py:188} INFO - [2024-03-09T10:31:33.195+0000] {dag.py:3047} INFO - Sync 1 DAGs
[2024-03-09T10:31:33.219+0000] {logging_mixin.py:188} INFO - [2024-03-09T10:31:33.219+0000] {dag.py:3834} INFO - Setting next_dagrun for example_task_group_decorator to 2024-03-08 00:00:00+00:00, run_after=2024-03-09 00:00:00+00:00
[2024-03-09T10:31:33.244+0000] {processor.py:183} INFO - Processing /home/airflow/.local/lib/python3.8/site-packages/airflow/example_dags/example_task_group_decorator.py took 0.100 seconds
[2024-03-09T10:32:03.369+0000] {processor.py:161} INFO - Started process (PID=210) to work on /home/airflow/.local/lib/python3.8/site-packages/airflow/example_dags/example_task_group_decorator.py
[2024-03-09T10:32:03.370+0000] {processor.py:830} INFO - Processing file /home/airflow/.local/lib/python3.8/site-packages/airflow/example_dags/example_task_group_decorator.py for tasks to queue
[2024-03-09T10:32:03.372+0000] {logging_mixin.py:188} INFO - [2024-03-09T10:32:03.372+0000] {dagbag.py:540} INFO - Filling up the DagBag from /home/airflow/.local/lib/python3.8/site-packages/airflow/example_dags/example_task_group_decorator.py
[2024-03-09T10:32:03.390+0000] {processor.py:840} INFO - DAG(s) 'example_task_group_decorator' retrieved from /home/airflow/.local/lib/python3.8/site-packages/airflow/example_dags/example_task_group_decorator.py
[2024-03-09T10:32:03.477+0000] {logging_mixin.py:188} INFO - [2024-03-09T10:32:03.476+0000] {dag.py:3047} INFO - Sync 1 DAGs
[2024-03-09T10:32:03.530+0000] {logging_mixin.py:188} INFO - [2024-03-09T10:32:03.529+0000] {dag.py:3834} INFO - Setting next_dagrun for example_task_group_decorator to 2024-03-08 00:00:00+00:00, run_after=2024-03-09 00:00:00+00:00
[2024-03-09T10:32:03.575+0000] {processor.py:183} INFO - Processing /home/airflow/.local/lib/python3.8/site-packages/airflow/example_dags/example_task_group_decorator.py took 0.208 seconds
[2024-03-09T10:32:34.466+0000] {processor.py:161} INFO - Started process (PID=265) to work on /home/airflow/.local/lib/python3.8/site-packages/airflow/example_dags/example_task_group_decorator.py
[2024-03-09T10:32:34.467+0000] {processor.py:830} INFO - Processing file /home/airflow/.local/lib/python3.8/site-packages/airflow/example_dags/example_task_group_decorator.py for tasks to queue
[2024-03-09T10:32:34.469+0000] {logging_mixin.py:188} INFO - [2024-03-09T10:32:34.469+0000] {dagbag.py:540} INFO - Filling up the DagBag from /home/airflow/.local/lib/python3.8/site-packages/airflow/example_dags/example_task_group_decorator.py
[2024-03-09T10:32:34.485+0000] {processor.py:840} INFO - DAG(s) 'example_task_group_decorator' retrieved from /home/airflow/.local/lib/python3.8/site-packages/airflow/example_dags/example_task_group_decorator.py
[2024-03-09T10:32:34.515+0000] {logging_mixin.py:188} INFO - [2024-03-09T10:32:34.515+0000] {dag.py:3047} INFO - Sync 1 DAGs
[2024-03-09T10:32:34.540+0000] {logging_mixin.py:188} INFO - [2024-03-09T10:32:34.540+0000] {dag.py:3834} INFO - Setting next_dagrun for example_task_group_decorator to 2024-03-08 00:00:00+00:00, run_after=2024-03-09 00:00:00+00:00
[2024-03-09T10:32:34.570+0000] {processor.py:183} INFO - Processing /home/airflow/.local/lib/python3.8/site-packages/airflow/example_dags/example_task_group_decorator.py took 0.107 seconds
[2024-03-09T10:33:04.701+0000] {processor.py:161} INFO - Started process (PID=320) to work on /home/airflow/.local/lib/python3.8/site-packages/airflow/example_dags/example_task_group_decorator.py
[2024-03-09T10:33:04.703+0000] {processor.py:830} INFO - Processing file /home/airflow/.local/lib/python3.8/site-packages/airflow/example_dags/example_task_group_decorator.py for tasks to queue
[2024-03-09T10:33:04.707+0000] {logging_mixin.py:188} INFO - [2024-03-09T10:33:04.706+0000] {dagbag.py:540} INFO - Filling up the DagBag from /home/airflow/.local/lib/python3.8/site-packages/airflow/example_dags/example_task_group_decorator.py
[2024-03-09T10:33:04.724+0000] {processor.py:840} INFO - DAG(s) 'example_task_group_decorator' retrieved from /home/airflow/.local/lib/python3.8/site-packages/airflow/example_dags/example_task_group_decorator.py
[2024-03-09T10:33:04.751+0000] {logging_mixin.py:188} INFO - [2024-03-09T10:33:04.751+0000] {dag.py:3047} INFO - Sync 1 DAGs
[2024-03-09T10:33:04.779+0000] {logging_mixin.py:188} INFO - [2024-03-09T10:33:04.778+0000] {dag.py:3834} INFO - Setting next_dagrun for example_task_group_decorator to 2024-03-08 00:00:00+00:00, run_after=2024-03-09 00:00:00+00:00
[2024-03-09T10:33:04.808+0000] {processor.py:183} INFO - Processing /home/airflow/.local/lib/python3.8/site-packages/airflow/example_dags/example_task_group_decorator.py took 0.110 seconds
[2024-03-09T10:33:34.857+0000] {processor.py:161} INFO - Started process (PID=375) to work on /home/airflow/.local/lib/python3.8/site-packages/airflow/example_dags/example_task_group_decorator.py
[2024-03-09T10:33:34.858+0000] {processor.py:830} INFO - Processing file /home/airflow/.local/lib/python3.8/site-packages/airflow/example_dags/example_task_group_decorator.py for tasks to queue
[2024-03-09T10:33:34.860+0000] {logging_mixin.py:188} INFO - [2024-03-09T10:33:34.860+0000] {dagbag.py:540} INFO - Filling up the DagBag from /home/airflow/.local/lib/python3.8/site-packages/airflow/example_dags/example_task_group_decorator.py
[2024-03-09T10:33:34.875+0000] {processor.py:840} INFO - DAG(s) 'example_task_group_decorator' retrieved from /home/airflow/.local/lib/python3.8/site-packages/airflow/example_dags/example_task_group_decorator.py
[2024-03-09T10:33:34.905+0000] {logging_mixin.py:188} INFO - [2024-03-09T10:33:34.905+0000] {dag.py:3047} INFO - Sync 1 DAGs
[2024-03-09T10:33:34.930+0000] {logging_mixin.py:188} INFO - [2024-03-09T10:33:34.930+0000] {dag.py:3834} INFO - Setting next_dagrun for example_task_group_decorator to 2024-03-08 00:00:00+00:00, run_after=2024-03-09 00:00:00+00:00
[2024-03-09T10:33:34.959+0000] {processor.py:183} INFO - Processing /home/airflow/.local/lib/python3.8/site-packages/airflow/example_dags/example_task_group_decorator.py took 0.105 seconds
[2024-03-09T10:34:05.512+0000] {processor.py:161} INFO - Started process (PID=430) to work on /home/airflow/.local/lib/python3.8/site-packages/airflow/example_dags/example_task_group_decorator.py
[2024-03-09T10:34:05.513+0000] {processor.py:830} INFO - Processing file /home/airflow/.local/lib/python3.8/site-packages/airflow/example_dags/example_task_group_decorator.py for tasks to queue
[2024-03-09T10:34:05.515+0000] {logging_mixin.py:188} INFO - [2024-03-09T10:34:05.515+0000] {dagbag.py:540} INFO - Filling up the DagBag from /home/airflow/.local/lib/python3.8/site-packages/airflow/example_dags/example_task_group_decorator.py
[2024-03-09T10:34:05.531+0000] {processor.py:840} INFO - DAG(s) 'example_task_group_decorator' retrieved from /home/airflow/.local/lib/python3.8/site-packages/airflow/example_dags/example_task_group_decorator.py
[2024-03-09T10:34:05.560+0000] {logging_mixin.py:188} INFO - [2024-03-09T10:34:05.560+0000] {dag.py:3047} INFO - Sync 1 DAGs
[2024-03-09T10:34:05.584+0000] {logging_mixin.py:188} INFO - [2024-03-09T10:34:05.584+0000] {dag.py:3834} INFO - Setting next_dagrun for example_task_group_decorator to 2024-03-08 00:00:00+00:00, run_after=2024-03-09 00:00:00+00:00
[2024-03-09T10:34:05.614+0000] {processor.py:183} INFO - Processing /home/airflow/.local/lib/python3.8/site-packages/airflow/example_dags/example_task_group_decorator.py took 0.105 seconds
[2024-03-09T10:34:35.741+0000] {processor.py:161} INFO - Started process (PID=485) to work on /home/airflow/.local/lib/python3.8/site-packages/airflow/example_dags/example_task_group_decorator.py
[2024-03-09T10:34:35.742+0000] {processor.py:830} INFO - Processing file /home/airflow/.local/lib/python3.8/site-packages/airflow/example_dags/example_task_group_decorator.py for tasks to queue
[2024-03-09T10:34:35.744+0000] {logging_mixin.py:188} INFO - [2024-03-09T10:34:35.744+0000] {dagbag.py:540} INFO - Filling up the DagBag from /home/airflow/.local/lib/python3.8/site-packages/airflow/example_dags/example_task_group_decorator.py
[2024-03-09T10:34:35.764+0000] {processor.py:840} INFO - DAG(s) 'example_task_group_decorator' retrieved from /home/airflow/.local/lib/python3.8/site-packages/airflow/example_dags/example_task_group_decorator.py
[2024-03-09T10:34:35.794+0000] {logging_mixin.py:188} INFO - [2024-03-09T10:34:35.793+0000] {dag.py:3047} INFO - Sync 1 DAGs
[2024-03-09T10:34:35.828+0000] {logging_mixin.py:188} INFO - [2024-03-09T10:34:35.827+0000] {dag.py:3834} INFO - Setting next_dagrun for example_task_group_decorator to 2024-03-08 00:00:00+00:00, run_after=2024-03-09 00:00:00+00:00
[2024-03-09T10:34:35.858+0000] {processor.py:183} INFO - Processing /home/airflow/.local/lib/python3.8/site-packages/airflow/example_dags/example_task_group_decorator.py took 0.121 seconds
[2024-03-09T10:35:06.169+0000] {processor.py:161} INFO - Started process (PID=540) to work on /home/airflow/.local/lib/python3.8/site-packages/airflow/example_dags/example_task_group_decorator.py
[2024-03-09T10:35:06.170+0000] {processor.py:830} INFO - Processing file /home/airflow/.local/lib/python3.8/site-packages/airflow/example_dags/example_task_group_decorator.py for tasks to queue
[2024-03-09T10:35:06.172+0000] {logging_mixin.py:188} INFO - [2024-03-09T10:35:06.172+0000] {dagbag.py:540} INFO - Filling up the DagBag from /home/airflow/.local/lib/python3.8/site-packages/airflow/example_dags/example_task_group_decorator.py
[2024-03-09T10:35:06.188+0000] {processor.py:840} INFO - DAG(s) 'example_task_group_decorator' retrieved from /home/airflow/.local/lib/python3.8/site-packages/airflow/example_dags/example_task_group_decorator.py
[2024-03-09T10:35:06.216+0000] {logging_mixin.py:188} INFO - [2024-03-09T10:35:06.216+0000] {dag.py:3047} INFO - Sync 1 DAGs
[2024-03-09T10:35:06.241+0000] {logging_mixin.py:188} INFO - [2024-03-09T10:35:06.241+0000] {dag.py:3834} INFO - Setting next_dagrun for example_task_group_decorator to 2024-03-08 00:00:00+00:00, run_after=2024-03-09 00:00:00+00:00
[2024-03-09T10:35:06.272+0000] {processor.py:183} INFO - Processing /home/airflow/.local/lib/python3.8/site-packages/airflow/example_dags/example_task_group_decorator.py took 0.106 seconds
[2024-03-09T10:35:36.535+0000] {processor.py:161} INFO - Started process (PID=595) to work on /home/airflow/.local/lib/python3.8/site-packages/airflow/example_dags/example_task_group_decorator.py
[2024-03-09T10:35:36.536+0000] {processor.py:830} INFO - Processing file /home/airflow/.local/lib/python3.8/site-packages/airflow/example_dags/example_task_group_decorator.py for tasks to queue
[2024-03-09T10:35:36.538+0000] {logging_mixin.py:188} INFO - [2024-03-09T10:35:36.538+0000] {dagbag.py:540} INFO - Filling up the DagBag from /home/airflow/.local/lib/python3.8/site-packages/airflow/example_dags/example_task_group_decorator.py
[2024-03-09T10:35:36.552+0000] {processor.py:840} INFO - DAG(s) 'example_task_group_decorator' retrieved from /home/airflow/.local/lib/python3.8/site-packages/airflow/example_dags/example_task_group_decorator.py
[2024-03-09T10:35:36.580+0000] {logging_mixin.py:188} INFO - [2024-03-09T10:35:36.579+0000] {dag.py:3047} INFO - Sync 1 DAGs
[2024-03-09T10:35:36.604+0000] {logging_mixin.py:188} INFO - [2024-03-09T10:35:36.604+0000] {dag.py:3834} INFO - Setting next_dagrun for example_task_group_decorator to 2024-03-08 00:00:00+00:00, run_after=2024-03-09 00:00:00+00:00
[2024-03-09T10:35:36.634+0000] {processor.py:183} INFO - Processing /home/airflow/.local/lib/python3.8/site-packages/airflow/example_dags/example_task_group_decorator.py took 0.102 seconds
[2024-03-09T10:36:06.959+0000] {processor.py:161} INFO - Started process (PID=650) to work on /home/airflow/.local/lib/python3.8/site-packages/airflow/example_dags/example_task_group_decorator.py
[2024-03-09T10:36:06.961+0000] {processor.py:830} INFO - Processing file /home/airflow/.local/lib/python3.8/site-packages/airflow/example_dags/example_task_group_decorator.py for tasks to queue
[2024-03-09T10:36:06.963+0000] {logging_mixin.py:188} INFO - [2024-03-09T10:36:06.963+0000] {dagbag.py:540} INFO - Filling up the DagBag from /home/airflow/.local/lib/python3.8/site-packages/airflow/example_dags/example_task_group_decorator.py
[2024-03-09T10:36:06.979+0000] {processor.py:840} INFO - DAG(s) 'example_task_group_decorator' retrieved from /home/airflow/.local/lib/python3.8/site-packages/airflow/example_dags/example_task_group_decorator.py
[2024-03-09T10:36:07.005+0000] {logging_mixin.py:188} INFO - [2024-03-09T10:36:07.005+0000] {dag.py:3047} INFO - Sync 1 DAGs
[2024-03-09T10:36:07.031+0000] {logging_mixin.py:188} INFO - [2024-03-09T10:36:07.030+0000] {dag.py:3834} INFO - Setting next_dagrun for example_task_group_decorator to 2024-03-08 00:00:00+00:00, run_after=2024-03-09 00:00:00+00:00
[2024-03-09T10:36:07.061+0000] {processor.py:183} INFO - Processing /home/airflow/.local/lib/python3.8/site-packages/airflow/example_dags/example_task_group_decorator.py took 0.105 seconds
[2024-03-09T10:36:37.337+0000] {processor.py:161} INFO - Started process (PID=705) to work on /home/airflow/.local/lib/python3.8/site-packages/airflow/example_dags/example_task_group_decorator.py
[2024-03-09T10:36:37.339+0000] {processor.py:830} INFO - Processing file /home/airflow/.local/lib/python3.8/site-packages/airflow/example_dags/example_task_group_decorator.py for tasks to queue
[2024-03-09T10:36:37.342+0000] {logging_mixin.py:188} INFO - [2024-03-09T10:36:37.341+0000] {dagbag.py:540} INFO - Filling up the DagBag from /home/airflow/.local/lib/python3.8/site-packages/airflow/example_dags/example_task_group_decorator.py
[2024-03-09T10:36:37.357+0000] {processor.py:840} INFO - DAG(s) 'example_task_group_decorator' retrieved from /home/airflow/.local/lib/python3.8/site-packages/airflow/example_dags/example_task_group_decorator.py
[2024-03-09T10:36:37.389+0000] {logging_mixin.py:188} INFO - [2024-03-09T10:36:37.389+0000] {dag.py:3047} INFO - Sync 1 DAGs
[2024-03-09T10:36:37.413+0000] {logging_mixin.py:188} INFO - [2024-03-09T10:36:37.413+0000] {dag.py:3834} INFO - Setting next_dagrun for example_task_group_decorator to 2024-03-08 00:00:00+00:00, run_after=2024-03-09 00:00:00+00:00
[2024-03-09T10:36:37.442+0000] {processor.py:183} INFO - Processing /home/airflow/.local/lib/python3.8/site-packages/airflow/example_dags/example_task_group_decorator.py took 0.108 seconds
[2024-03-09T10:37:07.998+0000] {processor.py:161} INFO - Started process (PID=760) to work on /home/airflow/.local/lib/python3.8/site-packages/airflow/example_dags/example_task_group_decorator.py
[2024-03-09T10:37:08.000+0000] {processor.py:830} INFO - Processing file /home/airflow/.local/lib/python3.8/site-packages/airflow/example_dags/example_task_group_decorator.py for tasks to queue
[2024-03-09T10:37:08.001+0000] {logging_mixin.py:188} INFO - [2024-03-09T10:37:08.001+0000] {dagbag.py:540} INFO - Filling up the DagBag from /home/airflow/.local/lib/python3.8/site-packages/airflow/example_dags/example_task_group_decorator.py
[2024-03-09T10:37:08.016+0000] {processor.py:840} INFO - DAG(s) 'example_task_group_decorator' retrieved from /home/airflow/.local/lib/python3.8/site-packages/airflow/example_dags/example_task_group_decorator.py
[2024-03-09T10:37:08.043+0000] {logging_mixin.py:188} INFO - [2024-03-09T10:37:08.043+0000] {dag.py:3047} INFO - Sync 1 DAGs
[2024-03-09T10:37:08.068+0000] {logging_mixin.py:188} INFO - [2024-03-09T10:37:08.068+0000] {dag.py:3834} INFO - Setting next_dagrun for example_task_group_decorator to 2024-03-08 00:00:00+00:00, run_after=2024-03-09 00:00:00+00:00
[2024-03-09T10:37:08.098+0000] {processor.py:183} INFO - Processing /home/airflow/.local/lib/python3.8/site-packages/airflow/example_dags/example_task_group_decorator.py took 0.103 seconds
[2024-03-09T10:37:38.571+0000] {processor.py:161} INFO - Started process (PID=815) to work on /home/airflow/.local/lib/python3.8/site-packages/airflow/example_dags/example_task_group_decorator.py
[2024-03-09T10:37:38.572+0000] {processor.py:830} INFO - Processing file /home/airflow/.local/lib/python3.8/site-packages/airflow/example_dags/example_task_group_decorator.py for tasks to queue
[2024-03-09T10:37:38.574+0000] {logging_mixin.py:188} INFO - [2024-03-09T10:37:38.574+0000] {dagbag.py:540} INFO - Filling up the DagBag from /home/airflow/.local/lib/python3.8/site-packages/airflow/example_dags/example_task_group_decorator.py
[2024-03-09T10:37:38.590+0000] {processor.py:840} INFO - DAG(s) 'example_task_group_decorator' retrieved from /home/airflow/.local/lib/python3.8/site-packages/airflow/example_dags/example_task_group_decorator.py
[2024-03-09T10:37:38.616+0000] {logging_mixin.py:188} INFO - [2024-03-09T10:37:38.615+0000] {dag.py:3047} INFO - Sync 1 DAGs
[2024-03-09T10:37:38.644+0000] {logging_mixin.py:188} INFO - [2024-03-09T10:37:38.644+0000] {dag.py:3834} INFO - Setting next_dagrun for example_task_group_decorator to 2024-03-08 00:00:00+00:00, run_after=2024-03-09 00:00:00+00:00
[2024-03-09T10:37:38.677+0000] {processor.py:183} INFO - Processing /home/airflow/.local/lib/python3.8/site-packages/airflow/example_dags/example_task_group_decorator.py took 0.109 seconds
[2024-03-09T10:38:08.886+0000] {processor.py:161} INFO - Started process (PID=870) to work on /home/airflow/.local/lib/python3.8/site-packages/airflow/example_dags/example_task_group_decorator.py
[2024-03-09T10:38:08.888+0000] {processor.py:830} INFO - Processing file /home/airflow/.local/lib/python3.8/site-packages/airflow/example_dags/example_task_group_decorator.py for tasks to queue
[2024-03-09T10:38:08.890+0000] {logging_mixin.py:188} INFO - [2024-03-09T10:38:08.890+0000] {dagbag.py:540} INFO - Filling up the DagBag from /home/airflow/.local/lib/python3.8/site-packages/airflow/example_dags/example_task_group_decorator.py
[2024-03-09T10:38:08.910+0000] {processor.py:840} INFO - DAG(s) 'example_task_group_decorator' retrieved from /home/airflow/.local/lib/python3.8/site-packages/airflow/example_dags/example_task_group_decorator.py
[2024-03-09T10:38:08.947+0000] {logging_mixin.py:188} INFO - [2024-03-09T10:38:08.946+0000] {dag.py:3047} INFO - Sync 1 DAGs
[2024-03-09T10:38:08.990+0000] {logging_mixin.py:188} INFO - [2024-03-09T10:38:08.989+0000] {dag.py:3834} INFO - Setting next_dagrun for example_task_group_decorator to 2024-03-08 00:00:00+00:00, run_after=2024-03-09 00:00:00+00:00
[2024-03-09T10:38:09.025+0000] {processor.py:183} INFO - Processing /home/airflow/.local/lib/python3.8/site-packages/airflow/example_dags/example_task_group_decorator.py took 0.146 seconds
[2024-03-09T10:38:39.218+0000] {processor.py:161} INFO - Started process (PID=925) to work on /home/airflow/.local/lib/python3.8/site-packages/airflow/example_dags/example_task_group_decorator.py
[2024-03-09T10:38:39.219+0000] {processor.py:830} INFO - Processing file /home/airflow/.local/lib/python3.8/site-packages/airflow/example_dags/example_task_group_decorator.py for tasks to queue
[2024-03-09T10:38:39.222+0000] {logging_mixin.py:188} INFO - [2024-03-09T10:38:39.221+0000] {dagbag.py:540} INFO - Filling up the DagBag from /home/airflow/.local/lib/python3.8/site-packages/airflow/example_dags/example_task_group_decorator.py
[2024-03-09T10:38:39.237+0000] {processor.py:840} INFO - DAG(s) 'example_task_group_decorator' retrieved from /home/airflow/.local/lib/python3.8/site-packages/airflow/example_dags/example_task_group_decorator.py
[2024-03-09T10:38:39.264+0000] {logging_mixin.py:188} INFO - [2024-03-09T10:38:39.264+0000] {dag.py:3047} INFO - Sync 1 DAGs
[2024-03-09T10:38:39.288+0000] {logging_mixin.py:188} INFO - [2024-03-09T10:38:39.287+0000] {dag.py:3834} INFO - Setting next_dagrun for example_task_group_decorator to 2024-03-08 00:00:00+00:00, run_after=2024-03-09 00:00:00+00:00
[2024-03-09T10:38:39.315+0000] {processor.py:183} INFO - Processing /home/airflow/.local/lib/python3.8/site-packages/airflow/example_dags/example_task_group_decorator.py took 0.101 seconds
[2024-03-09T10:39:09.595+0000] {processor.py:161} INFO - Started process (PID=980) to work on /home/airflow/.local/lib/python3.8/site-packages/airflow/example_dags/example_task_group_decorator.py
[2024-03-09T10:39:09.597+0000] {processor.py:830} INFO - Processing file /home/airflow/.local/lib/python3.8/site-packages/airflow/example_dags/example_task_group_decorator.py for tasks to queue
[2024-03-09T10:39:09.599+0000] {logging_mixin.py:188} INFO - [2024-03-09T10:39:09.598+0000] {dagbag.py:540} INFO - Filling up the DagBag from /home/airflow/.local/lib/python3.8/site-packages/airflow/example_dags/example_task_group_decorator.py
[2024-03-09T10:39:09.616+0000] {processor.py:840} INFO - DAG(s) 'example_task_group_decorator' retrieved from /home/airflow/.local/lib/python3.8/site-packages/airflow/example_dags/example_task_group_decorator.py
[2024-03-09T10:39:09.645+0000] {logging_mixin.py:188} INFO - [2024-03-09T10:39:09.644+0000] {dag.py:3047} INFO - Sync 1 DAGs
[2024-03-09T10:39:09.678+0000] {logging_mixin.py:188} INFO - [2024-03-09T10:39:09.677+0000] {dag.py:3834} INFO - Setting next_dagrun for example_task_group_decorator to 2024-03-08 00:00:00+00:00, run_after=2024-03-09 00:00:00+00:00
[2024-03-09T10:39:09.711+0000] {processor.py:183} INFO - Processing /home/airflow/.local/lib/python3.8/site-packages/airflow/example_dags/example_task_group_decorator.py took 0.120 seconds
[2024-03-09T10:39:40.064+0000] {processor.py:161} INFO - Started process (PID=1035) to work on /home/airflow/.local/lib/python3.8/site-packages/airflow/example_dags/example_task_group_decorator.py
[2024-03-09T10:39:40.066+0000] {processor.py:830} INFO - Processing file /home/airflow/.local/lib/python3.8/site-packages/airflow/example_dags/example_task_group_decorator.py for tasks to queue
[2024-03-09T10:39:40.068+0000] {logging_mixin.py:188} INFO - [2024-03-09T10:39:40.068+0000] {dagbag.py:540} INFO - Filling up the DagBag from /home/airflow/.local/lib/python3.8/site-packages/airflow/example_dags/example_task_group_decorator.py
[2024-03-09T10:39:40.086+0000] {processor.py:840} INFO - DAG(s) 'example_task_group_decorator' retrieved from /home/airflow/.local/lib/python3.8/site-packages/airflow/example_dags/example_task_group_decorator.py
[2024-03-09T10:39:40.115+0000] {logging_mixin.py:188} INFO - [2024-03-09T10:39:40.115+0000] {dag.py:3047} INFO - Sync 1 DAGs
[2024-03-09T10:39:40.142+0000] {logging_mixin.py:188} INFO - [2024-03-09T10:39:40.141+0000] {dag.py:3834} INFO - Setting next_dagrun for example_task_group_decorator to 2024-03-08 00:00:00+00:00, run_after=2024-03-09 00:00:00+00:00
[2024-03-09T10:39:40.171+0000] {processor.py:183} INFO - Processing /home/airflow/.local/lib/python3.8/site-packages/airflow/example_dags/example_task_group_decorator.py took 0.110 seconds
[2024-03-09T10:40:10.391+0000] {processor.py:161} INFO - Started process (PID=1090) to work on /home/airflow/.local/lib/python3.8/site-packages/airflow/example_dags/example_task_group_decorator.py
[2024-03-09T10:40:10.392+0000] {processor.py:830} INFO - Processing file /home/airflow/.local/lib/python3.8/site-packages/airflow/example_dags/example_task_group_decorator.py for tasks to queue
[2024-03-09T10:40:10.394+0000] {logging_mixin.py:188} INFO - [2024-03-09T10:40:10.394+0000] {dagbag.py:540} INFO - Filling up the DagBag from /home/airflow/.local/lib/python3.8/site-packages/airflow/example_dags/example_task_group_decorator.py
[2024-03-09T10:40:10.413+0000] {processor.py:840} INFO - DAG(s) 'example_task_group_decorator' retrieved from /home/airflow/.local/lib/python3.8/site-packages/airflow/example_dags/example_task_group_decorator.py
[2024-03-09T10:40:10.444+0000] {logging_mixin.py:188} INFO - [2024-03-09T10:40:10.444+0000] {dag.py:3047} INFO - Sync 1 DAGs
[2024-03-09T10:40:10.471+0000] {logging_mixin.py:188} INFO - [2024-03-09T10:40:10.471+0000] {dag.py:3834} INFO - Setting next_dagrun for example_task_group_decorator to 2024-03-08 00:00:00+00:00, run_after=2024-03-09 00:00:00+00:00
[2024-03-09T10:40:10.502+0000] {processor.py:183} INFO - Processing /home/airflow/.local/lib/python3.8/site-packages/airflow/example_dags/example_task_group_decorator.py took 0.114 seconds
[2024-03-09T10:40:40.937+0000] {processor.py:161} INFO - Started process (PID=1145) to work on /home/airflow/.local/lib/python3.8/site-packages/airflow/example_dags/example_task_group_decorator.py
[2024-03-09T10:40:40.938+0000] {processor.py:830} INFO - Processing file /home/airflow/.local/lib/python3.8/site-packages/airflow/example_dags/example_task_group_decorator.py for tasks to queue
[2024-03-09T10:40:40.940+0000] {logging_mixin.py:188} INFO - [2024-03-09T10:40:40.940+0000] {dagbag.py:540} INFO - Filling up the DagBag from /home/airflow/.local/lib/python3.8/site-packages/airflow/example_dags/example_task_group_decorator.py
[2024-03-09T10:40:40.962+0000] {processor.py:840} INFO - DAG(s) 'example_task_group_decorator' retrieved from /home/airflow/.local/lib/python3.8/site-packages/airflow/example_dags/example_task_group_decorator.py
[2024-03-09T10:40:40.992+0000] {logging_mixin.py:188} INFO - [2024-03-09T10:40:40.992+0000] {dag.py:3047} INFO - Sync 1 DAGs
[2024-03-09T10:40:41.019+0000] {logging_mixin.py:188} INFO - [2024-03-09T10:40:41.018+0000] {dag.py:3834} INFO - Setting next_dagrun for example_task_group_decorator to 2024-03-08 00:00:00+00:00, run_after=2024-03-09 00:00:00+00:00
[2024-03-09T10:40:41.048+0000] {processor.py:183} INFO - Processing /home/airflow/.local/lib/python3.8/site-packages/airflow/example_dags/example_task_group_decorator.py took 0.114 seconds
[2024-03-09T10:41:11.086+0000] {processor.py:161} INFO - Started process (PID=1200) to work on /home/airflow/.local/lib/python3.8/site-packages/airflow/example_dags/example_task_group_decorator.py
[2024-03-09T10:41:11.088+0000] {processor.py:830} INFO - Processing file /home/airflow/.local/lib/python3.8/site-packages/airflow/example_dags/example_task_group_decorator.py for tasks to queue
[2024-03-09T10:41:11.093+0000] {logging_mixin.py:188} INFO - [2024-03-09T10:41:11.092+0000] {dagbag.py:540} INFO - Filling up the DagBag from /home/airflow/.local/lib/python3.8/site-packages/airflow/example_dags/example_task_group_decorator.py
[2024-03-09T10:41:11.116+0000] {processor.py:840} INFO - DAG(s) 'example_task_group_decorator' retrieved from /home/airflow/.local/lib/python3.8/site-packages/airflow/example_dags/example_task_group_decorator.py
[2024-03-09T10:41:11.155+0000] {logging_mixin.py:188} INFO - [2024-03-09T10:41:11.154+0000] {dag.py:3047} INFO - Sync 1 DAGs
[2024-03-09T10:41:11.183+0000] {logging_mixin.py:188} INFO - [2024-03-09T10:41:11.183+0000] {dag.py:3834} INFO - Setting next_dagrun for example_task_group_decorator to 2024-03-08 00:00:00+00:00, run_after=2024-03-09 00:00:00+00:00
[2024-03-09T10:41:11.216+0000] {processor.py:183} INFO - Processing /home/airflow/.local/lib/python3.8/site-packages/airflow/example_dags/example_task_group_decorator.py took 0.134 seconds
[2024-03-09T10:41:41.287+0000] {processor.py:161} INFO - Started process (PID=1255) to work on /home/airflow/.local/lib/python3.8/site-packages/airflow/example_dags/example_task_group_decorator.py
[2024-03-09T10:41:41.288+0000] {processor.py:830} INFO - Processing file /home/airflow/.local/lib/python3.8/site-packages/airflow/example_dags/example_task_group_decorator.py for tasks to queue
[2024-03-09T10:41:41.291+0000] {logging_mixin.py:188} INFO - [2024-03-09T10:41:41.290+0000] {dagbag.py:540} INFO - Filling up the DagBag from /home/airflow/.local/lib/python3.8/site-packages/airflow/example_dags/example_task_group_decorator.py
[2024-03-09T10:41:41.306+0000] {processor.py:840} INFO - DAG(s) 'example_task_group_decorator' retrieved from /home/airflow/.local/lib/python3.8/site-packages/airflow/example_dags/example_task_group_decorator.py
[2024-03-09T10:41:41.335+0000] {logging_mixin.py:188} INFO - [2024-03-09T10:41:41.335+0000] {dag.py:3047} INFO - Sync 1 DAGs
[2024-03-09T10:41:41.364+0000] {logging_mixin.py:188} INFO - [2024-03-09T10:41:41.364+0000] {dag.py:3834} INFO - Setting next_dagrun for example_task_group_decorator to 2024-03-08 00:00:00+00:00, run_after=2024-03-09 00:00:00+00:00
[2024-03-09T10:41:41.398+0000] {processor.py:183} INFO - Processing /home/airflow/.local/lib/python3.8/site-packages/airflow/example_dags/example_task_group_decorator.py took 0.114 seconds
[2024-03-09T10:42:11.513+0000] {processor.py:161} INFO - Started process (PID=1310) to work on /home/airflow/.local/lib/python3.8/site-packages/airflow/example_dags/example_task_group_decorator.py
[2024-03-09T10:42:11.514+0000] {processor.py:830} INFO - Processing file /home/airflow/.local/lib/python3.8/site-packages/airflow/example_dags/example_task_group_decorator.py for tasks to queue
[2024-03-09T10:42:11.516+0000] {logging_mixin.py:188} INFO - [2024-03-09T10:42:11.516+0000] {dagbag.py:540} INFO - Filling up the DagBag from /home/airflow/.local/lib/python3.8/site-packages/airflow/example_dags/example_task_group_decorator.py
[2024-03-09T10:42:11.531+0000] {processor.py:840} INFO - DAG(s) 'example_task_group_decorator' retrieved from /home/airflow/.local/lib/python3.8/site-packages/airflow/example_dags/example_task_group_decorator.py
[2024-03-09T10:42:11.560+0000] {logging_mixin.py:188} INFO - [2024-03-09T10:42:11.560+0000] {dag.py:3047} INFO - Sync 1 DAGs
[2024-03-09T10:42:11.586+0000] {logging_mixin.py:188} INFO - [2024-03-09T10:42:11.585+0000] {dag.py:3834} INFO - Setting next_dagrun for example_task_group_decorator to 2024-03-08 00:00:00+00:00, run_after=2024-03-09 00:00:00+00:00
[2024-03-09T10:42:11.625+0000] {processor.py:183} INFO - Processing /home/airflow/.local/lib/python3.8/site-packages/airflow/example_dags/example_task_group_decorator.py took 0.114 seconds
[2024-03-09T10:42:41.997+0000] {processor.py:161} INFO - Started process (PID=1365) to work on /home/airflow/.local/lib/python3.8/site-packages/airflow/example_dags/example_task_group_decorator.py
[2024-03-09T10:42:41.998+0000] {processor.py:830} INFO - Processing file /home/airflow/.local/lib/python3.8/site-packages/airflow/example_dags/example_task_group_decorator.py for tasks to queue
[2024-03-09T10:42:42.000+0000] {logging_mixin.py:188} INFO - [2024-03-09T10:42:42.000+0000] {dagbag.py:540} INFO - Filling up the DagBag from /home/airflow/.local/lib/python3.8/site-packages/airflow/example_dags/example_task_group_decorator.py
[2024-03-09T10:42:42.016+0000] {processor.py:840} INFO - DAG(s) 'example_task_group_decorator' retrieved from /home/airflow/.local/lib/python3.8/site-packages/airflow/example_dags/example_task_group_decorator.py
[2024-03-09T10:42:42.045+0000] {logging_mixin.py:188} INFO - [2024-03-09T10:42:42.045+0000] {dag.py:3047} INFO - Sync 1 DAGs
[2024-03-09T10:42:42.069+0000] {logging_mixin.py:188} INFO - [2024-03-09T10:42:42.069+0000] {dag.py:3834} INFO - Setting next_dagrun for example_task_group_decorator to 2024-03-08 00:00:00+00:00, run_after=2024-03-09 00:00:00+00:00
[2024-03-09T10:42:42.098+0000] {processor.py:183} INFO - Processing /home/airflow/.local/lib/python3.8/site-packages/airflow/example_dags/example_task_group_decorator.py took 0.105 seconds
[2024-03-09T10:43:12.154+0000] {processor.py:161} INFO - Started process (PID=1420) to work on /home/airflow/.local/lib/python3.8/site-packages/airflow/example_dags/example_task_group_decorator.py
[2024-03-09T10:43:12.155+0000] {processor.py:830} INFO - Processing file /home/airflow/.local/lib/python3.8/site-packages/airflow/example_dags/example_task_group_decorator.py for tasks to queue
[2024-03-09T10:43:12.157+0000] {logging_mixin.py:188} INFO - [2024-03-09T10:43:12.157+0000] {dagbag.py:540} INFO - Filling up the DagBag from /home/airflow/.local/lib/python3.8/site-packages/airflow/example_dags/example_task_group_decorator.py
[2024-03-09T10:43:12.173+0000] {processor.py:840} INFO - DAG(s) 'example_task_group_decorator' retrieved from /home/airflow/.local/lib/python3.8/site-packages/airflow/example_dags/example_task_group_decorator.py
[2024-03-09T10:43:12.202+0000] {logging_mixin.py:188} INFO - [2024-03-09T10:43:12.202+0000] {dag.py:3047} INFO - Sync 1 DAGs
[2024-03-09T10:43:12.227+0000] {logging_mixin.py:188} INFO - [2024-03-09T10:43:12.226+0000] {dag.py:3834} INFO - Setting next_dagrun for example_task_group_decorator to 2024-03-08 00:00:00+00:00, run_after=2024-03-09 00:00:00+00:00
[2024-03-09T10:43:12.256+0000] {processor.py:183} INFO - Processing /home/airflow/.local/lib/python3.8/site-packages/airflow/example_dags/example_task_group_decorator.py took 0.105 seconds
[2024-03-09T10:43:42.592+0000] {processor.py:161} INFO - Started process (PID=1475) to work on /home/airflow/.local/lib/python3.8/site-packages/airflow/example_dags/example_task_group_decorator.py
[2024-03-09T10:43:42.593+0000] {processor.py:830} INFO - Processing file /home/airflow/.local/lib/python3.8/site-packages/airflow/example_dags/example_task_group_decorator.py for tasks to queue
[2024-03-09T10:43:42.595+0000] {logging_mixin.py:188} INFO - [2024-03-09T10:43:42.595+0000] {dagbag.py:540} INFO - Filling up the DagBag from /home/airflow/.local/lib/python3.8/site-packages/airflow/example_dags/example_task_group_decorator.py
[2024-03-09T10:43:42.610+0000] {processor.py:840} INFO - DAG(s) 'example_task_group_decorator' retrieved from /home/airflow/.local/lib/python3.8/site-packages/airflow/example_dags/example_task_group_decorator.py
[2024-03-09T10:43:42.638+0000] {logging_mixin.py:188} INFO - [2024-03-09T10:43:42.638+0000] {dag.py:3047} INFO - Sync 1 DAGs
[2024-03-09T10:43:42.663+0000] {logging_mixin.py:188} INFO - [2024-03-09T10:43:42.662+0000] {dag.py:3834} INFO - Setting next_dagrun for example_task_group_decorator to 2024-03-08 00:00:00+00:00, run_after=2024-03-09 00:00:00+00:00
[2024-03-09T10:43:42.692+0000] {processor.py:183} INFO - Processing /home/airflow/.local/lib/python3.8/site-packages/airflow/example_dags/example_task_group_decorator.py took 0.103 seconds
[2024-03-09T10:44:13.038+0000] {processor.py:161} INFO - Started process (PID=1530) to work on /home/airflow/.local/lib/python3.8/site-packages/airflow/example_dags/example_task_group_decorator.py
[2024-03-09T10:44:13.039+0000] {processor.py:830} INFO - Processing file /home/airflow/.local/lib/python3.8/site-packages/airflow/example_dags/example_task_group_decorator.py for tasks to queue
[2024-03-09T10:44:13.041+0000] {logging_mixin.py:188} INFO - [2024-03-09T10:44:13.040+0000] {dagbag.py:540} INFO - Filling up the DagBag from /home/airflow/.local/lib/python3.8/site-packages/airflow/example_dags/example_task_group_decorator.py
[2024-03-09T10:44:13.058+0000] {processor.py:840} INFO - DAG(s) 'example_task_group_decorator' retrieved from /home/airflow/.local/lib/python3.8/site-packages/airflow/example_dags/example_task_group_decorator.py
[2024-03-09T10:44:13.087+0000] {logging_mixin.py:188} INFO - [2024-03-09T10:44:13.087+0000] {dag.py:3047} INFO - Sync 1 DAGs
[2024-03-09T10:44:13.115+0000] {logging_mixin.py:188} INFO - [2024-03-09T10:44:13.115+0000] {dag.py:3834} INFO - Setting next_dagrun for example_task_group_decorator to 2024-03-08 00:00:00+00:00, run_after=2024-03-09 00:00:00+00:00
[2024-03-09T10:44:13.145+0000] {processor.py:183} INFO - Processing /home/airflow/.local/lib/python3.8/site-packages/airflow/example_dags/example_task_group_decorator.py took 0.111 seconds
[2024-03-09T10:44:43.316+0000] {processor.py:161} INFO - Started process (PID=1585) to work on /home/airflow/.local/lib/python3.8/site-packages/airflow/example_dags/example_task_group_decorator.py
[2024-03-09T10:44:43.318+0000] {processor.py:830} INFO - Processing file /home/airflow/.local/lib/python3.8/site-packages/airflow/example_dags/example_task_group_decorator.py for tasks to queue
[2024-03-09T10:44:43.320+0000] {logging_mixin.py:188} INFO - [2024-03-09T10:44:43.319+0000] {dagbag.py:540} INFO - Filling up the DagBag from /home/airflow/.local/lib/python3.8/site-packages/airflow/example_dags/example_task_group_decorator.py
[2024-03-09T10:44:43.335+0000] {processor.py:840} INFO - DAG(s) 'example_task_group_decorator' retrieved from /home/airflow/.local/lib/python3.8/site-packages/airflow/example_dags/example_task_group_decorator.py
[2024-03-09T10:44:43.361+0000] {logging_mixin.py:188} INFO - [2024-03-09T10:44:43.360+0000] {dag.py:3047} INFO - Sync 1 DAGs
[2024-03-09T10:44:43.384+0000] {logging_mixin.py:188} INFO - [2024-03-09T10:44:43.383+0000] {dag.py:3834} INFO - Setting next_dagrun for example_task_group_decorator to 2024-03-08 00:00:00+00:00, run_after=2024-03-09 00:00:00+00:00
[2024-03-09T10:44:43.412+0000] {processor.py:183} INFO - Processing /home/airflow/.local/lib/python3.8/site-packages/airflow/example_dags/example_task_group_decorator.py took 0.098 seconds
[2024-03-09T10:45:13.519+0000] {processor.py:161} INFO - Started process (PID=1640) to work on /home/airflow/.local/lib/python3.8/site-packages/airflow/example_dags/example_task_group_decorator.py
[2024-03-09T10:45:13.520+0000] {processor.py:830} INFO - Processing file /home/airflow/.local/lib/python3.8/site-packages/airflow/example_dags/example_task_group_decorator.py for tasks to queue
[2024-03-09T10:45:13.523+0000] {logging_mixin.py:188} INFO - [2024-03-09T10:45:13.522+0000] {dagbag.py:540} INFO - Filling up the DagBag from /home/airflow/.local/lib/python3.8/site-packages/airflow/example_dags/example_task_group_decorator.py
[2024-03-09T10:45:13.541+0000] {processor.py:840} INFO - DAG(s) 'example_task_group_decorator' retrieved from /home/airflow/.local/lib/python3.8/site-packages/airflow/example_dags/example_task_group_decorator.py
[2024-03-09T10:45:13.573+0000] {logging_mixin.py:188} INFO - [2024-03-09T10:45:13.572+0000] {dag.py:3047} INFO - Sync 1 DAGs
[2024-03-09T10:45:13.599+0000] {logging_mixin.py:188} INFO - [2024-03-09T10:45:13.599+0000] {dag.py:3834} INFO - Setting next_dagrun for example_task_group_decorator to 2024-03-08 00:00:00+00:00, run_after=2024-03-09 00:00:00+00:00
[2024-03-09T10:45:13.629+0000] {processor.py:183} INFO - Processing /home/airflow/.local/lib/python3.8/site-packages/airflow/example_dags/example_task_group_decorator.py took 0.114 seconds
[2024-03-09T10:45:43.768+0000] {processor.py:161} INFO - Started process (PID=1695) to work on /home/airflow/.local/lib/python3.8/site-packages/airflow/example_dags/example_task_group_decorator.py
[2024-03-09T10:45:43.769+0000] {processor.py:830} INFO - Processing file /home/airflow/.local/lib/python3.8/site-packages/airflow/example_dags/example_task_group_decorator.py for tasks to queue
[2024-03-09T10:45:43.771+0000] {logging_mixin.py:188} INFO - [2024-03-09T10:45:43.771+0000] {dagbag.py:540} INFO - Filling up the DagBag from /home/airflow/.local/lib/python3.8/site-packages/airflow/example_dags/example_task_group_decorator.py
[2024-03-09T10:45:43.787+0000] {processor.py:840} INFO - DAG(s) 'example_task_group_decorator' retrieved from /home/airflow/.local/lib/python3.8/site-packages/airflow/example_dags/example_task_group_decorator.py
[2024-03-09T10:45:43.814+0000] {logging_mixin.py:188} INFO - [2024-03-09T10:45:43.814+0000] {dag.py:3047} INFO - Sync 1 DAGs
[2024-03-09T10:45:43.842+0000] {logging_mixin.py:188} INFO - [2024-03-09T10:45:43.842+0000] {dag.py:3834} INFO - Setting next_dagrun for example_task_group_decorator to 2024-03-08 00:00:00+00:00, run_after=2024-03-09 00:00:00+00:00
[2024-03-09T10:45:43.869+0000] {processor.py:183} INFO - Processing /home/airflow/.local/lib/python3.8/site-packages/airflow/example_dags/example_task_group_decorator.py took 0.104 seconds
