[2024-03-09T10:30:33.937+0000] {processor.py:161} INFO - Started process (PID=53) to work on /home/airflow/.local/lib/python3.8/site-packages/airflow/example_dags/example_external_task_marker_dag.py
[2024-03-09T10:30:33.938+0000] {processor.py:830} INFO - Processing file /home/airflow/.local/lib/python3.8/site-packages/airflow/example_dags/example_external_task_marker_dag.py for tasks to queue
[2024-03-09T10:30:33.942+0000] {logging_mixin.py:188} INFO - [2024-03-09T10:30:33.941+0000] {dagbag.py:540} INFO - Filling up the DagBag from /home/airflow/.local/lib/python3.8/site-packages/airflow/example_dags/example_external_task_marker_dag.py
[2024-03-09T10:30:33.963+0000] {processor.py:840} INFO - DAG(s) 'example_external_task_marker_child', 'example_external_task_marker_parent' retrieved from /home/airflow/.local/lib/python3.8/site-packages/airflow/example_dags/example_external_task_marker_dag.py
[2024-03-09T10:30:34.250+0000] {logging_mixin.py:188} INFO - [2024-03-09T10:30:34.248+0000] {dag.py:3047} INFO - Sync 2 DAGs
[2024-03-09T10:30:34.280+0000] {logging_mixin.py:188} INFO - [2024-03-09T10:30:34.279+0000] {dag.py:3834} INFO - Setting next_dagrun for example_external_task_marker_child to None, run_after=None
[2024-03-09T10:30:34.292+0000] {logging_mixin.py:188} INFO - [2024-03-09T10:30:34.291+0000] {dag.py:3834} INFO - Setting next_dagrun for example_external_task_marker_parent to None, run_after=None
[2024-03-09T10:30:34.352+0000] {processor.py:183} INFO - Processing /home/airflow/.local/lib/python3.8/site-packages/airflow/example_dags/example_external_task_marker_dag.py took 0.423 seconds
[2024-03-09T10:31:04.613+0000] {processor.py:161} INFO - Started process (PID=108) to work on /home/airflow/.local/lib/python3.8/site-packages/airflow/example_dags/example_external_task_marker_dag.py
[2024-03-09T10:31:04.615+0000] {processor.py:830} INFO - Processing file /home/airflow/.local/lib/python3.8/site-packages/airflow/example_dags/example_external_task_marker_dag.py for tasks to queue
[2024-03-09T10:31:04.618+0000] {logging_mixin.py:188} INFO - [2024-03-09T10:31:04.617+0000] {dagbag.py:540} INFO - Filling up the DagBag from /home/airflow/.local/lib/python3.8/site-packages/airflow/example_dags/example_external_task_marker_dag.py
[2024-03-09T10:31:04.630+0000] {processor.py:840} INFO - DAG(s) 'example_external_task_marker_parent', 'example_external_task_marker_child' retrieved from /home/airflow/.local/lib/python3.8/site-packages/airflow/example_dags/example_external_task_marker_dag.py
[2024-03-09T10:31:04.669+0000] {logging_mixin.py:188} INFO - [2024-03-09T10:31:04.668+0000] {dag.py:3047} INFO - Sync 2 DAGs
[2024-03-09T10:31:04.691+0000] {logging_mixin.py:188} INFO - [2024-03-09T10:31:04.691+0000] {dag.py:3834} INFO - Setting next_dagrun for example_external_task_marker_child to None, run_after=None
[2024-03-09T10:31:04.699+0000] {logging_mixin.py:188} INFO - [2024-03-09T10:31:04.698+0000] {dag.py:3834} INFO - Setting next_dagrun for example_external_task_marker_parent to None, run_after=None
[2024-03-09T10:31:04.724+0000] {processor.py:183} INFO - Processing /home/airflow/.local/lib/python3.8/site-packages/airflow/example_dags/example_external_task_marker_dag.py took 0.116 seconds
[2024-03-09T10:31:34.803+0000] {processor.py:161} INFO - Started process (PID=163) to work on /home/airflow/.local/lib/python3.8/site-packages/airflow/example_dags/example_external_task_marker_dag.py
[2024-03-09T10:31:34.804+0000] {processor.py:830} INFO - Processing file /home/airflow/.local/lib/python3.8/site-packages/airflow/example_dags/example_external_task_marker_dag.py for tasks to queue
[2024-03-09T10:31:34.808+0000] {logging_mixin.py:188} INFO - [2024-03-09T10:31:34.807+0000] {dagbag.py:540} INFO - Filling up the DagBag from /home/airflow/.local/lib/python3.8/site-packages/airflow/example_dags/example_external_task_marker_dag.py
[2024-03-09T10:31:34.814+0000] {processor.py:840} INFO - DAG(s) 'example_external_task_marker_parent', 'example_external_task_marker_child' retrieved from /home/airflow/.local/lib/python3.8/site-packages/airflow/example_dags/example_external_task_marker_dag.py
[2024-03-09T10:31:34.844+0000] {logging_mixin.py:188} INFO - [2024-03-09T10:31:34.843+0000] {dag.py:3047} INFO - Sync 2 DAGs
[2024-03-09T10:31:34.861+0000] {logging_mixin.py:188} INFO - [2024-03-09T10:31:34.860+0000] {dag.py:3834} INFO - Setting next_dagrun for example_external_task_marker_child to None, run_after=None
[2024-03-09T10:31:34.865+0000] {logging_mixin.py:188} INFO - [2024-03-09T10:31:34.865+0000] {dag.py:3834} INFO - Setting next_dagrun for example_external_task_marker_parent to None, run_after=None
[2024-03-09T10:31:34.894+0000] {processor.py:183} INFO - Processing /home/airflow/.local/lib/python3.8/site-packages/airflow/example_dags/example_external_task_marker_dag.py took 0.096 seconds
[2024-03-09T10:32:05.131+0000] {processor.py:161} INFO - Started process (PID=218) to work on /home/airflow/.local/lib/python3.8/site-packages/airflow/example_dags/example_external_task_marker_dag.py
[2024-03-09T10:32:05.132+0000] {processor.py:830} INFO - Processing file /home/airflow/.local/lib/python3.8/site-packages/airflow/example_dags/example_external_task_marker_dag.py for tasks to queue
[2024-03-09T10:32:05.133+0000] {logging_mixin.py:188} INFO - [2024-03-09T10:32:05.133+0000] {dagbag.py:540} INFO - Filling up the DagBag from /home/airflow/.local/lib/python3.8/site-packages/airflow/example_dags/example_external_task_marker_dag.py
[2024-03-09T10:32:05.139+0000] {processor.py:840} INFO - DAG(s) 'example_external_task_marker_parent', 'example_external_task_marker_child' retrieved from /home/airflow/.local/lib/python3.8/site-packages/airflow/example_dags/example_external_task_marker_dag.py
[2024-03-09T10:32:05.162+0000] {logging_mixin.py:188} INFO - [2024-03-09T10:32:05.162+0000] {dag.py:3047} INFO - Sync 2 DAGs
[2024-03-09T10:32:05.176+0000] {logging_mixin.py:188} INFO - [2024-03-09T10:32:05.176+0000] {dag.py:3834} INFO - Setting next_dagrun for example_external_task_marker_child to None, run_after=None
[2024-03-09T10:32:05.181+0000] {logging_mixin.py:188} INFO - [2024-03-09T10:32:05.181+0000] {dag.py:3834} INFO - Setting next_dagrun for example_external_task_marker_parent to None, run_after=None
[2024-03-09T10:32:05.208+0000] {processor.py:183} INFO - Processing /home/airflow/.local/lib/python3.8/site-packages/airflow/example_dags/example_external_task_marker_dag.py took 0.081 seconds
[2024-03-09T10:32:35.964+0000] {processor.py:161} INFO - Started process (PID=273) to work on /home/airflow/.local/lib/python3.8/site-packages/airflow/example_dags/example_external_task_marker_dag.py
[2024-03-09T10:32:35.966+0000] {processor.py:830} INFO - Processing file /home/airflow/.local/lib/python3.8/site-packages/airflow/example_dags/example_external_task_marker_dag.py for tasks to queue
[2024-03-09T10:32:35.969+0000] {logging_mixin.py:188} INFO - [2024-03-09T10:32:35.969+0000] {dagbag.py:540} INFO - Filling up the DagBag from /home/airflow/.local/lib/python3.8/site-packages/airflow/example_dags/example_external_task_marker_dag.py
[2024-03-09T10:32:35.976+0000] {processor.py:840} INFO - DAG(s) 'example_external_task_marker_child', 'example_external_task_marker_parent' retrieved from /home/airflow/.local/lib/python3.8/site-packages/airflow/example_dags/example_external_task_marker_dag.py
[2024-03-09T10:32:36.000+0000] {logging_mixin.py:188} INFO - [2024-03-09T10:32:36.000+0000] {dag.py:3047} INFO - Sync 2 DAGs
[2024-03-09T10:32:36.014+0000] {logging_mixin.py:188} INFO - [2024-03-09T10:32:36.014+0000] {dag.py:3834} INFO - Setting next_dagrun for example_external_task_marker_child to None, run_after=None
[2024-03-09T10:32:36.018+0000] {logging_mixin.py:188} INFO - [2024-03-09T10:32:36.018+0000] {dag.py:3834} INFO - Setting next_dagrun for example_external_task_marker_parent to None, run_after=None
[2024-03-09T10:32:36.035+0000] {processor.py:183} INFO - Processing /home/airflow/.local/lib/python3.8/site-packages/airflow/example_dags/example_external_task_marker_dag.py took 0.077 seconds
[2024-03-09T10:33:06.209+0000] {processor.py:161} INFO - Started process (PID=328) to work on /home/airflow/.local/lib/python3.8/site-packages/airflow/example_dags/example_external_task_marker_dag.py
[2024-03-09T10:33:06.210+0000] {processor.py:830} INFO - Processing file /home/airflow/.local/lib/python3.8/site-packages/airflow/example_dags/example_external_task_marker_dag.py for tasks to queue
[2024-03-09T10:33:06.213+0000] {logging_mixin.py:188} INFO - [2024-03-09T10:33:06.213+0000] {dagbag.py:540} INFO - Filling up the DagBag from /home/airflow/.local/lib/python3.8/site-packages/airflow/example_dags/example_external_task_marker_dag.py
[2024-03-09T10:33:06.222+0000] {processor.py:840} INFO - DAG(s) 'example_external_task_marker_child', 'example_external_task_marker_parent' retrieved from /home/airflow/.local/lib/python3.8/site-packages/airflow/example_dags/example_external_task_marker_dag.py
[2024-03-09T10:33:06.252+0000] {logging_mixin.py:188} INFO - [2024-03-09T10:33:06.252+0000] {dag.py:3047} INFO - Sync 2 DAGs
[2024-03-09T10:33:06.269+0000] {logging_mixin.py:188} INFO - [2024-03-09T10:33:06.268+0000] {dag.py:3834} INFO - Setting next_dagrun for example_external_task_marker_child to None, run_after=None
[2024-03-09T10:33:06.274+0000] {logging_mixin.py:188} INFO - [2024-03-09T10:33:06.273+0000] {dag.py:3834} INFO - Setting next_dagrun for example_external_task_marker_parent to None, run_after=None
[2024-03-09T10:33:06.304+0000] {processor.py:183} INFO - Processing /home/airflow/.local/lib/python3.8/site-packages/airflow/example_dags/example_external_task_marker_dag.py took 0.100 seconds
[2024-03-09T10:33:36.378+0000] {processor.py:161} INFO - Started process (PID=383) to work on /home/airflow/.local/lib/python3.8/site-packages/airflow/example_dags/example_external_task_marker_dag.py
[2024-03-09T10:33:36.379+0000] {processor.py:830} INFO - Processing file /home/airflow/.local/lib/python3.8/site-packages/airflow/example_dags/example_external_task_marker_dag.py for tasks to queue
[2024-03-09T10:33:36.381+0000] {logging_mixin.py:188} INFO - [2024-03-09T10:33:36.381+0000] {dagbag.py:540} INFO - Filling up the DagBag from /home/airflow/.local/lib/python3.8/site-packages/airflow/example_dags/example_external_task_marker_dag.py
[2024-03-09T10:33:36.387+0000] {processor.py:840} INFO - DAG(s) 'example_external_task_marker_parent', 'example_external_task_marker_child' retrieved from /home/airflow/.local/lib/python3.8/site-packages/airflow/example_dags/example_external_task_marker_dag.py
[2024-03-09T10:33:36.416+0000] {logging_mixin.py:188} INFO - [2024-03-09T10:33:36.415+0000] {dag.py:3047} INFO - Sync 2 DAGs
[2024-03-09T10:33:36.431+0000] {logging_mixin.py:188} INFO - [2024-03-09T10:33:36.431+0000] {dag.py:3834} INFO - Setting next_dagrun for example_external_task_marker_child to None, run_after=None
[2024-03-09T10:33:36.437+0000] {logging_mixin.py:188} INFO - [2024-03-09T10:33:36.436+0000] {dag.py:3834} INFO - Setting next_dagrun for example_external_task_marker_parent to None, run_after=None
[2024-03-09T10:33:36.461+0000] {processor.py:183} INFO - Processing /home/airflow/.local/lib/python3.8/site-packages/airflow/example_dags/example_external_task_marker_dag.py took 0.087 seconds
[2024-03-09T10:34:07.156+0000] {processor.py:161} INFO - Started process (PID=438) to work on /home/airflow/.local/lib/python3.8/site-packages/airflow/example_dags/example_external_task_marker_dag.py
[2024-03-09T10:34:07.157+0000] {processor.py:830} INFO - Processing file /home/airflow/.local/lib/python3.8/site-packages/airflow/example_dags/example_external_task_marker_dag.py for tasks to queue
[2024-03-09T10:34:07.159+0000] {logging_mixin.py:188} INFO - [2024-03-09T10:34:07.159+0000] {dagbag.py:540} INFO - Filling up the DagBag from /home/airflow/.local/lib/python3.8/site-packages/airflow/example_dags/example_external_task_marker_dag.py
[2024-03-09T10:34:07.165+0000] {processor.py:840} INFO - DAG(s) 'example_external_task_marker_child', 'example_external_task_marker_parent' retrieved from /home/airflow/.local/lib/python3.8/site-packages/airflow/example_dags/example_external_task_marker_dag.py
[2024-03-09T10:34:07.194+0000] {logging_mixin.py:188} INFO - [2024-03-09T10:34:07.193+0000] {dag.py:3047} INFO - Sync 2 DAGs
[2024-03-09T10:34:07.211+0000] {logging_mixin.py:188} INFO - [2024-03-09T10:34:07.210+0000] {dag.py:3834} INFO - Setting next_dagrun for example_external_task_marker_child to None, run_after=None
[2024-03-09T10:34:07.216+0000] {logging_mixin.py:188} INFO - [2024-03-09T10:34:07.216+0000] {dag.py:3834} INFO - Setting next_dagrun for example_external_task_marker_parent to None, run_after=None
[2024-03-09T10:34:07.243+0000] {processor.py:183} INFO - Processing /home/airflow/.local/lib/python3.8/site-packages/airflow/example_dags/example_external_task_marker_dag.py took 0.089 seconds
[2024-03-09T10:34:37.414+0000] {processor.py:161} INFO - Started process (PID=493) to work on /home/airflow/.local/lib/python3.8/site-packages/airflow/example_dags/example_external_task_marker_dag.py
[2024-03-09T10:34:37.415+0000] {processor.py:830} INFO - Processing file /home/airflow/.local/lib/python3.8/site-packages/airflow/example_dags/example_external_task_marker_dag.py for tasks to queue
[2024-03-09T10:34:37.417+0000] {logging_mixin.py:188} INFO - [2024-03-09T10:34:37.416+0000] {dagbag.py:540} INFO - Filling up the DagBag from /home/airflow/.local/lib/python3.8/site-packages/airflow/example_dags/example_external_task_marker_dag.py
[2024-03-09T10:34:37.422+0000] {processor.py:840} INFO - DAG(s) 'example_external_task_marker_parent', 'example_external_task_marker_child' retrieved from /home/airflow/.local/lib/python3.8/site-packages/airflow/example_dags/example_external_task_marker_dag.py
[2024-03-09T10:34:37.450+0000] {logging_mixin.py:188} INFO - [2024-03-09T10:34:37.449+0000] {dag.py:3047} INFO - Sync 2 DAGs
[2024-03-09T10:34:37.467+0000] {logging_mixin.py:188} INFO - [2024-03-09T10:34:37.467+0000] {dag.py:3834} INFO - Setting next_dagrun for example_external_task_marker_child to None, run_after=None
[2024-03-09T10:34:37.473+0000] {logging_mixin.py:188} INFO - [2024-03-09T10:34:37.472+0000] {dag.py:3834} INFO - Setting next_dagrun for example_external_task_marker_parent to None, run_after=None
[2024-03-09T10:34:37.504+0000] {processor.py:183} INFO - Processing /home/airflow/.local/lib/python3.8/site-packages/airflow/example_dags/example_external_task_marker_dag.py took 0.093 seconds
[2024-03-09T10:35:07.801+0000] {processor.py:161} INFO - Started process (PID=548) to work on /home/airflow/.local/lib/python3.8/site-packages/airflow/example_dags/example_external_task_marker_dag.py
[2024-03-09T10:35:07.802+0000] {processor.py:830} INFO - Processing file /home/airflow/.local/lib/python3.8/site-packages/airflow/example_dags/example_external_task_marker_dag.py for tasks to queue
[2024-03-09T10:35:07.804+0000] {logging_mixin.py:188} INFO - [2024-03-09T10:35:07.804+0000] {dagbag.py:540} INFO - Filling up the DagBag from /home/airflow/.local/lib/python3.8/site-packages/airflow/example_dags/example_external_task_marker_dag.py
[2024-03-09T10:35:07.813+0000] {processor.py:840} INFO - DAG(s) 'example_external_task_marker_child', 'example_external_task_marker_parent' retrieved from /home/airflow/.local/lib/python3.8/site-packages/airflow/example_dags/example_external_task_marker_dag.py
[2024-03-09T10:35:07.839+0000] {logging_mixin.py:188} INFO - [2024-03-09T10:35:07.838+0000] {dag.py:3047} INFO - Sync 2 DAGs
[2024-03-09T10:35:07.854+0000] {logging_mixin.py:188} INFO - [2024-03-09T10:35:07.853+0000] {dag.py:3834} INFO - Setting next_dagrun for example_external_task_marker_child to None, run_after=None
[2024-03-09T10:35:07.860+0000] {logging_mixin.py:188} INFO - [2024-03-09T10:35:07.860+0000] {dag.py:3834} INFO - Setting next_dagrun for example_external_task_marker_parent to None, run_after=None
[2024-03-09T10:35:07.890+0000] {processor.py:183} INFO - Processing /home/airflow/.local/lib/python3.8/site-packages/airflow/example_dags/example_external_task_marker_dag.py took 0.092 seconds
[2024-03-09T10:35:38.189+0000] {processor.py:161} INFO - Started process (PID=603) to work on /home/airflow/.local/lib/python3.8/site-packages/airflow/example_dags/example_external_task_marker_dag.py
[2024-03-09T10:35:38.190+0000] {processor.py:830} INFO - Processing file /home/airflow/.local/lib/python3.8/site-packages/airflow/example_dags/example_external_task_marker_dag.py for tasks to queue
[2024-03-09T10:35:38.192+0000] {logging_mixin.py:188} INFO - [2024-03-09T10:35:38.192+0000] {dagbag.py:540} INFO - Filling up the DagBag from /home/airflow/.local/lib/python3.8/site-packages/airflow/example_dags/example_external_task_marker_dag.py
[2024-03-09T10:35:38.199+0000] {processor.py:840} INFO - DAG(s) 'example_external_task_marker_parent', 'example_external_task_marker_child' retrieved from /home/airflow/.local/lib/python3.8/site-packages/airflow/example_dags/example_external_task_marker_dag.py
[2024-03-09T10:35:38.227+0000] {logging_mixin.py:188} INFO - [2024-03-09T10:35:38.226+0000] {dag.py:3047} INFO - Sync 2 DAGs
[2024-03-09T10:35:38.242+0000] {logging_mixin.py:188} INFO - [2024-03-09T10:35:38.242+0000] {dag.py:3834} INFO - Setting next_dagrun for example_external_task_marker_child to None, run_after=None
[2024-03-09T10:35:38.249+0000] {logging_mixin.py:188} INFO - [2024-03-09T10:35:38.249+0000] {dag.py:3834} INFO - Setting next_dagrun for example_external_task_marker_parent to None, run_after=None
[2024-03-09T10:35:38.271+0000] {processor.py:183} INFO - Processing /home/airflow/.local/lib/python3.8/site-packages/airflow/example_dags/example_external_task_marker_dag.py took 0.086 seconds
[2024-03-09T10:36:08.463+0000] {processor.py:161} INFO - Started process (PID=658) to work on /home/airflow/.local/lib/python3.8/site-packages/airflow/example_dags/example_external_task_marker_dag.py
[2024-03-09T10:36:08.464+0000] {processor.py:830} INFO - Processing file /home/airflow/.local/lib/python3.8/site-packages/airflow/example_dags/example_external_task_marker_dag.py for tasks to queue
[2024-03-09T10:36:08.466+0000] {logging_mixin.py:188} INFO - [2024-03-09T10:36:08.465+0000] {dagbag.py:540} INFO - Filling up the DagBag from /home/airflow/.local/lib/python3.8/site-packages/airflow/example_dags/example_external_task_marker_dag.py
[2024-03-09T10:36:08.472+0000] {processor.py:840} INFO - DAG(s) 'example_external_task_marker_parent', 'example_external_task_marker_child' retrieved from /home/airflow/.local/lib/python3.8/site-packages/airflow/example_dags/example_external_task_marker_dag.py
[2024-03-09T10:36:08.504+0000] {logging_mixin.py:188} INFO - [2024-03-09T10:36:08.504+0000] {dag.py:3047} INFO - Sync 2 DAGs
[2024-03-09T10:36:08.522+0000] {logging_mixin.py:188} INFO - [2024-03-09T10:36:08.521+0000] {dag.py:3834} INFO - Setting next_dagrun for example_external_task_marker_child to None, run_after=None
[2024-03-09T10:36:08.527+0000] {logging_mixin.py:188} INFO - [2024-03-09T10:36:08.527+0000] {dag.py:3834} INFO - Setting next_dagrun for example_external_task_marker_parent to None, run_after=None
[2024-03-09T10:36:08.560+0000] {processor.py:183} INFO - Processing /home/airflow/.local/lib/python3.8/site-packages/airflow/example_dags/example_external_task_marker_dag.py took 0.100 seconds
[2024-03-09T10:36:38.837+0000] {processor.py:161} INFO - Started process (PID=713) to work on /home/airflow/.local/lib/python3.8/site-packages/airflow/example_dags/example_external_task_marker_dag.py
[2024-03-09T10:36:38.838+0000] {processor.py:830} INFO - Processing file /home/airflow/.local/lib/python3.8/site-packages/airflow/example_dags/example_external_task_marker_dag.py for tasks to queue
[2024-03-09T10:36:38.840+0000] {logging_mixin.py:188} INFO - [2024-03-09T10:36:38.840+0000] {dagbag.py:540} INFO - Filling up the DagBag from /home/airflow/.local/lib/python3.8/site-packages/airflow/example_dags/example_external_task_marker_dag.py
[2024-03-09T10:36:38.849+0000] {processor.py:840} INFO - DAG(s) 'example_external_task_marker_parent', 'example_external_task_marker_child' retrieved from /home/airflow/.local/lib/python3.8/site-packages/airflow/example_dags/example_external_task_marker_dag.py
[2024-03-09T10:36:38.883+0000] {logging_mixin.py:188} INFO - [2024-03-09T10:36:38.882+0000] {dag.py:3047} INFO - Sync 2 DAGs
[2024-03-09T10:36:38.900+0000] {logging_mixin.py:188} INFO - [2024-03-09T10:36:38.900+0000] {dag.py:3834} INFO - Setting next_dagrun for example_external_task_marker_child to None, run_after=None
[2024-03-09T10:36:38.906+0000] {logging_mixin.py:188} INFO - [2024-03-09T10:36:38.906+0000] {dag.py:3834} INFO - Setting next_dagrun for example_external_task_marker_parent to None, run_after=None
[2024-03-09T10:36:38.928+0000] {processor.py:183} INFO - Processing /home/airflow/.local/lib/python3.8/site-packages/airflow/example_dags/example_external_task_marker_dag.py took 0.094 seconds
[2024-03-09T10:37:09.677+0000] {processor.py:161} INFO - Started process (PID=768) to work on /home/airflow/.local/lib/python3.8/site-packages/airflow/example_dags/example_external_task_marker_dag.py
[2024-03-09T10:37:09.678+0000] {processor.py:830} INFO - Processing file /home/airflow/.local/lib/python3.8/site-packages/airflow/example_dags/example_external_task_marker_dag.py for tasks to queue
[2024-03-09T10:37:09.680+0000] {logging_mixin.py:188} INFO - [2024-03-09T10:37:09.680+0000] {dagbag.py:540} INFO - Filling up the DagBag from /home/airflow/.local/lib/python3.8/site-packages/airflow/example_dags/example_external_task_marker_dag.py
[2024-03-09T10:37:09.685+0000] {processor.py:840} INFO - DAG(s) 'example_external_task_marker_parent', 'example_external_task_marker_child' retrieved from /home/airflow/.local/lib/python3.8/site-packages/airflow/example_dags/example_external_task_marker_dag.py
[2024-03-09T10:37:09.710+0000] {logging_mixin.py:188} INFO - [2024-03-09T10:37:09.710+0000] {dag.py:3047} INFO - Sync 2 DAGs
[2024-03-09T10:37:09.723+0000] {logging_mixin.py:188} INFO - [2024-03-09T10:37:09.723+0000] {dag.py:3834} INFO - Setting next_dagrun for example_external_task_marker_child to None, run_after=None
[2024-03-09T10:37:09.728+0000] {logging_mixin.py:188} INFO - [2024-03-09T10:37:09.727+0000] {dag.py:3834} INFO - Setting next_dagrun for example_external_task_marker_parent to None, run_after=None
[2024-03-09T10:37:09.751+0000] {processor.py:183} INFO - Processing /home/airflow/.local/lib/python3.8/site-packages/airflow/example_dags/example_external_task_marker_dag.py took 0.077 seconds
[2024-03-09T10:37:40.141+0000] {processor.py:161} INFO - Started process (PID=823) to work on /home/airflow/.local/lib/python3.8/site-packages/airflow/example_dags/example_external_task_marker_dag.py
[2024-03-09T10:37:40.143+0000] {processor.py:830} INFO - Processing file /home/airflow/.local/lib/python3.8/site-packages/airflow/example_dags/example_external_task_marker_dag.py for tasks to queue
[2024-03-09T10:37:40.146+0000] {logging_mixin.py:188} INFO - [2024-03-09T10:37:40.146+0000] {dagbag.py:540} INFO - Filling up the DagBag from /home/airflow/.local/lib/python3.8/site-packages/airflow/example_dags/example_external_task_marker_dag.py
[2024-03-09T10:37:40.154+0000] {processor.py:840} INFO - DAG(s) 'example_external_task_marker_child', 'example_external_task_marker_parent' retrieved from /home/airflow/.local/lib/python3.8/site-packages/airflow/example_dags/example_external_task_marker_dag.py
[2024-03-09T10:37:40.192+0000] {logging_mixin.py:188} INFO - [2024-03-09T10:37:40.191+0000] {dag.py:3047} INFO - Sync 2 DAGs
[2024-03-09T10:37:40.209+0000] {logging_mixin.py:188} INFO - [2024-03-09T10:37:40.209+0000] {dag.py:3834} INFO - Setting next_dagrun for example_external_task_marker_child to None, run_after=None
[2024-03-09T10:37:40.215+0000] {logging_mixin.py:188} INFO - [2024-03-09T10:37:40.215+0000] {dag.py:3834} INFO - Setting next_dagrun for example_external_task_marker_parent to None, run_after=None
[2024-03-09T10:37:40.242+0000] {processor.py:183} INFO - Processing /home/airflow/.local/lib/python3.8/site-packages/airflow/example_dags/example_external_task_marker_dag.py took 0.107 seconds
[2024-03-09T10:38:10.674+0000] {processor.py:161} INFO - Started process (PID=878) to work on /home/airflow/.local/lib/python3.8/site-packages/airflow/example_dags/example_external_task_marker_dag.py
[2024-03-09T10:38:10.676+0000] {processor.py:830} INFO - Processing file /home/airflow/.local/lib/python3.8/site-packages/airflow/example_dags/example_external_task_marker_dag.py for tasks to queue
[2024-03-09T10:38:10.679+0000] {logging_mixin.py:188} INFO - [2024-03-09T10:38:10.678+0000] {dagbag.py:540} INFO - Filling up the DagBag from /home/airflow/.local/lib/python3.8/site-packages/airflow/example_dags/example_external_task_marker_dag.py
[2024-03-09T10:38:10.693+0000] {processor.py:840} INFO - DAG(s) 'example_external_task_marker_parent', 'example_external_task_marker_child' retrieved from /home/airflow/.local/lib/python3.8/site-packages/airflow/example_dags/example_external_task_marker_dag.py
[2024-03-09T10:38:10.741+0000] {logging_mixin.py:188} INFO - [2024-03-09T10:38:10.740+0000] {dag.py:3047} INFO - Sync 2 DAGs
[2024-03-09T10:38:10.759+0000] {logging_mixin.py:188} INFO - [2024-03-09T10:38:10.759+0000] {dag.py:3834} INFO - Setting next_dagrun for example_external_task_marker_child to None, run_after=None
[2024-03-09T10:38:10.765+0000] {logging_mixin.py:188} INFO - [2024-03-09T10:38:10.765+0000] {dag.py:3834} INFO - Setting next_dagrun for example_external_task_marker_parent to None, run_after=None
[2024-03-09T10:38:10.791+0000] {processor.py:183} INFO - Processing /home/airflow/.local/lib/python3.8/site-packages/airflow/example_dags/example_external_task_marker_dag.py took 0.120 seconds
[2024-03-09T10:38:41.009+0000] {processor.py:161} INFO - Started process (PID=933) to work on /home/airflow/.local/lib/python3.8/site-packages/airflow/example_dags/example_external_task_marker_dag.py
[2024-03-09T10:38:41.011+0000] {processor.py:830} INFO - Processing file /home/airflow/.local/lib/python3.8/site-packages/airflow/example_dags/example_external_task_marker_dag.py for tasks to queue
[2024-03-09T10:38:41.013+0000] {logging_mixin.py:188} INFO - [2024-03-09T10:38:41.013+0000] {dagbag.py:540} INFO - Filling up the DagBag from /home/airflow/.local/lib/python3.8/site-packages/airflow/example_dags/example_external_task_marker_dag.py
[2024-03-09T10:38:41.022+0000] {processor.py:840} INFO - DAG(s) 'example_external_task_marker_parent', 'example_external_task_marker_child' retrieved from /home/airflow/.local/lib/python3.8/site-packages/airflow/example_dags/example_external_task_marker_dag.py
[2024-03-09T10:38:41.054+0000] {logging_mixin.py:188} INFO - [2024-03-09T10:38:41.053+0000] {dag.py:3047} INFO - Sync 2 DAGs
[2024-03-09T10:38:41.074+0000] {logging_mixin.py:188} INFO - [2024-03-09T10:38:41.074+0000] {dag.py:3834} INFO - Setting next_dagrun for example_external_task_marker_child to None, run_after=None
[2024-03-09T10:38:41.080+0000] {logging_mixin.py:188} INFO - [2024-03-09T10:38:41.079+0000] {dag.py:3834} INFO - Setting next_dagrun for example_external_task_marker_parent to None, run_after=None
[2024-03-09T10:38:41.101+0000] {processor.py:183} INFO - Processing /home/airflow/.local/lib/python3.8/site-packages/airflow/example_dags/example_external_task_marker_dag.py took 0.095 seconds
[2024-03-09T10:39:11.276+0000] {processor.py:161} INFO - Started process (PID=988) to work on /home/airflow/.local/lib/python3.8/site-packages/airflow/example_dags/example_external_task_marker_dag.py
[2024-03-09T10:39:11.277+0000] {processor.py:830} INFO - Processing file /home/airflow/.local/lib/python3.8/site-packages/airflow/example_dags/example_external_task_marker_dag.py for tasks to queue
[2024-03-09T10:39:11.279+0000] {logging_mixin.py:188} INFO - [2024-03-09T10:39:11.278+0000] {dagbag.py:540} INFO - Filling up the DagBag from /home/airflow/.local/lib/python3.8/site-packages/airflow/example_dags/example_external_task_marker_dag.py
[2024-03-09T10:39:11.284+0000] {processor.py:840} INFO - DAG(s) 'example_external_task_marker_child', 'example_external_task_marker_parent' retrieved from /home/airflow/.local/lib/python3.8/site-packages/airflow/example_dags/example_external_task_marker_dag.py
[2024-03-09T10:39:11.315+0000] {logging_mixin.py:188} INFO - [2024-03-09T10:39:11.314+0000] {dag.py:3047} INFO - Sync 2 DAGs
[2024-03-09T10:39:11.332+0000] {logging_mixin.py:188} INFO - [2024-03-09T10:39:11.331+0000] {dag.py:3834} INFO - Setting next_dagrun for example_external_task_marker_child to None, run_after=None
[2024-03-09T10:39:11.336+0000] {logging_mixin.py:188} INFO - [2024-03-09T10:39:11.336+0000] {dag.py:3834} INFO - Setting next_dagrun for example_external_task_marker_parent to None, run_after=None
[2024-03-09T10:39:11.357+0000] {processor.py:183} INFO - Processing /home/airflow/.local/lib/python3.8/site-packages/airflow/example_dags/example_external_task_marker_dag.py took 0.085 seconds
[2024-03-09T10:39:41.749+0000] {processor.py:161} INFO - Started process (PID=1043) to work on /home/airflow/.local/lib/python3.8/site-packages/airflow/example_dags/example_external_task_marker_dag.py
[2024-03-09T10:39:41.750+0000] {processor.py:830} INFO - Processing file /home/airflow/.local/lib/python3.8/site-packages/airflow/example_dags/example_external_task_marker_dag.py for tasks to queue
[2024-03-09T10:39:41.751+0000] {logging_mixin.py:188} INFO - [2024-03-09T10:39:41.751+0000] {dagbag.py:540} INFO - Filling up the DagBag from /home/airflow/.local/lib/python3.8/site-packages/airflow/example_dags/example_external_task_marker_dag.py
[2024-03-09T10:39:41.757+0000] {processor.py:840} INFO - DAG(s) 'example_external_task_marker_parent', 'example_external_task_marker_child' retrieved from /home/airflow/.local/lib/python3.8/site-packages/airflow/example_dags/example_external_task_marker_dag.py
[2024-03-09T10:39:41.781+0000] {logging_mixin.py:188} INFO - [2024-03-09T10:39:41.781+0000] {dag.py:3047} INFO - Sync 2 DAGs
[2024-03-09T10:39:41.795+0000] {logging_mixin.py:188} INFO - [2024-03-09T10:39:41.794+0000] {dag.py:3834} INFO - Setting next_dagrun for example_external_task_marker_child to None, run_after=None
[2024-03-09T10:39:41.800+0000] {logging_mixin.py:188} INFO - [2024-03-09T10:39:41.799+0000] {dag.py:3834} INFO - Setting next_dagrun for example_external_task_marker_parent to None, run_after=None
[2024-03-09T10:39:41.828+0000] {processor.py:183} INFO - Processing /home/airflow/.local/lib/python3.8/site-packages/airflow/example_dags/example_external_task_marker_dag.py took 0.083 seconds
[2024-03-09T10:40:12.018+0000] {processor.py:161} INFO - Started process (PID=1098) to work on /home/airflow/.local/lib/python3.8/site-packages/airflow/example_dags/example_external_task_marker_dag.py
[2024-03-09T10:40:12.019+0000] {processor.py:830} INFO - Processing file /home/airflow/.local/lib/python3.8/site-packages/airflow/example_dags/example_external_task_marker_dag.py for tasks to queue
[2024-03-09T10:40:12.021+0000] {logging_mixin.py:188} INFO - [2024-03-09T10:40:12.021+0000] {dagbag.py:540} INFO - Filling up the DagBag from /home/airflow/.local/lib/python3.8/site-packages/airflow/example_dags/example_external_task_marker_dag.py
[2024-03-09T10:40:12.027+0000] {processor.py:840} INFO - DAG(s) 'example_external_task_marker_parent', 'example_external_task_marker_child' retrieved from /home/airflow/.local/lib/python3.8/site-packages/airflow/example_dags/example_external_task_marker_dag.py
[2024-03-09T10:40:12.053+0000] {logging_mixin.py:188} INFO - [2024-03-09T10:40:12.052+0000] {dag.py:3047} INFO - Sync 2 DAGs
[2024-03-09T10:40:12.066+0000] {logging_mixin.py:188} INFO - [2024-03-09T10:40:12.065+0000] {dag.py:3834} INFO - Setting next_dagrun for example_external_task_marker_child to None, run_after=None
[2024-03-09T10:40:12.070+0000] {logging_mixin.py:188} INFO - [2024-03-09T10:40:12.070+0000] {dag.py:3834} INFO - Setting next_dagrun for example_external_task_marker_parent to None, run_after=None
[2024-03-09T10:40:12.091+0000] {processor.py:183} INFO - Processing /home/airflow/.local/lib/python3.8/site-packages/airflow/example_dags/example_external_task_marker_dag.py took 0.076 seconds
[2024-03-09T10:40:42.577+0000] {processor.py:161} INFO - Started process (PID=1153) to work on /home/airflow/.local/lib/python3.8/site-packages/airflow/example_dags/example_external_task_marker_dag.py
[2024-03-09T10:40:42.578+0000] {processor.py:830} INFO - Processing file /home/airflow/.local/lib/python3.8/site-packages/airflow/example_dags/example_external_task_marker_dag.py for tasks to queue
[2024-03-09T10:40:42.580+0000] {logging_mixin.py:188} INFO - [2024-03-09T10:40:42.580+0000] {dagbag.py:540} INFO - Filling up the DagBag from /home/airflow/.local/lib/python3.8/site-packages/airflow/example_dags/example_external_task_marker_dag.py
[2024-03-09T10:40:42.586+0000] {processor.py:840} INFO - DAG(s) 'example_external_task_marker_parent', 'example_external_task_marker_child' retrieved from /home/airflow/.local/lib/python3.8/site-packages/airflow/example_dags/example_external_task_marker_dag.py
[2024-03-09T10:40:42.619+0000] {logging_mixin.py:188} INFO - [2024-03-09T10:40:42.619+0000] {dag.py:3047} INFO - Sync 2 DAGs
[2024-03-09T10:40:42.634+0000] {logging_mixin.py:188} INFO - [2024-03-09T10:40:42.633+0000] {dag.py:3834} INFO - Setting next_dagrun for example_external_task_marker_child to None, run_after=None
[2024-03-09T10:40:42.639+0000] {logging_mixin.py:188} INFO - [2024-03-09T10:40:42.639+0000] {dag.py:3834} INFO - Setting next_dagrun for example_external_task_marker_parent to None, run_after=None
[2024-03-09T10:40:42.662+0000] {processor.py:183} INFO - Processing /home/airflow/.local/lib/python3.8/site-packages/airflow/example_dags/example_external_task_marker_dag.py took 0.088 seconds
[2024-03-09T10:41:12.737+0000] {processor.py:161} INFO - Started process (PID=1208) to work on /home/airflow/.local/lib/python3.8/site-packages/airflow/example_dags/example_external_task_marker_dag.py
[2024-03-09T10:41:12.739+0000] {processor.py:830} INFO - Processing file /home/airflow/.local/lib/python3.8/site-packages/airflow/example_dags/example_external_task_marker_dag.py for tasks to queue
[2024-03-09T10:41:12.741+0000] {logging_mixin.py:188} INFO - [2024-03-09T10:41:12.740+0000] {dagbag.py:540} INFO - Filling up the DagBag from /home/airflow/.local/lib/python3.8/site-packages/airflow/example_dags/example_external_task_marker_dag.py
[2024-03-09T10:41:12.747+0000] {processor.py:840} INFO - DAG(s) 'example_external_task_marker_child', 'example_external_task_marker_parent' retrieved from /home/airflow/.local/lib/python3.8/site-packages/airflow/example_dags/example_external_task_marker_dag.py
[2024-03-09T10:41:12.773+0000] {logging_mixin.py:188} INFO - [2024-03-09T10:41:12.772+0000] {dag.py:3047} INFO - Sync 2 DAGs
[2024-03-09T10:41:12.789+0000] {logging_mixin.py:188} INFO - [2024-03-09T10:41:12.788+0000] {dag.py:3834} INFO - Setting next_dagrun for example_external_task_marker_child to None, run_after=None
[2024-03-09T10:41:12.794+0000] {logging_mixin.py:188} INFO - [2024-03-09T10:41:12.794+0000] {dag.py:3834} INFO - Setting next_dagrun for example_external_task_marker_parent to None, run_after=None
[2024-03-09T10:41:12.817+0000] {processor.py:183} INFO - Processing /home/airflow/.local/lib/python3.8/site-packages/airflow/example_dags/example_external_task_marker_dag.py took 0.083 seconds
[2024-03-09T10:41:42.956+0000] {processor.py:161} INFO - Started process (PID=1263) to work on /home/airflow/.local/lib/python3.8/site-packages/airflow/example_dags/example_external_task_marker_dag.py
[2024-03-09T10:41:42.957+0000] {processor.py:830} INFO - Processing file /home/airflow/.local/lib/python3.8/site-packages/airflow/example_dags/example_external_task_marker_dag.py for tasks to queue
[2024-03-09T10:41:42.959+0000] {logging_mixin.py:188} INFO - [2024-03-09T10:41:42.958+0000] {dagbag.py:540} INFO - Filling up the DagBag from /home/airflow/.local/lib/python3.8/site-packages/airflow/example_dags/example_external_task_marker_dag.py
[2024-03-09T10:41:42.964+0000] {processor.py:840} INFO - DAG(s) 'example_external_task_marker_child', 'example_external_task_marker_parent' retrieved from /home/airflow/.local/lib/python3.8/site-packages/airflow/example_dags/example_external_task_marker_dag.py
[2024-03-09T10:41:42.992+0000] {logging_mixin.py:188} INFO - [2024-03-09T10:41:42.992+0000] {dag.py:3047} INFO - Sync 2 DAGs
[2024-03-09T10:41:43.006+0000] {logging_mixin.py:188} INFO - [2024-03-09T10:41:43.005+0000] {dag.py:3834} INFO - Setting next_dagrun for example_external_task_marker_child to None, run_after=None
[2024-03-09T10:41:43.010+0000] {logging_mixin.py:188} INFO - [2024-03-09T10:41:43.010+0000] {dag.py:3834} INFO - Setting next_dagrun for example_external_task_marker_parent to None, run_after=None
[2024-03-09T10:41:43.037+0000] {processor.py:183} INFO - Processing /home/airflow/.local/lib/python3.8/site-packages/airflow/example_dags/example_external_task_marker_dag.py took 0.084 seconds
[2024-03-09T10:42:13.164+0000] {processor.py:161} INFO - Started process (PID=1318) to work on /home/airflow/.local/lib/python3.8/site-packages/airflow/example_dags/example_external_task_marker_dag.py
[2024-03-09T10:42:13.165+0000] {processor.py:830} INFO - Processing file /home/airflow/.local/lib/python3.8/site-packages/airflow/example_dags/example_external_task_marker_dag.py for tasks to queue
[2024-03-09T10:42:13.166+0000] {logging_mixin.py:188} INFO - [2024-03-09T10:42:13.166+0000] {dagbag.py:540} INFO - Filling up the DagBag from /home/airflow/.local/lib/python3.8/site-packages/airflow/example_dags/example_external_task_marker_dag.py
[2024-03-09T10:42:13.172+0000] {processor.py:840} INFO - DAG(s) 'example_external_task_marker_child', 'example_external_task_marker_parent' retrieved from /home/airflow/.local/lib/python3.8/site-packages/airflow/example_dags/example_external_task_marker_dag.py
[2024-03-09T10:42:13.196+0000] {logging_mixin.py:188} INFO - [2024-03-09T10:42:13.196+0000] {dag.py:3047} INFO - Sync 2 DAGs
[2024-03-09T10:42:13.210+0000] {logging_mixin.py:188} INFO - [2024-03-09T10:42:13.210+0000] {dag.py:3834} INFO - Setting next_dagrun for example_external_task_marker_child to None, run_after=None
[2024-03-09T10:42:13.214+0000] {logging_mixin.py:188} INFO - [2024-03-09T10:42:13.214+0000] {dag.py:3834} INFO - Setting next_dagrun for example_external_task_marker_parent to None, run_after=None
[2024-03-09T10:42:13.244+0000] {processor.py:183} INFO - Processing /home/airflow/.local/lib/python3.8/site-packages/airflow/example_dags/example_external_task_marker_dag.py took 0.084 seconds
[2024-03-09T10:42:43.659+0000] {processor.py:161} INFO - Started process (PID=1373) to work on /home/airflow/.local/lib/python3.8/site-packages/airflow/example_dags/example_external_task_marker_dag.py
[2024-03-09T10:42:43.660+0000] {processor.py:830} INFO - Processing file /home/airflow/.local/lib/python3.8/site-packages/airflow/example_dags/example_external_task_marker_dag.py for tasks to queue
[2024-03-09T10:42:43.662+0000] {logging_mixin.py:188} INFO - [2024-03-09T10:42:43.661+0000] {dagbag.py:540} INFO - Filling up the DagBag from /home/airflow/.local/lib/python3.8/site-packages/airflow/example_dags/example_external_task_marker_dag.py
[2024-03-09T10:42:43.668+0000] {processor.py:840} INFO - DAG(s) 'example_external_task_marker_parent', 'example_external_task_marker_child' retrieved from /home/airflow/.local/lib/python3.8/site-packages/airflow/example_dags/example_external_task_marker_dag.py
[2024-03-09T10:42:43.694+0000] {logging_mixin.py:188} INFO - [2024-03-09T10:42:43.694+0000] {dag.py:3047} INFO - Sync 2 DAGs
[2024-03-09T10:42:43.707+0000] {logging_mixin.py:188} INFO - [2024-03-09T10:42:43.707+0000] {dag.py:3834} INFO - Setting next_dagrun for example_external_task_marker_child to None, run_after=None
[2024-03-09T10:42:43.711+0000] {logging_mixin.py:188} INFO - [2024-03-09T10:42:43.711+0000] {dag.py:3834} INFO - Setting next_dagrun for example_external_task_marker_parent to None, run_after=None
[2024-03-09T10:42:43.732+0000] {processor.py:183} INFO - Processing /home/airflow/.local/lib/python3.8/site-packages/airflow/example_dags/example_external_task_marker_dag.py took 0.077 seconds
[2024-03-09T10:43:13.843+0000] {processor.py:161} INFO - Started process (PID=1428) to work on /home/airflow/.local/lib/python3.8/site-packages/airflow/example_dags/example_external_task_marker_dag.py
[2024-03-09T10:43:13.844+0000] {processor.py:830} INFO - Processing file /home/airflow/.local/lib/python3.8/site-packages/airflow/example_dags/example_external_task_marker_dag.py for tasks to queue
[2024-03-09T10:43:13.846+0000] {logging_mixin.py:188} INFO - [2024-03-09T10:43:13.845+0000] {dagbag.py:540} INFO - Filling up the DagBag from /home/airflow/.local/lib/python3.8/site-packages/airflow/example_dags/example_external_task_marker_dag.py
[2024-03-09T10:43:13.851+0000] {processor.py:840} INFO - DAG(s) 'example_external_task_marker_parent', 'example_external_task_marker_child' retrieved from /home/airflow/.local/lib/python3.8/site-packages/airflow/example_dags/example_external_task_marker_dag.py
[2024-03-09T10:43:13.875+0000] {logging_mixin.py:188} INFO - [2024-03-09T10:43:13.875+0000] {dag.py:3047} INFO - Sync 2 DAGs
[2024-03-09T10:43:13.892+0000] {logging_mixin.py:188} INFO - [2024-03-09T10:43:13.892+0000] {dag.py:3834} INFO - Setting next_dagrun for example_external_task_marker_child to None, run_after=None
[2024-03-09T10:43:13.897+0000] {logging_mixin.py:188} INFO - [2024-03-09T10:43:13.896+0000] {dag.py:3834} INFO - Setting next_dagrun for example_external_task_marker_parent to None, run_after=None
[2024-03-09T10:43:13.919+0000] {processor.py:183} INFO - Processing /home/airflow/.local/lib/python3.8/site-packages/airflow/example_dags/example_external_task_marker_dag.py took 0.079 seconds
[2024-03-09T10:43:44.238+0000] {processor.py:161} INFO - Started process (PID=1483) to work on /home/airflow/.local/lib/python3.8/site-packages/airflow/example_dags/example_external_task_marker_dag.py
[2024-03-09T10:43:44.240+0000] {processor.py:830} INFO - Processing file /home/airflow/.local/lib/python3.8/site-packages/airflow/example_dags/example_external_task_marker_dag.py for tasks to queue
[2024-03-09T10:43:44.242+0000] {logging_mixin.py:188} INFO - [2024-03-09T10:43:44.241+0000] {dagbag.py:540} INFO - Filling up the DagBag from /home/airflow/.local/lib/python3.8/site-packages/airflow/example_dags/example_external_task_marker_dag.py
[2024-03-09T10:43:44.247+0000] {processor.py:840} INFO - DAG(s) 'example_external_task_marker_child', 'example_external_task_marker_parent' retrieved from /home/airflow/.local/lib/python3.8/site-packages/airflow/example_dags/example_external_task_marker_dag.py
[2024-03-09T10:43:44.273+0000] {logging_mixin.py:188} INFO - [2024-03-09T10:43:44.273+0000] {dag.py:3047} INFO - Sync 2 DAGs
[2024-03-09T10:43:44.288+0000] {logging_mixin.py:188} INFO - [2024-03-09T10:43:44.287+0000] {dag.py:3834} INFO - Setting next_dagrun for example_external_task_marker_child to None, run_after=None
[2024-03-09T10:43:44.292+0000] {logging_mixin.py:188} INFO - [2024-03-09T10:43:44.292+0000] {dag.py:3834} INFO - Setting next_dagrun for example_external_task_marker_parent to None, run_after=None
[2024-03-09T10:43:44.316+0000] {processor.py:183} INFO - Processing /home/airflow/.local/lib/python3.8/site-packages/airflow/example_dags/example_external_task_marker_dag.py took 0.080 seconds
[2024-03-09T10:44:14.670+0000] {processor.py:161} INFO - Started process (PID=1538) to work on /home/airflow/.local/lib/python3.8/site-packages/airflow/example_dags/example_external_task_marker_dag.py
[2024-03-09T10:44:14.671+0000] {processor.py:830} INFO - Processing file /home/airflow/.local/lib/python3.8/site-packages/airflow/example_dags/example_external_task_marker_dag.py for tasks to queue
[2024-03-09T10:44:14.673+0000] {logging_mixin.py:188} INFO - [2024-03-09T10:44:14.673+0000] {dagbag.py:540} INFO - Filling up the DagBag from /home/airflow/.local/lib/python3.8/site-packages/airflow/example_dags/example_external_task_marker_dag.py
[2024-03-09T10:44:14.678+0000] {processor.py:840} INFO - DAG(s) 'example_external_task_marker_child', 'example_external_task_marker_parent' retrieved from /home/airflow/.local/lib/python3.8/site-packages/airflow/example_dags/example_external_task_marker_dag.py
[2024-03-09T10:44:14.705+0000] {logging_mixin.py:188} INFO - [2024-03-09T10:44:14.705+0000] {dag.py:3047} INFO - Sync 2 DAGs
[2024-03-09T10:44:14.718+0000] {logging_mixin.py:188} INFO - [2024-03-09T10:44:14.718+0000] {dag.py:3834} INFO - Setting next_dagrun for example_external_task_marker_child to None, run_after=None
[2024-03-09T10:44:14.722+0000] {logging_mixin.py:188} INFO - [2024-03-09T10:44:14.722+0000] {dag.py:3834} INFO - Setting next_dagrun for example_external_task_marker_parent to None, run_after=None
[2024-03-09T10:44:14.751+0000] {processor.py:183} INFO - Processing /home/airflow/.local/lib/python3.8/site-packages/airflow/example_dags/example_external_task_marker_dag.py took 0.084 seconds
[2024-03-09T10:44:44.973+0000] {processor.py:161} INFO - Started process (PID=1593) to work on /home/airflow/.local/lib/python3.8/site-packages/airflow/example_dags/example_external_task_marker_dag.py
[2024-03-09T10:44:44.975+0000] {processor.py:830} INFO - Processing file /home/airflow/.local/lib/python3.8/site-packages/airflow/example_dags/example_external_task_marker_dag.py for tasks to queue
[2024-03-09T10:44:44.976+0000] {logging_mixin.py:188} INFO - [2024-03-09T10:44:44.976+0000] {dagbag.py:540} INFO - Filling up the DagBag from /home/airflow/.local/lib/python3.8/site-packages/airflow/example_dags/example_external_task_marker_dag.py
[2024-03-09T10:44:44.982+0000] {processor.py:840} INFO - DAG(s) 'example_external_task_marker_child', 'example_external_task_marker_parent' retrieved from /home/airflow/.local/lib/python3.8/site-packages/airflow/example_dags/example_external_task_marker_dag.py
[2024-03-09T10:44:45.011+0000] {logging_mixin.py:188} INFO - [2024-03-09T10:44:45.010+0000] {dag.py:3047} INFO - Sync 2 DAGs
[2024-03-09T10:44:45.026+0000] {logging_mixin.py:188} INFO - [2024-03-09T10:44:45.026+0000] {dag.py:3834} INFO - Setting next_dagrun for example_external_task_marker_child to None, run_after=None
[2024-03-09T10:44:45.031+0000] {logging_mixin.py:188} INFO - [2024-03-09T10:44:45.031+0000] {dag.py:3834} INFO - Setting next_dagrun for example_external_task_marker_parent to None, run_after=None
[2024-03-09T10:44:45.055+0000] {processor.py:183} INFO - Processing /home/airflow/.local/lib/python3.8/site-packages/airflow/example_dags/example_external_task_marker_dag.py took 0.084 seconds
[2024-03-09T10:45:15.205+0000] {processor.py:161} INFO - Started process (PID=1648) to work on /home/airflow/.local/lib/python3.8/site-packages/airflow/example_dags/example_external_task_marker_dag.py
[2024-03-09T10:45:15.206+0000] {processor.py:830} INFO - Processing file /home/airflow/.local/lib/python3.8/site-packages/airflow/example_dags/example_external_task_marker_dag.py for tasks to queue
[2024-03-09T10:45:15.208+0000] {logging_mixin.py:188} INFO - [2024-03-09T10:45:15.208+0000] {dagbag.py:540} INFO - Filling up the DagBag from /home/airflow/.local/lib/python3.8/site-packages/airflow/example_dags/example_external_task_marker_dag.py
[2024-03-09T10:45:15.214+0000] {processor.py:840} INFO - DAG(s) 'example_external_task_marker_child', 'example_external_task_marker_parent' retrieved from /home/airflow/.local/lib/python3.8/site-packages/airflow/example_dags/example_external_task_marker_dag.py
[2024-03-09T10:45:15.244+0000] {logging_mixin.py:188} INFO - [2024-03-09T10:45:15.244+0000] {dag.py:3047} INFO - Sync 2 DAGs
[2024-03-09T10:45:15.262+0000] {logging_mixin.py:188} INFO - [2024-03-09T10:45:15.261+0000] {dag.py:3834} INFO - Setting next_dagrun for example_external_task_marker_child to None, run_after=None
[2024-03-09T10:45:15.267+0000] {logging_mixin.py:188} INFO - [2024-03-09T10:45:15.267+0000] {dag.py:3834} INFO - Setting next_dagrun for example_external_task_marker_parent to None, run_after=None
[2024-03-09T10:45:15.296+0000] {processor.py:183} INFO - Processing /home/airflow/.local/lib/python3.8/site-packages/airflow/example_dags/example_external_task_marker_dag.py took 0.095 seconds
[2024-03-09T10:45:45.420+0000] {processor.py:161} INFO - Started process (PID=1703) to work on /home/airflow/.local/lib/python3.8/site-packages/airflow/example_dags/example_external_task_marker_dag.py
[2024-03-09T10:45:45.421+0000] {processor.py:830} INFO - Processing file /home/airflow/.local/lib/python3.8/site-packages/airflow/example_dags/example_external_task_marker_dag.py for tasks to queue
[2024-03-09T10:45:45.424+0000] {logging_mixin.py:188} INFO - [2024-03-09T10:45:45.423+0000] {dagbag.py:540} INFO - Filling up the DagBag from /home/airflow/.local/lib/python3.8/site-packages/airflow/example_dags/example_external_task_marker_dag.py
[2024-03-09T10:45:45.430+0000] {processor.py:840} INFO - DAG(s) 'example_external_task_marker_child', 'example_external_task_marker_parent' retrieved from /home/airflow/.local/lib/python3.8/site-packages/airflow/example_dags/example_external_task_marker_dag.py
[2024-03-09T10:45:45.462+0000] {logging_mixin.py:188} INFO - [2024-03-09T10:45:45.461+0000] {dag.py:3047} INFO - Sync 2 DAGs
[2024-03-09T10:45:45.480+0000] {logging_mixin.py:188} INFO - [2024-03-09T10:45:45.479+0000] {dag.py:3834} INFO - Setting next_dagrun for example_external_task_marker_child to None, run_after=None
[2024-03-09T10:45:45.485+0000] {logging_mixin.py:188} INFO - [2024-03-09T10:45:45.485+0000] {dag.py:3834} INFO - Setting next_dagrun for example_external_task_marker_parent to None, run_after=None
[2024-03-09T10:45:45.511+0000] {processor.py:183} INFO - Processing /home/airflow/.local/lib/python3.8/site-packages/airflow/example_dags/example_external_task_marker_dag.py took 0.094 seconds
