[2024-03-09T10:30:38.486+0000] {processor.py:161} INFO - Started process (PID=76) to work on /home/airflow/.local/lib/python3.8/site-packages/airflow/example_dags/example_complex.py
[2024-03-09T10:30:38.487+0000] {processor.py:830} INFO - Processing file /home/airflow/.local/lib/python3.8/site-packages/airflow/example_dags/example_complex.py for tasks to queue
[2024-03-09T10:30:38.490+0000] {logging_mixin.py:188} INFO - [2024-03-09T10:30:38.489+0000] {dagbag.py:540} INFO - Filling up the DagBag from /home/airflow/.local/lib/python3.8/site-packages/airflow/example_dags/example_complex.py
[2024-03-09T10:30:38.507+0000] {processor.py:840} INFO - DAG(s) 'example_complex' retrieved from /home/airflow/.local/lib/python3.8/site-packages/airflow/example_dags/example_complex.py
[2024-03-09T10:30:38.671+0000] {logging_mixin.py:188} INFO - [2024-03-09T10:30:38.671+0000] {dag.py:3047} INFO - Sync 1 DAGs
[2024-03-09T10:30:38.685+0000] {logging_mixin.py:188} INFO - [2024-03-09T10:30:38.685+0000] {dag.py:3834} INFO - Setting next_dagrun for example_complex to None, run_after=None
[2024-03-09T10:30:38.720+0000] {processor.py:183} INFO - Processing /home/airflow/.local/lib/python3.8/site-packages/airflow/example_dags/example_complex.py took 0.239 seconds
[2024-03-09T10:31:09.455+0000] {processor.py:161} INFO - Started process (PID=131) to work on /home/airflow/.local/lib/python3.8/site-packages/airflow/example_dags/example_complex.py
[2024-03-09T10:31:09.456+0000] {processor.py:830} INFO - Processing file /home/airflow/.local/lib/python3.8/site-packages/airflow/example_dags/example_complex.py for tasks to queue
[2024-03-09T10:31:09.458+0000] {logging_mixin.py:188} INFO - [2024-03-09T10:31:09.458+0000] {dagbag.py:540} INFO - Filling up the DagBag from /home/airflow/.local/lib/python3.8/site-packages/airflow/example_dags/example_complex.py
[2024-03-09T10:31:09.469+0000] {processor.py:840} INFO - DAG(s) 'example_complex' retrieved from /home/airflow/.local/lib/python3.8/site-packages/airflow/example_dags/example_complex.py
[2024-03-09T10:31:09.505+0000] {logging_mixin.py:188} INFO - [2024-03-09T10:31:09.505+0000] {dag.py:3047} INFO - Sync 1 DAGs
[2024-03-09T10:31:09.518+0000] {logging_mixin.py:188} INFO - [2024-03-09T10:31:09.518+0000] {dag.py:3834} INFO - Setting next_dagrun for example_complex to None, run_after=None
[2024-03-09T10:31:09.543+0000] {processor.py:183} INFO - Processing /home/airflow/.local/lib/python3.8/site-packages/airflow/example_dags/example_complex.py took 0.090 seconds
[2024-03-09T10:31:40.777+0000] {processor.py:161} INFO - Started process (PID=186) to work on /home/airflow/.local/lib/python3.8/site-packages/airflow/example_dags/example_complex.py
[2024-03-09T10:31:40.779+0000] {processor.py:830} INFO - Processing file /home/airflow/.local/lib/python3.8/site-packages/airflow/example_dags/example_complex.py for tasks to queue
[2024-03-09T10:31:40.782+0000] {logging_mixin.py:188} INFO - [2024-03-09T10:31:40.781+0000] {dagbag.py:540} INFO - Filling up the DagBag from /home/airflow/.local/lib/python3.8/site-packages/airflow/example_dags/example_complex.py
[2024-03-09T10:31:40.808+0000] {processor.py:840} INFO - DAG(s) 'example_complex' retrieved from /home/airflow/.local/lib/python3.8/site-packages/airflow/example_dags/example_complex.py
[2024-03-09T10:31:40.867+0000] {logging_mixin.py:188} INFO - [2024-03-09T10:31:40.867+0000] {dag.py:3047} INFO - Sync 1 DAGs
[2024-03-09T10:31:40.892+0000] {logging_mixin.py:188} INFO - [2024-03-09T10:31:40.892+0000] {dag.py:3834} INFO - Setting next_dagrun for example_complex to None, run_after=None
[2024-03-09T10:31:40.956+0000] {processor.py:183} INFO - Processing /home/airflow/.local/lib/python3.8/site-packages/airflow/example_dags/example_complex.py took 0.183 seconds
[2024-03-09T10:32:11.004+0000] {processor.py:161} INFO - Started process (PID=241) to work on /home/airflow/.local/lib/python3.8/site-packages/airflow/example_dags/example_complex.py
[2024-03-09T10:32:11.006+0000] {processor.py:830} INFO - Processing file /home/airflow/.local/lib/python3.8/site-packages/airflow/example_dags/example_complex.py for tasks to queue
[2024-03-09T10:32:11.009+0000] {logging_mixin.py:188} INFO - [2024-03-09T10:32:11.008+0000] {dagbag.py:540} INFO - Filling up the DagBag from /home/airflow/.local/lib/python3.8/site-packages/airflow/example_dags/example_complex.py
[2024-03-09T10:32:11.025+0000] {processor.py:840} INFO - DAG(s) 'example_complex' retrieved from /home/airflow/.local/lib/python3.8/site-packages/airflow/example_dags/example_complex.py
[2024-03-09T10:32:11.074+0000] {logging_mixin.py:188} INFO - [2024-03-09T10:32:11.073+0000] {dag.py:3047} INFO - Sync 1 DAGs
[2024-03-09T10:32:11.094+0000] {logging_mixin.py:188} INFO - [2024-03-09T10:32:11.094+0000] {dag.py:3834} INFO - Setting next_dagrun for example_complex to None, run_after=None
[2024-03-09T10:32:11.127+0000] {processor.py:183} INFO - Processing /home/airflow/.local/lib/python3.8/site-packages/airflow/example_dags/example_complex.py took 0.127 seconds
[2024-03-09T10:32:41.483+0000] {processor.py:161} INFO - Started process (PID=296) to work on /home/airflow/.local/lib/python3.8/site-packages/airflow/example_dags/example_complex.py
[2024-03-09T10:32:41.484+0000] {processor.py:830} INFO - Processing file /home/airflow/.local/lib/python3.8/site-packages/airflow/example_dags/example_complex.py for tasks to queue
[2024-03-09T10:32:41.486+0000] {logging_mixin.py:188} INFO - [2024-03-09T10:32:41.486+0000] {dagbag.py:540} INFO - Filling up the DagBag from /home/airflow/.local/lib/python3.8/site-packages/airflow/example_dags/example_complex.py
[2024-03-09T10:32:41.498+0000] {processor.py:840} INFO - DAG(s) 'example_complex' retrieved from /home/airflow/.local/lib/python3.8/site-packages/airflow/example_dags/example_complex.py
[2024-03-09T10:32:41.534+0000] {logging_mixin.py:188} INFO - [2024-03-09T10:32:41.533+0000] {dag.py:3047} INFO - Sync 1 DAGs
[2024-03-09T10:32:41.547+0000] {logging_mixin.py:188} INFO - [2024-03-09T10:32:41.547+0000] {dag.py:3834} INFO - Setting next_dagrun for example_complex to None, run_after=None
[2024-03-09T10:32:41.571+0000] {processor.py:183} INFO - Processing /home/airflow/.local/lib/python3.8/site-packages/airflow/example_dags/example_complex.py took 0.091 seconds
[2024-03-09T10:33:11.818+0000] {processor.py:161} INFO - Started process (PID=351) to work on /home/airflow/.local/lib/python3.8/site-packages/airflow/example_dags/example_complex.py
[2024-03-09T10:33:11.819+0000] {processor.py:830} INFO - Processing file /home/airflow/.local/lib/python3.8/site-packages/airflow/example_dags/example_complex.py for tasks to queue
[2024-03-09T10:33:11.821+0000] {logging_mixin.py:188} INFO - [2024-03-09T10:33:11.820+0000] {dagbag.py:540} INFO - Filling up the DagBag from /home/airflow/.local/lib/python3.8/site-packages/airflow/example_dags/example_complex.py
[2024-03-09T10:33:11.833+0000] {processor.py:840} INFO - DAG(s) 'example_complex' retrieved from /home/airflow/.local/lib/python3.8/site-packages/airflow/example_dags/example_complex.py
[2024-03-09T10:33:11.871+0000] {logging_mixin.py:188} INFO - [2024-03-09T10:33:11.871+0000] {dag.py:3047} INFO - Sync 1 DAGs
[2024-03-09T10:33:11.886+0000] {logging_mixin.py:188} INFO - [2024-03-09T10:33:11.886+0000] {dag.py:3834} INFO - Setting next_dagrun for example_complex to None, run_after=None
[2024-03-09T10:33:11.917+0000] {processor.py:183} INFO - Processing /home/airflow/.local/lib/python3.8/site-packages/airflow/example_dags/example_complex.py took 0.102 seconds
[2024-03-09T10:33:42.300+0000] {processor.py:161} INFO - Started process (PID=406) to work on /home/airflow/.local/lib/python3.8/site-packages/airflow/example_dags/example_complex.py
[2024-03-09T10:33:42.301+0000] {processor.py:830} INFO - Processing file /home/airflow/.local/lib/python3.8/site-packages/airflow/example_dags/example_complex.py for tasks to queue
[2024-03-09T10:33:42.303+0000] {logging_mixin.py:188} INFO - [2024-03-09T10:33:42.302+0000] {dagbag.py:540} INFO - Filling up the DagBag from /home/airflow/.local/lib/python3.8/site-packages/airflow/example_dags/example_complex.py
[2024-03-09T10:33:42.314+0000] {processor.py:840} INFO - DAG(s) 'example_complex' retrieved from /home/airflow/.local/lib/python3.8/site-packages/airflow/example_dags/example_complex.py
[2024-03-09T10:33:42.348+0000] {logging_mixin.py:188} INFO - [2024-03-09T10:33:42.347+0000] {dag.py:3047} INFO - Sync 1 DAGs
[2024-03-09T10:33:42.362+0000] {logging_mixin.py:188} INFO - [2024-03-09T10:33:42.361+0000] {dag.py:3834} INFO - Setting next_dagrun for example_complex to None, run_after=None
[2024-03-09T10:33:42.387+0000] {processor.py:183} INFO - Processing /home/airflow/.local/lib/python3.8/site-packages/airflow/example_dags/example_complex.py took 0.090 seconds
[2024-03-09T10:34:12.712+0000] {processor.py:161} INFO - Started process (PID=461) to work on /home/airflow/.local/lib/python3.8/site-packages/airflow/example_dags/example_complex.py
[2024-03-09T10:34:12.713+0000] {processor.py:830} INFO - Processing file /home/airflow/.local/lib/python3.8/site-packages/airflow/example_dags/example_complex.py for tasks to queue
[2024-03-09T10:34:12.715+0000] {logging_mixin.py:188} INFO - [2024-03-09T10:34:12.715+0000] {dagbag.py:540} INFO - Filling up the DagBag from /home/airflow/.local/lib/python3.8/site-packages/airflow/example_dags/example_complex.py
[2024-03-09T10:34:12.727+0000] {processor.py:840} INFO - DAG(s) 'example_complex' retrieved from /home/airflow/.local/lib/python3.8/site-packages/airflow/example_dags/example_complex.py
[2024-03-09T10:34:12.762+0000] {logging_mixin.py:188} INFO - [2024-03-09T10:34:12.762+0000] {dag.py:3047} INFO - Sync 1 DAGs
[2024-03-09T10:34:12.775+0000] {logging_mixin.py:188} INFO - [2024-03-09T10:34:12.775+0000] {dag.py:3834} INFO - Setting next_dagrun for example_complex to None, run_after=None
[2024-03-09T10:34:12.804+0000] {processor.py:183} INFO - Processing /home/airflow/.local/lib/python3.8/site-packages/airflow/example_dags/example_complex.py took 0.095 seconds
[2024-03-09T10:34:43.121+0000] {processor.py:161} INFO - Started process (PID=516) to work on /home/airflow/.local/lib/python3.8/site-packages/airflow/example_dags/example_complex.py
[2024-03-09T10:34:43.122+0000] {processor.py:830} INFO - Processing file /home/airflow/.local/lib/python3.8/site-packages/airflow/example_dags/example_complex.py for tasks to queue
[2024-03-09T10:34:43.124+0000] {logging_mixin.py:188} INFO - [2024-03-09T10:34:43.124+0000] {dagbag.py:540} INFO - Filling up the DagBag from /home/airflow/.local/lib/python3.8/site-packages/airflow/example_dags/example_complex.py
[2024-03-09T10:34:43.135+0000] {processor.py:840} INFO - DAG(s) 'example_complex' retrieved from /home/airflow/.local/lib/python3.8/site-packages/airflow/example_dags/example_complex.py
[2024-03-09T10:34:43.171+0000] {logging_mixin.py:188} INFO - [2024-03-09T10:34:43.171+0000] {dag.py:3047} INFO - Sync 1 DAGs
[2024-03-09T10:34:43.189+0000] {logging_mixin.py:188} INFO - [2024-03-09T10:34:43.188+0000] {dag.py:3834} INFO - Setting next_dagrun for example_complex to None, run_after=None
[2024-03-09T10:34:43.216+0000] {processor.py:183} INFO - Processing /home/airflow/.local/lib/python3.8/site-packages/airflow/example_dags/example_complex.py took 0.098 seconds
[2024-03-09T10:35:13.446+0000] {processor.py:161} INFO - Started process (PID=571) to work on /home/airflow/.local/lib/python3.8/site-packages/airflow/example_dags/example_complex.py
[2024-03-09T10:35:13.448+0000] {processor.py:830} INFO - Processing file /home/airflow/.local/lib/python3.8/site-packages/airflow/example_dags/example_complex.py for tasks to queue
[2024-03-09T10:35:13.449+0000] {logging_mixin.py:188} INFO - [2024-03-09T10:35:13.449+0000] {dagbag.py:540} INFO - Filling up the DagBag from /home/airflow/.local/lib/python3.8/site-packages/airflow/example_dags/example_complex.py
[2024-03-09T10:35:13.460+0000] {processor.py:840} INFO - DAG(s) 'example_complex' retrieved from /home/airflow/.local/lib/python3.8/site-packages/airflow/example_dags/example_complex.py
[2024-03-09T10:35:13.500+0000] {logging_mixin.py:188} INFO - [2024-03-09T10:35:13.500+0000] {dag.py:3047} INFO - Sync 1 DAGs
[2024-03-09T10:35:13.513+0000] {logging_mixin.py:188} INFO - [2024-03-09T10:35:13.513+0000] {dag.py:3834} INFO - Setting next_dagrun for example_complex to None, run_after=None
[2024-03-09T10:35:13.535+0000] {processor.py:183} INFO - Processing /home/airflow/.local/lib/python3.8/site-packages/airflow/example_dags/example_complex.py took 0.092 seconds
[2024-03-09T10:35:43.931+0000] {processor.py:161} INFO - Started process (PID=626) to work on /home/airflow/.local/lib/python3.8/site-packages/airflow/example_dags/example_complex.py
[2024-03-09T10:35:43.932+0000] {processor.py:830} INFO - Processing file /home/airflow/.local/lib/python3.8/site-packages/airflow/example_dags/example_complex.py for tasks to queue
[2024-03-09T10:35:43.934+0000] {logging_mixin.py:188} INFO - [2024-03-09T10:35:43.934+0000] {dagbag.py:540} INFO - Filling up the DagBag from /home/airflow/.local/lib/python3.8/site-packages/airflow/example_dags/example_complex.py
[2024-03-09T10:35:43.945+0000] {processor.py:840} INFO - DAG(s) 'example_complex' retrieved from /home/airflow/.local/lib/python3.8/site-packages/airflow/example_dags/example_complex.py
[2024-03-09T10:35:43.980+0000] {logging_mixin.py:188} INFO - [2024-03-09T10:35:43.979+0000] {dag.py:3047} INFO - Sync 1 DAGs
[2024-03-09T10:35:43.992+0000] {logging_mixin.py:188} INFO - [2024-03-09T10:35:43.992+0000] {dag.py:3834} INFO - Setting next_dagrun for example_complex to None, run_after=None
[2024-03-09T10:35:44.022+0000] {processor.py:183} INFO - Processing /home/airflow/.local/lib/python3.8/site-packages/airflow/example_dags/example_complex.py took 0.094 seconds
[2024-03-09T10:36:14.194+0000] {processor.py:161} INFO - Started process (PID=681) to work on /home/airflow/.local/lib/python3.8/site-packages/airflow/example_dags/example_complex.py
[2024-03-09T10:36:14.195+0000] {processor.py:830} INFO - Processing file /home/airflow/.local/lib/python3.8/site-packages/airflow/example_dags/example_complex.py for tasks to queue
[2024-03-09T10:36:14.197+0000] {logging_mixin.py:188} INFO - [2024-03-09T10:36:14.197+0000] {dagbag.py:540} INFO - Filling up the DagBag from /home/airflow/.local/lib/python3.8/site-packages/airflow/example_dags/example_complex.py
[2024-03-09T10:36:14.208+0000] {processor.py:840} INFO - DAG(s) 'example_complex' retrieved from /home/airflow/.local/lib/python3.8/site-packages/airflow/example_dags/example_complex.py
[2024-03-09T10:36:14.241+0000] {logging_mixin.py:188} INFO - [2024-03-09T10:36:14.241+0000] {dag.py:3047} INFO - Sync 1 DAGs
[2024-03-09T10:36:14.253+0000] {logging_mixin.py:188} INFO - [2024-03-09T10:36:14.253+0000] {dag.py:3834} INFO - Setting next_dagrun for example_complex to None, run_after=None
[2024-03-09T10:36:14.283+0000] {processor.py:183} INFO - Processing /home/airflow/.local/lib/python3.8/site-packages/airflow/example_dags/example_complex.py took 0.093 seconds
[2024-03-09T10:36:44.346+0000] {processor.py:161} INFO - Started process (PID=736) to work on /home/airflow/.local/lib/python3.8/site-packages/airflow/example_dags/example_complex.py
[2024-03-09T10:36:44.347+0000] {processor.py:830} INFO - Processing file /home/airflow/.local/lib/python3.8/site-packages/airflow/example_dags/example_complex.py for tasks to queue
[2024-03-09T10:36:44.350+0000] {logging_mixin.py:188} INFO - [2024-03-09T10:36:44.349+0000] {dagbag.py:540} INFO - Filling up the DagBag from /home/airflow/.local/lib/python3.8/site-packages/airflow/example_dags/example_complex.py
[2024-03-09T10:36:44.362+0000] {processor.py:840} INFO - DAG(s) 'example_complex' retrieved from /home/airflow/.local/lib/python3.8/site-packages/airflow/example_dags/example_complex.py
[2024-03-09T10:36:44.398+0000] {logging_mixin.py:188} INFO - [2024-03-09T10:36:44.398+0000] {dag.py:3047} INFO - Sync 1 DAGs
[2024-03-09T10:36:44.414+0000] {logging_mixin.py:188} INFO - [2024-03-09T10:36:44.413+0000] {dag.py:3834} INFO - Setting next_dagrun for example_complex to None, run_after=None
[2024-03-09T10:36:44.438+0000] {processor.py:183} INFO - Processing /home/airflow/.local/lib/python3.8/site-packages/airflow/example_dags/example_complex.py took 0.094 seconds
[2024-03-09T10:37:15.284+0000] {processor.py:161} INFO - Started process (PID=791) to work on /home/airflow/.local/lib/python3.8/site-packages/airflow/example_dags/example_complex.py
[2024-03-09T10:37:15.285+0000] {processor.py:830} INFO - Processing file /home/airflow/.local/lib/python3.8/site-packages/airflow/example_dags/example_complex.py for tasks to queue
[2024-03-09T10:37:15.288+0000] {logging_mixin.py:188} INFO - [2024-03-09T10:37:15.287+0000] {dagbag.py:540} INFO - Filling up the DagBag from /home/airflow/.local/lib/python3.8/site-packages/airflow/example_dags/example_complex.py
[2024-03-09T10:37:15.300+0000] {processor.py:840} INFO - DAG(s) 'example_complex' retrieved from /home/airflow/.local/lib/python3.8/site-packages/airflow/example_dags/example_complex.py
[2024-03-09T10:37:15.338+0000] {logging_mixin.py:188} INFO - [2024-03-09T10:37:15.337+0000] {dag.py:3047} INFO - Sync 1 DAGs
[2024-03-09T10:37:15.353+0000] {logging_mixin.py:188} INFO - [2024-03-09T10:37:15.352+0000] {dag.py:3834} INFO - Setting next_dagrun for example_complex to None, run_after=None
[2024-03-09T10:37:15.382+0000] {processor.py:183} INFO - Processing /home/airflow/.local/lib/python3.8/site-packages/airflow/example_dags/example_complex.py took 0.102 seconds
[2024-03-09T10:37:45.706+0000] {processor.py:161} INFO - Started process (PID=846) to work on /home/airflow/.local/lib/python3.8/site-packages/airflow/example_dags/example_complex.py
[2024-03-09T10:37:45.707+0000] {processor.py:830} INFO - Processing file /home/airflow/.local/lib/python3.8/site-packages/airflow/example_dags/example_complex.py for tasks to queue
[2024-03-09T10:37:45.709+0000] {logging_mixin.py:188} INFO - [2024-03-09T10:37:45.709+0000] {dagbag.py:540} INFO - Filling up the DagBag from /home/airflow/.local/lib/python3.8/site-packages/airflow/example_dags/example_complex.py
[2024-03-09T10:37:45.721+0000] {processor.py:840} INFO - DAG(s) 'example_complex' retrieved from /home/airflow/.local/lib/python3.8/site-packages/airflow/example_dags/example_complex.py
[2024-03-09T10:37:45.761+0000] {logging_mixin.py:188} INFO - [2024-03-09T10:37:45.761+0000] {dag.py:3047} INFO - Sync 1 DAGs
[2024-03-09T10:37:45.775+0000] {logging_mixin.py:188} INFO - [2024-03-09T10:37:45.775+0000] {dag.py:3834} INFO - Setting next_dagrun for example_complex to None, run_after=None
[2024-03-09T10:37:45.815+0000] {processor.py:183} INFO - Processing /home/airflow/.local/lib/python3.8/site-packages/airflow/example_dags/example_complex.py took 0.112 seconds
[2024-03-09T10:38:16.353+0000] {processor.py:161} INFO - Started process (PID=901) to work on /home/airflow/.local/lib/python3.8/site-packages/airflow/example_dags/example_complex.py
[2024-03-09T10:38:16.354+0000] {processor.py:830} INFO - Processing file /home/airflow/.local/lib/python3.8/site-packages/airflow/example_dags/example_complex.py for tasks to queue
[2024-03-09T10:38:16.357+0000] {logging_mixin.py:188} INFO - [2024-03-09T10:38:16.356+0000] {dagbag.py:540} INFO - Filling up the DagBag from /home/airflow/.local/lib/python3.8/site-packages/airflow/example_dags/example_complex.py
[2024-03-09T10:38:16.368+0000] {processor.py:840} INFO - DAG(s) 'example_complex' retrieved from /home/airflow/.local/lib/python3.8/site-packages/airflow/example_dags/example_complex.py
[2024-03-09T10:38:16.406+0000] {logging_mixin.py:188} INFO - [2024-03-09T10:38:16.405+0000] {dag.py:3047} INFO - Sync 1 DAGs
[2024-03-09T10:38:16.421+0000] {logging_mixin.py:188} INFO - [2024-03-09T10:38:16.420+0000] {dag.py:3834} INFO - Setting next_dagrun for example_complex to None, run_after=None
[2024-03-09T10:38:16.449+0000] {processor.py:183} INFO - Processing /home/airflow/.local/lib/python3.8/site-packages/airflow/example_dags/example_complex.py took 0.099 seconds
[2024-03-09T10:38:47.588+0000] {processor.py:161} INFO - Started process (PID=956) to work on /home/airflow/.local/lib/python3.8/site-packages/airflow/example_dags/example_complex.py
[2024-03-09T10:38:47.589+0000] {processor.py:830} INFO - Processing file /home/airflow/.local/lib/python3.8/site-packages/airflow/example_dags/example_complex.py for tasks to queue
[2024-03-09T10:38:47.591+0000] {logging_mixin.py:188} INFO - [2024-03-09T10:38:47.591+0000] {dagbag.py:540} INFO - Filling up the DagBag from /home/airflow/.local/lib/python3.8/site-packages/airflow/example_dags/example_complex.py
[2024-03-09T10:38:47.605+0000] {processor.py:840} INFO - DAG(s) 'example_complex' retrieved from /home/airflow/.local/lib/python3.8/site-packages/airflow/example_dags/example_complex.py
[2024-03-09T10:38:47.641+0000] {logging_mixin.py:188} INFO - [2024-03-09T10:38:47.641+0000] {dag.py:3047} INFO - Sync 1 DAGs
[2024-03-09T10:38:47.664+0000] {logging_mixin.py:188} INFO - [2024-03-09T10:38:47.664+0000] {dag.py:3834} INFO - Setting next_dagrun for example_complex to None, run_after=None
[2024-03-09T10:38:47.731+0000] {processor.py:183} INFO - Processing /home/airflow/.local/lib/python3.8/site-packages/airflow/example_dags/example_complex.py took 0.149 seconds
[2024-03-09T10:39:19.464+0000] {processor.py:161} INFO - Started process (PID=1011) to work on /home/airflow/.local/lib/python3.8/site-packages/airflow/example_dags/example_complex.py
[2024-03-09T10:39:19.466+0000] {processor.py:830} INFO - Processing file /home/airflow/.local/lib/python3.8/site-packages/airflow/example_dags/example_complex.py for tasks to queue
[2024-03-09T10:39:19.474+0000] {logging_mixin.py:188} INFO - [2024-03-09T10:39:19.472+0000] {dagbag.py:540} INFO - Filling up the DagBag from /home/airflow/.local/lib/python3.8/site-packages/airflow/example_dags/example_complex.py
[2024-03-09T10:39:19.516+0000] {processor.py:840} INFO - DAG(s) 'example_complex' retrieved from /home/airflow/.local/lib/python3.8/site-packages/airflow/example_dags/example_complex.py
[2024-03-09T10:39:19.604+0000] {logging_mixin.py:188} INFO - [2024-03-09T10:39:19.602+0000] {dag.py:3047} INFO - Sync 1 DAGs
[2024-03-09T10:39:19.626+0000] {logging_mixin.py:188} INFO - [2024-03-09T10:39:19.623+0000] {dag.py:3834} INFO - Setting next_dagrun for example_complex to None, run_after=None
[2024-03-09T10:39:19.880+0000] {processor.py:183} INFO - Processing /home/airflow/.local/lib/python3.8/site-packages/airflow/example_dags/example_complex.py took 0.419 seconds
[2024-03-09T10:39:50.435+0000] {processor.py:161} INFO - Started process (PID=1066) to work on /home/airflow/.local/lib/python3.8/site-packages/airflow/example_dags/example_complex.py
[2024-03-09T10:39:50.437+0000] {processor.py:830} INFO - Processing file /home/airflow/.local/lib/python3.8/site-packages/airflow/example_dags/example_complex.py for tasks to queue
[2024-03-09T10:39:50.439+0000] {logging_mixin.py:188} INFO - [2024-03-09T10:39:50.438+0000] {dagbag.py:540} INFO - Filling up the DagBag from /home/airflow/.local/lib/python3.8/site-packages/airflow/example_dags/example_complex.py
[2024-03-09T10:39:50.458+0000] {processor.py:840} INFO - DAG(s) 'example_complex' retrieved from /home/airflow/.local/lib/python3.8/site-packages/airflow/example_dags/example_complex.py
[2024-03-09T10:39:50.497+0000] {logging_mixin.py:188} INFO - [2024-03-09T10:39:50.497+0000] {dag.py:3047} INFO - Sync 1 DAGs
[2024-03-09T10:39:50.511+0000] {logging_mixin.py:188} INFO - [2024-03-09T10:39:50.511+0000] {dag.py:3834} INFO - Setting next_dagrun for example_complex to None, run_after=None
[2024-03-09T10:39:50.535+0000] {processor.py:183} INFO - Processing /home/airflow/.local/lib/python3.8/site-packages/airflow/example_dags/example_complex.py took 0.102 seconds
[2024-03-09T10:40:20.604+0000] {processor.py:161} INFO - Started process (PID=1121) to work on /home/airflow/.local/lib/python3.8/site-packages/airflow/example_dags/example_complex.py
[2024-03-09T10:40:20.605+0000] {processor.py:830} INFO - Processing file /home/airflow/.local/lib/python3.8/site-packages/airflow/example_dags/example_complex.py for tasks to queue
[2024-03-09T10:40:20.607+0000] {logging_mixin.py:188} INFO - [2024-03-09T10:40:20.607+0000] {dagbag.py:540} INFO - Filling up the DagBag from /home/airflow/.local/lib/python3.8/site-packages/airflow/example_dags/example_complex.py
[2024-03-09T10:40:20.619+0000] {processor.py:840} INFO - DAG(s) 'example_complex' retrieved from /home/airflow/.local/lib/python3.8/site-packages/airflow/example_dags/example_complex.py
[2024-03-09T10:40:20.662+0000] {logging_mixin.py:188} INFO - [2024-03-09T10:40:20.661+0000] {dag.py:3047} INFO - Sync 1 DAGs
[2024-03-09T10:40:20.677+0000] {logging_mixin.py:188} INFO - [2024-03-09T10:40:20.677+0000] {dag.py:3834} INFO - Setting next_dagrun for example_complex to None, run_after=None
[2024-03-09T10:40:20.714+0000] {processor.py:183} INFO - Processing /home/airflow/.local/lib/python3.8/site-packages/airflow/example_dags/example_complex.py took 0.113 seconds
[2024-03-09T10:40:51.329+0000] {processor.py:161} INFO - Started process (PID=1176) to work on /home/airflow/.local/lib/python3.8/site-packages/airflow/example_dags/example_complex.py
[2024-03-09T10:40:51.330+0000] {processor.py:830} INFO - Processing file /home/airflow/.local/lib/python3.8/site-packages/airflow/example_dags/example_complex.py for tasks to queue
[2024-03-09T10:40:51.332+0000] {logging_mixin.py:188} INFO - [2024-03-09T10:40:51.332+0000] {dagbag.py:540} INFO - Filling up the DagBag from /home/airflow/.local/lib/python3.8/site-packages/airflow/example_dags/example_complex.py
[2024-03-09T10:40:51.344+0000] {processor.py:840} INFO - DAG(s) 'example_complex' retrieved from /home/airflow/.local/lib/python3.8/site-packages/airflow/example_dags/example_complex.py
[2024-03-09T10:40:51.395+0000] {logging_mixin.py:188} INFO - [2024-03-09T10:40:51.395+0000] {dag.py:3047} INFO - Sync 1 DAGs
[2024-03-09T10:40:51.409+0000] {logging_mixin.py:188} INFO - [2024-03-09T10:40:51.409+0000] {dag.py:3834} INFO - Setting next_dagrun for example_complex to None, run_after=None
[2024-03-09T10:40:51.435+0000] {processor.py:183} INFO - Processing /home/airflow/.local/lib/python3.8/site-packages/airflow/example_dags/example_complex.py took 0.109 seconds
[2024-03-09T10:41:22.232+0000] {processor.py:161} INFO - Started process (PID=1237) to work on /home/airflow/.local/lib/python3.8/site-packages/airflow/example_dags/example_complex.py
[2024-03-09T10:41:22.233+0000] {processor.py:830} INFO - Processing file /home/airflow/.local/lib/python3.8/site-packages/airflow/example_dags/example_complex.py for tasks to queue
[2024-03-09T10:41:22.235+0000] {logging_mixin.py:188} INFO - [2024-03-09T10:41:22.235+0000] {dagbag.py:540} INFO - Filling up the DagBag from /home/airflow/.local/lib/python3.8/site-packages/airflow/example_dags/example_complex.py
[2024-03-09T10:41:22.248+0000] {processor.py:840} INFO - DAG(s) 'example_complex' retrieved from /home/airflow/.local/lib/python3.8/site-packages/airflow/example_dags/example_complex.py
[2024-03-09T10:41:22.288+0000] {logging_mixin.py:188} INFO - [2024-03-09T10:41:22.287+0000] {dag.py:3047} INFO - Sync 1 DAGs
[2024-03-09T10:41:22.302+0000] {logging_mixin.py:188} INFO - [2024-03-09T10:41:22.302+0000] {dag.py:3834} INFO - Setting next_dagrun for example_complex to None, run_after=None
[2024-03-09T10:41:22.333+0000] {processor.py:183} INFO - Processing /home/airflow/.local/lib/python3.8/site-packages/airflow/example_dags/example_complex.py took 0.104 seconds
[2024-03-09T10:41:52.482+0000] {processor.py:161} INFO - Started process (PID=1292) to work on /home/airflow/.local/lib/python3.8/site-packages/airflow/example_dags/example_complex.py
[2024-03-09T10:41:52.484+0000] {processor.py:830} INFO - Processing file /home/airflow/.local/lib/python3.8/site-packages/airflow/example_dags/example_complex.py for tasks to queue
[2024-03-09T10:41:52.486+0000] {logging_mixin.py:188} INFO - [2024-03-09T10:41:52.486+0000] {dagbag.py:540} INFO - Filling up the DagBag from /home/airflow/.local/lib/python3.8/site-packages/airflow/example_dags/example_complex.py
[2024-03-09T10:41:52.497+0000] {processor.py:840} INFO - DAG(s) 'example_complex' retrieved from /home/airflow/.local/lib/python3.8/site-packages/airflow/example_dags/example_complex.py
[2024-03-09T10:41:52.536+0000] {logging_mixin.py:188} INFO - [2024-03-09T10:41:52.536+0000] {dag.py:3047} INFO - Sync 1 DAGs
[2024-03-09T10:41:52.550+0000] {logging_mixin.py:188} INFO - [2024-03-09T10:41:52.549+0000] {dag.py:3834} INFO - Setting next_dagrun for example_complex to None, run_after=None
[2024-03-09T10:41:52.583+0000] {processor.py:183} INFO - Processing /home/airflow/.local/lib/python3.8/site-packages/airflow/example_dags/example_complex.py took 0.104 seconds
[2024-03-09T10:42:22.740+0000] {processor.py:161} INFO - Started process (PID=1347) to work on /home/airflow/.local/lib/python3.8/site-packages/airflow/example_dags/example_complex.py
[2024-03-09T10:42:22.742+0000] {processor.py:830} INFO - Processing file /home/airflow/.local/lib/python3.8/site-packages/airflow/example_dags/example_complex.py for tasks to queue
[2024-03-09T10:42:22.744+0000] {logging_mixin.py:188} INFO - [2024-03-09T10:42:22.744+0000] {dagbag.py:540} INFO - Filling up the DagBag from /home/airflow/.local/lib/python3.8/site-packages/airflow/example_dags/example_complex.py
[2024-03-09T10:42:22.758+0000] {processor.py:840} INFO - DAG(s) 'example_complex' retrieved from /home/airflow/.local/lib/python3.8/site-packages/airflow/example_dags/example_complex.py
[2024-03-09T10:42:22.804+0000] {logging_mixin.py:188} INFO - [2024-03-09T10:42:22.803+0000] {dag.py:3047} INFO - Sync 1 DAGs
[2024-03-09T10:42:22.823+0000] {logging_mixin.py:188} INFO - [2024-03-09T10:42:22.822+0000] {dag.py:3834} INFO - Setting next_dagrun for example_complex to None, run_after=None
[2024-03-09T10:42:22.854+0000] {processor.py:183} INFO - Processing /home/airflow/.local/lib/python3.8/site-packages/airflow/example_dags/example_complex.py took 0.118 seconds
[2024-03-09T10:42:53.030+0000] {processor.py:161} INFO - Started process (PID=1402) to work on /home/airflow/.local/lib/python3.8/site-packages/airflow/example_dags/example_complex.py
[2024-03-09T10:42:53.032+0000] {processor.py:830} INFO - Processing file /home/airflow/.local/lib/python3.8/site-packages/airflow/example_dags/example_complex.py for tasks to queue
[2024-03-09T10:42:53.034+0000] {logging_mixin.py:188} INFO - [2024-03-09T10:42:53.034+0000] {dagbag.py:540} INFO - Filling up the DagBag from /home/airflow/.local/lib/python3.8/site-packages/airflow/example_dags/example_complex.py
[2024-03-09T10:42:53.045+0000] {processor.py:840} INFO - DAG(s) 'example_complex' retrieved from /home/airflow/.local/lib/python3.8/site-packages/airflow/example_dags/example_complex.py
[2024-03-09T10:42:53.091+0000] {logging_mixin.py:188} INFO - [2024-03-09T10:42:53.090+0000] {dag.py:3047} INFO - Sync 1 DAGs
[2024-03-09T10:42:53.109+0000] {logging_mixin.py:188} INFO - [2024-03-09T10:42:53.108+0000] {dag.py:3834} INFO - Setting next_dagrun for example_complex to None, run_after=None
[2024-03-09T10:42:53.139+0000] {processor.py:183} INFO - Processing /home/airflow/.local/lib/python3.8/site-packages/airflow/example_dags/example_complex.py took 0.112 seconds
[2024-03-09T10:43:23.500+0000] {processor.py:161} INFO - Started process (PID=1457) to work on /home/airflow/.local/lib/python3.8/site-packages/airflow/example_dags/example_complex.py
[2024-03-09T10:43:23.501+0000] {processor.py:830} INFO - Processing file /home/airflow/.local/lib/python3.8/site-packages/airflow/example_dags/example_complex.py for tasks to queue
[2024-03-09T10:43:23.503+0000] {logging_mixin.py:188} INFO - [2024-03-09T10:43:23.503+0000] {dagbag.py:540} INFO - Filling up the DagBag from /home/airflow/.local/lib/python3.8/site-packages/airflow/example_dags/example_complex.py
[2024-03-09T10:43:23.517+0000] {processor.py:840} INFO - DAG(s) 'example_complex' retrieved from /home/airflow/.local/lib/python3.8/site-packages/airflow/example_dags/example_complex.py
[2024-03-09T10:43:23.555+0000] {logging_mixin.py:188} INFO - [2024-03-09T10:43:23.555+0000] {dag.py:3047} INFO - Sync 1 DAGs
[2024-03-09T10:43:23.569+0000] {logging_mixin.py:188} INFO - [2024-03-09T10:43:23.569+0000] {dag.py:3834} INFO - Setting next_dagrun for example_complex to None, run_after=None
[2024-03-09T10:43:23.602+0000] {processor.py:183} INFO - Processing /home/airflow/.local/lib/python3.8/site-packages/airflow/example_dags/example_complex.py took 0.104 seconds
[2024-03-09T10:43:53.792+0000] {processor.py:161} INFO - Started process (PID=1512) to work on /home/airflow/.local/lib/python3.8/site-packages/airflow/example_dags/example_complex.py
[2024-03-09T10:43:53.793+0000] {processor.py:830} INFO - Processing file /home/airflow/.local/lib/python3.8/site-packages/airflow/example_dags/example_complex.py for tasks to queue
[2024-03-09T10:43:53.796+0000] {logging_mixin.py:188} INFO - [2024-03-09T10:43:53.795+0000] {dagbag.py:540} INFO - Filling up the DagBag from /home/airflow/.local/lib/python3.8/site-packages/airflow/example_dags/example_complex.py
[2024-03-09T10:43:53.808+0000] {processor.py:840} INFO - DAG(s) 'example_complex' retrieved from /home/airflow/.local/lib/python3.8/site-packages/airflow/example_dags/example_complex.py
[2024-03-09T10:43:53.848+0000] {logging_mixin.py:188} INFO - [2024-03-09T10:43:53.848+0000] {dag.py:3047} INFO - Sync 1 DAGs
[2024-03-09T10:43:53.863+0000] {logging_mixin.py:188} INFO - [2024-03-09T10:43:53.862+0000] {dag.py:3834} INFO - Setting next_dagrun for example_complex to None, run_after=None
[2024-03-09T10:43:53.890+0000] {processor.py:183} INFO - Processing /home/airflow/.local/lib/python3.8/site-packages/airflow/example_dags/example_complex.py took 0.101 seconds
[2024-03-09T10:44:24.064+0000] {processor.py:161} INFO - Started process (PID=1567) to work on /home/airflow/.local/lib/python3.8/site-packages/airflow/example_dags/example_complex.py
[2024-03-09T10:44:24.065+0000] {processor.py:830} INFO - Processing file /home/airflow/.local/lib/python3.8/site-packages/airflow/example_dags/example_complex.py for tasks to queue
[2024-03-09T10:44:24.067+0000] {logging_mixin.py:188} INFO - [2024-03-09T10:44:24.066+0000] {dagbag.py:540} INFO - Filling up the DagBag from /home/airflow/.local/lib/python3.8/site-packages/airflow/example_dags/example_complex.py
[2024-03-09T10:44:24.078+0000] {processor.py:840} INFO - DAG(s) 'example_complex' retrieved from /home/airflow/.local/lib/python3.8/site-packages/airflow/example_dags/example_complex.py
[2024-03-09T10:44:24.115+0000] {logging_mixin.py:188} INFO - [2024-03-09T10:44:24.115+0000] {dag.py:3047} INFO - Sync 1 DAGs
[2024-03-09T10:44:24.130+0000] {logging_mixin.py:188} INFO - [2024-03-09T10:44:24.130+0000] {dag.py:3834} INFO - Setting next_dagrun for example_complex to None, run_after=None
[2024-03-09T10:44:24.158+0000] {processor.py:183} INFO - Processing /home/airflow/.local/lib/python3.8/site-packages/airflow/example_dags/example_complex.py took 0.097 seconds
[2024-03-09T10:44:54.339+0000] {processor.py:161} INFO - Started process (PID=1622) to work on /home/airflow/.local/lib/python3.8/site-packages/airflow/example_dags/example_complex.py
[2024-03-09T10:44:54.340+0000] {processor.py:830} INFO - Processing file /home/airflow/.local/lib/python3.8/site-packages/airflow/example_dags/example_complex.py for tasks to queue
[2024-03-09T10:44:54.342+0000] {logging_mixin.py:188} INFO - [2024-03-09T10:44:54.342+0000] {dagbag.py:540} INFO - Filling up the DagBag from /home/airflow/.local/lib/python3.8/site-packages/airflow/example_dags/example_complex.py
[2024-03-09T10:44:54.355+0000] {processor.py:840} INFO - DAG(s) 'example_complex' retrieved from /home/airflow/.local/lib/python3.8/site-packages/airflow/example_dags/example_complex.py
[2024-03-09T10:44:54.393+0000] {logging_mixin.py:188} INFO - [2024-03-09T10:44:54.392+0000] {dag.py:3047} INFO - Sync 1 DAGs
[2024-03-09T10:44:54.406+0000] {logging_mixin.py:188} INFO - [2024-03-09T10:44:54.406+0000] {dag.py:3834} INFO - Setting next_dagrun for example_complex to None, run_after=None
[2024-03-09T10:44:54.433+0000] {processor.py:183} INFO - Processing /home/airflow/.local/lib/python3.8/site-packages/airflow/example_dags/example_complex.py took 0.098 seconds
[2024-03-09T10:45:24.871+0000] {processor.py:161} INFO - Started process (PID=1677) to work on /home/airflow/.local/lib/python3.8/site-packages/airflow/example_dags/example_complex.py
[2024-03-09T10:45:24.873+0000] {processor.py:830} INFO - Processing file /home/airflow/.local/lib/python3.8/site-packages/airflow/example_dags/example_complex.py for tasks to queue
[2024-03-09T10:45:24.875+0000] {logging_mixin.py:188} INFO - [2024-03-09T10:45:24.875+0000] {dagbag.py:540} INFO - Filling up the DagBag from /home/airflow/.local/lib/python3.8/site-packages/airflow/example_dags/example_complex.py
[2024-03-09T10:45:24.888+0000] {processor.py:840} INFO - DAG(s) 'example_complex' retrieved from /home/airflow/.local/lib/python3.8/site-packages/airflow/example_dags/example_complex.py
[2024-03-09T10:45:24.921+0000] {logging_mixin.py:188} INFO - [2024-03-09T10:45:24.920+0000] {dag.py:3047} INFO - Sync 1 DAGs
[2024-03-09T10:45:24.934+0000] {logging_mixin.py:188} INFO - [2024-03-09T10:45:24.934+0000] {dag.py:3834} INFO - Setting next_dagrun for example_complex to None, run_after=None
[2024-03-09T10:45:24.968+0000] {processor.py:183} INFO - Processing /home/airflow/.local/lib/python3.8/site-packages/airflow/example_dags/example_complex.py took 0.101 seconds
[2024-03-09T10:45:55.291+0000] {processor.py:161} INFO - Started process (PID=1732) to work on /home/airflow/.local/lib/python3.8/site-packages/airflow/example_dags/example_complex.py
[2024-03-09T10:45:55.293+0000] {processor.py:830} INFO - Processing file /home/airflow/.local/lib/python3.8/site-packages/airflow/example_dags/example_complex.py for tasks to queue
[2024-03-09T10:45:55.296+0000] {logging_mixin.py:188} INFO - [2024-03-09T10:45:55.295+0000] {dagbag.py:540} INFO - Filling up the DagBag from /home/airflow/.local/lib/python3.8/site-packages/airflow/example_dags/example_complex.py
[2024-03-09T10:45:55.330+0000] {processor.py:840} INFO - DAG(s) 'example_complex' retrieved from /home/airflow/.local/lib/python3.8/site-packages/airflow/example_dags/example_complex.py
[2024-03-09T10:45:55.420+0000] {logging_mixin.py:188} INFO - [2024-03-09T10:45:55.420+0000] {dag.py:3047} INFO - Sync 1 DAGs
[2024-03-09T10:45:55.468+0000] {logging_mixin.py:188} INFO - [2024-03-09T10:45:55.468+0000] {dag.py:3834} INFO - Setting next_dagrun for example_complex to None, run_after=None
[2024-03-09T10:45:55.507+0000] {processor.py:183} INFO - Processing /home/airflow/.local/lib/python3.8/site-packages/airflow/example_dags/example_complex.py took 0.219 seconds
