[2024-03-09T10:30:36.735+0000] {processor.py:161} INFO - Started process (PID=65) to work on /home/airflow/.local/lib/python3.8/site-packages/airflow/example_dags/example_latest_only.py
[2024-03-09T10:30:36.737+0000] {processor.py:830} INFO - Processing file /home/airflow/.local/lib/python3.8/site-packages/airflow/example_dags/example_latest_only.py for tasks to queue
[2024-03-09T10:30:36.739+0000] {logging_mixin.py:188} INFO - [2024-03-09T10:30:36.739+0000] {dagbag.py:540} INFO - Filling up the DagBag from /home/airflow/.local/lib/python3.8/site-packages/airflow/example_dags/example_latest_only.py
[2024-03-09T10:30:36.749+0000] {processor.py:840} INFO - DAG(s) 'latest_only' retrieved from /home/airflow/.local/lib/python3.8/site-packages/airflow/example_dags/example_latest_only.py
[2024-03-09T10:30:36.926+0000] {logging_mixin.py:188} INFO - [2024-03-09T10:30:36.926+0000] {dag.py:3047} INFO - Sync 1 DAGs
[2024-03-09T10:30:36.956+0000] {logging_mixin.py:188} INFO - [2024-03-09T10:30:36.956+0000] {dag.py:3834} INFO - Setting next_dagrun for latest_only to 2024-03-09 04:00:00+00:00, run_after=2024-03-09 08:00:00+00:00
[2024-03-09T10:30:36.986+0000] {processor.py:183} INFO - Processing /home/airflow/.local/lib/python3.8/site-packages/airflow/example_dags/example_latest_only.py took 0.256 seconds
[2024-03-09T10:31:07.621+0000] {processor.py:161} INFO - Started process (PID=120) to work on /home/airflow/.local/lib/python3.8/site-packages/airflow/example_dags/example_latest_only.py
[2024-03-09T10:31:07.623+0000] {processor.py:830} INFO - Processing file /home/airflow/.local/lib/python3.8/site-packages/airflow/example_dags/example_latest_only.py for tasks to queue
[2024-03-09T10:31:07.625+0000] {logging_mixin.py:188} INFO - [2024-03-09T10:31:07.625+0000] {dagbag.py:540} INFO - Filling up the DagBag from /home/airflow/.local/lib/python3.8/site-packages/airflow/example_dags/example_latest_only.py
[2024-03-09T10:31:07.631+0000] {processor.py:840} INFO - DAG(s) 'latest_only' retrieved from /home/airflow/.local/lib/python3.8/site-packages/airflow/example_dags/example_latest_only.py
[2024-03-09T10:31:07.658+0000] {logging_mixin.py:188} INFO - [2024-03-09T10:31:07.657+0000] {dag.py:3047} INFO - Sync 1 DAGs
[2024-03-09T10:31:07.686+0000] {logging_mixin.py:188} INFO - [2024-03-09T10:31:07.685+0000] {dag.py:3834} INFO - Setting next_dagrun for latest_only to 2024-03-09 04:00:00+00:00, run_after=2024-03-09 08:00:00+00:00
[2024-03-09T10:31:07.717+0000] {processor.py:183} INFO - Processing /home/airflow/.local/lib/python3.8/site-packages/airflow/example_dags/example_latest_only.py took 0.100 seconds
[2024-03-09T10:31:38.168+0000] {processor.py:161} INFO - Started process (PID=175) to work on /home/airflow/.local/lib/python3.8/site-packages/airflow/example_dags/example_latest_only.py
[2024-03-09T10:31:38.170+0000] {processor.py:830} INFO - Processing file /home/airflow/.local/lib/python3.8/site-packages/airflow/example_dags/example_latest_only.py for tasks to queue
[2024-03-09T10:31:38.173+0000] {logging_mixin.py:188} INFO - [2024-03-09T10:31:38.172+0000] {dagbag.py:540} INFO - Filling up the DagBag from /home/airflow/.local/lib/python3.8/site-packages/airflow/example_dags/example_latest_only.py
[2024-03-09T10:31:38.191+0000] {processor.py:840} INFO - DAG(s) 'latest_only' retrieved from /home/airflow/.local/lib/python3.8/site-packages/airflow/example_dags/example_latest_only.py
[2024-03-09T10:31:38.296+0000] {logging_mixin.py:188} INFO - [2024-03-09T10:31:38.295+0000] {dag.py:3047} INFO - Sync 1 DAGs
[2024-03-09T10:31:38.434+0000] {logging_mixin.py:188} INFO - [2024-03-09T10:31:38.433+0000] {dag.py:3834} INFO - Setting next_dagrun for latest_only to 2024-03-09 04:00:00+00:00, run_after=2024-03-09 08:00:00+00:00
[2024-03-09T10:31:38.525+0000] {processor.py:183} INFO - Processing /home/airflow/.local/lib/python3.8/site-packages/airflow/example_dags/example_latest_only.py took 0.361 seconds
[2024-03-09T10:32:09.185+0000] {processor.py:161} INFO - Started process (PID=230) to work on /home/airflow/.local/lib/python3.8/site-packages/airflow/example_dags/example_latest_only.py
[2024-03-09T10:32:09.186+0000] {processor.py:830} INFO - Processing file /home/airflow/.local/lib/python3.8/site-packages/airflow/example_dags/example_latest_only.py for tasks to queue
[2024-03-09T10:32:09.189+0000] {logging_mixin.py:188} INFO - [2024-03-09T10:32:09.188+0000] {dagbag.py:540} INFO - Filling up the DagBag from /home/airflow/.local/lib/python3.8/site-packages/airflow/example_dags/example_latest_only.py
[2024-03-09T10:32:09.194+0000] {processor.py:840} INFO - DAG(s) 'latest_only' retrieved from /home/airflow/.local/lib/python3.8/site-packages/airflow/example_dags/example_latest_only.py
[2024-03-09T10:32:09.225+0000] {logging_mixin.py:188} INFO - [2024-03-09T10:32:09.224+0000] {dag.py:3047} INFO - Sync 1 DAGs
[2024-03-09T10:32:09.262+0000] {logging_mixin.py:188} INFO - [2024-03-09T10:32:09.262+0000] {dag.py:3834} INFO - Setting next_dagrun for latest_only to 2024-03-09 04:00:00+00:00, run_after=2024-03-09 08:00:00+00:00
[2024-03-09T10:32:09.289+0000] {processor.py:183} INFO - Processing /home/airflow/.local/lib/python3.8/site-packages/airflow/example_dags/example_latest_only.py took 0.108 seconds
[2024-03-09T10:32:39.754+0000] {processor.py:161} INFO - Started process (PID=285) to work on /home/airflow/.local/lib/python3.8/site-packages/airflow/example_dags/example_latest_only.py
[2024-03-09T10:32:39.755+0000] {processor.py:830} INFO - Processing file /home/airflow/.local/lib/python3.8/site-packages/airflow/example_dags/example_latest_only.py for tasks to queue
[2024-03-09T10:32:39.758+0000] {logging_mixin.py:188} INFO - [2024-03-09T10:32:39.757+0000] {dagbag.py:540} INFO - Filling up the DagBag from /home/airflow/.local/lib/python3.8/site-packages/airflow/example_dags/example_latest_only.py
[2024-03-09T10:32:39.764+0000] {processor.py:840} INFO - DAG(s) 'latest_only' retrieved from /home/airflow/.local/lib/python3.8/site-packages/airflow/example_dags/example_latest_only.py
[2024-03-09T10:32:39.794+0000] {logging_mixin.py:188} INFO - [2024-03-09T10:32:39.793+0000] {dag.py:3047} INFO - Sync 1 DAGs
[2024-03-09T10:32:39.821+0000] {logging_mixin.py:188} INFO - [2024-03-09T10:32:39.821+0000] {dag.py:3834} INFO - Setting next_dagrun for latest_only to 2024-03-09 04:00:00+00:00, run_after=2024-03-09 08:00:00+00:00
[2024-03-09T10:32:39.848+0000] {processor.py:183} INFO - Processing /home/airflow/.local/lib/python3.8/site-packages/airflow/example_dags/example_latest_only.py took 0.098 seconds
[2024-03-09T10:33:10.085+0000] {processor.py:161} INFO - Started process (PID=340) to work on /home/airflow/.local/lib/python3.8/site-packages/airflow/example_dags/example_latest_only.py
[2024-03-09T10:33:10.086+0000] {processor.py:830} INFO - Processing file /home/airflow/.local/lib/python3.8/site-packages/airflow/example_dags/example_latest_only.py for tasks to queue
[2024-03-09T10:33:10.088+0000] {logging_mixin.py:188} INFO - [2024-03-09T10:33:10.088+0000] {dagbag.py:540} INFO - Filling up the DagBag from /home/airflow/.local/lib/python3.8/site-packages/airflow/example_dags/example_latest_only.py
[2024-03-09T10:33:10.094+0000] {processor.py:840} INFO - DAG(s) 'latest_only' retrieved from /home/airflow/.local/lib/python3.8/site-packages/airflow/example_dags/example_latest_only.py
[2024-03-09T10:33:10.119+0000] {logging_mixin.py:188} INFO - [2024-03-09T10:33:10.118+0000] {dag.py:3047} INFO - Sync 1 DAGs
[2024-03-09T10:33:10.142+0000] {logging_mixin.py:188} INFO - [2024-03-09T10:33:10.142+0000] {dag.py:3834} INFO - Setting next_dagrun for latest_only to 2024-03-09 04:00:00+00:00, run_after=2024-03-09 08:00:00+00:00
[2024-03-09T10:33:10.173+0000] {processor.py:183} INFO - Processing /home/airflow/.local/lib/python3.8/site-packages/airflow/example_dags/example_latest_only.py took 0.091 seconds
[2024-03-09T10:33:40.571+0000] {processor.py:161} INFO - Started process (PID=395) to work on /home/airflow/.local/lib/python3.8/site-packages/airflow/example_dags/example_latest_only.py
[2024-03-09T10:33:40.573+0000] {processor.py:830} INFO - Processing file /home/airflow/.local/lib/python3.8/site-packages/airflow/example_dags/example_latest_only.py for tasks to queue
[2024-03-09T10:33:40.575+0000] {logging_mixin.py:188} INFO - [2024-03-09T10:33:40.575+0000] {dagbag.py:540} INFO - Filling up the DagBag from /home/airflow/.local/lib/python3.8/site-packages/airflow/example_dags/example_latest_only.py
[2024-03-09T10:33:40.583+0000] {processor.py:840} INFO - DAG(s) 'latest_only' retrieved from /home/airflow/.local/lib/python3.8/site-packages/airflow/example_dags/example_latest_only.py
[2024-03-09T10:33:40.613+0000] {logging_mixin.py:188} INFO - [2024-03-09T10:33:40.613+0000] {dag.py:3047} INFO - Sync 1 DAGs
[2024-03-09T10:33:40.645+0000] {logging_mixin.py:188} INFO - [2024-03-09T10:33:40.645+0000] {dag.py:3834} INFO - Setting next_dagrun for latest_only to 2024-03-09 04:00:00+00:00, run_after=2024-03-09 08:00:00+00:00
[2024-03-09T10:33:40.678+0000] {processor.py:183} INFO - Processing /home/airflow/.local/lib/python3.8/site-packages/airflow/example_dags/example_latest_only.py took 0.110 seconds
[2024-03-09T10:34:10.933+0000] {processor.py:161} INFO - Started process (PID=450) to work on /home/airflow/.local/lib/python3.8/site-packages/airflow/example_dags/example_latest_only.py
[2024-03-09T10:34:10.935+0000] {processor.py:830} INFO - Processing file /home/airflow/.local/lib/python3.8/site-packages/airflow/example_dags/example_latest_only.py for tasks to queue
[2024-03-09T10:34:10.937+0000] {logging_mixin.py:188} INFO - [2024-03-09T10:34:10.936+0000] {dagbag.py:540} INFO - Filling up the DagBag from /home/airflow/.local/lib/python3.8/site-packages/airflow/example_dags/example_latest_only.py
[2024-03-09T10:34:10.943+0000] {processor.py:840} INFO - DAG(s) 'latest_only' retrieved from /home/airflow/.local/lib/python3.8/site-packages/airflow/example_dags/example_latest_only.py
[2024-03-09T10:34:10.971+0000] {logging_mixin.py:188} INFO - [2024-03-09T10:34:10.970+0000] {dag.py:3047} INFO - Sync 1 DAGs
[2024-03-09T10:34:10.995+0000] {logging_mixin.py:188} INFO - [2024-03-09T10:34:10.995+0000] {dag.py:3834} INFO - Setting next_dagrun for latest_only to 2024-03-09 04:00:00+00:00, run_after=2024-03-09 08:00:00+00:00
[2024-03-09T10:34:11.022+0000] {processor.py:183} INFO - Processing /home/airflow/.local/lib/python3.8/site-packages/airflow/example_dags/example_latest_only.py took 0.092 seconds
[2024-03-09T10:34:41.403+0000] {processor.py:161} INFO - Started process (PID=505) to work on /home/airflow/.local/lib/python3.8/site-packages/airflow/example_dags/example_latest_only.py
[2024-03-09T10:34:41.404+0000] {processor.py:830} INFO - Processing file /home/airflow/.local/lib/python3.8/site-packages/airflow/example_dags/example_latest_only.py for tasks to queue
[2024-03-09T10:34:41.406+0000] {logging_mixin.py:188} INFO - [2024-03-09T10:34:41.406+0000] {dagbag.py:540} INFO - Filling up the DagBag from /home/airflow/.local/lib/python3.8/site-packages/airflow/example_dags/example_latest_only.py
[2024-03-09T10:34:41.413+0000] {processor.py:840} INFO - DAG(s) 'latest_only' retrieved from /home/airflow/.local/lib/python3.8/site-packages/airflow/example_dags/example_latest_only.py
[2024-03-09T10:34:41.439+0000] {logging_mixin.py:188} INFO - [2024-03-09T10:34:41.439+0000] {dag.py:3047} INFO - Sync 1 DAGs
[2024-03-09T10:34:41.464+0000] {logging_mixin.py:188} INFO - [2024-03-09T10:34:41.464+0000] {dag.py:3834} INFO - Setting next_dagrun for latest_only to 2024-03-09 04:00:00+00:00, run_after=2024-03-09 08:00:00+00:00
[2024-03-09T10:34:41.498+0000] {processor.py:183} INFO - Processing /home/airflow/.local/lib/python3.8/site-packages/airflow/example_dags/example_latest_only.py took 0.098 seconds
[2024-03-09T10:35:11.732+0000] {processor.py:161} INFO - Started process (PID=560) to work on /home/airflow/.local/lib/python3.8/site-packages/airflow/example_dags/example_latest_only.py
[2024-03-09T10:35:11.733+0000] {processor.py:830} INFO - Processing file /home/airflow/.local/lib/python3.8/site-packages/airflow/example_dags/example_latest_only.py for tasks to queue
[2024-03-09T10:35:11.735+0000] {logging_mixin.py:188} INFO - [2024-03-09T10:35:11.735+0000] {dagbag.py:540} INFO - Filling up the DagBag from /home/airflow/.local/lib/python3.8/site-packages/airflow/example_dags/example_latest_only.py
[2024-03-09T10:35:11.741+0000] {processor.py:840} INFO - DAG(s) 'latest_only' retrieved from /home/airflow/.local/lib/python3.8/site-packages/airflow/example_dags/example_latest_only.py
[2024-03-09T10:35:11.769+0000] {logging_mixin.py:188} INFO - [2024-03-09T10:35:11.769+0000] {dag.py:3047} INFO - Sync 1 DAGs
[2024-03-09T10:35:11.795+0000] {logging_mixin.py:188} INFO - [2024-03-09T10:35:11.794+0000] {dag.py:3834} INFO - Setting next_dagrun for latest_only to 2024-03-09 04:00:00+00:00, run_after=2024-03-09 08:00:00+00:00
[2024-03-09T10:35:11.824+0000] {processor.py:183} INFO - Processing /home/airflow/.local/lib/python3.8/site-packages/airflow/example_dags/example_latest_only.py took 0.095 seconds
[2024-03-09T10:35:42.236+0000] {processor.py:161} INFO - Started process (PID=615) to work on /home/airflow/.local/lib/python3.8/site-packages/airflow/example_dags/example_latest_only.py
[2024-03-09T10:35:42.237+0000] {processor.py:830} INFO - Processing file /home/airflow/.local/lib/python3.8/site-packages/airflow/example_dags/example_latest_only.py for tasks to queue
[2024-03-09T10:35:42.240+0000] {logging_mixin.py:188} INFO - [2024-03-09T10:35:42.239+0000] {dagbag.py:540} INFO - Filling up the DagBag from /home/airflow/.local/lib/python3.8/site-packages/airflow/example_dags/example_latest_only.py
[2024-03-09T10:35:42.247+0000] {processor.py:840} INFO - DAG(s) 'latest_only' retrieved from /home/airflow/.local/lib/python3.8/site-packages/airflow/example_dags/example_latest_only.py
[2024-03-09T10:35:42.275+0000] {logging_mixin.py:188} INFO - [2024-03-09T10:35:42.274+0000] {dag.py:3047} INFO - Sync 1 DAGs
[2024-03-09T10:35:42.301+0000] {logging_mixin.py:188} INFO - [2024-03-09T10:35:42.301+0000] {dag.py:3834} INFO - Setting next_dagrun for latest_only to 2024-03-09 04:00:00+00:00, run_after=2024-03-09 08:00:00+00:00
[2024-03-09T10:35:42.328+0000] {processor.py:183} INFO - Processing /home/airflow/.local/lib/python3.8/site-packages/airflow/example_dags/example_latest_only.py took 0.096 seconds
[2024-03-09T10:36:13.288+0000] {processor.py:161} INFO - Started process (PID=670) to work on /home/airflow/.local/lib/python3.8/site-packages/airflow/example_dags/example_latest_only.py
[2024-03-09T10:36:13.290+0000] {processor.py:830} INFO - Processing file /home/airflow/.local/lib/python3.8/site-packages/airflow/example_dags/example_latest_only.py for tasks to queue
[2024-03-09T10:36:13.292+0000] {logging_mixin.py:188} INFO - [2024-03-09T10:36:13.291+0000] {dagbag.py:540} INFO - Filling up the DagBag from /home/airflow/.local/lib/python3.8/site-packages/airflow/example_dags/example_latest_only.py
[2024-03-09T10:36:13.298+0000] {processor.py:840} INFO - DAG(s) 'latest_only' retrieved from /home/airflow/.local/lib/python3.8/site-packages/airflow/example_dags/example_latest_only.py
[2024-03-09T10:36:13.325+0000] {logging_mixin.py:188} INFO - [2024-03-09T10:36:13.325+0000] {dag.py:3047} INFO - Sync 1 DAGs
[2024-03-09T10:36:13.352+0000] {logging_mixin.py:188} INFO - [2024-03-09T10:36:13.352+0000] {dag.py:3834} INFO - Setting next_dagrun for latest_only to 2024-03-09 04:00:00+00:00, run_after=2024-03-09 08:00:00+00:00
[2024-03-09T10:36:13.377+0000] {processor.py:183} INFO - Processing /home/airflow/.local/lib/python3.8/site-packages/airflow/example_dags/example_latest_only.py took 0.092 seconds
[2024-03-09T10:36:43.679+0000] {processor.py:161} INFO - Started process (PID=725) to work on /home/airflow/.local/lib/python3.8/site-packages/airflow/example_dags/example_latest_only.py
[2024-03-09T10:36:43.681+0000] {processor.py:830} INFO - Processing file /home/airflow/.local/lib/python3.8/site-packages/airflow/example_dags/example_latest_only.py for tasks to queue
[2024-03-09T10:36:43.683+0000] {logging_mixin.py:188} INFO - [2024-03-09T10:36:43.683+0000] {dagbag.py:540} INFO - Filling up the DagBag from /home/airflow/.local/lib/python3.8/site-packages/airflow/example_dags/example_latest_only.py
[2024-03-09T10:36:43.689+0000] {processor.py:840} INFO - DAG(s) 'latest_only' retrieved from /home/airflow/.local/lib/python3.8/site-packages/airflow/example_dags/example_latest_only.py
[2024-03-09T10:36:43.715+0000] {logging_mixin.py:188} INFO - [2024-03-09T10:36:43.715+0000] {dag.py:3047} INFO - Sync 1 DAGs
[2024-03-09T10:36:43.740+0000] {logging_mixin.py:188} INFO - [2024-03-09T10:36:43.740+0000] {dag.py:3834} INFO - Setting next_dagrun for latest_only to 2024-03-09 04:00:00+00:00, run_after=2024-03-09 08:00:00+00:00
[2024-03-09T10:36:43.768+0000] {processor.py:183} INFO - Processing /home/airflow/.local/lib/python3.8/site-packages/airflow/example_dags/example_latest_only.py took 0.092 seconds
[2024-03-09T10:37:14.560+0000] {processor.py:161} INFO - Started process (PID=780) to work on /home/airflow/.local/lib/python3.8/site-packages/airflow/example_dags/example_latest_only.py
[2024-03-09T10:37:14.562+0000] {processor.py:830} INFO - Processing file /home/airflow/.local/lib/python3.8/site-packages/airflow/example_dags/example_latest_only.py for tasks to queue
[2024-03-09T10:37:14.567+0000] {logging_mixin.py:188} INFO - [2024-03-09T10:37:14.566+0000] {dagbag.py:540} INFO - Filling up the DagBag from /home/airflow/.local/lib/python3.8/site-packages/airflow/example_dags/example_latest_only.py
[2024-03-09T10:37:14.573+0000] {processor.py:840} INFO - DAG(s) 'latest_only' retrieved from /home/airflow/.local/lib/python3.8/site-packages/airflow/example_dags/example_latest_only.py
[2024-03-09T10:37:14.604+0000] {logging_mixin.py:188} INFO - [2024-03-09T10:37:14.603+0000] {dag.py:3047} INFO - Sync 1 DAGs
[2024-03-09T10:37:14.634+0000] {logging_mixin.py:188} INFO - [2024-03-09T10:37:14.634+0000] {dag.py:3834} INFO - Setting next_dagrun for latest_only to 2024-03-09 04:00:00+00:00, run_after=2024-03-09 08:00:00+00:00
[2024-03-09T10:37:14.658+0000] {processor.py:183} INFO - Processing /home/airflow/.local/lib/python3.8/site-packages/airflow/example_dags/example_latest_only.py took 0.102 seconds
[2024-03-09T10:37:44.931+0000] {processor.py:161} INFO - Started process (PID=835) to work on /home/airflow/.local/lib/python3.8/site-packages/airflow/example_dags/example_latest_only.py
[2024-03-09T10:37:44.932+0000] {processor.py:830} INFO - Processing file /home/airflow/.local/lib/python3.8/site-packages/airflow/example_dags/example_latest_only.py for tasks to queue
[2024-03-09T10:37:44.935+0000] {logging_mixin.py:188} INFO - [2024-03-09T10:37:44.935+0000] {dagbag.py:540} INFO - Filling up the DagBag from /home/airflow/.local/lib/python3.8/site-packages/airflow/example_dags/example_latest_only.py
[2024-03-09T10:37:44.941+0000] {processor.py:840} INFO - DAG(s) 'latest_only' retrieved from /home/airflow/.local/lib/python3.8/site-packages/airflow/example_dags/example_latest_only.py
[2024-03-09T10:37:44.969+0000] {logging_mixin.py:188} INFO - [2024-03-09T10:37:44.969+0000] {dag.py:3047} INFO - Sync 1 DAGs
[2024-03-09T10:37:44.997+0000] {logging_mixin.py:188} INFO - [2024-03-09T10:37:44.997+0000] {dag.py:3834} INFO - Setting next_dagrun for latest_only to 2024-03-09 04:00:00+00:00, run_after=2024-03-09 08:00:00+00:00
[2024-03-09T10:37:45.026+0000] {processor.py:183} INFO - Processing /home/airflow/.local/lib/python3.8/site-packages/airflow/example_dags/example_latest_only.py took 0.099 seconds
[2024-03-09T10:38:15.564+0000] {processor.py:161} INFO - Started process (PID=890) to work on /home/airflow/.local/lib/python3.8/site-packages/airflow/example_dags/example_latest_only.py
[2024-03-09T10:38:15.565+0000] {processor.py:830} INFO - Processing file /home/airflow/.local/lib/python3.8/site-packages/airflow/example_dags/example_latest_only.py for tasks to queue
[2024-03-09T10:38:15.568+0000] {logging_mixin.py:188} INFO - [2024-03-09T10:38:15.567+0000] {dagbag.py:540} INFO - Filling up the DagBag from /home/airflow/.local/lib/python3.8/site-packages/airflow/example_dags/example_latest_only.py
[2024-03-09T10:38:15.573+0000] {processor.py:840} INFO - DAG(s) 'latest_only' retrieved from /home/airflow/.local/lib/python3.8/site-packages/airflow/example_dags/example_latest_only.py
[2024-03-09T10:38:15.597+0000] {logging_mixin.py:188} INFO - [2024-03-09T10:38:15.597+0000] {dag.py:3047} INFO - Sync 1 DAGs
[2024-03-09T10:38:15.623+0000] {logging_mixin.py:188} INFO - [2024-03-09T10:38:15.622+0000] {dag.py:3834} INFO - Setting next_dagrun for latest_only to 2024-03-09 04:00:00+00:00, run_after=2024-03-09 08:00:00+00:00
[2024-03-09T10:38:15.645+0000] {processor.py:183} INFO - Processing /home/airflow/.local/lib/python3.8/site-packages/airflow/example_dags/example_latest_only.py took 0.084 seconds
[2024-03-09T10:38:46.207+0000] {processor.py:161} INFO - Started process (PID=945) to work on /home/airflow/.local/lib/python3.8/site-packages/airflow/example_dags/example_latest_only.py
[2024-03-09T10:38:46.208+0000] {processor.py:830} INFO - Processing file /home/airflow/.local/lib/python3.8/site-packages/airflow/example_dags/example_latest_only.py for tasks to queue
[2024-03-09T10:38:46.211+0000] {logging_mixin.py:188} INFO - [2024-03-09T10:38:46.211+0000] {dagbag.py:540} INFO - Filling up the DagBag from /home/airflow/.local/lib/python3.8/site-packages/airflow/example_dags/example_latest_only.py
[2024-03-09T10:38:46.218+0000] {processor.py:840} INFO - DAG(s) 'latest_only' retrieved from /home/airflow/.local/lib/python3.8/site-packages/airflow/example_dags/example_latest_only.py
[2024-03-09T10:38:46.247+0000] {logging_mixin.py:188} INFO - [2024-03-09T10:38:46.246+0000] {dag.py:3047} INFO - Sync 1 DAGs
[2024-03-09T10:38:46.278+0000] {logging_mixin.py:188} INFO - [2024-03-09T10:38:46.277+0000] {dag.py:3834} INFO - Setting next_dagrun for latest_only to 2024-03-09 04:00:00+00:00, run_after=2024-03-09 08:00:00+00:00
[2024-03-09T10:38:46.324+0000] {processor.py:183} INFO - Processing /home/airflow/.local/lib/python3.8/site-packages/airflow/example_dags/example_latest_only.py took 0.121 seconds
[2024-03-09T10:39:16.526+0000] {processor.py:161} INFO - Started process (PID=1000) to work on /home/airflow/.local/lib/python3.8/site-packages/airflow/example_dags/example_latest_only.py
[2024-03-09T10:39:16.528+0000] {processor.py:830} INFO - Processing file /home/airflow/.local/lib/python3.8/site-packages/airflow/example_dags/example_latest_only.py for tasks to queue
[2024-03-09T10:39:16.531+0000] {logging_mixin.py:188} INFO - [2024-03-09T10:39:16.531+0000] {dagbag.py:540} INFO - Filling up the DagBag from /home/airflow/.local/lib/python3.8/site-packages/airflow/example_dags/example_latest_only.py
[2024-03-09T10:39:16.541+0000] {processor.py:840} INFO - DAG(s) 'latest_only' retrieved from /home/airflow/.local/lib/python3.8/site-packages/airflow/example_dags/example_latest_only.py
[2024-03-09T10:39:16.575+0000] {logging_mixin.py:188} INFO - [2024-03-09T10:39:16.574+0000] {dag.py:3047} INFO - Sync 1 DAGs
[2024-03-09T10:39:16.619+0000] {logging_mixin.py:188} INFO - [2024-03-09T10:39:16.619+0000] {dag.py:3834} INFO - Setting next_dagrun for latest_only to 2024-03-09 04:00:00+00:00, run_after=2024-03-09 08:00:00+00:00
[2024-03-09T10:39:16.654+0000] {processor.py:183} INFO - Processing /home/airflow/.local/lib/python3.8/site-packages/airflow/example_dags/example_latest_only.py took 0.134 seconds
[2024-03-09T10:39:47.624+0000] {processor.py:161} INFO - Started process (PID=1055) to work on /home/airflow/.local/lib/python3.8/site-packages/airflow/example_dags/example_latest_only.py
[2024-03-09T10:39:47.626+0000] {processor.py:830} INFO - Processing file /home/airflow/.local/lib/python3.8/site-packages/airflow/example_dags/example_latest_only.py for tasks to queue
[2024-03-09T10:39:47.629+0000] {logging_mixin.py:188} INFO - [2024-03-09T10:39:47.629+0000] {dagbag.py:540} INFO - Filling up the DagBag from /home/airflow/.local/lib/python3.8/site-packages/airflow/example_dags/example_latest_only.py
[2024-03-09T10:39:47.637+0000] {processor.py:840} INFO - DAG(s) 'latest_only' retrieved from /home/airflow/.local/lib/python3.8/site-packages/airflow/example_dags/example_latest_only.py
[2024-03-09T10:39:47.669+0000] {logging_mixin.py:188} INFO - [2024-03-09T10:39:47.668+0000] {dag.py:3047} INFO - Sync 1 DAGs
[2024-03-09T10:39:47.704+0000] {logging_mixin.py:188} INFO - [2024-03-09T10:39:47.703+0000] {dag.py:3834} INFO - Setting next_dagrun for latest_only to 2024-03-09 04:00:00+00:00, run_after=2024-03-09 08:00:00+00:00
[2024-03-09T10:39:47.731+0000] {processor.py:183} INFO - Processing /home/airflow/.local/lib/python3.8/site-packages/airflow/example_dags/example_latest_only.py took 0.112 seconds
[2024-03-09T10:40:17.914+0000] {processor.py:161} INFO - Started process (PID=1110) to work on /home/airflow/.local/lib/python3.8/site-packages/airflow/example_dags/example_latest_only.py
[2024-03-09T10:40:17.916+0000] {processor.py:830} INFO - Processing file /home/airflow/.local/lib/python3.8/site-packages/airflow/example_dags/example_latest_only.py for tasks to queue
[2024-03-09T10:40:17.918+0000] {logging_mixin.py:188} INFO - [2024-03-09T10:40:17.917+0000] {dagbag.py:540} INFO - Filling up the DagBag from /home/airflow/.local/lib/python3.8/site-packages/airflow/example_dags/example_latest_only.py
[2024-03-09T10:40:17.925+0000] {processor.py:840} INFO - DAG(s) 'latest_only' retrieved from /home/airflow/.local/lib/python3.8/site-packages/airflow/example_dags/example_latest_only.py
[2024-03-09T10:40:17.948+0000] {logging_mixin.py:188} INFO - [2024-03-09T10:40:17.948+0000] {dag.py:3047} INFO - Sync 1 DAGs
[2024-03-09T10:40:17.973+0000] {logging_mixin.py:188} INFO - [2024-03-09T10:40:17.973+0000] {dag.py:3834} INFO - Setting next_dagrun for latest_only to 2024-03-09 04:00:00+00:00, run_after=2024-03-09 08:00:00+00:00
[2024-03-09T10:40:17.999+0000] {processor.py:183} INFO - Processing /home/airflow/.local/lib/python3.8/site-packages/airflow/example_dags/example_latest_only.py took 0.088 seconds
[2024-03-09T10:40:48.650+0000] {processor.py:161} INFO - Started process (PID=1165) to work on /home/airflow/.local/lib/python3.8/site-packages/airflow/example_dags/example_latest_only.py
[2024-03-09T10:40:48.651+0000] {processor.py:830} INFO - Processing file /home/airflow/.local/lib/python3.8/site-packages/airflow/example_dags/example_latest_only.py for tasks to queue
[2024-03-09T10:40:48.653+0000] {logging_mixin.py:188} INFO - [2024-03-09T10:40:48.653+0000] {dagbag.py:540} INFO - Filling up the DagBag from /home/airflow/.local/lib/python3.8/site-packages/airflow/example_dags/example_latest_only.py
[2024-03-09T10:40:48.659+0000] {processor.py:840} INFO - DAG(s) 'latest_only' retrieved from /home/airflow/.local/lib/python3.8/site-packages/airflow/example_dags/example_latest_only.py
[2024-03-09T10:40:48.685+0000] {logging_mixin.py:188} INFO - [2024-03-09T10:40:48.685+0000] {dag.py:3047} INFO - Sync 1 DAGs
[2024-03-09T10:40:48.709+0000] {logging_mixin.py:188} INFO - [2024-03-09T10:40:48.709+0000] {dag.py:3834} INFO - Setting next_dagrun for latest_only to 2024-03-09 04:00:00+00:00, run_after=2024-03-09 08:00:00+00:00
[2024-03-09T10:40:48.737+0000] {processor.py:183} INFO - Processing /home/airflow/.local/lib/python3.8/site-packages/airflow/example_dags/example_latest_only.py took 0.091 seconds
[2024-03-09T10:41:19.532+0000] {processor.py:161} INFO - Started process (PID=1220) to work on /home/airflow/.local/lib/python3.8/site-packages/airflow/example_dags/example_latest_only.py
[2024-03-09T10:41:19.533+0000] {processor.py:830} INFO - Processing file /home/airflow/.local/lib/python3.8/site-packages/airflow/example_dags/example_latest_only.py for tasks to queue
[2024-03-09T10:41:19.535+0000] {logging_mixin.py:188} INFO - [2024-03-09T10:41:19.535+0000] {dagbag.py:540} INFO - Filling up the DagBag from /home/airflow/.local/lib/python3.8/site-packages/airflow/example_dags/example_latest_only.py
[2024-03-09T10:41:19.540+0000] {processor.py:840} INFO - DAG(s) 'latest_only' retrieved from /home/airflow/.local/lib/python3.8/site-packages/airflow/example_dags/example_latest_only.py
[2024-03-09T10:41:19.576+0000] {logging_mixin.py:188} INFO - [2024-03-09T10:41:19.575+0000] {dag.py:3047} INFO - Sync 1 DAGs
[2024-03-09T10:41:19.612+0000] {logging_mixin.py:188} INFO - [2024-03-09T10:41:19.612+0000] {dag.py:3834} INFO - Setting next_dagrun for latest_only to 2024-03-09 04:00:00+00:00, run_after=2024-03-09 08:00:00+00:00
[2024-03-09T10:41:19.646+0000] {processor.py:183} INFO - Processing /home/airflow/.local/lib/python3.8/site-packages/airflow/example_dags/example_latest_only.py took 0.118 seconds
[2024-03-09T10:41:49.822+0000] {processor.py:161} INFO - Started process (PID=1275) to work on /home/airflow/.local/lib/python3.8/site-packages/airflow/example_dags/example_latest_only.py
[2024-03-09T10:41:49.823+0000] {processor.py:830} INFO - Processing file /home/airflow/.local/lib/python3.8/site-packages/airflow/example_dags/example_latest_only.py for tasks to queue
[2024-03-09T10:41:49.825+0000] {logging_mixin.py:188} INFO - [2024-03-09T10:41:49.825+0000] {dagbag.py:540} INFO - Filling up the DagBag from /home/airflow/.local/lib/python3.8/site-packages/airflow/example_dags/example_latest_only.py
[2024-03-09T10:41:49.833+0000] {processor.py:840} INFO - DAG(s) 'latest_only' retrieved from /home/airflow/.local/lib/python3.8/site-packages/airflow/example_dags/example_latest_only.py
[2024-03-09T10:41:49.858+0000] {logging_mixin.py:188} INFO - [2024-03-09T10:41:49.857+0000] {dag.py:3047} INFO - Sync 1 DAGs
[2024-03-09T10:41:49.882+0000] {logging_mixin.py:188} INFO - [2024-03-09T10:41:49.881+0000] {dag.py:3834} INFO - Setting next_dagrun for latest_only to 2024-03-09 04:00:00+00:00, run_after=2024-03-09 08:00:00+00:00
[2024-03-09T10:41:49.903+0000] {processor.py:183} INFO - Processing /home/airflow/.local/lib/python3.8/site-packages/airflow/example_dags/example_latest_only.py took 0.085 seconds
[2024-03-09T10:42:19.975+0000] {processor.py:161} INFO - Started process (PID=1330) to work on /home/airflow/.local/lib/python3.8/site-packages/airflow/example_dags/example_latest_only.py
[2024-03-09T10:42:19.977+0000] {processor.py:830} INFO - Processing file /home/airflow/.local/lib/python3.8/site-packages/airflow/example_dags/example_latest_only.py for tasks to queue
[2024-03-09T10:42:19.981+0000] {logging_mixin.py:188} INFO - [2024-03-09T10:42:19.980+0000] {dagbag.py:540} INFO - Filling up the DagBag from /home/airflow/.local/lib/python3.8/site-packages/airflow/example_dags/example_latest_only.py
[2024-03-09T10:42:19.989+0000] {processor.py:840} INFO - DAG(s) 'latest_only' retrieved from /home/airflow/.local/lib/python3.8/site-packages/airflow/example_dags/example_latest_only.py
[2024-03-09T10:42:20.013+0000] {logging_mixin.py:188} INFO - [2024-03-09T10:42:20.013+0000] {dag.py:3047} INFO - Sync 1 DAGs
[2024-03-09T10:42:20.042+0000] {logging_mixin.py:188} INFO - [2024-03-09T10:42:20.042+0000] {dag.py:3834} INFO - Setting next_dagrun for latest_only to 2024-03-09 04:00:00+00:00, run_after=2024-03-09 08:00:00+00:00
[2024-03-09T10:42:20.064+0000] {processor.py:183} INFO - Processing /home/airflow/.local/lib/python3.8/site-packages/airflow/example_dags/example_latest_only.py took 0.094 seconds
[2024-03-09T10:42:50.305+0000] {processor.py:161} INFO - Started process (PID=1385) to work on /home/airflow/.local/lib/python3.8/site-packages/airflow/example_dags/example_latest_only.py
[2024-03-09T10:42:50.306+0000] {processor.py:830} INFO - Processing file /home/airflow/.local/lib/python3.8/site-packages/airflow/example_dags/example_latest_only.py for tasks to queue
[2024-03-09T10:42:50.308+0000] {logging_mixin.py:188} INFO - [2024-03-09T10:42:50.308+0000] {dagbag.py:540} INFO - Filling up the DagBag from /home/airflow/.local/lib/python3.8/site-packages/airflow/example_dags/example_latest_only.py
[2024-03-09T10:42:50.315+0000] {processor.py:840} INFO - DAG(s) 'latest_only' retrieved from /home/airflow/.local/lib/python3.8/site-packages/airflow/example_dags/example_latest_only.py
[2024-03-09T10:42:50.345+0000] {logging_mixin.py:188} INFO - [2024-03-09T10:42:50.344+0000] {dag.py:3047} INFO - Sync 1 DAGs
[2024-03-09T10:42:50.371+0000] {logging_mixin.py:188} INFO - [2024-03-09T10:42:50.371+0000] {dag.py:3834} INFO - Setting next_dagrun for latest_only to 2024-03-09 04:00:00+00:00, run_after=2024-03-09 08:00:00+00:00
[2024-03-09T10:42:50.397+0000] {processor.py:183} INFO - Processing /home/airflow/.local/lib/python3.8/site-packages/airflow/example_dags/example_latest_only.py took 0.096 seconds
[2024-03-09T10:43:20.735+0000] {processor.py:161} INFO - Started process (PID=1440) to work on /home/airflow/.local/lib/python3.8/site-packages/airflow/example_dags/example_latest_only.py
[2024-03-09T10:43:20.737+0000] {processor.py:830} INFO - Processing file /home/airflow/.local/lib/python3.8/site-packages/airflow/example_dags/example_latest_only.py for tasks to queue
[2024-03-09T10:43:20.739+0000] {logging_mixin.py:188} INFO - [2024-03-09T10:43:20.738+0000] {dagbag.py:540} INFO - Filling up the DagBag from /home/airflow/.local/lib/python3.8/site-packages/airflow/example_dags/example_latest_only.py
[2024-03-09T10:43:20.744+0000] {processor.py:840} INFO - DAG(s) 'latest_only' retrieved from /home/airflow/.local/lib/python3.8/site-packages/airflow/example_dags/example_latest_only.py
[2024-03-09T10:43:20.774+0000] {logging_mixin.py:188} INFO - [2024-03-09T10:43:20.773+0000] {dag.py:3047} INFO - Sync 1 DAGs
[2024-03-09T10:43:20.798+0000] {logging_mixin.py:188} INFO - [2024-03-09T10:43:20.798+0000] {dag.py:3834} INFO - Setting next_dagrun for latest_only to 2024-03-09 04:00:00+00:00, run_after=2024-03-09 08:00:00+00:00
[2024-03-09T10:43:20.824+0000] {processor.py:183} INFO - Processing /home/airflow/.local/lib/python3.8/site-packages/airflow/example_dags/example_latest_only.py took 0.092 seconds
[2024-03-09T10:43:50.961+0000] {processor.py:161} INFO - Started process (PID=1495) to work on /home/airflow/.local/lib/python3.8/site-packages/airflow/example_dags/example_latest_only.py
[2024-03-09T10:43:50.962+0000] {processor.py:830} INFO - Processing file /home/airflow/.local/lib/python3.8/site-packages/airflow/example_dags/example_latest_only.py for tasks to queue
[2024-03-09T10:43:50.965+0000] {logging_mixin.py:188} INFO - [2024-03-09T10:43:50.964+0000] {dagbag.py:540} INFO - Filling up the DagBag from /home/airflow/.local/lib/python3.8/site-packages/airflow/example_dags/example_latest_only.py
[2024-03-09T10:43:50.970+0000] {processor.py:840} INFO - DAG(s) 'latest_only' retrieved from /home/airflow/.local/lib/python3.8/site-packages/airflow/example_dags/example_latest_only.py
[2024-03-09T10:43:50.994+0000] {logging_mixin.py:188} INFO - [2024-03-09T10:43:50.994+0000] {dag.py:3047} INFO - Sync 1 DAGs
[2024-03-09T10:43:51.018+0000] {logging_mixin.py:188} INFO - [2024-03-09T10:43:51.018+0000] {dag.py:3834} INFO - Setting next_dagrun for latest_only to 2024-03-09 04:00:00+00:00, run_after=2024-03-09 08:00:00+00:00
[2024-03-09T10:43:51.046+0000] {processor.py:183} INFO - Processing /home/airflow/.local/lib/python3.8/site-packages/airflow/example_dags/example_latest_only.py took 0.088 seconds
[2024-03-09T10:44:21.391+0000] {processor.py:161} INFO - Started process (PID=1550) to work on /home/airflow/.local/lib/python3.8/site-packages/airflow/example_dags/example_latest_only.py
[2024-03-09T10:44:21.393+0000] {processor.py:830} INFO - Processing file /home/airflow/.local/lib/python3.8/site-packages/airflow/example_dags/example_latest_only.py for tasks to queue
[2024-03-09T10:44:21.395+0000] {logging_mixin.py:188} INFO - [2024-03-09T10:44:21.395+0000] {dagbag.py:540} INFO - Filling up the DagBag from /home/airflow/.local/lib/python3.8/site-packages/airflow/example_dags/example_latest_only.py
[2024-03-09T10:44:21.401+0000] {processor.py:840} INFO - DAG(s) 'latest_only' retrieved from /home/airflow/.local/lib/python3.8/site-packages/airflow/example_dags/example_latest_only.py
[2024-03-09T10:44:21.431+0000] {logging_mixin.py:188} INFO - [2024-03-09T10:44:21.430+0000] {dag.py:3047} INFO - Sync 1 DAGs
[2024-03-09T10:44:21.459+0000] {logging_mixin.py:188} INFO - [2024-03-09T10:44:21.459+0000] {dag.py:3834} INFO - Setting next_dagrun for latest_only to 2024-03-09 04:00:00+00:00, run_after=2024-03-09 08:00:00+00:00
[2024-03-09T10:44:21.489+0000] {processor.py:183} INFO - Processing /home/airflow/.local/lib/python3.8/site-packages/airflow/example_dags/example_latest_only.py took 0.101 seconds
[2024-03-09T10:44:51.658+0000] {processor.py:161} INFO - Started process (PID=1605) to work on /home/airflow/.local/lib/python3.8/site-packages/airflow/example_dags/example_latest_only.py
[2024-03-09T10:44:51.660+0000] {processor.py:830} INFO - Processing file /home/airflow/.local/lib/python3.8/site-packages/airflow/example_dags/example_latest_only.py for tasks to queue
[2024-03-09T10:44:51.663+0000] {logging_mixin.py:188} INFO - [2024-03-09T10:44:51.662+0000] {dagbag.py:540} INFO - Filling up the DagBag from /home/airflow/.local/lib/python3.8/site-packages/airflow/example_dags/example_latest_only.py
[2024-03-09T10:44:51.670+0000] {processor.py:840} INFO - DAG(s) 'latest_only' retrieved from /home/airflow/.local/lib/python3.8/site-packages/airflow/example_dags/example_latest_only.py
[2024-03-09T10:44:51.695+0000] {logging_mixin.py:188} INFO - [2024-03-09T10:44:51.695+0000] {dag.py:3047} INFO - Sync 1 DAGs
[2024-03-09T10:44:51.724+0000] {logging_mixin.py:188} INFO - [2024-03-09T10:44:51.724+0000] {dag.py:3834} INFO - Setting next_dagrun for latest_only to 2024-03-09 04:00:00+00:00, run_after=2024-03-09 08:00:00+00:00
[2024-03-09T10:44:51.752+0000] {processor.py:183} INFO - Processing /home/airflow/.local/lib/python3.8/site-packages/airflow/example_dags/example_latest_only.py took 0.097 seconds
[2024-03-09T10:45:21.975+0000] {processor.py:161} INFO - Started process (PID=1660) to work on /home/airflow/.local/lib/python3.8/site-packages/airflow/example_dags/example_latest_only.py
[2024-03-09T10:45:21.977+0000] {processor.py:830} INFO - Processing file /home/airflow/.local/lib/python3.8/site-packages/airflow/example_dags/example_latest_only.py for tasks to queue
[2024-03-09T10:45:21.980+0000] {logging_mixin.py:188} INFO - [2024-03-09T10:45:21.979+0000] {dagbag.py:540} INFO - Filling up the DagBag from /home/airflow/.local/lib/python3.8/site-packages/airflow/example_dags/example_latest_only.py
[2024-03-09T10:45:21.989+0000] {processor.py:840} INFO - DAG(s) 'latest_only' retrieved from /home/airflow/.local/lib/python3.8/site-packages/airflow/example_dags/example_latest_only.py
[2024-03-09T10:45:22.016+0000] {logging_mixin.py:188} INFO - [2024-03-09T10:45:22.016+0000] {dag.py:3047} INFO - Sync 1 DAGs
[2024-03-09T10:45:22.047+0000] {logging_mixin.py:188} INFO - [2024-03-09T10:45:22.047+0000] {dag.py:3834} INFO - Setting next_dagrun for latest_only to 2024-03-09 04:00:00+00:00, run_after=2024-03-09 08:00:00+00:00
[2024-03-09T10:45:22.079+0000] {processor.py:183} INFO - Processing /home/airflow/.local/lib/python3.8/site-packages/airflow/example_dags/example_latest_only.py took 0.107 seconds
[2024-03-09T10:45:52.380+0000] {processor.py:161} INFO - Started process (PID=1721) to work on /home/airflow/.local/lib/python3.8/site-packages/airflow/example_dags/example_latest_only.py
[2024-03-09T10:45:52.381+0000] {processor.py:830} INFO - Processing file /home/airflow/.local/lib/python3.8/site-packages/airflow/example_dags/example_latest_only.py for tasks to queue
[2024-03-09T10:45:52.383+0000] {logging_mixin.py:188} INFO - [2024-03-09T10:45:52.383+0000] {dagbag.py:540} INFO - Filling up the DagBag from /home/airflow/.local/lib/python3.8/site-packages/airflow/example_dags/example_latest_only.py
[2024-03-09T10:45:52.390+0000] {processor.py:840} INFO - DAG(s) 'latest_only' retrieved from /home/airflow/.local/lib/python3.8/site-packages/airflow/example_dags/example_latest_only.py
[2024-03-09T10:45:52.416+0000] {logging_mixin.py:188} INFO - [2024-03-09T10:45:52.415+0000] {dag.py:3047} INFO - Sync 1 DAGs
[2024-03-09T10:45:52.449+0000] {logging_mixin.py:188} INFO - [2024-03-09T10:45:52.449+0000] {dag.py:3834} INFO - Setting next_dagrun for latest_only to 2024-03-09 04:00:00+00:00, run_after=2024-03-09 08:00:00+00:00
[2024-03-09T10:45:52.475+0000] {processor.py:183} INFO - Processing /home/airflow/.local/lib/python3.8/site-packages/airflow/example_dags/example_latest_only.py took 0.099 seconds
