[2024-03-09T10:30:31.461+0000] {processor.py:161} INFO - Started process (PID=46) to work on /home/airflow/.local/lib/python3.8/site-packages/airflow/example_dags/example_latest_only_with_trigger.py
[2024-03-09T10:30:31.463+0000] {processor.py:830} INFO - Processing file /home/airflow/.local/lib/python3.8/site-packages/airflow/example_dags/example_latest_only_with_trigger.py for tasks to queue
[2024-03-09T10:30:31.466+0000] {logging_mixin.py:188} INFO - [2024-03-09T10:30:31.466+0000] {dagbag.py:540} INFO - Filling up the DagBag from /home/airflow/.local/lib/python3.8/site-packages/airflow/example_dags/example_latest_only_with_trigger.py
[2024-03-09T10:30:31.643+0000] {processor.py:840} INFO - DAG(s) 'latest_only_with_trigger' retrieved from /home/airflow/.local/lib/python3.8/site-packages/airflow/example_dags/example_latest_only_with_trigger.py
[2024-03-09T10:30:32.072+0000] {logging_mixin.py:188} INFO - [2024-03-09T10:30:32.071+0000] {dag.py:3047} INFO - Sync 1 DAGs
[2024-03-09T10:30:32.377+0000] {logging_mixin.py:188} INFO - [2024-03-09T10:30:32.377+0000] {dag.py:3834} INFO - Setting next_dagrun for latest_only_with_trigger to 2024-03-09 04:00:00+00:00, run_after=2024-03-09 08:00:00+00:00
[2024-03-09T10:30:32.607+0000] {processor.py:183} INFO - Processing /home/airflow/.local/lib/python3.8/site-packages/airflow/example_dags/example_latest_only_with_trigger.py took 1.185 seconds
[2024-03-09T10:31:02.877+0000] {processor.py:161} INFO - Started process (PID=101) to work on /home/airflow/.local/lib/python3.8/site-packages/airflow/example_dags/example_latest_only_with_trigger.py
[2024-03-09T10:31:02.878+0000] {processor.py:830} INFO - Processing file /home/airflow/.local/lib/python3.8/site-packages/airflow/example_dags/example_latest_only_with_trigger.py for tasks to queue
[2024-03-09T10:31:02.881+0000] {logging_mixin.py:188} INFO - [2024-03-09T10:31:02.881+0000] {dagbag.py:540} INFO - Filling up the DagBag from /home/airflow/.local/lib/python3.8/site-packages/airflow/example_dags/example_latest_only_with_trigger.py
[2024-03-09T10:31:02.892+0000] {processor.py:840} INFO - DAG(s) 'latest_only_with_trigger' retrieved from /home/airflow/.local/lib/python3.8/site-packages/airflow/example_dags/example_latest_only_with_trigger.py
[2024-03-09T10:31:02.926+0000] {logging_mixin.py:188} INFO - [2024-03-09T10:31:02.925+0000] {dag.py:3047} INFO - Sync 1 DAGs
[2024-03-09T10:31:02.962+0000] {logging_mixin.py:188} INFO - [2024-03-09T10:31:02.961+0000] {dag.py:3834} INFO - Setting next_dagrun for latest_only_with_trigger to 2024-03-09 04:00:00+00:00, run_after=2024-03-09 08:00:00+00:00
[2024-03-09T10:31:02.989+0000] {processor.py:183} INFO - Processing /home/airflow/.local/lib/python3.8/site-packages/airflow/example_dags/example_latest_only_with_trigger.py took 0.118 seconds
[2024-03-09T10:31:33.282+0000] {processor.py:161} INFO - Started process (PID=156) to work on /home/airflow/.local/lib/python3.8/site-packages/airflow/example_dags/example_latest_only_with_trigger.py
[2024-03-09T10:31:33.283+0000] {processor.py:830} INFO - Processing file /home/airflow/.local/lib/python3.8/site-packages/airflow/example_dags/example_latest_only_with_trigger.py for tasks to queue
[2024-03-09T10:31:33.284+0000] {logging_mixin.py:188} INFO - [2024-03-09T10:31:33.284+0000] {dagbag.py:540} INFO - Filling up the DagBag from /home/airflow/.local/lib/python3.8/site-packages/airflow/example_dags/example_latest_only_with_trigger.py
[2024-03-09T10:31:33.289+0000] {processor.py:840} INFO - DAG(s) 'latest_only_with_trigger' retrieved from /home/airflow/.local/lib/python3.8/site-packages/airflow/example_dags/example_latest_only_with_trigger.py
[2024-03-09T10:31:33.312+0000] {logging_mixin.py:188} INFO - [2024-03-09T10:31:33.312+0000] {dag.py:3047} INFO - Sync 1 DAGs
[2024-03-09T10:31:33.334+0000] {logging_mixin.py:188} INFO - [2024-03-09T10:31:33.334+0000] {dag.py:3834} INFO - Setting next_dagrun for latest_only_with_trigger to 2024-03-09 04:00:00+00:00, run_after=2024-03-09 08:00:00+00:00
[2024-03-09T10:31:33.357+0000] {processor.py:183} INFO - Processing /home/airflow/.local/lib/python3.8/site-packages/airflow/example_dags/example_latest_only_with_trigger.py took 0.079 seconds
[2024-03-09T10:32:03.619+0000] {processor.py:161} INFO - Started process (PID=211) to work on /home/airflow/.local/lib/python3.8/site-packages/airflow/example_dags/example_latest_only_with_trigger.py
[2024-03-09T10:32:03.621+0000] {processor.py:830} INFO - Processing file /home/airflow/.local/lib/python3.8/site-packages/airflow/example_dags/example_latest_only_with_trigger.py for tasks to queue
[2024-03-09T10:32:03.625+0000] {logging_mixin.py:188} INFO - [2024-03-09T10:32:03.624+0000] {dagbag.py:540} INFO - Filling up the DagBag from /home/airflow/.local/lib/python3.8/site-packages/airflow/example_dags/example_latest_only_with_trigger.py
[2024-03-09T10:32:03.632+0000] {processor.py:840} INFO - DAG(s) 'latest_only_with_trigger' retrieved from /home/airflow/.local/lib/python3.8/site-packages/airflow/example_dags/example_latest_only_with_trigger.py
[2024-03-09T10:32:03.659+0000] {logging_mixin.py:188} INFO - [2024-03-09T10:32:03.659+0000] {dag.py:3047} INFO - Sync 1 DAGs
[2024-03-09T10:32:03.689+0000] {logging_mixin.py:188} INFO - [2024-03-09T10:32:03.689+0000] {dag.py:3834} INFO - Setting next_dagrun for latest_only_with_trigger to 2024-03-09 04:00:00+00:00, run_after=2024-03-09 08:00:00+00:00
[2024-03-09T10:32:03.716+0000] {processor.py:183} INFO - Processing /home/airflow/.local/lib/python3.8/site-packages/airflow/example_dags/example_latest_only_with_trigger.py took 0.102 seconds
[2024-03-09T10:32:34.466+0000] {processor.py:161} INFO - Started process (PID=266) to work on /home/airflow/.local/lib/python3.8/site-packages/airflow/example_dags/example_latest_only_with_trigger.py
[2024-03-09T10:32:34.467+0000] {processor.py:830} INFO - Processing file /home/airflow/.local/lib/python3.8/site-packages/airflow/example_dags/example_latest_only_with_trigger.py for tasks to queue
[2024-03-09T10:32:34.469+0000] {logging_mixin.py:188} INFO - [2024-03-09T10:32:34.469+0000] {dagbag.py:540} INFO - Filling up the DagBag from /home/airflow/.local/lib/python3.8/site-packages/airflow/example_dags/example_latest_only_with_trigger.py
[2024-03-09T10:32:34.475+0000] {processor.py:840} INFO - DAG(s) 'latest_only_with_trigger' retrieved from /home/airflow/.local/lib/python3.8/site-packages/airflow/example_dags/example_latest_only_with_trigger.py
[2024-03-09T10:32:34.502+0000] {logging_mixin.py:188} INFO - [2024-03-09T10:32:34.501+0000] {dag.py:3047} INFO - Sync 1 DAGs
[2024-03-09T10:32:34.527+0000] {logging_mixin.py:188} INFO - [2024-03-09T10:32:34.526+0000] {dag.py:3834} INFO - Setting next_dagrun for latest_only_with_trigger to 2024-03-09 04:00:00+00:00, run_after=2024-03-09 08:00:00+00:00
[2024-03-09T10:32:34.554+0000] {processor.py:183} INFO - Processing /home/airflow/.local/lib/python3.8/site-packages/airflow/example_dags/example_latest_only_with_trigger.py took 0.091 seconds
[2024-03-09T10:33:04.701+0000] {processor.py:161} INFO - Started process (PID=321) to work on /home/airflow/.local/lib/python3.8/site-packages/airflow/example_dags/example_latest_only_with_trigger.py
[2024-03-09T10:33:04.703+0000] {processor.py:830} INFO - Processing file /home/airflow/.local/lib/python3.8/site-packages/airflow/example_dags/example_latest_only_with_trigger.py for tasks to queue
[2024-03-09T10:33:04.706+0000] {logging_mixin.py:188} INFO - [2024-03-09T10:33:04.706+0000] {dagbag.py:540} INFO - Filling up the DagBag from /home/airflow/.local/lib/python3.8/site-packages/airflow/example_dags/example_latest_only_with_trigger.py
[2024-03-09T10:33:04.714+0000] {processor.py:840} INFO - DAG(s) 'latest_only_with_trigger' retrieved from /home/airflow/.local/lib/python3.8/site-packages/airflow/example_dags/example_latest_only_with_trigger.py
[2024-03-09T10:33:04.740+0000] {logging_mixin.py:188} INFO - [2024-03-09T10:33:04.740+0000] {dag.py:3047} INFO - Sync 1 DAGs
[2024-03-09T10:33:04.764+0000] {logging_mixin.py:188} INFO - [2024-03-09T10:33:04.764+0000] {dag.py:3834} INFO - Setting next_dagrun for latest_only_with_trigger to 2024-03-09 04:00:00+00:00, run_after=2024-03-09 08:00:00+00:00
[2024-03-09T10:33:04.792+0000] {processor.py:183} INFO - Processing /home/airflow/.local/lib/python3.8/site-packages/airflow/example_dags/example_latest_only_with_trigger.py took 0.095 seconds
[2024-03-09T10:33:34.857+0000] {processor.py:161} INFO - Started process (PID=376) to work on /home/airflow/.local/lib/python3.8/site-packages/airflow/example_dags/example_latest_only_with_trigger.py
[2024-03-09T10:33:34.858+0000] {processor.py:830} INFO - Processing file /home/airflow/.local/lib/python3.8/site-packages/airflow/example_dags/example_latest_only_with_trigger.py for tasks to queue
[2024-03-09T10:33:34.860+0000] {logging_mixin.py:188} INFO - [2024-03-09T10:33:34.860+0000] {dagbag.py:540} INFO - Filling up the DagBag from /home/airflow/.local/lib/python3.8/site-packages/airflow/example_dags/example_latest_only_with_trigger.py
[2024-03-09T10:33:34.866+0000] {processor.py:840} INFO - DAG(s) 'latest_only_with_trigger' retrieved from /home/airflow/.local/lib/python3.8/site-packages/airflow/example_dags/example_latest_only_with_trigger.py
[2024-03-09T10:33:34.893+0000] {logging_mixin.py:188} INFO - [2024-03-09T10:33:34.892+0000] {dag.py:3047} INFO - Sync 1 DAGs
[2024-03-09T10:33:34.916+0000] {logging_mixin.py:188} INFO - [2024-03-09T10:33:34.916+0000] {dag.py:3834} INFO - Setting next_dagrun for latest_only_with_trigger to 2024-03-09 04:00:00+00:00, run_after=2024-03-09 08:00:00+00:00
[2024-03-09T10:33:34.943+0000] {processor.py:183} INFO - Processing /home/airflow/.local/lib/python3.8/site-packages/airflow/example_dags/example_latest_only_with_trigger.py took 0.090 seconds
[2024-03-09T10:34:05.512+0000] {processor.py:161} INFO - Started process (PID=431) to work on /home/airflow/.local/lib/python3.8/site-packages/airflow/example_dags/example_latest_only_with_trigger.py
[2024-03-09T10:34:05.513+0000] {processor.py:830} INFO - Processing file /home/airflow/.local/lib/python3.8/site-packages/airflow/example_dags/example_latest_only_with_trigger.py for tasks to queue
[2024-03-09T10:34:05.515+0000] {logging_mixin.py:188} INFO - [2024-03-09T10:34:05.515+0000] {dagbag.py:540} INFO - Filling up the DagBag from /home/airflow/.local/lib/python3.8/site-packages/airflow/example_dags/example_latest_only_with_trigger.py
[2024-03-09T10:34:05.520+0000] {processor.py:840} INFO - DAG(s) 'latest_only_with_trigger' retrieved from /home/airflow/.local/lib/python3.8/site-packages/airflow/example_dags/example_latest_only_with_trigger.py
[2024-03-09T10:34:05.547+0000] {logging_mixin.py:188} INFO - [2024-03-09T10:34:05.547+0000] {dag.py:3047} INFO - Sync 1 DAGs
[2024-03-09T10:34:05.571+0000] {logging_mixin.py:188} INFO - [2024-03-09T10:34:05.571+0000] {dag.py:3834} INFO - Setting next_dagrun for latest_only_with_trigger to 2024-03-09 04:00:00+00:00, run_after=2024-03-09 08:00:00+00:00
[2024-03-09T10:34:05.598+0000] {processor.py:183} INFO - Processing /home/airflow/.local/lib/python3.8/site-packages/airflow/example_dags/example_latest_only_with_trigger.py took 0.090 seconds
[2024-03-09T10:34:35.741+0000] {processor.py:161} INFO - Started process (PID=486) to work on /home/airflow/.local/lib/python3.8/site-packages/airflow/example_dags/example_latest_only_with_trigger.py
[2024-03-09T10:34:35.742+0000] {processor.py:830} INFO - Processing file /home/airflow/.local/lib/python3.8/site-packages/airflow/example_dags/example_latest_only_with_trigger.py for tasks to queue
[2024-03-09T10:34:35.744+0000] {logging_mixin.py:188} INFO - [2024-03-09T10:34:35.744+0000] {dagbag.py:540} INFO - Filling up the DagBag from /home/airflow/.local/lib/python3.8/site-packages/airflow/example_dags/example_latest_only_with_trigger.py
[2024-03-09T10:34:35.754+0000] {processor.py:840} INFO - DAG(s) 'latest_only_with_trigger' retrieved from /home/airflow/.local/lib/python3.8/site-packages/airflow/example_dags/example_latest_only_with_trigger.py
[2024-03-09T10:34:35.783+0000] {logging_mixin.py:188} INFO - [2024-03-09T10:34:35.783+0000] {dag.py:3047} INFO - Sync 1 DAGs
[2024-03-09T10:34:35.811+0000] {logging_mixin.py:188} INFO - [2024-03-09T10:34:35.811+0000] {dag.py:3834} INFO - Setting next_dagrun for latest_only_with_trigger to 2024-03-09 04:00:00+00:00, run_after=2024-03-09 08:00:00+00:00
[2024-03-09T10:34:35.843+0000] {processor.py:183} INFO - Processing /home/airflow/.local/lib/python3.8/site-packages/airflow/example_dags/example_latest_only_with_trigger.py took 0.105 seconds
[2024-03-09T10:35:06.169+0000] {processor.py:161} INFO - Started process (PID=541) to work on /home/airflow/.local/lib/python3.8/site-packages/airflow/example_dags/example_latest_only_with_trigger.py
[2024-03-09T10:35:06.170+0000] {processor.py:830} INFO - Processing file /home/airflow/.local/lib/python3.8/site-packages/airflow/example_dags/example_latest_only_with_trigger.py for tasks to queue
[2024-03-09T10:35:06.172+0000] {logging_mixin.py:188} INFO - [2024-03-09T10:35:06.172+0000] {dagbag.py:540} INFO - Filling up the DagBag from /home/airflow/.local/lib/python3.8/site-packages/airflow/example_dags/example_latest_only_with_trigger.py
[2024-03-09T10:35:06.178+0000] {processor.py:840} INFO - DAG(s) 'latest_only_with_trigger' retrieved from /home/airflow/.local/lib/python3.8/site-packages/airflow/example_dags/example_latest_only_with_trigger.py
[2024-03-09T10:35:06.204+0000] {logging_mixin.py:188} INFO - [2024-03-09T10:35:06.203+0000] {dag.py:3047} INFO - Sync 1 DAGs
[2024-03-09T10:35:06.228+0000] {logging_mixin.py:188} INFO - [2024-03-09T10:35:06.227+0000] {dag.py:3834} INFO - Setting next_dagrun for latest_only_with_trigger to 2024-03-09 04:00:00+00:00, run_after=2024-03-09 08:00:00+00:00
[2024-03-09T10:35:06.261+0000] {processor.py:183} INFO - Processing /home/airflow/.local/lib/python3.8/site-packages/airflow/example_dags/example_latest_only_with_trigger.py took 0.095 seconds
[2024-03-09T10:35:36.535+0000] {processor.py:161} INFO - Started process (PID=596) to work on /home/airflow/.local/lib/python3.8/site-packages/airflow/example_dags/example_latest_only_with_trigger.py
[2024-03-09T10:35:36.536+0000] {processor.py:830} INFO - Processing file /home/airflow/.local/lib/python3.8/site-packages/airflow/example_dags/example_latest_only_with_trigger.py for tasks to queue
[2024-03-09T10:35:36.538+0000] {logging_mixin.py:188} INFO - [2024-03-09T10:35:36.538+0000] {dagbag.py:540} INFO - Filling up the DagBag from /home/airflow/.local/lib/python3.8/site-packages/airflow/example_dags/example_latest_only_with_trigger.py
[2024-03-09T10:35:36.544+0000] {processor.py:840} INFO - DAG(s) 'latest_only_with_trigger' retrieved from /home/airflow/.local/lib/python3.8/site-packages/airflow/example_dags/example_latest_only_with_trigger.py
[2024-03-09T10:35:36.566+0000] {logging_mixin.py:188} INFO - [2024-03-09T10:35:36.566+0000] {dag.py:3047} INFO - Sync 1 DAGs
[2024-03-09T10:35:36.591+0000] {logging_mixin.py:188} INFO - [2024-03-09T10:35:36.591+0000] {dag.py:3834} INFO - Setting next_dagrun for latest_only_with_trigger to 2024-03-09 04:00:00+00:00, run_after=2024-03-09 08:00:00+00:00
[2024-03-09T10:35:36.626+0000] {processor.py:183} INFO - Processing /home/airflow/.local/lib/python3.8/site-packages/airflow/example_dags/example_latest_only_with_trigger.py took 0.094 seconds
[2024-03-09T10:36:06.959+0000] {processor.py:161} INFO - Started process (PID=651) to work on /home/airflow/.local/lib/python3.8/site-packages/airflow/example_dags/example_latest_only_with_trigger.py
[2024-03-09T10:36:06.961+0000] {processor.py:830} INFO - Processing file /home/airflow/.local/lib/python3.8/site-packages/airflow/example_dags/example_latest_only_with_trigger.py for tasks to queue
[2024-03-09T10:36:06.963+0000] {logging_mixin.py:188} INFO - [2024-03-09T10:36:06.963+0000] {dagbag.py:540} INFO - Filling up the DagBag from /home/airflow/.local/lib/python3.8/site-packages/airflow/example_dags/example_latest_only_with_trigger.py
[2024-03-09T10:36:06.969+0000] {processor.py:840} INFO - DAG(s) 'latest_only_with_trigger' retrieved from /home/airflow/.local/lib/python3.8/site-packages/airflow/example_dags/example_latest_only_with_trigger.py
[2024-03-09T10:36:06.993+0000] {logging_mixin.py:188} INFO - [2024-03-09T10:36:06.993+0000] {dag.py:3047} INFO - Sync 1 DAGs
[2024-03-09T10:36:07.017+0000] {logging_mixin.py:188} INFO - [2024-03-09T10:36:07.016+0000] {dag.py:3834} INFO - Setting next_dagrun for latest_only_with_trigger to 2024-03-09 04:00:00+00:00, run_after=2024-03-09 08:00:00+00:00
[2024-03-09T10:36:07.051+0000] {processor.py:183} INFO - Processing /home/airflow/.local/lib/python3.8/site-packages/airflow/example_dags/example_latest_only_with_trigger.py took 0.095 seconds
[2024-03-09T10:36:37.337+0000] {processor.py:161} INFO - Started process (PID=706) to work on /home/airflow/.local/lib/python3.8/site-packages/airflow/example_dags/example_latest_only_with_trigger.py
[2024-03-09T10:36:37.339+0000] {processor.py:830} INFO - Processing file /home/airflow/.local/lib/python3.8/site-packages/airflow/example_dags/example_latest_only_with_trigger.py for tasks to queue
[2024-03-09T10:36:37.342+0000] {logging_mixin.py:188} INFO - [2024-03-09T10:36:37.341+0000] {dagbag.py:540} INFO - Filling up the DagBag from /home/airflow/.local/lib/python3.8/site-packages/airflow/example_dags/example_latest_only_with_trigger.py
[2024-03-09T10:36:37.348+0000] {processor.py:840} INFO - DAG(s) 'latest_only_with_trigger' retrieved from /home/airflow/.local/lib/python3.8/site-packages/airflow/example_dags/example_latest_only_with_trigger.py
[2024-03-09T10:36:37.373+0000] {logging_mixin.py:188} INFO - [2024-03-09T10:36:37.373+0000] {dag.py:3047} INFO - Sync 1 DAGs
[2024-03-09T10:36:37.401+0000] {logging_mixin.py:188} INFO - [2024-03-09T10:36:37.400+0000] {dag.py:3834} INFO - Setting next_dagrun for latest_only_with_trigger to 2024-03-09 04:00:00+00:00, run_after=2024-03-09 08:00:00+00:00
[2024-03-09T10:36:37.429+0000] {processor.py:183} INFO - Processing /home/airflow/.local/lib/python3.8/site-packages/airflow/example_dags/example_latest_only_with_trigger.py took 0.095 seconds
[2024-03-09T10:37:07.999+0000] {processor.py:161} INFO - Started process (PID=761) to work on /home/airflow/.local/lib/python3.8/site-packages/airflow/example_dags/example_latest_only_with_trigger.py
[2024-03-09T10:37:08.000+0000] {processor.py:830} INFO - Processing file /home/airflow/.local/lib/python3.8/site-packages/airflow/example_dags/example_latest_only_with_trigger.py for tasks to queue
[2024-03-09T10:37:08.002+0000] {logging_mixin.py:188} INFO - [2024-03-09T10:37:08.001+0000] {dagbag.py:540} INFO - Filling up the DagBag from /home/airflow/.local/lib/python3.8/site-packages/airflow/example_dags/example_latest_only_with_trigger.py
[2024-03-09T10:37:08.007+0000] {processor.py:840} INFO - DAG(s) 'latest_only_with_trigger' retrieved from /home/airflow/.local/lib/python3.8/site-packages/airflow/example_dags/example_latest_only_with_trigger.py
[2024-03-09T10:37:08.030+0000] {logging_mixin.py:188} INFO - [2024-03-09T10:37:08.030+0000] {dag.py:3047} INFO - Sync 1 DAGs
[2024-03-09T10:37:08.054+0000] {logging_mixin.py:188} INFO - [2024-03-09T10:37:08.054+0000] {dag.py:3834} INFO - Setting next_dagrun for latest_only_with_trigger to 2024-03-09 04:00:00+00:00, run_after=2024-03-09 08:00:00+00:00
[2024-03-09T10:37:08.081+0000] {processor.py:183} INFO - Processing /home/airflow/.local/lib/python3.8/site-packages/airflow/example_dags/example_latest_only_with_trigger.py took 0.085 seconds
[2024-03-09T10:37:38.571+0000] {processor.py:161} INFO - Started process (PID=816) to work on /home/airflow/.local/lib/python3.8/site-packages/airflow/example_dags/example_latest_only_with_trigger.py
[2024-03-09T10:37:38.573+0000] {processor.py:830} INFO - Processing file /home/airflow/.local/lib/python3.8/site-packages/airflow/example_dags/example_latest_only_with_trigger.py for tasks to queue
[2024-03-09T10:37:38.575+0000] {logging_mixin.py:188} INFO - [2024-03-09T10:37:38.574+0000] {dagbag.py:540} INFO - Filling up the DagBag from /home/airflow/.local/lib/python3.8/site-packages/airflow/example_dags/example_latest_only_with_trigger.py
[2024-03-09T10:37:38.581+0000] {processor.py:840} INFO - DAG(s) 'latest_only_with_trigger' retrieved from /home/airflow/.local/lib/python3.8/site-packages/airflow/example_dags/example_latest_only_with_trigger.py
[2024-03-09T10:37:38.604+0000] {logging_mixin.py:188} INFO - [2024-03-09T10:37:38.604+0000] {dag.py:3047} INFO - Sync 1 DAGs
[2024-03-09T10:37:38.628+0000] {logging_mixin.py:188} INFO - [2024-03-09T10:37:38.627+0000] {dag.py:3834} INFO - Setting next_dagrun for latest_only_with_trigger to 2024-03-09 04:00:00+00:00, run_after=2024-03-09 08:00:00+00:00
[2024-03-09T10:37:38.658+0000] {processor.py:183} INFO - Processing /home/airflow/.local/lib/python3.8/site-packages/airflow/example_dags/example_latest_only_with_trigger.py took 0.090 seconds
[2024-03-09T10:38:08.886+0000] {processor.py:161} INFO - Started process (PID=871) to work on /home/airflow/.local/lib/python3.8/site-packages/airflow/example_dags/example_latest_only_with_trigger.py
[2024-03-09T10:38:08.888+0000] {processor.py:830} INFO - Processing file /home/airflow/.local/lib/python3.8/site-packages/airflow/example_dags/example_latest_only_with_trigger.py for tasks to queue
[2024-03-09T10:38:08.890+0000] {logging_mixin.py:188} INFO - [2024-03-09T10:38:08.890+0000] {dagbag.py:540} INFO - Filling up the DagBag from /home/airflow/.local/lib/python3.8/site-packages/airflow/example_dags/example_latest_only_with_trigger.py
[2024-03-09T10:38:08.899+0000] {processor.py:840} INFO - DAG(s) 'latest_only_with_trigger' retrieved from /home/airflow/.local/lib/python3.8/site-packages/airflow/example_dags/example_latest_only_with_trigger.py
[2024-03-09T10:38:08.936+0000] {logging_mixin.py:188} INFO - [2024-03-09T10:38:08.934+0000] {dag.py:3047} INFO - Sync 1 DAGs
[2024-03-09T10:38:08.973+0000] {logging_mixin.py:188} INFO - [2024-03-09T10:38:08.972+0000] {dag.py:3834} INFO - Setting next_dagrun for latest_only_with_trigger to 2024-03-09 04:00:00+00:00, run_after=2024-03-09 08:00:00+00:00
[2024-03-09T10:38:09.012+0000] {processor.py:183} INFO - Processing /home/airflow/.local/lib/python3.8/site-packages/airflow/example_dags/example_latest_only_with_trigger.py took 0.133 seconds
[2024-03-09T10:38:39.218+0000] {processor.py:161} INFO - Started process (PID=926) to work on /home/airflow/.local/lib/python3.8/site-packages/airflow/example_dags/example_latest_only_with_trigger.py
[2024-03-09T10:38:39.219+0000] {processor.py:830} INFO - Processing file /home/airflow/.local/lib/python3.8/site-packages/airflow/example_dags/example_latest_only_with_trigger.py for tasks to queue
[2024-03-09T10:38:39.222+0000] {logging_mixin.py:188} INFO - [2024-03-09T10:38:39.221+0000] {dagbag.py:540} INFO - Filling up the DagBag from /home/airflow/.local/lib/python3.8/site-packages/airflow/example_dags/example_latest_only_with_trigger.py
[2024-03-09T10:38:39.228+0000] {processor.py:840} INFO - DAG(s) 'latest_only_with_trigger' retrieved from /home/airflow/.local/lib/python3.8/site-packages/airflow/example_dags/example_latest_only_with_trigger.py
[2024-03-09T10:38:39.253+0000] {logging_mixin.py:188} INFO - [2024-03-09T10:38:39.252+0000] {dag.py:3047} INFO - Sync 1 DAGs
[2024-03-09T10:38:39.276+0000] {logging_mixin.py:188} INFO - [2024-03-09T10:38:39.276+0000] {dag.py:3834} INFO - Setting next_dagrun for latest_only_with_trigger to 2024-03-09 04:00:00+00:00, run_after=2024-03-09 08:00:00+00:00
[2024-03-09T10:38:39.309+0000] {processor.py:183} INFO - Processing /home/airflow/.local/lib/python3.8/site-packages/airflow/example_dags/example_latest_only_with_trigger.py took 0.095 seconds
[2024-03-09T10:39:09.595+0000] {processor.py:161} INFO - Started process (PID=981) to work on /home/airflow/.local/lib/python3.8/site-packages/airflow/example_dags/example_latest_only_with_trigger.py
[2024-03-09T10:39:09.596+0000] {processor.py:830} INFO - Processing file /home/airflow/.local/lib/python3.8/site-packages/airflow/example_dags/example_latest_only_with_trigger.py for tasks to queue
[2024-03-09T10:39:09.599+0000] {logging_mixin.py:188} INFO - [2024-03-09T10:39:09.598+0000] {dagbag.py:540} INFO - Filling up the DagBag from /home/airflow/.local/lib/python3.8/site-packages/airflow/example_dags/example_latest_only_with_trigger.py
[2024-03-09T10:39:09.604+0000] {processor.py:840} INFO - DAG(s) 'latest_only_with_trigger' retrieved from /home/airflow/.local/lib/python3.8/site-packages/airflow/example_dags/example_latest_only_with_trigger.py
[2024-03-09T10:39:09.631+0000] {logging_mixin.py:188} INFO - [2024-03-09T10:39:09.631+0000] {dag.py:3047} INFO - Sync 1 DAGs
[2024-03-09T10:39:09.657+0000] {logging_mixin.py:188} INFO - [2024-03-09T10:39:09.656+0000] {dag.py:3834} INFO - Setting next_dagrun for latest_only_with_trigger to 2024-03-09 04:00:00+00:00, run_after=2024-03-09 08:00:00+00:00
[2024-03-09T10:39:09.695+0000] {processor.py:183} INFO - Processing /home/airflow/.local/lib/python3.8/site-packages/airflow/example_dags/example_latest_only_with_trigger.py took 0.103 seconds
[2024-03-09T10:39:40.064+0000] {processor.py:161} INFO - Started process (PID=1036) to work on /home/airflow/.local/lib/python3.8/site-packages/airflow/example_dags/example_latest_only_with_trigger.py
[2024-03-09T10:39:40.066+0000] {processor.py:830} INFO - Processing file /home/airflow/.local/lib/python3.8/site-packages/airflow/example_dags/example_latest_only_with_trigger.py for tasks to queue
[2024-03-09T10:39:40.068+0000] {logging_mixin.py:188} INFO - [2024-03-09T10:39:40.068+0000] {dagbag.py:540} INFO - Filling up the DagBag from /home/airflow/.local/lib/python3.8/site-packages/airflow/example_dags/example_latest_only_with_trigger.py
[2024-03-09T10:39:40.075+0000] {processor.py:840} INFO - DAG(s) 'latest_only_with_trigger' retrieved from /home/airflow/.local/lib/python3.8/site-packages/airflow/example_dags/example_latest_only_with_trigger.py
[2024-03-09T10:39:40.104+0000] {logging_mixin.py:188} INFO - [2024-03-09T10:39:40.103+0000] {dag.py:3047} INFO - Sync 1 DAGs
[2024-03-09T10:39:40.132+0000] {logging_mixin.py:188} INFO - [2024-03-09T10:39:40.132+0000] {dag.py:3834} INFO - Setting next_dagrun for latest_only_with_trigger to 2024-03-09 04:00:00+00:00, run_after=2024-03-09 08:00:00+00:00
[2024-03-09T10:39:40.159+0000] {processor.py:183} INFO - Processing /home/airflow/.local/lib/python3.8/site-packages/airflow/example_dags/example_latest_only_with_trigger.py took 0.098 seconds
[2024-03-09T10:40:10.391+0000] {processor.py:161} INFO - Started process (PID=1091) to work on /home/airflow/.local/lib/python3.8/site-packages/airflow/example_dags/example_latest_only_with_trigger.py
[2024-03-09T10:40:10.392+0000] {processor.py:830} INFO - Processing file /home/airflow/.local/lib/python3.8/site-packages/airflow/example_dags/example_latest_only_with_trigger.py for tasks to queue
[2024-03-09T10:40:10.394+0000] {logging_mixin.py:188} INFO - [2024-03-09T10:40:10.393+0000] {dagbag.py:540} INFO - Filling up the DagBag from /home/airflow/.local/lib/python3.8/site-packages/airflow/example_dags/example_latest_only_with_trigger.py
[2024-03-09T10:40:10.401+0000] {processor.py:840} INFO - DAG(s) 'latest_only_with_trigger' retrieved from /home/airflow/.local/lib/python3.8/site-packages/airflow/example_dags/example_latest_only_with_trigger.py
[2024-03-09T10:40:10.430+0000] {logging_mixin.py:188} INFO - [2024-03-09T10:40:10.429+0000] {dag.py:3047} INFO - Sync 1 DAGs
[2024-03-09T10:40:10.457+0000] {logging_mixin.py:188} INFO - [2024-03-09T10:40:10.457+0000] {dag.py:3834} INFO - Setting next_dagrun for latest_only_with_trigger to 2024-03-09 04:00:00+00:00, run_after=2024-03-09 08:00:00+00:00
[2024-03-09T10:40:10.485+0000] {processor.py:183} INFO - Processing /home/airflow/.local/lib/python3.8/site-packages/airflow/example_dags/example_latest_only_with_trigger.py took 0.097 seconds
[2024-03-09T10:40:40.937+0000] {processor.py:161} INFO - Started process (PID=1146) to work on /home/airflow/.local/lib/python3.8/site-packages/airflow/example_dags/example_latest_only_with_trigger.py
[2024-03-09T10:40:40.938+0000] {processor.py:830} INFO - Processing file /home/airflow/.local/lib/python3.8/site-packages/airflow/example_dags/example_latest_only_with_trigger.py for tasks to queue
[2024-03-09T10:40:40.940+0000] {logging_mixin.py:188} INFO - [2024-03-09T10:40:40.940+0000] {dagbag.py:540} INFO - Filling up the DagBag from /home/airflow/.local/lib/python3.8/site-packages/airflow/example_dags/example_latest_only_with_trigger.py
[2024-03-09T10:40:40.946+0000] {processor.py:840} INFO - DAG(s) 'latest_only_with_trigger' retrieved from /home/airflow/.local/lib/python3.8/site-packages/airflow/example_dags/example_latest_only_with_trigger.py
[2024-03-09T10:40:40.975+0000] {logging_mixin.py:188} INFO - [2024-03-09T10:40:40.974+0000] {dag.py:3047} INFO - Sync 1 DAGs
[2024-03-09T10:40:41.001+0000] {logging_mixin.py:188} INFO - [2024-03-09T10:40:41.001+0000] {dag.py:3834} INFO - Setting next_dagrun for latest_only_with_trigger to 2024-03-09 04:00:00+00:00, run_after=2024-03-09 08:00:00+00:00
[2024-03-09T10:40:41.025+0000] {processor.py:183} INFO - Processing /home/airflow/.local/lib/python3.8/site-packages/airflow/example_dags/example_latest_only_with_trigger.py took 0.091 seconds
[2024-03-09T10:41:11.088+0000] {processor.py:161} INFO - Started process (PID=1201) to work on /home/airflow/.local/lib/python3.8/site-packages/airflow/example_dags/example_latest_only_with_trigger.py
[2024-03-09T10:41:11.091+0000] {processor.py:830} INFO - Processing file /home/airflow/.local/lib/python3.8/site-packages/airflow/example_dags/example_latest_only_with_trigger.py for tasks to queue
[2024-03-09T10:41:11.095+0000] {logging_mixin.py:188} INFO - [2024-03-09T10:41:11.094+0000] {dagbag.py:540} INFO - Filling up the DagBag from /home/airflow/.local/lib/python3.8/site-packages/airflow/example_dags/example_latest_only_with_trigger.py
[2024-03-09T10:41:11.102+0000] {processor.py:840} INFO - DAG(s) 'latest_only_with_trigger' retrieved from /home/airflow/.local/lib/python3.8/site-packages/airflow/example_dags/example_latest_only_with_trigger.py
[2024-03-09T10:41:11.133+0000] {logging_mixin.py:188} INFO - [2024-03-09T10:41:11.133+0000] {dag.py:3047} INFO - Sync 1 DAGs
[2024-03-09T10:41:11.167+0000] {logging_mixin.py:188} INFO - [2024-03-09T10:41:11.166+0000] {dag.py:3834} INFO - Setting next_dagrun for latest_only_with_trigger to 2024-03-09 04:00:00+00:00, run_after=2024-03-09 08:00:00+00:00
[2024-03-09T10:41:11.197+0000] {processor.py:183} INFO - Processing /home/airflow/.local/lib/python3.8/site-packages/airflow/example_dags/example_latest_only_with_trigger.py took 0.114 seconds
[2024-03-09T10:41:41.287+0000] {processor.py:161} INFO - Started process (PID=1256) to work on /home/airflow/.local/lib/python3.8/site-packages/airflow/example_dags/example_latest_only_with_trigger.py
[2024-03-09T10:41:41.288+0000] {processor.py:830} INFO - Processing file /home/airflow/.local/lib/python3.8/site-packages/airflow/example_dags/example_latest_only_with_trigger.py for tasks to queue
[2024-03-09T10:41:41.291+0000] {logging_mixin.py:188} INFO - [2024-03-09T10:41:41.290+0000] {dagbag.py:540} INFO - Filling up the DagBag from /home/airflow/.local/lib/python3.8/site-packages/airflow/example_dags/example_latest_only_with_trigger.py
[2024-03-09T10:41:41.296+0000] {processor.py:840} INFO - DAG(s) 'latest_only_with_trigger' retrieved from /home/airflow/.local/lib/python3.8/site-packages/airflow/example_dags/example_latest_only_with_trigger.py
[2024-03-09T10:41:41.321+0000] {logging_mixin.py:188} INFO - [2024-03-09T10:41:41.321+0000] {dag.py:3047} INFO - Sync 1 DAGs
[2024-03-09T10:41:41.348+0000] {logging_mixin.py:188} INFO - [2024-03-09T10:41:41.348+0000] {dag.py:3834} INFO - Setting next_dagrun for latest_only_with_trigger to 2024-03-09 04:00:00+00:00, run_after=2024-03-09 08:00:00+00:00
[2024-03-09T10:41:41.383+0000] {processor.py:183} INFO - Processing /home/airflow/.local/lib/python3.8/site-packages/airflow/example_dags/example_latest_only_with_trigger.py took 0.099 seconds
[2024-03-09T10:42:11.513+0000] {processor.py:161} INFO - Started process (PID=1311) to work on /home/airflow/.local/lib/python3.8/site-packages/airflow/example_dags/example_latest_only_with_trigger.py
[2024-03-09T10:42:11.514+0000] {processor.py:830} INFO - Processing file /home/airflow/.local/lib/python3.8/site-packages/airflow/example_dags/example_latest_only_with_trigger.py for tasks to queue
[2024-03-09T10:42:11.517+0000] {logging_mixin.py:188} INFO - [2024-03-09T10:42:11.516+0000] {dagbag.py:540} INFO - Filling up the DagBag from /home/airflow/.local/lib/python3.8/site-packages/airflow/example_dags/example_latest_only_with_trigger.py
[2024-03-09T10:42:11.522+0000] {processor.py:840} INFO - DAG(s) 'latest_only_with_trigger' retrieved from /home/airflow/.local/lib/python3.8/site-packages/airflow/example_dags/example_latest_only_with_trigger.py
[2024-03-09T10:42:11.547+0000] {logging_mixin.py:188} INFO - [2024-03-09T10:42:11.546+0000] {dag.py:3047} INFO - Sync 1 DAGs
[2024-03-09T10:42:11.571+0000] {logging_mixin.py:188} INFO - [2024-03-09T10:42:11.571+0000] {dag.py:3834} INFO - Setting next_dagrun for latest_only_with_trigger to 2024-03-09 04:00:00+00:00, run_after=2024-03-09 08:00:00+00:00
[2024-03-09T10:42:11.602+0000] {processor.py:183} INFO - Processing /home/airflow/.local/lib/python3.8/site-packages/airflow/example_dags/example_latest_only_with_trigger.py took 0.092 seconds
[2024-03-09T10:42:41.997+0000] {processor.py:161} INFO - Started process (PID=1366) to work on /home/airflow/.local/lib/python3.8/site-packages/airflow/example_dags/example_latest_only_with_trigger.py
[2024-03-09T10:42:41.998+0000] {processor.py:830} INFO - Processing file /home/airflow/.local/lib/python3.8/site-packages/airflow/example_dags/example_latest_only_with_trigger.py for tasks to queue
[2024-03-09T10:42:42.000+0000] {logging_mixin.py:188} INFO - [2024-03-09T10:42:42.000+0000] {dagbag.py:540} INFO - Filling up the DagBag from /home/airflow/.local/lib/python3.8/site-packages/airflow/example_dags/example_latest_only_with_trigger.py
[2024-03-09T10:42:42.006+0000] {processor.py:840} INFO - DAG(s) 'latest_only_with_trigger' retrieved from /home/airflow/.local/lib/python3.8/site-packages/airflow/example_dags/example_latest_only_with_trigger.py
[2024-03-09T10:42:42.032+0000] {logging_mixin.py:188} INFO - [2024-03-09T10:42:42.032+0000] {dag.py:3047} INFO - Sync 1 DAGs
[2024-03-09T10:42:42.057+0000] {logging_mixin.py:188} INFO - [2024-03-09T10:42:42.056+0000] {dag.py:3834} INFO - Setting next_dagrun for latest_only_with_trigger to 2024-03-09 04:00:00+00:00, run_after=2024-03-09 08:00:00+00:00
[2024-03-09T10:42:42.091+0000] {processor.py:183} INFO - Processing /home/airflow/.local/lib/python3.8/site-packages/airflow/example_dags/example_latest_only_with_trigger.py took 0.096 seconds
[2024-03-09T10:43:12.154+0000] {processor.py:161} INFO - Started process (PID=1421) to work on /home/airflow/.local/lib/python3.8/site-packages/airflow/example_dags/example_latest_only_with_trigger.py
[2024-03-09T10:43:12.155+0000] {processor.py:830} INFO - Processing file /home/airflow/.local/lib/python3.8/site-packages/airflow/example_dags/example_latest_only_with_trigger.py for tasks to queue
[2024-03-09T10:43:12.157+0000] {logging_mixin.py:188} INFO - [2024-03-09T10:43:12.157+0000] {dagbag.py:540} INFO - Filling up the DagBag from /home/airflow/.local/lib/python3.8/site-packages/airflow/example_dags/example_latest_only_with_trigger.py
[2024-03-09T10:43:12.163+0000] {processor.py:840} INFO - DAG(s) 'latest_only_with_trigger' retrieved from /home/airflow/.local/lib/python3.8/site-packages/airflow/example_dags/example_latest_only_with_trigger.py
[2024-03-09T10:43:12.189+0000] {logging_mixin.py:188} INFO - [2024-03-09T10:43:12.188+0000] {dag.py:3047} INFO - Sync 1 DAGs
[2024-03-09T10:43:12.212+0000] {logging_mixin.py:188} INFO - [2024-03-09T10:43:12.212+0000] {dag.py:3834} INFO - Setting next_dagrun for latest_only_with_trigger to 2024-03-09 04:00:00+00:00, run_after=2024-03-09 08:00:00+00:00
[2024-03-09T10:43:12.241+0000] {processor.py:183} INFO - Processing /home/airflow/.local/lib/python3.8/site-packages/airflow/example_dags/example_latest_only_with_trigger.py took 0.090 seconds
[2024-03-09T10:43:42.592+0000] {processor.py:161} INFO - Started process (PID=1476) to work on /home/airflow/.local/lib/python3.8/site-packages/airflow/example_dags/example_latest_only_with_trigger.py
[2024-03-09T10:43:42.593+0000] {processor.py:830} INFO - Processing file /home/airflow/.local/lib/python3.8/site-packages/airflow/example_dags/example_latest_only_with_trigger.py for tasks to queue
[2024-03-09T10:43:42.595+0000] {logging_mixin.py:188} INFO - [2024-03-09T10:43:42.595+0000] {dagbag.py:540} INFO - Filling up the DagBag from /home/airflow/.local/lib/python3.8/site-packages/airflow/example_dags/example_latest_only_with_trigger.py
[2024-03-09T10:43:42.601+0000] {processor.py:840} INFO - DAG(s) 'latest_only_with_trigger' retrieved from /home/airflow/.local/lib/python3.8/site-packages/airflow/example_dags/example_latest_only_with_trigger.py
[2024-03-09T10:43:42.625+0000] {logging_mixin.py:188} INFO - [2024-03-09T10:43:42.625+0000] {dag.py:3047} INFO - Sync 1 DAGs
[2024-03-09T10:43:42.650+0000] {logging_mixin.py:188} INFO - [2024-03-09T10:43:42.649+0000] {dag.py:3834} INFO - Setting next_dagrun for latest_only_with_trigger to 2024-03-09 04:00:00+00:00, run_after=2024-03-09 08:00:00+00:00
[2024-03-09T10:43:42.681+0000] {processor.py:183} INFO - Processing /home/airflow/.local/lib/python3.8/site-packages/airflow/example_dags/example_latest_only_with_trigger.py took 0.092 seconds
[2024-03-09T10:44:13.038+0000] {processor.py:161} INFO - Started process (PID=1531) to work on /home/airflow/.local/lib/python3.8/site-packages/airflow/example_dags/example_latest_only_with_trigger.py
[2024-03-09T10:44:13.039+0000] {processor.py:830} INFO - Processing file /home/airflow/.local/lib/python3.8/site-packages/airflow/example_dags/example_latest_only_with_trigger.py for tasks to queue
[2024-03-09T10:44:13.041+0000] {logging_mixin.py:188} INFO - [2024-03-09T10:44:13.040+0000] {dagbag.py:540} INFO - Filling up the DagBag from /home/airflow/.local/lib/python3.8/site-packages/airflow/example_dags/example_latest_only_with_trigger.py
[2024-03-09T10:44:13.046+0000] {processor.py:840} INFO - DAG(s) 'latest_only_with_trigger' retrieved from /home/airflow/.local/lib/python3.8/site-packages/airflow/example_dags/example_latest_only_with_trigger.py
[2024-03-09T10:44:13.072+0000] {logging_mixin.py:188} INFO - [2024-03-09T10:44:13.071+0000] {dag.py:3047} INFO - Sync 1 DAGs
[2024-03-09T10:44:13.099+0000] {logging_mixin.py:188} INFO - [2024-03-09T10:44:13.098+0000] {dag.py:3834} INFO - Setting next_dagrun for latest_only_with_trigger to 2024-03-09 04:00:00+00:00, run_after=2024-03-09 08:00:00+00:00
[2024-03-09T10:44:13.129+0000] {processor.py:183} INFO - Processing /home/airflow/.local/lib/python3.8/site-packages/airflow/example_dags/example_latest_only_with_trigger.py took 0.094 seconds
[2024-03-09T10:44:43.317+0000] {processor.py:161} INFO - Started process (PID=1586) to work on /home/airflow/.local/lib/python3.8/site-packages/airflow/example_dags/example_latest_only_with_trigger.py
[2024-03-09T10:44:43.318+0000] {processor.py:830} INFO - Processing file /home/airflow/.local/lib/python3.8/site-packages/airflow/example_dags/example_latest_only_with_trigger.py for tasks to queue
[2024-03-09T10:44:43.320+0000] {logging_mixin.py:188} INFO - [2024-03-09T10:44:43.320+0000] {dagbag.py:540} INFO - Filling up the DagBag from /home/airflow/.local/lib/python3.8/site-packages/airflow/example_dags/example_latest_only_with_trigger.py
[2024-03-09T10:44:43.326+0000] {processor.py:840} INFO - DAG(s) 'latest_only_with_trigger' retrieved from /home/airflow/.local/lib/python3.8/site-packages/airflow/example_dags/example_latest_only_with_trigger.py
[2024-03-09T10:44:43.349+0000] {logging_mixin.py:188} INFO - [2024-03-09T10:44:43.349+0000] {dag.py:3047} INFO - Sync 1 DAGs
[2024-03-09T10:44:43.372+0000] {logging_mixin.py:188} INFO - [2024-03-09T10:44:43.372+0000] {dag.py:3834} INFO - Setting next_dagrun for latest_only_with_trigger to 2024-03-09 04:00:00+00:00, run_after=2024-03-09 08:00:00+00:00
[2024-03-09T10:44:43.402+0000] {processor.py:183} INFO - Processing /home/airflow/.local/lib/python3.8/site-packages/airflow/example_dags/example_latest_only_with_trigger.py took 0.088 seconds
[2024-03-09T10:45:13.519+0000] {processor.py:161} INFO - Started process (PID=1641) to work on /home/airflow/.local/lib/python3.8/site-packages/airflow/example_dags/example_latest_only_with_trigger.py
[2024-03-09T10:45:13.520+0000] {processor.py:830} INFO - Processing file /home/airflow/.local/lib/python3.8/site-packages/airflow/example_dags/example_latest_only_with_trigger.py for tasks to queue
[2024-03-09T10:45:13.523+0000] {logging_mixin.py:188} INFO - [2024-03-09T10:45:13.522+0000] {dagbag.py:540} INFO - Filling up the DagBag from /home/airflow/.local/lib/python3.8/site-packages/airflow/example_dags/example_latest_only_with_trigger.py
[2024-03-09T10:45:13.531+0000] {processor.py:840} INFO - DAG(s) 'latest_only_with_trigger' retrieved from /home/airflow/.local/lib/python3.8/site-packages/airflow/example_dags/example_latest_only_with_trigger.py
[2024-03-09T10:45:13.559+0000] {logging_mixin.py:188} INFO - [2024-03-09T10:45:13.559+0000] {dag.py:3047} INFO - Sync 1 DAGs
[2024-03-09T10:45:13.589+0000] {logging_mixin.py:188} INFO - [2024-03-09T10:45:13.589+0000] {dag.py:3834} INFO - Setting next_dagrun for latest_only_with_trigger to 2024-03-09 04:00:00+00:00, run_after=2024-03-09 08:00:00+00:00
[2024-03-09T10:45:13.626+0000] {processor.py:183} INFO - Processing /home/airflow/.local/lib/python3.8/site-packages/airflow/example_dags/example_latest_only_with_trigger.py took 0.110 seconds
[2024-03-09T10:45:43.768+0000] {processor.py:161} INFO - Started process (PID=1696) to work on /home/airflow/.local/lib/python3.8/site-packages/airflow/example_dags/example_latest_only_with_trigger.py
[2024-03-09T10:45:43.769+0000] {processor.py:830} INFO - Processing file /home/airflow/.local/lib/python3.8/site-packages/airflow/example_dags/example_latest_only_with_trigger.py for tasks to queue
[2024-03-09T10:45:43.771+0000] {logging_mixin.py:188} INFO - [2024-03-09T10:45:43.771+0000] {dagbag.py:540} INFO - Filling up the DagBag from /home/airflow/.local/lib/python3.8/site-packages/airflow/example_dags/example_latest_only_with_trigger.py
[2024-03-09T10:45:43.777+0000] {processor.py:840} INFO - DAG(s) 'latest_only_with_trigger' retrieved from /home/airflow/.local/lib/python3.8/site-packages/airflow/example_dags/example_latest_only_with_trigger.py
[2024-03-09T10:45:43.806+0000] {logging_mixin.py:188} INFO - [2024-03-09T10:45:43.805+0000] {dag.py:3047} INFO - Sync 1 DAGs
[2024-03-09T10:45:43.829+0000] {logging_mixin.py:188} INFO - [2024-03-09T10:45:43.829+0000] {dag.py:3834} INFO - Setting next_dagrun for latest_only_with_trigger to 2024-03-09 04:00:00+00:00, run_after=2024-03-09 08:00:00+00:00
[2024-03-09T10:45:43.854+0000] {processor.py:183} INFO - Processing /home/airflow/.local/lib/python3.8/site-packages/airflow/example_dags/example_latest_only_with_trigger.py took 0.090 seconds
