[2024-03-09T10:30:34.339+0000] {processor.py:161} INFO - Started process (PID=54) to work on /home/airflow/.local/lib/python3.8/site-packages/airflow/example_dags/example_branch_python_dop_operator_3.py
[2024-03-09T10:30:34.343+0000] {processor.py:830} INFO - Processing file /home/airflow/.local/lib/python3.8/site-packages/airflow/example_dags/example_branch_python_dop_operator_3.py for tasks to queue
[2024-03-09T10:30:34.348+0000] {logging_mixin.py:188} INFO - [2024-03-09T10:30:34.347+0000] {dagbag.py:540} INFO - Filling up the DagBag from /home/airflow/.local/lib/python3.8/site-packages/airflow/example_dags/example_branch_python_dop_operator_3.py
[2024-03-09T10:30:34.392+0000] {processor.py:840} INFO - DAG(s) 'example_branch_dop_operator_v3' retrieved from /home/airflow/.local/lib/python3.8/site-packages/airflow/example_dags/example_branch_python_dop_operator_3.py
[2024-03-09T10:30:34.664+0000] {logging_mixin.py:188} INFO - [2024-03-09T10:30:34.663+0000] {dag.py:3047} INFO - Sync 1 DAGs
[2024-03-09T10:30:34.756+0000] {logging_mixin.py:188} INFO - [2024-03-09T10:30:34.755+0000] {dag.py:3834} INFO - Setting next_dagrun for example_branch_dop_operator_v3 to 2024-03-09 10:29:00+00:00, run_after=2024-03-09 10:30:00+00:00
[2024-03-09T10:30:34.821+0000] {processor.py:183} INFO - Processing /home/airflow/.local/lib/python3.8/site-packages/airflow/example_dags/example_branch_python_dop_operator_3.py took 0.490 seconds
[2024-03-09T10:31:05.721+0000] {processor.py:161} INFO - Started process (PID=109) to work on /home/airflow/.local/lib/python3.8/site-packages/airflow/example_dags/example_branch_python_dop_operator_3.py
[2024-03-09T10:31:05.722+0000] {processor.py:830} INFO - Processing file /home/airflow/.local/lib/python3.8/site-packages/airflow/example_dags/example_branch_python_dop_operator_3.py for tasks to queue
[2024-03-09T10:31:05.724+0000] {logging_mixin.py:188} INFO - [2024-03-09T10:31:05.724+0000] {dagbag.py:540} INFO - Filling up the DagBag from /home/airflow/.local/lib/python3.8/site-packages/airflow/example_dags/example_branch_python_dop_operator_3.py
[2024-03-09T10:31:05.733+0000] {processor.py:840} INFO - DAG(s) 'example_branch_dop_operator_v3' retrieved from /home/airflow/.local/lib/python3.8/site-packages/airflow/example_dags/example_branch_python_dop_operator_3.py
[2024-03-09T10:31:05.756+0000] {logging_mixin.py:188} INFO - [2024-03-09T10:31:05.756+0000] {dag.py:3047} INFO - Sync 1 DAGs
[2024-03-09T10:31:05.785+0000] {logging_mixin.py:188} INFO - [2024-03-09T10:31:05.784+0000] {dag.py:3834} INFO - Setting next_dagrun for example_branch_dop_operator_v3 to 2024-03-09 10:30:00+00:00, run_after=2024-03-09 10:31:00+00:00
[2024-03-09T10:31:05.813+0000] {processor.py:183} INFO - Processing /home/airflow/.local/lib/python3.8/site-packages/airflow/example_dags/example_branch_python_dop_operator_3.py took 0.097 seconds
[2024-03-09T10:31:35.908+0000] {processor.py:161} INFO - Started process (PID=164) to work on /home/airflow/.local/lib/python3.8/site-packages/airflow/example_dags/example_branch_python_dop_operator_3.py
[2024-03-09T10:31:35.910+0000] {processor.py:830} INFO - Processing file /home/airflow/.local/lib/python3.8/site-packages/airflow/example_dags/example_branch_python_dop_operator_3.py for tasks to queue
[2024-03-09T10:31:35.912+0000] {logging_mixin.py:188} INFO - [2024-03-09T10:31:35.912+0000] {dagbag.py:540} INFO - Filling up the DagBag from /home/airflow/.local/lib/python3.8/site-packages/airflow/example_dags/example_branch_python_dop_operator_3.py
[2024-03-09T10:31:35.923+0000] {processor.py:840} INFO - DAG(s) 'example_branch_dop_operator_v3' retrieved from /home/airflow/.local/lib/python3.8/site-packages/airflow/example_dags/example_branch_python_dop_operator_3.py
[2024-03-09T10:31:35.943+0000] {logging_mixin.py:188} INFO - [2024-03-09T10:31:35.943+0000] {dag.py:3047} INFO - Sync 1 DAGs
[2024-03-09T10:31:35.983+0000] {logging_mixin.py:188} INFO - [2024-03-09T10:31:35.983+0000] {dag.py:3834} INFO - Setting next_dagrun for example_branch_dop_operator_v3 to 2024-03-09 10:30:00+00:00, run_after=2024-03-09 10:31:00+00:00
[2024-03-09T10:31:36.010+0000] {processor.py:183} INFO - Processing /home/airflow/.local/lib/python3.8/site-packages/airflow/example_dags/example_branch_python_dop_operator_3.py took 0.104 seconds
[2024-03-09T10:32:06.138+0000] {processor.py:161} INFO - Started process (PID=219) to work on /home/airflow/.local/lib/python3.8/site-packages/airflow/example_dags/example_branch_python_dop_operator_3.py
[2024-03-09T10:32:06.139+0000] {processor.py:830} INFO - Processing file /home/airflow/.local/lib/python3.8/site-packages/airflow/example_dags/example_branch_python_dop_operator_3.py for tasks to queue
[2024-03-09T10:32:06.141+0000] {logging_mixin.py:188} INFO - [2024-03-09T10:32:06.141+0000] {dagbag.py:540} INFO - Filling up the DagBag from /home/airflow/.local/lib/python3.8/site-packages/airflow/example_dags/example_branch_python_dop_operator_3.py
[2024-03-09T10:32:06.149+0000] {processor.py:840} INFO - DAG(s) 'example_branch_dop_operator_v3' retrieved from /home/airflow/.local/lib/python3.8/site-packages/airflow/example_dags/example_branch_python_dop_operator_3.py
[2024-03-09T10:32:06.170+0000] {logging_mixin.py:188} INFO - [2024-03-09T10:32:06.170+0000] {dag.py:3047} INFO - Sync 1 DAGs
[2024-03-09T10:32:06.196+0000] {logging_mixin.py:188} INFO - [2024-03-09T10:32:06.196+0000] {dag.py:3834} INFO - Setting next_dagrun for example_branch_dop_operator_v3 to 2024-03-09 10:31:00+00:00, run_after=2024-03-09 10:32:00+00:00
[2024-03-09T10:32:06.226+0000] {processor.py:183} INFO - Processing /home/airflow/.local/lib/python3.8/site-packages/airflow/example_dags/example_branch_python_dop_operator_3.py took 0.091 seconds
[2024-03-09T10:32:37.005+0000] {processor.py:161} INFO - Started process (PID=274) to work on /home/airflow/.local/lib/python3.8/site-packages/airflow/example_dags/example_branch_python_dop_operator_3.py
[2024-03-09T10:32:37.007+0000] {processor.py:830} INFO - Processing file /home/airflow/.local/lib/python3.8/site-packages/airflow/example_dags/example_branch_python_dop_operator_3.py for tasks to queue
[2024-03-09T10:32:37.009+0000] {logging_mixin.py:188} INFO - [2024-03-09T10:32:37.008+0000] {dagbag.py:540} INFO - Filling up the DagBag from /home/airflow/.local/lib/python3.8/site-packages/airflow/example_dags/example_branch_python_dop_operator_3.py
[2024-03-09T10:32:37.018+0000] {processor.py:840} INFO - DAG(s) 'example_branch_dop_operator_v3' retrieved from /home/airflow/.local/lib/python3.8/site-packages/airflow/example_dags/example_branch_python_dop_operator_3.py
[2024-03-09T10:32:37.041+0000] {logging_mixin.py:188} INFO - [2024-03-09T10:32:37.041+0000] {dag.py:3047} INFO - Sync 1 DAGs
[2024-03-09T10:32:37.068+0000] {logging_mixin.py:188} INFO - [2024-03-09T10:32:37.068+0000] {dag.py:3834} INFO - Setting next_dagrun for example_branch_dop_operator_v3 to 2024-03-09 10:31:00+00:00, run_after=2024-03-09 10:32:00+00:00
[2024-03-09T10:32:37.093+0000] {processor.py:183} INFO - Processing /home/airflow/.local/lib/python3.8/site-packages/airflow/example_dags/example_branch_python_dop_operator_3.py took 0.091 seconds
[2024-03-09T10:33:07.317+0000] {processor.py:161} INFO - Started process (PID=329) to work on /home/airflow/.local/lib/python3.8/site-packages/airflow/example_dags/example_branch_python_dop_operator_3.py
[2024-03-09T10:33:07.318+0000] {processor.py:830} INFO - Processing file /home/airflow/.local/lib/python3.8/site-packages/airflow/example_dags/example_branch_python_dop_operator_3.py for tasks to queue
[2024-03-09T10:33:07.320+0000] {logging_mixin.py:188} INFO - [2024-03-09T10:33:07.320+0000] {dagbag.py:540} INFO - Filling up the DagBag from /home/airflow/.local/lib/python3.8/site-packages/airflow/example_dags/example_branch_python_dop_operator_3.py
[2024-03-09T10:33:07.329+0000] {processor.py:840} INFO - DAG(s) 'example_branch_dop_operator_v3' retrieved from /home/airflow/.local/lib/python3.8/site-packages/airflow/example_dags/example_branch_python_dop_operator_3.py
[2024-03-09T10:33:07.351+0000] {logging_mixin.py:188} INFO - [2024-03-09T10:33:07.351+0000] {dag.py:3047} INFO - Sync 1 DAGs
[2024-03-09T10:33:07.378+0000] {logging_mixin.py:188} INFO - [2024-03-09T10:33:07.377+0000] {dag.py:3834} INFO - Setting next_dagrun for example_branch_dop_operator_v3 to 2024-03-09 10:32:00+00:00, run_after=2024-03-09 10:33:00+00:00
[2024-03-09T10:33:07.408+0000] {processor.py:183} INFO - Processing /home/airflow/.local/lib/python3.8/site-packages/airflow/example_dags/example_branch_python_dop_operator_3.py took 0.095 seconds
[2024-03-09T10:33:37.480+0000] {processor.py:161} INFO - Started process (PID=384) to work on /home/airflow/.local/lib/python3.8/site-packages/airflow/example_dags/example_branch_python_dop_operator_3.py
[2024-03-09T10:33:37.481+0000] {processor.py:830} INFO - Processing file /home/airflow/.local/lib/python3.8/site-packages/airflow/example_dags/example_branch_python_dop_operator_3.py for tasks to queue
[2024-03-09T10:33:37.483+0000] {logging_mixin.py:188} INFO - [2024-03-09T10:33:37.482+0000] {dagbag.py:540} INFO - Filling up the DagBag from /home/airflow/.local/lib/python3.8/site-packages/airflow/example_dags/example_branch_python_dop_operator_3.py
[2024-03-09T10:33:37.491+0000] {processor.py:840} INFO - DAG(s) 'example_branch_dop_operator_v3' retrieved from /home/airflow/.local/lib/python3.8/site-packages/airflow/example_dags/example_branch_python_dop_operator_3.py
[2024-03-09T10:33:37.512+0000] {logging_mixin.py:188} INFO - [2024-03-09T10:33:37.512+0000] {dag.py:3047} INFO - Sync 1 DAGs
[2024-03-09T10:33:37.539+0000] {logging_mixin.py:188} INFO - [2024-03-09T10:33:37.539+0000] {dag.py:3834} INFO - Setting next_dagrun for example_branch_dop_operator_v3 to 2024-03-09 10:32:00+00:00, run_after=2024-03-09 10:33:00+00:00
[2024-03-09T10:33:37.663+0000] {processor.py:183} INFO - Processing /home/airflow/.local/lib/python3.8/site-packages/airflow/example_dags/example_branch_python_dop_operator_3.py took 0.186 seconds
[2024-03-09T10:34:08.173+0000] {processor.py:161} INFO - Started process (PID=439) to work on /home/airflow/.local/lib/python3.8/site-packages/airflow/example_dags/example_branch_python_dop_operator_3.py
[2024-03-09T10:34:08.174+0000] {processor.py:830} INFO - Processing file /home/airflow/.local/lib/python3.8/site-packages/airflow/example_dags/example_branch_python_dop_operator_3.py for tasks to queue
[2024-03-09T10:34:08.176+0000] {logging_mixin.py:188} INFO - [2024-03-09T10:34:08.175+0000] {dagbag.py:540} INFO - Filling up the DagBag from /home/airflow/.local/lib/python3.8/site-packages/airflow/example_dags/example_branch_python_dop_operator_3.py
[2024-03-09T10:34:08.184+0000] {processor.py:840} INFO - DAG(s) 'example_branch_dop_operator_v3' retrieved from /home/airflow/.local/lib/python3.8/site-packages/airflow/example_dags/example_branch_python_dop_operator_3.py
[2024-03-09T10:34:08.207+0000] {logging_mixin.py:188} INFO - [2024-03-09T10:34:08.206+0000] {dag.py:3047} INFO - Sync 1 DAGs
[2024-03-09T10:34:08.234+0000] {logging_mixin.py:188} INFO - [2024-03-09T10:34:08.234+0000] {dag.py:3834} INFO - Setting next_dagrun for example_branch_dop_operator_v3 to 2024-03-09 10:33:00+00:00, run_after=2024-03-09 10:34:00+00:00
[2024-03-09T10:34:08.264+0000] {processor.py:183} INFO - Processing /home/airflow/.local/lib/python3.8/site-packages/airflow/example_dags/example_branch_python_dop_operator_3.py took 0.094 seconds
[2024-03-09T10:34:38.419+0000] {processor.py:161} INFO - Started process (PID=494) to work on /home/airflow/.local/lib/python3.8/site-packages/airflow/example_dags/example_branch_python_dop_operator_3.py
[2024-03-09T10:34:38.421+0000] {processor.py:830} INFO - Processing file /home/airflow/.local/lib/python3.8/site-packages/airflow/example_dags/example_branch_python_dop_operator_3.py for tasks to queue
[2024-03-09T10:34:38.422+0000] {logging_mixin.py:188} INFO - [2024-03-09T10:34:38.422+0000] {dagbag.py:540} INFO - Filling up the DagBag from /home/airflow/.local/lib/python3.8/site-packages/airflow/example_dags/example_branch_python_dop_operator_3.py
[2024-03-09T10:34:38.432+0000] {processor.py:840} INFO - DAG(s) 'example_branch_dop_operator_v3' retrieved from /home/airflow/.local/lib/python3.8/site-packages/airflow/example_dags/example_branch_python_dop_operator_3.py
[2024-03-09T10:34:38.456+0000] {logging_mixin.py:188} INFO - [2024-03-09T10:34:38.455+0000] {dag.py:3047} INFO - Sync 1 DAGs
[2024-03-09T10:34:38.490+0000] {logging_mixin.py:188} INFO - [2024-03-09T10:34:38.490+0000] {dag.py:3834} INFO - Setting next_dagrun for example_branch_dop_operator_v3 to 2024-03-09 10:33:00+00:00, run_after=2024-03-09 10:34:00+00:00
[2024-03-09T10:34:38.519+0000] {processor.py:183} INFO - Processing /home/airflow/.local/lib/python3.8/site-packages/airflow/example_dags/example_branch_python_dop_operator_3.py took 0.103 seconds
[2024-03-09T10:35:08.811+0000] {processor.py:161} INFO - Started process (PID=549) to work on /home/airflow/.local/lib/python3.8/site-packages/airflow/example_dags/example_branch_python_dop_operator_3.py
[2024-03-09T10:35:08.812+0000] {processor.py:830} INFO - Processing file /home/airflow/.local/lib/python3.8/site-packages/airflow/example_dags/example_branch_python_dop_operator_3.py for tasks to queue
[2024-03-09T10:35:08.814+0000] {logging_mixin.py:188} INFO - [2024-03-09T10:35:08.814+0000] {dagbag.py:540} INFO - Filling up the DagBag from /home/airflow/.local/lib/python3.8/site-packages/airflow/example_dags/example_branch_python_dop_operator_3.py
[2024-03-09T10:35:08.822+0000] {processor.py:840} INFO - DAG(s) 'example_branch_dop_operator_v3' retrieved from /home/airflow/.local/lib/python3.8/site-packages/airflow/example_dags/example_branch_python_dop_operator_3.py
[2024-03-09T10:35:08.845+0000] {logging_mixin.py:188} INFO - [2024-03-09T10:35:08.844+0000] {dag.py:3047} INFO - Sync 1 DAGs
[2024-03-09T10:35:08.874+0000] {logging_mixin.py:188} INFO - [2024-03-09T10:35:08.874+0000] {dag.py:3834} INFO - Setting next_dagrun for example_branch_dop_operator_v3 to 2024-03-09 10:34:00+00:00, run_after=2024-03-09 10:35:00+00:00
[2024-03-09T10:35:08.907+0000] {processor.py:183} INFO - Processing /home/airflow/.local/lib/python3.8/site-packages/airflow/example_dags/example_branch_python_dop_operator_3.py took 0.098 seconds
[2024-03-09T10:35:39.192+0000] {processor.py:161} INFO - Started process (PID=604) to work on /home/airflow/.local/lib/python3.8/site-packages/airflow/example_dags/example_branch_python_dop_operator_3.py
[2024-03-09T10:35:39.193+0000] {processor.py:830} INFO - Processing file /home/airflow/.local/lib/python3.8/site-packages/airflow/example_dags/example_branch_python_dop_operator_3.py for tasks to queue
[2024-03-09T10:35:39.196+0000] {logging_mixin.py:188} INFO - [2024-03-09T10:35:39.195+0000] {dagbag.py:540} INFO - Filling up the DagBag from /home/airflow/.local/lib/python3.8/site-packages/airflow/example_dags/example_branch_python_dop_operator_3.py
[2024-03-09T10:35:39.205+0000] {processor.py:840} INFO - DAG(s) 'example_branch_dop_operator_v3' retrieved from /home/airflow/.local/lib/python3.8/site-packages/airflow/example_dags/example_branch_python_dop_operator_3.py
[2024-03-09T10:35:39.230+0000] {logging_mixin.py:188} INFO - [2024-03-09T10:35:39.230+0000] {dag.py:3047} INFO - Sync 1 DAGs
[2024-03-09T10:35:39.262+0000] {logging_mixin.py:188} INFO - [2024-03-09T10:35:39.262+0000] {dag.py:3834} INFO - Setting next_dagrun for example_branch_dop_operator_v3 to 2024-03-09 10:34:00+00:00, run_after=2024-03-09 10:35:00+00:00
[2024-03-09T10:35:39.300+0000] {processor.py:183} INFO - Processing /home/airflow/.local/lib/python3.8/site-packages/airflow/example_dags/example_branch_python_dop_operator_3.py took 0.111 seconds
[2024-03-09T10:36:09.484+0000] {processor.py:161} INFO - Started process (PID=659) to work on /home/airflow/.local/lib/python3.8/site-packages/airflow/example_dags/example_branch_python_dop_operator_3.py
[2024-03-09T10:36:09.486+0000] {processor.py:830} INFO - Processing file /home/airflow/.local/lib/python3.8/site-packages/airflow/example_dags/example_branch_python_dop_operator_3.py for tasks to queue
[2024-03-09T10:36:09.488+0000] {logging_mixin.py:188} INFO - [2024-03-09T10:36:09.487+0000] {dagbag.py:540} INFO - Filling up the DagBag from /home/airflow/.local/lib/python3.8/site-packages/airflow/example_dags/example_branch_python_dop_operator_3.py
[2024-03-09T10:36:09.496+0000] {processor.py:840} INFO - DAG(s) 'example_branch_dop_operator_v3' retrieved from /home/airflow/.local/lib/python3.8/site-packages/airflow/example_dags/example_branch_python_dop_operator_3.py
[2024-03-09T10:36:09.521+0000] {logging_mixin.py:188} INFO - [2024-03-09T10:36:09.520+0000] {dag.py:3047} INFO - Sync 1 DAGs
[2024-03-09T10:36:09.549+0000] {logging_mixin.py:188} INFO - [2024-03-09T10:36:09.549+0000] {dag.py:3834} INFO - Setting next_dagrun for example_branch_dop_operator_v3 to 2024-03-09 10:35:00+00:00, run_after=2024-03-09 10:36:00+00:00
[2024-03-09T10:36:09.577+0000] {processor.py:183} INFO - Processing /home/airflow/.local/lib/python3.8/site-packages/airflow/example_dags/example_branch_python_dop_operator_3.py took 0.096 seconds
[2024-03-09T10:36:39.891+0000] {processor.py:161} INFO - Started process (PID=714) to work on /home/airflow/.local/lib/python3.8/site-packages/airflow/example_dags/example_branch_python_dop_operator_3.py
[2024-03-09T10:36:39.893+0000] {processor.py:830} INFO - Processing file /home/airflow/.local/lib/python3.8/site-packages/airflow/example_dags/example_branch_python_dop_operator_3.py for tasks to queue
[2024-03-09T10:36:39.894+0000] {logging_mixin.py:188} INFO - [2024-03-09T10:36:39.894+0000] {dagbag.py:540} INFO - Filling up the DagBag from /home/airflow/.local/lib/python3.8/site-packages/airflow/example_dags/example_branch_python_dop_operator_3.py
[2024-03-09T10:36:39.903+0000] {processor.py:840} INFO - DAG(s) 'example_branch_dop_operator_v3' retrieved from /home/airflow/.local/lib/python3.8/site-packages/airflow/example_dags/example_branch_python_dop_operator_3.py
[2024-03-09T10:36:39.927+0000] {logging_mixin.py:188} INFO - [2024-03-09T10:36:39.927+0000] {dag.py:3047} INFO - Sync 1 DAGs
[2024-03-09T10:36:39.959+0000] {logging_mixin.py:188} INFO - [2024-03-09T10:36:39.958+0000] {dag.py:3834} INFO - Setting next_dagrun for example_branch_dop_operator_v3 to 2024-03-09 10:35:00+00:00, run_after=2024-03-09 10:36:00+00:00
[2024-03-09T10:36:39.986+0000] {processor.py:183} INFO - Processing /home/airflow/.local/lib/python3.8/site-packages/airflow/example_dags/example_branch_python_dop_operator_3.py took 0.098 seconds
[2024-03-09T10:37:10.688+0000] {processor.py:161} INFO - Started process (PID=769) to work on /home/airflow/.local/lib/python3.8/site-packages/airflow/example_dags/example_branch_python_dop_operator_3.py
[2024-03-09T10:37:10.689+0000] {processor.py:830} INFO - Processing file /home/airflow/.local/lib/python3.8/site-packages/airflow/example_dags/example_branch_python_dop_operator_3.py for tasks to queue
[2024-03-09T10:37:10.691+0000] {logging_mixin.py:188} INFO - [2024-03-09T10:37:10.691+0000] {dagbag.py:540} INFO - Filling up the DagBag from /home/airflow/.local/lib/python3.8/site-packages/airflow/example_dags/example_branch_python_dop_operator_3.py
[2024-03-09T10:37:10.700+0000] {processor.py:840} INFO - DAG(s) 'example_branch_dop_operator_v3' retrieved from /home/airflow/.local/lib/python3.8/site-packages/airflow/example_dags/example_branch_python_dop_operator_3.py
[2024-03-09T10:37:10.722+0000] {logging_mixin.py:188} INFO - [2024-03-09T10:37:10.721+0000] {dag.py:3047} INFO - Sync 1 DAGs
[2024-03-09T10:37:10.757+0000] {logging_mixin.py:188} INFO - [2024-03-09T10:37:10.757+0000] {dag.py:3834} INFO - Setting next_dagrun for example_branch_dop_operator_v3 to 2024-03-09 10:36:00+00:00, run_after=2024-03-09 10:37:00+00:00
[2024-03-09T10:37:10.792+0000] {processor.py:183} INFO - Processing /home/airflow/.local/lib/python3.8/site-packages/airflow/example_dags/example_branch_python_dop_operator_3.py took 0.107 seconds
[2024-03-09T10:37:41.270+0000] {processor.py:161} INFO - Started process (PID=824) to work on /home/airflow/.local/lib/python3.8/site-packages/airflow/example_dags/example_branch_python_dop_operator_3.py
[2024-03-09T10:37:41.272+0000] {processor.py:830} INFO - Processing file /home/airflow/.local/lib/python3.8/site-packages/airflow/example_dags/example_branch_python_dop_operator_3.py for tasks to queue
[2024-03-09T10:37:41.274+0000] {logging_mixin.py:188} INFO - [2024-03-09T10:37:41.274+0000] {dagbag.py:540} INFO - Filling up the DagBag from /home/airflow/.local/lib/python3.8/site-packages/airflow/example_dags/example_branch_python_dop_operator_3.py
[2024-03-09T10:37:41.283+0000] {processor.py:840} INFO - DAG(s) 'example_branch_dop_operator_v3' retrieved from /home/airflow/.local/lib/python3.8/site-packages/airflow/example_dags/example_branch_python_dop_operator_3.py
[2024-03-09T10:37:41.304+0000] {logging_mixin.py:188} INFO - [2024-03-09T10:37:41.303+0000] {dag.py:3047} INFO - Sync 1 DAGs
[2024-03-09T10:37:41.333+0000] {logging_mixin.py:188} INFO - [2024-03-09T10:37:41.333+0000] {dag.py:3834} INFO - Setting next_dagrun for example_branch_dop_operator_v3 to 2024-03-09 10:36:00+00:00, run_after=2024-03-09 10:37:00+00:00
[2024-03-09T10:37:41.361+0000] {processor.py:183} INFO - Processing /home/airflow/.local/lib/python3.8/site-packages/airflow/example_dags/example_branch_python_dop_operator_3.py took 0.093 seconds
[2024-03-09T10:38:11.814+0000] {processor.py:161} INFO - Started process (PID=879) to work on /home/airflow/.local/lib/python3.8/site-packages/airflow/example_dags/example_branch_python_dop_operator_3.py
[2024-03-09T10:38:11.815+0000] {processor.py:830} INFO - Processing file /home/airflow/.local/lib/python3.8/site-packages/airflow/example_dags/example_branch_python_dop_operator_3.py for tasks to queue
[2024-03-09T10:38:11.818+0000] {logging_mixin.py:188} INFO - [2024-03-09T10:38:11.817+0000] {dagbag.py:540} INFO - Filling up the DagBag from /home/airflow/.local/lib/python3.8/site-packages/airflow/example_dags/example_branch_python_dop_operator_3.py
[2024-03-09T10:38:11.827+0000] {processor.py:840} INFO - DAG(s) 'example_branch_dop_operator_v3' retrieved from /home/airflow/.local/lib/python3.8/site-packages/airflow/example_dags/example_branch_python_dop_operator_3.py
[2024-03-09T10:38:11.854+0000] {logging_mixin.py:188} INFO - [2024-03-09T10:38:11.854+0000] {dag.py:3047} INFO - Sync 1 DAGs
[2024-03-09T10:38:11.888+0000] {logging_mixin.py:188} INFO - [2024-03-09T10:38:11.887+0000] {dag.py:3834} INFO - Setting next_dagrun for example_branch_dop_operator_v3 to 2024-03-09 10:37:00+00:00, run_after=2024-03-09 10:38:00+00:00
[2024-03-09T10:38:11.916+0000] {processor.py:183} INFO - Processing /home/airflow/.local/lib/python3.8/site-packages/airflow/example_dags/example_branch_python_dop_operator_3.py took 0.106 seconds
[2024-03-09T10:38:42.018+0000] {processor.py:161} INFO - Started process (PID=934) to work on /home/airflow/.local/lib/python3.8/site-packages/airflow/example_dags/example_branch_python_dop_operator_3.py
[2024-03-09T10:38:42.020+0000] {processor.py:830} INFO - Processing file /home/airflow/.local/lib/python3.8/site-packages/airflow/example_dags/example_branch_python_dop_operator_3.py for tasks to queue
[2024-03-09T10:38:42.022+0000] {logging_mixin.py:188} INFO - [2024-03-09T10:38:42.022+0000] {dagbag.py:540} INFO - Filling up the DagBag from /home/airflow/.local/lib/python3.8/site-packages/airflow/example_dags/example_branch_python_dop_operator_3.py
[2024-03-09T10:38:42.033+0000] {processor.py:840} INFO - DAG(s) 'example_branch_dop_operator_v3' retrieved from /home/airflow/.local/lib/python3.8/site-packages/airflow/example_dags/example_branch_python_dop_operator_3.py
[2024-03-09T10:38:42.065+0000] {logging_mixin.py:188} INFO - [2024-03-09T10:38:42.065+0000] {dag.py:3047} INFO - Sync 1 DAGs
[2024-03-09T10:38:42.113+0000] {logging_mixin.py:188} INFO - [2024-03-09T10:38:42.113+0000] {dag.py:3834} INFO - Setting next_dagrun for example_branch_dop_operator_v3 to 2024-03-09 10:37:00+00:00, run_after=2024-03-09 10:38:00+00:00
[2024-03-09T10:38:42.146+0000] {processor.py:183} INFO - Processing /home/airflow/.local/lib/python3.8/site-packages/airflow/example_dags/example_branch_python_dop_operator_3.py took 0.131 seconds
[2024-03-09T10:39:12.287+0000] {processor.py:161} INFO - Started process (PID=989) to work on /home/airflow/.local/lib/python3.8/site-packages/airflow/example_dags/example_branch_python_dop_operator_3.py
[2024-03-09T10:39:12.288+0000] {processor.py:830} INFO - Processing file /home/airflow/.local/lib/python3.8/site-packages/airflow/example_dags/example_branch_python_dop_operator_3.py for tasks to queue
[2024-03-09T10:39:12.290+0000] {logging_mixin.py:188} INFO - [2024-03-09T10:39:12.290+0000] {dagbag.py:540} INFO - Filling up the DagBag from /home/airflow/.local/lib/python3.8/site-packages/airflow/example_dags/example_branch_python_dop_operator_3.py
[2024-03-09T10:39:12.299+0000] {processor.py:840} INFO - DAG(s) 'example_branch_dop_operator_v3' retrieved from /home/airflow/.local/lib/python3.8/site-packages/airflow/example_dags/example_branch_python_dop_operator_3.py
[2024-03-09T10:39:12.327+0000] {logging_mixin.py:188} INFO - [2024-03-09T10:39:12.326+0000] {dag.py:3047} INFO - Sync 1 DAGs
[2024-03-09T10:39:12.359+0000] {logging_mixin.py:188} INFO - [2024-03-09T10:39:12.358+0000] {dag.py:3834} INFO - Setting next_dagrun for example_branch_dop_operator_v3 to 2024-03-09 10:38:00+00:00, run_after=2024-03-09 10:39:00+00:00
[2024-03-09T10:39:12.389+0000] {processor.py:183} INFO - Processing /home/airflow/.local/lib/python3.8/site-packages/airflow/example_dags/example_branch_python_dop_operator_3.py took 0.105 seconds
[2024-03-09T10:39:42.764+0000] {processor.py:161} INFO - Started process (PID=1044) to work on /home/airflow/.local/lib/python3.8/site-packages/airflow/example_dags/example_branch_python_dop_operator_3.py
[2024-03-09T10:39:42.765+0000] {processor.py:830} INFO - Processing file /home/airflow/.local/lib/python3.8/site-packages/airflow/example_dags/example_branch_python_dop_operator_3.py for tasks to queue
[2024-03-09T10:39:42.767+0000] {logging_mixin.py:188} INFO - [2024-03-09T10:39:42.767+0000] {dagbag.py:540} INFO - Filling up the DagBag from /home/airflow/.local/lib/python3.8/site-packages/airflow/example_dags/example_branch_python_dop_operator_3.py
[2024-03-09T10:39:42.776+0000] {processor.py:840} INFO - DAG(s) 'example_branch_dop_operator_v3' retrieved from /home/airflow/.local/lib/python3.8/site-packages/airflow/example_dags/example_branch_python_dop_operator_3.py
[2024-03-09T10:39:42.801+0000] {logging_mixin.py:188} INFO - [2024-03-09T10:39:42.800+0000] {dag.py:3047} INFO - Sync 1 DAGs
[2024-03-09T10:39:42.830+0000] {logging_mixin.py:188} INFO - [2024-03-09T10:39:42.830+0000] {dag.py:3834} INFO - Setting next_dagrun for example_branch_dop_operator_v3 to 2024-03-09 10:38:00+00:00, run_after=2024-03-09 10:39:00+00:00
[2024-03-09T10:39:42.857+0000] {processor.py:183} INFO - Processing /home/airflow/.local/lib/python3.8/site-packages/airflow/example_dags/example_branch_python_dop_operator_3.py took 0.097 seconds
[2024-03-09T10:40:13.030+0000] {processor.py:161} INFO - Started process (PID=1099) to work on /home/airflow/.local/lib/python3.8/site-packages/airflow/example_dags/example_branch_python_dop_operator_3.py
[2024-03-09T10:40:13.032+0000] {processor.py:830} INFO - Processing file /home/airflow/.local/lib/python3.8/site-packages/airflow/example_dags/example_branch_python_dop_operator_3.py for tasks to queue
[2024-03-09T10:40:13.034+0000] {logging_mixin.py:188} INFO - [2024-03-09T10:40:13.034+0000] {dagbag.py:540} INFO - Filling up the DagBag from /home/airflow/.local/lib/python3.8/site-packages/airflow/example_dags/example_branch_python_dop_operator_3.py
[2024-03-09T10:40:13.043+0000] {processor.py:840} INFO - DAG(s) 'example_branch_dop_operator_v3' retrieved from /home/airflow/.local/lib/python3.8/site-packages/airflow/example_dags/example_branch_python_dop_operator_3.py
[2024-03-09T10:40:13.066+0000] {logging_mixin.py:188} INFO - [2024-03-09T10:40:13.066+0000] {dag.py:3047} INFO - Sync 1 DAGs
[2024-03-09T10:40:13.094+0000] {logging_mixin.py:188} INFO - [2024-03-09T10:40:13.094+0000] {dag.py:3834} INFO - Setting next_dagrun for example_branch_dop_operator_v3 to 2024-03-09 10:39:00+00:00, run_after=2024-03-09 10:40:00+00:00
[2024-03-09T10:40:13.119+0000] {processor.py:183} INFO - Processing /home/airflow/.local/lib/python3.8/site-packages/airflow/example_dags/example_branch_python_dop_operator_3.py took 0.093 seconds
[2024-03-09T10:40:43.586+0000] {processor.py:161} INFO - Started process (PID=1154) to work on /home/airflow/.local/lib/python3.8/site-packages/airflow/example_dags/example_branch_python_dop_operator_3.py
[2024-03-09T10:40:43.587+0000] {processor.py:830} INFO - Processing file /home/airflow/.local/lib/python3.8/site-packages/airflow/example_dags/example_branch_python_dop_operator_3.py for tasks to queue
[2024-03-09T10:40:43.589+0000] {logging_mixin.py:188} INFO - [2024-03-09T10:40:43.589+0000] {dagbag.py:540} INFO - Filling up the DagBag from /home/airflow/.local/lib/python3.8/site-packages/airflow/example_dags/example_branch_python_dop_operator_3.py
[2024-03-09T10:40:43.598+0000] {processor.py:840} INFO - DAG(s) 'example_branch_dop_operator_v3' retrieved from /home/airflow/.local/lib/python3.8/site-packages/airflow/example_dags/example_branch_python_dop_operator_3.py
[2024-03-09T10:40:43.624+0000] {logging_mixin.py:188} INFO - [2024-03-09T10:40:43.624+0000] {dag.py:3047} INFO - Sync 1 DAGs
[2024-03-09T10:40:43.662+0000] {logging_mixin.py:188} INFO - [2024-03-09T10:40:43.662+0000] {dag.py:3834} INFO - Setting next_dagrun for example_branch_dop_operator_v3 to 2024-03-09 10:39:00+00:00, run_after=2024-03-09 10:40:00+00:00
[2024-03-09T10:40:43.691+0000] {processor.py:183} INFO - Processing /home/airflow/.local/lib/python3.8/site-packages/airflow/example_dags/example_branch_python_dop_operator_3.py took 0.109 seconds
[2024-03-09T10:41:13.753+0000] {processor.py:161} INFO - Started process (PID=1209) to work on /home/airflow/.local/lib/python3.8/site-packages/airflow/example_dags/example_branch_python_dop_operator_3.py
[2024-03-09T10:41:13.754+0000] {processor.py:830} INFO - Processing file /home/airflow/.local/lib/python3.8/site-packages/airflow/example_dags/example_branch_python_dop_operator_3.py for tasks to queue
[2024-03-09T10:41:13.756+0000] {logging_mixin.py:188} INFO - [2024-03-09T10:41:13.756+0000] {dagbag.py:540} INFO - Filling up the DagBag from /home/airflow/.local/lib/python3.8/site-packages/airflow/example_dags/example_branch_python_dop_operator_3.py
[2024-03-09T10:41:13.765+0000] {processor.py:840} INFO - DAG(s) 'example_branch_dop_operator_v3' retrieved from /home/airflow/.local/lib/python3.8/site-packages/airflow/example_dags/example_branch_python_dop_operator_3.py
[2024-03-09T10:41:13.789+0000] {logging_mixin.py:188} INFO - [2024-03-09T10:41:13.789+0000] {dag.py:3047} INFO - Sync 1 DAGs
[2024-03-09T10:41:13.819+0000] {logging_mixin.py:188} INFO - [2024-03-09T10:41:13.819+0000] {dag.py:3834} INFO - Setting next_dagrun for example_branch_dop_operator_v3 to 2024-03-09 10:40:00+00:00, run_after=2024-03-09 10:41:00+00:00
[2024-03-09T10:41:13.849+0000] {processor.py:183} INFO - Processing /home/airflow/.local/lib/python3.8/site-packages/airflow/example_dags/example_branch_python_dop_operator_3.py took 0.099 seconds
[2024-03-09T10:41:43.966+0000] {processor.py:161} INFO - Started process (PID=1264) to work on /home/airflow/.local/lib/python3.8/site-packages/airflow/example_dags/example_branch_python_dop_operator_3.py
[2024-03-09T10:41:43.967+0000] {processor.py:830} INFO - Processing file /home/airflow/.local/lib/python3.8/site-packages/airflow/example_dags/example_branch_python_dop_operator_3.py for tasks to queue
[2024-03-09T10:41:43.969+0000] {logging_mixin.py:188} INFO - [2024-03-09T10:41:43.969+0000] {dagbag.py:540} INFO - Filling up the DagBag from /home/airflow/.local/lib/python3.8/site-packages/airflow/example_dags/example_branch_python_dop_operator_3.py
[2024-03-09T10:41:43.977+0000] {processor.py:840} INFO - DAG(s) 'example_branch_dop_operator_v3' retrieved from /home/airflow/.local/lib/python3.8/site-packages/airflow/example_dags/example_branch_python_dop_operator_3.py
[2024-03-09T10:41:44.003+0000] {logging_mixin.py:188} INFO - [2024-03-09T10:41:44.002+0000] {dag.py:3047} INFO - Sync 1 DAGs
[2024-03-09T10:41:44.032+0000] {logging_mixin.py:188} INFO - [2024-03-09T10:41:44.032+0000] {dag.py:3834} INFO - Setting next_dagrun for example_branch_dop_operator_v3 to 2024-03-09 10:40:00+00:00, run_after=2024-03-09 10:41:00+00:00
[2024-03-09T10:41:44.061+0000] {processor.py:183} INFO - Processing /home/airflow/.local/lib/python3.8/site-packages/airflow/example_dags/example_branch_python_dop_operator_3.py took 0.098 seconds
[2024-03-09T10:42:14.172+0000] {processor.py:161} INFO - Started process (PID=1319) to work on /home/airflow/.local/lib/python3.8/site-packages/airflow/example_dags/example_branch_python_dop_operator_3.py
[2024-03-09T10:42:14.173+0000] {processor.py:830} INFO - Processing file /home/airflow/.local/lib/python3.8/site-packages/airflow/example_dags/example_branch_python_dop_operator_3.py for tasks to queue
[2024-03-09T10:42:14.175+0000] {logging_mixin.py:188} INFO - [2024-03-09T10:42:14.174+0000] {dagbag.py:540} INFO - Filling up the DagBag from /home/airflow/.local/lib/python3.8/site-packages/airflow/example_dags/example_branch_python_dop_operator_3.py
[2024-03-09T10:42:14.183+0000] {processor.py:840} INFO - DAG(s) 'example_branch_dop_operator_v3' retrieved from /home/airflow/.local/lib/python3.8/site-packages/airflow/example_dags/example_branch_python_dop_operator_3.py
[2024-03-09T10:42:14.205+0000] {logging_mixin.py:188} INFO - [2024-03-09T10:42:14.205+0000] {dag.py:3047} INFO - Sync 1 DAGs
[2024-03-09T10:42:14.235+0000] {logging_mixin.py:188} INFO - [2024-03-09T10:42:14.234+0000] {dag.py:3834} INFO - Setting next_dagrun for example_branch_dop_operator_v3 to 2024-03-09 10:41:00+00:00, run_after=2024-03-09 10:42:00+00:00
[2024-03-09T10:42:14.261+0000] {processor.py:183} INFO - Processing /home/airflow/.local/lib/python3.8/site-packages/airflow/example_dags/example_branch_python_dop_operator_3.py took 0.093 seconds
[2024-03-09T10:42:44.669+0000] {processor.py:161} INFO - Started process (PID=1374) to work on /home/airflow/.local/lib/python3.8/site-packages/airflow/example_dags/example_branch_python_dop_operator_3.py
[2024-03-09T10:42:44.671+0000] {processor.py:830} INFO - Processing file /home/airflow/.local/lib/python3.8/site-packages/airflow/example_dags/example_branch_python_dop_operator_3.py for tasks to queue
[2024-03-09T10:42:44.673+0000] {logging_mixin.py:188} INFO - [2024-03-09T10:42:44.672+0000] {dagbag.py:540} INFO - Filling up the DagBag from /home/airflow/.local/lib/python3.8/site-packages/airflow/example_dags/example_branch_python_dop_operator_3.py
[2024-03-09T10:42:44.681+0000] {processor.py:840} INFO - DAG(s) 'example_branch_dop_operator_v3' retrieved from /home/airflow/.local/lib/python3.8/site-packages/airflow/example_dags/example_branch_python_dop_operator_3.py
[2024-03-09T10:42:44.706+0000] {logging_mixin.py:188} INFO - [2024-03-09T10:42:44.706+0000] {dag.py:3047} INFO - Sync 1 DAGs
[2024-03-09T10:42:44.734+0000] {logging_mixin.py:188} INFO - [2024-03-09T10:42:44.734+0000] {dag.py:3834} INFO - Setting next_dagrun for example_branch_dop_operator_v3 to 2024-03-09 10:41:00+00:00, run_after=2024-03-09 10:42:00+00:00
[2024-03-09T10:42:44.761+0000] {processor.py:183} INFO - Processing /home/airflow/.local/lib/python3.8/site-packages/airflow/example_dags/example_branch_python_dop_operator_3.py took 0.095 seconds
[2024-03-09T10:43:14.857+0000] {processor.py:161} INFO - Started process (PID=1429) to work on /home/airflow/.local/lib/python3.8/site-packages/airflow/example_dags/example_branch_python_dop_operator_3.py
[2024-03-09T10:43:14.859+0000] {processor.py:830} INFO - Processing file /home/airflow/.local/lib/python3.8/site-packages/airflow/example_dags/example_branch_python_dop_operator_3.py for tasks to queue
[2024-03-09T10:43:14.861+0000] {logging_mixin.py:188} INFO - [2024-03-09T10:43:14.860+0000] {dagbag.py:540} INFO - Filling up the DagBag from /home/airflow/.local/lib/python3.8/site-packages/airflow/example_dags/example_branch_python_dop_operator_3.py
[2024-03-09T10:43:14.870+0000] {processor.py:840} INFO - DAG(s) 'example_branch_dop_operator_v3' retrieved from /home/airflow/.local/lib/python3.8/site-packages/airflow/example_dags/example_branch_python_dop_operator_3.py
[2024-03-09T10:43:14.892+0000] {logging_mixin.py:188} INFO - [2024-03-09T10:43:14.892+0000] {dag.py:3047} INFO - Sync 1 DAGs
[2024-03-09T10:43:14.927+0000] {logging_mixin.py:188} INFO - [2024-03-09T10:43:14.927+0000] {dag.py:3834} INFO - Setting next_dagrun for example_branch_dop_operator_v3 to 2024-03-09 10:42:00+00:00, run_after=2024-03-09 10:43:00+00:00
[2024-03-09T10:43:14.958+0000] {processor.py:183} INFO - Processing /home/airflow/.local/lib/python3.8/site-packages/airflow/example_dags/example_branch_python_dop_operator_3.py took 0.105 seconds
[2024-03-09T10:43:45.255+0000] {processor.py:161} INFO - Started process (PID=1484) to work on /home/airflow/.local/lib/python3.8/site-packages/airflow/example_dags/example_branch_python_dop_operator_3.py
[2024-03-09T10:43:45.257+0000] {processor.py:830} INFO - Processing file /home/airflow/.local/lib/python3.8/site-packages/airflow/example_dags/example_branch_python_dop_operator_3.py for tasks to queue
[2024-03-09T10:43:45.259+0000] {logging_mixin.py:188} INFO - [2024-03-09T10:43:45.258+0000] {dagbag.py:540} INFO - Filling up the DagBag from /home/airflow/.local/lib/python3.8/site-packages/airflow/example_dags/example_branch_python_dop_operator_3.py
[2024-03-09T10:43:45.267+0000] {processor.py:840} INFO - DAG(s) 'example_branch_dop_operator_v3' retrieved from /home/airflow/.local/lib/python3.8/site-packages/airflow/example_dags/example_branch_python_dop_operator_3.py
[2024-03-09T10:43:45.292+0000] {logging_mixin.py:188} INFO - [2024-03-09T10:43:45.292+0000] {dag.py:3047} INFO - Sync 1 DAGs
[2024-03-09T10:43:45.323+0000] {logging_mixin.py:188} INFO - [2024-03-09T10:43:45.322+0000] {dag.py:3834} INFO - Setting next_dagrun for example_branch_dop_operator_v3 to 2024-03-09 10:42:00+00:00, run_after=2024-03-09 10:43:00+00:00
[2024-03-09T10:43:45.347+0000] {processor.py:183} INFO - Processing /home/airflow/.local/lib/python3.8/site-packages/airflow/example_dags/example_branch_python_dop_operator_3.py took 0.095 seconds
[2024-03-09T10:44:15.688+0000] {processor.py:161} INFO - Started process (PID=1539) to work on /home/airflow/.local/lib/python3.8/site-packages/airflow/example_dags/example_branch_python_dop_operator_3.py
[2024-03-09T10:44:15.689+0000] {processor.py:830} INFO - Processing file /home/airflow/.local/lib/python3.8/site-packages/airflow/example_dags/example_branch_python_dop_operator_3.py for tasks to queue
[2024-03-09T10:44:15.691+0000] {logging_mixin.py:188} INFO - [2024-03-09T10:44:15.691+0000] {dagbag.py:540} INFO - Filling up the DagBag from /home/airflow/.local/lib/python3.8/site-packages/airflow/example_dags/example_branch_python_dop_operator_3.py
[2024-03-09T10:44:15.701+0000] {processor.py:840} INFO - DAG(s) 'example_branch_dop_operator_v3' retrieved from /home/airflow/.local/lib/python3.8/site-packages/airflow/example_dags/example_branch_python_dop_operator_3.py
[2024-03-09T10:44:15.726+0000] {logging_mixin.py:188} INFO - [2024-03-09T10:44:15.726+0000] {dag.py:3047} INFO - Sync 1 DAGs
[2024-03-09T10:44:15.758+0000] {logging_mixin.py:188} INFO - [2024-03-09T10:44:15.758+0000] {dag.py:3834} INFO - Setting next_dagrun for example_branch_dop_operator_v3 to 2024-03-09 10:43:00+00:00, run_after=2024-03-09 10:44:00+00:00
[2024-03-09T10:44:15.786+0000] {processor.py:183} INFO - Processing /home/airflow/.local/lib/python3.8/site-packages/airflow/example_dags/example_branch_python_dop_operator_3.py took 0.101 seconds
[2024-03-09T10:44:45.981+0000] {processor.py:161} INFO - Started process (PID=1594) to work on /home/airflow/.local/lib/python3.8/site-packages/airflow/example_dags/example_branch_python_dop_operator_3.py
[2024-03-09T10:44:45.983+0000] {processor.py:830} INFO - Processing file /home/airflow/.local/lib/python3.8/site-packages/airflow/example_dags/example_branch_python_dop_operator_3.py for tasks to queue
[2024-03-09T10:44:45.986+0000] {logging_mixin.py:188} INFO - [2024-03-09T10:44:45.985+0000] {dagbag.py:540} INFO - Filling up the DagBag from /home/airflow/.local/lib/python3.8/site-packages/airflow/example_dags/example_branch_python_dop_operator_3.py
[2024-03-09T10:44:45.994+0000] {processor.py:840} INFO - DAG(s) 'example_branch_dop_operator_v3' retrieved from /home/airflow/.local/lib/python3.8/site-packages/airflow/example_dags/example_branch_python_dop_operator_3.py
[2024-03-09T10:44:46.020+0000] {logging_mixin.py:188} INFO - [2024-03-09T10:44:46.019+0000] {dag.py:3047} INFO - Sync 1 DAGs
[2024-03-09T10:44:46.051+0000] {logging_mixin.py:188} INFO - [2024-03-09T10:44:46.051+0000] {dag.py:3834} INFO - Setting next_dagrun for example_branch_dop_operator_v3 to 2024-03-09 10:43:00+00:00, run_after=2024-03-09 10:44:00+00:00
[2024-03-09T10:44:46.078+0000] {processor.py:183} INFO - Processing /home/airflow/.local/lib/python3.8/site-packages/airflow/example_dags/example_branch_python_dop_operator_3.py took 0.100 seconds
[2024-03-09T10:45:16.225+0000] {processor.py:161} INFO - Started process (PID=1649) to work on /home/airflow/.local/lib/python3.8/site-packages/airflow/example_dags/example_branch_python_dop_operator_3.py
[2024-03-09T10:45:16.227+0000] {processor.py:830} INFO - Processing file /home/airflow/.local/lib/python3.8/site-packages/airflow/example_dags/example_branch_python_dop_operator_3.py for tasks to queue
[2024-03-09T10:45:16.230+0000] {logging_mixin.py:188} INFO - [2024-03-09T10:45:16.230+0000] {dagbag.py:540} INFO - Filling up the DagBag from /home/airflow/.local/lib/python3.8/site-packages/airflow/example_dags/example_branch_python_dop_operator_3.py
[2024-03-09T10:45:16.249+0000] {processor.py:840} INFO - DAG(s) 'example_branch_dop_operator_v3' retrieved from /home/airflow/.local/lib/python3.8/site-packages/airflow/example_dags/example_branch_python_dop_operator_3.py
[2024-03-09T10:45:16.293+0000] {logging_mixin.py:188} INFO - [2024-03-09T10:45:16.292+0000] {dag.py:3047} INFO - Sync 1 DAGs
[2024-03-09T10:45:16.339+0000] {logging_mixin.py:188} INFO - [2024-03-09T10:45:16.339+0000] {dag.py:3834} INFO - Setting next_dagrun for example_branch_dop_operator_v3 to 2024-03-09 10:44:00+00:00, run_after=2024-03-09 10:45:00+00:00
[2024-03-09T10:45:16.369+0000] {processor.py:183} INFO - Processing /home/airflow/.local/lib/python3.8/site-packages/airflow/example_dags/example_branch_python_dop_operator_3.py took 0.150 seconds
[2024-03-09T10:45:46.435+0000] {processor.py:161} INFO - Started process (PID=1704) to work on /home/airflow/.local/lib/python3.8/site-packages/airflow/example_dags/example_branch_python_dop_operator_3.py
[2024-03-09T10:45:46.436+0000] {processor.py:830} INFO - Processing file /home/airflow/.local/lib/python3.8/site-packages/airflow/example_dags/example_branch_python_dop_operator_3.py for tasks to queue
[2024-03-09T10:45:46.440+0000] {logging_mixin.py:188} INFO - [2024-03-09T10:45:46.439+0000] {dagbag.py:540} INFO - Filling up the DagBag from /home/airflow/.local/lib/python3.8/site-packages/airflow/example_dags/example_branch_python_dop_operator_3.py
[2024-03-09T10:45:46.450+0000] {processor.py:840} INFO - DAG(s) 'example_branch_dop_operator_v3' retrieved from /home/airflow/.local/lib/python3.8/site-packages/airflow/example_dags/example_branch_python_dop_operator_3.py
[2024-03-09T10:45:46.473+0000] {logging_mixin.py:188} INFO - [2024-03-09T10:45:46.472+0000] {dag.py:3047} INFO - Sync 1 DAGs
[2024-03-09T10:45:46.502+0000] {logging_mixin.py:188} INFO - [2024-03-09T10:45:46.502+0000] {dag.py:3834} INFO - Setting next_dagrun for example_branch_dop_operator_v3 to 2024-03-09 10:44:00+00:00, run_after=2024-03-09 10:45:00+00:00
[2024-03-09T10:45:46.531+0000] {processor.py:183} INFO - Processing /home/airflow/.local/lib/python3.8/site-packages/airflow/example_dags/example_branch_python_dop_operator_3.py took 0.100 seconds
