[2024-03-09T10:30:29.135+0000] {processor.py:161} INFO - Started process (PID=42) to work on /home/airflow/.local/lib/python3.8/site-packages/airflow/example_dags/tutorial_taskflow_api.py
[2024-03-09T10:30:29.143+0000] {processor.py:830} INFO - Processing file /home/airflow/.local/lib/python3.8/site-packages/airflow/example_dags/tutorial_taskflow_api.py for tasks to queue
[2024-03-09T10:30:29.150+0000] {logging_mixin.py:188} INFO - [2024-03-09T10:30:29.149+0000] {dagbag.py:540} INFO - Filling up the DagBag from /home/airflow/.local/lib/python3.8/site-packages/airflow/example_dags/tutorial_taskflow_api.py
[2024-03-09T10:30:29.194+0000] {processor.py:840} INFO - DAG(s) 'tutorial_taskflow_api' retrieved from /home/airflow/.local/lib/python3.8/site-packages/airflow/example_dags/tutorial_taskflow_api.py
[2024-03-09T10:30:30.103+0000] {logging_mixin.py:188} INFO - [2024-03-09T10:30:30.102+0000] {dag.py:3047} INFO - Sync 1 DAGs
[2024-03-09T10:30:30.141+0000] {logging_mixin.py:188} INFO - [2024-03-09T10:30:30.141+0000] {dag.py:3834} INFO - Setting next_dagrun for tutorial_taskflow_api to None, run_after=None
[2024-03-09T10:30:30.192+0000] {processor.py:183} INFO - Processing /home/airflow/.local/lib/python3.8/site-packages/airflow/example_dags/tutorial_taskflow_api.py took 1.063 seconds
[2024-03-09T10:31:00.417+0000] {processor.py:161} INFO - Started process (PID=97) to work on /home/airflow/.local/lib/python3.8/site-packages/airflow/example_dags/tutorial_taskflow_api.py
[2024-03-09T10:31:00.418+0000] {processor.py:830} INFO - Processing file /home/airflow/.local/lib/python3.8/site-packages/airflow/example_dags/tutorial_taskflow_api.py for tasks to queue
[2024-03-09T10:31:00.425+0000] {logging_mixin.py:188} INFO - [2024-03-09T10:31:00.421+0000] {dagbag.py:540} INFO - Filling up the DagBag from /home/airflow/.local/lib/python3.8/site-packages/airflow/example_dags/tutorial_taskflow_api.py
[2024-03-09T10:31:00.456+0000] {processor.py:840} INFO - DAG(s) 'tutorial_taskflow_api' retrieved from /home/airflow/.local/lib/python3.8/site-packages/airflow/example_dags/tutorial_taskflow_api.py
[2024-03-09T10:31:00.721+0000] {logging_mixin.py:188} INFO - [2024-03-09T10:31:00.720+0000] {dag.py:3047} INFO - Sync 1 DAGs
[2024-03-09T10:31:00.741+0000] {logging_mixin.py:188} INFO - [2024-03-09T10:31:00.740+0000] {dag.py:3834} INFO - Setting next_dagrun for tutorial_taskflow_api to None, run_after=None
[2024-03-09T10:31:00.794+0000] {processor.py:183} INFO - Processing /home/airflow/.local/lib/python3.8/site-packages/airflow/example_dags/tutorial_taskflow_api.py took 0.381 seconds
[2024-03-09T10:31:30.973+0000] {processor.py:161} INFO - Started process (PID=152) to work on /home/airflow/.local/lib/python3.8/site-packages/airflow/example_dags/tutorial_taskflow_api.py
[2024-03-09T10:31:30.975+0000] {processor.py:830} INFO - Processing file /home/airflow/.local/lib/python3.8/site-packages/airflow/example_dags/tutorial_taskflow_api.py for tasks to queue
[2024-03-09T10:31:30.977+0000] {logging_mixin.py:188} INFO - [2024-03-09T10:31:30.977+0000] {dagbag.py:540} INFO - Filling up the DagBag from /home/airflow/.local/lib/python3.8/site-packages/airflow/example_dags/tutorial_taskflow_api.py
[2024-03-09T10:31:30.986+0000] {processor.py:840} INFO - DAG(s) 'tutorial_taskflow_api' retrieved from /home/airflow/.local/lib/python3.8/site-packages/airflow/example_dags/tutorial_taskflow_api.py
[2024-03-09T10:31:31.011+0000] {logging_mixin.py:188} INFO - [2024-03-09T10:31:31.011+0000] {dag.py:3047} INFO - Sync 1 DAGs
[2024-03-09T10:31:31.026+0000] {logging_mixin.py:188} INFO - [2024-03-09T10:31:31.026+0000] {dag.py:3834} INFO - Setting next_dagrun for tutorial_taskflow_api to None, run_after=None
[2024-03-09T10:31:31.056+0000] {processor.py:183} INFO - Processing /home/airflow/.local/lib/python3.8/site-packages/airflow/example_dags/tutorial_taskflow_api.py took 0.086 seconds
[2024-03-09T10:32:01.193+0000] {processor.py:161} INFO - Started process (PID=207) to work on /home/airflow/.local/lib/python3.8/site-packages/airflow/example_dags/tutorial_taskflow_api.py
[2024-03-09T10:32:01.194+0000] {processor.py:830} INFO - Processing file /home/airflow/.local/lib/python3.8/site-packages/airflow/example_dags/tutorial_taskflow_api.py for tasks to queue
[2024-03-09T10:32:01.196+0000] {logging_mixin.py:188} INFO - [2024-03-09T10:32:01.196+0000] {dagbag.py:540} INFO - Filling up the DagBag from /home/airflow/.local/lib/python3.8/site-packages/airflow/example_dags/tutorial_taskflow_api.py
[2024-03-09T10:32:01.202+0000] {processor.py:840} INFO - DAG(s) 'tutorial_taskflow_api' retrieved from /home/airflow/.local/lib/python3.8/site-packages/airflow/example_dags/tutorial_taskflow_api.py
[2024-03-09T10:32:01.224+0000] {logging_mixin.py:188} INFO - [2024-03-09T10:32:01.224+0000] {dag.py:3047} INFO - Sync 1 DAGs
[2024-03-09T10:32:01.238+0000] {logging_mixin.py:188} INFO - [2024-03-09T10:32:01.237+0000] {dag.py:3834} INFO - Setting next_dagrun for tutorial_taskflow_api to None, run_after=None
[2024-03-09T10:32:01.270+0000] {processor.py:183} INFO - Processing /home/airflow/.local/lib/python3.8/site-packages/airflow/example_dags/tutorial_taskflow_api.py took 0.080 seconds
[2024-03-09T10:32:31.417+0000] {processor.py:161} INFO - Started process (PID=262) to work on /home/airflow/.local/lib/python3.8/site-packages/airflow/example_dags/tutorial_taskflow_api.py
[2024-03-09T10:32:31.419+0000] {processor.py:830} INFO - Processing file /home/airflow/.local/lib/python3.8/site-packages/airflow/example_dags/tutorial_taskflow_api.py for tasks to queue
[2024-03-09T10:32:31.421+0000] {logging_mixin.py:188} INFO - [2024-03-09T10:32:31.420+0000] {dagbag.py:540} INFO - Filling up the DagBag from /home/airflow/.local/lib/python3.8/site-packages/airflow/example_dags/tutorial_taskflow_api.py
[2024-03-09T10:32:31.427+0000] {processor.py:840} INFO - DAG(s) 'tutorial_taskflow_api' retrieved from /home/airflow/.local/lib/python3.8/site-packages/airflow/example_dags/tutorial_taskflow_api.py
[2024-03-09T10:32:31.448+0000] {logging_mixin.py:188} INFO - [2024-03-09T10:32:31.448+0000] {dag.py:3047} INFO - Sync 1 DAGs
[2024-03-09T10:32:31.462+0000] {logging_mixin.py:188} INFO - [2024-03-09T10:32:31.461+0000] {dag.py:3834} INFO - Setting next_dagrun for tutorial_taskflow_api to None, run_after=None
[2024-03-09T10:32:31.528+0000] {processor.py:183} INFO - Processing /home/airflow/.local/lib/python3.8/site-packages/airflow/example_dags/tutorial_taskflow_api.py took 0.113 seconds
[2024-03-09T10:33:01.573+0000] {processor.py:161} INFO - Started process (PID=317) to work on /home/airflow/.local/lib/python3.8/site-packages/airflow/example_dags/tutorial_taskflow_api.py
[2024-03-09T10:33:01.574+0000] {processor.py:830} INFO - Processing file /home/airflow/.local/lib/python3.8/site-packages/airflow/example_dags/tutorial_taskflow_api.py for tasks to queue
[2024-03-09T10:33:01.576+0000] {logging_mixin.py:188} INFO - [2024-03-09T10:33:01.576+0000] {dagbag.py:540} INFO - Filling up the DagBag from /home/airflow/.local/lib/python3.8/site-packages/airflow/example_dags/tutorial_taskflow_api.py
[2024-03-09T10:33:01.582+0000] {processor.py:840} INFO - DAG(s) 'tutorial_taskflow_api' retrieved from /home/airflow/.local/lib/python3.8/site-packages/airflow/example_dags/tutorial_taskflow_api.py
[2024-03-09T10:33:01.605+0000] {logging_mixin.py:188} INFO - [2024-03-09T10:33:01.605+0000] {dag.py:3047} INFO - Sync 1 DAGs
[2024-03-09T10:33:01.620+0000] {logging_mixin.py:188} INFO - [2024-03-09T10:33:01.620+0000] {dag.py:3834} INFO - Setting next_dagrun for tutorial_taskflow_api to None, run_after=None
[2024-03-09T10:33:01.649+0000] {processor.py:183} INFO - Processing /home/airflow/.local/lib/python3.8/site-packages/airflow/example_dags/tutorial_taskflow_api.py took 0.079 seconds
[2024-03-09T10:33:31.817+0000] {processor.py:161} INFO - Started process (PID=372) to work on /home/airflow/.local/lib/python3.8/site-packages/airflow/example_dags/tutorial_taskflow_api.py
[2024-03-09T10:33:31.818+0000] {processor.py:830} INFO - Processing file /home/airflow/.local/lib/python3.8/site-packages/airflow/example_dags/tutorial_taskflow_api.py for tasks to queue
[2024-03-09T10:33:31.820+0000] {logging_mixin.py:188} INFO - [2024-03-09T10:33:31.820+0000] {dagbag.py:540} INFO - Filling up the DagBag from /home/airflow/.local/lib/python3.8/site-packages/airflow/example_dags/tutorial_taskflow_api.py
[2024-03-09T10:33:31.826+0000] {processor.py:840} INFO - DAG(s) 'tutorial_taskflow_api' retrieved from /home/airflow/.local/lib/python3.8/site-packages/airflow/example_dags/tutorial_taskflow_api.py
[2024-03-09T10:33:31.852+0000] {logging_mixin.py:188} INFO - [2024-03-09T10:33:31.852+0000] {dag.py:3047} INFO - Sync 1 DAGs
[2024-03-09T10:33:31.877+0000] {logging_mixin.py:188} INFO - [2024-03-09T10:33:31.876+0000] {dag.py:3834} INFO - Setting next_dagrun for tutorial_taskflow_api to None, run_after=None
[2024-03-09T10:33:31.913+0000] {processor.py:183} INFO - Processing /home/airflow/.local/lib/python3.8/site-packages/airflow/example_dags/tutorial_taskflow_api.py took 0.099 seconds
[2024-03-09T10:34:02.338+0000] {processor.py:161} INFO - Started process (PID=427) to work on /home/airflow/.local/lib/python3.8/site-packages/airflow/example_dags/tutorial_taskflow_api.py
[2024-03-09T10:34:02.339+0000] {processor.py:830} INFO - Processing file /home/airflow/.local/lib/python3.8/site-packages/airflow/example_dags/tutorial_taskflow_api.py for tasks to queue
[2024-03-09T10:34:02.341+0000] {logging_mixin.py:188} INFO - [2024-03-09T10:34:02.341+0000] {dagbag.py:540} INFO - Filling up the DagBag from /home/airflow/.local/lib/python3.8/site-packages/airflow/example_dags/tutorial_taskflow_api.py
[2024-03-09T10:34:02.347+0000] {processor.py:840} INFO - DAG(s) 'tutorial_taskflow_api' retrieved from /home/airflow/.local/lib/python3.8/site-packages/airflow/example_dags/tutorial_taskflow_api.py
[2024-03-09T10:34:02.367+0000] {logging_mixin.py:188} INFO - [2024-03-09T10:34:02.366+0000] {dag.py:3047} INFO - Sync 1 DAGs
[2024-03-09T10:34:02.380+0000] {logging_mixin.py:188} INFO - [2024-03-09T10:34:02.380+0000] {dag.py:3834} INFO - Setting next_dagrun for tutorial_taskflow_api to None, run_after=None
[2024-03-09T10:34:02.411+0000] {processor.py:183} INFO - Processing /home/airflow/.local/lib/python3.8/site-packages/airflow/example_dags/tutorial_taskflow_api.py took 0.075 seconds
[2024-03-09T10:34:32.604+0000] {processor.py:161} INFO - Started process (PID=482) to work on /home/airflow/.local/lib/python3.8/site-packages/airflow/example_dags/tutorial_taskflow_api.py
[2024-03-09T10:34:32.605+0000] {processor.py:830} INFO - Processing file /home/airflow/.local/lib/python3.8/site-packages/airflow/example_dags/tutorial_taskflow_api.py for tasks to queue
[2024-03-09T10:34:32.607+0000] {logging_mixin.py:188} INFO - [2024-03-09T10:34:32.607+0000] {dagbag.py:540} INFO - Filling up the DagBag from /home/airflow/.local/lib/python3.8/site-packages/airflow/example_dags/tutorial_taskflow_api.py
[2024-03-09T10:34:32.613+0000] {processor.py:840} INFO - DAG(s) 'tutorial_taskflow_api' retrieved from /home/airflow/.local/lib/python3.8/site-packages/airflow/example_dags/tutorial_taskflow_api.py
[2024-03-09T10:34:32.636+0000] {logging_mixin.py:188} INFO - [2024-03-09T10:34:32.635+0000] {dag.py:3047} INFO - Sync 1 DAGs
[2024-03-09T10:34:32.649+0000] {logging_mixin.py:188} INFO - [2024-03-09T10:34:32.648+0000] {dag.py:3834} INFO - Setting next_dagrun for tutorial_taskflow_api to None, run_after=None
[2024-03-09T10:34:32.683+0000] {processor.py:183} INFO - Processing /home/airflow/.local/lib/python3.8/site-packages/airflow/example_dags/tutorial_taskflow_api.py took 0.082 seconds
[2024-03-09T10:35:03.026+0000] {processor.py:161} INFO - Started process (PID=537) to work on /home/airflow/.local/lib/python3.8/site-packages/airflow/example_dags/tutorial_taskflow_api.py
[2024-03-09T10:35:03.027+0000] {processor.py:830} INFO - Processing file /home/airflow/.local/lib/python3.8/site-packages/airflow/example_dags/tutorial_taskflow_api.py for tasks to queue
[2024-03-09T10:35:03.030+0000] {logging_mixin.py:188} INFO - [2024-03-09T10:35:03.029+0000] {dagbag.py:540} INFO - Filling up the DagBag from /home/airflow/.local/lib/python3.8/site-packages/airflow/example_dags/tutorial_taskflow_api.py
[2024-03-09T10:35:03.036+0000] {processor.py:840} INFO - DAG(s) 'tutorial_taskflow_api' retrieved from /home/airflow/.local/lib/python3.8/site-packages/airflow/example_dags/tutorial_taskflow_api.py
[2024-03-09T10:35:03.059+0000] {logging_mixin.py:188} INFO - [2024-03-09T10:35:03.059+0000] {dag.py:3047} INFO - Sync 1 DAGs
[2024-03-09T10:35:03.072+0000] {logging_mixin.py:188} INFO - [2024-03-09T10:35:03.072+0000] {dag.py:3834} INFO - Setting next_dagrun for tutorial_taskflow_api to None, run_after=None
[2024-03-09T10:35:03.106+0000] {processor.py:183} INFO - Processing /home/airflow/.local/lib/python3.8/site-packages/airflow/example_dags/tutorial_taskflow_api.py took 0.083 seconds
[2024-03-09T10:35:33.393+0000] {processor.py:161} INFO - Started process (PID=592) to work on /home/airflow/.local/lib/python3.8/site-packages/airflow/example_dags/tutorial_taskflow_api.py
[2024-03-09T10:35:33.394+0000] {processor.py:830} INFO - Processing file /home/airflow/.local/lib/python3.8/site-packages/airflow/example_dags/tutorial_taskflow_api.py for tasks to queue
[2024-03-09T10:35:33.396+0000] {logging_mixin.py:188} INFO - [2024-03-09T10:35:33.395+0000] {dagbag.py:540} INFO - Filling up the DagBag from /home/airflow/.local/lib/python3.8/site-packages/airflow/example_dags/tutorial_taskflow_api.py
[2024-03-09T10:35:33.403+0000] {processor.py:840} INFO - DAG(s) 'tutorial_taskflow_api' retrieved from /home/airflow/.local/lib/python3.8/site-packages/airflow/example_dags/tutorial_taskflow_api.py
[2024-03-09T10:35:33.424+0000] {logging_mixin.py:188} INFO - [2024-03-09T10:35:33.424+0000] {dag.py:3047} INFO - Sync 1 DAGs
[2024-03-09T10:35:33.438+0000] {logging_mixin.py:188} INFO - [2024-03-09T10:35:33.438+0000] {dag.py:3834} INFO - Setting next_dagrun for tutorial_taskflow_api to None, run_after=None
[2024-03-09T10:35:33.474+0000] {processor.py:183} INFO - Processing /home/airflow/.local/lib/python3.8/site-packages/airflow/example_dags/tutorial_taskflow_api.py took 0.084 seconds
[2024-03-09T10:36:03.819+0000] {processor.py:161} INFO - Started process (PID=647) to work on /home/airflow/.local/lib/python3.8/site-packages/airflow/example_dags/tutorial_taskflow_api.py
[2024-03-09T10:36:03.821+0000] {processor.py:830} INFO - Processing file /home/airflow/.local/lib/python3.8/site-packages/airflow/example_dags/tutorial_taskflow_api.py for tasks to queue
[2024-03-09T10:36:03.822+0000] {logging_mixin.py:188} INFO - [2024-03-09T10:36:03.822+0000] {dagbag.py:540} INFO - Filling up the DagBag from /home/airflow/.local/lib/python3.8/site-packages/airflow/example_dags/tutorial_taskflow_api.py
[2024-03-09T10:36:03.829+0000] {processor.py:840} INFO - DAG(s) 'tutorial_taskflow_api' retrieved from /home/airflow/.local/lib/python3.8/site-packages/airflow/example_dags/tutorial_taskflow_api.py
[2024-03-09T10:36:03.850+0000] {logging_mixin.py:188} INFO - [2024-03-09T10:36:03.850+0000] {dag.py:3047} INFO - Sync 1 DAGs
[2024-03-09T10:36:03.864+0000] {logging_mixin.py:188} INFO - [2024-03-09T10:36:03.864+0000] {dag.py:3834} INFO - Setting next_dagrun for tutorial_taskflow_api to None, run_after=None
[2024-03-09T10:36:03.899+0000] {processor.py:183} INFO - Processing /home/airflow/.local/lib/python3.8/site-packages/airflow/example_dags/tutorial_taskflow_api.py took 0.084 seconds
[2024-03-09T10:36:34.192+0000] {processor.py:161} INFO - Started process (PID=702) to work on /home/airflow/.local/lib/python3.8/site-packages/airflow/example_dags/tutorial_taskflow_api.py
[2024-03-09T10:36:34.194+0000] {processor.py:830} INFO - Processing file /home/airflow/.local/lib/python3.8/site-packages/airflow/example_dags/tutorial_taskflow_api.py for tasks to queue
[2024-03-09T10:36:34.196+0000] {logging_mixin.py:188} INFO - [2024-03-09T10:36:34.195+0000] {dagbag.py:540} INFO - Filling up the DagBag from /home/airflow/.local/lib/python3.8/site-packages/airflow/example_dags/tutorial_taskflow_api.py
[2024-03-09T10:36:34.203+0000] {processor.py:840} INFO - DAG(s) 'tutorial_taskflow_api' retrieved from /home/airflow/.local/lib/python3.8/site-packages/airflow/example_dags/tutorial_taskflow_api.py
[2024-03-09T10:36:34.225+0000] {logging_mixin.py:188} INFO - [2024-03-09T10:36:34.225+0000] {dag.py:3047} INFO - Sync 1 DAGs
[2024-03-09T10:36:34.238+0000] {logging_mixin.py:188} INFO - [2024-03-09T10:36:34.238+0000] {dag.py:3834} INFO - Setting next_dagrun for tutorial_taskflow_api to None, run_after=None
[2024-03-09T10:36:34.272+0000] {processor.py:183} INFO - Processing /home/airflow/.local/lib/python3.8/site-packages/airflow/example_dags/tutorial_taskflow_api.py took 0.083 seconds
[2024-03-09T10:37:04.558+0000] {processor.py:161} INFO - Started process (PID=757) to work on /home/airflow/.local/lib/python3.8/site-packages/airflow/example_dags/tutorial_taskflow_api.py
[2024-03-09T10:37:04.560+0000] {processor.py:830} INFO - Processing file /home/airflow/.local/lib/python3.8/site-packages/airflow/example_dags/tutorial_taskflow_api.py for tasks to queue
[2024-03-09T10:37:04.562+0000] {logging_mixin.py:188} INFO - [2024-03-09T10:37:04.562+0000] {dagbag.py:540} INFO - Filling up the DagBag from /home/airflow/.local/lib/python3.8/site-packages/airflow/example_dags/tutorial_taskflow_api.py
[2024-03-09T10:37:04.572+0000] {processor.py:840} INFO - DAG(s) 'tutorial_taskflow_api' retrieved from /home/airflow/.local/lib/python3.8/site-packages/airflow/example_dags/tutorial_taskflow_api.py
[2024-03-09T10:37:04.608+0000] {logging_mixin.py:188} INFO - [2024-03-09T10:37:04.608+0000] {dag.py:3047} INFO - Sync 1 DAGs
[2024-03-09T10:37:04.630+0000] {logging_mixin.py:188} INFO - [2024-03-09T10:37:04.630+0000] {dag.py:3834} INFO - Setting next_dagrun for tutorial_taskflow_api to None, run_after=None
[2024-03-09T10:37:04.844+0000] {processor.py:183} INFO - Processing /home/airflow/.local/lib/python3.8/site-packages/airflow/example_dags/tutorial_taskflow_api.py took 0.291 seconds
[2024-03-09T10:37:35.365+0000] {processor.py:161} INFO - Started process (PID=812) to work on /home/airflow/.local/lib/python3.8/site-packages/airflow/example_dags/tutorial_taskflow_api.py
[2024-03-09T10:37:35.366+0000] {processor.py:830} INFO - Processing file /home/airflow/.local/lib/python3.8/site-packages/airflow/example_dags/tutorial_taskflow_api.py for tasks to queue
[2024-03-09T10:37:35.368+0000] {logging_mixin.py:188} INFO - [2024-03-09T10:37:35.367+0000] {dagbag.py:540} INFO - Filling up the DagBag from /home/airflow/.local/lib/python3.8/site-packages/airflow/example_dags/tutorial_taskflow_api.py
[2024-03-09T10:37:35.374+0000] {processor.py:840} INFO - DAG(s) 'tutorial_taskflow_api' retrieved from /home/airflow/.local/lib/python3.8/site-packages/airflow/example_dags/tutorial_taskflow_api.py
[2024-03-09T10:37:35.400+0000] {logging_mixin.py:188} INFO - [2024-03-09T10:37:35.400+0000] {dag.py:3047} INFO - Sync 1 DAGs
[2024-03-09T10:37:35.414+0000] {logging_mixin.py:188} INFO - [2024-03-09T10:37:35.414+0000] {dag.py:3834} INFO - Setting next_dagrun for tutorial_taskflow_api to None, run_after=None
[2024-03-09T10:37:35.443+0000] {processor.py:183} INFO - Processing /home/airflow/.local/lib/python3.8/site-packages/airflow/example_dags/tutorial_taskflow_api.py took 0.081 seconds
[2024-03-09T10:38:05.554+0000] {processor.py:161} INFO - Started process (PID=867) to work on /home/airflow/.local/lib/python3.8/site-packages/airflow/example_dags/tutorial_taskflow_api.py
[2024-03-09T10:38:05.577+0000] {processor.py:830} INFO - Processing file /home/airflow/.local/lib/python3.8/site-packages/airflow/example_dags/tutorial_taskflow_api.py for tasks to queue
[2024-03-09T10:38:05.580+0000] {logging_mixin.py:188} INFO - [2024-03-09T10:38:05.579+0000] {dagbag.py:540} INFO - Filling up the DagBag from /home/airflow/.local/lib/python3.8/site-packages/airflow/example_dags/tutorial_taskflow_api.py
[2024-03-09T10:38:05.588+0000] {processor.py:840} INFO - DAG(s) 'tutorial_taskflow_api' retrieved from /home/airflow/.local/lib/python3.8/site-packages/airflow/example_dags/tutorial_taskflow_api.py
[2024-03-09T10:38:05.610+0000] {logging_mixin.py:188} INFO - [2024-03-09T10:38:05.610+0000] {dag.py:3047} INFO - Sync 1 DAGs
[2024-03-09T10:38:05.628+0000] {logging_mixin.py:188} INFO - [2024-03-09T10:38:05.628+0000] {dag.py:3834} INFO - Setting next_dagrun for tutorial_taskflow_api to None, run_after=None
[2024-03-09T10:38:05.658+0000] {processor.py:183} INFO - Processing /home/airflow/.local/lib/python3.8/site-packages/airflow/example_dags/tutorial_taskflow_api.py took 0.107 seconds
[2024-03-09T10:38:36.091+0000] {processor.py:161} INFO - Started process (PID=922) to work on /home/airflow/.local/lib/python3.8/site-packages/airflow/example_dags/tutorial_taskflow_api.py
[2024-03-09T10:38:36.092+0000] {processor.py:830} INFO - Processing file /home/airflow/.local/lib/python3.8/site-packages/airflow/example_dags/tutorial_taskflow_api.py for tasks to queue
[2024-03-09T10:38:36.095+0000] {logging_mixin.py:188} INFO - [2024-03-09T10:38:36.095+0000] {dagbag.py:540} INFO - Filling up the DagBag from /home/airflow/.local/lib/python3.8/site-packages/airflow/example_dags/tutorial_taskflow_api.py
[2024-03-09T10:38:36.101+0000] {processor.py:840} INFO - DAG(s) 'tutorial_taskflow_api' retrieved from /home/airflow/.local/lib/python3.8/site-packages/airflow/example_dags/tutorial_taskflow_api.py
[2024-03-09T10:38:36.123+0000] {logging_mixin.py:188} INFO - [2024-03-09T10:38:36.123+0000] {dag.py:3047} INFO - Sync 1 DAGs
[2024-03-09T10:38:36.136+0000] {logging_mixin.py:188} INFO - [2024-03-09T10:38:36.136+0000] {dag.py:3834} INFO - Setting next_dagrun for tutorial_taskflow_api to None, run_after=None
[2024-03-09T10:38:36.165+0000] {processor.py:183} INFO - Processing /home/airflow/.local/lib/python3.8/site-packages/airflow/example_dags/tutorial_taskflow_api.py took 0.079 seconds
[2024-03-09T10:39:06.450+0000] {processor.py:161} INFO - Started process (PID=977) to work on /home/airflow/.local/lib/python3.8/site-packages/airflow/example_dags/tutorial_taskflow_api.py
[2024-03-09T10:39:06.451+0000] {processor.py:830} INFO - Processing file /home/airflow/.local/lib/python3.8/site-packages/airflow/example_dags/tutorial_taskflow_api.py for tasks to queue
[2024-03-09T10:39:06.454+0000] {logging_mixin.py:188} INFO - [2024-03-09T10:39:06.454+0000] {dagbag.py:540} INFO - Filling up the DagBag from /home/airflow/.local/lib/python3.8/site-packages/airflow/example_dags/tutorial_taskflow_api.py
[2024-03-09T10:39:06.460+0000] {processor.py:840} INFO - DAG(s) 'tutorial_taskflow_api' retrieved from /home/airflow/.local/lib/python3.8/site-packages/airflow/example_dags/tutorial_taskflow_api.py
[2024-03-09T10:39:06.483+0000] {logging_mixin.py:188} INFO - [2024-03-09T10:39:06.483+0000] {dag.py:3047} INFO - Sync 1 DAGs
[2024-03-09T10:39:06.498+0000] {logging_mixin.py:188} INFO - [2024-03-09T10:39:06.498+0000] {dag.py:3834} INFO - Setting next_dagrun for tutorial_taskflow_api to None, run_after=None
[2024-03-09T10:39:06.536+0000] {processor.py:183} INFO - Processing /home/airflow/.local/lib/python3.8/site-packages/airflow/example_dags/tutorial_taskflow_api.py took 0.088 seconds
[2024-03-09T10:39:36.886+0000] {processor.py:161} INFO - Started process (PID=1032) to work on /home/airflow/.local/lib/python3.8/site-packages/airflow/example_dags/tutorial_taskflow_api.py
[2024-03-09T10:39:36.888+0000] {processor.py:830} INFO - Processing file /home/airflow/.local/lib/python3.8/site-packages/airflow/example_dags/tutorial_taskflow_api.py for tasks to queue
[2024-03-09T10:39:36.891+0000] {logging_mixin.py:188} INFO - [2024-03-09T10:39:36.891+0000] {dagbag.py:540} INFO - Filling up the DagBag from /home/airflow/.local/lib/python3.8/site-packages/airflow/example_dags/tutorial_taskflow_api.py
[2024-03-09T10:39:36.901+0000] {processor.py:840} INFO - DAG(s) 'tutorial_taskflow_api' retrieved from /home/airflow/.local/lib/python3.8/site-packages/airflow/example_dags/tutorial_taskflow_api.py
[2024-03-09T10:39:36.931+0000] {logging_mixin.py:188} INFO - [2024-03-09T10:39:36.931+0000] {dag.py:3047} INFO - Sync 1 DAGs
[2024-03-09T10:39:36.950+0000] {logging_mixin.py:188} INFO - [2024-03-09T10:39:36.950+0000] {dag.py:3834} INFO - Setting next_dagrun for tutorial_taskflow_api to None, run_after=None
[2024-03-09T10:39:36.983+0000] {processor.py:183} INFO - Processing /home/airflow/.local/lib/python3.8/site-packages/airflow/example_dags/tutorial_taskflow_api.py took 0.102 seconds
[2024-03-09T10:40:07.206+0000] {processor.py:161} INFO - Started process (PID=1087) to work on /home/airflow/.local/lib/python3.8/site-packages/airflow/example_dags/tutorial_taskflow_api.py
[2024-03-09T10:40:07.207+0000] {processor.py:830} INFO - Processing file /home/airflow/.local/lib/python3.8/site-packages/airflow/example_dags/tutorial_taskflow_api.py for tasks to queue
[2024-03-09T10:40:07.210+0000] {logging_mixin.py:188} INFO - [2024-03-09T10:40:07.210+0000] {dagbag.py:540} INFO - Filling up the DagBag from /home/airflow/.local/lib/python3.8/site-packages/airflow/example_dags/tutorial_taskflow_api.py
[2024-03-09T10:40:07.219+0000] {processor.py:840} INFO - DAG(s) 'tutorial_taskflow_api' retrieved from /home/airflow/.local/lib/python3.8/site-packages/airflow/example_dags/tutorial_taskflow_api.py
[2024-03-09T10:40:07.248+0000] {logging_mixin.py:188} INFO - [2024-03-09T10:40:07.247+0000] {dag.py:3047} INFO - Sync 1 DAGs
[2024-03-09T10:40:07.267+0000] {logging_mixin.py:188} INFO - [2024-03-09T10:40:07.267+0000] {dag.py:3834} INFO - Setting next_dagrun for tutorial_taskflow_api to None, run_after=None
[2024-03-09T10:40:07.306+0000] {processor.py:183} INFO - Processing /home/airflow/.local/lib/python3.8/site-packages/airflow/example_dags/tutorial_taskflow_api.py took 0.103 seconds
[2024-03-09T10:40:37.790+0000] {processor.py:161} INFO - Started process (PID=1142) to work on /home/airflow/.local/lib/python3.8/site-packages/airflow/example_dags/tutorial_taskflow_api.py
[2024-03-09T10:40:37.791+0000] {processor.py:830} INFO - Processing file /home/airflow/.local/lib/python3.8/site-packages/airflow/example_dags/tutorial_taskflow_api.py for tasks to queue
[2024-03-09T10:40:37.794+0000] {logging_mixin.py:188} INFO - [2024-03-09T10:40:37.794+0000] {dagbag.py:540} INFO - Filling up the DagBag from /home/airflow/.local/lib/python3.8/site-packages/airflow/example_dags/tutorial_taskflow_api.py
[2024-03-09T10:40:37.803+0000] {processor.py:840} INFO - DAG(s) 'tutorial_taskflow_api' retrieved from /home/airflow/.local/lib/python3.8/site-packages/airflow/example_dags/tutorial_taskflow_api.py
[2024-03-09T10:40:37.827+0000] {logging_mixin.py:188} INFO - [2024-03-09T10:40:37.827+0000] {dag.py:3047} INFO - Sync 1 DAGs
[2024-03-09T10:40:37.841+0000] {logging_mixin.py:188} INFO - [2024-03-09T10:40:37.841+0000] {dag.py:3834} INFO - Setting next_dagrun for tutorial_taskflow_api to None, run_after=None
[2024-03-09T10:40:37.868+0000] {processor.py:183} INFO - Processing /home/airflow/.local/lib/python3.8/site-packages/airflow/example_dags/tutorial_taskflow_api.py took 0.083 seconds
[2024-03-09T10:41:07.929+0000] {processor.py:161} INFO - Started process (PID=1197) to work on /home/airflow/.local/lib/python3.8/site-packages/airflow/example_dags/tutorial_taskflow_api.py
[2024-03-09T10:41:07.930+0000] {processor.py:830} INFO - Processing file /home/airflow/.local/lib/python3.8/site-packages/airflow/example_dags/tutorial_taskflow_api.py for tasks to queue
[2024-03-09T10:41:07.932+0000] {logging_mixin.py:188} INFO - [2024-03-09T10:41:07.932+0000] {dagbag.py:540} INFO - Filling up the DagBag from /home/airflow/.local/lib/python3.8/site-packages/airflow/example_dags/tutorial_taskflow_api.py
[2024-03-09T10:41:07.939+0000] {processor.py:840} INFO - DAG(s) 'tutorial_taskflow_api' retrieved from /home/airflow/.local/lib/python3.8/site-packages/airflow/example_dags/tutorial_taskflow_api.py
[2024-03-09T10:41:07.963+0000] {logging_mixin.py:188} INFO - [2024-03-09T10:41:07.962+0000] {dag.py:3047} INFO - Sync 1 DAGs
[2024-03-09T10:41:07.978+0000] {logging_mixin.py:188} INFO - [2024-03-09T10:41:07.978+0000] {dag.py:3834} INFO - Setting next_dagrun for tutorial_taskflow_api to None, run_after=None
[2024-03-09T10:41:08.012+0000] {processor.py:183} INFO - Processing /home/airflow/.local/lib/python3.8/site-packages/airflow/example_dags/tutorial_taskflow_api.py took 0.087 seconds
[2024-03-09T10:41:38.120+0000] {processor.py:161} INFO - Started process (PID=1252) to work on /home/airflow/.local/lib/python3.8/site-packages/airflow/example_dags/tutorial_taskflow_api.py
[2024-03-09T10:41:38.122+0000] {processor.py:830} INFO - Processing file /home/airflow/.local/lib/python3.8/site-packages/airflow/example_dags/tutorial_taskflow_api.py for tasks to queue
[2024-03-09T10:41:38.124+0000] {logging_mixin.py:188} INFO - [2024-03-09T10:41:38.123+0000] {dagbag.py:540} INFO - Filling up the DagBag from /home/airflow/.local/lib/python3.8/site-packages/airflow/example_dags/tutorial_taskflow_api.py
[2024-03-09T10:41:38.131+0000] {processor.py:840} INFO - DAG(s) 'tutorial_taskflow_api' retrieved from /home/airflow/.local/lib/python3.8/site-packages/airflow/example_dags/tutorial_taskflow_api.py
[2024-03-09T10:41:38.158+0000] {logging_mixin.py:188} INFO - [2024-03-09T10:41:38.157+0000] {dag.py:3047} INFO - Sync 1 DAGs
[2024-03-09T10:41:38.173+0000] {logging_mixin.py:188} INFO - [2024-03-09T10:41:38.173+0000] {dag.py:3834} INFO - Setting next_dagrun for tutorial_taskflow_api to None, run_after=None
[2024-03-09T10:41:38.209+0000] {processor.py:183} INFO - Processing /home/airflow/.local/lib/python3.8/site-packages/airflow/example_dags/tutorial_taskflow_api.py took 0.092 seconds
[2024-03-09T10:42:08.364+0000] {processor.py:161} INFO - Started process (PID=1307) to work on /home/airflow/.local/lib/python3.8/site-packages/airflow/example_dags/tutorial_taskflow_api.py
[2024-03-09T10:42:08.365+0000] {processor.py:830} INFO - Processing file /home/airflow/.local/lib/python3.8/site-packages/airflow/example_dags/tutorial_taskflow_api.py for tasks to queue
[2024-03-09T10:42:08.367+0000] {logging_mixin.py:188} INFO - [2024-03-09T10:42:08.367+0000] {dagbag.py:540} INFO - Filling up the DagBag from /home/airflow/.local/lib/python3.8/site-packages/airflow/example_dags/tutorial_taskflow_api.py
[2024-03-09T10:42:08.373+0000] {processor.py:840} INFO - DAG(s) 'tutorial_taskflow_api' retrieved from /home/airflow/.local/lib/python3.8/site-packages/airflow/example_dags/tutorial_taskflow_api.py
[2024-03-09T10:42:08.394+0000] {logging_mixin.py:188} INFO - [2024-03-09T10:42:08.394+0000] {dag.py:3047} INFO - Sync 1 DAGs
[2024-03-09T10:42:08.407+0000] {logging_mixin.py:188} INFO - [2024-03-09T10:42:08.407+0000] {dag.py:3834} INFO - Setting next_dagrun for tutorial_taskflow_api to None, run_after=None
[2024-03-09T10:42:08.439+0000] {processor.py:183} INFO - Processing /home/airflow/.local/lib/python3.8/site-packages/airflow/example_dags/tutorial_taskflow_api.py took 0.078 seconds
[2024-03-09T10:42:38.857+0000] {processor.py:161} INFO - Started process (PID=1362) to work on /home/airflow/.local/lib/python3.8/site-packages/airflow/example_dags/tutorial_taskflow_api.py
[2024-03-09T10:42:38.859+0000] {processor.py:830} INFO - Processing file /home/airflow/.local/lib/python3.8/site-packages/airflow/example_dags/tutorial_taskflow_api.py for tasks to queue
[2024-03-09T10:42:38.860+0000] {logging_mixin.py:188} INFO - [2024-03-09T10:42:38.860+0000] {dagbag.py:540} INFO - Filling up the DagBag from /home/airflow/.local/lib/python3.8/site-packages/airflow/example_dags/tutorial_taskflow_api.py
[2024-03-09T10:42:38.866+0000] {processor.py:840} INFO - DAG(s) 'tutorial_taskflow_api' retrieved from /home/airflow/.local/lib/python3.8/site-packages/airflow/example_dags/tutorial_taskflow_api.py
[2024-03-09T10:42:38.889+0000] {logging_mixin.py:188} INFO - [2024-03-09T10:42:38.888+0000] {dag.py:3047} INFO - Sync 1 DAGs
[2024-03-09T10:42:38.902+0000] {logging_mixin.py:188} INFO - [2024-03-09T10:42:38.901+0000] {dag.py:3834} INFO - Setting next_dagrun for tutorial_taskflow_api to None, run_after=None
[2024-03-09T10:42:38.933+0000] {processor.py:183} INFO - Processing /home/airflow/.local/lib/python3.8/site-packages/airflow/example_dags/tutorial_taskflow_api.py took 0.079 seconds
[2024-03-09T10:43:09.002+0000] {processor.py:161} INFO - Started process (PID=1417) to work on /home/airflow/.local/lib/python3.8/site-packages/airflow/example_dags/tutorial_taskflow_api.py
[2024-03-09T10:43:09.003+0000] {processor.py:830} INFO - Processing file /home/airflow/.local/lib/python3.8/site-packages/airflow/example_dags/tutorial_taskflow_api.py for tasks to queue
[2024-03-09T10:43:09.005+0000] {logging_mixin.py:188} INFO - [2024-03-09T10:43:09.005+0000] {dagbag.py:540} INFO - Filling up the DagBag from /home/airflow/.local/lib/python3.8/site-packages/airflow/example_dags/tutorial_taskflow_api.py
[2024-03-09T10:43:09.011+0000] {processor.py:840} INFO - DAG(s) 'tutorial_taskflow_api' retrieved from /home/airflow/.local/lib/python3.8/site-packages/airflow/example_dags/tutorial_taskflow_api.py
[2024-03-09T10:43:09.034+0000] {logging_mixin.py:188} INFO - [2024-03-09T10:43:09.033+0000] {dag.py:3047} INFO - Sync 1 DAGs
[2024-03-09T10:43:09.047+0000] {logging_mixin.py:188} INFO - [2024-03-09T10:43:09.047+0000] {dag.py:3834} INFO - Setting next_dagrun for tutorial_taskflow_api to None, run_after=None
[2024-03-09T10:43:09.074+0000] {processor.py:183} INFO - Processing /home/airflow/.local/lib/python3.8/site-packages/airflow/example_dags/tutorial_taskflow_api.py took 0.075 seconds
[2024-03-09T10:43:39.455+0000] {processor.py:161} INFO - Started process (PID=1472) to work on /home/airflow/.local/lib/python3.8/site-packages/airflow/example_dags/tutorial_taskflow_api.py
[2024-03-09T10:43:39.456+0000] {processor.py:830} INFO - Processing file /home/airflow/.local/lib/python3.8/site-packages/airflow/example_dags/tutorial_taskflow_api.py for tasks to queue
[2024-03-09T10:43:39.458+0000] {logging_mixin.py:188} INFO - [2024-03-09T10:43:39.457+0000] {dagbag.py:540} INFO - Filling up the DagBag from /home/airflow/.local/lib/python3.8/site-packages/airflow/example_dags/tutorial_taskflow_api.py
[2024-03-09T10:43:39.464+0000] {processor.py:840} INFO - DAG(s) 'tutorial_taskflow_api' retrieved from /home/airflow/.local/lib/python3.8/site-packages/airflow/example_dags/tutorial_taskflow_api.py
[2024-03-09T10:43:39.489+0000] {logging_mixin.py:188} INFO - [2024-03-09T10:43:39.488+0000] {dag.py:3047} INFO - Sync 1 DAGs
[2024-03-09T10:43:39.502+0000] {logging_mixin.py:188} INFO - [2024-03-09T10:43:39.501+0000] {dag.py:3834} INFO - Setting next_dagrun for tutorial_taskflow_api to None, run_after=None
[2024-03-09T10:43:39.528+0000] {processor.py:183} INFO - Processing /home/airflow/.local/lib/python3.8/site-packages/airflow/example_dags/tutorial_taskflow_api.py took 0.076 seconds
[2024-03-09T10:44:09.854+0000] {processor.py:161} INFO - Started process (PID=1527) to work on /home/airflow/.local/lib/python3.8/site-packages/airflow/example_dags/tutorial_taskflow_api.py
[2024-03-09T10:44:09.856+0000] {processor.py:830} INFO - Processing file /home/airflow/.local/lib/python3.8/site-packages/airflow/example_dags/tutorial_taskflow_api.py for tasks to queue
[2024-03-09T10:44:09.859+0000] {logging_mixin.py:188} INFO - [2024-03-09T10:44:09.858+0000] {dagbag.py:540} INFO - Filling up the DagBag from /home/airflow/.local/lib/python3.8/site-packages/airflow/example_dags/tutorial_taskflow_api.py
[2024-03-09T10:44:09.883+0000] {processor.py:840} INFO - DAG(s) 'tutorial_taskflow_api' retrieved from /home/airflow/.local/lib/python3.8/site-packages/airflow/example_dags/tutorial_taskflow_api.py
[2024-03-09T10:44:09.930+0000] {logging_mixin.py:188} INFO - [2024-03-09T10:44:09.930+0000] {dag.py:3047} INFO - Sync 1 DAGs
[2024-03-09T10:44:09.945+0000] {logging_mixin.py:188} INFO - [2024-03-09T10:44:09.945+0000] {dag.py:3834} INFO - Setting next_dagrun for tutorial_taskflow_api to None, run_after=None
[2024-03-09T10:44:09.973+0000] {processor.py:183} INFO - Processing /home/airflow/.local/lib/python3.8/site-packages/airflow/example_dags/tutorial_taskflow_api.py took 0.124 seconds
[2024-03-09T10:44:40.010+0000] {processor.py:161} INFO - Started process (PID=1582) to work on /home/airflow/.local/lib/python3.8/site-packages/airflow/example_dags/tutorial_taskflow_api.py
[2024-03-09T10:44:40.012+0000] {processor.py:830} INFO - Processing file /home/airflow/.local/lib/python3.8/site-packages/airflow/example_dags/tutorial_taskflow_api.py for tasks to queue
[2024-03-09T10:44:40.015+0000] {logging_mixin.py:188} INFO - [2024-03-09T10:44:40.015+0000] {dagbag.py:540} INFO - Filling up the DagBag from /home/airflow/.local/lib/python3.8/site-packages/airflow/example_dags/tutorial_taskflow_api.py
[2024-03-09T10:44:40.025+0000] {processor.py:840} INFO - DAG(s) 'tutorial_taskflow_api' retrieved from /home/airflow/.local/lib/python3.8/site-packages/airflow/example_dags/tutorial_taskflow_api.py
[2024-03-09T10:44:40.052+0000] {logging_mixin.py:188} INFO - [2024-03-09T10:44:40.052+0000] {dag.py:3047} INFO - Sync 1 DAGs
[2024-03-09T10:44:40.070+0000] {logging_mixin.py:188} INFO - [2024-03-09T10:44:40.070+0000] {dag.py:3834} INFO - Setting next_dagrun for tutorial_taskflow_api to None, run_after=None
[2024-03-09T10:44:40.105+0000] {processor.py:183} INFO - Processing /home/airflow/.local/lib/python3.8/site-packages/airflow/example_dags/tutorial_taskflow_api.py took 0.100 seconds
[2024-03-09T10:45:10.252+0000] {processor.py:161} INFO - Started process (PID=1635) to work on /home/airflow/.local/lib/python3.8/site-packages/airflow/example_dags/tutorial_taskflow_api.py
[2024-03-09T10:45:10.253+0000] {processor.py:830} INFO - Processing file /home/airflow/.local/lib/python3.8/site-packages/airflow/example_dags/tutorial_taskflow_api.py for tasks to queue
[2024-03-09T10:45:10.255+0000] {logging_mixin.py:188} INFO - [2024-03-09T10:45:10.255+0000] {dagbag.py:540} INFO - Filling up the DagBag from /home/airflow/.local/lib/python3.8/site-packages/airflow/example_dags/tutorial_taskflow_api.py
[2024-03-09T10:45:10.261+0000] {processor.py:840} INFO - DAG(s) 'tutorial_taskflow_api' retrieved from /home/airflow/.local/lib/python3.8/site-packages/airflow/example_dags/tutorial_taskflow_api.py
[2024-03-09T10:45:10.286+0000] {logging_mixin.py:188} INFO - [2024-03-09T10:45:10.286+0000] {dag.py:3047} INFO - Sync 1 DAGs
[2024-03-09T10:45:10.300+0000] {logging_mixin.py:188} INFO - [2024-03-09T10:45:10.299+0000] {dag.py:3834} INFO - Setting next_dagrun for tutorial_taskflow_api to None, run_after=None
[2024-03-09T10:45:10.329+0000] {processor.py:183} INFO - Processing /home/airflow/.local/lib/python3.8/site-packages/airflow/example_dags/tutorial_taskflow_api.py took 0.081 seconds
[2024-03-09T10:45:40.519+0000] {processor.py:161} INFO - Started process (PID=1690) to work on /home/airflow/.local/lib/python3.8/site-packages/airflow/example_dags/tutorial_taskflow_api.py
[2024-03-09T10:45:40.520+0000] {processor.py:830} INFO - Processing file /home/airflow/.local/lib/python3.8/site-packages/airflow/example_dags/tutorial_taskflow_api.py for tasks to queue
[2024-03-09T10:45:40.522+0000] {logging_mixin.py:188} INFO - [2024-03-09T10:45:40.522+0000] {dagbag.py:540} INFO - Filling up the DagBag from /home/airflow/.local/lib/python3.8/site-packages/airflow/example_dags/tutorial_taskflow_api.py
[2024-03-09T10:45:40.528+0000] {processor.py:840} INFO - DAG(s) 'tutorial_taskflow_api' retrieved from /home/airflow/.local/lib/python3.8/site-packages/airflow/example_dags/tutorial_taskflow_api.py
[2024-03-09T10:45:40.550+0000] {logging_mixin.py:188} INFO - [2024-03-09T10:45:40.550+0000] {dag.py:3047} INFO - Sync 1 DAGs
[2024-03-09T10:45:40.565+0000] {logging_mixin.py:188} INFO - [2024-03-09T10:45:40.564+0000] {dag.py:3834} INFO - Setting next_dagrun for tutorial_taskflow_api to None, run_after=None
[2024-03-09T10:45:40.592+0000] {processor.py:183} INFO - Processing /home/airflow/.local/lib/python3.8/site-packages/airflow/example_dags/tutorial_taskflow_api.py took 0.076 seconds
