[2024-03-09T10:30:37.168+0000] {processor.py:161} INFO - Started process (PID=68) to work on /home/airflow/.local/lib/python3.8/site-packages/airflow/example_dags/tutorial.py
[2024-03-09T10:30:37.170+0000] {processor.py:830} INFO - Processing file /home/airflow/.local/lib/python3.8/site-packages/airflow/example_dags/tutorial.py for tasks to queue
[2024-03-09T10:30:37.173+0000] {logging_mixin.py:188} INFO - [2024-03-09T10:30:37.173+0000] {dagbag.py:540} INFO - Filling up the DagBag from /home/airflow/.local/lib/python3.8/site-packages/airflow/example_dags/tutorial.py
[2024-03-09T10:30:37.185+0000] {processor.py:840} INFO - DAG(s) 'tutorial' retrieved from /home/airflow/.local/lib/python3.8/site-packages/airflow/example_dags/tutorial.py
[2024-03-09T10:30:37.344+0000] {logging_mixin.py:188} INFO - [2024-03-09T10:30:37.343+0000] {dag.py:3047} INFO - Sync 1 DAGs
[2024-03-09T10:30:37.379+0000] {logging_mixin.py:188} INFO - [2024-03-09T10:30:37.379+0000] {dag.py:3834} INFO - Setting next_dagrun for tutorial to 2024-03-08 00:00:00+00:00, run_after=2024-03-09 00:00:00+00:00
[2024-03-09T10:30:37.410+0000] {processor.py:183} INFO - Processing /home/airflow/.local/lib/python3.8/site-packages/airflow/example_dags/tutorial.py took 0.245 seconds
[2024-03-09T10:31:07.827+0000] {processor.py:161} INFO - Started process (PID=123) to work on /home/airflow/.local/lib/python3.8/site-packages/airflow/example_dags/tutorial.py
[2024-03-09T10:31:07.828+0000] {processor.py:830} INFO - Processing file /home/airflow/.local/lib/python3.8/site-packages/airflow/example_dags/tutorial.py for tasks to queue
[2024-03-09T10:31:07.831+0000] {logging_mixin.py:188} INFO - [2024-03-09T10:31:07.830+0000] {dagbag.py:540} INFO - Filling up the DagBag from /home/airflow/.local/lib/python3.8/site-packages/airflow/example_dags/tutorial.py
[2024-03-09T10:31:07.838+0000] {processor.py:840} INFO - DAG(s) 'tutorial' retrieved from /home/airflow/.local/lib/python3.8/site-packages/airflow/example_dags/tutorial.py
[2024-03-09T10:31:07.864+0000] {logging_mixin.py:188} INFO - [2024-03-09T10:31:07.864+0000] {dag.py:3047} INFO - Sync 1 DAGs
[2024-03-09T10:31:07.891+0000] {logging_mixin.py:188} INFO - [2024-03-09T10:31:07.891+0000] {dag.py:3834} INFO - Setting next_dagrun for tutorial to 2024-03-08 00:00:00+00:00, run_after=2024-03-09 00:00:00+00:00
[2024-03-09T10:31:07.917+0000] {processor.py:183} INFO - Processing /home/airflow/.local/lib/python3.8/site-packages/airflow/example_dags/tutorial.py took 0.095 seconds
[2024-03-09T10:31:38.670+0000] {processor.py:161} INFO - Started process (PID=178) to work on /home/airflow/.local/lib/python3.8/site-packages/airflow/example_dags/tutorial.py
[2024-03-09T10:31:38.672+0000] {processor.py:830} INFO - Processing file /home/airflow/.local/lib/python3.8/site-packages/airflow/example_dags/tutorial.py for tasks to queue
[2024-03-09T10:31:38.676+0000] {logging_mixin.py:188} INFO - [2024-03-09T10:31:38.676+0000] {dagbag.py:540} INFO - Filling up the DagBag from /home/airflow/.local/lib/python3.8/site-packages/airflow/example_dags/tutorial.py
[2024-03-09T10:31:38.688+0000] {processor.py:840} INFO - DAG(s) 'tutorial' retrieved from /home/airflow/.local/lib/python3.8/site-packages/airflow/example_dags/tutorial.py
[2024-03-09T10:31:38.726+0000] {logging_mixin.py:188} INFO - [2024-03-09T10:31:38.726+0000] {dag.py:3047} INFO - Sync 1 DAGs
[2024-03-09T10:31:38.778+0000] {logging_mixin.py:188} INFO - [2024-03-09T10:31:38.777+0000] {dag.py:3834} INFO - Setting next_dagrun for tutorial to 2024-03-08 00:00:00+00:00, run_after=2024-03-09 00:00:00+00:00
[2024-03-09T10:31:38.846+0000] {processor.py:183} INFO - Processing /home/airflow/.local/lib/python3.8/site-packages/airflow/example_dags/tutorial.py took 0.182 seconds
[2024-03-09T10:32:09.363+0000] {processor.py:161} INFO - Started process (PID=233) to work on /home/airflow/.local/lib/python3.8/site-packages/airflow/example_dags/tutorial.py
[2024-03-09T10:32:09.364+0000] {processor.py:830} INFO - Processing file /home/airflow/.local/lib/python3.8/site-packages/airflow/example_dags/tutorial.py for tasks to queue
[2024-03-09T10:32:09.367+0000] {logging_mixin.py:188} INFO - [2024-03-09T10:32:09.366+0000] {dagbag.py:540} INFO - Filling up the DagBag from /home/airflow/.local/lib/python3.8/site-packages/airflow/example_dags/tutorial.py
[2024-03-09T10:32:09.372+0000] {processor.py:840} INFO - DAG(s) 'tutorial' retrieved from /home/airflow/.local/lib/python3.8/site-packages/airflow/example_dags/tutorial.py
[2024-03-09T10:32:09.404+0000] {logging_mixin.py:188} INFO - [2024-03-09T10:32:09.403+0000] {dag.py:3047} INFO - Sync 1 DAGs
[2024-03-09T10:32:09.435+0000] {logging_mixin.py:188} INFO - [2024-03-09T10:32:09.434+0000] {dag.py:3834} INFO - Setting next_dagrun for tutorial to 2024-03-08 00:00:00+00:00, run_after=2024-03-09 00:00:00+00:00
[2024-03-09T10:32:09.462+0000] {processor.py:183} INFO - Processing /home/airflow/.local/lib/python3.8/site-packages/airflow/example_dags/tutorial.py took 0.102 seconds
[2024-03-09T10:32:39.929+0000] {processor.py:161} INFO - Started process (PID=288) to work on /home/airflow/.local/lib/python3.8/site-packages/airflow/example_dags/tutorial.py
[2024-03-09T10:32:39.931+0000] {processor.py:830} INFO - Processing file /home/airflow/.local/lib/python3.8/site-packages/airflow/example_dags/tutorial.py for tasks to queue
[2024-03-09T10:32:39.933+0000] {logging_mixin.py:188} INFO - [2024-03-09T10:32:39.933+0000] {dagbag.py:540} INFO - Filling up the DagBag from /home/airflow/.local/lib/python3.8/site-packages/airflow/example_dags/tutorial.py
[2024-03-09T10:32:39.939+0000] {processor.py:840} INFO - DAG(s) 'tutorial' retrieved from /home/airflow/.local/lib/python3.8/site-packages/airflow/example_dags/tutorial.py
[2024-03-09T10:32:39.963+0000] {logging_mixin.py:188} INFO - [2024-03-09T10:32:39.963+0000] {dag.py:3047} INFO - Sync 1 DAGs
[2024-03-09T10:32:39.990+0000] {logging_mixin.py:188} INFO - [2024-03-09T10:32:39.990+0000] {dag.py:3834} INFO - Setting next_dagrun for tutorial to 2024-03-08 00:00:00+00:00, run_after=2024-03-09 00:00:00+00:00
[2024-03-09T10:32:40.021+0000] {processor.py:183} INFO - Processing /home/airflow/.local/lib/python3.8/site-packages/airflow/example_dags/tutorial.py took 0.095 seconds
[2024-03-09T10:33:10.245+0000] {processor.py:161} INFO - Started process (PID=343) to work on /home/airflow/.local/lib/python3.8/site-packages/airflow/example_dags/tutorial.py
[2024-03-09T10:33:10.247+0000] {processor.py:830} INFO - Processing file /home/airflow/.local/lib/python3.8/site-packages/airflow/example_dags/tutorial.py for tasks to queue
[2024-03-09T10:33:10.249+0000] {logging_mixin.py:188} INFO - [2024-03-09T10:33:10.249+0000] {dagbag.py:540} INFO - Filling up the DagBag from /home/airflow/.local/lib/python3.8/site-packages/airflow/example_dags/tutorial.py
[2024-03-09T10:33:10.255+0000] {processor.py:840} INFO - DAG(s) 'tutorial' retrieved from /home/airflow/.local/lib/python3.8/site-packages/airflow/example_dags/tutorial.py
[2024-03-09T10:33:10.280+0000] {logging_mixin.py:188} INFO - [2024-03-09T10:33:10.280+0000] {dag.py:3047} INFO - Sync 1 DAGs
[2024-03-09T10:33:10.309+0000] {logging_mixin.py:188} INFO - [2024-03-09T10:33:10.308+0000] {dag.py:3834} INFO - Setting next_dagrun for tutorial to 2024-03-08 00:00:00+00:00, run_after=2024-03-09 00:00:00+00:00
[2024-03-09T10:33:10.339+0000] {processor.py:183} INFO - Processing /home/airflow/.local/lib/python3.8/site-packages/airflow/example_dags/tutorial.py took 0.097 seconds
[2024-03-09T10:33:40.748+0000] {processor.py:161} INFO - Started process (PID=398) to work on /home/airflow/.local/lib/python3.8/site-packages/airflow/example_dags/tutorial.py
[2024-03-09T10:33:40.749+0000] {processor.py:830} INFO - Processing file /home/airflow/.local/lib/python3.8/site-packages/airflow/example_dags/tutorial.py for tasks to queue
[2024-03-09T10:33:40.752+0000] {logging_mixin.py:188} INFO - [2024-03-09T10:33:40.752+0000] {dagbag.py:540} INFO - Filling up the DagBag from /home/airflow/.local/lib/python3.8/site-packages/airflow/example_dags/tutorial.py
[2024-03-09T10:33:40.758+0000] {processor.py:840} INFO - DAG(s) 'tutorial' retrieved from /home/airflow/.local/lib/python3.8/site-packages/airflow/example_dags/tutorial.py
[2024-03-09T10:33:40.782+0000] {logging_mixin.py:188} INFO - [2024-03-09T10:33:40.781+0000] {dag.py:3047} INFO - Sync 1 DAGs
[2024-03-09T10:33:40.807+0000] {logging_mixin.py:188} INFO - [2024-03-09T10:33:40.806+0000] {dag.py:3834} INFO - Setting next_dagrun for tutorial to 2024-03-08 00:00:00+00:00, run_after=2024-03-09 00:00:00+00:00
[2024-03-09T10:33:40.835+0000] {processor.py:183} INFO - Processing /home/airflow/.local/lib/python3.8/site-packages/airflow/example_dags/tutorial.py took 0.091 seconds
[2024-03-09T10:34:11.097+0000] {processor.py:161} INFO - Started process (PID=453) to work on /home/airflow/.local/lib/python3.8/site-packages/airflow/example_dags/tutorial.py
[2024-03-09T10:34:11.098+0000] {processor.py:830} INFO - Processing file /home/airflow/.local/lib/python3.8/site-packages/airflow/example_dags/tutorial.py for tasks to queue
[2024-03-09T10:34:11.100+0000] {logging_mixin.py:188} INFO - [2024-03-09T10:34:11.100+0000] {dagbag.py:540} INFO - Filling up the DagBag from /home/airflow/.local/lib/python3.8/site-packages/airflow/example_dags/tutorial.py
[2024-03-09T10:34:11.107+0000] {processor.py:840} INFO - DAG(s) 'tutorial' retrieved from /home/airflow/.local/lib/python3.8/site-packages/airflow/example_dags/tutorial.py
[2024-03-09T10:34:11.132+0000] {logging_mixin.py:188} INFO - [2024-03-09T10:34:11.132+0000] {dag.py:3047} INFO - Sync 1 DAGs
[2024-03-09T10:34:11.160+0000] {logging_mixin.py:188} INFO - [2024-03-09T10:34:11.160+0000] {dag.py:3834} INFO - Setting next_dagrun for tutorial to 2024-03-08 00:00:00+00:00, run_after=2024-03-09 00:00:00+00:00
[2024-03-09T10:34:11.195+0000] {processor.py:183} INFO - Processing /home/airflow/.local/lib/python3.8/site-packages/airflow/example_dags/tutorial.py took 0.101 seconds
[2024-03-09T10:34:41.566+0000] {processor.py:161} INFO - Started process (PID=508) to work on /home/airflow/.local/lib/python3.8/site-packages/airflow/example_dags/tutorial.py
[2024-03-09T10:34:41.567+0000] {processor.py:830} INFO - Processing file /home/airflow/.local/lib/python3.8/site-packages/airflow/example_dags/tutorial.py for tasks to queue
[2024-03-09T10:34:41.569+0000] {logging_mixin.py:188} INFO - [2024-03-09T10:34:41.568+0000] {dagbag.py:540} INFO - Filling up the DagBag from /home/airflow/.local/lib/python3.8/site-packages/airflow/example_dags/tutorial.py
[2024-03-09T10:34:41.575+0000] {processor.py:840} INFO - DAG(s) 'tutorial' retrieved from /home/airflow/.local/lib/python3.8/site-packages/airflow/example_dags/tutorial.py
[2024-03-09T10:34:41.598+0000] {logging_mixin.py:188} INFO - [2024-03-09T10:34:41.597+0000] {dag.py:3047} INFO - Sync 1 DAGs
[2024-03-09T10:34:41.623+0000] {logging_mixin.py:188} INFO - [2024-03-09T10:34:41.623+0000] {dag.py:3834} INFO - Setting next_dagrun for tutorial to 2024-03-08 00:00:00+00:00, run_after=2024-03-09 00:00:00+00:00
[2024-03-09T10:34:41.653+0000] {processor.py:183} INFO - Processing /home/airflow/.local/lib/python3.8/site-packages/airflow/example_dags/tutorial.py took 0.090 seconds
[2024-03-09T10:35:11.893+0000] {processor.py:161} INFO - Started process (PID=563) to work on /home/airflow/.local/lib/python3.8/site-packages/airflow/example_dags/tutorial.py
[2024-03-09T10:35:11.894+0000] {processor.py:830} INFO - Processing file /home/airflow/.local/lib/python3.8/site-packages/airflow/example_dags/tutorial.py for tasks to queue
[2024-03-09T10:35:11.896+0000] {logging_mixin.py:188} INFO - [2024-03-09T10:35:11.896+0000] {dagbag.py:540} INFO - Filling up the DagBag from /home/airflow/.local/lib/python3.8/site-packages/airflow/example_dags/tutorial.py
[2024-03-09T10:35:11.904+0000] {processor.py:840} INFO - DAG(s) 'tutorial' retrieved from /home/airflow/.local/lib/python3.8/site-packages/airflow/example_dags/tutorial.py
[2024-03-09T10:35:11.929+0000] {logging_mixin.py:188} INFO - [2024-03-09T10:35:11.929+0000] {dag.py:3047} INFO - Sync 1 DAGs
[2024-03-09T10:35:11.955+0000] {logging_mixin.py:188} INFO - [2024-03-09T10:35:11.955+0000] {dag.py:3834} INFO - Setting next_dagrun for tutorial to 2024-03-08 00:00:00+00:00, run_after=2024-03-09 00:00:00+00:00
[2024-03-09T10:35:11.984+0000] {processor.py:183} INFO - Processing /home/airflow/.local/lib/python3.8/site-packages/airflow/example_dags/tutorial.py took 0.095 seconds
[2024-03-09T10:35:42.396+0000] {processor.py:161} INFO - Started process (PID=618) to work on /home/airflow/.local/lib/python3.8/site-packages/airflow/example_dags/tutorial.py
[2024-03-09T10:35:42.397+0000] {processor.py:830} INFO - Processing file /home/airflow/.local/lib/python3.8/site-packages/airflow/example_dags/tutorial.py for tasks to queue
[2024-03-09T10:35:42.400+0000] {logging_mixin.py:188} INFO - [2024-03-09T10:35:42.399+0000] {dagbag.py:540} INFO - Filling up the DagBag from /home/airflow/.local/lib/python3.8/site-packages/airflow/example_dags/tutorial.py
[2024-03-09T10:35:42.406+0000] {processor.py:840} INFO - DAG(s) 'tutorial' retrieved from /home/airflow/.local/lib/python3.8/site-packages/airflow/example_dags/tutorial.py
[2024-03-09T10:35:42.430+0000] {logging_mixin.py:188} INFO - [2024-03-09T10:35:42.430+0000] {dag.py:3047} INFO - Sync 1 DAGs
[2024-03-09T10:35:42.465+0000] {logging_mixin.py:188} INFO - [2024-03-09T10:35:42.464+0000] {dag.py:3834} INFO - Setting next_dagrun for tutorial to 2024-03-08 00:00:00+00:00, run_after=2024-03-09 00:00:00+00:00
[2024-03-09T10:35:42.497+0000] {processor.py:183} INFO - Processing /home/airflow/.local/lib/python3.8/site-packages/airflow/example_dags/tutorial.py took 0.104 seconds
[2024-03-09T10:36:13.444+0000] {processor.py:161} INFO - Started process (PID=673) to work on /home/airflow/.local/lib/python3.8/site-packages/airflow/example_dags/tutorial.py
[2024-03-09T10:36:13.445+0000] {processor.py:830} INFO - Processing file /home/airflow/.local/lib/python3.8/site-packages/airflow/example_dags/tutorial.py for tasks to queue
[2024-03-09T10:36:13.447+0000] {logging_mixin.py:188} INFO - [2024-03-09T10:36:13.446+0000] {dagbag.py:540} INFO - Filling up the DagBag from /home/airflow/.local/lib/python3.8/site-packages/airflow/example_dags/tutorial.py
[2024-03-09T10:36:13.453+0000] {processor.py:840} INFO - DAG(s) 'tutorial' retrieved from /home/airflow/.local/lib/python3.8/site-packages/airflow/example_dags/tutorial.py
[2024-03-09T10:36:13.477+0000] {logging_mixin.py:188} INFO - [2024-03-09T10:36:13.476+0000] {dag.py:3047} INFO - Sync 1 DAGs
[2024-03-09T10:36:13.501+0000] {logging_mixin.py:188} INFO - [2024-03-09T10:36:13.501+0000] {dag.py:3834} INFO - Setting next_dagrun for tutorial to 2024-03-08 00:00:00+00:00, run_after=2024-03-09 00:00:00+00:00
[2024-03-09T10:36:13.527+0000] {processor.py:183} INFO - Processing /home/airflow/.local/lib/python3.8/site-packages/airflow/example_dags/tutorial.py took 0.086 seconds
[2024-03-09T10:36:43.838+0000] {processor.py:161} INFO - Started process (PID=728) to work on /home/airflow/.local/lib/python3.8/site-packages/airflow/example_dags/tutorial.py
[2024-03-09T10:36:43.840+0000] {processor.py:830} INFO - Processing file /home/airflow/.local/lib/python3.8/site-packages/airflow/example_dags/tutorial.py for tasks to queue
[2024-03-09T10:36:43.841+0000] {logging_mixin.py:188} INFO - [2024-03-09T10:36:43.841+0000] {dagbag.py:540} INFO - Filling up the DagBag from /home/airflow/.local/lib/python3.8/site-packages/airflow/example_dags/tutorial.py
[2024-03-09T10:36:43.847+0000] {processor.py:840} INFO - DAG(s) 'tutorial' retrieved from /home/airflow/.local/lib/python3.8/site-packages/airflow/example_dags/tutorial.py
[2024-03-09T10:36:43.871+0000] {logging_mixin.py:188} INFO - [2024-03-09T10:36:43.870+0000] {dag.py:3047} INFO - Sync 1 DAGs
[2024-03-09T10:36:43.901+0000] {logging_mixin.py:188} INFO - [2024-03-09T10:36:43.900+0000] {dag.py:3834} INFO - Setting next_dagrun for tutorial to 2024-03-08 00:00:00+00:00, run_after=2024-03-09 00:00:00+00:00
[2024-03-09T10:36:43.930+0000] {processor.py:183} INFO - Processing /home/airflow/.local/lib/python3.8/site-packages/airflow/example_dags/tutorial.py took 0.095 seconds
[2024-03-09T10:37:14.718+0000] {processor.py:161} INFO - Started process (PID=783) to work on /home/airflow/.local/lib/python3.8/site-packages/airflow/example_dags/tutorial.py
[2024-03-09T10:37:14.719+0000] {processor.py:830} INFO - Processing file /home/airflow/.local/lib/python3.8/site-packages/airflow/example_dags/tutorial.py for tasks to queue
[2024-03-09T10:37:14.721+0000] {logging_mixin.py:188} INFO - [2024-03-09T10:37:14.721+0000] {dagbag.py:540} INFO - Filling up the DagBag from /home/airflow/.local/lib/python3.8/site-packages/airflow/example_dags/tutorial.py
[2024-03-09T10:37:14.727+0000] {processor.py:840} INFO - DAG(s) 'tutorial' retrieved from /home/airflow/.local/lib/python3.8/site-packages/airflow/example_dags/tutorial.py
[2024-03-09T10:37:14.751+0000] {logging_mixin.py:188} INFO - [2024-03-09T10:37:14.751+0000] {dag.py:3047} INFO - Sync 1 DAGs
[2024-03-09T10:37:14.777+0000] {logging_mixin.py:188} INFO - [2024-03-09T10:37:14.777+0000] {dag.py:3834} INFO - Setting next_dagrun for tutorial to 2024-03-08 00:00:00+00:00, run_after=2024-03-09 00:00:00+00:00
[2024-03-09T10:37:14.816+0000] {processor.py:183} INFO - Processing /home/airflow/.local/lib/python3.8/site-packages/airflow/example_dags/tutorial.py took 0.101 seconds
[2024-03-09T10:37:45.100+0000] {processor.py:161} INFO - Started process (PID=838) to work on /home/airflow/.local/lib/python3.8/site-packages/airflow/example_dags/tutorial.py
[2024-03-09T10:37:45.102+0000] {processor.py:830} INFO - Processing file /home/airflow/.local/lib/python3.8/site-packages/airflow/example_dags/tutorial.py for tasks to queue
[2024-03-09T10:37:45.104+0000] {logging_mixin.py:188} INFO - [2024-03-09T10:37:45.103+0000] {dagbag.py:540} INFO - Filling up the DagBag from /home/airflow/.local/lib/python3.8/site-packages/airflow/example_dags/tutorial.py
[2024-03-09T10:37:45.109+0000] {processor.py:840} INFO - DAG(s) 'tutorial' retrieved from /home/airflow/.local/lib/python3.8/site-packages/airflow/example_dags/tutorial.py
[2024-03-09T10:37:45.132+0000] {logging_mixin.py:188} INFO - [2024-03-09T10:37:45.132+0000] {dag.py:3047} INFO - Sync 1 DAGs
[2024-03-09T10:37:45.158+0000] {logging_mixin.py:188} INFO - [2024-03-09T10:37:45.158+0000] {dag.py:3834} INFO - Setting next_dagrun for tutorial to 2024-03-08 00:00:00+00:00, run_after=2024-03-09 00:00:00+00:00
[2024-03-09T10:37:45.191+0000] {processor.py:183} INFO - Processing /home/airflow/.local/lib/python3.8/site-packages/airflow/example_dags/tutorial.py took 0.093 seconds
[2024-03-09T10:38:15.710+0000] {processor.py:161} INFO - Started process (PID=893) to work on /home/airflow/.local/lib/python3.8/site-packages/airflow/example_dags/tutorial.py
[2024-03-09T10:38:15.711+0000] {processor.py:830} INFO - Processing file /home/airflow/.local/lib/python3.8/site-packages/airflow/example_dags/tutorial.py for tasks to queue
[2024-03-09T10:38:15.713+0000] {logging_mixin.py:188} INFO - [2024-03-09T10:38:15.713+0000] {dagbag.py:540} INFO - Filling up the DagBag from /home/airflow/.local/lib/python3.8/site-packages/airflow/example_dags/tutorial.py
[2024-03-09T10:38:15.720+0000] {processor.py:840} INFO - DAG(s) 'tutorial' retrieved from /home/airflow/.local/lib/python3.8/site-packages/airflow/example_dags/tutorial.py
[2024-03-09T10:38:15.741+0000] {logging_mixin.py:188} INFO - [2024-03-09T10:38:15.740+0000] {dag.py:3047} INFO - Sync 1 DAGs
[2024-03-09T10:38:15.764+0000] {logging_mixin.py:188} INFO - [2024-03-09T10:38:15.764+0000] {dag.py:3834} INFO - Setting next_dagrun for tutorial to 2024-03-08 00:00:00+00:00, run_after=2024-03-09 00:00:00+00:00
[2024-03-09T10:38:15.794+0000] {processor.py:183} INFO - Processing /home/airflow/.local/lib/python3.8/site-packages/airflow/example_dags/tutorial.py took 0.088 seconds
[2024-03-09T10:38:46.736+0000] {processor.py:161} INFO - Started process (PID=948) to work on /home/airflow/.local/lib/python3.8/site-packages/airflow/example_dags/tutorial.py
[2024-03-09T10:38:46.737+0000] {processor.py:830} INFO - Processing file /home/airflow/.local/lib/python3.8/site-packages/airflow/example_dags/tutorial.py for tasks to queue
[2024-03-09T10:38:46.740+0000] {logging_mixin.py:188} INFO - [2024-03-09T10:38:46.739+0000] {dagbag.py:540} INFO - Filling up the DagBag from /home/airflow/.local/lib/python3.8/site-packages/airflow/example_dags/tutorial.py
[2024-03-09T10:38:46.748+0000] {processor.py:840} INFO - DAG(s) 'tutorial' retrieved from /home/airflow/.local/lib/python3.8/site-packages/airflow/example_dags/tutorial.py
[2024-03-09T10:38:46.775+0000] {logging_mixin.py:188} INFO - [2024-03-09T10:38:46.775+0000] {dag.py:3047} INFO - Sync 1 DAGs
[2024-03-09T10:38:46.812+0000] {logging_mixin.py:188} INFO - [2024-03-09T10:38:46.812+0000] {dag.py:3834} INFO - Setting next_dagrun for tutorial to 2024-03-08 00:00:00+00:00, run_after=2024-03-09 00:00:00+00:00
[2024-03-09T10:38:46.903+0000] {processor.py:183} INFO - Processing /home/airflow/.local/lib/python3.8/site-packages/airflow/example_dags/tutorial.py took 0.172 seconds
[2024-03-09T10:39:17.741+0000] {processor.py:161} INFO - Started process (PID=1003) to work on /home/airflow/.local/lib/python3.8/site-packages/airflow/example_dags/tutorial.py
[2024-03-09T10:39:17.743+0000] {processor.py:830} INFO - Processing file /home/airflow/.local/lib/python3.8/site-packages/airflow/example_dags/tutorial.py for tasks to queue
[2024-03-09T10:39:17.746+0000] {logging_mixin.py:188} INFO - [2024-03-09T10:39:17.745+0000] {dagbag.py:540} INFO - Filling up the DagBag from /home/airflow/.local/lib/python3.8/site-packages/airflow/example_dags/tutorial.py
[2024-03-09T10:39:17.757+0000] {processor.py:840} INFO - DAG(s) 'tutorial' retrieved from /home/airflow/.local/lib/python3.8/site-packages/airflow/example_dags/tutorial.py
[2024-03-09T10:39:17.805+0000] {logging_mixin.py:188} INFO - [2024-03-09T10:39:17.804+0000] {dag.py:3047} INFO - Sync 1 DAGs
[2024-03-09T10:39:17.857+0000] {logging_mixin.py:188} INFO - [2024-03-09T10:39:17.857+0000] {dag.py:3834} INFO - Setting next_dagrun for tutorial to 2024-03-08 00:00:00+00:00, run_after=2024-03-09 00:00:00+00:00
[2024-03-09T10:39:18.280+0000] {processor.py:183} INFO - Processing /home/airflow/.local/lib/python3.8/site-packages/airflow/example_dags/tutorial.py took 0.542 seconds
[2024-03-09T10:39:48.819+0000] {processor.py:161} INFO - Started process (PID=1058) to work on /home/airflow/.local/lib/python3.8/site-packages/airflow/example_dags/tutorial.py
[2024-03-09T10:39:48.821+0000] {processor.py:830} INFO - Processing file /home/airflow/.local/lib/python3.8/site-packages/airflow/example_dags/tutorial.py for tasks to queue
[2024-03-09T10:39:48.823+0000] {logging_mixin.py:188} INFO - [2024-03-09T10:39:48.823+0000] {dagbag.py:540} INFO - Filling up the DagBag from /home/airflow/.local/lib/python3.8/site-packages/airflow/example_dags/tutorial.py
[2024-03-09T10:39:48.830+0000] {processor.py:840} INFO - DAG(s) 'tutorial' retrieved from /home/airflow/.local/lib/python3.8/site-packages/airflow/example_dags/tutorial.py
[2024-03-09T10:39:48.854+0000] {logging_mixin.py:188} INFO - [2024-03-09T10:39:48.854+0000] {dag.py:3047} INFO - Sync 1 DAGs
[2024-03-09T10:39:48.883+0000] {logging_mixin.py:188} INFO - [2024-03-09T10:39:48.883+0000] {dag.py:3834} INFO - Setting next_dagrun for tutorial to 2024-03-08 00:00:00+00:00, run_after=2024-03-09 00:00:00+00:00
[2024-03-09T10:39:48.936+0000] {processor.py:183} INFO - Processing /home/airflow/.local/lib/python3.8/site-packages/airflow/example_dags/tutorial.py took 0.120 seconds
[2024-03-09T10:40:19.080+0000] {processor.py:161} INFO - Started process (PID=1113) to work on /home/airflow/.local/lib/python3.8/site-packages/airflow/example_dags/tutorial.py
[2024-03-09T10:40:19.081+0000] {processor.py:830} INFO - Processing file /home/airflow/.local/lib/python3.8/site-packages/airflow/example_dags/tutorial.py for tasks to queue
[2024-03-09T10:40:19.083+0000] {logging_mixin.py:188} INFO - [2024-03-09T10:40:19.082+0000] {dagbag.py:540} INFO - Filling up the DagBag from /home/airflow/.local/lib/python3.8/site-packages/airflow/example_dags/tutorial.py
[2024-03-09T10:40:19.090+0000] {processor.py:840} INFO - DAG(s) 'tutorial' retrieved from /home/airflow/.local/lib/python3.8/site-packages/airflow/example_dags/tutorial.py
[2024-03-09T10:40:19.111+0000] {logging_mixin.py:188} INFO - [2024-03-09T10:40:19.111+0000] {dag.py:3047} INFO - Sync 1 DAGs
[2024-03-09T10:40:19.136+0000] {logging_mixin.py:188} INFO - [2024-03-09T10:40:19.135+0000] {dag.py:3834} INFO - Setting next_dagrun for tutorial to 2024-03-08 00:00:00+00:00, run_after=2024-03-09 00:00:00+00:00
[2024-03-09T10:40:19.162+0000] {processor.py:183} INFO - Processing /home/airflow/.local/lib/python3.8/site-packages/airflow/example_dags/tutorial.py took 0.085 seconds
[2024-03-09T10:40:49.820+0000] {processor.py:161} INFO - Started process (PID=1168) to work on /home/airflow/.local/lib/python3.8/site-packages/airflow/example_dags/tutorial.py
[2024-03-09T10:40:49.821+0000] {processor.py:830} INFO - Processing file /home/airflow/.local/lib/python3.8/site-packages/airflow/example_dags/tutorial.py for tasks to queue
[2024-03-09T10:40:49.823+0000] {logging_mixin.py:188} INFO - [2024-03-09T10:40:49.823+0000] {dagbag.py:540} INFO - Filling up the DagBag from /home/airflow/.local/lib/python3.8/site-packages/airflow/example_dags/tutorial.py
[2024-03-09T10:40:49.829+0000] {processor.py:840} INFO - DAG(s) 'tutorial' retrieved from /home/airflow/.local/lib/python3.8/site-packages/airflow/example_dags/tutorial.py
[2024-03-09T10:40:49.851+0000] {logging_mixin.py:188} INFO - [2024-03-09T10:40:49.851+0000] {dag.py:3047} INFO - Sync 1 DAGs
[2024-03-09T10:40:49.877+0000] {logging_mixin.py:188} INFO - [2024-03-09T10:40:49.877+0000] {dag.py:3834} INFO - Setting next_dagrun for tutorial to 2024-03-08 00:00:00+00:00, run_after=2024-03-09 00:00:00+00:00
[2024-03-09T10:40:49.907+0000] {processor.py:183} INFO - Processing /home/airflow/.local/lib/python3.8/site-packages/airflow/example_dags/tutorial.py took 0.090 seconds
[2024-03-09T10:41:20.744+0000] {processor.py:161} INFO - Started process (PID=1223) to work on /home/airflow/.local/lib/python3.8/site-packages/airflow/example_dags/tutorial.py
[2024-03-09T10:41:20.746+0000] {processor.py:830} INFO - Processing file /home/airflow/.local/lib/python3.8/site-packages/airflow/example_dags/tutorial.py for tasks to queue
[2024-03-09T10:41:20.747+0000] {logging_mixin.py:188} INFO - [2024-03-09T10:41:20.747+0000] {dagbag.py:540} INFO - Filling up the DagBag from /home/airflow/.local/lib/python3.8/site-packages/airflow/example_dags/tutorial.py
[2024-03-09T10:41:20.753+0000] {processor.py:840} INFO - DAG(s) 'tutorial' retrieved from /home/airflow/.local/lib/python3.8/site-packages/airflow/example_dags/tutorial.py
[2024-03-09T10:41:20.779+0000] {logging_mixin.py:188} INFO - [2024-03-09T10:41:20.779+0000] {dag.py:3047} INFO - Sync 1 DAGs
[2024-03-09T10:41:20.804+0000] {logging_mixin.py:188} INFO - [2024-03-09T10:41:20.804+0000] {dag.py:3834} INFO - Setting next_dagrun for tutorial to 2024-03-08 00:00:00+00:00, run_after=2024-03-09 00:00:00+00:00
[2024-03-09T10:41:20.833+0000] {processor.py:183} INFO - Processing /home/airflow/.local/lib/python3.8/site-packages/airflow/example_dags/tutorial.py took 0.091 seconds
[2024-03-09T10:41:50.993+0000] {processor.py:161} INFO - Started process (PID=1278) to work on /home/airflow/.local/lib/python3.8/site-packages/airflow/example_dags/tutorial.py
[2024-03-09T10:41:50.995+0000] {processor.py:830} INFO - Processing file /home/airflow/.local/lib/python3.8/site-packages/airflow/example_dags/tutorial.py for tasks to queue
[2024-03-09T10:41:50.997+0000] {logging_mixin.py:188} INFO - [2024-03-09T10:41:50.997+0000] {dagbag.py:540} INFO - Filling up the DagBag from /home/airflow/.local/lib/python3.8/site-packages/airflow/example_dags/tutorial.py
[2024-03-09T10:41:51.002+0000] {processor.py:840} INFO - DAG(s) 'tutorial' retrieved from /home/airflow/.local/lib/python3.8/site-packages/airflow/example_dags/tutorial.py
[2024-03-09T10:41:51.027+0000] {logging_mixin.py:188} INFO - [2024-03-09T10:41:51.027+0000] {dag.py:3047} INFO - Sync 1 DAGs
[2024-03-09T10:41:51.052+0000] {logging_mixin.py:188} INFO - [2024-03-09T10:41:51.051+0000] {dag.py:3834} INFO - Setting next_dagrun for tutorial to 2024-03-08 00:00:00+00:00, run_after=2024-03-09 00:00:00+00:00
[2024-03-09T10:41:51.081+0000] {processor.py:183} INFO - Processing /home/airflow/.local/lib/python3.8/site-packages/airflow/example_dags/tutorial.py took 0.091 seconds
[2024-03-09T10:42:21.239+0000] {processor.py:161} INFO - Started process (PID=1333) to work on /home/airflow/.local/lib/python3.8/site-packages/airflow/example_dags/tutorial.py
[2024-03-09T10:42:21.241+0000] {processor.py:830} INFO - Processing file /home/airflow/.local/lib/python3.8/site-packages/airflow/example_dags/tutorial.py for tasks to queue
[2024-03-09T10:42:21.243+0000] {logging_mixin.py:188} INFO - [2024-03-09T10:42:21.242+0000] {dagbag.py:540} INFO - Filling up the DagBag from /home/airflow/.local/lib/python3.8/site-packages/airflow/example_dags/tutorial.py
[2024-03-09T10:42:21.251+0000] {processor.py:840} INFO - DAG(s) 'tutorial' retrieved from /home/airflow/.local/lib/python3.8/site-packages/airflow/example_dags/tutorial.py
[2024-03-09T10:42:21.277+0000] {logging_mixin.py:188} INFO - [2024-03-09T10:42:21.276+0000] {dag.py:3047} INFO - Sync 1 DAGs
[2024-03-09T10:42:21.301+0000] {logging_mixin.py:188} INFO - [2024-03-09T10:42:21.301+0000] {dag.py:3834} INFO - Setting next_dagrun for tutorial to 2024-03-08 00:00:00+00:00, run_after=2024-03-09 00:00:00+00:00
[2024-03-09T10:42:21.334+0000] {processor.py:183} INFO - Processing /home/airflow/.local/lib/python3.8/site-packages/airflow/example_dags/tutorial.py took 0.098 seconds
[2024-03-09T10:42:51.482+0000] {processor.py:161} INFO - Started process (PID=1388) to work on /home/airflow/.local/lib/python3.8/site-packages/airflow/example_dags/tutorial.py
[2024-03-09T10:42:51.483+0000] {processor.py:830} INFO - Processing file /home/airflow/.local/lib/python3.8/site-packages/airflow/example_dags/tutorial.py for tasks to queue
[2024-03-09T10:42:51.485+0000] {logging_mixin.py:188} INFO - [2024-03-09T10:42:51.485+0000] {dagbag.py:540} INFO - Filling up the DagBag from /home/airflow/.local/lib/python3.8/site-packages/airflow/example_dags/tutorial.py
[2024-03-09T10:42:51.491+0000] {processor.py:840} INFO - DAG(s) 'tutorial' retrieved from /home/airflow/.local/lib/python3.8/site-packages/airflow/example_dags/tutorial.py
[2024-03-09T10:42:51.516+0000] {logging_mixin.py:188} INFO - [2024-03-09T10:42:51.515+0000] {dag.py:3047} INFO - Sync 1 DAGs
[2024-03-09T10:42:51.543+0000] {logging_mixin.py:188} INFO - [2024-03-09T10:42:51.543+0000] {dag.py:3834} INFO - Setting next_dagrun for tutorial to 2024-03-08 00:00:00+00:00, run_after=2024-03-09 00:00:00+00:00
[2024-03-09T10:42:51.575+0000] {processor.py:183} INFO - Processing /home/airflow/.local/lib/python3.8/site-packages/airflow/example_dags/tutorial.py took 0.096 seconds
[2024-03-09T10:43:21.905+0000] {processor.py:161} INFO - Started process (PID=1443) to work on /home/airflow/.local/lib/python3.8/site-packages/airflow/example_dags/tutorial.py
[2024-03-09T10:43:21.906+0000] {processor.py:830} INFO - Processing file /home/airflow/.local/lib/python3.8/site-packages/airflow/example_dags/tutorial.py for tasks to queue
[2024-03-09T10:43:21.910+0000] {logging_mixin.py:188} INFO - [2024-03-09T10:43:21.910+0000] {dagbag.py:540} INFO - Filling up the DagBag from /home/airflow/.local/lib/python3.8/site-packages/airflow/example_dags/tutorial.py
[2024-03-09T10:43:21.916+0000] {processor.py:840} INFO - DAG(s) 'tutorial' retrieved from /home/airflow/.local/lib/python3.8/site-packages/airflow/example_dags/tutorial.py
[2024-03-09T10:43:21.945+0000] {logging_mixin.py:188} INFO - [2024-03-09T10:43:21.945+0000] {dag.py:3047} INFO - Sync 1 DAGs
[2024-03-09T10:43:21.988+0000] {logging_mixin.py:188} INFO - [2024-03-09T10:43:21.988+0000] {dag.py:3834} INFO - Setting next_dagrun for tutorial to 2024-03-08 00:00:00+00:00, run_after=2024-03-09 00:00:00+00:00
[2024-03-09T10:43:22.028+0000] {processor.py:183} INFO - Processing /home/airflow/.local/lib/python3.8/site-packages/airflow/example_dags/tutorial.py took 0.126 seconds
[2024-03-09T10:43:52.136+0000] {processor.py:161} INFO - Started process (PID=1504) to work on /home/airflow/.local/lib/python3.8/site-packages/airflow/example_dags/tutorial.py
[2024-03-09T10:43:52.137+0000] {processor.py:830} INFO - Processing file /home/airflow/.local/lib/python3.8/site-packages/airflow/example_dags/tutorial.py for tasks to queue
[2024-03-09T10:43:52.141+0000] {logging_mixin.py:188} INFO - [2024-03-09T10:43:52.140+0000] {dagbag.py:540} INFO - Filling up the DagBag from /home/airflow/.local/lib/python3.8/site-packages/airflow/example_dags/tutorial.py
[2024-03-09T10:43:52.152+0000] {processor.py:840} INFO - DAG(s) 'tutorial' retrieved from /home/airflow/.local/lib/python3.8/site-packages/airflow/example_dags/tutorial.py
[2024-03-09T10:43:52.184+0000] {logging_mixin.py:188} INFO - [2024-03-09T10:43:52.183+0000] {dag.py:3047} INFO - Sync 1 DAGs
[2024-03-09T10:43:52.220+0000] {logging_mixin.py:188} INFO - [2024-03-09T10:43:52.220+0000] {dag.py:3834} INFO - Setting next_dagrun for tutorial to 2024-03-08 00:00:00+00:00, run_after=2024-03-09 00:00:00+00:00
[2024-03-09T10:43:52.285+0000] {processor.py:183} INFO - Processing /home/airflow/.local/lib/python3.8/site-packages/airflow/example_dags/tutorial.py took 0.155 seconds
[2024-03-09T10:44:22.571+0000] {processor.py:161} INFO - Started process (PID=1559) to work on /home/airflow/.local/lib/python3.8/site-packages/airflow/example_dags/tutorial.py
[2024-03-09T10:44:22.572+0000] {processor.py:830} INFO - Processing file /home/airflow/.local/lib/python3.8/site-packages/airflow/example_dags/tutorial.py for tasks to queue
[2024-03-09T10:44:22.574+0000] {logging_mixin.py:188} INFO - [2024-03-09T10:44:22.574+0000] {dagbag.py:540} INFO - Filling up the DagBag from /home/airflow/.local/lib/python3.8/site-packages/airflow/example_dags/tutorial.py
[2024-03-09T10:44:22.580+0000] {processor.py:840} INFO - DAG(s) 'tutorial' retrieved from /home/airflow/.local/lib/python3.8/site-packages/airflow/example_dags/tutorial.py
[2024-03-09T10:44:22.603+0000] {logging_mixin.py:188} INFO - [2024-03-09T10:44:22.603+0000] {dag.py:3047} INFO - Sync 1 DAGs
[2024-03-09T10:44:22.631+0000] {logging_mixin.py:188} INFO - [2024-03-09T10:44:22.630+0000] {dag.py:3834} INFO - Setting next_dagrun for tutorial to 2024-03-08 00:00:00+00:00, run_after=2024-03-09 00:00:00+00:00
[2024-03-09T10:44:22.661+0000] {processor.py:183} INFO - Processing /home/airflow/.local/lib/python3.8/site-packages/airflow/example_dags/tutorial.py took 0.093 seconds
[2024-03-09T10:44:52.839+0000] {processor.py:161} INFO - Started process (PID=1614) to work on /home/airflow/.local/lib/python3.8/site-packages/airflow/example_dags/tutorial.py
[2024-03-09T10:44:52.840+0000] {processor.py:830} INFO - Processing file /home/airflow/.local/lib/python3.8/site-packages/airflow/example_dags/tutorial.py for tasks to queue
[2024-03-09T10:44:52.842+0000] {logging_mixin.py:188} INFO - [2024-03-09T10:44:52.842+0000] {dagbag.py:540} INFO - Filling up the DagBag from /home/airflow/.local/lib/python3.8/site-packages/airflow/example_dags/tutorial.py
[2024-03-09T10:44:52.847+0000] {processor.py:840} INFO - DAG(s) 'tutorial' retrieved from /home/airflow/.local/lib/python3.8/site-packages/airflow/example_dags/tutorial.py
[2024-03-09T10:44:52.869+0000] {logging_mixin.py:188} INFO - [2024-03-09T10:44:52.869+0000] {dag.py:3047} INFO - Sync 1 DAGs
[2024-03-09T10:44:52.894+0000] {logging_mixin.py:188} INFO - [2024-03-09T10:44:52.894+0000] {dag.py:3834} INFO - Setting next_dagrun for tutorial to 2024-03-08 00:00:00+00:00, run_after=2024-03-09 00:00:00+00:00
[2024-03-09T10:44:52.921+0000] {processor.py:183} INFO - Processing /home/airflow/.local/lib/python3.8/site-packages/airflow/example_dags/tutorial.py took 0.085 seconds
[2024-03-09T10:45:23.161+0000] {processor.py:161} INFO - Started process (PID=1669) to work on /home/airflow/.local/lib/python3.8/site-packages/airflow/example_dags/tutorial.py
[2024-03-09T10:45:23.162+0000] {processor.py:830} INFO - Processing file /home/airflow/.local/lib/python3.8/site-packages/airflow/example_dags/tutorial.py for tasks to queue
[2024-03-09T10:45:23.164+0000] {logging_mixin.py:188} INFO - [2024-03-09T10:45:23.164+0000] {dagbag.py:540} INFO - Filling up the DagBag from /home/airflow/.local/lib/python3.8/site-packages/airflow/example_dags/tutorial.py
[2024-03-09T10:45:23.171+0000] {processor.py:840} INFO - DAG(s) 'tutorial' retrieved from /home/airflow/.local/lib/python3.8/site-packages/airflow/example_dags/tutorial.py
[2024-03-09T10:45:23.198+0000] {logging_mixin.py:188} INFO - [2024-03-09T10:45:23.198+0000] {dag.py:3047} INFO - Sync 1 DAGs
[2024-03-09T10:45:23.227+0000] {logging_mixin.py:188} INFO - [2024-03-09T10:45:23.226+0000] {dag.py:3834} INFO - Setting next_dagrun for tutorial to 2024-03-08 00:00:00+00:00, run_after=2024-03-09 00:00:00+00:00
[2024-03-09T10:45:23.259+0000] {processor.py:183} INFO - Processing /home/airflow/.local/lib/python3.8/site-packages/airflow/example_dags/tutorial.py took 0.101 seconds
[2024-03-09T10:45:53.601+0000] {processor.py:161} INFO - Started process (PID=1724) to work on /home/airflow/.local/lib/python3.8/site-packages/airflow/example_dags/tutorial.py
[2024-03-09T10:45:53.603+0000] {processor.py:830} INFO - Processing file /home/airflow/.local/lib/python3.8/site-packages/airflow/example_dags/tutorial.py for tasks to queue
[2024-03-09T10:45:53.605+0000] {logging_mixin.py:188} INFO - [2024-03-09T10:45:53.605+0000] {dagbag.py:540} INFO - Filling up the DagBag from /home/airflow/.local/lib/python3.8/site-packages/airflow/example_dags/tutorial.py
[2024-03-09T10:45:53.613+0000] {processor.py:840} INFO - DAG(s) 'tutorial' retrieved from /home/airflow/.local/lib/python3.8/site-packages/airflow/example_dags/tutorial.py
[2024-03-09T10:45:53.646+0000] {logging_mixin.py:188} INFO - [2024-03-09T10:45:53.646+0000] {dag.py:3047} INFO - Sync 1 DAGs
[2024-03-09T10:45:53.684+0000] {logging_mixin.py:188} INFO - [2024-03-09T10:45:53.683+0000] {dag.py:3834} INFO - Setting next_dagrun for tutorial to 2024-03-08 00:00:00+00:00, run_after=2024-03-09 00:00:00+00:00
[2024-03-09T10:45:53.719+0000] {processor.py:183} INFO - Processing /home/airflow/.local/lib/python3.8/site-packages/airflow/example_dags/tutorial.py took 0.121 seconds
