[2024-03-09T10:30:37.873+0000] {processor.py:161} INFO - Started process (PID=72) to work on /home/airflow/.local/lib/python3.8/site-packages/airflow/example_dags/tutorial_objectstorage.py
[2024-03-09T10:30:37.875+0000] {processor.py:830} INFO - Processing file /home/airflow/.local/lib/python3.8/site-packages/airflow/example_dags/tutorial_objectstorage.py for tasks to queue
[2024-03-09T10:30:37.877+0000] {logging_mixin.py:188} INFO - [2024-03-09T10:30:37.877+0000] {dagbag.py:540} INFO - Filling up the DagBag from /home/airflow/.local/lib/python3.8/site-packages/airflow/example_dags/tutorial_objectstorage.py
[2024-03-09T10:30:37.895+0000] {processor.py:840} INFO - DAG(s) 'tutorial_objectstorage' retrieved from /home/airflow/.local/lib/python3.8/site-packages/airflow/example_dags/tutorial_objectstorage.py
[2024-03-09T10:30:38.061+0000] {logging_mixin.py:188} INFO - [2024-03-09T10:30:38.061+0000] {dag.py:3047} INFO - Sync 1 DAGs
[2024-03-09T10:30:38.080+0000] {logging_mixin.py:188} INFO - [2024-03-09T10:30:38.079+0000] {dag.py:3834} INFO - Setting next_dagrun for tutorial_objectstorage to None, run_after=None
[2024-03-09T10:30:38.115+0000] {processor.py:183} INFO - Processing /home/airflow/.local/lib/python3.8/site-packages/airflow/example_dags/tutorial_objectstorage.py took 0.246 seconds
[2024-03-09T10:31:08.155+0000] {processor.py:161} INFO - Started process (PID=127) to work on /home/airflow/.local/lib/python3.8/site-packages/airflow/example_dags/tutorial_objectstorage.py
[2024-03-09T10:31:08.157+0000] {processor.py:830} INFO - Processing file /home/airflow/.local/lib/python3.8/site-packages/airflow/example_dags/tutorial_objectstorage.py for tasks to queue
[2024-03-09T10:31:08.158+0000] {logging_mixin.py:188} INFO - [2024-03-09T10:31:08.158+0000] {dagbag.py:540} INFO - Filling up the DagBag from /home/airflow/.local/lib/python3.8/site-packages/airflow/example_dags/tutorial_objectstorage.py
[2024-03-09T10:31:08.165+0000] {processor.py:840} INFO - DAG(s) 'tutorial_objectstorage' retrieved from /home/airflow/.local/lib/python3.8/site-packages/airflow/example_dags/tutorial_objectstorage.py
[2024-03-09T10:31:08.187+0000] {logging_mixin.py:188} INFO - [2024-03-09T10:31:08.186+0000] {dag.py:3047} INFO - Sync 1 DAGs
[2024-03-09T10:31:08.201+0000] {logging_mixin.py:188} INFO - [2024-03-09T10:31:08.200+0000] {dag.py:3834} INFO - Setting next_dagrun for tutorial_objectstorage to None, run_after=None
[2024-03-09T10:31:08.225+0000] {processor.py:183} INFO - Processing /home/airflow/.local/lib/python3.8/site-packages/airflow/example_dags/tutorial_objectstorage.py took 0.073 seconds
[2024-03-09T10:31:39.093+0000] {processor.py:161} INFO - Started process (PID=182) to work on /home/airflow/.local/lib/python3.8/site-packages/airflow/example_dags/tutorial_objectstorage.py
[2024-03-09T10:31:39.095+0000] {processor.py:830} INFO - Processing file /home/airflow/.local/lib/python3.8/site-packages/airflow/example_dags/tutorial_objectstorage.py for tasks to queue
[2024-03-09T10:31:39.099+0000] {logging_mixin.py:188} INFO - [2024-03-09T10:31:39.098+0000] {dagbag.py:540} INFO - Filling up the DagBag from /home/airflow/.local/lib/python3.8/site-packages/airflow/example_dags/tutorial_objectstorage.py
[2024-03-09T10:31:39.113+0000] {processor.py:840} INFO - DAG(s) 'tutorial_objectstorage' retrieved from /home/airflow/.local/lib/python3.8/site-packages/airflow/example_dags/tutorial_objectstorage.py
[2024-03-09T10:31:39.144+0000] {logging_mixin.py:188} INFO - [2024-03-09T10:31:39.144+0000] {dag.py:3047} INFO - Sync 1 DAGs
[2024-03-09T10:31:39.160+0000] {logging_mixin.py:188} INFO - [2024-03-09T10:31:39.160+0000] {dag.py:3834} INFO - Setting next_dagrun for tutorial_objectstorage to None, run_after=None
[2024-03-09T10:31:39.195+0000] {processor.py:183} INFO - Processing /home/airflow/.local/lib/python3.8/site-packages/airflow/example_dags/tutorial_objectstorage.py took 0.108 seconds
[2024-03-09T10:32:09.612+0000] {processor.py:161} INFO - Started process (PID=237) to work on /home/airflow/.local/lib/python3.8/site-packages/airflow/example_dags/tutorial_objectstorage.py
[2024-03-09T10:32:09.613+0000] {processor.py:830} INFO - Processing file /home/airflow/.local/lib/python3.8/site-packages/airflow/example_dags/tutorial_objectstorage.py for tasks to queue
[2024-03-09T10:32:09.615+0000] {logging_mixin.py:188} INFO - [2024-03-09T10:32:09.615+0000] {dagbag.py:540} INFO - Filling up the DagBag from /home/airflow/.local/lib/python3.8/site-packages/airflow/example_dags/tutorial_objectstorage.py
[2024-03-09T10:32:09.622+0000] {processor.py:840} INFO - DAG(s) 'tutorial_objectstorage' retrieved from /home/airflow/.local/lib/python3.8/site-packages/airflow/example_dags/tutorial_objectstorage.py
[2024-03-09T10:32:09.645+0000] {logging_mixin.py:188} INFO - [2024-03-09T10:32:09.644+0000] {dag.py:3047} INFO - Sync 1 DAGs
[2024-03-09T10:32:09.659+0000] {logging_mixin.py:188} INFO - [2024-03-09T10:32:09.659+0000] {dag.py:3834} INFO - Setting next_dagrun for tutorial_objectstorage to None, run_after=None
[2024-03-09T10:32:09.688+0000] {processor.py:183} INFO - Processing /home/airflow/.local/lib/python3.8/site-packages/airflow/example_dags/tutorial_objectstorage.py took 0.079 seconds
[2024-03-09T10:32:40.180+0000] {processor.py:161} INFO - Started process (PID=292) to work on /home/airflow/.local/lib/python3.8/site-packages/airflow/example_dags/tutorial_objectstorage.py
[2024-03-09T10:32:40.181+0000] {processor.py:830} INFO - Processing file /home/airflow/.local/lib/python3.8/site-packages/airflow/example_dags/tutorial_objectstorage.py for tasks to queue
[2024-03-09T10:32:40.184+0000] {logging_mixin.py:188} INFO - [2024-03-09T10:32:40.184+0000] {dagbag.py:540} INFO - Filling up the DagBag from /home/airflow/.local/lib/python3.8/site-packages/airflow/example_dags/tutorial_objectstorage.py
[2024-03-09T10:32:40.191+0000] {processor.py:840} INFO - DAG(s) 'tutorial_objectstorage' retrieved from /home/airflow/.local/lib/python3.8/site-packages/airflow/example_dags/tutorial_objectstorage.py
[2024-03-09T10:32:40.215+0000] {logging_mixin.py:188} INFO - [2024-03-09T10:32:40.215+0000] {dag.py:3047} INFO - Sync 1 DAGs
[2024-03-09T10:32:40.233+0000] {logging_mixin.py:188} INFO - [2024-03-09T10:32:40.233+0000] {dag.py:3834} INFO - Setting next_dagrun for tutorial_objectstorage to None, run_after=None
[2024-03-09T10:32:40.268+0000] {processor.py:183} INFO - Processing /home/airflow/.local/lib/python3.8/site-packages/airflow/example_dags/tutorial_objectstorage.py took 0.093 seconds
[2024-03-09T10:33:10.506+0000] {processor.py:161} INFO - Started process (PID=347) to work on /home/airflow/.local/lib/python3.8/site-packages/airflow/example_dags/tutorial_objectstorage.py
[2024-03-09T10:33:10.508+0000] {processor.py:830} INFO - Processing file /home/airflow/.local/lib/python3.8/site-packages/airflow/example_dags/tutorial_objectstorage.py for tasks to queue
[2024-03-09T10:33:10.510+0000] {logging_mixin.py:188} INFO - [2024-03-09T10:33:10.509+0000] {dagbag.py:540} INFO - Filling up the DagBag from /home/airflow/.local/lib/python3.8/site-packages/airflow/example_dags/tutorial_objectstorage.py
[2024-03-09T10:33:10.516+0000] {processor.py:840} INFO - DAG(s) 'tutorial_objectstorage' retrieved from /home/airflow/.local/lib/python3.8/site-packages/airflow/example_dags/tutorial_objectstorage.py
[2024-03-09T10:33:10.538+0000] {logging_mixin.py:188} INFO - [2024-03-09T10:33:10.537+0000] {dag.py:3047} INFO - Sync 1 DAGs
[2024-03-09T10:33:10.554+0000] {logging_mixin.py:188} INFO - [2024-03-09T10:33:10.554+0000] {dag.py:3834} INFO - Setting next_dagrun for tutorial_objectstorage to None, run_after=None
[2024-03-09T10:33:10.594+0000] {processor.py:183} INFO - Processing /home/airflow/.local/lib/python3.8/site-packages/airflow/example_dags/tutorial_objectstorage.py took 0.091 seconds
[2024-03-09T10:33:40.999+0000] {processor.py:161} INFO - Started process (PID=402) to work on /home/airflow/.local/lib/python3.8/site-packages/airflow/example_dags/tutorial_objectstorage.py
[2024-03-09T10:33:41.001+0000] {processor.py:830} INFO - Processing file /home/airflow/.local/lib/python3.8/site-packages/airflow/example_dags/tutorial_objectstorage.py for tasks to queue
[2024-03-09T10:33:41.004+0000] {logging_mixin.py:188} INFO - [2024-03-09T10:33:41.003+0000] {dagbag.py:540} INFO - Filling up the DagBag from /home/airflow/.local/lib/python3.8/site-packages/airflow/example_dags/tutorial_objectstorage.py
[2024-03-09T10:33:41.012+0000] {processor.py:840} INFO - DAG(s) 'tutorial_objectstorage' retrieved from /home/airflow/.local/lib/python3.8/site-packages/airflow/example_dags/tutorial_objectstorage.py
[2024-03-09T10:33:41.037+0000] {logging_mixin.py:188} INFO - [2024-03-09T10:33:41.036+0000] {dag.py:3047} INFO - Sync 1 DAGs
[2024-03-09T10:33:41.053+0000] {logging_mixin.py:188} INFO - [2024-03-09T10:33:41.052+0000] {dag.py:3834} INFO - Setting next_dagrun for tutorial_objectstorage to None, run_after=None
[2024-03-09T10:33:41.083+0000] {processor.py:183} INFO - Processing /home/airflow/.local/lib/python3.8/site-packages/airflow/example_dags/tutorial_objectstorage.py took 0.089 seconds
[2024-03-09T10:34:11.382+0000] {processor.py:161} INFO - Started process (PID=457) to work on /home/airflow/.local/lib/python3.8/site-packages/airflow/example_dags/tutorial_objectstorage.py
[2024-03-09T10:34:11.384+0000] {processor.py:830} INFO - Processing file /home/airflow/.local/lib/python3.8/site-packages/airflow/example_dags/tutorial_objectstorage.py for tasks to queue
[2024-03-09T10:34:11.387+0000] {logging_mixin.py:188} INFO - [2024-03-09T10:34:11.386+0000] {dagbag.py:540} INFO - Filling up the DagBag from /home/airflow/.local/lib/python3.8/site-packages/airflow/example_dags/tutorial_objectstorage.py
[2024-03-09T10:34:11.395+0000] {processor.py:840} INFO - DAG(s) 'tutorial_objectstorage' retrieved from /home/airflow/.local/lib/python3.8/site-packages/airflow/example_dags/tutorial_objectstorage.py
[2024-03-09T10:34:11.419+0000] {logging_mixin.py:188} INFO - [2024-03-09T10:34:11.419+0000] {dag.py:3047} INFO - Sync 1 DAGs
[2024-03-09T10:34:11.438+0000] {logging_mixin.py:188} INFO - [2024-03-09T10:34:11.437+0000] {dag.py:3834} INFO - Setting next_dagrun for tutorial_objectstorage to None, run_after=None
[2024-03-09T10:34:11.479+0000] {processor.py:183} INFO - Processing /home/airflow/.local/lib/python3.8/site-packages/airflow/example_dags/tutorial_objectstorage.py took 0.100 seconds
[2024-03-09T10:34:41.817+0000] {processor.py:161} INFO - Started process (PID=512) to work on /home/airflow/.local/lib/python3.8/site-packages/airflow/example_dags/tutorial_objectstorage.py
[2024-03-09T10:34:41.818+0000] {processor.py:830} INFO - Processing file /home/airflow/.local/lib/python3.8/site-packages/airflow/example_dags/tutorial_objectstorage.py for tasks to queue
[2024-03-09T10:34:41.821+0000] {logging_mixin.py:188} INFO - [2024-03-09T10:34:41.821+0000] {dagbag.py:540} INFO - Filling up the DagBag from /home/airflow/.local/lib/python3.8/site-packages/airflow/example_dags/tutorial_objectstorage.py
[2024-03-09T10:34:41.829+0000] {processor.py:840} INFO - DAG(s) 'tutorial_objectstorage' retrieved from /home/airflow/.local/lib/python3.8/site-packages/airflow/example_dags/tutorial_objectstorage.py
[2024-03-09T10:34:41.852+0000] {logging_mixin.py:188} INFO - [2024-03-09T10:34:41.852+0000] {dag.py:3047} INFO - Sync 1 DAGs
[2024-03-09T10:34:41.869+0000] {logging_mixin.py:188} INFO - [2024-03-09T10:34:41.868+0000] {dag.py:3834} INFO - Setting next_dagrun for tutorial_objectstorage to None, run_after=None
[2024-03-09T10:34:41.901+0000] {processor.py:183} INFO - Processing /home/airflow/.local/lib/python3.8/site-packages/airflow/example_dags/tutorial_objectstorage.py took 0.089 seconds
[2024-03-09T10:35:12.145+0000] {processor.py:161} INFO - Started process (PID=567) to work on /home/airflow/.local/lib/python3.8/site-packages/airflow/example_dags/tutorial_objectstorage.py
[2024-03-09T10:35:12.147+0000] {processor.py:830} INFO - Processing file /home/airflow/.local/lib/python3.8/site-packages/airflow/example_dags/tutorial_objectstorage.py for tasks to queue
[2024-03-09T10:35:12.149+0000] {logging_mixin.py:188} INFO - [2024-03-09T10:35:12.148+0000] {dagbag.py:540} INFO - Filling up the DagBag from /home/airflow/.local/lib/python3.8/site-packages/airflow/example_dags/tutorial_objectstorage.py
[2024-03-09T10:35:12.157+0000] {processor.py:840} INFO - DAG(s) 'tutorial_objectstorage' retrieved from /home/airflow/.local/lib/python3.8/site-packages/airflow/example_dags/tutorial_objectstorage.py
[2024-03-09T10:35:12.181+0000] {logging_mixin.py:188} INFO - [2024-03-09T10:35:12.181+0000] {dag.py:3047} INFO - Sync 1 DAGs
[2024-03-09T10:35:12.197+0000] {logging_mixin.py:188} INFO - [2024-03-09T10:35:12.196+0000] {dag.py:3834} INFO - Setting next_dagrun for tutorial_objectstorage to None, run_after=None
[2024-03-09T10:35:12.227+0000] {processor.py:183} INFO - Processing /home/airflow/.local/lib/python3.8/site-packages/airflow/example_dags/tutorial_objectstorage.py took 0.087 seconds
[2024-03-09T10:35:42.646+0000] {processor.py:161} INFO - Started process (PID=622) to work on /home/airflow/.local/lib/python3.8/site-packages/airflow/example_dags/tutorial_objectstorage.py
[2024-03-09T10:35:42.647+0000] {processor.py:830} INFO - Processing file /home/airflow/.local/lib/python3.8/site-packages/airflow/example_dags/tutorial_objectstorage.py for tasks to queue
[2024-03-09T10:35:42.649+0000] {logging_mixin.py:188} INFO - [2024-03-09T10:35:42.649+0000] {dagbag.py:540} INFO - Filling up the DagBag from /home/airflow/.local/lib/python3.8/site-packages/airflow/example_dags/tutorial_objectstorage.py
[2024-03-09T10:35:42.656+0000] {processor.py:840} INFO - DAG(s) 'tutorial_objectstorage' retrieved from /home/airflow/.local/lib/python3.8/site-packages/airflow/example_dags/tutorial_objectstorage.py
[2024-03-09T10:35:42.676+0000] {logging_mixin.py:188} INFO - [2024-03-09T10:35:42.675+0000] {dag.py:3047} INFO - Sync 1 DAGs
[2024-03-09T10:35:42.688+0000] {logging_mixin.py:188} INFO - [2024-03-09T10:35:42.688+0000] {dag.py:3834} INFO - Setting next_dagrun for tutorial_objectstorage to None, run_after=None
[2024-03-09T10:35:42.715+0000] {processor.py:183} INFO - Processing /home/airflow/.local/lib/python3.8/site-packages/airflow/example_dags/tutorial_objectstorage.py took 0.072 seconds
[2024-03-09T10:36:13.815+0000] {processor.py:161} INFO - Started process (PID=677) to work on /home/airflow/.local/lib/python3.8/site-packages/airflow/example_dags/tutorial_objectstorage.py
[2024-03-09T10:36:13.817+0000] {processor.py:830} INFO - Processing file /home/airflow/.local/lib/python3.8/site-packages/airflow/example_dags/tutorial_objectstorage.py for tasks to queue
[2024-03-09T10:36:13.818+0000] {logging_mixin.py:188} INFO - [2024-03-09T10:36:13.818+0000] {dagbag.py:540} INFO - Filling up the DagBag from /home/airflow/.local/lib/python3.8/site-packages/airflow/example_dags/tutorial_objectstorage.py
[2024-03-09T10:36:13.824+0000] {processor.py:840} INFO - DAG(s) 'tutorial_objectstorage' retrieved from /home/airflow/.local/lib/python3.8/site-packages/airflow/example_dags/tutorial_objectstorage.py
[2024-03-09T10:36:13.845+0000] {logging_mixin.py:188} INFO - [2024-03-09T10:36:13.845+0000] {dag.py:3047} INFO - Sync 1 DAGs
[2024-03-09T10:36:13.859+0000] {logging_mixin.py:188} INFO - [2024-03-09T10:36:13.859+0000] {dag.py:3834} INFO - Setting next_dagrun for tutorial_objectstorage to None, run_after=None
[2024-03-09T10:36:13.895+0000] {processor.py:183} INFO - Processing /home/airflow/.local/lib/python3.8/site-packages/airflow/example_dags/tutorial_objectstorage.py took 0.083 seconds
[2024-03-09T10:36:44.095+0000] {processor.py:161} INFO - Started process (PID=732) to work on /home/airflow/.local/lib/python3.8/site-packages/airflow/example_dags/tutorial_objectstorage.py
[2024-03-09T10:36:44.097+0000] {processor.py:830} INFO - Processing file /home/airflow/.local/lib/python3.8/site-packages/airflow/example_dags/tutorial_objectstorage.py for tasks to queue
[2024-03-09T10:36:44.099+0000] {logging_mixin.py:188} INFO - [2024-03-09T10:36:44.099+0000] {dagbag.py:540} INFO - Filling up the DagBag from /home/airflow/.local/lib/python3.8/site-packages/airflow/example_dags/tutorial_objectstorage.py
[2024-03-09T10:36:44.107+0000] {processor.py:840} INFO - DAG(s) 'tutorial_objectstorage' retrieved from /home/airflow/.local/lib/python3.8/site-packages/airflow/example_dags/tutorial_objectstorage.py
[2024-03-09T10:36:44.129+0000] {logging_mixin.py:188} INFO - [2024-03-09T10:36:44.128+0000] {dag.py:3047} INFO - Sync 1 DAGs
[2024-03-09T10:36:44.142+0000] {logging_mixin.py:188} INFO - [2024-03-09T10:36:44.142+0000] {dag.py:3834} INFO - Setting next_dagrun for tutorial_objectstorage to None, run_after=None
[2024-03-09T10:36:44.173+0000] {processor.py:183} INFO - Processing /home/airflow/.local/lib/python3.8/site-packages/airflow/example_dags/tutorial_objectstorage.py took 0.081 seconds
[2024-03-09T10:37:14.995+0000] {processor.py:161} INFO - Started process (PID=787) to work on /home/airflow/.local/lib/python3.8/site-packages/airflow/example_dags/tutorial_objectstorage.py
[2024-03-09T10:37:14.997+0000] {processor.py:830} INFO - Processing file /home/airflow/.local/lib/python3.8/site-packages/airflow/example_dags/tutorial_objectstorage.py for tasks to queue
[2024-03-09T10:37:14.999+0000] {logging_mixin.py:188} INFO - [2024-03-09T10:37:14.998+0000] {dagbag.py:540} INFO - Filling up the DagBag from /home/airflow/.local/lib/python3.8/site-packages/airflow/example_dags/tutorial_objectstorage.py
[2024-03-09T10:37:15.006+0000] {processor.py:840} INFO - DAG(s) 'tutorial_objectstorage' retrieved from /home/airflow/.local/lib/python3.8/site-packages/airflow/example_dags/tutorial_objectstorage.py
[2024-03-09T10:37:15.033+0000] {logging_mixin.py:188} INFO - [2024-03-09T10:37:15.032+0000] {dag.py:3047} INFO - Sync 1 DAGs
[2024-03-09T10:37:15.048+0000] {logging_mixin.py:188} INFO - [2024-03-09T10:37:15.048+0000] {dag.py:3834} INFO - Setting next_dagrun for tutorial_objectstorage to None, run_after=None
[2024-03-09T10:37:15.085+0000] {processor.py:183} INFO - Processing /home/airflow/.local/lib/python3.8/site-packages/airflow/example_dags/tutorial_objectstorage.py took 0.093 seconds
[2024-03-09T10:37:45.449+0000] {processor.py:161} INFO - Started process (PID=842) to work on /home/airflow/.local/lib/python3.8/site-packages/airflow/example_dags/tutorial_objectstorage.py
[2024-03-09T10:37:45.450+0000] {processor.py:830} INFO - Processing file /home/airflow/.local/lib/python3.8/site-packages/airflow/example_dags/tutorial_objectstorage.py for tasks to queue
[2024-03-09T10:37:45.452+0000] {logging_mixin.py:188} INFO - [2024-03-09T10:37:45.451+0000] {dagbag.py:540} INFO - Filling up the DagBag from /home/airflow/.local/lib/python3.8/site-packages/airflow/example_dags/tutorial_objectstorage.py
[2024-03-09T10:37:45.459+0000] {processor.py:840} INFO - DAG(s) 'tutorial_objectstorage' retrieved from /home/airflow/.local/lib/python3.8/site-packages/airflow/example_dags/tutorial_objectstorage.py
[2024-03-09T10:37:45.479+0000] {logging_mixin.py:188} INFO - [2024-03-09T10:37:45.479+0000] {dag.py:3047} INFO - Sync 1 DAGs
[2024-03-09T10:37:45.492+0000] {logging_mixin.py:188} INFO - [2024-03-09T10:37:45.492+0000] {dag.py:3834} INFO - Setting next_dagrun for tutorial_objectstorage to None, run_after=None
[2024-03-09T10:37:45.519+0000] {processor.py:183} INFO - Processing /home/airflow/.local/lib/python3.8/site-packages/airflow/example_dags/tutorial_objectstorage.py took 0.073 seconds
[2024-03-09T10:38:16.093+0000] {processor.py:161} INFO - Started process (PID=897) to work on /home/airflow/.local/lib/python3.8/site-packages/airflow/example_dags/tutorial_objectstorage.py
[2024-03-09T10:38:16.094+0000] {processor.py:830} INFO - Processing file /home/airflow/.local/lib/python3.8/site-packages/airflow/example_dags/tutorial_objectstorage.py for tasks to queue
[2024-03-09T10:38:16.095+0000] {logging_mixin.py:188} INFO - [2024-03-09T10:38:16.095+0000] {dagbag.py:540} INFO - Filling up the DagBag from /home/airflow/.local/lib/python3.8/site-packages/airflow/example_dags/tutorial_objectstorage.py
[2024-03-09T10:38:16.102+0000] {processor.py:840} INFO - DAG(s) 'tutorial_objectstorage' retrieved from /home/airflow/.local/lib/python3.8/site-packages/airflow/example_dags/tutorial_objectstorage.py
[2024-03-09T10:38:16.123+0000] {logging_mixin.py:188} INFO - [2024-03-09T10:38:16.123+0000] {dag.py:3047} INFO - Sync 1 DAGs
[2024-03-09T10:38:16.136+0000] {logging_mixin.py:188} INFO - [2024-03-09T10:38:16.136+0000] {dag.py:3834} INFO - Setting next_dagrun for tutorial_objectstorage to None, run_after=None
[2024-03-09T10:38:16.163+0000] {processor.py:183} INFO - Processing /home/airflow/.local/lib/python3.8/site-packages/airflow/example_dags/tutorial_objectstorage.py took 0.074 seconds
[2024-03-09T10:38:47.150+0000] {processor.py:161} INFO - Started process (PID=952) to work on /home/airflow/.local/lib/python3.8/site-packages/airflow/example_dags/tutorial_objectstorage.py
[2024-03-09T10:38:47.151+0000] {processor.py:830} INFO - Processing file /home/airflow/.local/lib/python3.8/site-packages/airflow/example_dags/tutorial_objectstorage.py for tasks to queue
[2024-03-09T10:38:47.153+0000] {logging_mixin.py:188} INFO - [2024-03-09T10:38:47.153+0000] {dagbag.py:540} INFO - Filling up the DagBag from /home/airflow/.local/lib/python3.8/site-packages/airflow/example_dags/tutorial_objectstorage.py
[2024-03-09T10:38:47.163+0000] {processor.py:840} INFO - DAG(s) 'tutorial_objectstorage' retrieved from /home/airflow/.local/lib/python3.8/site-packages/airflow/example_dags/tutorial_objectstorage.py
[2024-03-09T10:38:47.189+0000] {logging_mixin.py:188} INFO - [2024-03-09T10:38:47.188+0000] {dag.py:3047} INFO - Sync 1 DAGs
[2024-03-09T10:38:47.209+0000] {logging_mixin.py:188} INFO - [2024-03-09T10:38:47.209+0000] {dag.py:3834} INFO - Setting next_dagrun for tutorial_objectstorage to None, run_after=None
[2024-03-09T10:38:47.274+0000] {processor.py:183} INFO - Processing /home/airflow/.local/lib/python3.8/site-packages/airflow/example_dags/tutorial_objectstorage.py took 0.130 seconds
[2024-03-09T10:39:18.791+0000] {processor.py:161} INFO - Started process (PID=1007) to work on /home/airflow/.local/lib/python3.8/site-packages/airflow/example_dags/tutorial_objectstorage.py
[2024-03-09T10:39:18.792+0000] {processor.py:830} INFO - Processing file /home/airflow/.local/lib/python3.8/site-packages/airflow/example_dags/tutorial_objectstorage.py for tasks to queue
[2024-03-09T10:39:18.795+0000] {logging_mixin.py:188} INFO - [2024-03-09T10:39:18.795+0000] {dagbag.py:540} INFO - Filling up the DagBag from /home/airflow/.local/lib/python3.8/site-packages/airflow/example_dags/tutorial_objectstorage.py
[2024-03-09T10:39:18.806+0000] {processor.py:840} INFO - DAG(s) 'tutorial_objectstorage' retrieved from /home/airflow/.local/lib/python3.8/site-packages/airflow/example_dags/tutorial_objectstorage.py
[2024-03-09T10:39:18.836+0000] {logging_mixin.py:188} INFO - [2024-03-09T10:39:18.835+0000] {dag.py:3047} INFO - Sync 1 DAGs
[2024-03-09T10:39:18.864+0000] {logging_mixin.py:188} INFO - [2024-03-09T10:39:18.863+0000] {dag.py:3834} INFO - Setting next_dagrun for tutorial_objectstorage to None, run_after=None
[2024-03-09T10:39:18.902+0000] {processor.py:183} INFO - Processing /home/airflow/.local/lib/python3.8/site-packages/airflow/example_dags/tutorial_objectstorage.py took 0.116 seconds
[2024-03-09T10:39:49.166+0000] {processor.py:161} INFO - Started process (PID=1062) to work on /home/airflow/.local/lib/python3.8/site-packages/airflow/example_dags/tutorial_objectstorage.py
[2024-03-09T10:39:49.168+0000] {processor.py:830} INFO - Processing file /home/airflow/.local/lib/python3.8/site-packages/airflow/example_dags/tutorial_objectstorage.py for tasks to queue
[2024-03-09T10:39:49.171+0000] {logging_mixin.py:188} INFO - [2024-03-09T10:39:49.171+0000] {dagbag.py:540} INFO - Filling up the DagBag from /home/airflow/.local/lib/python3.8/site-packages/airflow/example_dags/tutorial_objectstorage.py
[2024-03-09T10:39:49.184+0000] {processor.py:840} INFO - DAG(s) 'tutorial_objectstorage' retrieved from /home/airflow/.local/lib/python3.8/site-packages/airflow/example_dags/tutorial_objectstorage.py
[2024-03-09T10:39:49.219+0000] {logging_mixin.py:188} INFO - [2024-03-09T10:39:49.218+0000] {dag.py:3047} INFO - Sync 1 DAGs
[2024-03-09T10:39:49.242+0000] {logging_mixin.py:188} INFO - [2024-03-09T10:39:49.242+0000] {dag.py:3834} INFO - Setting next_dagrun for tutorial_objectstorage to None, run_after=None
[2024-03-09T10:39:49.277+0000] {processor.py:183} INFO - Processing /home/airflow/.local/lib/python3.8/site-packages/airflow/example_dags/tutorial_objectstorage.py took 0.117 seconds
[2024-03-09T10:40:19.469+0000] {processor.py:161} INFO - Started process (PID=1117) to work on /home/airflow/.local/lib/python3.8/site-packages/airflow/example_dags/tutorial_objectstorage.py
[2024-03-09T10:40:19.471+0000] {processor.py:830} INFO - Processing file /home/airflow/.local/lib/python3.8/site-packages/airflow/example_dags/tutorial_objectstorage.py for tasks to queue
[2024-03-09T10:40:19.474+0000] {logging_mixin.py:188} INFO - [2024-03-09T10:40:19.473+0000] {dagbag.py:540} INFO - Filling up the DagBag from /home/airflow/.local/lib/python3.8/site-packages/airflow/example_dags/tutorial_objectstorage.py
[2024-03-09T10:40:19.485+0000] {processor.py:840} INFO - DAG(s) 'tutorial_objectstorage' retrieved from /home/airflow/.local/lib/python3.8/site-packages/airflow/example_dags/tutorial_objectstorage.py
[2024-03-09T10:40:19.506+0000] {logging_mixin.py:188} INFO - [2024-03-09T10:40:19.506+0000] {dag.py:3047} INFO - Sync 1 DAGs
[2024-03-09T10:40:19.520+0000] {logging_mixin.py:188} INFO - [2024-03-09T10:40:19.520+0000] {dag.py:3834} INFO - Setting next_dagrun for tutorial_objectstorage to None, run_after=None
[2024-03-09T10:40:19.547+0000] {processor.py:183} INFO - Processing /home/airflow/.local/lib/python3.8/site-packages/airflow/example_dags/tutorial_objectstorage.py took 0.085 seconds
[2024-03-09T10:40:50.076+0000] {processor.py:161} INFO - Started process (PID=1172) to work on /home/airflow/.local/lib/python3.8/site-packages/airflow/example_dags/tutorial_objectstorage.py
[2024-03-09T10:40:50.077+0000] {processor.py:830} INFO - Processing file /home/airflow/.local/lib/python3.8/site-packages/airflow/example_dags/tutorial_objectstorage.py for tasks to queue
[2024-03-09T10:40:50.079+0000] {logging_mixin.py:188} INFO - [2024-03-09T10:40:50.079+0000] {dagbag.py:540} INFO - Filling up the DagBag from /home/airflow/.local/lib/python3.8/site-packages/airflow/example_dags/tutorial_objectstorage.py
[2024-03-09T10:40:50.085+0000] {processor.py:840} INFO - DAG(s) 'tutorial_objectstorage' retrieved from /home/airflow/.local/lib/python3.8/site-packages/airflow/example_dags/tutorial_objectstorage.py
[2024-03-09T10:40:50.106+0000] {logging_mixin.py:188} INFO - [2024-03-09T10:40:50.106+0000] {dag.py:3047} INFO - Sync 1 DAGs
[2024-03-09T10:40:50.120+0000] {logging_mixin.py:188} INFO - [2024-03-09T10:40:50.120+0000] {dag.py:3834} INFO - Setting next_dagrun for tutorial_objectstorage to None, run_after=None
[2024-03-09T10:40:50.149+0000] {processor.py:183} INFO - Processing /home/airflow/.local/lib/python3.8/site-packages/airflow/example_dags/tutorial_objectstorage.py took 0.076 seconds
[2024-03-09T10:41:21.003+0000] {processor.py:161} INFO - Started process (PID=1227) to work on /home/airflow/.local/lib/python3.8/site-packages/airflow/example_dags/tutorial_objectstorage.py
[2024-03-09T10:41:21.004+0000] {processor.py:830} INFO - Processing file /home/airflow/.local/lib/python3.8/site-packages/airflow/example_dags/tutorial_objectstorage.py for tasks to queue
[2024-03-09T10:41:21.006+0000] {logging_mixin.py:188} INFO - [2024-03-09T10:41:21.006+0000] {dagbag.py:540} INFO - Filling up the DagBag from /home/airflow/.local/lib/python3.8/site-packages/airflow/example_dags/tutorial_objectstorage.py
[2024-03-09T10:41:21.012+0000] {processor.py:840} INFO - DAG(s) 'tutorial_objectstorage' retrieved from /home/airflow/.local/lib/python3.8/site-packages/airflow/example_dags/tutorial_objectstorage.py
[2024-03-09T10:41:21.034+0000] {logging_mixin.py:188} INFO - [2024-03-09T10:41:21.034+0000] {dag.py:3047} INFO - Sync 1 DAGs
[2024-03-09T10:41:21.048+0000] {logging_mixin.py:188} INFO - [2024-03-09T10:41:21.047+0000] {dag.py:3834} INFO - Setting next_dagrun for tutorial_objectstorage to None, run_after=None
[2024-03-09T10:41:21.074+0000] {processor.py:183} INFO - Processing /home/airflow/.local/lib/python3.8/site-packages/airflow/example_dags/tutorial_objectstorage.py took 0.074 seconds
[2024-03-09T10:41:51.252+0000] {processor.py:161} INFO - Started process (PID=1282) to work on /home/airflow/.local/lib/python3.8/site-packages/airflow/example_dags/tutorial_objectstorage.py
[2024-03-09T10:41:51.253+0000] {processor.py:830} INFO - Processing file /home/airflow/.local/lib/python3.8/site-packages/airflow/example_dags/tutorial_objectstorage.py for tasks to queue
[2024-03-09T10:41:51.255+0000] {logging_mixin.py:188} INFO - [2024-03-09T10:41:51.255+0000] {dagbag.py:540} INFO - Filling up the DagBag from /home/airflow/.local/lib/python3.8/site-packages/airflow/example_dags/tutorial_objectstorage.py
[2024-03-09T10:41:51.261+0000] {processor.py:840} INFO - DAG(s) 'tutorial_objectstorage' retrieved from /home/airflow/.local/lib/python3.8/site-packages/airflow/example_dags/tutorial_objectstorage.py
[2024-03-09T10:41:51.286+0000] {logging_mixin.py:188} INFO - [2024-03-09T10:41:51.286+0000] {dag.py:3047} INFO - Sync 1 DAGs
[2024-03-09T10:41:51.299+0000] {logging_mixin.py:188} INFO - [2024-03-09T10:41:51.299+0000] {dag.py:3834} INFO - Setting next_dagrun for tutorial_objectstorage to None, run_after=None
[2024-03-09T10:41:51.327+0000] {processor.py:183} INFO - Processing /home/airflow/.local/lib/python3.8/site-packages/airflow/example_dags/tutorial_objectstorage.py took 0.078 seconds
[2024-03-09T10:42:21.486+0000] {processor.py:161} INFO - Started process (PID=1337) to work on /home/airflow/.local/lib/python3.8/site-packages/airflow/example_dags/tutorial_objectstorage.py
[2024-03-09T10:42:21.487+0000] {processor.py:830} INFO - Processing file /home/airflow/.local/lib/python3.8/site-packages/airflow/example_dags/tutorial_objectstorage.py for tasks to queue
[2024-03-09T10:42:21.489+0000] {logging_mixin.py:188} INFO - [2024-03-09T10:42:21.489+0000] {dagbag.py:540} INFO - Filling up the DagBag from /home/airflow/.local/lib/python3.8/site-packages/airflow/example_dags/tutorial_objectstorage.py
[2024-03-09T10:42:21.497+0000] {processor.py:840} INFO - DAG(s) 'tutorial_objectstorage' retrieved from /home/airflow/.local/lib/python3.8/site-packages/airflow/example_dags/tutorial_objectstorage.py
[2024-03-09T10:42:21.518+0000] {logging_mixin.py:188} INFO - [2024-03-09T10:42:21.518+0000] {dag.py:3047} INFO - Sync 1 DAGs
[2024-03-09T10:42:21.533+0000] {logging_mixin.py:188} INFO - [2024-03-09T10:42:21.532+0000] {dag.py:3834} INFO - Setting next_dagrun for tutorial_objectstorage to None, run_after=None
[2024-03-09T10:42:21.561+0000] {processor.py:183} INFO - Processing /home/airflow/.local/lib/python3.8/site-packages/airflow/example_dags/tutorial_objectstorage.py took 0.078 seconds
[2024-03-09T10:42:51.761+0000] {processor.py:161} INFO - Started process (PID=1392) to work on /home/airflow/.local/lib/python3.8/site-packages/airflow/example_dags/tutorial_objectstorage.py
[2024-03-09T10:42:51.762+0000] {processor.py:830} INFO - Processing file /home/airflow/.local/lib/python3.8/site-packages/airflow/example_dags/tutorial_objectstorage.py for tasks to queue
[2024-03-09T10:42:51.765+0000] {logging_mixin.py:188} INFO - [2024-03-09T10:42:51.764+0000] {dagbag.py:540} INFO - Filling up the DagBag from /home/airflow/.local/lib/python3.8/site-packages/airflow/example_dags/tutorial_objectstorage.py
[2024-03-09T10:42:51.772+0000] {processor.py:840} INFO - DAG(s) 'tutorial_objectstorage' retrieved from /home/airflow/.local/lib/python3.8/site-packages/airflow/example_dags/tutorial_objectstorage.py
[2024-03-09T10:42:51.794+0000] {logging_mixin.py:188} INFO - [2024-03-09T10:42:51.794+0000] {dag.py:3047} INFO - Sync 1 DAGs
[2024-03-09T10:42:51.810+0000] {logging_mixin.py:188} INFO - [2024-03-09T10:42:51.809+0000] {dag.py:3834} INFO - Setting next_dagrun for tutorial_objectstorage to None, run_after=None
[2024-03-09T10:42:51.845+0000] {processor.py:183} INFO - Processing /home/airflow/.local/lib/python3.8/site-packages/airflow/example_dags/tutorial_objectstorage.py took 0.089 seconds
[2024-03-09T10:43:22.199+0000] {processor.py:161} INFO - Started process (PID=1453) to work on /home/airflow/.local/lib/python3.8/site-packages/airflow/example_dags/tutorial_objectstorage.py
[2024-03-09T10:43:22.200+0000] {processor.py:830} INFO - Processing file /home/airflow/.local/lib/python3.8/site-packages/airflow/example_dags/tutorial_objectstorage.py for tasks to queue
[2024-03-09T10:43:22.202+0000] {logging_mixin.py:188} INFO - [2024-03-09T10:43:22.202+0000] {dagbag.py:540} INFO - Filling up the DagBag from /home/airflow/.local/lib/python3.8/site-packages/airflow/example_dags/tutorial_objectstorage.py
[2024-03-09T10:43:22.210+0000] {processor.py:840} INFO - DAG(s) 'tutorial_objectstorage' retrieved from /home/airflow/.local/lib/python3.8/site-packages/airflow/example_dags/tutorial_objectstorage.py
[2024-03-09T10:43:22.238+0000] {logging_mixin.py:188} INFO - [2024-03-09T10:43:22.237+0000] {dag.py:3047} INFO - Sync 1 DAGs
[2024-03-09T10:43:22.254+0000] {logging_mixin.py:188} INFO - [2024-03-09T10:43:22.254+0000] {dag.py:3834} INFO - Setting next_dagrun for tutorial_objectstorage to None, run_after=None
[2024-03-09T10:43:22.294+0000] {processor.py:183} INFO - Processing /home/airflow/.local/lib/python3.8/site-packages/airflow/example_dags/tutorial_objectstorage.py took 0.098 seconds
[2024-03-09T10:43:52.454+0000] {processor.py:161} INFO - Started process (PID=1508) to work on /home/airflow/.local/lib/python3.8/site-packages/airflow/example_dags/tutorial_objectstorage.py
[2024-03-09T10:43:52.456+0000] {processor.py:830} INFO - Processing file /home/airflow/.local/lib/python3.8/site-packages/airflow/example_dags/tutorial_objectstorage.py for tasks to queue
[2024-03-09T10:43:52.458+0000] {logging_mixin.py:188} INFO - [2024-03-09T10:43:52.458+0000] {dagbag.py:540} INFO - Filling up the DagBag from /home/airflow/.local/lib/python3.8/site-packages/airflow/example_dags/tutorial_objectstorage.py
[2024-03-09T10:43:52.471+0000] {processor.py:840} INFO - DAG(s) 'tutorial_objectstorage' retrieved from /home/airflow/.local/lib/python3.8/site-packages/airflow/example_dags/tutorial_objectstorage.py
[2024-03-09T10:43:52.508+0000] {logging_mixin.py:188} INFO - [2024-03-09T10:43:52.508+0000] {dag.py:3047} INFO - Sync 1 DAGs
[2024-03-09T10:43:52.534+0000] {logging_mixin.py:188} INFO - [2024-03-09T10:43:52.534+0000] {dag.py:3834} INFO - Setting next_dagrun for tutorial_objectstorage to None, run_after=None
[2024-03-09T10:43:52.576+0000] {processor.py:183} INFO - Processing /home/airflow/.local/lib/python3.8/site-packages/airflow/example_dags/tutorial_objectstorage.py took 0.125 seconds
[2024-03-09T10:44:22.836+0000] {processor.py:161} INFO - Started process (PID=1563) to work on /home/airflow/.local/lib/python3.8/site-packages/airflow/example_dags/tutorial_objectstorage.py
[2024-03-09T10:44:22.837+0000] {processor.py:830} INFO - Processing file /home/airflow/.local/lib/python3.8/site-packages/airflow/example_dags/tutorial_objectstorage.py for tasks to queue
[2024-03-09T10:44:22.839+0000] {logging_mixin.py:188} INFO - [2024-03-09T10:44:22.839+0000] {dagbag.py:540} INFO - Filling up the DagBag from /home/airflow/.local/lib/python3.8/site-packages/airflow/example_dags/tutorial_objectstorage.py
[2024-03-09T10:44:22.845+0000] {processor.py:840} INFO - DAG(s) 'tutorial_objectstorage' retrieved from /home/airflow/.local/lib/python3.8/site-packages/airflow/example_dags/tutorial_objectstorage.py
[2024-03-09T10:44:22.867+0000] {logging_mixin.py:188} INFO - [2024-03-09T10:44:22.867+0000] {dag.py:3047} INFO - Sync 1 DAGs
[2024-03-09T10:44:22.880+0000] {logging_mixin.py:188} INFO - [2024-03-09T10:44:22.880+0000] {dag.py:3834} INFO - Setting next_dagrun for tutorial_objectstorage to None, run_after=None
[2024-03-09T10:44:22.905+0000] {processor.py:183} INFO - Processing /home/airflow/.local/lib/python3.8/site-packages/airflow/example_dags/tutorial_objectstorage.py took 0.072 seconds
[2024-03-09T10:44:53.086+0000] {processor.py:161} INFO - Started process (PID=1618) to work on /home/airflow/.local/lib/python3.8/site-packages/airflow/example_dags/tutorial_objectstorage.py
[2024-03-09T10:44:53.088+0000] {processor.py:830} INFO - Processing file /home/airflow/.local/lib/python3.8/site-packages/airflow/example_dags/tutorial_objectstorage.py for tasks to queue
[2024-03-09T10:44:53.090+0000] {logging_mixin.py:188} INFO - [2024-03-09T10:44:53.090+0000] {dagbag.py:540} INFO - Filling up the DagBag from /home/airflow/.local/lib/python3.8/site-packages/airflow/example_dags/tutorial_objectstorage.py
[2024-03-09T10:44:53.099+0000] {processor.py:840} INFO - DAG(s) 'tutorial_objectstorage' retrieved from /home/airflow/.local/lib/python3.8/site-packages/airflow/example_dags/tutorial_objectstorage.py
[2024-03-09T10:44:53.123+0000] {logging_mixin.py:188} INFO - [2024-03-09T10:44:53.123+0000] {dag.py:3047} INFO - Sync 1 DAGs
[2024-03-09T10:44:53.139+0000] {logging_mixin.py:188} INFO - [2024-03-09T10:44:53.139+0000] {dag.py:3834} INFO - Setting next_dagrun for tutorial_objectstorage to None, run_after=None
[2024-03-09T10:44:53.168+0000] {processor.py:183} INFO - Processing /home/airflow/.local/lib/python3.8/site-packages/airflow/example_dags/tutorial_objectstorage.py took 0.086 seconds
[2024-03-09T10:45:23.428+0000] {processor.py:161} INFO - Started process (PID=1673) to work on /home/airflow/.local/lib/python3.8/site-packages/airflow/example_dags/tutorial_objectstorage.py
[2024-03-09T10:45:23.455+0000] {processor.py:830} INFO - Processing file /home/airflow/.local/lib/python3.8/site-packages/airflow/example_dags/tutorial_objectstorage.py for tasks to queue
[2024-03-09T10:45:23.457+0000] {logging_mixin.py:188} INFO - [2024-03-09T10:45:23.457+0000] {dagbag.py:540} INFO - Filling up the DagBag from /home/airflow/.local/lib/python3.8/site-packages/airflow/example_dags/tutorial_objectstorage.py
[2024-03-09T10:45:23.464+0000] {processor.py:840} INFO - DAG(s) 'tutorial_objectstorage' retrieved from /home/airflow/.local/lib/python3.8/site-packages/airflow/example_dags/tutorial_objectstorage.py
[2024-03-09T10:45:23.487+0000] {logging_mixin.py:188} INFO - [2024-03-09T10:45:23.487+0000] {dag.py:3047} INFO - Sync 1 DAGs
[2024-03-09T10:45:23.507+0000] {logging_mixin.py:188} INFO - [2024-03-09T10:45:23.507+0000] {dag.py:3834} INFO - Setting next_dagrun for tutorial_objectstorage to None, run_after=None
[2024-03-09T10:45:23.577+0000] {processor.py:183} INFO - Processing /home/airflow/.local/lib/python3.8/site-packages/airflow/example_dags/tutorial_objectstorage.py took 0.153 seconds
[2024-03-09T10:45:53.934+0000] {processor.py:161} INFO - Started process (PID=1728) to work on /home/airflow/.local/lib/python3.8/site-packages/airflow/example_dags/tutorial_objectstorage.py
[2024-03-09T10:45:53.936+0000] {processor.py:830} INFO - Processing file /home/airflow/.local/lib/python3.8/site-packages/airflow/example_dags/tutorial_objectstorage.py for tasks to queue
[2024-03-09T10:45:53.938+0000] {logging_mixin.py:188} INFO - [2024-03-09T10:45:53.938+0000] {dagbag.py:540} INFO - Filling up the DagBag from /home/airflow/.local/lib/python3.8/site-packages/airflow/example_dags/tutorial_objectstorage.py
[2024-03-09T10:45:53.950+0000] {processor.py:840} INFO - DAG(s) 'tutorial_objectstorage' retrieved from /home/airflow/.local/lib/python3.8/site-packages/airflow/example_dags/tutorial_objectstorage.py
[2024-03-09T10:45:53.981+0000] {logging_mixin.py:188} INFO - [2024-03-09T10:45:53.981+0000] {dag.py:3047} INFO - Sync 1 DAGs
[2024-03-09T10:45:54.001+0000] {logging_mixin.py:188} INFO - [2024-03-09T10:45:54.000+0000] {dag.py:3834} INFO - Setting next_dagrun for tutorial_objectstorage to None, run_after=None
[2024-03-09T10:45:54.041+0000] {processor.py:183} INFO - Processing /home/airflow/.local/lib/python3.8/site-packages/airflow/example_dags/tutorial_objectstorage.py took 0.110 seconds
