[2024-03-09T10:30:37.922+0000] {processor.py:161} INFO - Started process (PID=73) to work on /home/airflow/.local/lib/python3.8/site-packages/airflow/example_dags/tutorial_dag.py
[2024-03-09T10:30:37.924+0000] {processor.py:830} INFO - Processing file /home/airflow/.local/lib/python3.8/site-packages/airflow/example_dags/tutorial_dag.py for tasks to queue
[2024-03-09T10:30:37.926+0000] {logging_mixin.py:188} INFO - [2024-03-09T10:30:37.926+0000] {dagbag.py:540} INFO - Filling up the DagBag from /home/airflow/.local/lib/python3.8/site-packages/airflow/example_dags/tutorial_dag.py
[2024-03-09T10:30:37.938+0000] {processor.py:840} INFO - DAG(s) 'tutorial_dag' retrieved from /home/airflow/.local/lib/python3.8/site-packages/airflow/example_dags/tutorial_dag.py
[2024-03-09T10:30:38.099+0000] {logging_mixin.py:188} INFO - [2024-03-09T10:30:38.099+0000] {dag.py:3047} INFO - Sync 1 DAGs
[2024-03-09T10:30:38.114+0000] {logging_mixin.py:188} INFO - [2024-03-09T10:30:38.114+0000] {dag.py:3834} INFO - Setting next_dagrun for tutorial_dag to None, run_after=None
[2024-03-09T10:30:38.152+0000] {processor.py:183} INFO - Processing /home/airflow/.local/lib/python3.8/site-packages/airflow/example_dags/tutorial_dag.py took 0.235 seconds
[2024-03-09T10:31:08.264+0000] {processor.py:161} INFO - Started process (PID=128) to work on /home/airflow/.local/lib/python3.8/site-packages/airflow/example_dags/tutorial_dag.py
[2024-03-09T10:31:08.265+0000] {processor.py:830} INFO - Processing file /home/airflow/.local/lib/python3.8/site-packages/airflow/example_dags/tutorial_dag.py for tasks to queue
[2024-03-09T10:31:08.267+0000] {logging_mixin.py:188} INFO - [2024-03-09T10:31:08.267+0000] {dagbag.py:540} INFO - Filling up the DagBag from /home/airflow/.local/lib/python3.8/site-packages/airflow/example_dags/tutorial_dag.py
[2024-03-09T10:31:08.273+0000] {processor.py:840} INFO - DAG(s) 'tutorial_dag' retrieved from /home/airflow/.local/lib/python3.8/site-packages/airflow/example_dags/tutorial_dag.py
[2024-03-09T10:31:08.292+0000] {logging_mixin.py:188} INFO - [2024-03-09T10:31:08.292+0000] {dag.py:3047} INFO - Sync 1 DAGs
[2024-03-09T10:31:08.306+0000] {logging_mixin.py:188} INFO - [2024-03-09T10:31:08.306+0000] {dag.py:3834} INFO - Setting next_dagrun for tutorial_dag to None, run_after=None
[2024-03-09T10:31:08.330+0000] {processor.py:183} INFO - Processing /home/airflow/.local/lib/python3.8/site-packages/airflow/example_dags/tutorial_dag.py took 0.069 seconds
[2024-03-09T10:31:39.192+0000] {processor.py:161} INFO - Started process (PID=183) to work on /home/airflow/.local/lib/python3.8/site-packages/airflow/example_dags/tutorial_dag.py
[2024-03-09T10:31:39.194+0000] {processor.py:830} INFO - Processing file /home/airflow/.local/lib/python3.8/site-packages/airflow/example_dags/tutorial_dag.py for tasks to queue
[2024-03-09T10:31:39.197+0000] {logging_mixin.py:188} INFO - [2024-03-09T10:31:39.197+0000] {dagbag.py:540} INFO - Filling up the DagBag from /home/airflow/.local/lib/python3.8/site-packages/airflow/example_dags/tutorial_dag.py
[2024-03-09T10:31:39.206+0000] {processor.py:840} INFO - DAG(s) 'tutorial_dag' retrieved from /home/airflow/.local/lib/python3.8/site-packages/airflow/example_dags/tutorial_dag.py
[2024-03-09T10:31:39.231+0000] {logging_mixin.py:188} INFO - [2024-03-09T10:31:39.231+0000] {dag.py:3047} INFO - Sync 1 DAGs
[2024-03-09T10:31:39.248+0000] {logging_mixin.py:188} INFO - [2024-03-09T10:31:39.246+0000] {dag.py:3834} INFO - Setting next_dagrun for tutorial_dag to None, run_after=None
[2024-03-09T10:31:39.289+0000] {processor.py:183} INFO - Processing /home/airflow/.local/lib/python3.8/site-packages/airflow/example_dags/tutorial_dag.py took 0.100 seconds
[2024-03-09T10:32:09.706+0000] {processor.py:161} INFO - Started process (PID=238) to work on /home/airflow/.local/lib/python3.8/site-packages/airflow/example_dags/tutorial_dag.py
[2024-03-09T10:32:09.708+0000] {processor.py:830} INFO - Processing file /home/airflow/.local/lib/python3.8/site-packages/airflow/example_dags/tutorial_dag.py for tasks to queue
[2024-03-09T10:32:09.710+0000] {logging_mixin.py:188} INFO - [2024-03-09T10:32:09.709+0000] {dagbag.py:540} INFO - Filling up the DagBag from /home/airflow/.local/lib/python3.8/site-packages/airflow/example_dags/tutorial_dag.py
[2024-03-09T10:32:09.715+0000] {processor.py:840} INFO - DAG(s) 'tutorial_dag' retrieved from /home/airflow/.local/lib/python3.8/site-packages/airflow/example_dags/tutorial_dag.py
[2024-03-09T10:32:09.734+0000] {logging_mixin.py:188} INFO - [2024-03-09T10:32:09.734+0000] {dag.py:3047} INFO - Sync 1 DAGs
[2024-03-09T10:32:09.749+0000] {logging_mixin.py:188} INFO - [2024-03-09T10:32:09.749+0000] {dag.py:3834} INFO - Setting next_dagrun for tutorial_dag to None, run_after=None
[2024-03-09T10:32:09.773+0000] {processor.py:183} INFO - Processing /home/airflow/.local/lib/python3.8/site-packages/airflow/example_dags/tutorial_dag.py took 0.070 seconds
[2024-03-09T10:32:40.286+0000] {processor.py:161} INFO - Started process (PID=293) to work on /home/airflow/.local/lib/python3.8/site-packages/airflow/example_dags/tutorial_dag.py
[2024-03-09T10:32:40.288+0000] {processor.py:830} INFO - Processing file /home/airflow/.local/lib/python3.8/site-packages/airflow/example_dags/tutorial_dag.py for tasks to queue
[2024-03-09T10:32:40.291+0000] {logging_mixin.py:188} INFO - [2024-03-09T10:32:40.290+0000] {dagbag.py:540} INFO - Filling up the DagBag from /home/airflow/.local/lib/python3.8/site-packages/airflow/example_dags/tutorial_dag.py
[2024-03-09T10:32:40.297+0000] {processor.py:840} INFO - DAG(s) 'tutorial_dag' retrieved from /home/airflow/.local/lib/python3.8/site-packages/airflow/example_dags/tutorial_dag.py
[2024-03-09T10:32:40.325+0000] {logging_mixin.py:188} INFO - [2024-03-09T10:32:40.324+0000] {dag.py:3047} INFO - Sync 1 DAGs
[2024-03-09T10:32:40.340+0000] {logging_mixin.py:188} INFO - [2024-03-09T10:32:40.340+0000] {dag.py:3834} INFO - Setting next_dagrun for tutorial_dag to None, run_after=None
[2024-03-09T10:32:40.363+0000] {processor.py:183} INFO - Processing /home/airflow/.local/lib/python3.8/site-packages/airflow/example_dags/tutorial_dag.py took 0.079 seconds
[2024-03-09T10:33:10.614+0000] {processor.py:161} INFO - Started process (PID=348) to work on /home/airflow/.local/lib/python3.8/site-packages/airflow/example_dags/tutorial_dag.py
[2024-03-09T10:33:10.615+0000] {processor.py:830} INFO - Processing file /home/airflow/.local/lib/python3.8/site-packages/airflow/example_dags/tutorial_dag.py for tasks to queue
[2024-03-09T10:33:10.619+0000] {logging_mixin.py:188} INFO - [2024-03-09T10:33:10.618+0000] {dagbag.py:540} INFO - Filling up the DagBag from /home/airflow/.local/lib/python3.8/site-packages/airflow/example_dags/tutorial_dag.py
[2024-03-09T10:33:10.627+0000] {processor.py:840} INFO - DAG(s) 'tutorial_dag' retrieved from /home/airflow/.local/lib/python3.8/site-packages/airflow/example_dags/tutorial_dag.py
[2024-03-09T10:33:10.652+0000] {logging_mixin.py:188} INFO - [2024-03-09T10:33:10.652+0000] {dag.py:3047} INFO - Sync 1 DAGs
[2024-03-09T10:33:10.672+0000] {logging_mixin.py:188} INFO - [2024-03-09T10:33:10.671+0000] {dag.py:3834} INFO - Setting next_dagrun for tutorial_dag to None, run_after=None
[2024-03-09T10:33:10.704+0000] {processor.py:183} INFO - Processing /home/airflow/.local/lib/python3.8/site-packages/airflow/example_dags/tutorial_dag.py took 0.094 seconds
[2024-03-09T10:33:41.109+0000] {processor.py:161} INFO - Started process (PID=403) to work on /home/airflow/.local/lib/python3.8/site-packages/airflow/example_dags/tutorial_dag.py
[2024-03-09T10:33:41.111+0000] {processor.py:830} INFO - Processing file /home/airflow/.local/lib/python3.8/site-packages/airflow/example_dags/tutorial_dag.py for tasks to queue
[2024-03-09T10:33:41.113+0000] {logging_mixin.py:188} INFO - [2024-03-09T10:33:41.112+0000] {dagbag.py:540} INFO - Filling up the DagBag from /home/airflow/.local/lib/python3.8/site-packages/airflow/example_dags/tutorial_dag.py
[2024-03-09T10:33:41.118+0000] {processor.py:840} INFO - DAG(s) 'tutorial_dag' retrieved from /home/airflow/.local/lib/python3.8/site-packages/airflow/example_dags/tutorial_dag.py
[2024-03-09T10:33:41.138+0000] {logging_mixin.py:188} INFO - [2024-03-09T10:33:41.137+0000] {dag.py:3047} INFO - Sync 1 DAGs
[2024-03-09T10:33:41.153+0000] {logging_mixin.py:188} INFO - [2024-03-09T10:33:41.153+0000] {dag.py:3834} INFO - Setting next_dagrun for tutorial_dag to None, run_after=None
[2024-03-09T10:33:41.176+0000] {processor.py:183} INFO - Processing /home/airflow/.local/lib/python3.8/site-packages/airflow/example_dags/tutorial_dag.py took 0.069 seconds
[2024-03-09T10:34:11.498+0000] {processor.py:161} INFO - Started process (PID=458) to work on /home/airflow/.local/lib/python3.8/site-packages/airflow/example_dags/tutorial_dag.py
[2024-03-09T10:34:11.500+0000] {processor.py:830} INFO - Processing file /home/airflow/.local/lib/python3.8/site-packages/airflow/example_dags/tutorial_dag.py for tasks to queue
[2024-03-09T10:34:11.504+0000] {logging_mixin.py:188} INFO - [2024-03-09T10:34:11.503+0000] {dagbag.py:540} INFO - Filling up the DagBag from /home/airflow/.local/lib/python3.8/site-packages/airflow/example_dags/tutorial_dag.py
[2024-03-09T10:34:11.513+0000] {processor.py:840} INFO - DAG(s) 'tutorial_dag' retrieved from /home/airflow/.local/lib/python3.8/site-packages/airflow/example_dags/tutorial_dag.py
[2024-03-09T10:34:11.542+0000] {logging_mixin.py:188} INFO - [2024-03-09T10:34:11.542+0000] {dag.py:3047} INFO - Sync 1 DAGs
[2024-03-09T10:34:11.560+0000] {logging_mixin.py:188} INFO - [2024-03-09T10:34:11.560+0000] {dag.py:3834} INFO - Setting next_dagrun for tutorial_dag to None, run_after=None
[2024-03-09T10:34:11.585+0000] {processor.py:183} INFO - Processing /home/airflow/.local/lib/python3.8/site-packages/airflow/example_dags/tutorial_dag.py took 0.091 seconds
[2024-03-09T10:34:41.939+0000] {processor.py:161} INFO - Started process (PID=513) to work on /home/airflow/.local/lib/python3.8/site-packages/airflow/example_dags/tutorial_dag.py
[2024-03-09T10:34:41.940+0000] {processor.py:830} INFO - Processing file /home/airflow/.local/lib/python3.8/site-packages/airflow/example_dags/tutorial_dag.py for tasks to queue
[2024-03-09T10:34:41.941+0000] {logging_mixin.py:188} INFO - [2024-03-09T10:34:41.941+0000] {dagbag.py:540} INFO - Filling up the DagBag from /home/airflow/.local/lib/python3.8/site-packages/airflow/example_dags/tutorial_dag.py
[2024-03-09T10:34:41.946+0000] {processor.py:840} INFO - DAG(s) 'tutorial_dag' retrieved from /home/airflow/.local/lib/python3.8/site-packages/airflow/example_dags/tutorial_dag.py
[2024-03-09T10:34:41.968+0000] {logging_mixin.py:188} INFO - [2024-03-09T10:34:41.967+0000] {dag.py:3047} INFO - Sync 1 DAGs
[2024-03-09T10:34:41.980+0000] {logging_mixin.py:188} INFO - [2024-03-09T10:34:41.980+0000] {dag.py:3834} INFO - Setting next_dagrun for tutorial_dag to None, run_after=None
[2024-03-09T10:34:42.003+0000] {processor.py:183} INFO - Processing /home/airflow/.local/lib/python3.8/site-packages/airflow/example_dags/tutorial_dag.py took 0.068 seconds
[2024-03-09T10:35:12.245+0000] {processor.py:161} INFO - Started process (PID=568) to work on /home/airflow/.local/lib/python3.8/site-packages/airflow/example_dags/tutorial_dag.py
[2024-03-09T10:35:12.246+0000] {processor.py:830} INFO - Processing file /home/airflow/.local/lib/python3.8/site-packages/airflow/example_dags/tutorial_dag.py for tasks to queue
[2024-03-09T10:35:12.248+0000] {logging_mixin.py:188} INFO - [2024-03-09T10:35:12.248+0000] {dagbag.py:540} INFO - Filling up the DagBag from /home/airflow/.local/lib/python3.8/site-packages/airflow/example_dags/tutorial_dag.py
[2024-03-09T10:35:12.254+0000] {processor.py:840} INFO - DAG(s) 'tutorial_dag' retrieved from /home/airflow/.local/lib/python3.8/site-packages/airflow/example_dags/tutorial_dag.py
[2024-03-09T10:35:12.275+0000] {logging_mixin.py:188} INFO - [2024-03-09T10:35:12.275+0000] {dag.py:3047} INFO - Sync 1 DAGs
[2024-03-09T10:35:12.288+0000] {logging_mixin.py:188} INFO - [2024-03-09T10:35:12.288+0000] {dag.py:3834} INFO - Setting next_dagrun for tutorial_dag to None, run_after=None
[2024-03-09T10:35:12.319+0000] {processor.py:183} INFO - Processing /home/airflow/.local/lib/python3.8/site-packages/airflow/example_dags/tutorial_dag.py took 0.077 seconds
[2024-03-09T10:35:42.757+0000] {processor.py:161} INFO - Started process (PID=623) to work on /home/airflow/.local/lib/python3.8/site-packages/airflow/example_dags/tutorial_dag.py
[2024-03-09T10:35:42.758+0000] {processor.py:830} INFO - Processing file /home/airflow/.local/lib/python3.8/site-packages/airflow/example_dags/tutorial_dag.py for tasks to queue
[2024-03-09T10:35:42.759+0000] {logging_mixin.py:188} INFO - [2024-03-09T10:35:42.759+0000] {dagbag.py:540} INFO - Filling up the DagBag from /home/airflow/.local/lib/python3.8/site-packages/airflow/example_dags/tutorial_dag.py
[2024-03-09T10:35:42.764+0000] {processor.py:840} INFO - DAG(s) 'tutorial_dag' retrieved from /home/airflow/.local/lib/python3.8/site-packages/airflow/example_dags/tutorial_dag.py
[2024-03-09T10:35:42.787+0000] {logging_mixin.py:188} INFO - [2024-03-09T10:35:42.787+0000] {dag.py:3047} INFO - Sync 1 DAGs
[2024-03-09T10:35:42.801+0000] {logging_mixin.py:188} INFO - [2024-03-09T10:35:42.800+0000] {dag.py:3834} INFO - Setting next_dagrun for tutorial_dag to None, run_after=None
[2024-03-09T10:35:42.838+0000] {processor.py:183} INFO - Processing /home/airflow/.local/lib/python3.8/site-packages/airflow/example_dags/tutorial_dag.py took 0.084 seconds
[2024-03-09T10:36:13.934+0000] {processor.py:161} INFO - Started process (PID=678) to work on /home/airflow/.local/lib/python3.8/site-packages/airflow/example_dags/tutorial_dag.py
[2024-03-09T10:36:13.935+0000] {processor.py:830} INFO - Processing file /home/airflow/.local/lib/python3.8/site-packages/airflow/example_dags/tutorial_dag.py for tasks to queue
[2024-03-09T10:36:13.936+0000] {logging_mixin.py:188} INFO - [2024-03-09T10:36:13.936+0000] {dagbag.py:540} INFO - Filling up the DagBag from /home/airflow/.local/lib/python3.8/site-packages/airflow/example_dags/tutorial_dag.py
[2024-03-09T10:36:13.942+0000] {processor.py:840} INFO - DAG(s) 'tutorial_dag' retrieved from /home/airflow/.local/lib/python3.8/site-packages/airflow/example_dags/tutorial_dag.py
[2024-03-09T10:36:13.962+0000] {logging_mixin.py:188} INFO - [2024-03-09T10:36:13.962+0000] {dag.py:3047} INFO - Sync 1 DAGs
[2024-03-09T10:36:13.975+0000] {logging_mixin.py:188} INFO - [2024-03-09T10:36:13.975+0000] {dag.py:3834} INFO - Setting next_dagrun for tutorial_dag to None, run_after=None
[2024-03-09T10:36:13.999+0000] {processor.py:183} INFO - Processing /home/airflow/.local/lib/python3.8/site-packages/airflow/example_dags/tutorial_dag.py took 0.068 seconds
[2024-03-09T10:36:44.184+0000] {processor.py:161} INFO - Started process (PID=733) to work on /home/airflow/.local/lib/python3.8/site-packages/airflow/example_dags/tutorial_dag.py
[2024-03-09T10:36:44.186+0000] {processor.py:830} INFO - Processing file /home/airflow/.local/lib/python3.8/site-packages/airflow/example_dags/tutorial_dag.py for tasks to queue
[2024-03-09T10:36:44.188+0000] {logging_mixin.py:188} INFO - [2024-03-09T10:36:44.188+0000] {dagbag.py:540} INFO - Filling up the DagBag from /home/airflow/.local/lib/python3.8/site-packages/airflow/example_dags/tutorial_dag.py
[2024-03-09T10:36:44.194+0000] {processor.py:840} INFO - DAG(s) 'tutorial_dag' retrieved from /home/airflow/.local/lib/python3.8/site-packages/airflow/example_dags/tutorial_dag.py
[2024-03-09T10:36:44.218+0000] {logging_mixin.py:188} INFO - [2024-03-09T10:36:44.217+0000] {dag.py:3047} INFO - Sync 1 DAGs
[2024-03-09T10:36:44.232+0000] {logging_mixin.py:188} INFO - [2024-03-09T10:36:44.231+0000] {dag.py:3834} INFO - Setting next_dagrun for tutorial_dag to None, run_after=None
[2024-03-09T10:36:44.254+0000] {processor.py:183} INFO - Processing /home/airflow/.local/lib/python3.8/site-packages/airflow/example_dags/tutorial_dag.py took 0.073 seconds
[2024-03-09T10:37:15.106+0000] {processor.py:161} INFO - Started process (PID=788) to work on /home/airflow/.local/lib/python3.8/site-packages/airflow/example_dags/tutorial_dag.py
[2024-03-09T10:37:15.107+0000] {processor.py:830} INFO - Processing file /home/airflow/.local/lib/python3.8/site-packages/airflow/example_dags/tutorial_dag.py for tasks to queue
[2024-03-09T10:37:15.110+0000] {logging_mixin.py:188} INFO - [2024-03-09T10:37:15.110+0000] {dagbag.py:540} INFO - Filling up the DagBag from /home/airflow/.local/lib/python3.8/site-packages/airflow/example_dags/tutorial_dag.py
[2024-03-09T10:37:15.118+0000] {processor.py:840} INFO - DAG(s) 'tutorial_dag' retrieved from /home/airflow/.local/lib/python3.8/site-packages/airflow/example_dags/tutorial_dag.py
[2024-03-09T10:37:15.139+0000] {logging_mixin.py:188} INFO - [2024-03-09T10:37:15.139+0000] {dag.py:3047} INFO - Sync 1 DAGs
[2024-03-09T10:37:15.153+0000] {logging_mixin.py:188} INFO - [2024-03-09T10:37:15.153+0000] {dag.py:3834} INFO - Setting next_dagrun for tutorial_dag to None, run_after=None
[2024-03-09T10:37:15.180+0000] {processor.py:183} INFO - Processing /home/airflow/.local/lib/python3.8/site-packages/airflow/example_dags/tutorial_dag.py took 0.077 seconds
[2024-03-09T10:37:45.449+0000] {processor.py:161} INFO - Started process (PID=843) to work on /home/airflow/.local/lib/python3.8/site-packages/airflow/example_dags/tutorial_dag.py
[2024-03-09T10:37:45.450+0000] {processor.py:830} INFO - Processing file /home/airflow/.local/lib/python3.8/site-packages/airflow/example_dags/tutorial_dag.py for tasks to queue
[2024-03-09T10:37:45.452+0000] {logging_mixin.py:188} INFO - [2024-03-09T10:37:45.452+0000] {dagbag.py:540} INFO - Filling up the DagBag from /home/airflow/.local/lib/python3.8/site-packages/airflow/example_dags/tutorial_dag.py
[2024-03-09T10:37:45.458+0000] {processor.py:840} INFO - DAG(s) 'tutorial_dag' retrieved from /home/airflow/.local/lib/python3.8/site-packages/airflow/example_dags/tutorial_dag.py
[2024-03-09T10:37:45.480+0000] {logging_mixin.py:188} INFO - [2024-03-09T10:37:45.480+0000] {dag.py:3047} INFO - Sync 1 DAGs
[2024-03-09T10:37:45.493+0000] {logging_mixin.py:188} INFO - [2024-03-09T10:37:45.492+0000] {dag.py:3834} INFO - Setting next_dagrun for tutorial_dag to None, run_after=None
[2024-03-09T10:37:45.523+0000] {processor.py:183} INFO - Processing /home/airflow/.local/lib/python3.8/site-packages/airflow/example_dags/tutorial_dag.py took 0.077 seconds
[2024-03-09T10:38:16.202+0000] {processor.py:161} INFO - Started process (PID=898) to work on /home/airflow/.local/lib/python3.8/site-packages/airflow/example_dags/tutorial_dag.py
[2024-03-09T10:38:16.203+0000] {processor.py:830} INFO - Processing file /home/airflow/.local/lib/python3.8/site-packages/airflow/example_dags/tutorial_dag.py for tasks to queue
[2024-03-09T10:38:16.205+0000] {logging_mixin.py:188} INFO - [2024-03-09T10:38:16.205+0000] {dagbag.py:540} INFO - Filling up the DagBag from /home/airflow/.local/lib/python3.8/site-packages/airflow/example_dags/tutorial_dag.py
[2024-03-09T10:38:16.210+0000] {processor.py:840} INFO - DAG(s) 'tutorial_dag' retrieved from /home/airflow/.local/lib/python3.8/site-packages/airflow/example_dags/tutorial_dag.py
[2024-03-09T10:38:16.232+0000] {logging_mixin.py:188} INFO - [2024-03-09T10:38:16.231+0000] {dag.py:3047} INFO - Sync 1 DAGs
[2024-03-09T10:38:16.246+0000] {logging_mixin.py:188} INFO - [2024-03-09T10:38:16.245+0000] {dag.py:3834} INFO - Setting next_dagrun for tutorial_dag to None, run_after=None
[2024-03-09T10:38:16.269+0000] {processor.py:183} INFO - Processing /home/airflow/.local/lib/python3.8/site-packages/airflow/example_dags/tutorial_dag.py took 0.070 seconds
[2024-03-09T10:38:47.309+0000] {processor.py:161} INFO - Started process (PID=953) to work on /home/airflow/.local/lib/python3.8/site-packages/airflow/example_dags/tutorial_dag.py
[2024-03-09T10:38:47.311+0000] {processor.py:830} INFO - Processing file /home/airflow/.local/lib/python3.8/site-packages/airflow/example_dags/tutorial_dag.py for tasks to queue
[2024-03-09T10:38:47.315+0000] {logging_mixin.py:188} INFO - [2024-03-09T10:38:47.314+0000] {dagbag.py:540} INFO - Filling up the DagBag from /home/airflow/.local/lib/python3.8/site-packages/airflow/example_dags/tutorial_dag.py
[2024-03-09T10:38:47.322+0000] {processor.py:840} INFO - DAG(s) 'tutorial_dag' retrieved from /home/airflow/.local/lib/python3.8/site-packages/airflow/example_dags/tutorial_dag.py
[2024-03-09T10:38:47.349+0000] {logging_mixin.py:188} INFO - [2024-03-09T10:38:47.349+0000] {dag.py:3047} INFO - Sync 1 DAGs
[2024-03-09T10:38:47.387+0000] {logging_mixin.py:188} INFO - [2024-03-09T10:38:47.385+0000] {dag.py:3834} INFO - Setting next_dagrun for tutorial_dag to None, run_after=None
[2024-03-09T10:38:47.463+0000] {processor.py:183} INFO - Processing /home/airflow/.local/lib/python3.8/site-packages/airflow/example_dags/tutorial_dag.py took 0.158 seconds
[2024-03-09T10:39:18.939+0000] {processor.py:161} INFO - Started process (PID=1008) to work on /home/airflow/.local/lib/python3.8/site-packages/airflow/example_dags/tutorial_dag.py
[2024-03-09T10:39:18.941+0000] {processor.py:830} INFO - Processing file /home/airflow/.local/lib/python3.8/site-packages/airflow/example_dags/tutorial_dag.py for tasks to queue
[2024-03-09T10:39:18.945+0000] {logging_mixin.py:188} INFO - [2024-03-09T10:39:18.944+0000] {dagbag.py:540} INFO - Filling up the DagBag from /home/airflow/.local/lib/python3.8/site-packages/airflow/example_dags/tutorial_dag.py
[2024-03-09T10:39:18.965+0000] {processor.py:840} INFO - DAG(s) 'tutorial_dag' retrieved from /home/airflow/.local/lib/python3.8/site-packages/airflow/example_dags/tutorial_dag.py
[2024-03-09T10:39:19.023+0000] {logging_mixin.py:188} INFO - [2024-03-09T10:39:19.023+0000] {dag.py:3047} INFO - Sync 1 DAGs
[2024-03-09T10:39:19.054+0000] {logging_mixin.py:188} INFO - [2024-03-09T10:39:19.053+0000] {dag.py:3834} INFO - Setting next_dagrun for tutorial_dag to None, run_after=None
[2024-03-09T10:39:19.127+0000] {processor.py:183} INFO - Processing /home/airflow/.local/lib/python3.8/site-packages/airflow/example_dags/tutorial_dag.py took 0.192 seconds
[2024-03-09T10:39:49.315+0000] {processor.py:161} INFO - Started process (PID=1063) to work on /home/airflow/.local/lib/python3.8/site-packages/airflow/example_dags/tutorial_dag.py
[2024-03-09T10:39:49.317+0000] {processor.py:830} INFO - Processing file /home/airflow/.local/lib/python3.8/site-packages/airflow/example_dags/tutorial_dag.py for tasks to queue
[2024-03-09T10:39:49.319+0000] {logging_mixin.py:188} INFO - [2024-03-09T10:39:49.318+0000] {dagbag.py:540} INFO - Filling up the DagBag from /home/airflow/.local/lib/python3.8/site-packages/airflow/example_dags/tutorial_dag.py
[2024-03-09T10:39:49.325+0000] {processor.py:840} INFO - DAG(s) 'tutorial_dag' retrieved from /home/airflow/.local/lib/python3.8/site-packages/airflow/example_dags/tutorial_dag.py
[2024-03-09T10:39:49.349+0000] {logging_mixin.py:188} INFO - [2024-03-09T10:39:49.348+0000] {dag.py:3047} INFO - Sync 1 DAGs
[2024-03-09T10:39:49.363+0000] {logging_mixin.py:188} INFO - [2024-03-09T10:39:49.363+0000] {dag.py:3834} INFO - Setting next_dagrun for tutorial_dag to None, run_after=None
[2024-03-09T10:39:49.388+0000] {processor.py:183} INFO - Processing /home/airflow/.local/lib/python3.8/site-packages/airflow/example_dags/tutorial_dag.py took 0.076 seconds
[2024-03-09T10:40:19.470+0000] {processor.py:161} INFO - Started process (PID=1118) to work on /home/airflow/.local/lib/python3.8/site-packages/airflow/example_dags/tutorial_dag.py
[2024-03-09T10:40:19.472+0000] {processor.py:830} INFO - Processing file /home/airflow/.local/lib/python3.8/site-packages/airflow/example_dags/tutorial_dag.py for tasks to queue
[2024-03-09T10:40:19.476+0000] {logging_mixin.py:188} INFO - [2024-03-09T10:40:19.475+0000] {dagbag.py:540} INFO - Filling up the DagBag from /home/airflow/.local/lib/python3.8/site-packages/airflow/example_dags/tutorial_dag.py
[2024-03-09T10:40:19.484+0000] {processor.py:840} INFO - DAG(s) 'tutorial_dag' retrieved from /home/airflow/.local/lib/python3.8/site-packages/airflow/example_dags/tutorial_dag.py
[2024-03-09T10:40:19.507+0000] {logging_mixin.py:188} INFO - [2024-03-09T10:40:19.506+0000] {dag.py:3047} INFO - Sync 1 DAGs
[2024-03-09T10:40:19.520+0000] {logging_mixin.py:188} INFO - [2024-03-09T10:40:19.520+0000] {dag.py:3834} INFO - Setting next_dagrun for tutorial_dag to None, run_after=None
[2024-03-09T10:40:19.551+0000] {processor.py:183} INFO - Processing /home/airflow/.local/lib/python3.8/site-packages/airflow/example_dags/tutorial_dag.py took 0.088 seconds
[2024-03-09T10:40:50.188+0000] {processor.py:161} INFO - Started process (PID=1173) to work on /home/airflow/.local/lib/python3.8/site-packages/airflow/example_dags/tutorial_dag.py
[2024-03-09T10:40:50.192+0000] {processor.py:830} INFO - Processing file /home/airflow/.local/lib/python3.8/site-packages/airflow/example_dags/tutorial_dag.py for tasks to queue
[2024-03-09T10:40:50.197+0000] {logging_mixin.py:188} INFO - [2024-03-09T10:40:50.196+0000] {dagbag.py:540} INFO - Filling up the DagBag from /home/airflow/.local/lib/python3.8/site-packages/airflow/example_dags/tutorial_dag.py
[2024-03-09T10:40:50.203+0000] {processor.py:840} INFO - DAG(s) 'tutorial_dag' retrieved from /home/airflow/.local/lib/python3.8/site-packages/airflow/example_dags/tutorial_dag.py
[2024-03-09T10:40:50.230+0000] {logging_mixin.py:188} INFO - [2024-03-09T10:40:50.229+0000] {dag.py:3047} INFO - Sync 1 DAGs
[2024-03-09T10:40:50.246+0000] {logging_mixin.py:188} INFO - [2024-03-09T10:40:50.246+0000] {dag.py:3834} INFO - Setting next_dagrun for tutorial_dag to None, run_after=None
[2024-03-09T10:40:50.274+0000] {processor.py:183} INFO - Processing /home/airflow/.local/lib/python3.8/site-packages/airflow/example_dags/tutorial_dag.py took 0.091 seconds
[2024-03-09T10:41:21.107+0000] {processor.py:161} INFO - Started process (PID=1228) to work on /home/airflow/.local/lib/python3.8/site-packages/airflow/example_dags/tutorial_dag.py
[2024-03-09T10:41:21.109+0000] {processor.py:830} INFO - Processing file /home/airflow/.local/lib/python3.8/site-packages/airflow/example_dags/tutorial_dag.py for tasks to queue
[2024-03-09T10:41:21.111+0000] {logging_mixin.py:188} INFO - [2024-03-09T10:41:21.111+0000] {dagbag.py:540} INFO - Filling up the DagBag from /home/airflow/.local/lib/python3.8/site-packages/airflow/example_dags/tutorial_dag.py
[2024-03-09T10:41:21.118+0000] {processor.py:840} INFO - DAG(s) 'tutorial_dag' retrieved from /home/airflow/.local/lib/python3.8/site-packages/airflow/example_dags/tutorial_dag.py
[2024-03-09T10:41:21.140+0000] {logging_mixin.py:188} INFO - [2024-03-09T10:41:21.140+0000] {dag.py:3047} INFO - Sync 1 DAGs
[2024-03-09T10:41:21.157+0000] {logging_mixin.py:188} INFO - [2024-03-09T10:41:21.156+0000] {dag.py:3834} INFO - Setting next_dagrun for tutorial_dag to None, run_after=None
[2024-03-09T10:41:21.182+0000] {processor.py:183} INFO - Processing /home/airflow/.local/lib/python3.8/site-packages/airflow/example_dags/tutorial_dag.py took 0.078 seconds
[2024-03-09T10:41:51.366+0000] {processor.py:161} INFO - Started process (PID=1283) to work on /home/airflow/.local/lib/python3.8/site-packages/airflow/example_dags/tutorial_dag.py
[2024-03-09T10:41:51.367+0000] {processor.py:830} INFO - Processing file /home/airflow/.local/lib/python3.8/site-packages/airflow/example_dags/tutorial_dag.py for tasks to queue
[2024-03-09T10:41:51.369+0000] {logging_mixin.py:188} INFO - [2024-03-09T10:41:51.369+0000] {dagbag.py:540} INFO - Filling up the DagBag from /home/airflow/.local/lib/python3.8/site-packages/airflow/example_dags/tutorial_dag.py
[2024-03-09T10:41:51.374+0000] {processor.py:840} INFO - DAG(s) 'tutorial_dag' retrieved from /home/airflow/.local/lib/python3.8/site-packages/airflow/example_dags/tutorial_dag.py
[2024-03-09T10:41:51.396+0000] {logging_mixin.py:188} INFO - [2024-03-09T10:41:51.395+0000] {dag.py:3047} INFO - Sync 1 DAGs
[2024-03-09T10:41:51.409+0000] {logging_mixin.py:188} INFO - [2024-03-09T10:41:51.409+0000] {dag.py:3834} INFO - Setting next_dagrun for tutorial_dag to None, run_after=None
[2024-03-09T10:41:51.436+0000] {processor.py:183} INFO - Processing /home/airflow/.local/lib/python3.8/site-packages/airflow/example_dags/tutorial_dag.py took 0.073 seconds
[2024-03-09T10:42:21.596+0000] {processor.py:161} INFO - Started process (PID=1338) to work on /home/airflow/.local/lib/python3.8/site-packages/airflow/example_dags/tutorial_dag.py
[2024-03-09T10:42:21.598+0000] {processor.py:830} INFO - Processing file /home/airflow/.local/lib/python3.8/site-packages/airflow/example_dags/tutorial_dag.py for tasks to queue
[2024-03-09T10:42:21.600+0000] {logging_mixin.py:188} INFO - [2024-03-09T10:42:21.600+0000] {dagbag.py:540} INFO - Filling up the DagBag from /home/airflow/.local/lib/python3.8/site-packages/airflow/example_dags/tutorial_dag.py
[2024-03-09T10:42:21.609+0000] {processor.py:840} INFO - DAG(s) 'tutorial_dag' retrieved from /home/airflow/.local/lib/python3.8/site-packages/airflow/example_dags/tutorial_dag.py
[2024-03-09T10:42:21.641+0000] {logging_mixin.py:188} INFO - [2024-03-09T10:42:21.641+0000] {dag.py:3047} INFO - Sync 1 DAGs
[2024-03-09T10:42:21.667+0000] {logging_mixin.py:188} INFO - [2024-03-09T10:42:21.666+0000] {dag.py:3834} INFO - Setting next_dagrun for tutorial_dag to None, run_after=None
[2024-03-09T10:42:21.693+0000] {processor.py:183} INFO - Processing /home/airflow/.local/lib/python3.8/site-packages/airflow/example_dags/tutorial_dag.py took 0.100 seconds
[2024-03-09T10:42:51.883+0000] {processor.py:161} INFO - Started process (PID=1393) to work on /home/airflow/.local/lib/python3.8/site-packages/airflow/example_dags/tutorial_dag.py
[2024-03-09T10:42:51.885+0000] {processor.py:830} INFO - Processing file /home/airflow/.local/lib/python3.8/site-packages/airflow/example_dags/tutorial_dag.py for tasks to queue
[2024-03-09T10:42:51.887+0000] {logging_mixin.py:188} INFO - [2024-03-09T10:42:51.886+0000] {dagbag.py:540} INFO - Filling up the DagBag from /home/airflow/.local/lib/python3.8/site-packages/airflow/example_dags/tutorial_dag.py
[2024-03-09T10:42:51.891+0000] {processor.py:840} INFO - DAG(s) 'tutorial_dag' retrieved from /home/airflow/.local/lib/python3.8/site-packages/airflow/example_dags/tutorial_dag.py
[2024-03-09T10:42:51.912+0000] {logging_mixin.py:188} INFO - [2024-03-09T10:42:51.912+0000] {dag.py:3047} INFO - Sync 1 DAGs
[2024-03-09T10:42:51.937+0000] {logging_mixin.py:188} INFO - [2024-03-09T10:42:51.936+0000] {dag.py:3834} INFO - Setting next_dagrun for tutorial_dag to None, run_after=None
[2024-03-09T10:42:51.977+0000] {processor.py:183} INFO - Processing /home/airflow/.local/lib/python3.8/site-packages/airflow/example_dags/tutorial_dag.py took 0.097 seconds
[2024-03-09T10:43:22.346+0000] {processor.py:161} INFO - Started process (PID=1454) to work on /home/airflow/.local/lib/python3.8/site-packages/airflow/example_dags/tutorial_dag.py
[2024-03-09T10:43:22.347+0000] {processor.py:830} INFO - Processing file /home/airflow/.local/lib/python3.8/site-packages/airflow/example_dags/tutorial_dag.py for tasks to queue
[2024-03-09T10:43:22.349+0000] {logging_mixin.py:188} INFO - [2024-03-09T10:43:22.349+0000] {dagbag.py:540} INFO - Filling up the DagBag from /home/airflow/.local/lib/python3.8/site-packages/airflow/example_dags/tutorial_dag.py
[2024-03-09T10:43:22.354+0000] {processor.py:840} INFO - DAG(s) 'tutorial_dag' retrieved from /home/airflow/.local/lib/python3.8/site-packages/airflow/example_dags/tutorial_dag.py
[2024-03-09T10:43:22.381+0000] {logging_mixin.py:188} INFO - [2024-03-09T10:43:22.380+0000] {dag.py:3047} INFO - Sync 1 DAGs
[2024-03-09T10:43:22.396+0000] {logging_mixin.py:188} INFO - [2024-03-09T10:43:22.396+0000] {dag.py:3834} INFO - Setting next_dagrun for tutorial_dag to None, run_after=None
[2024-03-09T10:43:22.437+0000] {processor.py:183} INFO - Processing /home/airflow/.local/lib/python3.8/site-packages/airflow/example_dags/tutorial_dag.py took 0.094 seconds
[2024-03-09T10:43:52.637+0000] {processor.py:161} INFO - Started process (PID=1509) to work on /home/airflow/.local/lib/python3.8/site-packages/airflow/example_dags/tutorial_dag.py
[2024-03-09T10:43:52.639+0000] {processor.py:830} INFO - Processing file /home/airflow/.local/lib/python3.8/site-packages/airflow/example_dags/tutorial_dag.py for tasks to queue
[2024-03-09T10:43:52.643+0000] {logging_mixin.py:188} INFO - [2024-03-09T10:43:52.642+0000] {dagbag.py:540} INFO - Filling up the DagBag from /home/airflow/.local/lib/python3.8/site-packages/airflow/example_dags/tutorial_dag.py
[2024-03-09T10:43:52.654+0000] {processor.py:840} INFO - DAG(s) 'tutorial_dag' retrieved from /home/airflow/.local/lib/python3.8/site-packages/airflow/example_dags/tutorial_dag.py
[2024-03-09T10:43:52.679+0000] {logging_mixin.py:188} INFO - [2024-03-09T10:43:52.678+0000] {dag.py:3047} INFO - Sync 1 DAGs
[2024-03-09T10:43:52.704+0000] {logging_mixin.py:188} INFO - [2024-03-09T10:43:52.704+0000] {dag.py:3834} INFO - Setting next_dagrun for tutorial_dag to None, run_after=None
[2024-03-09T10:43:52.732+0000] {processor.py:183} INFO - Processing /home/airflow/.local/lib/python3.8/site-packages/airflow/example_dags/tutorial_dag.py took 0.097 seconds
[2024-03-09T10:44:22.939+0000] {processor.py:161} INFO - Started process (PID=1564) to work on /home/airflow/.local/lib/python3.8/site-packages/airflow/example_dags/tutorial_dag.py
[2024-03-09T10:44:22.940+0000] {processor.py:830} INFO - Processing file /home/airflow/.local/lib/python3.8/site-packages/airflow/example_dags/tutorial_dag.py for tasks to queue
[2024-03-09T10:44:22.942+0000] {logging_mixin.py:188} INFO - [2024-03-09T10:44:22.942+0000] {dagbag.py:540} INFO - Filling up the DagBag from /home/airflow/.local/lib/python3.8/site-packages/airflow/example_dags/tutorial_dag.py
[2024-03-09T10:44:22.947+0000] {processor.py:840} INFO - DAG(s) 'tutorial_dag' retrieved from /home/airflow/.local/lib/python3.8/site-packages/airflow/example_dags/tutorial_dag.py
[2024-03-09T10:44:22.969+0000] {logging_mixin.py:188} INFO - [2024-03-09T10:44:22.969+0000] {dag.py:3047} INFO - Sync 1 DAGs
[2024-03-09T10:44:22.982+0000] {logging_mixin.py:188} INFO - [2024-03-09T10:44:22.982+0000] {dag.py:3834} INFO - Setting next_dagrun for tutorial_dag to None, run_after=None
[2024-03-09T10:44:23.010+0000] {processor.py:183} INFO - Processing /home/airflow/.local/lib/python3.8/site-packages/airflow/example_dags/tutorial_dag.py took 0.074 seconds
[2024-03-09T10:44:53.211+0000] {processor.py:161} INFO - Started process (PID=1619) to work on /home/airflow/.local/lib/python3.8/site-packages/airflow/example_dags/tutorial_dag.py
[2024-03-09T10:44:53.212+0000] {processor.py:830} INFO - Processing file /home/airflow/.local/lib/python3.8/site-packages/airflow/example_dags/tutorial_dag.py for tasks to queue
[2024-03-09T10:44:53.214+0000] {logging_mixin.py:188} INFO - [2024-03-09T10:44:53.213+0000] {dagbag.py:540} INFO - Filling up the DagBag from /home/airflow/.local/lib/python3.8/site-packages/airflow/example_dags/tutorial_dag.py
[2024-03-09T10:44:53.219+0000] {processor.py:840} INFO - DAG(s) 'tutorial_dag' retrieved from /home/airflow/.local/lib/python3.8/site-packages/airflow/example_dags/tutorial_dag.py
[2024-03-09T10:44:53.238+0000] {logging_mixin.py:188} INFO - [2024-03-09T10:44:53.238+0000] {dag.py:3047} INFO - Sync 1 DAGs
[2024-03-09T10:44:53.251+0000] {logging_mixin.py:188} INFO - [2024-03-09T10:44:53.251+0000] {dag.py:3834} INFO - Setting next_dagrun for tutorial_dag to None, run_after=None
[2024-03-09T10:44:53.289+0000] {processor.py:183} INFO - Processing /home/airflow/.local/lib/python3.8/site-packages/airflow/example_dags/tutorial_dag.py took 0.082 seconds
[2024-03-09T10:45:23.630+0000] {processor.py:161} INFO - Started process (PID=1674) to work on /home/airflow/.local/lib/python3.8/site-packages/airflow/example_dags/tutorial_dag.py
[2024-03-09T10:45:23.632+0000] {processor.py:830} INFO - Processing file /home/airflow/.local/lib/python3.8/site-packages/airflow/example_dags/tutorial_dag.py for tasks to queue
[2024-03-09T10:45:23.635+0000] {logging_mixin.py:188} INFO - [2024-03-09T10:45:23.634+0000] {dagbag.py:540} INFO - Filling up the DagBag from /home/airflow/.local/lib/python3.8/site-packages/airflow/example_dags/tutorial_dag.py
[2024-03-09T10:45:23.643+0000] {processor.py:840} INFO - DAG(s) 'tutorial_dag' retrieved from /home/airflow/.local/lib/python3.8/site-packages/airflow/example_dags/tutorial_dag.py
[2024-03-09T10:45:23.675+0000] {logging_mixin.py:188} INFO - [2024-03-09T10:45:23.675+0000] {dag.py:3047} INFO - Sync 1 DAGs
[2024-03-09T10:45:23.699+0000] {logging_mixin.py:188} INFO - [2024-03-09T10:45:23.698+0000] {dag.py:3834} INFO - Setting next_dagrun for tutorial_dag to None, run_after=None
[2024-03-09T10:45:23.813+0000] {processor.py:183} INFO - Processing /home/airflow/.local/lib/python3.8/site-packages/airflow/example_dags/tutorial_dag.py took 0.188 seconds
[2024-03-09T10:45:54.092+0000] {processor.py:161} INFO - Started process (PID=1729) to work on /home/airflow/.local/lib/python3.8/site-packages/airflow/example_dags/tutorial_dag.py
[2024-03-09T10:45:54.093+0000] {processor.py:830} INFO - Processing file /home/airflow/.local/lib/python3.8/site-packages/airflow/example_dags/tutorial_dag.py for tasks to queue
[2024-03-09T10:45:54.095+0000] {logging_mixin.py:188} INFO - [2024-03-09T10:45:54.095+0000] {dagbag.py:540} INFO - Filling up the DagBag from /home/airflow/.local/lib/python3.8/site-packages/airflow/example_dags/tutorial_dag.py
[2024-03-09T10:45:54.102+0000] {processor.py:840} INFO - DAG(s) 'tutorial_dag' retrieved from /home/airflow/.local/lib/python3.8/site-packages/airflow/example_dags/tutorial_dag.py
[2024-03-09T10:45:54.134+0000] {logging_mixin.py:188} INFO - [2024-03-09T10:45:54.134+0000] {dag.py:3047} INFO - Sync 1 DAGs
[2024-03-09T10:45:54.151+0000] {logging_mixin.py:188} INFO - [2024-03-09T10:45:54.150+0000] {dag.py:3834} INFO - Setting next_dagrun for tutorial_dag to None, run_after=None
[2024-03-09T10:45:54.237+0000] {processor.py:183} INFO - Processing /home/airflow/.local/lib/python3.8/site-packages/airflow/example_dags/tutorial_dag.py took 0.150 seconds
